[2022-06-08 09:24:32,908] {taskinstance.py:1159} INFO - Dependencies all met for <TaskInstance: spotify_dag.Whole_Spotify_ETL scheduled__2022-06-08T04:04:00+00:00 [queued]>
[2022-06-08 09:24:32,921] {taskinstance.py:1159} INFO - Dependencies all met for <TaskInstance: spotify_dag.Whole_Spotify_ETL scheduled__2022-06-08T04:04:00+00:00 [queued]>
[2022-06-08 09:24:32,921] {taskinstance.py:1356} INFO - 
--------------------------------------------------------------------------------
[2022-06-08 09:24:32,921] {taskinstance.py:1357} INFO - Starting attempt 1 of 2
[2022-06-08 09:24:32,921] {taskinstance.py:1358} INFO - 
--------------------------------------------------------------------------------
[2022-06-08 09:24:32,944] {taskinstance.py:1377} INFO - Executing <Task(PythonOperator): Whole_Spotify_ETL> on 2022-06-08 04:04:00+00:00
[2022-06-08 09:24:32,948] {standard_task_runner.py:52} INFO - Started process 33689 to run task
[2022-06-08 09:24:32,954] {standard_task_runner.py:79} INFO - Running: ['airflow', 'tasks', 'run', 'spotify_dag', 'Whole_Spotify_ETL', 'scheduled__2022-06-08T04:04:00+00:00', '--job-id', '250', '--raw', '--subdir', 'DAGS_FOLDER/spotify_dag.py', '--cfg-path', '/tmp/tmpy3056vdb', '--error-file', '/tmp/tmp2yq_en45']
[2022-06-08 09:24:32,955] {standard_task_runner.py:80} INFO - Job 250: Subtask Whole_Spotify_ETL
[2022-06-08 09:24:33,030] {task_command.py:370} INFO - Running <TaskInstance: spotify_dag.Whole_Spotify_ETL scheduled__2022-06-08T04:04:00+00:00 [running]> on host kubernetes-worker
[2022-06-08 09:24:33,183] {taskinstance.py:1569} INFO - Exporting the following env vars:
AIRFLOW_CTX_DAG_EMAIL=wabuyajames@gmail.com
AIRFLOW_CTX_DAG_OWNER=airflow
AIRFLOW_CTX_DAG_ID=spotify_dag
AIRFLOW_CTX_TASK_ID=Whole_Spotify_ETL
AIRFLOW_CTX_EXECUTION_DATE=2022-06-08T04:04:00+00:00
AIRFLOW_CTX_TRY_NUMBER=1
AIRFLOW_CTX_DAG_RUN_ID=scheduled__2022-06-08T04:04:00+00:00
[2022-06-08 09:24:33,186] {logging_mixin.py:115} INFO - Show Tasks:
[2022-06-08 09:24:33,186] {python.py:173} INFO - Done. Returned value was: None
[2022-06-08 09:24:33,224] {taskinstance.py:1395} INFO - Marking task as SUCCESS. dag_id=spotify_dag, task_id=Whole_Spotify_ETL, execution_date=20220608T040400, start_date=20220608T062432, end_date=20220608T062433
[2022-06-08 09:24:33,286] {local_task_job.py:156} INFO - Task exited with return code 0
[2022-06-08 09:24:33,319] {local_task_job.py:273} INFO - 0 downstream tasks scheduled from follow-on schedule check
