[2022-06-08 09:04:15,158] {processor.py:153} INFO - Started process (PID=23807) to work on /home/james/airflowa/lib/python3.8/site-packages/airflow/example_dags/example_branch_day_of_week_operator.py
[2022-06-08 09:04:15,159] {processor.py:641} INFO - Processing file /home/james/airflowa/lib/python3.8/site-packages/airflow/example_dags/example_branch_day_of_week_operator.py for tasks to queue
[2022-06-08 09:04:15,160] {logging_mixin.py:115} INFO - [2022-06-08 09:04:15,159] {dagbag.py:507} INFO - Filling up the DagBag from /home/james/airflowa/lib/python3.8/site-packages/airflow/example_dags/example_branch_day_of_week_operator.py
[2022-06-08 09:04:15,178] {processor.py:651} INFO - DAG(s) dict_keys(['example_weekday_branch_operator']) retrieved from /home/james/airflowa/lib/python3.8/site-packages/airflow/example_dags/example_branch_day_of_week_operator.py
[2022-06-08 09:04:15,214] {logging_mixin.py:115} INFO - [2022-06-08 09:04:15,214] {dag.py:2379} INFO - Sync 1 DAGs
[2022-06-08 09:04:15,259] {logging_mixin.py:115} INFO - [2022-06-08 09:04:15,259] {dag.py:2927} INFO - Setting next_dagrun for example_weekday_branch_operator to 2022-06-07T00:00:00+00:00, run_after=2022-06-08T00:00:00+00:00
[2022-06-08 09:04:15,295] {processor.py:161} INFO - Processing /home/james/airflowa/lib/python3.8/site-packages/airflow/example_dags/example_branch_day_of_week_operator.py took 0.142 seconds
[2022-06-08 09:04:50,342] {processor.py:153} INFO - Started process (PID=23960) to work on /home/james/airflowa/lib/python3.8/site-packages/airflow/example_dags/example_branch_day_of_week_operator.py
[2022-06-08 09:04:50,342] {processor.py:641} INFO - Processing file /home/james/airflowa/lib/python3.8/site-packages/airflow/example_dags/example_branch_day_of_week_operator.py for tasks to queue
[2022-06-08 09:04:50,343] {logging_mixin.py:115} INFO - [2022-06-08 09:04:50,343] {dagbag.py:507} INFO - Filling up the DagBag from /home/james/airflowa/lib/python3.8/site-packages/airflow/example_dags/example_branch_day_of_week_operator.py
[2022-06-08 09:04:50,349] {processor.py:651} INFO - DAG(s) dict_keys(['example_weekday_branch_operator']) retrieved from /home/james/airflowa/lib/python3.8/site-packages/airflow/example_dags/example_branch_day_of_week_operator.py
[2022-06-08 09:04:50,362] {logging_mixin.py:115} INFO - [2022-06-08 09:04:50,362] {dag.py:2379} INFO - Sync 1 DAGs
[2022-06-08 09:04:50,382] {logging_mixin.py:115} INFO - [2022-06-08 09:04:50,381] {dag.py:2927} INFO - Setting next_dagrun for example_weekday_branch_operator to 2022-06-07T00:00:00+00:00, run_after=2022-06-08T00:00:00+00:00
[2022-06-08 09:04:50,392] {processor.py:161} INFO - Processing /home/james/airflowa/lib/python3.8/site-packages/airflow/example_dags/example_branch_day_of_week_operator.py took 0.052 seconds
[2022-06-08 09:05:53,925] {processor.py:153} INFO - Started process (PID=24502) to work on /home/james/airflowa/lib/python3.8/site-packages/airflow/example_dags/example_branch_day_of_week_operator.py
[2022-06-08 09:05:53,926] {processor.py:641} INFO - Processing file /home/james/airflowa/lib/python3.8/site-packages/airflow/example_dags/example_branch_day_of_week_operator.py for tasks to queue
[2022-06-08 09:05:53,926] {logging_mixin.py:115} INFO - [2022-06-08 09:05:53,926] {dagbag.py:507} INFO - Filling up the DagBag from /home/james/airflowa/lib/python3.8/site-packages/airflow/example_dags/example_branch_day_of_week_operator.py
[2022-06-08 09:05:53,934] {processor.py:651} INFO - DAG(s) dict_keys(['example_weekday_branch_operator']) retrieved from /home/james/airflowa/lib/python3.8/site-packages/airflow/example_dags/example_branch_day_of_week_operator.py
[2022-06-08 09:05:53,949] {logging_mixin.py:115} INFO - [2022-06-08 09:05:53,949] {dag.py:2379} INFO - Sync 1 DAGs
[2022-06-08 09:05:53,969] {logging_mixin.py:115} INFO - [2022-06-08 09:05:53,969] {dag.py:2927} INFO - Setting next_dagrun for example_weekday_branch_operator to 2022-06-07T00:00:00+00:00, run_after=2022-06-08T00:00:00+00:00
[2022-06-08 09:05:53,984] {processor.py:161} INFO - Processing /home/james/airflowa/lib/python3.8/site-packages/airflow/example_dags/example_branch_day_of_week_operator.py took 0.063 seconds
[2022-06-08 09:07:19,094] {processor.py:153} INFO - Started process (PID=25127) to work on /home/james/airflowa/lib/python3.8/site-packages/airflow/example_dags/example_branch_day_of_week_operator.py
[2022-06-08 09:07:19,095] {processor.py:641} INFO - Processing file /home/james/airflowa/lib/python3.8/site-packages/airflow/example_dags/example_branch_day_of_week_operator.py for tasks to queue
[2022-06-08 09:07:19,096] {logging_mixin.py:115} INFO - [2022-06-08 09:07:19,095] {dagbag.py:507} INFO - Filling up the DagBag from /home/james/airflowa/lib/python3.8/site-packages/airflow/example_dags/example_branch_day_of_week_operator.py
[2022-06-08 09:07:19,106] {processor.py:651} INFO - DAG(s) dict_keys(['example_weekday_branch_operator']) retrieved from /home/james/airflowa/lib/python3.8/site-packages/airflow/example_dags/example_branch_day_of_week_operator.py
[2022-06-08 09:07:19,127] {logging_mixin.py:115} INFO - [2022-06-08 09:07:19,126] {dag.py:2379} INFO - Sync 1 DAGs
[2022-06-08 09:07:19,154] {logging_mixin.py:115} INFO - [2022-06-08 09:07:19,153] {dag.py:2927} INFO - Setting next_dagrun for example_weekday_branch_operator to 2022-06-07T00:00:00+00:00, run_after=2022-06-08T00:00:00+00:00
[2022-06-08 09:07:19,168] {processor.py:161} INFO - Processing /home/james/airflowa/lib/python3.8/site-packages/airflow/example_dags/example_branch_day_of_week_operator.py took 0.078 seconds
[2022-06-08 09:08:53,980] {processor.py:153} INFO - Started process (PID=25695) to work on /home/james/airflowa/lib/python3.8/site-packages/airflow/example_dags/example_branch_day_of_week_operator.py
[2022-06-08 09:08:53,981] {processor.py:641} INFO - Processing file /home/james/airflowa/lib/python3.8/site-packages/airflow/example_dags/example_branch_day_of_week_operator.py for tasks to queue
[2022-06-08 09:08:53,981] {logging_mixin.py:115} INFO - [2022-06-08 09:08:53,981] {dagbag.py:507} INFO - Filling up the DagBag from /home/james/airflowa/lib/python3.8/site-packages/airflow/example_dags/example_branch_day_of_week_operator.py
[2022-06-08 09:08:53,992] {processor.py:651} INFO - DAG(s) dict_keys(['example_weekday_branch_operator']) retrieved from /home/james/airflowa/lib/python3.8/site-packages/airflow/example_dags/example_branch_day_of_week_operator.py
[2022-06-08 09:08:54,018] {logging_mixin.py:115} INFO - [2022-06-08 09:08:54,018] {dag.py:2379} INFO - Sync 1 DAGs
[2022-06-08 09:08:54,044] {logging_mixin.py:115} INFO - [2022-06-08 09:08:54,043] {dag.py:2927} INFO - Setting next_dagrun for example_weekday_branch_operator to 2022-06-07T00:00:00+00:00, run_after=2022-06-08T00:00:00+00:00
[2022-06-08 09:08:54,061] {processor.py:161} INFO - Processing /home/james/airflowa/lib/python3.8/site-packages/airflow/example_dags/example_branch_day_of_week_operator.py took 0.084 seconds
[2022-06-08 09:10:45,723] {processor.py:153} INFO - Started process (PID=26853) to work on /home/james/airflowa/lib/python3.8/site-packages/airflow/example_dags/example_branch_day_of_week_operator.py
[2022-06-08 09:10:45,724] {processor.py:641} INFO - Processing file /home/james/airflowa/lib/python3.8/site-packages/airflow/example_dags/example_branch_day_of_week_operator.py for tasks to queue
[2022-06-08 09:10:45,726] {logging_mixin.py:115} INFO - [2022-06-08 09:10:45,726] {dagbag.py:507} INFO - Filling up the DagBag from /home/james/airflowa/lib/python3.8/site-packages/airflow/example_dags/example_branch_day_of_week_operator.py
[2022-06-08 09:10:45,740] {processor.py:651} INFO - DAG(s) dict_keys(['example_weekday_branch_operator']) retrieved from /home/james/airflowa/lib/python3.8/site-packages/airflow/example_dags/example_branch_day_of_week_operator.py
[2022-06-08 09:10:45,766] {logging_mixin.py:115} INFO - [2022-06-08 09:10:45,766] {dag.py:2379} INFO - Sync 1 DAGs
[2022-06-08 09:10:45,799] {logging_mixin.py:115} INFO - [2022-06-08 09:10:45,798] {dag.py:2927} INFO - Setting next_dagrun for example_weekday_branch_operator to 2022-06-07T00:00:00+00:00, run_after=2022-06-08T00:00:00+00:00
[2022-06-08 09:10:45,816] {processor.py:161} INFO - Processing /home/james/airflowa/lib/python3.8/site-packages/airflow/example_dags/example_branch_day_of_week_operator.py took 0.098 seconds
[2022-06-08 09:13:43,220] {processor.py:153} INFO - Started process (PID=27847) to work on /home/james/airflowa/lib/python3.8/site-packages/airflow/example_dags/example_branch_day_of_week_operator.py
[2022-06-08 09:13:43,234] {processor.py:641} INFO - Processing file /home/james/airflowa/lib/python3.8/site-packages/airflow/example_dags/example_branch_day_of_week_operator.py for tasks to queue
[2022-06-08 09:13:43,236] {logging_mixin.py:115} INFO - [2022-06-08 09:13:43,235] {dagbag.py:507} INFO - Filling up the DagBag from /home/james/airflowa/lib/python3.8/site-packages/airflow/example_dags/example_branch_day_of_week_operator.py
[2022-06-08 09:13:43,257] {processor.py:651} INFO - DAG(s) dict_keys(['example_weekday_branch_operator']) retrieved from /home/james/airflowa/lib/python3.8/site-packages/airflow/example_dags/example_branch_day_of_week_operator.py
[2022-06-08 09:13:43,293] {logging_mixin.py:115} INFO - [2022-06-08 09:13:43,293] {dag.py:2379} INFO - Sync 1 DAGs
[2022-06-08 09:13:43,347] {logging_mixin.py:115} INFO - [2022-06-08 09:13:43,346] {dag.py:2927} INFO - Setting next_dagrun for example_weekday_branch_operator to 2022-06-07T00:00:00+00:00, run_after=2022-06-08T00:00:00+00:00
[2022-06-08 09:13:43,380] {processor.py:161} INFO - Processing /home/james/airflowa/lib/python3.8/site-packages/airflow/example_dags/example_branch_day_of_week_operator.py took 0.166 seconds
[2022-06-08 09:17:14,051] {processor.py:153} INFO - Started process (PID=29875) to work on /home/james/airflowa/lib/python3.8/site-packages/airflow/example_dags/example_branch_day_of_week_operator.py
[2022-06-08 09:17:14,052] {processor.py:641} INFO - Processing file /home/james/airflowa/lib/python3.8/site-packages/airflow/example_dags/example_branch_day_of_week_operator.py for tasks to queue
[2022-06-08 09:17:14,052] {logging_mixin.py:115} INFO - [2022-06-08 09:17:14,052] {dagbag.py:507} INFO - Filling up the DagBag from /home/james/airflowa/lib/python3.8/site-packages/airflow/example_dags/example_branch_day_of_week_operator.py
[2022-06-08 09:17:14,066] {processor.py:651} INFO - DAG(s) dict_keys(['example_weekday_branch_operator']) retrieved from /home/james/airflowa/lib/python3.8/site-packages/airflow/example_dags/example_branch_day_of_week_operator.py
[2022-06-08 09:17:14,092] {logging_mixin.py:115} INFO - [2022-06-08 09:17:14,092] {dag.py:2379} INFO - Sync 1 DAGs
[2022-06-08 09:17:14,119] {logging_mixin.py:115} INFO - [2022-06-08 09:17:14,118] {dag.py:2927} INFO - Setting next_dagrun for example_weekday_branch_operator to 2022-06-07T00:00:00+00:00, run_after=2022-06-08T00:00:00+00:00
[2022-06-08 09:17:14,134] {processor.py:161} INFO - Processing /home/james/airflowa/lib/python3.8/site-packages/airflow/example_dags/example_branch_day_of_week_operator.py took 0.087 seconds
[2022-06-08 09:21:09,476] {processor.py:153} INFO - Started process (PID=32269) to work on /home/james/airflowa/lib/python3.8/site-packages/airflow/example_dags/example_branch_day_of_week_operator.py
[2022-06-08 09:21:09,477] {processor.py:641} INFO - Processing file /home/james/airflowa/lib/python3.8/site-packages/airflow/example_dags/example_branch_day_of_week_operator.py for tasks to queue
[2022-06-08 09:21:09,486] {logging_mixin.py:115} INFO - [2022-06-08 09:21:09,486] {dagbag.py:507} INFO - Filling up the DagBag from /home/james/airflowa/lib/python3.8/site-packages/airflow/example_dags/example_branch_day_of_week_operator.py
[2022-06-08 09:21:09,522] {processor.py:651} INFO - DAG(s) dict_keys(['example_weekday_branch_operator']) retrieved from /home/james/airflowa/lib/python3.8/site-packages/airflow/example_dags/example_branch_day_of_week_operator.py
[2022-06-08 09:21:09,575] {logging_mixin.py:115} INFO - [2022-06-08 09:21:09,574] {dag.py:2379} INFO - Sync 1 DAGs
[2022-06-08 09:21:09,633] {logging_mixin.py:115} INFO - [2022-06-08 09:21:09,633] {dag.py:2927} INFO - Setting next_dagrun for example_weekday_branch_operator to 2022-06-07T00:00:00+00:00, run_after=2022-06-08T00:00:00+00:00
[2022-06-08 09:21:09,669] {processor.py:161} INFO - Processing /home/james/airflowa/lib/python3.8/site-packages/airflow/example_dags/example_branch_day_of_week_operator.py took 0.205 seconds
[2022-06-08 09:25:26,007] {processor.py:153} INFO - Started process (PID=33929) to work on /home/james/airflowa/lib/python3.8/site-packages/airflow/example_dags/example_branch_day_of_week_operator.py
[2022-06-08 09:25:26,008] {processor.py:641} INFO - Processing file /home/james/airflowa/lib/python3.8/site-packages/airflow/example_dags/example_branch_day_of_week_operator.py for tasks to queue
[2022-06-08 09:25:26,009] {logging_mixin.py:115} INFO - [2022-06-08 09:25:26,009] {dagbag.py:507} INFO - Filling up the DagBag from /home/james/airflowa/lib/python3.8/site-packages/airflow/example_dags/example_branch_day_of_week_operator.py
[2022-06-08 09:25:26,024] {processor.py:651} INFO - DAG(s) dict_keys(['example_weekday_branch_operator']) retrieved from /home/james/airflowa/lib/python3.8/site-packages/airflow/example_dags/example_branch_day_of_week_operator.py
[2022-06-08 09:25:26,053] {logging_mixin.py:115} INFO - [2022-06-08 09:25:26,053] {dag.py:2379} INFO - Sync 1 DAGs
[2022-06-08 09:25:26,095] {logging_mixin.py:115} INFO - [2022-06-08 09:25:26,095] {dag.py:2927} INFO - Setting next_dagrun for example_weekday_branch_operator to 2022-06-07T00:00:00+00:00, run_after=2022-06-08T00:00:00+00:00
[2022-06-08 09:25:26,115] {processor.py:161} INFO - Processing /home/james/airflowa/lib/python3.8/site-packages/airflow/example_dags/example_branch_day_of_week_operator.py took 0.113 seconds
[2022-06-08 11:27:57,421] {processor.py:153} INFO - Started process (PID=76627) to work on /home/james/airflowa/lib/python3.8/site-packages/airflow/example_dags/example_branch_day_of_week_operator.py
[2022-06-08 11:27:57,421] {processor.py:641} INFO - Processing file /home/james/airflowa/lib/python3.8/site-packages/airflow/example_dags/example_branch_day_of_week_operator.py for tasks to queue
[2022-06-08 11:27:57,422] {logging_mixin.py:115} INFO - [2022-06-08 11:27:57,422] {dagbag.py:507} INFO - Filling up the DagBag from /home/james/airflowa/lib/python3.8/site-packages/airflow/example_dags/example_branch_day_of_week_operator.py
[2022-06-08 11:27:57,431] {processor.py:651} INFO - DAG(s) dict_keys(['example_weekday_branch_operator']) retrieved from /home/james/airflowa/lib/python3.8/site-packages/airflow/example_dags/example_branch_day_of_week_operator.py
[2022-06-08 11:27:57,450] {logging_mixin.py:115} INFO - [2022-06-08 11:27:57,450] {dag.py:2379} INFO - Sync 1 DAGs
[2022-06-08 11:27:57,470] {logging_mixin.py:115} INFO - [2022-06-08 11:27:57,470] {dag.py:2927} INFO - Setting next_dagrun for example_weekday_branch_operator to 2022-06-07T00:00:00+00:00, run_after=2022-06-08T00:00:00+00:00
[2022-06-08 11:27:57,483] {processor.py:161} INFO - Processing /home/james/airflowa/lib/python3.8/site-packages/airflow/example_dags/example_branch_day_of_week_operator.py took 0.065 seconds
[2022-06-08 11:28:40,430] {processor.py:153} INFO - Started process (PID=76943) to work on /home/james/airflowa/lib/python3.8/site-packages/airflow/example_dags/example_branch_day_of_week_operator.py
[2022-06-08 11:28:40,431] {processor.py:641} INFO - Processing file /home/james/airflowa/lib/python3.8/site-packages/airflow/example_dags/example_branch_day_of_week_operator.py for tasks to queue
[2022-06-08 11:28:40,431] {logging_mixin.py:115} INFO - [2022-06-08 11:28:40,431] {dagbag.py:507} INFO - Filling up the DagBag from /home/james/airflowa/lib/python3.8/site-packages/airflow/example_dags/example_branch_day_of_week_operator.py
[2022-06-08 11:28:40,438] {processor.py:651} INFO - DAG(s) dict_keys(['example_weekday_branch_operator']) retrieved from /home/james/airflowa/lib/python3.8/site-packages/airflow/example_dags/example_branch_day_of_week_operator.py
[2022-06-08 11:28:40,450] {logging_mixin.py:115} INFO - [2022-06-08 11:28:40,450] {dag.py:2379} INFO - Sync 1 DAGs
[2022-06-08 11:28:40,466] {logging_mixin.py:115} INFO - [2022-06-08 11:28:40,465] {dag.py:2927} INFO - Setting next_dagrun for example_weekday_branch_operator to 2022-06-07T00:00:00+00:00, run_after=2022-06-08T00:00:00+00:00
[2022-06-08 11:28:40,476] {processor.py:161} INFO - Processing /home/james/airflowa/lib/python3.8/site-packages/airflow/example_dags/example_branch_day_of_week_operator.py took 0.048 seconds
[2022-06-08 11:29:19,506] {processor.py:153} INFO - Started process (PID=77236) to work on /home/james/airflowa/lib/python3.8/site-packages/airflow/example_dags/example_branch_day_of_week_operator.py
[2022-06-08 11:29:19,507] {processor.py:641} INFO - Processing file /home/james/airflowa/lib/python3.8/site-packages/airflow/example_dags/example_branch_day_of_week_operator.py for tasks to queue
[2022-06-08 11:29:19,507] {logging_mixin.py:115} INFO - [2022-06-08 11:29:19,507] {dagbag.py:507} INFO - Filling up the DagBag from /home/james/airflowa/lib/python3.8/site-packages/airflow/example_dags/example_branch_day_of_week_operator.py
[2022-06-08 11:29:19,514] {processor.py:651} INFO - DAG(s) dict_keys(['example_weekday_branch_operator']) retrieved from /home/james/airflowa/lib/python3.8/site-packages/airflow/example_dags/example_branch_day_of_week_operator.py
[2022-06-08 11:29:19,526] {logging_mixin.py:115} INFO - [2022-06-08 11:29:19,526] {dag.py:2379} INFO - Sync 1 DAGs
[2022-06-08 11:29:19,542] {logging_mixin.py:115} INFO - [2022-06-08 11:29:19,542] {dag.py:2927} INFO - Setting next_dagrun for example_weekday_branch_operator to 2022-06-07T00:00:00+00:00, run_after=2022-06-08T00:00:00+00:00
[2022-06-08 11:29:19,553] {processor.py:161} INFO - Processing /home/james/airflowa/lib/python3.8/site-packages/airflow/example_dags/example_branch_day_of_week_operator.py took 0.049 seconds
[2022-06-08 11:30:02,498] {processor.py:153} INFO - Started process (PID=78032) to work on /home/james/airflowa/lib/python3.8/site-packages/airflow/example_dags/example_branch_day_of_week_operator.py
[2022-06-08 11:30:02,499] {processor.py:641} INFO - Processing file /home/james/airflowa/lib/python3.8/site-packages/airflow/example_dags/example_branch_day_of_week_operator.py for tasks to queue
[2022-06-08 11:30:02,499] {logging_mixin.py:115} INFO - [2022-06-08 11:30:02,499] {dagbag.py:507} INFO - Filling up the DagBag from /home/james/airflowa/lib/python3.8/site-packages/airflow/example_dags/example_branch_day_of_week_operator.py
[2022-06-08 11:30:02,511] {processor.py:651} INFO - DAG(s) dict_keys(['example_weekday_branch_operator']) retrieved from /home/james/airflowa/lib/python3.8/site-packages/airflow/example_dags/example_branch_day_of_week_operator.py
[2022-06-08 11:30:02,533] {logging_mixin.py:115} INFO - [2022-06-08 11:30:02,532] {dag.py:2379} INFO - Sync 1 DAGs
[2022-06-08 11:30:02,561] {logging_mixin.py:115} INFO - [2022-06-08 11:30:02,561] {dag.py:2927} INFO - Setting next_dagrun for example_weekday_branch_operator to 2022-06-07T00:00:00+00:00, run_after=2022-06-08T00:00:00+00:00
[2022-06-08 11:30:02,574] {processor.py:161} INFO - Processing /home/james/airflowa/lib/python3.8/site-packages/airflow/example_dags/example_branch_day_of_week_operator.py took 0.080 seconds
[2022-06-08 11:31:38,879] {processor.py:153} INFO - Started process (PID=78639) to work on /home/james/airflowa/lib/python3.8/site-packages/airflow/example_dags/example_branch_day_of_week_operator.py
[2022-06-08 11:31:38,880] {processor.py:641} INFO - Processing file /home/james/airflowa/lib/python3.8/site-packages/airflow/example_dags/example_branch_day_of_week_operator.py for tasks to queue
[2022-06-08 11:31:38,881] {logging_mixin.py:115} INFO - [2022-06-08 11:31:38,881] {dagbag.py:507} INFO - Filling up the DagBag from /home/james/airflowa/lib/python3.8/site-packages/airflow/example_dags/example_branch_day_of_week_operator.py
[2022-06-08 11:31:38,897] {processor.py:651} INFO - DAG(s) dict_keys(['example_weekday_branch_operator']) retrieved from /home/james/airflowa/lib/python3.8/site-packages/airflow/example_dags/example_branch_day_of_week_operator.py
[2022-06-08 11:31:38,922] {logging_mixin.py:115} INFO - [2022-06-08 11:31:38,922] {dag.py:2379} INFO - Sync 1 DAGs
[2022-06-08 11:31:38,966] {logging_mixin.py:115} INFO - [2022-06-08 11:31:38,966] {dag.py:2927} INFO - Setting next_dagrun for example_weekday_branch_operator to 2022-06-07T00:00:00+00:00, run_after=2022-06-08T00:00:00+00:00
[2022-06-08 11:31:38,987] {processor.py:161} INFO - Processing /home/james/airflowa/lib/python3.8/site-packages/airflow/example_dags/example_branch_day_of_week_operator.py took 0.113 seconds
[2022-06-08 11:32:27,573] {processor.py:153} INFO - Started process (PID=78877) to work on /home/james/airflowa/lib/python3.8/site-packages/airflow/example_dags/example_branch_day_of_week_operator.py
[2022-06-08 11:32:27,578] {processor.py:641} INFO - Processing file /home/james/airflowa/lib/python3.8/site-packages/airflow/example_dags/example_branch_day_of_week_operator.py for tasks to queue
[2022-06-08 11:32:27,579] {logging_mixin.py:115} INFO - [2022-06-08 11:32:27,579] {dagbag.py:507} INFO - Filling up the DagBag from /home/james/airflowa/lib/python3.8/site-packages/airflow/example_dags/example_branch_day_of_week_operator.py
[2022-06-08 11:32:27,597] {processor.py:651} INFO - DAG(s) dict_keys(['example_weekday_branch_operator']) retrieved from /home/james/airflowa/lib/python3.8/site-packages/airflow/example_dags/example_branch_day_of_week_operator.py
[2022-06-08 11:32:27,632] {logging_mixin.py:115} INFO - [2022-06-08 11:32:27,632] {dag.py:2379} INFO - Sync 1 DAGs
[2022-06-08 11:32:27,683] {logging_mixin.py:115} INFO - [2022-06-08 11:32:27,683] {dag.py:2927} INFO - Setting next_dagrun for example_weekday_branch_operator to 2022-06-07T00:00:00+00:00, run_after=2022-06-08T00:00:00+00:00
[2022-06-08 11:32:27,717] {processor.py:161} INFO - Processing /home/james/airflowa/lib/python3.8/site-packages/airflow/example_dags/example_branch_day_of_week_operator.py took 0.150 seconds
[2022-06-08 11:33:17,084] {processor.py:153} INFO - Started process (PID=79188) to work on /home/james/airflowa/lib/python3.8/site-packages/airflow/example_dags/example_branch_day_of_week_operator.py
[2022-06-08 11:33:17,085] {processor.py:641} INFO - Processing file /home/james/airflowa/lib/python3.8/site-packages/airflow/example_dags/example_branch_day_of_week_operator.py for tasks to queue
[2022-06-08 11:33:17,086] {logging_mixin.py:115} INFO - [2022-06-08 11:33:17,085] {dagbag.py:507} INFO - Filling up the DagBag from /home/james/airflowa/lib/python3.8/site-packages/airflow/example_dags/example_branch_day_of_week_operator.py
[2022-06-08 11:33:17,099] {processor.py:651} INFO - DAG(s) dict_keys(['example_weekday_branch_operator']) retrieved from /home/james/airflowa/lib/python3.8/site-packages/airflow/example_dags/example_branch_day_of_week_operator.py
[2022-06-08 11:33:17,121] {logging_mixin.py:115} INFO - [2022-06-08 11:33:17,121] {dag.py:2379} INFO - Sync 1 DAGs
[2022-06-08 11:33:17,149] {logging_mixin.py:115} INFO - [2022-06-08 11:33:17,149] {dag.py:2927} INFO - Setting next_dagrun for example_weekday_branch_operator to 2022-06-07T00:00:00+00:00, run_after=2022-06-08T00:00:00+00:00
[2022-06-08 11:33:17,167] {processor.py:161} INFO - Processing /home/james/airflowa/lib/python3.8/site-packages/airflow/example_dags/example_branch_day_of_week_operator.py took 0.087 seconds
[2022-06-08 11:34:05,852] {processor.py:153} INFO - Started process (PID=79624) to work on /home/james/airflowa/lib/python3.8/site-packages/airflow/example_dags/example_branch_day_of_week_operator.py
[2022-06-08 11:34:05,855] {processor.py:641} INFO - Processing file /home/james/airflowa/lib/python3.8/site-packages/airflow/example_dags/example_branch_day_of_week_operator.py for tasks to queue
[2022-06-08 11:34:05,856] {logging_mixin.py:115} INFO - [2022-06-08 11:34:05,856] {dagbag.py:507} INFO - Filling up the DagBag from /home/james/airflowa/lib/python3.8/site-packages/airflow/example_dags/example_branch_day_of_week_operator.py
[2022-06-08 11:34:05,994] {processor.py:651} INFO - DAG(s) dict_keys(['example_weekday_branch_operator']) retrieved from /home/james/airflowa/lib/python3.8/site-packages/airflow/example_dags/example_branch_day_of_week_operator.py
[2022-06-08 11:34:06,085] {logging_mixin.py:115} INFO - [2022-06-08 11:34:06,084] {dag.py:2379} INFO - Sync 1 DAGs
[2022-06-08 11:34:06,137] {logging_mixin.py:115} INFO - [2022-06-08 11:34:06,137] {dag.py:2927} INFO - Setting next_dagrun for example_weekday_branch_operator to 2022-06-07T00:00:00+00:00, run_after=2022-06-08T00:00:00+00:00
[2022-06-08 11:34:06,186] {processor.py:161} INFO - Processing /home/james/airflowa/lib/python3.8/site-packages/airflow/example_dags/example_branch_day_of_week_operator.py took 0.340 seconds
[2022-06-08 11:34:54,906] {processor.py:153} INFO - Started process (PID=80091) to work on /home/james/airflowa/lib/python3.8/site-packages/airflow/example_dags/example_branch_day_of_week_operator.py
[2022-06-08 11:34:54,906] {processor.py:641} INFO - Processing file /home/james/airflowa/lib/python3.8/site-packages/airflow/example_dags/example_branch_day_of_week_operator.py for tasks to queue
[2022-06-08 11:34:54,907] {logging_mixin.py:115} INFO - [2022-06-08 11:34:54,907] {dagbag.py:507} INFO - Filling up the DagBag from /home/james/airflowa/lib/python3.8/site-packages/airflow/example_dags/example_branch_day_of_week_operator.py
[2022-06-08 11:34:54,915] {processor.py:651} INFO - DAG(s) dict_keys(['example_weekday_branch_operator']) retrieved from /home/james/airflowa/lib/python3.8/site-packages/airflow/example_dags/example_branch_day_of_week_operator.py
[2022-06-08 11:34:54,927] {logging_mixin.py:115} INFO - [2022-06-08 11:34:54,927] {dag.py:2379} INFO - Sync 1 DAGs
[2022-06-08 11:34:54,943] {logging_mixin.py:115} INFO - [2022-06-08 11:34:54,943] {dag.py:2927} INFO - Setting next_dagrun for example_weekday_branch_operator to 2022-06-07T00:00:00+00:00, run_after=2022-06-08T00:00:00+00:00
[2022-06-08 11:34:54,953] {processor.py:161} INFO - Processing /home/james/airflowa/lib/python3.8/site-packages/airflow/example_dags/example_branch_day_of_week_operator.py took 0.050 seconds
[2022-06-08 12:22:01,233] {processor.py:153} INFO - Started process (PID=104788) to work on /home/james/airflowa/lib/python3.8/site-packages/airflow/example_dags/example_branch_day_of_week_operator.py
[2022-06-08 12:22:01,234] {processor.py:641} INFO - Processing file /home/james/airflowa/lib/python3.8/site-packages/airflow/example_dags/example_branch_day_of_week_operator.py for tasks to queue
[2022-06-08 12:22:01,234] {logging_mixin.py:115} INFO - [2022-06-08 12:22:01,234] {dagbag.py:507} INFO - Filling up the DagBag from /home/james/airflowa/lib/python3.8/site-packages/airflow/example_dags/example_branch_day_of_week_operator.py
[2022-06-08 12:22:01,245] {processor.py:651} INFO - DAG(s) dict_keys(['example_weekday_branch_operator']) retrieved from /home/james/airflowa/lib/python3.8/site-packages/airflow/example_dags/example_branch_day_of_week_operator.py
[2022-06-08 12:22:01,268] {logging_mixin.py:115} INFO - [2022-06-08 12:22:01,268] {dag.py:2379} INFO - Sync 1 DAGs
[2022-06-08 12:22:01,304] {logging_mixin.py:115} INFO - [2022-06-08 12:22:01,304] {dag.py:2927} INFO - Setting next_dagrun for example_weekday_branch_operator to 2022-06-07T00:00:00+00:00, run_after=2022-06-08T00:00:00+00:00
[2022-06-08 12:22:01,327] {processor.py:161} INFO - Processing /home/james/airflowa/lib/python3.8/site-packages/airflow/example_dags/example_branch_day_of_week_operator.py took 0.099 seconds
[2022-06-08 12:22:56,111] {processor.py:153} INFO - Started process (PID=105170) to work on /home/james/airflowa/lib/python3.8/site-packages/airflow/example_dags/example_branch_day_of_week_operator.py
[2022-06-08 12:22:56,112] {processor.py:641} INFO - Processing file /home/james/airflowa/lib/python3.8/site-packages/airflow/example_dags/example_branch_day_of_week_operator.py for tasks to queue
[2022-06-08 12:22:56,113] {logging_mixin.py:115} INFO - [2022-06-08 12:22:56,113] {dagbag.py:507} INFO - Filling up the DagBag from /home/james/airflowa/lib/python3.8/site-packages/airflow/example_dags/example_branch_day_of_week_operator.py
[2022-06-08 12:22:56,129] {processor.py:651} INFO - DAG(s) dict_keys(['example_weekday_branch_operator']) retrieved from /home/james/airflowa/lib/python3.8/site-packages/airflow/example_dags/example_branch_day_of_week_operator.py
[2022-06-08 12:22:56,162] {logging_mixin.py:115} INFO - [2022-06-08 12:22:56,162] {dag.py:2379} INFO - Sync 1 DAGs
[2022-06-08 12:22:56,203] {logging_mixin.py:115} INFO - [2022-06-08 12:22:56,203] {dag.py:2927} INFO - Setting next_dagrun for example_weekday_branch_operator to 2022-06-07T00:00:00+00:00, run_after=2022-06-08T00:00:00+00:00
[2022-06-08 12:22:56,228] {processor.py:161} INFO - Processing /home/james/airflowa/lib/python3.8/site-packages/airflow/example_dags/example_branch_day_of_week_operator.py took 0.121 seconds
[2022-06-08 12:38:08,631] {processor.py:153} INFO - Started process (PID=114395) to work on /home/james/airflowa/lib/python3.8/site-packages/airflow/example_dags/example_branch_day_of_week_operator.py
[2022-06-08 12:38:08,633] {processor.py:641} INFO - Processing file /home/james/airflowa/lib/python3.8/site-packages/airflow/example_dags/example_branch_day_of_week_operator.py for tasks to queue
[2022-06-08 12:38:08,635] {logging_mixin.py:115} INFO - [2022-06-08 12:38:08,635] {dagbag.py:507} INFO - Filling up the DagBag from /home/james/airflowa/lib/python3.8/site-packages/airflow/example_dags/example_branch_day_of_week_operator.py
[2022-06-08 12:38:08,695] {processor.py:651} INFO - DAG(s) dict_keys(['example_weekday_branch_operator']) retrieved from /home/james/airflowa/lib/python3.8/site-packages/airflow/example_dags/example_branch_day_of_week_operator.py
[2022-06-08 12:38:08,809] {logging_mixin.py:115} INFO - [2022-06-08 12:38:08,808] {dag.py:2379} INFO - Sync 1 DAGs
[2022-06-08 12:38:08,994] {logging_mixin.py:115} INFO - [2022-06-08 12:38:08,994] {dag.py:2927} INFO - Setting next_dagrun for example_weekday_branch_operator to 2022-06-07T00:00:00+00:00, run_after=2022-06-08T00:00:00+00:00
[2022-06-08 12:38:09,116] {processor.py:161} INFO - Processing /home/james/airflowa/lib/python3.8/site-packages/airflow/example_dags/example_branch_day_of_week_operator.py took 0.500 seconds
[2022-06-08 12:39:40,983] {processor.py:153} INFO - Started process (PID=115756) to work on /home/james/airflowa/lib/python3.8/site-packages/airflow/example_dags/example_branch_day_of_week_operator.py
[2022-06-08 12:39:40,984] {processor.py:641} INFO - Processing file /home/james/airflowa/lib/python3.8/site-packages/airflow/example_dags/example_branch_day_of_week_operator.py for tasks to queue
[2022-06-08 12:39:40,985] {logging_mixin.py:115} INFO - [2022-06-08 12:39:40,985] {dagbag.py:507} INFO - Filling up the DagBag from /home/james/airflowa/lib/python3.8/site-packages/airflow/example_dags/example_branch_day_of_week_operator.py
[2022-06-08 12:39:41,001] {processor.py:651} INFO - DAG(s) dict_keys(['example_weekday_branch_operator']) retrieved from /home/james/airflowa/lib/python3.8/site-packages/airflow/example_dags/example_branch_day_of_week_operator.py
[2022-06-08 12:39:41,029] {logging_mixin.py:115} INFO - [2022-06-08 12:39:41,028] {dag.py:2379} INFO - Sync 1 DAGs
[2022-06-08 12:39:41,071] {logging_mixin.py:115} INFO - [2022-06-08 12:39:41,071] {dag.py:2927} INFO - Setting next_dagrun for example_weekday_branch_operator to 2022-06-07T00:00:00+00:00, run_after=2022-06-08T00:00:00+00:00
[2022-06-08 12:39:41,096] {processor.py:161} INFO - Processing /home/james/airflowa/lib/python3.8/site-packages/airflow/example_dags/example_branch_day_of_week_operator.py took 0.118 seconds
[2022-06-08 12:41:07,710] {processor.py:153} INFO - Started process (PID=116705) to work on /home/james/airflowa/lib/python3.8/site-packages/airflow/example_dags/example_branch_day_of_week_operator.py
[2022-06-08 12:41:07,711] {processor.py:641} INFO - Processing file /home/james/airflowa/lib/python3.8/site-packages/airflow/example_dags/example_branch_day_of_week_operator.py for tasks to queue
[2022-06-08 12:41:07,711] {logging_mixin.py:115} INFO - [2022-06-08 12:41:07,711] {dagbag.py:507} INFO - Filling up the DagBag from /home/james/airflowa/lib/python3.8/site-packages/airflow/example_dags/example_branch_day_of_week_operator.py
[2022-06-08 12:41:07,724] {processor.py:651} INFO - DAG(s) dict_keys(['example_weekday_branch_operator']) retrieved from /home/james/airflowa/lib/python3.8/site-packages/airflow/example_dags/example_branch_day_of_week_operator.py
[2022-06-08 12:41:07,743] {logging_mixin.py:115} INFO - [2022-06-08 12:41:07,742] {dag.py:2379} INFO - Sync 1 DAGs
[2022-06-08 12:41:07,772] {logging_mixin.py:115} INFO - [2022-06-08 12:41:07,772] {dag.py:2927} INFO - Setting next_dagrun for example_weekday_branch_operator to 2022-06-07T00:00:00+00:00, run_after=2022-06-08T00:00:00+00:00
[2022-06-08 12:41:07,787] {processor.py:161} INFO - Processing /home/james/airflowa/lib/python3.8/site-packages/airflow/example_dags/example_branch_day_of_week_operator.py took 0.081 seconds
[2022-06-08 12:45:06,417] {processor.py:153} INFO - Started process (PID=118111) to work on /home/james/airflowa/lib/python3.8/site-packages/airflow/example_dags/example_branch_day_of_week_operator.py
[2022-06-08 12:45:06,418] {processor.py:641} INFO - Processing file /home/james/airflowa/lib/python3.8/site-packages/airflow/example_dags/example_branch_day_of_week_operator.py for tasks to queue
[2022-06-08 12:45:06,418] {logging_mixin.py:115} INFO - [2022-06-08 12:45:06,418] {dagbag.py:507} INFO - Filling up the DagBag from /home/james/airflowa/lib/python3.8/site-packages/airflow/example_dags/example_branch_day_of_week_operator.py
[2022-06-08 12:45:06,429] {processor.py:651} INFO - DAG(s) dict_keys(['example_weekday_branch_operator']) retrieved from /home/james/airflowa/lib/python3.8/site-packages/airflow/example_dags/example_branch_day_of_week_operator.py
[2022-06-08 12:45:06,451] {logging_mixin.py:115} INFO - [2022-06-08 12:45:06,451] {dag.py:2379} INFO - Sync 1 DAGs
[2022-06-08 12:45:06,475] {logging_mixin.py:115} INFO - [2022-06-08 12:45:06,475] {dag.py:2927} INFO - Setting next_dagrun for example_weekday_branch_operator to 2022-06-07T00:00:00+00:00, run_after=2022-06-08T00:00:00+00:00
[2022-06-08 12:45:06,493] {processor.py:161} INFO - Processing /home/james/airflowa/lib/python3.8/site-packages/airflow/example_dags/example_branch_day_of_week_operator.py took 0.079 seconds
[2022-06-08 12:46:02,640] {processor.py:153} INFO - Started process (PID=118444) to work on /home/james/airflowa/lib/python3.8/site-packages/airflow/example_dags/example_branch_day_of_week_operator.py
[2022-06-08 12:46:02,641] {processor.py:641} INFO - Processing file /home/james/airflowa/lib/python3.8/site-packages/airflow/example_dags/example_branch_day_of_week_operator.py for tasks to queue
[2022-06-08 12:46:02,642] {logging_mixin.py:115} INFO - [2022-06-08 12:46:02,642] {dagbag.py:507} INFO - Filling up the DagBag from /home/james/airflowa/lib/python3.8/site-packages/airflow/example_dags/example_branch_day_of_week_operator.py
[2022-06-08 12:46:02,650] {processor.py:651} INFO - DAG(s) dict_keys(['example_weekday_branch_operator']) retrieved from /home/james/airflowa/lib/python3.8/site-packages/airflow/example_dags/example_branch_day_of_week_operator.py
[2022-06-08 12:46:02,665] {logging_mixin.py:115} INFO - [2022-06-08 12:46:02,665] {dag.py:2379} INFO - Sync 1 DAGs
[2022-06-08 12:46:02,680] {logging_mixin.py:115} INFO - [2022-06-08 12:46:02,680] {dag.py:2927} INFO - Setting next_dagrun for example_weekday_branch_operator to 2022-06-07T00:00:00+00:00, run_after=2022-06-08T00:00:00+00:00
[2022-06-08 12:46:02,692] {processor.py:161} INFO - Processing /home/james/airflowa/lib/python3.8/site-packages/airflow/example_dags/example_branch_day_of_week_operator.py took 0.055 seconds
[2022-06-08 12:47:16,877] {processor.py:153} INFO - Started process (PID=119338) to work on /home/james/airflowa/lib/python3.8/site-packages/airflow/example_dags/example_branch_day_of_week_operator.py
[2022-06-08 12:47:16,879] {processor.py:641} INFO - Processing file /home/james/airflowa/lib/python3.8/site-packages/airflow/example_dags/example_branch_day_of_week_operator.py for tasks to queue
[2022-06-08 12:47:16,880] {logging_mixin.py:115} INFO - [2022-06-08 12:47:16,880] {dagbag.py:507} INFO - Filling up the DagBag from /home/james/airflowa/lib/python3.8/site-packages/airflow/example_dags/example_branch_day_of_week_operator.py
[2022-06-08 12:47:16,898] {processor.py:651} INFO - DAG(s) dict_keys(['example_weekday_branch_operator']) retrieved from /home/james/airflowa/lib/python3.8/site-packages/airflow/example_dags/example_branch_day_of_week_operator.py
[2022-06-08 12:47:16,929] {logging_mixin.py:115} INFO - [2022-06-08 12:47:16,929] {dag.py:2379} INFO - Sync 1 DAGs
[2022-06-08 12:47:16,958] {logging_mixin.py:115} INFO - [2022-06-08 12:47:16,958] {dag.py:2927} INFO - Setting next_dagrun for example_weekday_branch_operator to 2022-06-07T00:00:00+00:00, run_after=2022-06-08T00:00:00+00:00
[2022-06-08 12:47:16,981] {processor.py:161} INFO - Processing /home/james/airflowa/lib/python3.8/site-packages/airflow/example_dags/example_branch_day_of_week_operator.py took 0.109 seconds
[2022-06-08 12:48:41,695] {processor.py:153} INFO - Started process (PID=119901) to work on /home/james/airflowa/lib/python3.8/site-packages/airflow/example_dags/example_branch_day_of_week_operator.py
[2022-06-08 12:48:41,695] {processor.py:641} INFO - Processing file /home/james/airflowa/lib/python3.8/site-packages/airflow/example_dags/example_branch_day_of_week_operator.py for tasks to queue
[2022-06-08 12:48:41,696] {logging_mixin.py:115} INFO - [2022-06-08 12:48:41,696] {dagbag.py:507} INFO - Filling up the DagBag from /home/james/airflowa/lib/python3.8/site-packages/airflow/example_dags/example_branch_day_of_week_operator.py
[2022-06-08 12:48:41,706] {processor.py:651} INFO - DAG(s) dict_keys(['example_weekday_branch_operator']) retrieved from /home/james/airflowa/lib/python3.8/site-packages/airflow/example_dags/example_branch_day_of_week_operator.py
[2022-06-08 12:48:41,720] {logging_mixin.py:115} INFO - [2022-06-08 12:48:41,720] {dag.py:2379} INFO - Sync 1 DAGs
[2022-06-08 12:48:41,744] {logging_mixin.py:115} INFO - [2022-06-08 12:48:41,743] {dag.py:2927} INFO - Setting next_dagrun for example_weekday_branch_operator to 2022-06-07T00:00:00+00:00, run_after=2022-06-08T00:00:00+00:00
[2022-06-08 12:48:41,759] {processor.py:161} INFO - Processing /home/james/airflowa/lib/python3.8/site-packages/airflow/example_dags/example_branch_day_of_week_operator.py took 0.067 seconds
[2022-06-08 12:51:12,544] {processor.py:153} INFO - Started process (PID=121045) to work on /home/james/airflowa/lib/python3.8/site-packages/airflow/example_dags/example_branch_day_of_week_operator.py
[2022-06-08 12:51:12,547] {processor.py:641} INFO - Processing file /home/james/airflowa/lib/python3.8/site-packages/airflow/example_dags/example_branch_day_of_week_operator.py for tasks to queue
[2022-06-08 12:51:12,548] {logging_mixin.py:115} INFO - [2022-06-08 12:51:12,548] {dagbag.py:507} INFO - Filling up the DagBag from /home/james/airflowa/lib/python3.8/site-packages/airflow/example_dags/example_branch_day_of_week_operator.py
[2022-06-08 12:51:12,573] {processor.py:651} INFO - DAG(s) dict_keys(['example_weekday_branch_operator']) retrieved from /home/james/airflowa/lib/python3.8/site-packages/airflow/example_dags/example_branch_day_of_week_operator.py
[2022-06-08 12:51:12,616] {logging_mixin.py:115} INFO - [2022-06-08 12:51:12,616] {dag.py:2379} INFO - Sync 1 DAGs
[2022-06-08 12:51:12,667] {logging_mixin.py:115} INFO - [2022-06-08 12:51:12,666] {dag.py:2927} INFO - Setting next_dagrun for example_weekday_branch_operator to 2022-06-07T00:00:00+00:00, run_after=2022-06-08T00:00:00+00:00
[2022-06-08 12:51:12,695] {processor.py:161} INFO - Processing /home/james/airflowa/lib/python3.8/site-packages/airflow/example_dags/example_branch_day_of_week_operator.py took 0.159 seconds
[2022-06-08 12:53:28,624] {processor.py:153} INFO - Started process (PID=121808) to work on /home/james/airflowa/lib/python3.8/site-packages/airflow/example_dags/example_branch_day_of_week_operator.py
[2022-06-08 12:53:28,626] {processor.py:641} INFO - Processing file /home/james/airflowa/lib/python3.8/site-packages/airflow/example_dags/example_branch_day_of_week_operator.py for tasks to queue
[2022-06-08 12:53:28,628] {logging_mixin.py:115} INFO - [2022-06-08 12:53:28,628] {dagbag.py:507} INFO - Filling up the DagBag from /home/james/airflowa/lib/python3.8/site-packages/airflow/example_dags/example_branch_day_of_week_operator.py
[2022-06-08 12:53:28,644] {processor.py:651} INFO - DAG(s) dict_keys(['example_weekday_branch_operator']) retrieved from /home/james/airflowa/lib/python3.8/site-packages/airflow/example_dags/example_branch_day_of_week_operator.py
[2022-06-08 12:53:28,679] {logging_mixin.py:115} INFO - [2022-06-08 12:53:28,678] {dag.py:2379} INFO - Sync 1 DAGs
[2022-06-08 12:53:28,725] {logging_mixin.py:115} INFO - [2022-06-08 12:53:28,725] {dag.py:2927} INFO - Setting next_dagrun for example_weekday_branch_operator to 2022-06-07T00:00:00+00:00, run_after=2022-06-08T00:00:00+00:00
[2022-06-08 12:53:28,754] {processor.py:161} INFO - Processing /home/james/airflowa/lib/python3.8/site-packages/airflow/example_dags/example_branch_day_of_week_operator.py took 0.136 seconds
[2022-06-08 12:55:12,963] {processor.py:153} INFO - Started process (PID=122627) to work on /home/james/airflowa/lib/python3.8/site-packages/airflow/example_dags/example_branch_day_of_week_operator.py
[2022-06-08 12:55:12,966] {processor.py:641} INFO - Processing file /home/james/airflowa/lib/python3.8/site-packages/airflow/example_dags/example_branch_day_of_week_operator.py for tasks to queue
[2022-06-08 12:55:12,967] {logging_mixin.py:115} INFO - [2022-06-08 12:55:12,967] {dagbag.py:507} INFO - Filling up the DagBag from /home/james/airflowa/lib/python3.8/site-packages/airflow/example_dags/example_branch_day_of_week_operator.py
[2022-06-08 12:55:12,988] {processor.py:651} INFO - DAG(s) dict_keys(['example_weekday_branch_operator']) retrieved from /home/james/airflowa/lib/python3.8/site-packages/airflow/example_dags/example_branch_day_of_week_operator.py
[2022-06-08 12:55:13,022] {logging_mixin.py:115} INFO - [2022-06-08 12:55:13,021] {dag.py:2379} INFO - Sync 1 DAGs
[2022-06-08 12:55:13,071] {logging_mixin.py:115} INFO - [2022-06-08 12:55:13,071] {dag.py:2927} INFO - Setting next_dagrun for example_weekday_branch_operator to 2022-06-07T00:00:00+00:00, run_after=2022-06-08T00:00:00+00:00
[2022-06-08 12:55:13,097] {processor.py:161} INFO - Processing /home/james/airflowa/lib/python3.8/site-packages/airflow/example_dags/example_branch_day_of_week_operator.py took 0.139 seconds
[2022-06-08 12:56:22,289] {processor.py:153} INFO - Started process (PID=122996) to work on /home/james/airflowa/lib/python3.8/site-packages/airflow/example_dags/example_branch_day_of_week_operator.py
[2022-06-08 12:56:22,290] {processor.py:641} INFO - Processing file /home/james/airflowa/lib/python3.8/site-packages/airflow/example_dags/example_branch_day_of_week_operator.py for tasks to queue
[2022-06-08 12:56:22,290] {logging_mixin.py:115} INFO - [2022-06-08 12:56:22,290] {dagbag.py:507} INFO - Filling up the DagBag from /home/james/airflowa/lib/python3.8/site-packages/airflow/example_dags/example_branch_day_of_week_operator.py
[2022-06-08 12:56:22,297] {processor.py:651} INFO - DAG(s) dict_keys(['example_weekday_branch_operator']) retrieved from /home/james/airflowa/lib/python3.8/site-packages/airflow/example_dags/example_branch_day_of_week_operator.py
[2022-06-08 12:56:22,309] {logging_mixin.py:115} INFO - [2022-06-08 12:56:22,309] {dag.py:2379} INFO - Sync 1 DAGs
[2022-06-08 12:56:22,326] {logging_mixin.py:115} INFO - [2022-06-08 12:56:22,326] {dag.py:2927} INFO - Setting next_dagrun for example_weekday_branch_operator to 2022-06-07T00:00:00+00:00, run_after=2022-06-08T00:00:00+00:00
[2022-06-08 12:56:22,337] {processor.py:161} INFO - Processing /home/james/airflowa/lib/python3.8/site-packages/airflow/example_dags/example_branch_day_of_week_operator.py took 0.050 seconds
[2022-06-08 12:57:43,887] {processor.py:153} INFO - Started process (PID=123356) to work on /home/james/airflowa/lib/python3.8/site-packages/airflow/example_dags/example_branch_day_of_week_operator.py
[2022-06-08 12:57:43,889] {processor.py:641} INFO - Processing file /home/james/airflowa/lib/python3.8/site-packages/airflow/example_dags/example_branch_day_of_week_operator.py for tasks to queue
[2022-06-08 12:57:43,890] {logging_mixin.py:115} INFO - [2022-06-08 12:57:43,890] {dagbag.py:507} INFO - Filling up the DagBag from /home/james/airflowa/lib/python3.8/site-packages/airflow/example_dags/example_branch_day_of_week_operator.py
[2022-06-08 12:57:43,904] {processor.py:651} INFO - DAG(s) dict_keys(['example_weekday_branch_operator']) retrieved from /home/james/airflowa/lib/python3.8/site-packages/airflow/example_dags/example_branch_day_of_week_operator.py
[2022-06-08 12:57:43,940] {logging_mixin.py:115} INFO - [2022-06-08 12:57:43,940] {dag.py:2379} INFO - Sync 1 DAGs
[2022-06-08 12:57:43,964] {logging_mixin.py:115} INFO - [2022-06-08 12:57:43,963] {dag.py:2927} INFO - Setting next_dagrun for example_weekday_branch_operator to 2022-06-07T00:00:00+00:00, run_after=2022-06-08T00:00:00+00:00
[2022-06-08 12:57:43,981] {processor.py:161} INFO - Processing /home/james/airflowa/lib/python3.8/site-packages/airflow/example_dags/example_branch_day_of_week_operator.py took 0.097 seconds
[2022-06-08 12:58:42,149] {processor.py:153} INFO - Started process (PID=123726) to work on /home/james/airflowa/lib/python3.8/site-packages/airflow/example_dags/example_branch_day_of_week_operator.py
[2022-06-08 12:58:42,149] {processor.py:641} INFO - Processing file /home/james/airflowa/lib/python3.8/site-packages/airflow/example_dags/example_branch_day_of_week_operator.py for tasks to queue
[2022-06-08 12:58:42,150] {logging_mixin.py:115} INFO - [2022-06-08 12:58:42,150] {dagbag.py:507} INFO - Filling up the DagBag from /home/james/airflowa/lib/python3.8/site-packages/airflow/example_dags/example_branch_day_of_week_operator.py
[2022-06-08 12:58:42,157] {processor.py:651} INFO - DAG(s) dict_keys(['example_weekday_branch_operator']) retrieved from /home/james/airflowa/lib/python3.8/site-packages/airflow/example_dags/example_branch_day_of_week_operator.py
[2022-06-08 12:58:42,170] {logging_mixin.py:115} INFO - [2022-06-08 12:58:42,170] {dag.py:2379} INFO - Sync 1 DAGs
[2022-06-08 12:58:42,193] {logging_mixin.py:115} INFO - [2022-06-08 12:58:42,193] {dag.py:2927} INFO - Setting next_dagrun for example_weekday_branch_operator to 2022-06-07T00:00:00+00:00, run_after=2022-06-08T00:00:00+00:00
[2022-06-08 12:58:42,206] {processor.py:161} INFO - Processing /home/james/airflowa/lib/python3.8/site-packages/airflow/example_dags/example_branch_day_of_week_operator.py took 0.060 seconds
[2022-06-08 12:59:26,510] {processor.py:153} INFO - Started process (PID=124051) to work on /home/james/airflowa/lib/python3.8/site-packages/airflow/example_dags/example_branch_day_of_week_operator.py
[2022-06-08 12:59:26,511] {processor.py:641} INFO - Processing file /home/james/airflowa/lib/python3.8/site-packages/airflow/example_dags/example_branch_day_of_week_operator.py for tasks to queue
[2022-06-08 12:59:26,511] {logging_mixin.py:115} INFO - [2022-06-08 12:59:26,511] {dagbag.py:507} INFO - Filling up the DagBag from /home/james/airflowa/lib/python3.8/site-packages/airflow/example_dags/example_branch_day_of_week_operator.py
[2022-06-08 12:59:26,519] {processor.py:651} INFO - DAG(s) dict_keys(['example_weekday_branch_operator']) retrieved from /home/james/airflowa/lib/python3.8/site-packages/airflow/example_dags/example_branch_day_of_week_operator.py
[2022-06-08 12:59:26,532] {logging_mixin.py:115} INFO - [2022-06-08 12:59:26,532] {dag.py:2379} INFO - Sync 1 DAGs
[2022-06-08 12:59:26,549] {logging_mixin.py:115} INFO - [2022-06-08 12:59:26,549] {dag.py:2927} INFO - Setting next_dagrun for example_weekday_branch_operator to 2022-06-07T00:00:00+00:00, run_after=2022-06-08T00:00:00+00:00
[2022-06-08 12:59:26,561] {processor.py:161} INFO - Processing /home/james/airflowa/lib/python3.8/site-packages/airflow/example_dags/example_branch_day_of_week_operator.py took 0.053 seconds
[2022-06-08 13:00:23,220] {processor.py:153} INFO - Started process (PID=124886) to work on /home/james/airflowa/lib/python3.8/site-packages/airflow/example_dags/example_branch_day_of_week_operator.py
[2022-06-08 13:00:23,221] {processor.py:641} INFO - Processing file /home/james/airflowa/lib/python3.8/site-packages/airflow/example_dags/example_branch_day_of_week_operator.py for tasks to queue
[2022-06-08 13:00:23,221] {logging_mixin.py:115} INFO - [2022-06-08 13:00:23,221] {dagbag.py:507} INFO - Filling up the DagBag from /home/james/airflowa/lib/python3.8/site-packages/airflow/example_dags/example_branch_day_of_week_operator.py
[2022-06-08 13:00:23,230] {processor.py:651} INFO - DAG(s) dict_keys(['example_weekday_branch_operator']) retrieved from /home/james/airflowa/lib/python3.8/site-packages/airflow/example_dags/example_branch_day_of_week_operator.py
[2022-06-08 13:00:23,244] {logging_mixin.py:115} INFO - [2022-06-08 13:00:23,244] {dag.py:2379} INFO - Sync 1 DAGs
[2022-06-08 13:00:23,262] {logging_mixin.py:115} INFO - [2022-06-08 13:00:23,262] {dag.py:2927} INFO - Setting next_dagrun for example_weekday_branch_operator to 2022-06-07T00:00:00+00:00, run_after=2022-06-08T00:00:00+00:00
[2022-06-08 13:00:23,274] {processor.py:161} INFO - Processing /home/james/airflowa/lib/python3.8/site-packages/airflow/example_dags/example_branch_day_of_week_operator.py took 0.056 seconds
[2022-06-08 13:01:12,416] {processor.py:153} INFO - Started process (PID=125129) to work on /home/james/airflowa/lib/python3.8/site-packages/airflow/example_dags/example_branch_day_of_week_operator.py
[2022-06-08 13:01:12,418] {processor.py:641} INFO - Processing file /home/james/airflowa/lib/python3.8/site-packages/airflow/example_dags/example_branch_day_of_week_operator.py for tasks to queue
[2022-06-08 13:01:12,418] {logging_mixin.py:115} INFO - [2022-06-08 13:01:12,418] {dagbag.py:507} INFO - Filling up the DagBag from /home/james/airflowa/lib/python3.8/site-packages/airflow/example_dags/example_branch_day_of_week_operator.py
[2022-06-08 13:01:12,425] {processor.py:651} INFO - DAG(s) dict_keys(['example_weekday_branch_operator']) retrieved from /home/james/airflowa/lib/python3.8/site-packages/airflow/example_dags/example_branch_day_of_week_operator.py
[2022-06-08 13:01:12,438] {logging_mixin.py:115} INFO - [2022-06-08 13:01:12,438] {dag.py:2379} INFO - Sync 1 DAGs
[2022-06-08 13:01:12,455] {logging_mixin.py:115} INFO - [2022-06-08 13:01:12,455] {dag.py:2927} INFO - Setting next_dagrun for example_weekday_branch_operator to 2022-06-07T00:00:00+00:00, run_after=2022-06-08T00:00:00+00:00
[2022-06-08 13:01:12,467] {processor.py:161} INFO - Processing /home/james/airflowa/lib/python3.8/site-packages/airflow/example_dags/example_branch_day_of_week_operator.py took 0.053 seconds
[2022-06-08 13:02:41,505] {processor.py:153} INFO - Started process (PID=125619) to work on /home/james/airflowa/lib/python3.8/site-packages/airflow/example_dags/example_branch_day_of_week_operator.py
[2022-06-08 13:02:41,506] {processor.py:641} INFO - Processing file /home/james/airflowa/lib/python3.8/site-packages/airflow/example_dags/example_branch_day_of_week_operator.py for tasks to queue
[2022-06-08 13:02:41,506] {logging_mixin.py:115} INFO - [2022-06-08 13:02:41,506] {dagbag.py:507} INFO - Filling up the DagBag from /home/james/airflowa/lib/python3.8/site-packages/airflow/example_dags/example_branch_day_of_week_operator.py
[2022-06-08 13:02:41,513] {processor.py:651} INFO - DAG(s) dict_keys(['example_weekday_branch_operator']) retrieved from /home/james/airflowa/lib/python3.8/site-packages/airflow/example_dags/example_branch_day_of_week_operator.py
[2022-06-08 13:02:41,525] {logging_mixin.py:115} INFO - [2022-06-08 13:02:41,525] {dag.py:2379} INFO - Sync 1 DAGs
[2022-06-08 13:02:41,542] {logging_mixin.py:115} INFO - [2022-06-08 13:02:41,541] {dag.py:2927} INFO - Setting next_dagrun for example_weekday_branch_operator to 2022-06-07T00:00:00+00:00, run_after=2022-06-08T00:00:00+00:00
[2022-06-08 13:02:41,552] {processor.py:161} INFO - Processing /home/james/airflowa/lib/python3.8/site-packages/airflow/example_dags/example_branch_day_of_week_operator.py took 0.049 seconds
[2022-06-08 13:03:38,854] {processor.py:153} INFO - Started process (PID=125907) to work on /home/james/airflowa/lib/python3.8/site-packages/airflow/example_dags/example_branch_day_of_week_operator.py
[2022-06-08 13:03:38,854] {processor.py:641} INFO - Processing file /home/james/airflowa/lib/python3.8/site-packages/airflow/example_dags/example_branch_day_of_week_operator.py for tasks to queue
[2022-06-08 13:03:38,855] {logging_mixin.py:115} INFO - [2022-06-08 13:03:38,855] {dagbag.py:507} INFO - Filling up the DagBag from /home/james/airflowa/lib/python3.8/site-packages/airflow/example_dags/example_branch_day_of_week_operator.py
[2022-06-08 13:03:38,861] {processor.py:651} INFO - DAG(s) dict_keys(['example_weekday_branch_operator']) retrieved from /home/james/airflowa/lib/python3.8/site-packages/airflow/example_dags/example_branch_day_of_week_operator.py
[2022-06-08 13:03:38,874] {logging_mixin.py:115} INFO - [2022-06-08 13:03:38,874] {dag.py:2379} INFO - Sync 1 DAGs
[2022-06-08 13:03:38,890] {logging_mixin.py:115} INFO - [2022-06-08 13:03:38,890] {dag.py:2927} INFO - Setting next_dagrun for example_weekday_branch_operator to 2022-06-07T00:00:00+00:00, run_after=2022-06-08T00:00:00+00:00
[2022-06-08 13:03:38,901] {processor.py:161} INFO - Processing /home/james/airflowa/lib/python3.8/site-packages/airflow/example_dags/example_branch_day_of_week_operator.py took 0.050 seconds
[2022-06-08 13:04:28,805] {processor.py:153} INFO - Started process (PID=126365) to work on /home/james/airflowa/lib/python3.8/site-packages/airflow/example_dags/example_branch_day_of_week_operator.py
[2022-06-08 13:04:28,806] {processor.py:641} INFO - Processing file /home/james/airflowa/lib/python3.8/site-packages/airflow/example_dags/example_branch_day_of_week_operator.py for tasks to queue
[2022-06-08 13:04:28,807] {logging_mixin.py:115} INFO - [2022-06-08 13:04:28,806] {dagbag.py:507} INFO - Filling up the DagBag from /home/james/airflowa/lib/python3.8/site-packages/airflow/example_dags/example_branch_day_of_week_operator.py
[2022-06-08 13:04:28,813] {processor.py:651} INFO - DAG(s) dict_keys(['example_weekday_branch_operator']) retrieved from /home/james/airflowa/lib/python3.8/site-packages/airflow/example_dags/example_branch_day_of_week_operator.py
[2022-06-08 13:04:28,825] {logging_mixin.py:115} INFO - [2022-06-08 13:04:28,825] {dag.py:2379} INFO - Sync 1 DAGs
[2022-06-08 13:04:28,842] {logging_mixin.py:115} INFO - [2022-06-08 13:04:28,841] {dag.py:2927} INFO - Setting next_dagrun for example_weekday_branch_operator to 2022-06-07T00:00:00+00:00, run_after=2022-06-08T00:00:00+00:00
[2022-06-08 13:04:28,854] {processor.py:161} INFO - Processing /home/james/airflowa/lib/python3.8/site-packages/airflow/example_dags/example_branch_day_of_week_operator.py took 0.051 seconds
[2022-06-08 13:05:38,647] {processor.py:153} INFO - Started process (PID=126635) to work on /home/james/airflowa/lib/python3.8/site-packages/airflow/example_dags/example_branch_day_of_week_operator.py
[2022-06-08 13:05:38,648] {processor.py:641} INFO - Processing file /home/james/airflowa/lib/python3.8/site-packages/airflow/example_dags/example_branch_day_of_week_operator.py for tasks to queue
[2022-06-08 13:05:38,648] {logging_mixin.py:115} INFO - [2022-06-08 13:05:38,648] {dagbag.py:507} INFO - Filling up the DagBag from /home/james/airflowa/lib/python3.8/site-packages/airflow/example_dags/example_branch_day_of_week_operator.py
[2022-06-08 13:05:38,657] {processor.py:651} INFO - DAG(s) dict_keys(['example_weekday_branch_operator']) retrieved from /home/james/airflowa/lib/python3.8/site-packages/airflow/example_dags/example_branch_day_of_week_operator.py
[2022-06-08 13:05:38,669] {logging_mixin.py:115} INFO - [2022-06-08 13:05:38,669] {dag.py:2379} INFO - Sync 1 DAGs
[2022-06-08 13:05:38,686] {logging_mixin.py:115} INFO - [2022-06-08 13:05:38,686] {dag.py:2927} INFO - Setting next_dagrun for example_weekday_branch_operator to 2022-06-07T00:00:00+00:00, run_after=2022-06-08T00:00:00+00:00
[2022-06-08 13:05:38,698] {processor.py:161} INFO - Processing /home/james/airflowa/lib/python3.8/site-packages/airflow/example_dags/example_branch_day_of_week_operator.py took 0.053 seconds
[2022-06-08 13:06:21,461] {processor.py:153} INFO - Started process (PID=126858) to work on /home/james/airflowa/lib/python3.8/site-packages/airflow/example_dags/example_branch_day_of_week_operator.py
[2022-06-08 13:06:21,462] {processor.py:641} INFO - Processing file /home/james/airflowa/lib/python3.8/site-packages/airflow/example_dags/example_branch_day_of_week_operator.py for tasks to queue
[2022-06-08 13:06:21,462] {logging_mixin.py:115} INFO - [2022-06-08 13:06:21,462] {dagbag.py:507} INFO - Filling up the DagBag from /home/james/airflowa/lib/python3.8/site-packages/airflow/example_dags/example_branch_day_of_week_operator.py
[2022-06-08 13:06:21,468] {processor.py:651} INFO - DAG(s) dict_keys(['example_weekday_branch_operator']) retrieved from /home/james/airflowa/lib/python3.8/site-packages/airflow/example_dags/example_branch_day_of_week_operator.py
[2022-06-08 13:06:21,481] {logging_mixin.py:115} INFO - [2022-06-08 13:06:21,481] {dag.py:2379} INFO - Sync 1 DAGs
[2022-06-08 13:06:21,496] {logging_mixin.py:115} INFO - [2022-06-08 13:06:21,496] {dag.py:2927} INFO - Setting next_dagrun for example_weekday_branch_operator to 2022-06-07T00:00:00+00:00, run_after=2022-06-08T00:00:00+00:00
[2022-06-08 13:06:21,508] {processor.py:161} INFO - Processing /home/james/airflowa/lib/python3.8/site-packages/airflow/example_dags/example_branch_day_of_week_operator.py took 0.049 seconds
