[2022-06-08 09:04:00,366] {processor.py:153} INFO - Started process (PID=23739) to work on /home/james/airflowa/lib/python3.8/site-packages/airflow/example_dags/example_latest_only_with_trigger.py
[2022-06-08 09:04:00,367] {processor.py:641} INFO - Processing file /home/james/airflowa/lib/python3.8/site-packages/airflow/example_dags/example_latest_only_with_trigger.py for tasks to queue
[2022-06-08 09:04:00,368] {logging_mixin.py:115} INFO - [2022-06-08 09:04:00,368] {dagbag.py:507} INFO - Filling up the DagBag from /home/james/airflowa/lib/python3.8/site-packages/airflow/example_dags/example_latest_only_with_trigger.py
[2022-06-08 09:04:00,376] {processor.py:651} INFO - DAG(s) dict_keys(['latest_only_with_trigger']) retrieved from /home/james/airflowa/lib/python3.8/site-packages/airflow/example_dags/example_latest_only_with_trigger.py
[2022-06-08 09:04:00,406] {logging_mixin.py:115} INFO - [2022-06-08 09:04:00,406] {dag.py:2379} INFO - Sync 1 DAGs
[2022-06-08 09:04:00,434] {logging_mixin.py:115} INFO - [2022-06-08 09:04:00,434] {dag.py:2927} INFO - Setting next_dagrun for latest_only_with_trigger to 2022-06-08T02:04:00.434443+00:00, run_after=2022-06-08T06:04:00.434443+00:00
[2022-06-08 09:04:00,448] {processor.py:161} INFO - Processing /home/james/airflowa/lib/python3.8/site-packages/airflow/example_dags/example_latest_only_with_trigger.py took 0.088 seconds
[2022-06-08 09:04:35,627] {processor.py:153} INFO - Started process (PID=23891) to work on /home/james/airflowa/lib/python3.8/site-packages/airflow/example_dags/example_latest_only_with_trigger.py
[2022-06-08 09:04:35,628] {processor.py:641} INFO - Processing file /home/james/airflowa/lib/python3.8/site-packages/airflow/example_dags/example_latest_only_with_trigger.py for tasks to queue
[2022-06-08 09:04:35,628] {logging_mixin.py:115} INFO - [2022-06-08 09:04:35,628] {dagbag.py:507} INFO - Filling up the DagBag from /home/james/airflowa/lib/python3.8/site-packages/airflow/example_dags/example_latest_only_with_trigger.py
[2022-06-08 09:04:35,635] {processor.py:651} INFO - DAG(s) dict_keys(['latest_only_with_trigger']) retrieved from /home/james/airflowa/lib/python3.8/site-packages/airflow/example_dags/example_latest_only_with_trigger.py
[2022-06-08 09:04:35,652] {logging_mixin.py:115} INFO - [2022-06-08 09:04:35,652] {dag.py:2379} INFO - Sync 1 DAGs
[2022-06-08 09:04:35,671] {logging_mixin.py:115} INFO - [2022-06-08 09:04:35,671] {dag.py:2927} INFO - Setting next_dagrun for latest_only_with_trigger to 2022-06-08T02:04:35.671582+00:00, run_after=2022-06-08T06:04:35.671582+00:00
[2022-06-08 09:04:35,685] {processor.py:161} INFO - Processing /home/james/airflowa/lib/python3.8/site-packages/airflow/example_dags/example_latest_only_with_trigger.py took 0.061 seconds
[2022-06-08 09:05:14,519] {processor.py:153} INFO - Started process (PID=24062) to work on /home/james/airflowa/lib/python3.8/site-packages/airflow/example_dags/example_latest_only_with_trigger.py
[2022-06-08 09:05:14,520] {processor.py:641} INFO - Processing file /home/james/airflowa/lib/python3.8/site-packages/airflow/example_dags/example_latest_only_with_trigger.py for tasks to queue
[2022-06-08 09:05:14,520] {logging_mixin.py:115} INFO - [2022-06-08 09:05:14,520] {dagbag.py:507} INFO - Filling up the DagBag from /home/james/airflowa/lib/python3.8/site-packages/airflow/example_dags/example_latest_only_with_trigger.py
[2022-06-08 09:05:14,526] {processor.py:651} INFO - DAG(s) dict_keys(['latest_only_with_trigger']) retrieved from /home/james/airflowa/lib/python3.8/site-packages/airflow/example_dags/example_latest_only_with_trigger.py
[2022-06-08 09:05:14,539] {logging_mixin.py:115} INFO - [2022-06-08 09:05:14,539] {dag.py:2379} INFO - Sync 1 DAGs
[2022-06-08 09:05:14,554] {logging_mixin.py:115} INFO - [2022-06-08 09:05:14,553] {dag.py:2927} INFO - Setting next_dagrun for latest_only_with_trigger to 2022-06-08T02:05:14.553662+00:00, run_after=2022-06-08T06:05:14.553662+00:00
[2022-06-08 09:05:14,565] {processor.py:161} INFO - Processing /home/james/airflowa/lib/python3.8/site-packages/airflow/example_dags/example_latest_only_with_trigger.py took 0.049 seconds
[2022-06-08 09:06:08,017] {processor.py:153} INFO - Started process (PID=24721) to work on /home/james/airflowa/lib/python3.8/site-packages/airflow/example_dags/example_latest_only_with_trigger.py
[2022-06-08 09:06:08,018] {processor.py:641} INFO - Processing file /home/james/airflowa/lib/python3.8/site-packages/airflow/example_dags/example_latest_only_with_trigger.py for tasks to queue
[2022-06-08 09:06:08,018] {logging_mixin.py:115} INFO - [2022-06-08 09:06:08,018] {dagbag.py:507} INFO - Filling up the DagBag from /home/james/airflowa/lib/python3.8/site-packages/airflow/example_dags/example_latest_only_with_trigger.py
[2022-06-08 09:06:08,024] {processor.py:651} INFO - DAG(s) dict_keys(['latest_only_with_trigger']) retrieved from /home/james/airflowa/lib/python3.8/site-packages/airflow/example_dags/example_latest_only_with_trigger.py
[2022-06-08 09:06:08,041] {logging_mixin.py:115} INFO - [2022-06-08 09:06:08,041] {dag.py:2379} INFO - Sync 1 DAGs
[2022-06-08 09:06:08,060] {logging_mixin.py:115} INFO - [2022-06-08 09:06:08,060] {dag.py:2927} INFO - Setting next_dagrun for latest_only_with_trigger to 2022-06-08T02:06:08.059918+00:00, run_after=2022-06-08T06:06:08.059918+00:00
[2022-06-08 09:06:08,074] {processor.py:161} INFO - Processing /home/james/airflowa/lib/python3.8/site-packages/airflow/example_dags/example_latest_only_with_trigger.py took 0.059 seconds
[2022-06-08 09:07:50,746] {processor.py:153} INFO - Started process (PID=25345) to work on /home/james/airflowa/lib/python3.8/site-packages/airflow/example_dags/example_latest_only_with_trigger.py
[2022-06-08 09:07:50,747] {processor.py:641} INFO - Processing file /home/james/airflowa/lib/python3.8/site-packages/airflow/example_dags/example_latest_only_with_trigger.py for tasks to queue
[2022-06-08 09:07:50,747] {logging_mixin.py:115} INFO - [2022-06-08 09:07:50,747] {dagbag.py:507} INFO - Filling up the DagBag from /home/james/airflowa/lib/python3.8/site-packages/airflow/example_dags/example_latest_only_with_trigger.py
[2022-06-08 09:07:50,755] {processor.py:651} INFO - DAG(s) dict_keys(['latest_only_with_trigger']) retrieved from /home/james/airflowa/lib/python3.8/site-packages/airflow/example_dags/example_latest_only_with_trigger.py
[2022-06-08 09:07:50,773] {logging_mixin.py:115} INFO - [2022-06-08 09:07:50,773] {dag.py:2379} INFO - Sync 1 DAGs
[2022-06-08 09:07:50,797] {logging_mixin.py:115} INFO - [2022-06-08 09:07:50,797] {dag.py:2927} INFO - Setting next_dagrun for latest_only_with_trigger to 2022-06-08T02:07:50.796902+00:00, run_after=2022-06-08T06:07:50.796902+00:00
[2022-06-08 09:07:50,812] {processor.py:161} INFO - Processing /home/james/airflowa/lib/python3.8/site-packages/airflow/example_dags/example_latest_only_with_trigger.py took 0.070 seconds
[2022-06-08 09:09:25,065] {processor.py:153} INFO - Started process (PID=25914) to work on /home/james/airflowa/lib/python3.8/site-packages/airflow/example_dags/example_latest_only_with_trigger.py
[2022-06-08 09:09:25,066] {processor.py:641} INFO - Processing file /home/james/airflowa/lib/python3.8/site-packages/airflow/example_dags/example_latest_only_with_trigger.py for tasks to queue
[2022-06-08 09:09:25,066] {logging_mixin.py:115} INFO - [2022-06-08 09:09:25,066] {dagbag.py:507} INFO - Filling up the DagBag from /home/james/airflowa/lib/python3.8/site-packages/airflow/example_dags/example_latest_only_with_trigger.py
[2022-06-08 09:09:25,076] {processor.py:651} INFO - DAG(s) dict_keys(['latest_only_with_trigger']) retrieved from /home/james/airflowa/lib/python3.8/site-packages/airflow/example_dags/example_latest_only_with_trigger.py
[2022-06-08 09:09:25,101] {logging_mixin.py:115} INFO - [2022-06-08 09:09:25,101] {dag.py:2379} INFO - Sync 1 DAGs
[2022-06-08 09:09:25,132] {logging_mixin.py:115} INFO - [2022-06-08 09:09:25,131] {dag.py:2927} INFO - Setting next_dagrun for latest_only_with_trigger to 2022-06-08T02:09:25.131655+00:00, run_after=2022-06-08T06:09:25.131655+00:00
[2022-06-08 09:09:25,149] {processor.py:161} INFO - Processing /home/james/airflowa/lib/python3.8/site-packages/airflow/example_dags/example_latest_only_with_trigger.py took 0.087 seconds
[2022-06-08 09:11:28,246] {processor.py:153} INFO - Started process (PID=27183) to work on /home/james/airflowa/lib/python3.8/site-packages/airflow/example_dags/example_latest_only_with_trigger.py
[2022-06-08 09:11:28,247] {processor.py:641} INFO - Processing file /home/james/airflowa/lib/python3.8/site-packages/airflow/example_dags/example_latest_only_with_trigger.py for tasks to queue
[2022-06-08 09:11:28,248] {logging_mixin.py:115} INFO - [2022-06-08 09:11:28,248] {dagbag.py:507} INFO - Filling up the DagBag from /home/james/airflowa/lib/python3.8/site-packages/airflow/example_dags/example_latest_only_with_trigger.py
[2022-06-08 09:11:28,263] {processor.py:651} INFO - DAG(s) dict_keys(['latest_only_with_trigger']) retrieved from /home/james/airflowa/lib/python3.8/site-packages/airflow/example_dags/example_latest_only_with_trigger.py
[2022-06-08 09:11:28,298] {logging_mixin.py:115} INFO - [2022-06-08 09:11:28,298] {dag.py:2379} INFO - Sync 1 DAGs
[2022-06-08 09:11:28,331] {logging_mixin.py:115} INFO - [2022-06-08 09:11:28,331] {dag.py:2927} INFO - Setting next_dagrun for latest_only_with_trigger to 2022-06-08T02:11:28.330915+00:00, run_after=2022-06-08T06:11:28.330915+00:00
[2022-06-08 09:11:28,376] {processor.py:161} INFO - Processing /home/james/airflowa/lib/python3.8/site-packages/airflow/example_dags/example_latest_only_with_trigger.py took 0.137 seconds
[2022-06-08 09:13:12,127] {processor.py:153} INFO - Started process (PID=27643) to work on /home/james/airflowa/lib/python3.8/site-packages/airflow/example_dags/example_latest_only_with_trigger.py
[2022-06-08 09:13:12,130] {processor.py:641} INFO - Processing file /home/james/airflowa/lib/python3.8/site-packages/airflow/example_dags/example_latest_only_with_trigger.py for tasks to queue
[2022-06-08 09:13:12,131] {logging_mixin.py:115} INFO - [2022-06-08 09:13:12,131] {dagbag.py:507} INFO - Filling up the DagBag from /home/james/airflowa/lib/python3.8/site-packages/airflow/example_dags/example_latest_only_with_trigger.py
[2022-06-08 09:13:12,146] {processor.py:651} INFO - DAG(s) dict_keys(['latest_only_with_trigger']) retrieved from /home/james/airflowa/lib/python3.8/site-packages/airflow/example_dags/example_latest_only_with_trigger.py
[2022-06-08 09:13:12,183] {logging_mixin.py:115} INFO - [2022-06-08 09:13:12,183] {dag.py:2379} INFO - Sync 1 DAGs
[2022-06-08 09:13:12,225] {logging_mixin.py:115} INFO - [2022-06-08 09:13:12,225] {dag.py:2927} INFO - Setting next_dagrun for latest_only_with_trigger to 2022-06-08T02:13:12.225055+00:00, run_after=2022-06-08T06:13:12.225055+00:00
[2022-06-08 09:13:12,254] {processor.py:161} INFO - Processing /home/james/airflowa/lib/python3.8/site-packages/airflow/example_dags/example_latest_only_with_trigger.py took 0.133 seconds
[2022-06-08 09:14:54,582] {processor.py:153} INFO - Started process (PID=28279) to work on /home/james/airflowa/lib/python3.8/site-packages/airflow/example_dags/example_latest_only_with_trigger.py
[2022-06-08 09:14:54,583] {processor.py:641} INFO - Processing file /home/james/airflowa/lib/python3.8/site-packages/airflow/example_dags/example_latest_only_with_trigger.py for tasks to queue
[2022-06-08 09:14:54,584] {logging_mixin.py:115} INFO - [2022-06-08 09:14:54,584] {dagbag.py:507} INFO - Filling up the DagBag from /home/james/airflowa/lib/python3.8/site-packages/airflow/example_dags/example_latest_only_with_trigger.py
[2022-06-08 09:14:54,596] {processor.py:651} INFO - DAG(s) dict_keys(['latest_only_with_trigger']) retrieved from /home/james/airflowa/lib/python3.8/site-packages/airflow/example_dags/example_latest_only_with_trigger.py
[2022-06-08 09:14:54,629] {logging_mixin.py:115} INFO - [2022-06-08 09:14:54,629] {dag.py:2379} INFO - Sync 1 DAGs
[2022-06-08 09:14:54,669] {logging_mixin.py:115} INFO - [2022-06-08 09:14:54,669] {dag.py:2927} INFO - Setting next_dagrun for latest_only_with_trigger to 2022-06-08T02:14:54.668792+00:00, run_after=2022-06-08T06:14:54.668792+00:00
[2022-06-08 09:14:54,694] {processor.py:161} INFO - Processing /home/james/airflowa/lib/python3.8/site-packages/airflow/example_dags/example_latest_only_with_trigger.py took 0.118 seconds
[2022-06-08 09:16:40,980] {processor.py:153} INFO - Started process (PID=29624) to work on /home/james/airflowa/lib/python3.8/site-packages/airflow/example_dags/example_latest_only_with_trigger.py
[2022-06-08 09:16:40,981] {processor.py:641} INFO - Processing file /home/james/airflowa/lib/python3.8/site-packages/airflow/example_dags/example_latest_only_with_trigger.py for tasks to queue
[2022-06-08 09:16:40,983] {logging_mixin.py:115} INFO - [2022-06-08 09:16:40,982] {dagbag.py:507} INFO - Filling up the DagBag from /home/james/airflowa/lib/python3.8/site-packages/airflow/example_dags/example_latest_only_with_trigger.py
[2022-06-08 09:16:40,995] {processor.py:651} INFO - DAG(s) dict_keys(['latest_only_with_trigger']) retrieved from /home/james/airflowa/lib/python3.8/site-packages/airflow/example_dags/example_latest_only_with_trigger.py
[2022-06-08 09:16:41,026] {logging_mixin.py:115} INFO - [2022-06-08 09:16:41,026] {dag.py:2379} INFO - Sync 1 DAGs
[2022-06-08 09:16:41,062] {logging_mixin.py:115} INFO - [2022-06-08 09:16:41,062] {dag.py:2927} INFO - Setting next_dagrun for latest_only_with_trigger to 2022-06-08T02:16:41.061754+00:00, run_after=2022-06-08T06:16:41.061754+00:00
[2022-06-08 09:16:41,086] {processor.py:161} INFO - Processing /home/james/airflowa/lib/python3.8/site-packages/airflow/example_dags/example_latest_only_with_trigger.py took 0.112 seconds
[2022-06-08 09:18:31,638] {processor.py:153} INFO - Started process (PID=30686) to work on /home/james/airflowa/lib/python3.8/site-packages/airflow/example_dags/example_latest_only_with_trigger.py
[2022-06-08 09:18:31,639] {processor.py:641} INFO - Processing file /home/james/airflowa/lib/python3.8/site-packages/airflow/example_dags/example_latest_only_with_trigger.py for tasks to queue
[2022-06-08 09:18:31,640] {logging_mixin.py:115} INFO - [2022-06-08 09:18:31,640] {dagbag.py:507} INFO - Filling up the DagBag from /home/james/airflowa/lib/python3.8/site-packages/airflow/example_dags/example_latest_only_with_trigger.py
[2022-06-08 09:18:31,655] {processor.py:651} INFO - DAG(s) dict_keys(['latest_only_with_trigger']) retrieved from /home/james/airflowa/lib/python3.8/site-packages/airflow/example_dags/example_latest_only_with_trigger.py
[2022-06-08 09:18:31,685] {logging_mixin.py:115} INFO - [2022-06-08 09:18:31,685] {dag.py:2379} INFO - Sync 1 DAGs
[2022-06-08 09:18:31,726] {logging_mixin.py:115} INFO - [2022-06-08 09:18:31,726] {dag.py:2927} INFO - Setting next_dagrun for latest_only_with_trigger to 2022-06-08T02:18:31.725675+00:00, run_after=2022-06-08T06:18:31.725675+00:00
[2022-06-08 09:18:31,756] {processor.py:161} INFO - Processing /home/james/airflowa/lib/python3.8/site-packages/airflow/example_dags/example_latest_only_with_trigger.py took 0.123 seconds
[2022-06-08 09:20:37,395] {processor.py:153} INFO - Started process (PID=31852) to work on /home/james/airflowa/lib/python3.8/site-packages/airflow/example_dags/example_latest_only_with_trigger.py
[2022-06-08 09:20:37,398] {processor.py:641} INFO - Processing file /home/james/airflowa/lib/python3.8/site-packages/airflow/example_dags/example_latest_only_with_trigger.py for tasks to queue
[2022-06-08 09:20:37,400] {logging_mixin.py:115} INFO - [2022-06-08 09:20:37,400] {dagbag.py:507} INFO - Filling up the DagBag from /home/james/airflowa/lib/python3.8/site-packages/airflow/example_dags/example_latest_only_with_trigger.py
[2022-06-08 09:20:37,420] {processor.py:651} INFO - DAG(s) dict_keys(['latest_only_with_trigger']) retrieved from /home/james/airflowa/lib/python3.8/site-packages/airflow/example_dags/example_latest_only_with_trigger.py
[2022-06-08 09:20:37,498] {logging_mixin.py:115} INFO - [2022-06-08 09:20:37,498] {dag.py:2379} INFO - Sync 1 DAGs
[2022-06-08 09:20:37,554] {logging_mixin.py:115} INFO - [2022-06-08 09:20:37,553] {dag.py:2927} INFO - Setting next_dagrun for latest_only_with_trigger to 2022-06-08T02:20:37.553210+00:00, run_after=2022-06-08T06:20:37.553210+00:00
[2022-06-08 09:20:37,577] {processor.py:161} INFO - Processing /home/james/airflowa/lib/python3.8/site-packages/airflow/example_dags/example_latest_only_with_trigger.py took 0.198 seconds
[2022-06-08 09:22:39,022] {processor.py:153} INFO - Started process (PID=33012) to work on /home/james/airflowa/lib/python3.8/site-packages/airflow/example_dags/example_latest_only_with_trigger.py
[2022-06-08 09:22:39,023] {processor.py:641} INFO - Processing file /home/james/airflowa/lib/python3.8/site-packages/airflow/example_dags/example_latest_only_with_trigger.py for tasks to queue
[2022-06-08 09:22:39,024] {logging_mixin.py:115} INFO - [2022-06-08 09:22:39,023] {dagbag.py:507} INFO - Filling up the DagBag from /home/james/airflowa/lib/python3.8/site-packages/airflow/example_dags/example_latest_only_with_trigger.py
[2022-06-08 09:22:39,040] {processor.py:651} INFO - DAG(s) dict_keys(['latest_only_with_trigger']) retrieved from /home/james/airflowa/lib/python3.8/site-packages/airflow/example_dags/example_latest_only_with_trigger.py
[2022-06-08 09:22:39,113] {logging_mixin.py:115} INFO - [2022-06-08 09:22:39,113] {dag.py:2379} INFO - Sync 1 DAGs
[2022-06-08 09:22:39,181] {logging_mixin.py:115} INFO - [2022-06-08 09:22:39,181] {dag.py:2927} INFO - Setting next_dagrun for latest_only_with_trigger to 2022-06-08T02:22:39.180588+00:00, run_after=2022-06-08T06:22:39.180588+00:00
[2022-06-08 09:22:39,242] {processor.py:161} INFO - Processing /home/james/airflowa/lib/python3.8/site-packages/airflow/example_dags/example_latest_only_with_trigger.py took 0.227 seconds
[2022-06-08 09:24:48,681] {processor.py:153} INFO - Started process (PID=33746) to work on /home/james/airflowa/lib/python3.8/site-packages/airflow/example_dags/example_latest_only_with_trigger.py
[2022-06-08 09:24:48,683] {processor.py:641} INFO - Processing file /home/james/airflowa/lib/python3.8/site-packages/airflow/example_dags/example_latest_only_with_trigger.py for tasks to queue
[2022-06-08 09:24:48,684] {logging_mixin.py:115} INFO - [2022-06-08 09:24:48,683] {dagbag.py:507} INFO - Filling up the DagBag from /home/james/airflowa/lib/python3.8/site-packages/airflow/example_dags/example_latest_only_with_trigger.py
[2022-06-08 09:24:48,696] {processor.py:651} INFO - DAG(s) dict_keys(['latest_only_with_trigger']) retrieved from /home/james/airflowa/lib/python3.8/site-packages/airflow/example_dags/example_latest_only_with_trigger.py
[2022-06-08 09:24:48,739] {logging_mixin.py:115} INFO - [2022-06-08 09:24:48,739] {dag.py:2379} INFO - Sync 1 DAGs
[2022-06-08 09:24:48,786] {logging_mixin.py:115} INFO - [2022-06-08 09:24:48,785] {dag.py:2927} INFO - Setting next_dagrun for latest_only_with_trigger to 2022-06-08T02:24:48.785411+00:00, run_after=2022-06-08T06:24:48.785411+00:00
[2022-06-08 09:24:48,810] {processor.py:161} INFO - Processing /home/james/airflowa/lib/python3.8/site-packages/airflow/example_dags/example_latest_only_with_trigger.py took 0.134 seconds
[2022-06-08 09:26:56,583] {processor.py:153} INFO - Started process (PID=34557) to work on /home/james/airflowa/lib/python3.8/site-packages/airflow/example_dags/example_latest_only_with_trigger.py
[2022-06-08 09:26:56,584] {processor.py:641} INFO - Processing file /home/james/airflowa/lib/python3.8/site-packages/airflow/example_dags/example_latest_only_with_trigger.py for tasks to queue
[2022-06-08 09:26:56,584] {logging_mixin.py:115} INFO - [2022-06-08 09:26:56,584] {dagbag.py:507} INFO - Filling up the DagBag from /home/james/airflowa/lib/python3.8/site-packages/airflow/example_dags/example_latest_only_with_trigger.py
[2022-06-08 09:26:56,593] {processor.py:651} INFO - DAG(s) dict_keys(['latest_only_with_trigger']) retrieved from /home/james/airflowa/lib/python3.8/site-packages/airflow/example_dags/example_latest_only_with_trigger.py
[2022-06-08 09:26:56,615] {logging_mixin.py:115} INFO - [2022-06-08 09:26:56,615] {dag.py:2379} INFO - Sync 1 DAGs
[2022-06-08 09:26:56,641] {logging_mixin.py:115} INFO - [2022-06-08 09:26:56,641] {dag.py:2927} INFO - Setting next_dagrun for latest_only_with_trigger to 2022-06-08T02:26:56.641181+00:00, run_after=2022-06-08T06:26:56.641181+00:00
[2022-06-08 09:26:56,661] {processor.py:161} INFO - Processing /home/james/airflowa/lib/python3.8/site-packages/airflow/example_dags/example_latest_only_with_trigger.py took 0.083 seconds
[2022-06-08 09:28:52,392] {processor.py:153} INFO - Started process (PID=35062) to work on /home/james/airflowa/lib/python3.8/site-packages/airflow/example_dags/example_latest_only_with_trigger.py
[2022-06-08 09:28:52,393] {processor.py:641} INFO - Processing file /home/james/airflowa/lib/python3.8/site-packages/airflow/example_dags/example_latest_only_with_trigger.py for tasks to queue
[2022-06-08 09:28:52,395] {logging_mixin.py:115} INFO - [2022-06-08 09:28:52,395] {dagbag.py:507} INFO - Filling up the DagBag from /home/james/airflowa/lib/python3.8/site-packages/airflow/example_dags/example_latest_only_with_trigger.py
[2022-06-08 09:28:52,409] {processor.py:651} INFO - DAG(s) dict_keys(['latest_only_with_trigger']) retrieved from /home/james/airflowa/lib/python3.8/site-packages/airflow/example_dags/example_latest_only_with_trigger.py
[2022-06-08 09:28:52,448] {logging_mixin.py:115} INFO - [2022-06-08 09:28:52,448] {dag.py:2379} INFO - Sync 1 DAGs
[2022-06-08 09:28:52,502] {logging_mixin.py:115} INFO - [2022-06-08 09:28:52,502] {dag.py:2927} INFO - Setting next_dagrun for latest_only_with_trigger to 2022-06-08T02:28:52.501629+00:00, run_after=2022-06-08T06:28:52.501629+00:00
[2022-06-08 09:28:52,539] {processor.py:161} INFO - Processing /home/james/airflowa/lib/python3.8/site-packages/airflow/example_dags/example_latest_only_with_trigger.py took 0.153 seconds
[2022-06-08 11:27:43,300] {processor.py:153} INFO - Started process (PID=76541) to work on /home/james/airflowa/lib/python3.8/site-packages/airflow/example_dags/example_latest_only_with_trigger.py
[2022-06-08 11:27:43,301] {processor.py:641} INFO - Processing file /home/james/airflowa/lib/python3.8/site-packages/airflow/example_dags/example_latest_only_with_trigger.py for tasks to queue
[2022-06-08 11:27:43,302] {logging_mixin.py:115} INFO - [2022-06-08 11:27:43,302] {dagbag.py:507} INFO - Filling up the DagBag from /home/james/airflowa/lib/python3.8/site-packages/airflow/example_dags/example_latest_only_with_trigger.py
[2022-06-08 11:27:43,307] {processor.py:651} INFO - DAG(s) dict_keys(['latest_only_with_trigger']) retrieved from /home/james/airflowa/lib/python3.8/site-packages/airflow/example_dags/example_latest_only_with_trigger.py
[2022-06-08 11:27:43,319] {logging_mixin.py:115} INFO - [2022-06-08 11:27:43,319] {dag.py:2379} INFO - Sync 1 DAGs
[2022-06-08 11:27:43,334] {logging_mixin.py:115} INFO - [2022-06-08 11:27:43,334] {dag.py:2927} INFO - Setting next_dagrun for latest_only_with_trigger to 2022-06-08T04:27:43.334084+00:00, run_after=2022-06-08T08:27:43.334084+00:00
[2022-06-08 11:27:43,348] {processor.py:161} INFO - Processing /home/james/airflowa/lib/python3.8/site-packages/airflow/example_dags/example_latest_only_with_trigger.py took 0.051 seconds
[2022-06-08 11:28:21,016] {processor.py:153} INFO - Started process (PID=76826) to work on /home/james/airflowa/lib/python3.8/site-packages/airflow/example_dags/example_latest_only_with_trigger.py
[2022-06-08 11:28:21,016] {processor.py:641} INFO - Processing file /home/james/airflowa/lib/python3.8/site-packages/airflow/example_dags/example_latest_only_with_trigger.py for tasks to queue
[2022-06-08 11:28:21,017] {logging_mixin.py:115} INFO - [2022-06-08 11:28:21,017] {dagbag.py:507} INFO - Filling up the DagBag from /home/james/airflowa/lib/python3.8/site-packages/airflow/example_dags/example_latest_only_with_trigger.py
[2022-06-08 11:28:21,022] {processor.py:651} INFO - DAG(s) dict_keys(['latest_only_with_trigger']) retrieved from /home/james/airflowa/lib/python3.8/site-packages/airflow/example_dags/example_latest_only_with_trigger.py
[2022-06-08 11:28:21,035] {logging_mixin.py:115} INFO - [2022-06-08 11:28:21,035] {dag.py:2379} INFO - Sync 1 DAGs
[2022-06-08 11:28:21,050] {logging_mixin.py:115} INFO - [2022-06-08 11:28:21,050] {dag.py:2927} INFO - Setting next_dagrun for latest_only_with_trigger to 2022-06-08T04:28:21.050668+00:00, run_after=2022-06-08T08:28:21.050668+00:00
[2022-06-08 11:28:21,062] {processor.py:161} INFO - Processing /home/james/airflowa/lib/python3.8/site-packages/airflow/example_dags/example_latest_only_with_trigger.py took 0.049 seconds
[2022-06-08 11:28:58,373] {processor.py:153} INFO - Started process (PID=77125) to work on /home/james/airflowa/lib/python3.8/site-packages/airflow/example_dags/example_latest_only_with_trigger.py
[2022-06-08 11:28:58,374] {processor.py:641} INFO - Processing file /home/james/airflowa/lib/python3.8/site-packages/airflow/example_dags/example_latest_only_with_trigger.py for tasks to queue
[2022-06-08 11:28:58,374] {logging_mixin.py:115} INFO - [2022-06-08 11:28:58,374] {dagbag.py:507} INFO - Filling up the DagBag from /home/james/airflowa/lib/python3.8/site-packages/airflow/example_dags/example_latest_only_with_trigger.py
[2022-06-08 11:28:58,380] {processor.py:651} INFO - DAG(s) dict_keys(['latest_only_with_trigger']) retrieved from /home/james/airflowa/lib/python3.8/site-packages/airflow/example_dags/example_latest_only_with_trigger.py
[2022-06-08 11:28:58,393] {logging_mixin.py:115} INFO - [2022-06-08 11:28:58,393] {dag.py:2379} INFO - Sync 1 DAGs
[2022-06-08 11:28:58,411] {logging_mixin.py:115} INFO - [2022-06-08 11:28:58,411] {dag.py:2927} INFO - Setting next_dagrun for latest_only_with_trigger to 2022-06-08T04:28:58.410748+00:00, run_after=2022-06-08T08:28:58.410748+00:00
[2022-06-08 11:28:58,425] {processor.py:161} INFO - Processing /home/james/airflowa/lib/python3.8/site-packages/airflow/example_dags/example_latest_only_with_trigger.py took 0.056 seconds
[2022-06-08 11:29:37,173] {processor.py:153} INFO - Started process (PID=77502) to work on /home/james/airflowa/lib/python3.8/site-packages/airflow/example_dags/example_latest_only_with_trigger.py
[2022-06-08 11:29:37,174] {processor.py:641} INFO - Processing file /home/james/airflowa/lib/python3.8/site-packages/airflow/example_dags/example_latest_only_with_trigger.py for tasks to queue
[2022-06-08 11:29:37,174] {logging_mixin.py:115} INFO - [2022-06-08 11:29:37,174] {dagbag.py:507} INFO - Filling up the DagBag from /home/james/airflowa/lib/python3.8/site-packages/airflow/example_dags/example_latest_only_with_trigger.py
[2022-06-08 11:29:37,180] {processor.py:651} INFO - DAG(s) dict_keys(['latest_only_with_trigger']) retrieved from /home/james/airflowa/lib/python3.8/site-packages/airflow/example_dags/example_latest_only_with_trigger.py
[2022-06-08 11:29:37,192] {logging_mixin.py:115} INFO - [2022-06-08 11:29:37,192] {dag.py:2379} INFO - Sync 1 DAGs
[2022-06-08 11:29:37,206] {logging_mixin.py:115} INFO - [2022-06-08 11:29:37,206] {dag.py:2927} INFO - Setting next_dagrun for latest_only_with_trigger to 2022-06-08T04:29:37.206519+00:00, run_after=2022-06-08T08:29:37.206519+00:00
[2022-06-08 11:29:37,217] {processor.py:161} INFO - Processing /home/james/airflowa/lib/python3.8/site-packages/airflow/example_dags/example_latest_only_with_trigger.py took 0.046 seconds
[2022-06-08 11:31:21,241] {processor.py:153} INFO - Started process (PID=78419) to work on /home/james/airflowa/lib/python3.8/site-packages/airflow/example_dags/example_latest_only_with_trigger.py
[2022-06-08 11:31:21,242] {processor.py:641} INFO - Processing file /home/james/airflowa/lib/python3.8/site-packages/airflow/example_dags/example_latest_only_with_trigger.py for tasks to queue
[2022-06-08 11:31:21,242] {logging_mixin.py:115} INFO - [2022-06-08 11:31:21,242] {dagbag.py:507} INFO - Filling up the DagBag from /home/james/airflowa/lib/python3.8/site-packages/airflow/example_dags/example_latest_only_with_trigger.py
[2022-06-08 11:31:21,248] {processor.py:651} INFO - DAG(s) dict_keys(['latest_only_with_trigger']) retrieved from /home/james/airflowa/lib/python3.8/site-packages/airflow/example_dags/example_latest_only_with_trigger.py
[2022-06-08 11:31:21,263] {logging_mixin.py:115} INFO - [2022-06-08 11:31:21,263] {dag.py:2379} INFO - Sync 1 DAGs
[2022-06-08 11:31:21,281] {logging_mixin.py:115} INFO - [2022-06-08 11:31:21,281] {dag.py:2927} INFO - Setting next_dagrun for latest_only_with_trigger to 2022-06-08T04:31:21.281224+00:00, run_after=2022-06-08T08:31:21.281224+00:00
[2022-06-08 11:31:21,294] {processor.py:161} INFO - Processing /home/james/airflowa/lib/python3.8/site-packages/airflow/example_dags/example_latest_only_with_trigger.py took 0.055 seconds
[2022-06-08 11:32:07,032] {processor.py:153} INFO - Started process (PID=78763) to work on /home/james/airflowa/lib/python3.8/site-packages/airflow/example_dags/example_latest_only_with_trigger.py
[2022-06-08 11:32:07,033] {processor.py:641} INFO - Processing file /home/james/airflowa/lib/python3.8/site-packages/airflow/example_dags/example_latest_only_with_trigger.py for tasks to queue
[2022-06-08 11:32:07,034] {logging_mixin.py:115} INFO - [2022-06-08 11:32:07,034] {dagbag.py:507} INFO - Filling up the DagBag from /home/james/airflowa/lib/python3.8/site-packages/airflow/example_dags/example_latest_only_with_trigger.py
[2022-06-08 11:32:07,042] {processor.py:651} INFO - DAG(s) dict_keys(['latest_only_with_trigger']) retrieved from /home/james/airflowa/lib/python3.8/site-packages/airflow/example_dags/example_latest_only_with_trigger.py
[2022-06-08 11:32:07,061] {logging_mixin.py:115} INFO - [2022-06-08 11:32:07,061] {dag.py:2379} INFO - Sync 1 DAGs
[2022-06-08 11:32:07,092] {logging_mixin.py:115} INFO - [2022-06-08 11:32:07,092] {dag.py:2927} INFO - Setting next_dagrun for latest_only_with_trigger to 2022-06-08T04:32:07.091638+00:00, run_after=2022-06-08T08:32:07.091638+00:00
[2022-06-08 11:32:07,113] {processor.py:161} INFO - Processing /home/james/airflowa/lib/python3.8/site-packages/airflow/example_dags/example_latest_only_with_trigger.py took 0.084 seconds
[2022-06-08 11:32:54,148] {processor.py:153} INFO - Started process (PID=79060) to work on /home/james/airflowa/lib/python3.8/site-packages/airflow/example_dags/example_latest_only_with_trigger.py
[2022-06-08 11:32:54,150] {processor.py:641} INFO - Processing file /home/james/airflowa/lib/python3.8/site-packages/airflow/example_dags/example_latest_only_with_trigger.py for tasks to queue
[2022-06-08 11:32:54,151] {logging_mixin.py:115} INFO - [2022-06-08 11:32:54,150] {dagbag.py:507} INFO - Filling up the DagBag from /home/james/airflowa/lib/python3.8/site-packages/airflow/example_dags/example_latest_only_with_trigger.py
[2022-06-08 11:32:54,160] {processor.py:651} INFO - DAG(s) dict_keys(['latest_only_with_trigger']) retrieved from /home/james/airflowa/lib/python3.8/site-packages/airflow/example_dags/example_latest_only_with_trigger.py
[2022-06-08 11:32:54,182] {logging_mixin.py:115} INFO - [2022-06-08 11:32:54,182] {dag.py:2379} INFO - Sync 1 DAGs
[2022-06-08 11:32:54,210] {logging_mixin.py:115} INFO - [2022-06-08 11:32:54,210] {dag.py:2927} INFO - Setting next_dagrun for latest_only_with_trigger to 2022-06-08T04:32:54.209685+00:00, run_after=2022-06-08T08:32:54.209685+00:00
[2022-06-08 11:32:54,227] {processor.py:161} INFO - Processing /home/james/airflowa/lib/python3.8/site-packages/airflow/example_dags/example_latest_only_with_trigger.py took 0.085 seconds
[2022-06-08 11:33:43,931] {processor.py:153} INFO - Started process (PID=79350) to work on /home/james/airflowa/lib/python3.8/site-packages/airflow/example_dags/example_latest_only_with_trigger.py
[2022-06-08 11:33:43,932] {processor.py:641} INFO - Processing file /home/james/airflowa/lib/python3.8/site-packages/airflow/example_dags/example_latest_only_with_trigger.py for tasks to queue
[2022-06-08 11:33:43,933] {logging_mixin.py:115} INFO - [2022-06-08 11:33:43,933] {dagbag.py:507} INFO - Filling up the DagBag from /home/james/airflowa/lib/python3.8/site-packages/airflow/example_dags/example_latest_only_with_trigger.py
[2022-06-08 11:33:43,944] {processor.py:651} INFO - DAG(s) dict_keys(['latest_only_with_trigger']) retrieved from /home/james/airflowa/lib/python3.8/site-packages/airflow/example_dags/example_latest_only_with_trigger.py
[2022-06-08 11:33:43,966] {logging_mixin.py:115} INFO - [2022-06-08 11:33:43,966] {dag.py:2379} INFO - Sync 1 DAGs
[2022-06-08 11:33:43,994] {logging_mixin.py:115} INFO - [2022-06-08 11:33:43,994] {dag.py:2927} INFO - Setting next_dagrun for latest_only_with_trigger to 2022-06-08T04:33:43.994349+00:00, run_after=2022-06-08T08:33:43.994349+00:00
[2022-06-08 11:33:44,010] {processor.py:161} INFO - Processing /home/james/airflowa/lib/python3.8/site-packages/airflow/example_dags/example_latest_only_with_trigger.py took 0.082 seconds
[2022-06-08 11:34:33,388] {processor.py:153} INFO - Started process (PID=79994) to work on /home/james/airflowa/lib/python3.8/site-packages/airflow/example_dags/example_latest_only_with_trigger.py
[2022-06-08 11:34:33,389] {processor.py:641} INFO - Processing file /home/james/airflowa/lib/python3.8/site-packages/airflow/example_dags/example_latest_only_with_trigger.py for tasks to queue
[2022-06-08 11:34:33,390] {logging_mixin.py:115} INFO - [2022-06-08 11:34:33,390] {dagbag.py:507} INFO - Filling up the DagBag from /home/james/airflowa/lib/python3.8/site-packages/airflow/example_dags/example_latest_only_with_trigger.py
[2022-06-08 11:34:33,398] {processor.py:651} INFO - DAG(s) dict_keys(['latest_only_with_trigger']) retrieved from /home/james/airflowa/lib/python3.8/site-packages/airflow/example_dags/example_latest_only_with_trigger.py
[2022-06-08 11:34:33,418] {logging_mixin.py:115} INFO - [2022-06-08 11:34:33,418] {dag.py:2379} INFO - Sync 1 DAGs
[2022-06-08 11:34:33,443] {logging_mixin.py:115} INFO - [2022-06-08 11:34:33,443] {dag.py:2927} INFO - Setting next_dagrun for latest_only_with_trigger to 2022-06-08T04:34:33.443161+00:00, run_after=2022-06-08T08:34:33.443161+00:00
[2022-06-08 11:34:33,459] {processor.py:161} INFO - Processing /home/james/airflowa/lib/python3.8/site-packages/airflow/example_dags/example_latest_only_with_trigger.py took 0.075 seconds
[2022-06-08 12:21:32,930] {processor.py:153} INFO - Started process (PID=104651) to work on /home/james/airflowa/lib/python3.8/site-packages/airflow/example_dags/example_latest_only_with_trigger.py
[2022-06-08 12:21:32,932] {processor.py:641} INFO - Processing file /home/james/airflowa/lib/python3.8/site-packages/airflow/example_dags/example_latest_only_with_trigger.py for tasks to queue
[2022-06-08 12:21:32,932] {logging_mixin.py:115} INFO - [2022-06-08 12:21:32,932] {dagbag.py:507} INFO - Filling up the DagBag from /home/james/airflowa/lib/python3.8/site-packages/airflow/example_dags/example_latest_only_with_trigger.py
[2022-06-08 12:21:32,942] {processor.py:651} INFO - DAG(s) dict_keys(['latest_only_with_trigger']) retrieved from /home/james/airflowa/lib/python3.8/site-packages/airflow/example_dags/example_latest_only_with_trigger.py
[2022-06-08 12:21:32,969] {logging_mixin.py:115} INFO - [2022-06-08 12:21:32,969] {dag.py:2379} INFO - Sync 1 DAGs
[2022-06-08 12:21:33,000] {logging_mixin.py:115} INFO - [2022-06-08 12:21:32,999] {dag.py:2927} INFO - Setting next_dagrun for latest_only_with_trigger to 2022-06-08T05:21:32.999491+00:00, run_after=2022-06-08T09:21:32.999491+00:00
[2022-06-08 12:21:33,019] {processor.py:161} INFO - Processing /home/james/airflowa/lib/python3.8/site-packages/airflow/example_dags/example_latest_only_with_trigger.py took 0.092 seconds
[2022-06-08 12:22:28,447] {processor.py:153} INFO - Started process (PID=104938) to work on /home/james/airflowa/lib/python3.8/site-packages/airflow/example_dags/example_latest_only_with_trigger.py
[2022-06-08 12:22:28,449] {processor.py:641} INFO - Processing file /home/james/airflowa/lib/python3.8/site-packages/airflow/example_dags/example_latest_only_with_trigger.py for tasks to queue
[2022-06-08 12:22:28,449] {logging_mixin.py:115} INFO - [2022-06-08 12:22:28,449] {dagbag.py:507} INFO - Filling up the DagBag from /home/james/airflowa/lib/python3.8/site-packages/airflow/example_dags/example_latest_only_with_trigger.py
[2022-06-08 12:22:28,457] {processor.py:651} INFO - DAG(s) dict_keys(['latest_only_with_trigger']) retrieved from /home/james/airflowa/lib/python3.8/site-packages/airflow/example_dags/example_latest_only_with_trigger.py
[2022-06-08 12:22:28,477] {logging_mixin.py:115} INFO - [2022-06-08 12:22:28,477] {dag.py:2379} INFO - Sync 1 DAGs
[2022-06-08 12:22:28,501] {logging_mixin.py:115} INFO - [2022-06-08 12:22:28,501] {dag.py:2927} INFO - Setting next_dagrun for latest_only_with_trigger to 2022-06-08T05:22:28.500780+00:00, run_after=2022-06-08T09:22:28.500780+00:00
[2022-06-08 12:22:28,516] {processor.py:161} INFO - Processing /home/james/airflowa/lib/python3.8/site-packages/airflow/example_dags/example_latest_only_with_trigger.py took 0.071 seconds
[2022-06-08 12:23:14,656] {processor.py:153} INFO - Started process (PID=105367) to work on /home/james/airflowa/lib/python3.8/site-packages/airflow/example_dags/example_latest_only_with_trigger.py
[2022-06-08 12:23:14,662] {processor.py:641} INFO - Processing file /home/james/airflowa/lib/python3.8/site-packages/airflow/example_dags/example_latest_only_with_trigger.py for tasks to queue
[2022-06-08 12:23:14,663] {logging_mixin.py:115} INFO - [2022-06-08 12:23:14,663] {dagbag.py:507} INFO - Filling up the DagBag from /home/james/airflowa/lib/python3.8/site-packages/airflow/example_dags/example_latest_only_with_trigger.py
[2022-06-08 12:23:14,698] {processor.py:651} INFO - DAG(s) dict_keys(['latest_only_with_trigger']) retrieved from /home/james/airflowa/lib/python3.8/site-packages/airflow/example_dags/example_latest_only_with_trigger.py
[2022-06-08 12:23:14,751] {logging_mixin.py:115} INFO - [2022-06-08 12:23:14,751] {dag.py:2379} INFO - Sync 1 DAGs
[2022-06-08 12:23:14,796] {logging_mixin.py:115} INFO - [2022-06-08 12:23:14,796] {dag.py:2927} INFO - Setting next_dagrun for latest_only_with_trigger to 2022-06-08T05:23:14.795748+00:00, run_after=2022-06-08T09:23:14.795748+00:00
[2022-06-08 12:23:14,826] {processor.py:161} INFO - Processing /home/james/airflowa/lib/python3.8/site-packages/airflow/example_dags/example_latest_only_with_trigger.py took 0.219 seconds
[2022-06-08 12:35:23,593] {processor.py:153} INFO - Started process (PID=112091) to work on /home/james/airflowa/lib/python3.8/site-packages/airflow/example_dags/example_latest_only_with_trigger.py
[2022-06-08 12:35:23,595] {processor.py:641} INFO - Processing file /home/james/airflowa/lib/python3.8/site-packages/airflow/example_dags/example_latest_only_with_trigger.py for tasks to queue
[2022-06-08 12:35:23,598] {logging_mixin.py:115} INFO - [2022-06-08 12:35:23,597] {dagbag.py:507} INFO - Filling up the DagBag from /home/james/airflowa/lib/python3.8/site-packages/airflow/example_dags/example_latest_only_with_trigger.py
[2022-06-08 12:35:23,620] {processor.py:651} INFO - DAG(s) dict_keys(['latest_only_with_trigger']) retrieved from /home/james/airflowa/lib/python3.8/site-packages/airflow/example_dags/example_latest_only_with_trigger.py
[2022-06-08 12:35:23,673] {logging_mixin.py:115} INFO - [2022-06-08 12:35:23,673] {dag.py:2379} INFO - Sync 1 DAGs
[2022-06-08 12:35:23,742] {logging_mixin.py:115} INFO - [2022-06-08 12:35:23,742] {dag.py:2927} INFO - Setting next_dagrun for latest_only_with_trigger to 2022-06-08T05:35:23.741417+00:00, run_after=2022-06-08T09:35:23.741417+00:00
[2022-06-08 12:35:23,781] {processor.py:161} INFO - Processing /home/james/airflowa/lib/python3.8/site-packages/airflow/example_dags/example_latest_only_with_trigger.py took 0.207 seconds
[2022-06-08 12:38:56,802] {processor.py:153} INFO - Started process (PID=115392) to work on /home/james/airflowa/lib/python3.8/site-packages/airflow/example_dags/example_latest_only_with_trigger.py
[2022-06-08 12:38:56,816] {processor.py:641} INFO - Processing file /home/james/airflowa/lib/python3.8/site-packages/airflow/example_dags/example_latest_only_with_trigger.py for tasks to queue
[2022-06-08 12:38:56,818] {logging_mixin.py:115} INFO - [2022-06-08 12:38:56,818] {dagbag.py:507} INFO - Filling up the DagBag from /home/james/airflowa/lib/python3.8/site-packages/airflow/example_dags/example_latest_only_with_trigger.py
[2022-06-08 12:38:57,046] {processor.py:651} INFO - DAG(s) dict_keys(['latest_only_with_trigger']) retrieved from /home/james/airflowa/lib/python3.8/site-packages/airflow/example_dags/example_latest_only_with_trigger.py
[2022-06-08 12:38:57,358] {logging_mixin.py:115} INFO - [2022-06-08 12:38:57,358] {dag.py:2379} INFO - Sync 1 DAGs
[2022-06-08 12:38:57,634] {logging_mixin.py:115} INFO - [2022-06-08 12:38:57,633] {dag.py:2927} INFO - Setting next_dagrun for latest_only_with_trigger to 2022-06-08T05:38:57.585604+00:00, run_after=2022-06-08T09:38:57.585604+00:00
[2022-06-08 12:38:58,102] {processor.py:161} INFO - Processing /home/james/airflowa/lib/python3.8/site-packages/airflow/example_dags/example_latest_only_with_trigger.py took 1.332 seconds
[2022-06-08 12:40:00,490] {processor.py:153} INFO - Started process (PID=115888) to work on /home/james/airflowa/lib/python3.8/site-packages/airflow/example_dags/example_latest_only_with_trigger.py
[2022-06-08 12:40:00,491] {processor.py:641} INFO - Processing file /home/james/airflowa/lib/python3.8/site-packages/airflow/example_dags/example_latest_only_with_trigger.py for tasks to queue
[2022-06-08 12:40:00,491] {logging_mixin.py:115} INFO - [2022-06-08 12:40:00,491] {dagbag.py:507} INFO - Filling up the DagBag from /home/james/airflowa/lib/python3.8/site-packages/airflow/example_dags/example_latest_only_with_trigger.py
[2022-06-08 12:40:00,497] {processor.py:651} INFO - DAG(s) dict_keys(['latest_only_with_trigger']) retrieved from /home/james/airflowa/lib/python3.8/site-packages/airflow/example_dags/example_latest_only_with_trigger.py
[2022-06-08 12:40:00,510] {logging_mixin.py:115} INFO - [2022-06-08 12:40:00,509] {dag.py:2379} INFO - Sync 1 DAGs
[2022-06-08 12:40:00,526] {logging_mixin.py:115} INFO - [2022-06-08 12:40:00,526] {dag.py:2927} INFO - Setting next_dagrun for latest_only_with_trigger to 2022-06-08T05:40:00.525928+00:00, run_after=2022-06-08T09:40:00.525928+00:00
[2022-06-08 12:40:00,536] {processor.py:161} INFO - Processing /home/james/airflowa/lib/python3.8/site-packages/airflow/example_dags/example_latest_only_with_trigger.py took 0.050 seconds
[2022-06-08 12:40:58,812] {processor.py:153} INFO - Started process (PID=116649) to work on /home/james/airflowa/lib/python3.8/site-packages/airflow/example_dags/example_latest_only_with_trigger.py
[2022-06-08 12:40:58,812] {processor.py:641} INFO - Processing file /home/james/airflowa/lib/python3.8/site-packages/airflow/example_dags/example_latest_only_with_trigger.py for tasks to queue
[2022-06-08 12:40:58,813] {logging_mixin.py:115} INFO - [2022-06-08 12:40:58,813] {dagbag.py:507} INFO - Filling up the DagBag from /home/james/airflowa/lib/python3.8/site-packages/airflow/example_dags/example_latest_only_with_trigger.py
[2022-06-08 12:40:58,820] {processor.py:651} INFO - DAG(s) dict_keys(['latest_only_with_trigger']) retrieved from /home/james/airflowa/lib/python3.8/site-packages/airflow/example_dags/example_latest_only_with_trigger.py
[2022-06-08 12:40:58,840] {logging_mixin.py:115} INFO - [2022-06-08 12:40:58,840] {dag.py:2379} INFO - Sync 1 DAGs
[2022-06-08 12:40:58,865] {logging_mixin.py:115} INFO - [2022-06-08 12:40:58,865] {dag.py:2927} INFO - Setting next_dagrun for latest_only_with_trigger to 2022-06-08T05:40:58.865196+00:00, run_after=2022-06-08T09:40:58.865196+00:00
[2022-06-08 12:40:58,884] {processor.py:161} INFO - Processing /home/james/airflowa/lib/python3.8/site-packages/airflow/example_dags/example_latest_only_with_trigger.py took 0.076 seconds
[2022-06-08 12:44:58,594] {processor.py:153} INFO - Started process (PID=118073) to work on /home/james/airflowa/lib/python3.8/site-packages/airflow/example_dags/example_latest_only_with_trigger.py
[2022-06-08 12:44:58,595] {processor.py:641} INFO - Processing file /home/james/airflowa/lib/python3.8/site-packages/airflow/example_dags/example_latest_only_with_trigger.py for tasks to queue
[2022-06-08 12:44:58,595] {logging_mixin.py:115} INFO - [2022-06-08 12:44:58,595] {dagbag.py:507} INFO - Filling up the DagBag from /home/james/airflowa/lib/python3.8/site-packages/airflow/example_dags/example_latest_only_with_trigger.py
[2022-06-08 12:44:58,603] {processor.py:651} INFO - DAG(s) dict_keys(['latest_only_with_trigger']) retrieved from /home/james/airflowa/lib/python3.8/site-packages/airflow/example_dags/example_latest_only_with_trigger.py
[2022-06-08 12:44:58,629] {logging_mixin.py:115} INFO - [2022-06-08 12:44:58,629] {dag.py:2379} INFO - Sync 1 DAGs
[2022-06-08 12:44:58,649] {logging_mixin.py:115} INFO - [2022-06-08 12:44:58,649] {dag.py:2927} INFO - Setting next_dagrun for latest_only_with_trigger to 2022-06-08T05:44:58.649049+00:00, run_after=2022-06-08T09:44:58.649049+00:00
[2022-06-08 12:44:58,664] {processor.py:161} INFO - Processing /home/james/airflowa/lib/python3.8/site-packages/airflow/example_dags/example_latest_only_with_trigger.py took 0.074 seconds
[2022-06-08 12:45:44,332] {processor.py:153} INFO - Started process (PID=118313) to work on /home/james/airflowa/lib/python3.8/site-packages/airflow/example_dags/example_latest_only_with_trigger.py
[2022-06-08 12:45:44,332] {processor.py:641} INFO - Processing file /home/james/airflowa/lib/python3.8/site-packages/airflow/example_dags/example_latest_only_with_trigger.py for tasks to queue
[2022-06-08 12:45:44,333] {logging_mixin.py:115} INFO - [2022-06-08 12:45:44,333] {dagbag.py:507} INFO - Filling up the DagBag from /home/james/airflowa/lib/python3.8/site-packages/airflow/example_dags/example_latest_only_with_trigger.py
[2022-06-08 12:45:44,338] {processor.py:651} INFO - DAG(s) dict_keys(['latest_only_with_trigger']) retrieved from /home/james/airflowa/lib/python3.8/site-packages/airflow/example_dags/example_latest_only_with_trigger.py
[2022-06-08 12:45:44,357] {logging_mixin.py:115} INFO - [2022-06-08 12:45:44,356] {dag.py:2379} INFO - Sync 1 DAGs
[2022-06-08 12:45:44,369] {logging_mixin.py:115} INFO - [2022-06-08 12:45:44,369] {dag.py:2927} INFO - Setting next_dagrun for latest_only_with_trigger to 2022-06-08T05:45:44.369557+00:00, run_after=2022-06-08T09:45:44.369557+00:00
[2022-06-08 12:45:44,380] {processor.py:161} INFO - Processing /home/james/airflowa/lib/python3.8/site-packages/airflow/example_dags/example_latest_only_with_trigger.py took 0.051 seconds
[2022-06-08 12:47:07,319] {processor.py:153} INFO - Started process (PID=119270) to work on /home/james/airflowa/lib/python3.8/site-packages/airflow/example_dags/example_latest_only_with_trigger.py
[2022-06-08 12:47:07,320] {processor.py:641} INFO - Processing file /home/james/airflowa/lib/python3.8/site-packages/airflow/example_dags/example_latest_only_with_trigger.py for tasks to queue
[2022-06-08 12:47:07,321] {logging_mixin.py:115} INFO - [2022-06-08 12:47:07,321] {dagbag.py:507} INFO - Filling up the DagBag from /home/james/airflowa/lib/python3.8/site-packages/airflow/example_dags/example_latest_only_with_trigger.py
[2022-06-08 12:47:07,335] {processor.py:651} INFO - DAG(s) dict_keys(['latest_only_with_trigger']) retrieved from /home/james/airflowa/lib/python3.8/site-packages/airflow/example_dags/example_latest_only_with_trigger.py
[2022-06-08 12:47:07,377] {logging_mixin.py:115} INFO - [2022-06-08 12:47:07,377] {dag.py:2379} INFO - Sync 1 DAGs
[2022-06-08 12:47:07,409] {logging_mixin.py:115} INFO - [2022-06-08 12:47:07,408] {dag.py:2927} INFO - Setting next_dagrun for latest_only_with_trigger to 2022-06-08T05:47:07.408285+00:00, run_after=2022-06-08T09:47:07.408285+00:00
[2022-06-08 12:47:07,431] {processor.py:161} INFO - Processing /home/james/airflowa/lib/python3.8/site-packages/airflow/example_dags/example_latest_only_with_trigger.py took 0.116 seconds
[2022-06-08 12:48:27,274] {processor.py:153} INFO - Started process (PID=119720) to work on /home/james/airflowa/lib/python3.8/site-packages/airflow/example_dags/example_latest_only_with_trigger.py
[2022-06-08 12:48:27,275] {processor.py:641} INFO - Processing file /home/james/airflowa/lib/python3.8/site-packages/airflow/example_dags/example_latest_only_with_trigger.py for tasks to queue
[2022-06-08 12:48:27,276] {logging_mixin.py:115} INFO - [2022-06-08 12:48:27,276] {dagbag.py:507} INFO - Filling up the DagBag from /home/james/airflowa/lib/python3.8/site-packages/airflow/example_dags/example_latest_only_with_trigger.py
[2022-06-08 12:48:27,281] {processor.py:651} INFO - DAG(s) dict_keys(['latest_only_with_trigger']) retrieved from /home/james/airflowa/lib/python3.8/site-packages/airflow/example_dags/example_latest_only_with_trigger.py
[2022-06-08 12:48:27,296] {logging_mixin.py:115} INFO - [2022-06-08 12:48:27,296] {dag.py:2379} INFO - Sync 1 DAGs
[2022-06-08 12:48:27,311] {logging_mixin.py:115} INFO - [2022-06-08 12:48:27,311] {dag.py:2927} INFO - Setting next_dagrun for latest_only_with_trigger to 2022-06-08T05:48:27.311080+00:00, run_after=2022-06-08T09:48:27.311080+00:00
[2022-06-08 12:48:27,322] {processor.py:161} INFO - Processing /home/james/airflowa/lib/python3.8/site-packages/airflow/example_dags/example_latest_only_with_trigger.py took 0.049 seconds
[2022-06-08 12:49:28,791] {processor.py:153} INFO - Started process (PID=120206) to work on /home/james/airflowa/lib/python3.8/site-packages/airflow/example_dags/example_latest_only_with_trigger.py
[2022-06-08 12:49:28,792] {processor.py:641} INFO - Processing file /home/james/airflowa/lib/python3.8/site-packages/airflow/example_dags/example_latest_only_with_trigger.py for tasks to queue
[2022-06-08 12:49:28,793] {logging_mixin.py:115} INFO - [2022-06-08 12:49:28,793] {dagbag.py:507} INFO - Filling up the DagBag from /home/james/airflowa/lib/python3.8/site-packages/airflow/example_dags/example_latest_only_with_trigger.py
[2022-06-08 12:49:28,801] {processor.py:651} INFO - DAG(s) dict_keys(['latest_only_with_trigger']) retrieved from /home/james/airflowa/lib/python3.8/site-packages/airflow/example_dags/example_latest_only_with_trigger.py
[2022-06-08 12:49:28,823] {logging_mixin.py:115} INFO - [2022-06-08 12:49:28,823] {dag.py:2379} INFO - Sync 1 DAGs
[2022-06-08 12:49:28,852] {logging_mixin.py:115} INFO - [2022-06-08 12:49:28,852] {dag.py:2927} INFO - Setting next_dagrun for latest_only_with_trigger to 2022-06-08T05:49:28.851864+00:00, run_after=2022-06-08T09:49:28.851864+00:00
[2022-06-08 12:49:28,872] {processor.py:161} INFO - Processing /home/james/airflowa/lib/python3.8/site-packages/airflow/example_dags/example_latest_only_with_trigger.py took 0.085 seconds
[2022-06-08 12:52:13,507] {processor.py:153} INFO - Started process (PID=121369) to work on /home/james/airflowa/lib/python3.8/site-packages/airflow/example_dags/example_latest_only_with_trigger.py
[2022-06-08 12:52:13,508] {processor.py:641} INFO - Processing file /home/james/airflowa/lib/python3.8/site-packages/airflow/example_dags/example_latest_only_with_trigger.py for tasks to queue
[2022-06-08 12:52:13,509] {logging_mixin.py:115} INFO - [2022-06-08 12:52:13,509] {dagbag.py:507} INFO - Filling up the DagBag from /home/james/airflowa/lib/python3.8/site-packages/airflow/example_dags/example_latest_only_with_trigger.py
[2022-06-08 12:52:13,522] {processor.py:651} INFO - DAG(s) dict_keys(['latest_only_with_trigger']) retrieved from /home/james/airflowa/lib/python3.8/site-packages/airflow/example_dags/example_latest_only_with_trigger.py
[2022-06-08 12:52:13,556] {logging_mixin.py:115} INFO - [2022-06-08 12:52:13,556] {dag.py:2379} INFO - Sync 1 DAGs
[2022-06-08 12:52:13,605] {logging_mixin.py:115} INFO - [2022-06-08 12:52:13,604] {dag.py:2927} INFO - Setting next_dagrun for latest_only_with_trigger to 2022-06-08T05:52:13.604434+00:00, run_after=2022-06-08T09:52:13.604434+00:00
[2022-06-08 12:52:13,630] {processor.py:161} INFO - Processing /home/james/airflowa/lib/python3.8/site-packages/airflow/example_dags/example_latest_only_with_trigger.py took 0.128 seconds
[2022-06-08 12:53:16,568] {processor.py:153} INFO - Started process (PID=121749) to work on /home/james/airflowa/lib/python3.8/site-packages/airflow/example_dags/example_latest_only_with_trigger.py
[2022-06-08 12:53:16,570] {processor.py:641} INFO - Processing file /home/james/airflowa/lib/python3.8/site-packages/airflow/example_dags/example_latest_only_with_trigger.py for tasks to queue
[2022-06-08 12:53:16,571] {logging_mixin.py:115} INFO - [2022-06-08 12:53:16,571] {dagbag.py:507} INFO - Filling up the DagBag from /home/james/airflowa/lib/python3.8/site-packages/airflow/example_dags/example_latest_only_with_trigger.py
[2022-06-08 12:53:16,584] {processor.py:651} INFO - DAG(s) dict_keys(['latest_only_with_trigger']) retrieved from /home/james/airflowa/lib/python3.8/site-packages/airflow/example_dags/example_latest_only_with_trigger.py
[2022-06-08 12:53:16,619] {logging_mixin.py:115} INFO - [2022-06-08 12:53:16,619] {dag.py:2379} INFO - Sync 1 DAGs
[2022-06-08 12:53:16,660] {logging_mixin.py:115} INFO - [2022-06-08 12:53:16,659] {dag.py:2927} INFO - Setting next_dagrun for latest_only_with_trigger to 2022-06-08T05:53:16.659497+00:00, run_after=2022-06-08T09:53:16.659497+00:00
[2022-06-08 12:53:16,689] {processor.py:161} INFO - Processing /home/james/airflowa/lib/python3.8/site-packages/airflow/example_dags/example_latest_only_with_trigger.py took 0.127 seconds
[2022-06-08 12:54:15,319] {processor.py:153} INFO - Started process (PID=122266) to work on /home/james/airflowa/lib/python3.8/site-packages/airflow/example_dags/example_latest_only_with_trigger.py
[2022-06-08 12:54:15,321] {processor.py:641} INFO - Processing file /home/james/airflowa/lib/python3.8/site-packages/airflow/example_dags/example_latest_only_with_trigger.py for tasks to queue
[2022-06-08 12:54:15,323] {logging_mixin.py:115} INFO - [2022-06-08 12:54:15,323] {dagbag.py:507} INFO - Filling up the DagBag from /home/james/airflowa/lib/python3.8/site-packages/airflow/example_dags/example_latest_only_with_trigger.py
[2022-06-08 12:54:15,336] {processor.py:651} INFO - DAG(s) dict_keys(['latest_only_with_trigger']) retrieved from /home/james/airflowa/lib/python3.8/site-packages/airflow/example_dags/example_latest_only_with_trigger.py
[2022-06-08 12:54:15,372] {logging_mixin.py:115} INFO - [2022-06-08 12:54:15,371] {dag.py:2379} INFO - Sync 1 DAGs
[2022-06-08 12:54:15,415] {logging_mixin.py:115} INFO - [2022-06-08 12:54:15,414] {dag.py:2927} INFO - Setting next_dagrun for latest_only_with_trigger to 2022-06-08T05:54:15.414247+00:00, run_after=2022-06-08T09:54:15.414247+00:00
[2022-06-08 12:54:15,441] {processor.py:161} INFO - Processing /home/james/airflowa/lib/python3.8/site-packages/airflow/example_dags/example_latest_only_with_trigger.py took 0.129 seconds
[2022-06-08 12:55:50,666] {processor.py:153} INFO - Started process (PID=122851) to work on /home/james/airflowa/lib/python3.8/site-packages/airflow/example_dags/example_latest_only_with_trigger.py
[2022-06-08 12:55:50,668] {processor.py:641} INFO - Processing file /home/james/airflowa/lib/python3.8/site-packages/airflow/example_dags/example_latest_only_with_trigger.py for tasks to queue
[2022-06-08 12:55:50,670] {logging_mixin.py:115} INFO - [2022-06-08 12:55:50,669] {dagbag.py:507} INFO - Filling up the DagBag from /home/james/airflowa/lib/python3.8/site-packages/airflow/example_dags/example_latest_only_with_trigger.py
[2022-06-08 12:55:50,685] {processor.py:651} INFO - DAG(s) dict_keys(['latest_only_with_trigger']) retrieved from /home/james/airflowa/lib/python3.8/site-packages/airflow/example_dags/example_latest_only_with_trigger.py
[2022-06-08 12:55:50,727] {logging_mixin.py:115} INFO - [2022-06-08 12:55:50,727] {dag.py:2379} INFO - Sync 1 DAGs
[2022-06-08 12:55:50,770] {logging_mixin.py:115} INFO - [2022-06-08 12:55:50,770] {dag.py:2927} INFO - Setting next_dagrun for latest_only_with_trigger to 2022-06-08T05:55:50.770020+00:00, run_after=2022-06-08T09:55:50.770020+00:00
[2022-06-08 12:55:50,798] {processor.py:161} INFO - Processing /home/james/airflowa/lib/python3.8/site-packages/airflow/example_dags/example_latest_only_with_trigger.py took 0.143 seconds
[2022-06-08 12:57:00,476] {processor.py:153} INFO - Started process (PID=123159) to work on /home/james/airflowa/lib/python3.8/site-packages/airflow/example_dags/example_latest_only_with_trigger.py
[2022-06-08 12:57:00,477] {processor.py:641} INFO - Processing file /home/james/airflowa/lib/python3.8/site-packages/airflow/example_dags/example_latest_only_with_trigger.py for tasks to queue
[2022-06-08 12:57:00,478] {logging_mixin.py:115} INFO - [2022-06-08 12:57:00,478] {dagbag.py:507} INFO - Filling up the DagBag from /home/james/airflowa/lib/python3.8/site-packages/airflow/example_dags/example_latest_only_with_trigger.py
[2022-06-08 12:57:00,484] {processor.py:651} INFO - DAG(s) dict_keys(['latest_only_with_trigger']) retrieved from /home/james/airflowa/lib/python3.8/site-packages/airflow/example_dags/example_latest_only_with_trigger.py
[2022-06-08 12:57:00,505] {logging_mixin.py:115} INFO - [2022-06-08 12:57:00,505] {dag.py:2379} INFO - Sync 1 DAGs
[2022-06-08 12:57:00,529] {logging_mixin.py:115} INFO - [2022-06-08 12:57:00,529] {dag.py:2927} INFO - Setting next_dagrun for latest_only_with_trigger to 2022-06-08T05:57:00.529127+00:00, run_after=2022-06-08T09:57:00.529127+00:00
[2022-06-08 12:57:00,544] {processor.py:161} INFO - Processing /home/james/airflowa/lib/python3.8/site-packages/airflow/example_dags/example_latest_only_with_trigger.py took 0.071 seconds
[2022-06-08 12:58:16,750] {processor.py:153} INFO - Started process (PID=123542) to work on /home/james/airflowa/lib/python3.8/site-packages/airflow/example_dags/example_latest_only_with_trigger.py
[2022-06-08 12:58:16,751] {processor.py:641} INFO - Processing file /home/james/airflowa/lib/python3.8/site-packages/airflow/example_dags/example_latest_only_with_trigger.py for tasks to queue
[2022-06-08 12:58:16,752] {logging_mixin.py:115} INFO - [2022-06-08 12:58:16,751] {dagbag.py:507} INFO - Filling up the DagBag from /home/james/airflowa/lib/python3.8/site-packages/airflow/example_dags/example_latest_only_with_trigger.py
[2022-06-08 12:58:16,757] {processor.py:651} INFO - DAG(s) dict_keys(['latest_only_with_trigger']) retrieved from /home/james/airflowa/lib/python3.8/site-packages/airflow/example_dags/example_latest_only_with_trigger.py
[2022-06-08 12:58:16,770] {logging_mixin.py:115} INFO - [2022-06-08 12:58:16,770] {dag.py:2379} INFO - Sync 1 DAGs
[2022-06-08 12:58:16,785] {logging_mixin.py:115} INFO - [2022-06-08 12:58:16,785] {dag.py:2927} INFO - Setting next_dagrun for latest_only_with_trigger to 2022-06-08T05:58:16.785556+00:00, run_after=2022-06-08T09:58:16.785556+00:00
[2022-06-08 12:58:16,797] {processor.py:161} INFO - Processing /home/james/airflowa/lib/python3.8/site-packages/airflow/example_dags/example_latest_only_with_trigger.py took 0.050 seconds
[2022-06-08 12:59:02,111] {processor.py:153} INFO - Started process (PID=123958) to work on /home/james/airflowa/lib/python3.8/site-packages/airflow/example_dags/example_latest_only_with_trigger.py
[2022-06-08 12:59:02,112] {processor.py:641} INFO - Processing file /home/james/airflowa/lib/python3.8/site-packages/airflow/example_dags/example_latest_only_with_trigger.py for tasks to queue
[2022-06-08 12:59:02,112] {logging_mixin.py:115} INFO - [2022-06-08 12:59:02,112] {dagbag.py:507} INFO - Filling up the DagBag from /home/james/airflowa/lib/python3.8/site-packages/airflow/example_dags/example_latest_only_with_trigger.py
[2022-06-08 12:59:02,118] {processor.py:651} INFO - DAG(s) dict_keys(['latest_only_with_trigger']) retrieved from /home/james/airflowa/lib/python3.8/site-packages/airflow/example_dags/example_latest_only_with_trigger.py
[2022-06-08 12:59:02,133] {logging_mixin.py:115} INFO - [2022-06-08 12:59:02,133] {dag.py:2379} INFO - Sync 1 DAGs
[2022-06-08 12:59:02,154] {logging_mixin.py:115} INFO - [2022-06-08 12:59:02,154] {dag.py:2927} INFO - Setting next_dagrun for latest_only_with_trigger to 2022-06-08T05:59:02.154253+00:00, run_after=2022-06-08T09:59:02.154253+00:00
[2022-06-08 12:59:02,169] {processor.py:161} INFO - Processing /home/james/airflowa/lib/python3.8/site-packages/airflow/example_dags/example_latest_only_with_trigger.py took 0.060 seconds
[2022-06-08 12:59:47,340] {processor.py:153} INFO - Started process (PID=124175) to work on /home/james/airflowa/lib/python3.8/site-packages/airflow/example_dags/example_latest_only_with_trigger.py
[2022-06-08 12:59:47,341] {processor.py:641} INFO - Processing file /home/james/airflowa/lib/python3.8/site-packages/airflow/example_dags/example_latest_only_with_trigger.py for tasks to queue
[2022-06-08 12:59:47,342] {logging_mixin.py:115} INFO - [2022-06-08 12:59:47,342] {dagbag.py:507} INFO - Filling up the DagBag from /home/james/airflowa/lib/python3.8/site-packages/airflow/example_dags/example_latest_only_with_trigger.py
[2022-06-08 12:59:47,367] {processor.py:651} INFO - DAG(s) dict_keys(['latest_only_with_trigger']) retrieved from /home/james/airflowa/lib/python3.8/site-packages/airflow/example_dags/example_latest_only_with_trigger.py
[2022-06-08 12:59:47,397] {logging_mixin.py:115} INFO - [2022-06-08 12:59:47,397] {dag.py:2379} INFO - Sync 1 DAGs
[2022-06-08 12:59:47,429] {logging_mixin.py:115} INFO - [2022-06-08 12:59:47,428] {dag.py:2927} INFO - Setting next_dagrun for latest_only_with_trigger to 2022-06-08T05:59:47.428441+00:00, run_after=2022-06-08T09:59:47.428441+00:00
[2022-06-08 12:59:47,452] {processor.py:161} INFO - Processing /home/james/airflowa/lib/python3.8/site-packages/airflow/example_dags/example_latest_only_with_trigger.py took 0.115 seconds
[2022-06-08 13:00:34,239] {processor.py:153} INFO - Started process (PID=124933) to work on /home/james/airflowa/lib/python3.8/site-packages/airflow/example_dags/example_latest_only_with_trigger.py
[2022-06-08 13:00:34,240] {processor.py:641} INFO - Processing file /home/james/airflowa/lib/python3.8/site-packages/airflow/example_dags/example_latest_only_with_trigger.py for tasks to queue
[2022-06-08 13:00:34,241] {logging_mixin.py:115} INFO - [2022-06-08 13:00:34,241] {dagbag.py:507} INFO - Filling up the DagBag from /home/james/airflowa/lib/python3.8/site-packages/airflow/example_dags/example_latest_only_with_trigger.py
[2022-06-08 13:00:34,247] {processor.py:651} INFO - DAG(s) dict_keys(['latest_only_with_trigger']) retrieved from /home/james/airflowa/lib/python3.8/site-packages/airflow/example_dags/example_latest_only_with_trigger.py
[2022-06-08 13:00:34,261] {logging_mixin.py:115} INFO - [2022-06-08 13:00:34,260] {dag.py:2379} INFO - Sync 1 DAGs
[2022-06-08 13:00:34,275] {logging_mixin.py:115} INFO - [2022-06-08 13:00:34,275] {dag.py:2927} INFO - Setting next_dagrun for latest_only_with_trigger to 2022-06-08T06:00:34.275197+00:00, run_after=2022-06-08T10:00:34.275197+00:00
[2022-06-08 13:00:34,286] {processor.py:161} INFO - Processing /home/james/airflowa/lib/python3.8/site-packages/airflow/example_dags/example_latest_only_with_trigger.py took 0.051 seconds
[2022-06-08 13:01:28,429] {processor.py:153} INFO - Started process (PID=125216) to work on /home/james/airflowa/lib/python3.8/site-packages/airflow/example_dags/example_latest_only_with_trigger.py
[2022-06-08 13:01:28,430] {processor.py:641} INFO - Processing file /home/james/airflowa/lib/python3.8/site-packages/airflow/example_dags/example_latest_only_with_trigger.py for tasks to queue
[2022-06-08 13:01:28,431] {logging_mixin.py:115} INFO - [2022-06-08 13:01:28,431] {dagbag.py:507} INFO - Filling up the DagBag from /home/james/airflowa/lib/python3.8/site-packages/airflow/example_dags/example_latest_only_with_trigger.py
[2022-06-08 13:01:28,438] {processor.py:651} INFO - DAG(s) dict_keys(['latest_only_with_trigger']) retrieved from /home/james/airflowa/lib/python3.8/site-packages/airflow/example_dags/example_latest_only_with_trigger.py
[2022-06-08 13:01:28,462] {logging_mixin.py:115} INFO - [2022-06-08 13:01:28,461] {dag.py:2379} INFO - Sync 1 DAGs
[2022-06-08 13:01:28,494] {logging_mixin.py:115} INFO - [2022-06-08 13:01:28,494] {dag.py:2927} INFO - Setting next_dagrun for latest_only_with_trigger to 2022-06-08T06:01:28.494192+00:00, run_after=2022-06-08T10:01:28.494192+00:00
[2022-06-08 13:01:28,510] {processor.py:161} INFO - Processing /home/james/airflowa/lib/python3.8/site-packages/airflow/example_dags/example_latest_only_with_trigger.py took 0.084 seconds
[2022-06-08 13:02:33,525] {processor.py:153} INFO - Started process (PID=125589) to work on /home/james/airflowa/lib/python3.8/site-packages/airflow/example_dags/example_latest_only_with_trigger.py
[2022-06-08 13:02:33,527] {processor.py:641} INFO - Processing file /home/james/airflowa/lib/python3.8/site-packages/airflow/example_dags/example_latest_only_with_trigger.py for tasks to queue
[2022-06-08 13:02:33,528] {logging_mixin.py:115} INFO - [2022-06-08 13:02:33,528] {dagbag.py:507} INFO - Filling up the DagBag from /home/james/airflowa/lib/python3.8/site-packages/airflow/example_dags/example_latest_only_with_trigger.py
[2022-06-08 13:02:33,533] {processor.py:651} INFO - DAG(s) dict_keys(['latest_only_with_trigger']) retrieved from /home/james/airflowa/lib/python3.8/site-packages/airflow/example_dags/example_latest_only_with_trigger.py
[2022-06-08 13:02:33,548] {logging_mixin.py:115} INFO - [2022-06-08 13:02:33,548] {dag.py:2379} INFO - Sync 1 DAGs
[2022-06-08 13:02:33,564] {logging_mixin.py:115} INFO - [2022-06-08 13:02:33,564] {dag.py:2927} INFO - Setting next_dagrun for latest_only_with_trigger to 2022-06-08T06:02:33.564601+00:00, run_after=2022-06-08T10:02:33.564601+00:00
[2022-06-08 13:02:33,580] {processor.py:161} INFO - Processing /home/james/airflowa/lib/python3.8/site-packages/airflow/example_dags/example_latest_only_with_trigger.py took 0.058 seconds
[2022-06-08 13:03:30,191] {processor.py:153} INFO - Started process (PID=125876) to work on /home/james/airflowa/lib/python3.8/site-packages/airflow/example_dags/example_latest_only_with_trigger.py
[2022-06-08 13:03:30,192] {processor.py:641} INFO - Processing file /home/james/airflowa/lib/python3.8/site-packages/airflow/example_dags/example_latest_only_with_trigger.py for tasks to queue
[2022-06-08 13:03:30,193] {logging_mixin.py:115} INFO - [2022-06-08 13:03:30,193] {dagbag.py:507} INFO - Filling up the DagBag from /home/james/airflowa/lib/python3.8/site-packages/airflow/example_dags/example_latest_only_with_trigger.py
[2022-06-08 13:03:30,197] {processor.py:651} INFO - DAG(s) dict_keys(['latest_only_with_trigger']) retrieved from /home/james/airflowa/lib/python3.8/site-packages/airflow/example_dags/example_latest_only_with_trigger.py
[2022-06-08 13:03:30,211] {logging_mixin.py:115} INFO - [2022-06-08 13:03:30,211] {dag.py:2379} INFO - Sync 1 DAGs
[2022-06-08 13:03:30,227] {logging_mixin.py:115} INFO - [2022-06-08 13:03:30,226] {dag.py:2927} INFO - Setting next_dagrun for latest_only_with_trigger to 2022-06-08T06:03:30.226739+00:00, run_after=2022-06-08T10:03:30.226739+00:00
[2022-06-08 13:03:30,238] {processor.py:161} INFO - Processing /home/james/airflowa/lib/python3.8/site-packages/airflow/example_dags/example_latest_only_with_trigger.py took 0.049 seconds
[2022-06-08 13:04:14,374] {processor.py:153} INFO - Started process (PID=126324) to work on /home/james/airflowa/lib/python3.8/site-packages/airflow/example_dags/example_latest_only_with_trigger.py
[2022-06-08 13:04:14,375] {processor.py:641} INFO - Processing file /home/james/airflowa/lib/python3.8/site-packages/airflow/example_dags/example_latest_only_with_trigger.py for tasks to queue
[2022-06-08 13:04:14,375] {logging_mixin.py:115} INFO - [2022-06-08 13:04:14,375] {dagbag.py:507} INFO - Filling up the DagBag from /home/james/airflowa/lib/python3.8/site-packages/airflow/example_dags/example_latest_only_with_trigger.py
[2022-06-08 13:04:14,381] {processor.py:651} INFO - DAG(s) dict_keys(['latest_only_with_trigger']) retrieved from /home/james/airflowa/lib/python3.8/site-packages/airflow/example_dags/example_latest_only_with_trigger.py
[2022-06-08 13:04:14,397] {logging_mixin.py:115} INFO - [2022-06-08 13:04:14,397] {dag.py:2379} INFO - Sync 1 DAGs
[2022-06-08 13:04:14,419] {logging_mixin.py:115} INFO - [2022-06-08 13:04:14,419] {dag.py:2927} INFO - Setting next_dagrun for latest_only_with_trigger to 2022-06-08T06:04:14.419428+00:00, run_after=2022-06-08T10:04:14.419428+00:00
[2022-06-08 13:04:14,435] {processor.py:161} INFO - Processing /home/james/airflowa/lib/python3.8/site-packages/airflow/example_dags/example_latest_only_with_trigger.py took 0.064 seconds
[2022-06-08 13:04:54,398] {processor.py:153} INFO - Started process (PID=126463) to work on /home/james/airflowa/lib/python3.8/site-packages/airflow/example_dags/example_latest_only_with_trigger.py
[2022-06-08 13:04:54,398] {processor.py:641} INFO - Processing file /home/james/airflowa/lib/python3.8/site-packages/airflow/example_dags/example_latest_only_with_trigger.py for tasks to queue
[2022-06-08 13:04:54,399] {logging_mixin.py:115} INFO - [2022-06-08 13:04:54,399] {dagbag.py:507} INFO - Filling up the DagBag from /home/james/airflowa/lib/python3.8/site-packages/airflow/example_dags/example_latest_only_with_trigger.py
[2022-06-08 13:04:54,403] {processor.py:651} INFO - DAG(s) dict_keys(['latest_only_with_trigger']) retrieved from /home/james/airflowa/lib/python3.8/site-packages/airflow/example_dags/example_latest_only_with_trigger.py
[2022-06-08 13:04:54,416] {logging_mixin.py:115} INFO - [2022-06-08 13:04:54,416] {dag.py:2379} INFO - Sync 1 DAGs
[2022-06-08 13:04:54,431] {logging_mixin.py:115} INFO - [2022-06-08 13:04:54,431] {dag.py:2927} INFO - Setting next_dagrun for latest_only_with_trigger to 2022-06-08T06:04:54.431164+00:00, run_after=2022-06-08T10:04:54.431164+00:00
[2022-06-08 13:04:54,442] {processor.py:161} INFO - Processing /home/james/airflowa/lib/python3.8/site-packages/airflow/example_dags/example_latest_only_with_trigger.py took 0.047 seconds
[2022-06-08 13:05:54,454] {processor.py:153} INFO - Started process (PID=126704) to work on /home/james/airflowa/lib/python3.8/site-packages/airflow/example_dags/example_latest_only_with_trigger.py
[2022-06-08 13:05:54,455] {processor.py:641} INFO - Processing file /home/james/airflowa/lib/python3.8/site-packages/airflow/example_dags/example_latest_only_with_trigger.py for tasks to queue
[2022-06-08 13:05:54,455] {logging_mixin.py:115} INFO - [2022-06-08 13:05:54,455] {dagbag.py:507} INFO - Filling up the DagBag from /home/james/airflowa/lib/python3.8/site-packages/airflow/example_dags/example_latest_only_with_trigger.py
[2022-06-08 13:05:54,459] {processor.py:651} INFO - DAG(s) dict_keys(['latest_only_with_trigger']) retrieved from /home/james/airflowa/lib/python3.8/site-packages/airflow/example_dags/example_latest_only_with_trigger.py
[2022-06-08 13:05:54,472] {logging_mixin.py:115} INFO - [2022-06-08 13:05:54,472] {dag.py:2379} INFO - Sync 1 DAGs
[2022-06-08 13:05:54,487] {logging_mixin.py:115} INFO - [2022-06-08 13:05:54,487] {dag.py:2927} INFO - Setting next_dagrun for latest_only_with_trigger to 2022-06-08T06:05:54.487237+00:00, run_after=2022-06-08T10:05:54.487237+00:00
[2022-06-08 13:05:54,502] {processor.py:161} INFO - Processing /home/james/airflowa/lib/python3.8/site-packages/airflow/example_dags/example_latest_only_with_trigger.py took 0.051 seconds
[2022-06-08 13:06:50,231] {processor.py:153} INFO - Started process (PID=126979) to work on /home/james/airflowa/lib/python3.8/site-packages/airflow/example_dags/example_latest_only_with_trigger.py
[2022-06-08 13:06:50,232] {processor.py:641} INFO - Processing file /home/james/airflowa/lib/python3.8/site-packages/airflow/example_dags/example_latest_only_with_trigger.py for tasks to queue
[2022-06-08 13:06:50,232] {logging_mixin.py:115} INFO - [2022-06-08 13:06:50,232] {dagbag.py:507} INFO - Filling up the DagBag from /home/james/airflowa/lib/python3.8/site-packages/airflow/example_dags/example_latest_only_with_trigger.py
[2022-06-08 13:06:50,238] {processor.py:651} INFO - DAG(s) dict_keys(['latest_only_with_trigger']) retrieved from /home/james/airflowa/lib/python3.8/site-packages/airflow/example_dags/example_latest_only_with_trigger.py
[2022-06-08 13:06:50,252] {logging_mixin.py:115} INFO - [2022-06-08 13:06:50,252] {dag.py:2379} INFO - Sync 1 DAGs
[2022-06-08 13:06:50,268] {logging_mixin.py:115} INFO - [2022-06-08 13:06:50,268] {dag.py:2927} INFO - Setting next_dagrun for latest_only_with_trigger to 2022-06-08T06:06:50.268359+00:00, run_after=2022-06-08T10:06:50.268359+00:00
[2022-06-08 13:06:50,281] {processor.py:161} INFO - Processing /home/james/airflowa/lib/python3.8/site-packages/airflow/example_dags/example_latest_only_with_trigger.py took 0.052 seconds
