[2022-06-08 09:04:11,803] {processor.py:153} INFO - Started process (PID=23804) to work on /home/james/airflowa/lib/python3.8/site-packages/airflow/example_dags/example_subdag_operator.py
[2022-06-08 09:04:11,804] {processor.py:641} INFO - Processing file /home/james/airflowa/lib/python3.8/site-packages/airflow/example_dags/example_subdag_operator.py for tasks to queue
[2022-06-08 09:04:11,804] {logging_mixin.py:115} INFO - [2022-06-08 09:04:11,804] {dagbag.py:507} INFO - Filling up the DagBag from /home/james/airflowa/lib/python3.8/site-packages/airflow/example_dags/example_subdag_operator.py
[2022-06-08 09:04:11,824] {processor.py:651} INFO - DAG(s) dict_keys(['example_subdag_operator.section-1', 'example_subdag_operator.section-2', 'example_subdag_operator']) retrieved from /home/james/airflowa/lib/python3.8/site-packages/airflow/example_dags/example_subdag_operator.py
[2022-06-08 09:04:11,843] {logging_mixin.py:115} INFO - [2022-06-08 09:04:11,843] {dag.py:2379} INFO - Sync 3 DAGs
[2022-06-08 09:04:11,865] {logging_mixin.py:115} INFO - [2022-06-08 09:04:11,864] {dag.py:2927} INFO - Setting next_dagrun for example_subdag_operator to 2022-01-01T00:00:00+00:00, run_after=2022-01-01T00:00:00+00:00
[2022-06-08 09:04:11,865] {logging_mixin.py:115} INFO - [2022-06-08 09:04:11,865] {dag.py:2927} INFO - Setting next_dagrun for example_subdag_operator.section-1 to None, run_after=None
[2022-06-08 09:04:11,865] {logging_mixin.py:115} INFO - [2022-06-08 09:04:11,865] {dag.py:2927} INFO - Setting next_dagrun for example_subdag_operator.section-2 to None, run_after=None
[2022-06-08 09:04:11,873] {logging_mixin.py:115} INFO - [2022-06-08 09:04:11,873] {dag.py:2379} INFO - Sync 2 DAGs
[2022-06-08 09:04:11,878] {logging_mixin.py:115} INFO - [2022-06-08 09:04:11,877] {dag.py:2927} INFO - Setting next_dagrun for example_subdag_operator.section-1 to None, run_after=None
[2022-06-08 09:04:11,878] {logging_mixin.py:115} INFO - [2022-06-08 09:04:11,878] {dag.py:2927} INFO - Setting next_dagrun for example_subdag_operator.section-2 to None, run_after=None
[2022-06-08 09:04:11,888] {processor.py:161} INFO - Processing /home/james/airflowa/lib/python3.8/site-packages/airflow/example_dags/example_subdag_operator.py took 0.088 seconds
[2022-06-08 09:04:46,810] {processor.py:153} INFO - Started process (PID=23932) to work on /home/james/airflowa/lib/python3.8/site-packages/airflow/example_dags/example_subdag_operator.py
[2022-06-08 09:04:46,811] {processor.py:641} INFO - Processing file /home/james/airflowa/lib/python3.8/site-packages/airflow/example_dags/example_subdag_operator.py for tasks to queue
[2022-06-08 09:04:46,812] {logging_mixin.py:115} INFO - [2022-06-08 09:04:46,812] {dagbag.py:507} INFO - Filling up the DagBag from /home/james/airflowa/lib/python3.8/site-packages/airflow/example_dags/example_subdag_operator.py
[2022-06-08 09:04:46,838] {processor.py:651} INFO - DAG(s) dict_keys(['example_subdag_operator.section-1', 'example_subdag_operator.section-2', 'example_subdag_operator']) retrieved from /home/james/airflowa/lib/python3.8/site-packages/airflow/example_dags/example_subdag_operator.py
[2022-06-08 09:04:46,865] {logging_mixin.py:115} INFO - [2022-06-08 09:04:46,864] {dag.py:2379} INFO - Sync 3 DAGs
[2022-06-08 09:04:46,885] {logging_mixin.py:115} INFO - [2022-06-08 09:04:46,885] {dag.py:2927} INFO - Setting next_dagrun for example_subdag_operator to 2022-01-01T00:00:00+00:00, run_after=2022-01-01T00:00:00+00:00
[2022-06-08 09:04:46,885] {logging_mixin.py:115} INFO - [2022-06-08 09:04:46,885] {dag.py:2927} INFO - Setting next_dagrun for example_subdag_operator.section-1 to None, run_after=None
[2022-06-08 09:04:46,886] {logging_mixin.py:115} INFO - [2022-06-08 09:04:46,885] {dag.py:2927} INFO - Setting next_dagrun for example_subdag_operator.section-2 to None, run_after=None
[2022-06-08 09:04:46,891] {logging_mixin.py:115} INFO - [2022-06-08 09:04:46,891] {dag.py:2379} INFO - Sync 2 DAGs
[2022-06-08 09:04:46,898] {logging_mixin.py:115} INFO - [2022-06-08 09:04:46,898] {dag.py:2927} INFO - Setting next_dagrun for example_subdag_operator.section-1 to None, run_after=None
[2022-06-08 09:04:46,898] {logging_mixin.py:115} INFO - [2022-06-08 09:04:46,898] {dag.py:2927} INFO - Setting next_dagrun for example_subdag_operator.section-2 to None, run_after=None
[2022-06-08 09:04:46,910] {processor.py:161} INFO - Processing /home/james/airflowa/lib/python3.8/site-packages/airflow/example_dags/example_subdag_operator.py took 0.103 seconds
[2022-06-08 09:05:32,041] {processor.py:153} INFO - Started process (PID=24196) to work on /home/james/airflowa/lib/python3.8/site-packages/airflow/example_dags/example_subdag_operator.py
[2022-06-08 09:05:32,042] {processor.py:641} INFO - Processing file /home/james/airflowa/lib/python3.8/site-packages/airflow/example_dags/example_subdag_operator.py for tasks to queue
[2022-06-08 09:05:32,042] {logging_mixin.py:115} INFO - [2022-06-08 09:05:32,042] {dagbag.py:507} INFO - Filling up the DagBag from /home/james/airflowa/lib/python3.8/site-packages/airflow/example_dags/example_subdag_operator.py
[2022-06-08 09:05:32,060] {processor.py:651} INFO - DAG(s) dict_keys(['example_subdag_operator.section-1', 'example_subdag_operator.section-2', 'example_subdag_operator']) retrieved from /home/james/airflowa/lib/python3.8/site-packages/airflow/example_dags/example_subdag_operator.py
[2022-06-08 09:05:32,076] {logging_mixin.py:115} INFO - [2022-06-08 09:05:32,076] {dag.py:2379} INFO - Sync 3 DAGs
[2022-06-08 09:05:32,090] {logging_mixin.py:115} INFO - [2022-06-08 09:05:32,090] {dag.py:2927} INFO - Setting next_dagrun for example_subdag_operator to 2022-01-01T00:00:00+00:00, run_after=2022-01-01T00:00:00+00:00
[2022-06-08 09:05:32,090] {logging_mixin.py:115} INFO - [2022-06-08 09:05:32,090] {dag.py:2927} INFO - Setting next_dagrun for example_subdag_operator.section-1 to None, run_after=None
[2022-06-08 09:05:32,091] {logging_mixin.py:115} INFO - [2022-06-08 09:05:32,091] {dag.py:2927} INFO - Setting next_dagrun for example_subdag_operator.section-2 to None, run_after=None
[2022-06-08 09:05:32,096] {logging_mixin.py:115} INFO - [2022-06-08 09:05:32,096] {dag.py:2379} INFO - Sync 2 DAGs
[2022-06-08 09:05:32,099] {logging_mixin.py:115} INFO - [2022-06-08 09:05:32,099] {dag.py:2927} INFO - Setting next_dagrun for example_subdag_operator.section-1 to None, run_after=None
[2022-06-08 09:05:32,099] {logging_mixin.py:115} INFO - [2022-06-08 09:05:32,099] {dag.py:2927} INFO - Setting next_dagrun for example_subdag_operator.section-2 to None, run_after=None
[2022-06-08 09:05:32,107] {processor.py:161} INFO - Processing /home/james/airflowa/lib/python3.8/site-packages/airflow/example_dags/example_subdag_operator.py took 0.068 seconds
[2022-06-08 09:07:12,645] {processor.py:153} INFO - Started process (PID=25092) to work on /home/james/airflowa/lib/python3.8/site-packages/airflow/example_dags/example_subdag_operator.py
[2022-06-08 09:07:12,646] {processor.py:641} INFO - Processing file /home/james/airflowa/lib/python3.8/site-packages/airflow/example_dags/example_subdag_operator.py for tasks to queue
[2022-06-08 09:07:12,646] {logging_mixin.py:115} INFO - [2022-06-08 09:07:12,646] {dagbag.py:507} INFO - Filling up the DagBag from /home/james/airflowa/lib/python3.8/site-packages/airflow/example_dags/example_subdag_operator.py
[2022-06-08 09:07:12,673] {processor.py:651} INFO - DAG(s) dict_keys(['example_subdag_operator.section-1', 'example_subdag_operator.section-2', 'example_subdag_operator']) retrieved from /home/james/airflowa/lib/python3.8/site-packages/airflow/example_dags/example_subdag_operator.py
[2022-06-08 09:07:12,698] {logging_mixin.py:115} INFO - [2022-06-08 09:07:12,698] {dag.py:2379} INFO - Sync 3 DAGs
[2022-06-08 09:07:12,721] {logging_mixin.py:115} INFO - [2022-06-08 09:07:12,721] {dag.py:2927} INFO - Setting next_dagrun for example_subdag_operator to 2022-01-01T00:00:00+00:00, run_after=2022-01-01T00:00:00+00:00
[2022-06-08 09:07:12,722] {logging_mixin.py:115} INFO - [2022-06-08 09:07:12,721] {dag.py:2927} INFO - Setting next_dagrun for example_subdag_operator.section-1 to None, run_after=None
[2022-06-08 09:07:12,722] {logging_mixin.py:115} INFO - [2022-06-08 09:07:12,722] {dag.py:2927} INFO - Setting next_dagrun for example_subdag_operator.section-2 to None, run_after=None
[2022-06-08 09:07:12,729] {logging_mixin.py:115} INFO - [2022-06-08 09:07:12,729] {dag.py:2379} INFO - Sync 2 DAGs
[2022-06-08 09:07:12,734] {logging_mixin.py:115} INFO - [2022-06-08 09:07:12,734] {dag.py:2927} INFO - Setting next_dagrun for example_subdag_operator.section-1 to None, run_after=None
[2022-06-08 09:07:12,734] {logging_mixin.py:115} INFO - [2022-06-08 09:07:12,734] {dag.py:2927} INFO - Setting next_dagrun for example_subdag_operator.section-2 to None, run_after=None
[2022-06-08 09:07:12,745] {processor.py:161} INFO - Processing /home/james/airflowa/lib/python3.8/site-packages/airflow/example_dags/example_subdag_operator.py took 0.103 seconds
[2022-06-08 09:08:47,741] {processor.py:153} INFO - Started process (PID=25668) to work on /home/james/airflowa/lib/python3.8/site-packages/airflow/example_dags/example_subdag_operator.py
[2022-06-08 09:08:47,742] {processor.py:641} INFO - Processing file /home/james/airflowa/lib/python3.8/site-packages/airflow/example_dags/example_subdag_operator.py for tasks to queue
[2022-06-08 09:08:47,742] {logging_mixin.py:115} INFO - [2022-06-08 09:08:47,742] {dagbag.py:507} INFO - Filling up the DagBag from /home/james/airflowa/lib/python3.8/site-packages/airflow/example_dags/example_subdag_operator.py
[2022-06-08 09:08:47,777] {processor.py:651} INFO - DAG(s) dict_keys(['example_subdag_operator.section-1', 'example_subdag_operator.section-2', 'example_subdag_operator']) retrieved from /home/james/airflowa/lib/python3.8/site-packages/airflow/example_dags/example_subdag_operator.py
[2022-06-08 09:08:47,809] {logging_mixin.py:115} INFO - [2022-06-08 09:08:47,809] {dag.py:2379} INFO - Sync 3 DAGs
[2022-06-08 09:08:47,837] {logging_mixin.py:115} INFO - [2022-06-08 09:08:47,837] {dag.py:2927} INFO - Setting next_dagrun for example_subdag_operator to 2022-01-01T00:00:00+00:00, run_after=2022-01-01T00:00:00+00:00
[2022-06-08 09:08:47,837] {logging_mixin.py:115} INFO - [2022-06-08 09:08:47,837] {dag.py:2927} INFO - Setting next_dagrun for example_subdag_operator.section-1 to None, run_after=None
[2022-06-08 09:08:47,838] {logging_mixin.py:115} INFO - [2022-06-08 09:08:47,838] {dag.py:2927} INFO - Setting next_dagrun for example_subdag_operator.section-2 to None, run_after=None
[2022-06-08 09:08:47,848] {logging_mixin.py:115} INFO - [2022-06-08 09:08:47,848] {dag.py:2379} INFO - Sync 2 DAGs
[2022-06-08 09:08:47,855] {logging_mixin.py:115} INFO - [2022-06-08 09:08:47,855] {dag.py:2927} INFO - Setting next_dagrun for example_subdag_operator.section-1 to None, run_after=None
[2022-06-08 09:08:47,856] {logging_mixin.py:115} INFO - [2022-06-08 09:08:47,855] {dag.py:2927} INFO - Setting next_dagrun for example_subdag_operator.section-2 to None, run_after=None
[2022-06-08 09:08:47,867] {processor.py:161} INFO - Processing /home/james/airflowa/lib/python3.8/site-packages/airflow/example_dags/example_subdag_operator.py took 0.130 seconds
[2022-06-08 09:10:38,265] {processor.py:153} INFO - Started process (PID=26743) to work on /home/james/airflowa/lib/python3.8/site-packages/airflow/example_dags/example_subdag_operator.py
[2022-06-08 09:10:38,266] {processor.py:641} INFO - Processing file /home/james/airflowa/lib/python3.8/site-packages/airflow/example_dags/example_subdag_operator.py for tasks to queue
[2022-06-08 09:10:38,268] {logging_mixin.py:115} INFO - [2022-06-08 09:10:38,267] {dagbag.py:507} INFO - Filling up the DagBag from /home/james/airflowa/lib/python3.8/site-packages/airflow/example_dags/example_subdag_operator.py
[2022-06-08 09:10:38,298] {processor.py:651} INFO - DAG(s) dict_keys(['example_subdag_operator.section-1', 'example_subdag_operator.section-2', 'example_subdag_operator']) retrieved from /home/james/airflowa/lib/python3.8/site-packages/airflow/example_dags/example_subdag_operator.py
[2022-06-08 09:10:38,329] {logging_mixin.py:115} INFO - [2022-06-08 09:10:38,329] {dag.py:2379} INFO - Sync 3 DAGs
[2022-06-08 09:10:38,361] {logging_mixin.py:115} INFO - [2022-06-08 09:10:38,361] {dag.py:2927} INFO - Setting next_dagrun for example_subdag_operator to 2022-01-01T00:00:00+00:00, run_after=2022-01-01T00:00:00+00:00
[2022-06-08 09:10:38,362] {logging_mixin.py:115} INFO - [2022-06-08 09:10:38,362] {dag.py:2927} INFO - Setting next_dagrun for example_subdag_operator.section-1 to None, run_after=None
[2022-06-08 09:10:38,362] {logging_mixin.py:115} INFO - [2022-06-08 09:10:38,362] {dag.py:2927} INFO - Setting next_dagrun for example_subdag_operator.section-2 to None, run_after=None
[2022-06-08 09:10:38,371] {logging_mixin.py:115} INFO - [2022-06-08 09:10:38,371] {dag.py:2379} INFO - Sync 2 DAGs
[2022-06-08 09:10:38,378] {logging_mixin.py:115} INFO - [2022-06-08 09:10:38,378] {dag.py:2927} INFO - Setting next_dagrun for example_subdag_operator.section-1 to None, run_after=None
[2022-06-08 09:10:38,378] {logging_mixin.py:115} INFO - [2022-06-08 09:10:38,378] {dag.py:2927} INFO - Setting next_dagrun for example_subdag_operator.section-2 to None, run_after=None
[2022-06-08 09:10:38,392] {processor.py:161} INFO - Processing /home/james/airflowa/lib/python3.8/site-packages/airflow/example_dags/example_subdag_operator.py took 0.130 seconds
[2022-06-08 09:13:29,448] {processor.py:153} INFO - Started process (PID=27689) to work on /home/james/airflowa/lib/python3.8/site-packages/airflow/example_dags/example_subdag_operator.py
[2022-06-08 09:13:29,451] {processor.py:641} INFO - Processing file /home/james/airflowa/lib/python3.8/site-packages/airflow/example_dags/example_subdag_operator.py for tasks to queue
[2022-06-08 09:13:29,452] {logging_mixin.py:115} INFO - [2022-06-08 09:13:29,452] {dagbag.py:507} INFO - Filling up the DagBag from /home/james/airflowa/lib/python3.8/site-packages/airflow/example_dags/example_subdag_operator.py
[2022-06-08 09:13:29,548] {processor.py:651} INFO - DAG(s) dict_keys(['example_subdag_operator.section-1', 'example_subdag_operator.section-2', 'example_subdag_operator']) retrieved from /home/james/airflowa/lib/python3.8/site-packages/airflow/example_dags/example_subdag_operator.py
[2022-06-08 09:13:29,643] {logging_mixin.py:115} INFO - [2022-06-08 09:13:29,642] {dag.py:2379} INFO - Sync 3 DAGs
[2022-06-08 09:13:29,727] {logging_mixin.py:115} INFO - [2022-06-08 09:13:29,726] {dag.py:2927} INFO - Setting next_dagrun for example_subdag_operator to 2022-01-01T00:00:00+00:00, run_after=2022-01-01T00:00:00+00:00
[2022-06-08 09:13:29,728] {logging_mixin.py:115} INFO - [2022-06-08 09:13:29,728] {dag.py:2927} INFO - Setting next_dagrun for example_subdag_operator.section-1 to None, run_after=None
[2022-06-08 09:13:29,729] {logging_mixin.py:115} INFO - [2022-06-08 09:13:29,729] {dag.py:2927} INFO - Setting next_dagrun for example_subdag_operator.section-2 to None, run_after=None
[2022-06-08 09:13:29,747] {logging_mixin.py:115} INFO - [2022-06-08 09:13:29,746] {dag.py:2379} INFO - Sync 2 DAGs
[2022-06-08 09:13:29,761] {logging_mixin.py:115} INFO - [2022-06-08 09:13:29,761] {dag.py:2927} INFO - Setting next_dagrun for example_subdag_operator.section-1 to None, run_after=None
[2022-06-08 09:13:29,762] {logging_mixin.py:115} INFO - [2022-06-08 09:13:29,762] {dag.py:2927} INFO - Setting next_dagrun for example_subdag_operator.section-2 to None, run_after=None
[2022-06-08 09:13:29,831] {processor.py:161} INFO - Processing /home/james/airflowa/lib/python3.8/site-packages/airflow/example_dags/example_subdag_operator.py took 0.390 seconds
[2022-06-08 09:17:07,601] {processor.py:153} INFO - Started process (PID=29791) to work on /home/james/airflowa/lib/python3.8/site-packages/airflow/example_dags/example_subdag_operator.py
[2022-06-08 09:17:07,602] {processor.py:641} INFO - Processing file /home/james/airflowa/lib/python3.8/site-packages/airflow/example_dags/example_subdag_operator.py for tasks to queue
[2022-06-08 09:17:07,602] {logging_mixin.py:115} INFO - [2022-06-08 09:17:07,602] {dagbag.py:507} INFO - Filling up the DagBag from /home/james/airflowa/lib/python3.8/site-packages/airflow/example_dags/example_subdag_operator.py
[2022-06-08 09:17:07,622] {processor.py:651} INFO - DAG(s) dict_keys(['example_subdag_operator.section-1', 'example_subdag_operator.section-2', 'example_subdag_operator']) retrieved from /home/james/airflowa/lib/python3.8/site-packages/airflow/example_dags/example_subdag_operator.py
[2022-06-08 09:17:07,639] {logging_mixin.py:115} INFO - [2022-06-08 09:17:07,639] {dag.py:2379} INFO - Sync 3 DAGs
[2022-06-08 09:17:07,656] {logging_mixin.py:115} INFO - [2022-06-08 09:17:07,655] {dag.py:2927} INFO - Setting next_dagrun for example_subdag_operator to 2022-01-01T00:00:00+00:00, run_after=2022-01-01T00:00:00+00:00
[2022-06-08 09:17:07,656] {logging_mixin.py:115} INFO - [2022-06-08 09:17:07,656] {dag.py:2927} INFO - Setting next_dagrun for example_subdag_operator.section-1 to None, run_after=None
[2022-06-08 09:17:07,656] {logging_mixin.py:115} INFO - [2022-06-08 09:17:07,656] {dag.py:2927} INFO - Setting next_dagrun for example_subdag_operator.section-2 to None, run_after=None
[2022-06-08 09:17:07,661] {logging_mixin.py:115} INFO - [2022-06-08 09:17:07,661] {dag.py:2379} INFO - Sync 2 DAGs
[2022-06-08 09:17:07,665] {logging_mixin.py:115} INFO - [2022-06-08 09:17:07,665] {dag.py:2927} INFO - Setting next_dagrun for example_subdag_operator.section-1 to None, run_after=None
[2022-06-08 09:17:07,665] {logging_mixin.py:115} INFO - [2022-06-08 09:17:07,665] {dag.py:2927} INFO - Setting next_dagrun for example_subdag_operator.section-2 to None, run_after=None
[2022-06-08 09:17:07,676] {processor.py:161} INFO - Processing /home/james/airflowa/lib/python3.8/site-packages/airflow/example_dags/example_subdag_operator.py took 0.077 seconds
[2022-06-08 09:20:51,523] {processor.py:153} INFO - Started process (PID=31974) to work on /home/james/airflowa/lib/python3.8/site-packages/airflow/example_dags/example_subdag_operator.py
[2022-06-08 09:20:51,532] {processor.py:641} INFO - Processing file /home/james/airflowa/lib/python3.8/site-packages/airflow/example_dags/example_subdag_operator.py for tasks to queue
[2022-06-08 09:20:51,543] {logging_mixin.py:115} INFO - [2022-06-08 09:20:51,540] {dagbag.py:507} INFO - Filling up the DagBag from /home/james/airflowa/lib/python3.8/site-packages/airflow/example_dags/example_subdag_operator.py
[2022-06-08 09:20:51,640] {processor.py:651} INFO - DAG(s) dict_keys(['example_subdag_operator.section-1', 'example_subdag_operator.section-2', 'example_subdag_operator']) retrieved from /home/james/airflowa/lib/python3.8/site-packages/airflow/example_dags/example_subdag_operator.py
[2022-06-08 09:20:51,713] {logging_mixin.py:115} INFO - [2022-06-08 09:20:51,712] {dag.py:2379} INFO - Sync 3 DAGs
[2022-06-08 09:20:51,826] {logging_mixin.py:115} INFO - [2022-06-08 09:20:51,825] {dag.py:2927} INFO - Setting next_dagrun for example_subdag_operator to 2022-01-01T00:00:00+00:00, run_after=2022-01-01T00:00:00+00:00
[2022-06-08 09:20:51,826] {logging_mixin.py:115} INFO - [2022-06-08 09:20:51,826] {dag.py:2927} INFO - Setting next_dagrun for example_subdag_operator.section-1 to None, run_after=None
[2022-06-08 09:20:51,827] {logging_mixin.py:115} INFO - [2022-06-08 09:20:51,827] {dag.py:2927} INFO - Setting next_dagrun for example_subdag_operator.section-2 to None, run_after=None
[2022-06-08 09:20:51,845] {logging_mixin.py:115} INFO - [2022-06-08 09:20:51,844] {dag.py:2379} INFO - Sync 2 DAGs
[2022-06-08 09:20:51,877] {logging_mixin.py:115} INFO - [2022-06-08 09:20:51,877] {dag.py:2927} INFO - Setting next_dagrun for example_subdag_operator.section-1 to None, run_after=None
[2022-06-08 09:20:51,879] {logging_mixin.py:115} INFO - [2022-06-08 09:20:51,879] {dag.py:2927} INFO - Setting next_dagrun for example_subdag_operator.section-2 to None, run_after=None
[2022-06-08 09:20:51,908] {processor.py:161} INFO - Processing /home/james/airflowa/lib/python3.8/site-packages/airflow/example_dags/example_subdag_operator.py took 0.394 seconds
[2022-06-08 09:23:33,515] {processor.py:153} INFO - Started process (PID=33307) to work on /home/james/airflowa/lib/python3.8/site-packages/airflow/example_dags/example_subdag_operator.py
[2022-06-08 09:23:33,517] {processor.py:641} INFO - Processing file /home/james/airflowa/lib/python3.8/site-packages/airflow/example_dags/example_subdag_operator.py for tasks to queue
[2022-06-08 09:23:33,518] {logging_mixin.py:115} INFO - [2022-06-08 09:23:33,517] {dagbag.py:507} INFO - Filling up the DagBag from /home/james/airflowa/lib/python3.8/site-packages/airflow/example_dags/example_subdag_operator.py
[2022-06-08 09:23:33,569] {processor.py:651} INFO - DAG(s) dict_keys(['example_subdag_operator.section-1', 'example_subdag_operator.section-2', 'example_subdag_operator']) retrieved from /home/james/airflowa/lib/python3.8/site-packages/airflow/example_dags/example_subdag_operator.py
[2022-06-08 09:23:33,622] {logging_mixin.py:115} INFO - [2022-06-08 09:23:33,622] {dag.py:2379} INFO - Sync 3 DAGs
[2022-06-08 09:23:33,661] {logging_mixin.py:115} INFO - [2022-06-08 09:23:33,661] {dag.py:2927} INFO - Setting next_dagrun for example_subdag_operator to 2022-01-01T00:00:00+00:00, run_after=2022-01-01T00:00:00+00:00
[2022-06-08 09:23:33,662] {logging_mixin.py:115} INFO - [2022-06-08 09:23:33,662] {dag.py:2927} INFO - Setting next_dagrun for example_subdag_operator.section-1 to None, run_after=None
[2022-06-08 09:23:33,662] {logging_mixin.py:115} INFO - [2022-06-08 09:23:33,662] {dag.py:2927} INFO - Setting next_dagrun for example_subdag_operator.section-2 to None, run_after=None
[2022-06-08 09:23:33,673] {logging_mixin.py:115} INFO - [2022-06-08 09:23:33,673] {dag.py:2379} INFO - Sync 2 DAGs
[2022-06-08 09:23:33,681] {logging_mixin.py:115} INFO - [2022-06-08 09:23:33,681] {dag.py:2927} INFO - Setting next_dagrun for example_subdag_operator.section-1 to None, run_after=None
[2022-06-08 09:23:33,682] {logging_mixin.py:115} INFO - [2022-06-08 09:23:33,682] {dag.py:2927} INFO - Setting next_dagrun for example_subdag_operator.section-2 to None, run_after=None
[2022-06-08 09:23:33,697] {processor.py:161} INFO - Processing /home/james/airflowa/lib/python3.8/site-packages/airflow/example_dags/example_subdag_operator.py took 0.187 seconds
[2022-06-08 09:27:40,401] {processor.py:153} INFO - Started process (PID=34737) to work on /home/james/airflowa/lib/python3.8/site-packages/airflow/example_dags/example_subdag_operator.py
[2022-06-08 09:27:40,402] {processor.py:641} INFO - Processing file /home/james/airflowa/lib/python3.8/site-packages/airflow/example_dags/example_subdag_operator.py for tasks to queue
[2022-06-08 09:27:40,403] {logging_mixin.py:115} INFO - [2022-06-08 09:27:40,403] {dagbag.py:507} INFO - Filling up the DagBag from /home/james/airflowa/lib/python3.8/site-packages/airflow/example_dags/example_subdag_operator.py
[2022-06-08 09:27:40,442] {processor.py:651} INFO - DAG(s) dict_keys(['example_subdag_operator.section-1', 'example_subdag_operator.section-2', 'example_subdag_operator']) retrieved from /home/james/airflowa/lib/python3.8/site-packages/airflow/example_dags/example_subdag_operator.py
[2022-06-08 09:27:40,480] {logging_mixin.py:115} INFO - [2022-06-08 09:27:40,480] {dag.py:2379} INFO - Sync 3 DAGs
[2022-06-08 09:27:40,537] {logging_mixin.py:115} INFO - [2022-06-08 09:27:40,537] {dag.py:2927} INFO - Setting next_dagrun for example_subdag_operator to 2022-01-01T00:00:00+00:00, run_after=2022-01-01T00:00:00+00:00
[2022-06-08 09:27:40,538] {logging_mixin.py:115} INFO - [2022-06-08 09:27:40,538] {dag.py:2927} INFO - Setting next_dagrun for example_subdag_operator.section-1 to None, run_after=None
[2022-06-08 09:27:40,539] {logging_mixin.py:115} INFO - [2022-06-08 09:27:40,538] {dag.py:2927} INFO - Setting next_dagrun for example_subdag_operator.section-2 to None, run_after=None
[2022-06-08 09:27:40,554] {logging_mixin.py:115} INFO - [2022-06-08 09:27:40,554] {dag.py:2379} INFO - Sync 2 DAGs
[2022-06-08 09:27:40,566] {logging_mixin.py:115} INFO - [2022-06-08 09:27:40,566] {dag.py:2927} INFO - Setting next_dagrun for example_subdag_operator.section-1 to None, run_after=None
[2022-06-08 09:27:40,567] {logging_mixin.py:115} INFO - [2022-06-08 09:27:40,566] {dag.py:2927} INFO - Setting next_dagrun for example_subdag_operator.section-2 to None, run_after=None
[2022-06-08 09:27:40,586] {processor.py:161} INFO - Processing /home/james/airflowa/lib/python3.8/site-packages/airflow/example_dags/example_subdag_operator.py took 0.190 seconds
[2022-06-08 11:27:54,001] {processor.py:153} INFO - Started process (PID=76598) to work on /home/james/airflowa/lib/python3.8/site-packages/airflow/example_dags/example_subdag_operator.py
[2022-06-08 11:27:54,002] {processor.py:641} INFO - Processing file /home/james/airflowa/lib/python3.8/site-packages/airflow/example_dags/example_subdag_operator.py for tasks to queue
[2022-06-08 11:27:54,003] {logging_mixin.py:115} INFO - [2022-06-08 11:27:54,003] {dagbag.py:507} INFO - Filling up the DagBag from /home/james/airflowa/lib/python3.8/site-packages/airflow/example_dags/example_subdag_operator.py
[2022-06-08 11:27:54,022] {processor.py:651} INFO - DAG(s) dict_keys(['example_subdag_operator.section-1', 'example_subdag_operator.section-2', 'example_subdag_operator']) retrieved from /home/james/airflowa/lib/python3.8/site-packages/airflow/example_dags/example_subdag_operator.py
[2022-06-08 11:27:54,037] {logging_mixin.py:115} INFO - [2022-06-08 11:27:54,037] {dag.py:2379} INFO - Sync 3 DAGs
[2022-06-08 11:27:54,055] {logging_mixin.py:115} INFO - [2022-06-08 11:27:54,055] {dag.py:2927} INFO - Setting next_dagrun for example_subdag_operator to 2022-01-01T00:00:00+00:00, run_after=2022-01-01T00:00:00+00:00
[2022-06-08 11:27:54,055] {logging_mixin.py:115} INFO - [2022-06-08 11:27:54,055] {dag.py:2927} INFO - Setting next_dagrun for example_subdag_operator.section-1 to None, run_after=None
[2022-06-08 11:27:54,055] {logging_mixin.py:115} INFO - [2022-06-08 11:27:54,055] {dag.py:2927} INFO - Setting next_dagrun for example_subdag_operator.section-2 to None, run_after=None
[2022-06-08 11:27:54,061] {logging_mixin.py:115} INFO - [2022-06-08 11:27:54,061] {dag.py:2379} INFO - Sync 2 DAGs
[2022-06-08 11:27:54,066] {logging_mixin.py:115} INFO - [2022-06-08 11:27:54,066] {dag.py:2927} INFO - Setting next_dagrun for example_subdag_operator.section-1 to None, run_after=None
[2022-06-08 11:27:54,066] {logging_mixin.py:115} INFO - [2022-06-08 11:27:54,066] {dag.py:2927} INFO - Setting next_dagrun for example_subdag_operator.section-2 to None, run_after=None
[2022-06-08 11:27:54,075] {processor.py:161} INFO - Processing /home/james/airflowa/lib/python3.8/site-packages/airflow/example_dags/example_subdag_operator.py took 0.076 seconds
[2022-06-08 11:28:34,695] {processor.py:153} INFO - Started process (PID=76902) to work on /home/james/airflowa/lib/python3.8/site-packages/airflow/example_dags/example_subdag_operator.py
[2022-06-08 11:28:34,695] {processor.py:641} INFO - Processing file /home/james/airflowa/lib/python3.8/site-packages/airflow/example_dags/example_subdag_operator.py for tasks to queue
[2022-06-08 11:28:34,696] {logging_mixin.py:115} INFO - [2022-06-08 11:28:34,696] {dagbag.py:507} INFO - Filling up the DagBag from /home/james/airflowa/lib/python3.8/site-packages/airflow/example_dags/example_subdag_operator.py
[2022-06-08 11:28:34,712] {processor.py:651} INFO - DAG(s) dict_keys(['example_subdag_operator.section-1', 'example_subdag_operator.section-2', 'example_subdag_operator']) retrieved from /home/james/airflowa/lib/python3.8/site-packages/airflow/example_dags/example_subdag_operator.py
[2022-06-08 11:28:34,732] {logging_mixin.py:115} INFO - [2022-06-08 11:28:34,732] {dag.py:2379} INFO - Sync 3 DAGs
[2022-06-08 11:28:34,750] {logging_mixin.py:115} INFO - [2022-06-08 11:28:34,750] {dag.py:2927} INFO - Setting next_dagrun for example_subdag_operator to 2022-01-01T00:00:00+00:00, run_after=2022-01-01T00:00:00+00:00
[2022-06-08 11:28:34,750] {logging_mixin.py:115} INFO - [2022-06-08 11:28:34,750] {dag.py:2927} INFO - Setting next_dagrun for example_subdag_operator.section-1 to None, run_after=None
[2022-06-08 11:28:34,750] {logging_mixin.py:115} INFO - [2022-06-08 11:28:34,750] {dag.py:2927} INFO - Setting next_dagrun for example_subdag_operator.section-2 to None, run_after=None
[2022-06-08 11:28:34,755] {logging_mixin.py:115} INFO - [2022-06-08 11:28:34,755] {dag.py:2379} INFO - Sync 2 DAGs
[2022-06-08 11:28:34,759] {logging_mixin.py:115} INFO - [2022-06-08 11:28:34,759] {dag.py:2927} INFO - Setting next_dagrun for example_subdag_operator.section-1 to None, run_after=None
[2022-06-08 11:28:34,759] {logging_mixin.py:115} INFO - [2022-06-08 11:28:34,759] {dag.py:2927} INFO - Setting next_dagrun for example_subdag_operator.section-2 to None, run_after=None
[2022-06-08 11:28:34,766] {processor.py:161} INFO - Processing /home/james/airflowa/lib/python3.8/site-packages/airflow/example_dags/example_subdag_operator.py took 0.074 seconds
[2022-06-08 11:29:13,619] {processor.py:153} INFO - Started process (PID=77188) to work on /home/james/airflowa/lib/python3.8/site-packages/airflow/example_dags/example_subdag_operator.py
[2022-06-08 11:29:13,620] {processor.py:641} INFO - Processing file /home/james/airflowa/lib/python3.8/site-packages/airflow/example_dags/example_subdag_operator.py for tasks to queue
[2022-06-08 11:29:13,620] {logging_mixin.py:115} INFO - [2022-06-08 11:29:13,620] {dagbag.py:507} INFO - Filling up the DagBag from /home/james/airflowa/lib/python3.8/site-packages/airflow/example_dags/example_subdag_operator.py
[2022-06-08 11:29:13,636] {processor.py:651} INFO - DAG(s) dict_keys(['example_subdag_operator.section-1', 'example_subdag_operator.section-2', 'example_subdag_operator']) retrieved from /home/james/airflowa/lib/python3.8/site-packages/airflow/example_dags/example_subdag_operator.py
[2022-06-08 11:29:13,652] {logging_mixin.py:115} INFO - [2022-06-08 11:29:13,652] {dag.py:2379} INFO - Sync 3 DAGs
[2022-06-08 11:29:13,668] {logging_mixin.py:115} INFO - [2022-06-08 11:29:13,668] {dag.py:2927} INFO - Setting next_dagrun for example_subdag_operator to 2022-01-01T00:00:00+00:00, run_after=2022-01-01T00:00:00+00:00
[2022-06-08 11:29:13,668] {logging_mixin.py:115} INFO - [2022-06-08 11:29:13,668] {dag.py:2927} INFO - Setting next_dagrun for example_subdag_operator.section-1 to None, run_after=None
[2022-06-08 11:29:13,668] {logging_mixin.py:115} INFO - [2022-06-08 11:29:13,668] {dag.py:2927} INFO - Setting next_dagrun for example_subdag_operator.section-2 to None, run_after=None
[2022-06-08 11:29:13,672] {logging_mixin.py:115} INFO - [2022-06-08 11:29:13,672] {dag.py:2379} INFO - Sync 2 DAGs
[2022-06-08 11:29:13,675] {logging_mixin.py:115} INFO - [2022-06-08 11:29:13,675] {dag.py:2927} INFO - Setting next_dagrun for example_subdag_operator.section-1 to None, run_after=None
[2022-06-08 11:29:13,676] {logging_mixin.py:115} INFO - [2022-06-08 11:29:13,676] {dag.py:2927} INFO - Setting next_dagrun for example_subdag_operator.section-2 to None, run_after=None
[2022-06-08 11:29:13,684] {processor.py:161} INFO - Processing /home/james/airflowa/lib/python3.8/site-packages/airflow/example_dags/example_subdag_operator.py took 0.067 seconds
[2022-06-08 11:29:53,755] {processor.py:153} INFO - Started process (PID=77558) to work on /home/james/airflowa/lib/python3.8/site-packages/airflow/example_dags/example_subdag_operator.py
[2022-06-08 11:29:53,756] {processor.py:641} INFO - Processing file /home/james/airflowa/lib/python3.8/site-packages/airflow/example_dags/example_subdag_operator.py for tasks to queue
[2022-06-08 11:29:53,756] {logging_mixin.py:115} INFO - [2022-06-08 11:29:53,756] {dagbag.py:507} INFO - Filling up the DagBag from /home/james/airflowa/lib/python3.8/site-packages/airflow/example_dags/example_subdag_operator.py
[2022-06-08 11:29:53,773] {processor.py:651} INFO - DAG(s) dict_keys(['example_subdag_operator.section-1', 'example_subdag_operator.section-2', 'example_subdag_operator']) retrieved from /home/james/airflowa/lib/python3.8/site-packages/airflow/example_dags/example_subdag_operator.py
[2022-06-08 11:29:53,790] {logging_mixin.py:115} INFO - [2022-06-08 11:29:53,790] {dag.py:2379} INFO - Sync 3 DAGs
[2022-06-08 11:29:53,804] {logging_mixin.py:115} INFO - [2022-06-08 11:29:53,804] {dag.py:2927} INFO - Setting next_dagrun for example_subdag_operator to 2022-01-01T00:00:00+00:00, run_after=2022-01-01T00:00:00+00:00
[2022-06-08 11:29:53,805] {logging_mixin.py:115} INFO - [2022-06-08 11:29:53,804] {dag.py:2927} INFO - Setting next_dagrun for example_subdag_operator.section-1 to None, run_after=None
[2022-06-08 11:29:53,805] {logging_mixin.py:115} INFO - [2022-06-08 11:29:53,805] {dag.py:2927} INFO - Setting next_dagrun for example_subdag_operator.section-2 to None, run_after=None
[2022-06-08 11:29:53,809] {logging_mixin.py:115} INFO - [2022-06-08 11:29:53,809] {dag.py:2379} INFO - Sync 2 DAGs
[2022-06-08 11:29:53,812] {logging_mixin.py:115} INFO - [2022-06-08 11:29:53,812] {dag.py:2927} INFO - Setting next_dagrun for example_subdag_operator.section-1 to None, run_after=None
[2022-06-08 11:29:53,812] {logging_mixin.py:115} INFO - [2022-06-08 11:29:53,812] {dag.py:2927} INFO - Setting next_dagrun for example_subdag_operator.section-2 to None, run_after=None
[2022-06-08 11:29:53,821] {processor.py:161} INFO - Processing /home/james/airflowa/lib/python3.8/site-packages/airflow/example_dags/example_subdag_operator.py took 0.068 seconds
[2022-06-08 11:31:34,933] {processor.py:153} INFO - Started process (PID=78619) to work on /home/james/airflowa/lib/python3.8/site-packages/airflow/example_dags/example_subdag_operator.py
[2022-06-08 11:31:34,939] {processor.py:641} INFO - Processing file /home/james/airflowa/lib/python3.8/site-packages/airflow/example_dags/example_subdag_operator.py for tasks to queue
[2022-06-08 11:31:34,940] {logging_mixin.py:115} INFO - [2022-06-08 11:31:34,940] {dagbag.py:507} INFO - Filling up the DagBag from /home/james/airflowa/lib/python3.8/site-packages/airflow/example_dags/example_subdag_operator.py
[2022-06-08 11:31:35,001] {processor.py:651} INFO - DAG(s) dict_keys(['example_subdag_operator.section-1', 'example_subdag_operator.section-2', 'example_subdag_operator']) retrieved from /home/james/airflowa/lib/python3.8/site-packages/airflow/example_dags/example_subdag_operator.py
[2022-06-08 11:31:35,109] {logging_mixin.py:115} INFO - [2022-06-08 11:31:35,108] {dag.py:2379} INFO - Sync 3 DAGs
[2022-06-08 11:31:35,171] {logging_mixin.py:115} INFO - [2022-06-08 11:31:35,171] {dag.py:2927} INFO - Setting next_dagrun for example_subdag_operator to 2022-01-01T00:00:00+00:00, run_after=2022-01-01T00:00:00+00:00
[2022-06-08 11:31:35,172] {logging_mixin.py:115} INFO - [2022-06-08 11:31:35,172] {dag.py:2927} INFO - Setting next_dagrun for example_subdag_operator.section-1 to None, run_after=None
[2022-06-08 11:31:35,172] {logging_mixin.py:115} INFO - [2022-06-08 11:31:35,172] {dag.py:2927} INFO - Setting next_dagrun for example_subdag_operator.section-2 to None, run_after=None
[2022-06-08 11:31:35,184] {logging_mixin.py:115} INFO - [2022-06-08 11:31:35,184] {dag.py:2379} INFO - Sync 2 DAGs
[2022-06-08 11:31:35,196] {logging_mixin.py:115} INFO - [2022-06-08 11:31:35,195] {dag.py:2927} INFO - Setting next_dagrun for example_subdag_operator.section-1 to None, run_after=None
[2022-06-08 11:31:35,196] {logging_mixin.py:115} INFO - [2022-06-08 11:31:35,196] {dag.py:2927} INFO - Setting next_dagrun for example_subdag_operator.section-2 to None, run_after=None
[2022-06-08 11:31:35,230] {processor.py:161} INFO - Processing /home/james/airflowa/lib/python3.8/site-packages/airflow/example_dags/example_subdag_operator.py took 0.309 seconds
[2022-06-08 11:32:22,933] {processor.py:153} INFO - Started process (PID=78853) to work on /home/james/airflowa/lib/python3.8/site-packages/airflow/example_dags/example_subdag_operator.py
[2022-06-08 11:32:22,934] {processor.py:641} INFO - Processing file /home/james/airflowa/lib/python3.8/site-packages/airflow/example_dags/example_subdag_operator.py for tasks to queue
[2022-06-08 11:32:22,934] {logging_mixin.py:115} INFO - [2022-06-08 11:32:22,934] {dagbag.py:507} INFO - Filling up the DagBag from /home/james/airflowa/lib/python3.8/site-packages/airflow/example_dags/example_subdag_operator.py
[2022-06-08 11:32:22,978] {processor.py:651} INFO - DAG(s) dict_keys(['example_subdag_operator.section-1', 'example_subdag_operator.section-2', 'example_subdag_operator']) retrieved from /home/james/airflowa/lib/python3.8/site-packages/airflow/example_dags/example_subdag_operator.py
[2022-06-08 11:32:23,008] {logging_mixin.py:115} INFO - [2022-06-08 11:32:23,007] {dag.py:2379} INFO - Sync 3 DAGs
[2022-06-08 11:32:23,042] {logging_mixin.py:115} INFO - [2022-06-08 11:32:23,042] {dag.py:2927} INFO - Setting next_dagrun for example_subdag_operator to 2022-01-01T00:00:00+00:00, run_after=2022-01-01T00:00:00+00:00
[2022-06-08 11:32:23,042] {logging_mixin.py:115} INFO - [2022-06-08 11:32:23,042] {dag.py:2927} INFO - Setting next_dagrun for example_subdag_operator.section-1 to None, run_after=None
[2022-06-08 11:32:23,043] {logging_mixin.py:115} INFO - [2022-06-08 11:32:23,043] {dag.py:2927} INFO - Setting next_dagrun for example_subdag_operator.section-2 to None, run_after=None
[2022-06-08 11:32:23,053] {logging_mixin.py:115} INFO - [2022-06-08 11:32:23,053] {dag.py:2379} INFO - Sync 2 DAGs
[2022-06-08 11:32:23,061] {logging_mixin.py:115} INFO - [2022-06-08 11:32:23,061] {dag.py:2927} INFO - Setting next_dagrun for example_subdag_operator.section-1 to None, run_after=None
[2022-06-08 11:32:23,062] {logging_mixin.py:115} INFO - [2022-06-08 11:32:23,062] {dag.py:2927} INFO - Setting next_dagrun for example_subdag_operator.section-2 to None, run_after=None
[2022-06-08 11:32:23,079] {processor.py:161} INFO - Processing /home/james/airflowa/lib/python3.8/site-packages/airflow/example_dags/example_subdag_operator.py took 0.149 seconds
[2022-06-08 11:33:12,707] {processor.py:153} INFO - Started process (PID=79165) to work on /home/james/airflowa/lib/python3.8/site-packages/airflow/example_dags/example_subdag_operator.py
[2022-06-08 11:33:12,709] {processor.py:641} INFO - Processing file /home/james/airflowa/lib/python3.8/site-packages/airflow/example_dags/example_subdag_operator.py for tasks to queue
[2022-06-08 11:33:12,713] {logging_mixin.py:115} INFO - [2022-06-08 11:33:12,713] {dagbag.py:507} INFO - Filling up the DagBag from /home/james/airflowa/lib/python3.8/site-packages/airflow/example_dags/example_subdag_operator.py
[2022-06-08 11:33:12,767] {processor.py:651} INFO - DAG(s) dict_keys(['example_subdag_operator.section-1', 'example_subdag_operator.section-2', 'example_subdag_operator']) retrieved from /home/james/airflowa/lib/python3.8/site-packages/airflow/example_dags/example_subdag_operator.py
[2022-06-08 11:33:12,875] {logging_mixin.py:115} INFO - [2022-06-08 11:33:12,875] {dag.py:2379} INFO - Sync 3 DAGs
[2022-06-08 11:33:12,914] {logging_mixin.py:115} INFO - [2022-06-08 11:33:12,913] {dag.py:2927} INFO - Setting next_dagrun for example_subdag_operator to 2022-01-01T00:00:00+00:00, run_after=2022-01-01T00:00:00+00:00
[2022-06-08 11:33:12,914] {logging_mixin.py:115} INFO - [2022-06-08 11:33:12,914] {dag.py:2927} INFO - Setting next_dagrun for example_subdag_operator.section-1 to None, run_after=None
[2022-06-08 11:33:12,915] {logging_mixin.py:115} INFO - [2022-06-08 11:33:12,914] {dag.py:2927} INFO - Setting next_dagrun for example_subdag_operator.section-2 to None, run_after=None
[2022-06-08 11:33:12,923] {logging_mixin.py:115} INFO - [2022-06-08 11:33:12,923] {dag.py:2379} INFO - Sync 2 DAGs
[2022-06-08 11:33:12,929] {logging_mixin.py:115} INFO - [2022-06-08 11:33:12,929] {dag.py:2927} INFO - Setting next_dagrun for example_subdag_operator.section-1 to None, run_after=None
[2022-06-08 11:33:12,929] {logging_mixin.py:115} INFO - [2022-06-08 11:33:12,929] {dag.py:2927} INFO - Setting next_dagrun for example_subdag_operator.section-2 to None, run_after=None
[2022-06-08 11:33:12,940] {processor.py:161} INFO - Processing /home/james/airflowa/lib/python3.8/site-packages/airflow/example_dags/example_subdag_operator.py took 0.239 seconds
[2022-06-08 11:34:02,188] {processor.py:153} INFO - Started process (PID=79525) to work on /home/james/airflowa/lib/python3.8/site-packages/airflow/example_dags/example_subdag_operator.py
[2022-06-08 11:34:02,189] {processor.py:641} INFO - Processing file /home/james/airflowa/lib/python3.8/site-packages/airflow/example_dags/example_subdag_operator.py for tasks to queue
[2022-06-08 11:34:02,189] {logging_mixin.py:115} INFO - [2022-06-08 11:34:02,189] {dagbag.py:507} INFO - Filling up the DagBag from /home/james/airflowa/lib/python3.8/site-packages/airflow/example_dags/example_subdag_operator.py
[2022-06-08 11:34:02,224] {processor.py:651} INFO - DAG(s) dict_keys(['example_subdag_operator.section-1', 'example_subdag_operator.section-2', 'example_subdag_operator']) retrieved from /home/james/airflowa/lib/python3.8/site-packages/airflow/example_dags/example_subdag_operator.py
[2022-06-08 11:34:02,275] {logging_mixin.py:115} INFO - [2022-06-08 11:34:02,275] {dag.py:2379} INFO - Sync 3 DAGs
[2022-06-08 11:34:02,302] {logging_mixin.py:115} INFO - [2022-06-08 11:34:02,302] {dag.py:2927} INFO - Setting next_dagrun for example_subdag_operator to 2022-01-01T00:00:00+00:00, run_after=2022-01-01T00:00:00+00:00
[2022-06-08 11:34:02,303] {logging_mixin.py:115} INFO - [2022-06-08 11:34:02,303] {dag.py:2927} INFO - Setting next_dagrun for example_subdag_operator.section-1 to None, run_after=None
[2022-06-08 11:34:02,303] {logging_mixin.py:115} INFO - [2022-06-08 11:34:02,303] {dag.py:2927} INFO - Setting next_dagrun for example_subdag_operator.section-2 to None, run_after=None
[2022-06-08 11:34:02,310] {logging_mixin.py:115} INFO - [2022-06-08 11:34:02,310] {dag.py:2379} INFO - Sync 2 DAGs
[2022-06-08 11:34:02,315] {logging_mixin.py:115} INFO - [2022-06-08 11:34:02,315] {dag.py:2927} INFO - Setting next_dagrun for example_subdag_operator.section-1 to None, run_after=None
[2022-06-08 11:34:02,316] {logging_mixin.py:115} INFO - [2022-06-08 11:34:02,315] {dag.py:2927} INFO - Setting next_dagrun for example_subdag_operator.section-2 to None, run_after=None
[2022-06-08 11:34:02,326] {processor.py:161} INFO - Processing /home/james/airflowa/lib/python3.8/site-packages/airflow/example_dags/example_subdag_operator.py took 0.141 seconds
[2022-06-08 11:34:51,145] {processor.py:153} INFO - Started process (PID=80088) to work on /home/james/airflowa/lib/python3.8/site-packages/airflow/example_dags/example_subdag_operator.py
[2022-06-08 11:34:51,148] {processor.py:641} INFO - Processing file /home/james/airflowa/lib/python3.8/site-packages/airflow/example_dags/example_subdag_operator.py for tasks to queue
[2022-06-08 11:34:51,149] {logging_mixin.py:115} INFO - [2022-06-08 11:34:51,149] {dagbag.py:507} INFO - Filling up the DagBag from /home/james/airflowa/lib/python3.8/site-packages/airflow/example_dags/example_subdag_operator.py
[2022-06-08 11:34:51,177] {processor.py:651} INFO - DAG(s) dict_keys(['example_subdag_operator.section-1', 'example_subdag_operator.section-2', 'example_subdag_operator']) retrieved from /home/james/airflowa/lib/python3.8/site-packages/airflow/example_dags/example_subdag_operator.py
[2022-06-08 11:34:51,201] {logging_mixin.py:115} INFO - [2022-06-08 11:34:51,201] {dag.py:2379} INFO - Sync 3 DAGs
[2022-06-08 11:34:51,223] {logging_mixin.py:115} INFO - [2022-06-08 11:34:51,223] {dag.py:2927} INFO - Setting next_dagrun for example_subdag_operator to 2022-01-01T00:00:00+00:00, run_after=2022-01-01T00:00:00+00:00
[2022-06-08 11:34:51,223] {logging_mixin.py:115} INFO - [2022-06-08 11:34:51,223] {dag.py:2927} INFO - Setting next_dagrun for example_subdag_operator.section-1 to None, run_after=None
[2022-06-08 11:34:51,223] {logging_mixin.py:115} INFO - [2022-06-08 11:34:51,223] {dag.py:2927} INFO - Setting next_dagrun for example_subdag_operator.section-2 to None, run_after=None
[2022-06-08 11:34:51,232] {logging_mixin.py:115} INFO - [2022-06-08 11:34:51,232] {dag.py:2379} INFO - Sync 2 DAGs
[2022-06-08 11:34:51,238] {logging_mixin.py:115} INFO - [2022-06-08 11:34:51,238] {dag.py:2927} INFO - Setting next_dagrun for example_subdag_operator.section-1 to None, run_after=None
[2022-06-08 11:34:51,238] {logging_mixin.py:115} INFO - [2022-06-08 11:34:51,238] {dag.py:2927} INFO - Setting next_dagrun for example_subdag_operator.section-2 to None, run_after=None
[2022-06-08 11:34:51,248] {processor.py:161} INFO - Processing /home/james/airflowa/lib/python3.8/site-packages/airflow/example_dags/example_subdag_operator.py took 0.107 seconds
[2022-06-08 12:21:57,856] {processor.py:153} INFO - Started process (PID=104776) to work on /home/james/airflowa/lib/python3.8/site-packages/airflow/example_dags/example_subdag_operator.py
[2022-06-08 12:21:57,857] {processor.py:641} INFO - Processing file /home/james/airflowa/lib/python3.8/site-packages/airflow/example_dags/example_subdag_operator.py for tasks to queue
[2022-06-08 12:21:57,858] {logging_mixin.py:115} INFO - [2022-06-08 12:21:57,858] {dagbag.py:507} INFO - Filling up the DagBag from /home/james/airflowa/lib/python3.8/site-packages/airflow/example_dags/example_subdag_operator.py
[2022-06-08 12:21:57,889] {processor.py:651} INFO - DAG(s) dict_keys(['example_subdag_operator.section-1', 'example_subdag_operator.section-2', 'example_subdag_operator']) retrieved from /home/james/airflowa/lib/python3.8/site-packages/airflow/example_dags/example_subdag_operator.py
[2022-06-08 12:21:57,918] {logging_mixin.py:115} INFO - [2022-06-08 12:21:57,917] {dag.py:2379} INFO - Sync 3 DAGs
[2022-06-08 12:21:57,945] {logging_mixin.py:115} INFO - [2022-06-08 12:21:57,945] {dag.py:2927} INFO - Setting next_dagrun for example_subdag_operator to 2022-01-01T00:00:00+00:00, run_after=2022-01-01T00:00:00+00:00
[2022-06-08 12:21:57,946] {logging_mixin.py:115} INFO - [2022-06-08 12:21:57,946] {dag.py:2927} INFO - Setting next_dagrun for example_subdag_operator.section-1 to None, run_after=None
[2022-06-08 12:21:57,946] {logging_mixin.py:115} INFO - [2022-06-08 12:21:57,946] {dag.py:2927} INFO - Setting next_dagrun for example_subdag_operator.section-2 to None, run_after=None
[2022-06-08 12:21:57,956] {logging_mixin.py:115} INFO - [2022-06-08 12:21:57,956] {dag.py:2379} INFO - Sync 2 DAGs
[2022-06-08 12:21:57,961] {logging_mixin.py:115} INFO - [2022-06-08 12:21:57,961] {dag.py:2927} INFO - Setting next_dagrun for example_subdag_operator.section-1 to None, run_after=None
[2022-06-08 12:21:57,962] {logging_mixin.py:115} INFO - [2022-06-08 12:21:57,961] {dag.py:2927} INFO - Setting next_dagrun for example_subdag_operator.section-2 to None, run_after=None
[2022-06-08 12:21:57,974] {processor.py:161} INFO - Processing /home/james/airflowa/lib/python3.8/site-packages/airflow/example_dags/example_subdag_operator.py took 0.122 seconds
[2022-06-08 12:22:43,698] {processor.py:153} INFO - Started process (PID=104987) to work on /home/james/airflowa/lib/python3.8/site-packages/airflow/example_dags/example_subdag_operator.py
[2022-06-08 12:22:43,699] {processor.py:641} INFO - Processing file /home/james/airflowa/lib/python3.8/site-packages/airflow/example_dags/example_subdag_operator.py for tasks to queue
[2022-06-08 12:22:43,700] {logging_mixin.py:115} INFO - [2022-06-08 12:22:43,699] {dagbag.py:507} INFO - Filling up the DagBag from /home/james/airflowa/lib/python3.8/site-packages/airflow/example_dags/example_subdag_operator.py
[2022-06-08 12:22:43,729] {processor.py:651} INFO - DAG(s) dict_keys(['example_subdag_operator.section-1', 'example_subdag_operator.section-2', 'example_subdag_operator']) retrieved from /home/james/airflowa/lib/python3.8/site-packages/airflow/example_dags/example_subdag_operator.py
[2022-06-08 12:22:43,754] {logging_mixin.py:115} INFO - [2022-06-08 12:22:43,754] {dag.py:2379} INFO - Sync 3 DAGs
[2022-06-08 12:22:43,776] {logging_mixin.py:115} INFO - [2022-06-08 12:22:43,776] {dag.py:2927} INFO - Setting next_dagrun for example_subdag_operator to 2022-01-01T00:00:00+00:00, run_after=2022-01-01T00:00:00+00:00
[2022-06-08 12:22:43,776] {logging_mixin.py:115} INFO - [2022-06-08 12:22:43,776] {dag.py:2927} INFO - Setting next_dagrun for example_subdag_operator.section-1 to None, run_after=None
[2022-06-08 12:22:43,777] {logging_mixin.py:115} INFO - [2022-06-08 12:22:43,777] {dag.py:2927} INFO - Setting next_dagrun for example_subdag_operator.section-2 to None, run_after=None
[2022-06-08 12:22:43,783] {logging_mixin.py:115} INFO - [2022-06-08 12:22:43,783] {dag.py:2379} INFO - Sync 2 DAGs
[2022-06-08 12:22:43,789] {logging_mixin.py:115} INFO - [2022-06-08 12:22:43,788] {dag.py:2927} INFO - Setting next_dagrun for example_subdag_operator.section-1 to None, run_after=None
[2022-06-08 12:22:43,789] {logging_mixin.py:115} INFO - [2022-06-08 12:22:43,789] {dag.py:2927} INFO - Setting next_dagrun for example_subdag_operator.section-2 to None, run_after=None
[2022-06-08 12:22:43,804] {processor.py:161} INFO - Processing /home/james/airflowa/lib/python3.8/site-packages/airflow/example_dags/example_subdag_operator.py took 0.110 seconds
[2022-06-08 12:37:36,412] {processor.py:153} INFO - Started process (PID=114171) to work on /home/james/airflowa/lib/python3.8/site-packages/airflow/example_dags/example_subdag_operator.py
[2022-06-08 12:37:36,413] {processor.py:641} INFO - Processing file /home/james/airflowa/lib/python3.8/site-packages/airflow/example_dags/example_subdag_operator.py for tasks to queue
[2022-06-08 12:37:36,414] {logging_mixin.py:115} INFO - [2022-06-08 12:37:36,414] {dagbag.py:507} INFO - Filling up the DagBag from /home/james/airflowa/lib/python3.8/site-packages/airflow/example_dags/example_subdag_operator.py
[2022-06-08 12:37:36,440] {processor.py:651} INFO - DAG(s) dict_keys(['example_subdag_operator.section-1', 'example_subdag_operator.section-2', 'example_subdag_operator']) retrieved from /home/james/airflowa/lib/python3.8/site-packages/airflow/example_dags/example_subdag_operator.py
[2022-06-08 12:37:36,461] {logging_mixin.py:115} INFO - [2022-06-08 12:37:36,461] {dag.py:2379} INFO - Sync 3 DAGs
[2022-06-08 12:37:36,485] {logging_mixin.py:115} INFO - [2022-06-08 12:37:36,484] {dag.py:2927} INFO - Setting next_dagrun for example_subdag_operator to 2022-01-01T00:00:00+00:00, run_after=2022-01-01T00:00:00+00:00
[2022-06-08 12:37:36,485] {logging_mixin.py:115} INFO - [2022-06-08 12:37:36,485] {dag.py:2927} INFO - Setting next_dagrun for example_subdag_operator.section-1 to None, run_after=None
[2022-06-08 12:37:36,486] {logging_mixin.py:115} INFO - [2022-06-08 12:37:36,485] {dag.py:2927} INFO - Setting next_dagrun for example_subdag_operator.section-2 to None, run_after=None
[2022-06-08 12:37:36,494] {logging_mixin.py:115} INFO - [2022-06-08 12:37:36,494] {dag.py:2379} INFO - Sync 2 DAGs
[2022-06-08 12:37:36,502] {logging_mixin.py:115} INFO - [2022-06-08 12:37:36,502] {dag.py:2927} INFO - Setting next_dagrun for example_subdag_operator.section-1 to None, run_after=None
[2022-06-08 12:37:36,503] {logging_mixin.py:115} INFO - [2022-06-08 12:37:36,502] {dag.py:2927} INFO - Setting next_dagrun for example_subdag_operator.section-2 to None, run_after=None
[2022-06-08 12:37:36,516] {processor.py:161} INFO - Processing /home/james/airflowa/lib/python3.8/site-packages/airflow/example_dags/example_subdag_operator.py took 0.108 seconds
[2022-06-08 12:39:18,991] {processor.py:153} INFO - Started process (PID=115625) to work on /home/james/airflowa/lib/python3.8/site-packages/airflow/example_dags/example_subdag_operator.py
[2022-06-08 12:39:18,993] {processor.py:641} INFO - Processing file /home/james/airflowa/lib/python3.8/site-packages/airflow/example_dags/example_subdag_operator.py for tasks to queue
[2022-06-08 12:39:18,994] {logging_mixin.py:115} INFO - [2022-06-08 12:39:18,994] {dagbag.py:507} INFO - Filling up the DagBag from /home/james/airflowa/lib/python3.8/site-packages/airflow/example_dags/example_subdag_operator.py
[2022-06-08 12:39:19,055] {processor.py:651} INFO - DAG(s) dict_keys(['example_subdag_operator.section-1', 'example_subdag_operator.section-2', 'example_subdag_operator']) retrieved from /home/james/airflowa/lib/python3.8/site-packages/airflow/example_dags/example_subdag_operator.py
[2022-06-08 12:39:19,099] {logging_mixin.py:115} INFO - [2022-06-08 12:39:19,098] {dag.py:2379} INFO - Sync 3 DAGs
[2022-06-08 12:39:19,136] {logging_mixin.py:115} INFO - [2022-06-08 12:39:19,136] {dag.py:2927} INFO - Setting next_dagrun for example_subdag_operator to 2022-01-01T00:00:00+00:00, run_after=2022-01-01T00:00:00+00:00
[2022-06-08 12:39:19,137] {logging_mixin.py:115} INFO - [2022-06-08 12:39:19,137] {dag.py:2927} INFO - Setting next_dagrun for example_subdag_operator.section-1 to None, run_after=None
[2022-06-08 12:39:19,138] {logging_mixin.py:115} INFO - [2022-06-08 12:39:19,137] {dag.py:2927} INFO - Setting next_dagrun for example_subdag_operator.section-2 to None, run_after=None
[2022-06-08 12:39:19,149] {logging_mixin.py:115} INFO - [2022-06-08 12:39:19,149] {dag.py:2379} INFO - Sync 2 DAGs
[2022-06-08 12:39:19,160] {logging_mixin.py:115} INFO - [2022-06-08 12:39:19,160] {dag.py:2927} INFO - Setting next_dagrun for example_subdag_operator.section-1 to None, run_after=None
[2022-06-08 12:39:19,161] {logging_mixin.py:115} INFO - [2022-06-08 12:39:19,161] {dag.py:2927} INFO - Setting next_dagrun for example_subdag_operator.section-2 to None, run_after=None
[2022-06-08 12:39:19,177] {processor.py:161} INFO - Processing /home/james/airflowa/lib/python3.8/site-packages/airflow/example_dags/example_subdag_operator.py took 0.193 seconds
[2022-06-08 12:40:33,339] {processor.py:153} INFO - Started process (PID=116489) to work on /home/james/airflowa/lib/python3.8/site-packages/airflow/example_dags/example_subdag_operator.py
[2022-06-08 12:40:33,340] {processor.py:641} INFO - Processing file /home/james/airflowa/lib/python3.8/site-packages/airflow/example_dags/example_subdag_operator.py for tasks to queue
[2022-06-08 12:40:33,340] {logging_mixin.py:115} INFO - [2022-06-08 12:40:33,340] {dagbag.py:507} INFO - Filling up the DagBag from /home/james/airflowa/lib/python3.8/site-packages/airflow/example_dags/example_subdag_operator.py
[2022-06-08 12:40:33,359] {processor.py:651} INFO - DAG(s) dict_keys(['example_subdag_operator.section-1', 'example_subdag_operator.section-2', 'example_subdag_operator']) retrieved from /home/james/airflowa/lib/python3.8/site-packages/airflow/example_dags/example_subdag_operator.py
[2022-06-08 12:40:33,373] {logging_mixin.py:115} INFO - [2022-06-08 12:40:33,373] {dag.py:2379} INFO - Sync 3 DAGs
[2022-06-08 12:40:33,385] {logging_mixin.py:115} INFO - [2022-06-08 12:40:33,385] {dag.py:2927} INFO - Setting next_dagrun for example_subdag_operator to 2022-01-01T00:00:00+00:00, run_after=2022-01-01T00:00:00+00:00
[2022-06-08 12:40:33,385] {logging_mixin.py:115} INFO - [2022-06-08 12:40:33,385] {dag.py:2927} INFO - Setting next_dagrun for example_subdag_operator.section-1 to None, run_after=None
[2022-06-08 12:40:33,385] {logging_mixin.py:115} INFO - [2022-06-08 12:40:33,385] {dag.py:2927} INFO - Setting next_dagrun for example_subdag_operator.section-2 to None, run_after=None
[2022-06-08 12:40:33,390] {logging_mixin.py:115} INFO - [2022-06-08 12:40:33,390] {dag.py:2379} INFO - Sync 2 DAGs
[2022-06-08 12:40:33,394] {logging_mixin.py:115} INFO - [2022-06-08 12:40:33,394] {dag.py:2927} INFO - Setting next_dagrun for example_subdag_operator.section-1 to None, run_after=None
[2022-06-08 12:40:33,394] {logging_mixin.py:115} INFO - [2022-06-08 12:40:33,394] {dag.py:2927} INFO - Setting next_dagrun for example_subdag_operator.section-2 to None, run_after=None
[2022-06-08 12:40:33,402] {processor.py:161} INFO - Processing /home/james/airflowa/lib/python3.8/site-packages/airflow/example_dags/example_subdag_operator.py took 0.066 seconds
[2022-06-08 12:43:40,825] {processor.py:153} INFO - Started process (PID=117596) to work on /home/james/airflowa/lib/python3.8/site-packages/airflow/example_dags/example_subdag_operator.py
[2022-06-08 12:43:40,828] {processor.py:641} INFO - Processing file /home/james/airflowa/lib/python3.8/site-packages/airflow/example_dags/example_subdag_operator.py for tasks to queue
[2022-06-08 12:43:40,829] {logging_mixin.py:115} INFO - [2022-06-08 12:43:40,829] {dagbag.py:507} INFO - Filling up the DagBag from /home/james/airflowa/lib/python3.8/site-packages/airflow/example_dags/example_subdag_operator.py
[2022-06-08 12:43:40,867] {processor.py:651} INFO - DAG(s) dict_keys(['example_subdag_operator.section-1', 'example_subdag_operator.section-2', 'example_subdag_operator']) retrieved from /home/james/airflowa/lib/python3.8/site-packages/airflow/example_dags/example_subdag_operator.py
[2022-06-08 12:43:40,894] {logging_mixin.py:115} INFO - [2022-06-08 12:43:40,893] {dag.py:2379} INFO - Sync 3 DAGs
[2022-06-08 12:43:40,919] {logging_mixin.py:115} INFO - [2022-06-08 12:43:40,919] {dag.py:2927} INFO - Setting next_dagrun for example_subdag_operator to 2022-01-01T00:00:00+00:00, run_after=2022-01-01T00:00:00+00:00
[2022-06-08 12:43:40,919] {logging_mixin.py:115} INFO - [2022-06-08 12:43:40,919] {dag.py:2927} INFO - Setting next_dagrun for example_subdag_operator.section-1 to None, run_after=None
[2022-06-08 12:43:40,920] {logging_mixin.py:115} INFO - [2022-06-08 12:43:40,920] {dag.py:2927} INFO - Setting next_dagrun for example_subdag_operator.section-2 to None, run_after=None
[2022-06-08 12:43:40,928] {logging_mixin.py:115} INFO - [2022-06-08 12:43:40,928] {dag.py:2379} INFO - Sync 2 DAGs
[2022-06-08 12:43:40,935] {logging_mixin.py:115} INFO - [2022-06-08 12:43:40,935] {dag.py:2927} INFO - Setting next_dagrun for example_subdag_operator.section-1 to None, run_after=None
[2022-06-08 12:43:40,935] {logging_mixin.py:115} INFO - [2022-06-08 12:43:40,935] {dag.py:2927} INFO - Setting next_dagrun for example_subdag_operator.section-2 to None, run_after=None
[2022-06-08 12:43:40,951] {processor.py:161} INFO - Processing /home/james/airflowa/lib/python3.8/site-packages/airflow/example_dags/example_subdag_operator.py took 0.130 seconds
[2022-06-08 12:45:31,765] {processor.py:153} INFO - Started process (PID=118201) to work on /home/james/airflowa/lib/python3.8/site-packages/airflow/example_dags/example_subdag_operator.py
[2022-06-08 12:45:31,766] {processor.py:641} INFO - Processing file /home/james/airflowa/lib/python3.8/site-packages/airflow/example_dags/example_subdag_operator.py for tasks to queue
[2022-06-08 12:45:31,767] {logging_mixin.py:115} INFO - [2022-06-08 12:45:31,766] {dagbag.py:507} INFO - Filling up the DagBag from /home/james/airflowa/lib/python3.8/site-packages/airflow/example_dags/example_subdag_operator.py
[2022-06-08 12:45:31,789] {processor.py:651} INFO - DAG(s) dict_keys(['example_subdag_operator.section-1', 'example_subdag_operator.section-2', 'example_subdag_operator']) retrieved from /home/james/airflowa/lib/python3.8/site-packages/airflow/example_dags/example_subdag_operator.py
[2022-06-08 12:45:31,799] {logging_mixin.py:115} INFO - [2022-06-08 12:45:31,799] {dag.py:2379} INFO - Sync 3 DAGs
[2022-06-08 12:45:31,811] {logging_mixin.py:115} INFO - [2022-06-08 12:45:31,811] {dag.py:2927} INFO - Setting next_dagrun for example_subdag_operator to 2022-01-01T00:00:00+00:00, run_after=2022-01-01T00:00:00+00:00
[2022-06-08 12:45:31,811] {logging_mixin.py:115} INFO - [2022-06-08 12:45:31,811] {dag.py:2927} INFO - Setting next_dagrun for example_subdag_operator.section-1 to None, run_after=None
[2022-06-08 12:45:31,811] {logging_mixin.py:115} INFO - [2022-06-08 12:45:31,811] {dag.py:2927} INFO - Setting next_dagrun for example_subdag_operator.section-2 to None, run_after=None
[2022-06-08 12:45:31,816] {logging_mixin.py:115} INFO - [2022-06-08 12:45:31,816] {dag.py:2379} INFO - Sync 2 DAGs
[2022-06-08 12:45:31,819] {logging_mixin.py:115} INFO - [2022-06-08 12:45:31,819] {dag.py:2927} INFO - Setting next_dagrun for example_subdag_operator.section-1 to None, run_after=None
[2022-06-08 12:45:31,819] {logging_mixin.py:115} INFO - [2022-06-08 12:45:31,819] {dag.py:2927} INFO - Setting next_dagrun for example_subdag_operator.section-2 to None, run_after=None
[2022-06-08 12:45:31,827] {processor.py:161} INFO - Processing /home/james/airflowa/lib/python3.8/site-packages/airflow/example_dags/example_subdag_operator.py took 0.064 seconds
[2022-06-08 12:46:42,831] {processor.py:153} INFO - Started process (PID=118617) to work on /home/james/airflowa/lib/python3.8/site-packages/airflow/example_dags/example_subdag_operator.py
[2022-06-08 12:46:42,831] {processor.py:641} INFO - Processing file /home/james/airflowa/lib/python3.8/site-packages/airflow/example_dags/example_subdag_operator.py for tasks to queue
[2022-06-08 12:46:42,832] {logging_mixin.py:115} INFO - [2022-06-08 12:46:42,832] {dagbag.py:507} INFO - Filling up the DagBag from /home/james/airflowa/lib/python3.8/site-packages/airflow/example_dags/example_subdag_operator.py
[2022-06-08 12:46:42,860] {processor.py:651} INFO - DAG(s) dict_keys(['example_subdag_operator.section-1', 'example_subdag_operator.section-2', 'example_subdag_operator']) retrieved from /home/james/airflowa/lib/python3.8/site-packages/airflow/example_dags/example_subdag_operator.py
[2022-06-08 12:46:42,873] {logging_mixin.py:115} INFO - [2022-06-08 12:46:42,873] {dag.py:2379} INFO - Sync 3 DAGs
[2022-06-08 12:46:42,889] {logging_mixin.py:115} INFO - [2022-06-08 12:46:42,889] {dag.py:2927} INFO - Setting next_dagrun for example_subdag_operator to 2022-01-01T00:00:00+00:00, run_after=2022-01-01T00:00:00+00:00
[2022-06-08 12:46:42,889] {logging_mixin.py:115} INFO - [2022-06-08 12:46:42,889] {dag.py:2927} INFO - Setting next_dagrun for example_subdag_operator.section-1 to None, run_after=None
[2022-06-08 12:46:42,889] {logging_mixin.py:115} INFO - [2022-06-08 12:46:42,889] {dag.py:2927} INFO - Setting next_dagrun for example_subdag_operator.section-2 to None, run_after=None
[2022-06-08 12:46:42,894] {logging_mixin.py:115} INFO - [2022-06-08 12:46:42,894] {dag.py:2379} INFO - Sync 2 DAGs
[2022-06-08 12:46:42,899] {logging_mixin.py:115} INFO - [2022-06-08 12:46:42,899] {dag.py:2927} INFO - Setting next_dagrun for example_subdag_operator.section-1 to None, run_after=None
[2022-06-08 12:46:42,899] {logging_mixin.py:115} INFO - [2022-06-08 12:46:42,899] {dag.py:2927} INFO - Setting next_dagrun for example_subdag_operator.section-2 to None, run_after=None
[2022-06-08 12:46:42,908] {processor.py:161} INFO - Processing /home/james/airflowa/lib/python3.8/site-packages/airflow/example_dags/example_subdag_operator.py took 0.080 seconds
[2022-06-08 12:48:38,599] {processor.py:153} INFO - Started process (PID=119824) to work on /home/james/airflowa/lib/python3.8/site-packages/airflow/example_dags/example_subdag_operator.py
[2022-06-08 12:48:38,599] {processor.py:641} INFO - Processing file /home/james/airflowa/lib/python3.8/site-packages/airflow/example_dags/example_subdag_operator.py for tasks to queue
[2022-06-08 12:48:38,600] {logging_mixin.py:115} INFO - [2022-06-08 12:48:38,600] {dagbag.py:507} INFO - Filling up the DagBag from /home/james/airflowa/lib/python3.8/site-packages/airflow/example_dags/example_subdag_operator.py
[2022-06-08 12:48:38,619] {processor.py:651} INFO - DAG(s) dict_keys(['example_subdag_operator.section-1', 'example_subdag_operator.section-2', 'example_subdag_operator']) retrieved from /home/james/airflowa/lib/python3.8/site-packages/airflow/example_dags/example_subdag_operator.py
[2022-06-08 12:48:38,638] {logging_mixin.py:115} INFO - [2022-06-08 12:48:38,638] {dag.py:2379} INFO - Sync 3 DAGs
[2022-06-08 12:48:38,659] {logging_mixin.py:115} INFO - [2022-06-08 12:48:38,659] {dag.py:2927} INFO - Setting next_dagrun for example_subdag_operator to 2022-01-01T00:00:00+00:00, run_after=2022-01-01T00:00:00+00:00
[2022-06-08 12:48:38,659] {logging_mixin.py:115} INFO - [2022-06-08 12:48:38,659] {dag.py:2927} INFO - Setting next_dagrun for example_subdag_operator.section-1 to None, run_after=None
[2022-06-08 12:48:38,660] {logging_mixin.py:115} INFO - [2022-06-08 12:48:38,660] {dag.py:2927} INFO - Setting next_dagrun for example_subdag_operator.section-2 to None, run_after=None
[2022-06-08 12:48:38,664] {logging_mixin.py:115} INFO - [2022-06-08 12:48:38,664] {dag.py:2379} INFO - Sync 2 DAGs
[2022-06-08 12:48:38,667] {logging_mixin.py:115} INFO - [2022-06-08 12:48:38,667] {dag.py:2927} INFO - Setting next_dagrun for example_subdag_operator.section-1 to None, run_after=None
[2022-06-08 12:48:38,668] {logging_mixin.py:115} INFO - [2022-06-08 12:48:38,668] {dag.py:2927} INFO - Setting next_dagrun for example_subdag_operator.section-2 to None, run_after=None
[2022-06-08 12:48:38,676] {processor.py:161} INFO - Processing /home/james/airflowa/lib/python3.8/site-packages/airflow/example_dags/example_subdag_operator.py took 0.080 seconds
[2022-06-08 12:51:09,016] {processor.py:153} INFO - Started process (PID=121034) to work on /home/james/airflowa/lib/python3.8/site-packages/airflow/example_dags/example_subdag_operator.py
[2022-06-08 12:51:09,017] {processor.py:641} INFO - Processing file /home/james/airflowa/lib/python3.8/site-packages/airflow/example_dags/example_subdag_operator.py for tasks to queue
[2022-06-08 12:51:09,018] {logging_mixin.py:115} INFO - [2022-06-08 12:51:09,018] {dagbag.py:507} INFO - Filling up the DagBag from /home/james/airflowa/lib/python3.8/site-packages/airflow/example_dags/example_subdag_operator.py
[2022-06-08 12:51:09,065] {processor.py:651} INFO - DAG(s) dict_keys(['example_subdag_operator.section-1', 'example_subdag_operator.section-2', 'example_subdag_operator']) retrieved from /home/james/airflowa/lib/python3.8/site-packages/airflow/example_dags/example_subdag_operator.py
[2022-06-08 12:51:09,139] {logging_mixin.py:115} INFO - [2022-06-08 12:51:09,139] {dag.py:2379} INFO - Sync 3 DAGs
[2022-06-08 12:51:09,181] {logging_mixin.py:115} INFO - [2022-06-08 12:51:09,181] {dag.py:2927} INFO - Setting next_dagrun for example_subdag_operator to 2022-01-01T00:00:00+00:00, run_after=2022-01-01T00:00:00+00:00
[2022-06-08 12:51:09,182] {logging_mixin.py:115} INFO - [2022-06-08 12:51:09,182] {dag.py:2927} INFO - Setting next_dagrun for example_subdag_operator.section-1 to None, run_after=None
[2022-06-08 12:51:09,183] {logging_mixin.py:115} INFO - [2022-06-08 12:51:09,183] {dag.py:2927} INFO - Setting next_dagrun for example_subdag_operator.section-2 to None, run_after=None
[2022-06-08 12:51:09,197] {logging_mixin.py:115} INFO - [2022-06-08 12:51:09,196] {dag.py:2379} INFO - Sync 2 DAGs
[2022-06-08 12:51:09,205] {logging_mixin.py:115} INFO - [2022-06-08 12:51:09,205] {dag.py:2927} INFO - Setting next_dagrun for example_subdag_operator.section-1 to None, run_after=None
[2022-06-08 12:51:09,205] {logging_mixin.py:115} INFO - [2022-06-08 12:51:09,205] {dag.py:2927} INFO - Setting next_dagrun for example_subdag_operator.section-2 to None, run_after=None
[2022-06-08 12:51:09,223] {processor.py:161} INFO - Processing /home/james/airflowa/lib/python3.8/site-packages/airflow/example_dags/example_subdag_operator.py took 0.215 seconds
[2022-06-08 12:53:24,500] {processor.py:153} INFO - Started process (PID=121777) to work on /home/james/airflowa/lib/python3.8/site-packages/airflow/example_dags/example_subdag_operator.py
[2022-06-08 12:53:24,502] {processor.py:641} INFO - Processing file /home/james/airflowa/lib/python3.8/site-packages/airflow/example_dags/example_subdag_operator.py for tasks to queue
[2022-06-08 12:53:24,503] {logging_mixin.py:115} INFO - [2022-06-08 12:53:24,503] {dagbag.py:507} INFO - Filling up the DagBag from /home/james/airflowa/lib/python3.8/site-packages/airflow/example_dags/example_subdag_operator.py
[2022-06-08 12:53:24,552] {processor.py:651} INFO - DAG(s) dict_keys(['example_subdag_operator.section-1', 'example_subdag_operator.section-2', 'example_subdag_operator']) retrieved from /home/james/airflowa/lib/python3.8/site-packages/airflow/example_dags/example_subdag_operator.py
[2022-06-08 12:53:24,605] {logging_mixin.py:115} INFO - [2022-06-08 12:53:24,605] {dag.py:2379} INFO - Sync 3 DAGs
[2022-06-08 12:53:24,641] {logging_mixin.py:115} INFO - [2022-06-08 12:53:24,641] {dag.py:2927} INFO - Setting next_dagrun for example_subdag_operator to 2022-01-01T00:00:00+00:00, run_after=2022-01-01T00:00:00+00:00
[2022-06-08 12:53:24,642] {logging_mixin.py:115} INFO - [2022-06-08 12:53:24,641] {dag.py:2927} INFO - Setting next_dagrun for example_subdag_operator.section-1 to None, run_after=None
[2022-06-08 12:53:24,642] {logging_mixin.py:115} INFO - [2022-06-08 12:53:24,642] {dag.py:2927} INFO - Setting next_dagrun for example_subdag_operator.section-2 to None, run_after=None
[2022-06-08 12:53:24,654] {logging_mixin.py:115} INFO - [2022-06-08 12:53:24,654] {dag.py:2379} INFO - Sync 2 DAGs
[2022-06-08 12:53:24,664] {logging_mixin.py:115} INFO - [2022-06-08 12:53:24,664] {dag.py:2927} INFO - Setting next_dagrun for example_subdag_operator.section-1 to None, run_after=None
[2022-06-08 12:53:24,665] {logging_mixin.py:115} INFO - [2022-06-08 12:53:24,664] {dag.py:2927} INFO - Setting next_dagrun for example_subdag_operator.section-2 to None, run_after=None
[2022-06-08 12:53:24,681] {processor.py:161} INFO - Processing /home/james/airflowa/lib/python3.8/site-packages/airflow/example_dags/example_subdag_operator.py took 0.189 seconds
[2022-06-08 12:54:23,804] {processor.py:153} INFO - Started process (PID=122307) to work on /home/james/airflowa/lib/python3.8/site-packages/airflow/example_dags/example_subdag_operator.py
[2022-06-08 12:54:23,805] {processor.py:641} INFO - Processing file /home/james/airflowa/lib/python3.8/site-packages/airflow/example_dags/example_subdag_operator.py for tasks to queue
[2022-06-08 12:54:23,806] {logging_mixin.py:115} INFO - [2022-06-08 12:54:23,806] {dagbag.py:507} INFO - Filling up the DagBag from /home/james/airflowa/lib/python3.8/site-packages/airflow/example_dags/example_subdag_operator.py
[2022-06-08 12:54:23,864] {processor.py:651} INFO - DAG(s) dict_keys(['example_subdag_operator.section-1', 'example_subdag_operator.section-2', 'example_subdag_operator']) retrieved from /home/james/airflowa/lib/python3.8/site-packages/airflow/example_dags/example_subdag_operator.py
[2022-06-08 12:54:23,942] {logging_mixin.py:115} INFO - [2022-06-08 12:54:23,942] {dag.py:2379} INFO - Sync 3 DAGs
[2022-06-08 12:54:23,985] {logging_mixin.py:115} INFO - [2022-06-08 12:54:23,984] {dag.py:2927} INFO - Setting next_dagrun for example_subdag_operator to 2022-01-01T00:00:00+00:00, run_after=2022-01-01T00:00:00+00:00
[2022-06-08 12:54:23,985] {logging_mixin.py:115} INFO - [2022-06-08 12:54:23,985] {dag.py:2927} INFO - Setting next_dagrun for example_subdag_operator.section-1 to None, run_after=None
[2022-06-08 12:54:23,986] {logging_mixin.py:115} INFO - [2022-06-08 12:54:23,986] {dag.py:2927} INFO - Setting next_dagrun for example_subdag_operator.section-2 to None, run_after=None
[2022-06-08 12:54:23,997] {logging_mixin.py:115} INFO - [2022-06-08 12:54:23,997] {dag.py:2379} INFO - Sync 2 DAGs
[2022-06-08 12:54:24,007] {logging_mixin.py:115} INFO - [2022-06-08 12:54:24,007] {dag.py:2927} INFO - Setting next_dagrun for example_subdag_operator.section-1 to None, run_after=None
[2022-06-08 12:54:24,007] {logging_mixin.py:115} INFO - [2022-06-08 12:54:24,007] {dag.py:2927} INFO - Setting next_dagrun for example_subdag_operator.section-2 to None, run_after=None
[2022-06-08 12:54:24,026] {processor.py:161} INFO - Processing /home/james/airflowa/lib/python3.8/site-packages/airflow/example_dags/example_subdag_operator.py took 0.228 seconds
[2022-06-08 12:55:57,219] {processor.py:153} INFO - Started process (PID=122870) to work on /home/james/airflowa/lib/python3.8/site-packages/airflow/example_dags/example_subdag_operator.py
[2022-06-08 12:55:57,220] {processor.py:641} INFO - Processing file /home/james/airflowa/lib/python3.8/site-packages/airflow/example_dags/example_subdag_operator.py for tasks to queue
[2022-06-08 12:55:57,220] {logging_mixin.py:115} INFO - [2022-06-08 12:55:57,220] {dagbag.py:507} INFO - Filling up the DagBag from /home/james/airflowa/lib/python3.8/site-packages/airflow/example_dags/example_subdag_operator.py
[2022-06-08 12:55:57,239] {processor.py:651} INFO - DAG(s) dict_keys(['example_subdag_operator.section-1', 'example_subdag_operator.section-2', 'example_subdag_operator']) retrieved from /home/james/airflowa/lib/python3.8/site-packages/airflow/example_dags/example_subdag_operator.py
[2022-06-08 12:55:57,254] {logging_mixin.py:115} INFO - [2022-06-08 12:55:57,254] {dag.py:2379} INFO - Sync 3 DAGs
[2022-06-08 12:55:57,268] {logging_mixin.py:115} INFO - [2022-06-08 12:55:57,268] {dag.py:2927} INFO - Setting next_dagrun for example_subdag_operator to 2022-01-01T00:00:00+00:00, run_after=2022-01-01T00:00:00+00:00
[2022-06-08 12:55:57,269] {logging_mixin.py:115} INFO - [2022-06-08 12:55:57,269] {dag.py:2927} INFO - Setting next_dagrun for example_subdag_operator.section-1 to None, run_after=None
[2022-06-08 12:55:57,269] {logging_mixin.py:115} INFO - [2022-06-08 12:55:57,269] {dag.py:2927} INFO - Setting next_dagrun for example_subdag_operator.section-2 to None, run_after=None
[2022-06-08 12:55:57,274] {logging_mixin.py:115} INFO - [2022-06-08 12:55:57,274] {dag.py:2379} INFO - Sync 2 DAGs
[2022-06-08 12:55:57,277] {logging_mixin.py:115} INFO - [2022-06-08 12:55:57,277] {dag.py:2927} INFO - Setting next_dagrun for example_subdag_operator.section-1 to None, run_after=None
[2022-06-08 12:55:57,278] {logging_mixin.py:115} INFO - [2022-06-08 12:55:57,278] {dag.py:2927} INFO - Setting next_dagrun for example_subdag_operator.section-2 to None, run_after=None
[2022-06-08 12:55:57,285] {processor.py:161} INFO - Processing /home/james/airflowa/lib/python3.8/site-packages/airflow/example_dags/example_subdag_operator.py took 0.069 seconds
[2022-06-08 12:57:06,129] {processor.py:153} INFO - Started process (PID=123179) to work on /home/james/airflowa/lib/python3.8/site-packages/airflow/example_dags/example_subdag_operator.py
[2022-06-08 12:57:06,130] {processor.py:641} INFO - Processing file /home/james/airflowa/lib/python3.8/site-packages/airflow/example_dags/example_subdag_operator.py for tasks to queue
[2022-06-08 12:57:06,131] {logging_mixin.py:115} INFO - [2022-06-08 12:57:06,131] {dagbag.py:507} INFO - Filling up the DagBag from /home/james/airflowa/lib/python3.8/site-packages/airflow/example_dags/example_subdag_operator.py
[2022-06-08 12:57:06,152] {processor.py:651} INFO - DAG(s) dict_keys(['example_subdag_operator.section-1', 'example_subdag_operator.section-2', 'example_subdag_operator']) retrieved from /home/james/airflowa/lib/python3.8/site-packages/airflow/example_dags/example_subdag_operator.py
[2022-06-08 12:57:06,177] {logging_mixin.py:115} INFO - [2022-06-08 12:57:06,177] {dag.py:2379} INFO - Sync 3 DAGs
[2022-06-08 12:57:06,194] {logging_mixin.py:115} INFO - [2022-06-08 12:57:06,194] {dag.py:2927} INFO - Setting next_dagrun for example_subdag_operator to 2022-01-01T00:00:00+00:00, run_after=2022-01-01T00:00:00+00:00
[2022-06-08 12:57:06,195] {logging_mixin.py:115} INFO - [2022-06-08 12:57:06,195] {dag.py:2927} INFO - Setting next_dagrun for example_subdag_operator.section-1 to None, run_after=None
[2022-06-08 12:57:06,195] {logging_mixin.py:115} INFO - [2022-06-08 12:57:06,195] {dag.py:2927} INFO - Setting next_dagrun for example_subdag_operator.section-2 to None, run_after=None
[2022-06-08 12:57:06,200] {logging_mixin.py:115} INFO - [2022-06-08 12:57:06,199] {dag.py:2379} INFO - Sync 2 DAGs
[2022-06-08 12:57:06,203] {logging_mixin.py:115} INFO - [2022-06-08 12:57:06,203] {dag.py:2927} INFO - Setting next_dagrun for example_subdag_operator.section-1 to None, run_after=None
[2022-06-08 12:57:06,204] {logging_mixin.py:115} INFO - [2022-06-08 12:57:06,204] {dag.py:2927} INFO - Setting next_dagrun for example_subdag_operator.section-2 to None, run_after=None
[2022-06-08 12:57:06,211] {processor.py:161} INFO - Processing /home/james/airflowa/lib/python3.8/site-packages/airflow/example_dags/example_subdag_operator.py took 0.084 seconds
[2022-06-08 12:58:29,236] {processor.py:153} INFO - Started process (PID=123595) to work on /home/james/airflowa/lib/python3.8/site-packages/airflow/example_dags/example_subdag_operator.py
[2022-06-08 12:58:29,237] {processor.py:641} INFO - Processing file /home/james/airflowa/lib/python3.8/site-packages/airflow/example_dags/example_subdag_operator.py for tasks to queue
[2022-06-08 12:58:29,238] {logging_mixin.py:115} INFO - [2022-06-08 12:58:29,238] {dagbag.py:507} INFO - Filling up the DagBag from /home/james/airflowa/lib/python3.8/site-packages/airflow/example_dags/example_subdag_operator.py
[2022-06-08 12:58:29,255] {processor.py:651} INFO - DAG(s) dict_keys(['example_subdag_operator.section-1', 'example_subdag_operator.section-2', 'example_subdag_operator']) retrieved from /home/james/airflowa/lib/python3.8/site-packages/airflow/example_dags/example_subdag_operator.py
[2022-06-08 12:58:29,272] {logging_mixin.py:115} INFO - [2022-06-08 12:58:29,271] {dag.py:2379} INFO - Sync 3 DAGs
[2022-06-08 12:58:29,287] {logging_mixin.py:115} INFO - [2022-06-08 12:58:29,287] {dag.py:2927} INFO - Setting next_dagrun for example_subdag_operator to 2022-01-01T00:00:00+00:00, run_after=2022-01-01T00:00:00+00:00
[2022-06-08 12:58:29,288] {logging_mixin.py:115} INFO - [2022-06-08 12:58:29,288] {dag.py:2927} INFO - Setting next_dagrun for example_subdag_operator.section-1 to None, run_after=None
[2022-06-08 12:58:29,288] {logging_mixin.py:115} INFO - [2022-06-08 12:58:29,288] {dag.py:2927} INFO - Setting next_dagrun for example_subdag_operator.section-2 to None, run_after=None
[2022-06-08 12:58:29,294] {logging_mixin.py:115} INFO - [2022-06-08 12:58:29,294] {dag.py:2379} INFO - Sync 2 DAGs
[2022-06-08 12:58:29,300] {logging_mixin.py:115} INFO - [2022-06-08 12:58:29,300] {dag.py:2927} INFO - Setting next_dagrun for example_subdag_operator.section-1 to None, run_after=None
[2022-06-08 12:58:29,301] {logging_mixin.py:115} INFO - [2022-06-08 12:58:29,301] {dag.py:2927} INFO - Setting next_dagrun for example_subdag_operator.section-2 to None, run_after=None
[2022-06-08 12:58:29,314] {processor.py:161} INFO - Processing /home/james/airflowa/lib/python3.8/site-packages/airflow/example_dags/example_subdag_operator.py took 0.082 seconds
[2022-06-08 12:59:08,993] {processor.py:153} INFO - Started process (PID=123975) to work on /home/james/airflowa/lib/python3.8/site-packages/airflow/example_dags/example_subdag_operator.py
[2022-06-08 12:59:08,994] {processor.py:641} INFO - Processing file /home/james/airflowa/lib/python3.8/site-packages/airflow/example_dags/example_subdag_operator.py for tasks to queue
[2022-06-08 12:59:08,994] {logging_mixin.py:115} INFO - [2022-06-08 12:59:08,994] {dagbag.py:507} INFO - Filling up the DagBag from /home/james/airflowa/lib/python3.8/site-packages/airflow/example_dags/example_subdag_operator.py
[2022-06-08 12:59:09,014] {processor.py:651} INFO - DAG(s) dict_keys(['example_subdag_operator.section-1', 'example_subdag_operator.section-2', 'example_subdag_operator']) retrieved from /home/james/airflowa/lib/python3.8/site-packages/airflow/example_dags/example_subdag_operator.py
[2022-06-08 12:59:09,033] {logging_mixin.py:115} INFO - [2022-06-08 12:59:09,033] {dag.py:2379} INFO - Sync 3 DAGs
[2022-06-08 12:59:09,050] {logging_mixin.py:115} INFO - [2022-06-08 12:59:09,050] {dag.py:2927} INFO - Setting next_dagrun for example_subdag_operator to 2022-01-01T00:00:00+00:00, run_after=2022-01-01T00:00:00+00:00
[2022-06-08 12:59:09,050] {logging_mixin.py:115} INFO - [2022-06-08 12:59:09,050] {dag.py:2927} INFO - Setting next_dagrun for example_subdag_operator.section-1 to None, run_after=None
[2022-06-08 12:59:09,050] {logging_mixin.py:115} INFO - [2022-06-08 12:59:09,050] {dag.py:2927} INFO - Setting next_dagrun for example_subdag_operator.section-2 to None, run_after=None
[2022-06-08 12:59:09,058] {logging_mixin.py:115} INFO - [2022-06-08 12:59:09,057] {dag.py:2379} INFO - Sync 2 DAGs
[2022-06-08 12:59:09,061] {logging_mixin.py:115} INFO - [2022-06-08 12:59:09,061] {dag.py:2927} INFO - Setting next_dagrun for example_subdag_operator.section-1 to None, run_after=None
[2022-06-08 12:59:09,061] {logging_mixin.py:115} INFO - [2022-06-08 12:59:09,061] {dag.py:2927} INFO - Setting next_dagrun for example_subdag_operator.section-2 to None, run_after=None
[2022-06-08 12:59:09,072] {processor.py:161} INFO - Processing /home/james/airflowa/lib/python3.8/site-packages/airflow/example_dags/example_subdag_operator.py took 0.081 seconds
[2022-06-08 12:59:53,900] {processor.py:153} INFO - Started process (PID=124246) to work on /home/james/airflowa/lib/python3.8/site-packages/airflow/example_dags/example_subdag_operator.py
[2022-06-08 12:59:53,901] {processor.py:641} INFO - Processing file /home/james/airflowa/lib/python3.8/site-packages/airflow/example_dags/example_subdag_operator.py for tasks to queue
[2022-06-08 12:59:53,902] {logging_mixin.py:115} INFO - [2022-06-08 12:59:53,901] {dagbag.py:507} INFO - Filling up the DagBag from /home/james/airflowa/lib/python3.8/site-packages/airflow/example_dags/example_subdag_operator.py
[2022-06-08 12:59:53,921] {processor.py:651} INFO - DAG(s) dict_keys(['example_subdag_operator.section-1', 'example_subdag_operator.section-2', 'example_subdag_operator']) retrieved from /home/james/airflowa/lib/python3.8/site-packages/airflow/example_dags/example_subdag_operator.py
[2022-06-08 12:59:53,936] {logging_mixin.py:115} INFO - [2022-06-08 12:59:53,936] {dag.py:2379} INFO - Sync 3 DAGs
[2022-06-08 12:59:53,951] {logging_mixin.py:115} INFO - [2022-06-08 12:59:53,951] {dag.py:2927} INFO - Setting next_dagrun for example_subdag_operator to 2022-01-01T00:00:00+00:00, run_after=2022-01-01T00:00:00+00:00
[2022-06-08 12:59:53,951] {logging_mixin.py:115} INFO - [2022-06-08 12:59:53,951] {dag.py:2927} INFO - Setting next_dagrun for example_subdag_operator.section-1 to None, run_after=None
[2022-06-08 12:59:53,952] {logging_mixin.py:115} INFO - [2022-06-08 12:59:53,952] {dag.py:2927} INFO - Setting next_dagrun for example_subdag_operator.section-2 to None, run_after=None
[2022-06-08 12:59:53,959] {logging_mixin.py:115} INFO - [2022-06-08 12:59:53,959] {dag.py:2379} INFO - Sync 2 DAGs
[2022-06-08 12:59:53,964] {logging_mixin.py:115} INFO - [2022-06-08 12:59:53,963] {dag.py:2927} INFO - Setting next_dagrun for example_subdag_operator.section-1 to None, run_after=None
[2022-06-08 12:59:53,964] {logging_mixin.py:115} INFO - [2022-06-08 12:59:53,964] {dag.py:2927} INFO - Setting next_dagrun for example_subdag_operator.section-2 to None, run_after=None
[2022-06-08 12:59:53,972] {processor.py:161} INFO - Processing /home/james/airflowa/lib/python3.8/site-packages/airflow/example_dags/example_subdag_operator.py took 0.074 seconds
[2022-06-08 13:00:39,479] {processor.py:153} INFO - Started process (PID=124953) to work on /home/james/airflowa/lib/python3.8/site-packages/airflow/example_dags/example_subdag_operator.py
[2022-06-08 13:00:39,480] {processor.py:641} INFO - Processing file /home/james/airflowa/lib/python3.8/site-packages/airflow/example_dags/example_subdag_operator.py for tasks to queue
[2022-06-08 13:00:39,480] {logging_mixin.py:115} INFO - [2022-06-08 13:00:39,480] {dagbag.py:507} INFO - Filling up the DagBag from /home/james/airflowa/lib/python3.8/site-packages/airflow/example_dags/example_subdag_operator.py
[2022-06-08 13:00:39,501] {processor.py:651} INFO - DAG(s) dict_keys(['example_subdag_operator.section-1', 'example_subdag_operator.section-2', 'example_subdag_operator']) retrieved from /home/james/airflowa/lib/python3.8/site-packages/airflow/example_dags/example_subdag_operator.py
[2022-06-08 13:00:39,520] {logging_mixin.py:115} INFO - [2022-06-08 13:00:39,520] {dag.py:2379} INFO - Sync 3 DAGs
[2022-06-08 13:00:39,535] {logging_mixin.py:115} INFO - [2022-06-08 13:00:39,535] {dag.py:2927} INFO - Setting next_dagrun for example_subdag_operator to 2022-01-01T00:00:00+00:00, run_after=2022-01-01T00:00:00+00:00
[2022-06-08 13:00:39,535] {logging_mixin.py:115} INFO - [2022-06-08 13:00:39,535] {dag.py:2927} INFO - Setting next_dagrun for example_subdag_operator.section-1 to None, run_after=None
[2022-06-08 13:00:39,535] {logging_mixin.py:115} INFO - [2022-06-08 13:00:39,535] {dag.py:2927} INFO - Setting next_dagrun for example_subdag_operator.section-2 to None, run_after=None
[2022-06-08 13:00:39,540] {logging_mixin.py:115} INFO - [2022-06-08 13:00:39,540] {dag.py:2379} INFO - Sync 2 DAGs
[2022-06-08 13:00:39,543] {logging_mixin.py:115} INFO - [2022-06-08 13:00:39,543] {dag.py:2927} INFO - Setting next_dagrun for example_subdag_operator.section-1 to None, run_after=None
[2022-06-08 13:00:39,544] {logging_mixin.py:115} INFO - [2022-06-08 13:00:39,544] {dag.py:2927} INFO - Setting next_dagrun for example_subdag_operator.section-2 to None, run_after=None
[2022-06-08 13:00:39,551] {processor.py:161} INFO - Processing /home/james/airflowa/lib/python3.8/site-packages/airflow/example_dags/example_subdag_operator.py took 0.074 seconds
[2022-06-08 13:01:37,242] {processor.py:153} INFO - Started process (PID=125261) to work on /home/james/airflowa/lib/python3.8/site-packages/airflow/example_dags/example_subdag_operator.py
[2022-06-08 13:01:37,243] {processor.py:641} INFO - Processing file /home/james/airflowa/lib/python3.8/site-packages/airflow/example_dags/example_subdag_operator.py for tasks to queue
[2022-06-08 13:01:37,243] {logging_mixin.py:115} INFO - [2022-06-08 13:01:37,243] {dagbag.py:507} INFO - Filling up the DagBag from /home/james/airflowa/lib/python3.8/site-packages/airflow/example_dags/example_subdag_operator.py
[2022-06-08 13:01:37,263] {processor.py:651} INFO - DAG(s) dict_keys(['example_subdag_operator.section-1', 'example_subdag_operator.section-2', 'example_subdag_operator']) retrieved from /home/james/airflowa/lib/python3.8/site-packages/airflow/example_dags/example_subdag_operator.py
[2022-06-08 13:01:37,287] {logging_mixin.py:115} INFO - [2022-06-08 13:01:37,287] {dag.py:2379} INFO - Sync 3 DAGs
[2022-06-08 13:01:37,308] {logging_mixin.py:115} INFO - [2022-06-08 13:01:37,307] {dag.py:2927} INFO - Setting next_dagrun for example_subdag_operator to 2022-01-01T00:00:00+00:00, run_after=2022-01-01T00:00:00+00:00
[2022-06-08 13:01:37,308] {logging_mixin.py:115} INFO - [2022-06-08 13:01:37,308] {dag.py:2927} INFO - Setting next_dagrun for example_subdag_operator.section-1 to None, run_after=None
[2022-06-08 13:01:37,308] {logging_mixin.py:115} INFO - [2022-06-08 13:01:37,308] {dag.py:2927} INFO - Setting next_dagrun for example_subdag_operator.section-2 to None, run_after=None
[2022-06-08 13:01:37,314] {logging_mixin.py:115} INFO - [2022-06-08 13:01:37,314] {dag.py:2379} INFO - Sync 2 DAGs
[2022-06-08 13:01:37,318] {logging_mixin.py:115} INFO - [2022-06-08 13:01:37,317] {dag.py:2927} INFO - Setting next_dagrun for example_subdag_operator.section-1 to None, run_after=None
[2022-06-08 13:01:37,318] {logging_mixin.py:115} INFO - [2022-06-08 13:01:37,318] {dag.py:2927} INFO - Setting next_dagrun for example_subdag_operator.section-2 to None, run_after=None
[2022-06-08 13:01:37,328] {processor.py:161} INFO - Processing /home/james/airflowa/lib/python3.8/site-packages/airflow/example_dags/example_subdag_operator.py took 0.090 seconds
[2022-06-08 13:02:39,091] {processor.py:153} INFO - Started process (PID=125597) to work on /home/james/airflowa/lib/python3.8/site-packages/airflow/example_dags/example_subdag_operator.py
[2022-06-08 13:02:39,091] {processor.py:641} INFO - Processing file /home/james/airflowa/lib/python3.8/site-packages/airflow/example_dags/example_subdag_operator.py for tasks to queue
[2022-06-08 13:02:39,092] {logging_mixin.py:115} INFO - [2022-06-08 13:02:39,092] {dagbag.py:507} INFO - Filling up the DagBag from /home/james/airflowa/lib/python3.8/site-packages/airflow/example_dags/example_subdag_operator.py
[2022-06-08 13:02:39,108] {processor.py:651} INFO - DAG(s) dict_keys(['example_subdag_operator.section-1', 'example_subdag_operator.section-2', 'example_subdag_operator']) retrieved from /home/james/airflowa/lib/python3.8/site-packages/airflow/example_dags/example_subdag_operator.py
[2022-06-08 13:02:39,125] {logging_mixin.py:115} INFO - [2022-06-08 13:02:39,125] {dag.py:2379} INFO - Sync 3 DAGs
[2022-06-08 13:02:39,139] {logging_mixin.py:115} INFO - [2022-06-08 13:02:39,139] {dag.py:2927} INFO - Setting next_dagrun for example_subdag_operator to 2022-01-01T00:00:00+00:00, run_after=2022-01-01T00:00:00+00:00
[2022-06-08 13:02:39,139] {logging_mixin.py:115} INFO - [2022-06-08 13:02:39,139] {dag.py:2927} INFO - Setting next_dagrun for example_subdag_operator.section-1 to None, run_after=None
[2022-06-08 13:02:39,140] {logging_mixin.py:115} INFO - [2022-06-08 13:02:39,139] {dag.py:2927} INFO - Setting next_dagrun for example_subdag_operator.section-2 to None, run_after=None
[2022-06-08 13:02:39,145] {logging_mixin.py:115} INFO - [2022-06-08 13:02:39,145] {dag.py:2379} INFO - Sync 2 DAGs
[2022-06-08 13:02:39,150] {logging_mixin.py:115} INFO - [2022-06-08 13:02:39,150] {dag.py:2927} INFO - Setting next_dagrun for example_subdag_operator.section-1 to None, run_after=None
[2022-06-08 13:02:39,150] {logging_mixin.py:115} INFO - [2022-06-08 13:02:39,150] {dag.py:2927} INFO - Setting next_dagrun for example_subdag_operator.section-2 to None, run_after=None
[2022-06-08 13:02:39,160] {processor.py:161} INFO - Processing /home/james/airflowa/lib/python3.8/site-packages/airflow/example_dags/example_subdag_operator.py took 0.072 seconds
[2022-06-08 13:03:36,454] {processor.py:153} INFO - Started process (PID=125905) to work on /home/james/airflowa/lib/python3.8/site-packages/airflow/example_dags/example_subdag_operator.py
[2022-06-08 13:03:36,455] {processor.py:641} INFO - Processing file /home/james/airflowa/lib/python3.8/site-packages/airflow/example_dags/example_subdag_operator.py for tasks to queue
[2022-06-08 13:03:36,455] {logging_mixin.py:115} INFO - [2022-06-08 13:03:36,455] {dagbag.py:507} INFO - Filling up the DagBag from /home/james/airflowa/lib/python3.8/site-packages/airflow/example_dags/example_subdag_operator.py
[2022-06-08 13:03:36,473] {processor.py:651} INFO - DAG(s) dict_keys(['example_subdag_operator.section-1', 'example_subdag_operator.section-2', 'example_subdag_operator']) retrieved from /home/james/airflowa/lib/python3.8/site-packages/airflow/example_dags/example_subdag_operator.py
[2022-06-08 13:03:36,489] {logging_mixin.py:115} INFO - [2022-06-08 13:03:36,488] {dag.py:2379} INFO - Sync 3 DAGs
[2022-06-08 13:03:36,502] {logging_mixin.py:115} INFO - [2022-06-08 13:03:36,502] {dag.py:2927} INFO - Setting next_dagrun for example_subdag_operator to 2022-01-01T00:00:00+00:00, run_after=2022-01-01T00:00:00+00:00
[2022-06-08 13:03:36,503] {logging_mixin.py:115} INFO - [2022-06-08 13:03:36,503] {dag.py:2927} INFO - Setting next_dagrun for example_subdag_operator.section-1 to None, run_after=None
[2022-06-08 13:03:36,503] {logging_mixin.py:115} INFO - [2022-06-08 13:03:36,503] {dag.py:2927} INFO - Setting next_dagrun for example_subdag_operator.section-2 to None, run_after=None
[2022-06-08 13:03:36,507] {logging_mixin.py:115} INFO - [2022-06-08 13:03:36,507] {dag.py:2379} INFO - Sync 2 DAGs
[2022-06-08 13:03:36,511] {logging_mixin.py:115} INFO - [2022-06-08 13:03:36,511] {dag.py:2927} INFO - Setting next_dagrun for example_subdag_operator.section-1 to None, run_after=None
[2022-06-08 13:03:36,511] {logging_mixin.py:115} INFO - [2022-06-08 13:03:36,511] {dag.py:2927} INFO - Setting next_dagrun for example_subdag_operator.section-2 to None, run_after=None
[2022-06-08 13:03:36,518] {processor.py:161} INFO - Processing /home/james/airflowa/lib/python3.8/site-packages/airflow/example_dags/example_subdag_operator.py took 0.067 seconds
[2022-06-08 13:04:21,546] {processor.py:153} INFO - Started process (PID=126349) to work on /home/james/airflowa/lib/python3.8/site-packages/airflow/example_dags/example_subdag_operator.py
[2022-06-08 13:04:21,547] {processor.py:641} INFO - Processing file /home/james/airflowa/lib/python3.8/site-packages/airflow/example_dags/example_subdag_operator.py for tasks to queue
[2022-06-08 13:04:21,547] {logging_mixin.py:115} INFO - [2022-06-08 13:04:21,547] {dagbag.py:507} INFO - Filling up the DagBag from /home/james/airflowa/lib/python3.8/site-packages/airflow/example_dags/example_subdag_operator.py
[2022-06-08 13:04:21,564] {processor.py:651} INFO - DAG(s) dict_keys(['example_subdag_operator.section-1', 'example_subdag_operator.section-2', 'example_subdag_operator']) retrieved from /home/james/airflowa/lib/python3.8/site-packages/airflow/example_dags/example_subdag_operator.py
[2022-06-08 13:04:21,585] {logging_mixin.py:115} INFO - [2022-06-08 13:04:21,585] {dag.py:2379} INFO - Sync 3 DAGs
[2022-06-08 13:04:21,599] {logging_mixin.py:115} INFO - [2022-06-08 13:04:21,599] {dag.py:2927} INFO - Setting next_dagrun for example_subdag_operator to 2022-01-01T00:00:00+00:00, run_after=2022-01-01T00:00:00+00:00
[2022-06-08 13:04:21,599] {logging_mixin.py:115} INFO - [2022-06-08 13:04:21,599] {dag.py:2927} INFO - Setting next_dagrun for example_subdag_operator.section-1 to None, run_after=None
[2022-06-08 13:04:21,599] {logging_mixin.py:115} INFO - [2022-06-08 13:04:21,599] {dag.py:2927} INFO - Setting next_dagrun for example_subdag_operator.section-2 to None, run_after=None
[2022-06-08 13:04:21,604] {logging_mixin.py:115} INFO - [2022-06-08 13:04:21,604] {dag.py:2379} INFO - Sync 2 DAGs
[2022-06-08 13:04:21,607] {logging_mixin.py:115} INFO - [2022-06-08 13:04:21,607] {dag.py:2927} INFO - Setting next_dagrun for example_subdag_operator.section-1 to None, run_after=None
[2022-06-08 13:04:21,607] {logging_mixin.py:115} INFO - [2022-06-08 13:04:21,607] {dag.py:2927} INFO - Setting next_dagrun for example_subdag_operator.section-2 to None, run_after=None
[2022-06-08 13:04:21,673] {processor.py:161} INFO - Processing /home/james/airflowa/lib/python3.8/site-packages/airflow/example_dags/example_subdag_operator.py took 0.129 seconds
[2022-06-08 13:05:08,065] {processor.py:153} INFO - Started process (PID=126534) to work on /home/james/airflowa/lib/python3.8/site-packages/airflow/example_dags/example_subdag_operator.py
[2022-06-08 13:05:08,066] {processor.py:641} INFO - Processing file /home/james/airflowa/lib/python3.8/site-packages/airflow/example_dags/example_subdag_operator.py for tasks to queue
[2022-06-08 13:05:08,067] {logging_mixin.py:115} INFO - [2022-06-08 13:05:08,067] {dagbag.py:507} INFO - Filling up the DagBag from /home/james/airflowa/lib/python3.8/site-packages/airflow/example_dags/example_subdag_operator.py
[2022-06-08 13:05:08,087] {processor.py:651} INFO - DAG(s) dict_keys(['example_subdag_operator.section-1', 'example_subdag_operator.section-2', 'example_subdag_operator']) retrieved from /home/james/airflowa/lib/python3.8/site-packages/airflow/example_dags/example_subdag_operator.py
[2022-06-08 13:05:08,103] {logging_mixin.py:115} INFO - [2022-06-08 13:05:08,103] {dag.py:2379} INFO - Sync 3 DAGs
[2022-06-08 13:05:08,117] {logging_mixin.py:115} INFO - [2022-06-08 13:05:08,117] {dag.py:2927} INFO - Setting next_dagrun for example_subdag_operator to 2022-01-01T00:00:00+00:00, run_after=2022-01-01T00:00:00+00:00
[2022-06-08 13:05:08,117] {logging_mixin.py:115} INFO - [2022-06-08 13:05:08,117] {dag.py:2927} INFO - Setting next_dagrun for example_subdag_operator.section-1 to None, run_after=None
[2022-06-08 13:05:08,118] {logging_mixin.py:115} INFO - [2022-06-08 13:05:08,118] {dag.py:2927} INFO - Setting next_dagrun for example_subdag_operator.section-2 to None, run_after=None
[2022-06-08 13:05:08,123] {logging_mixin.py:115} INFO - [2022-06-08 13:05:08,123] {dag.py:2379} INFO - Sync 2 DAGs
[2022-06-08 13:05:08,127] {logging_mixin.py:115} INFO - [2022-06-08 13:05:08,127] {dag.py:2927} INFO - Setting next_dagrun for example_subdag_operator.section-1 to None, run_after=None
[2022-06-08 13:05:08,127] {logging_mixin.py:115} INFO - [2022-06-08 13:05:08,127] {dag.py:2927} INFO - Setting next_dagrun for example_subdag_operator.section-2 to None, run_after=None
[2022-06-08 13:05:08,135] {processor.py:161} INFO - Processing /home/james/airflowa/lib/python3.8/site-packages/airflow/example_dags/example_subdag_operator.py took 0.073 seconds
[2022-06-08 13:06:05,923] {processor.py:153} INFO - Started process (PID=126807) to work on /home/james/airflowa/lib/python3.8/site-packages/airflow/example_dags/example_subdag_operator.py
[2022-06-08 13:06:05,924] {processor.py:641} INFO - Processing file /home/james/airflowa/lib/python3.8/site-packages/airflow/example_dags/example_subdag_operator.py for tasks to queue
[2022-06-08 13:06:05,925] {logging_mixin.py:115} INFO - [2022-06-08 13:06:05,924] {dagbag.py:507} INFO - Filling up the DagBag from /home/james/airflowa/lib/python3.8/site-packages/airflow/example_dags/example_subdag_operator.py
[2022-06-08 13:06:05,943] {processor.py:651} INFO - DAG(s) dict_keys(['example_subdag_operator.section-1', 'example_subdag_operator.section-2', 'example_subdag_operator']) retrieved from /home/james/airflowa/lib/python3.8/site-packages/airflow/example_dags/example_subdag_operator.py
[2022-06-08 13:06:05,961] {logging_mixin.py:115} INFO - [2022-06-08 13:06:05,961] {dag.py:2379} INFO - Sync 3 DAGs
[2022-06-08 13:06:05,975] {logging_mixin.py:115} INFO - [2022-06-08 13:06:05,975] {dag.py:2927} INFO - Setting next_dagrun for example_subdag_operator to 2022-01-01T00:00:00+00:00, run_after=2022-01-01T00:00:00+00:00
[2022-06-08 13:06:05,976] {logging_mixin.py:115} INFO - [2022-06-08 13:06:05,976] {dag.py:2927} INFO - Setting next_dagrun for example_subdag_operator.section-1 to None, run_after=None
[2022-06-08 13:06:05,976] {logging_mixin.py:115} INFO - [2022-06-08 13:06:05,976] {dag.py:2927} INFO - Setting next_dagrun for example_subdag_operator.section-2 to None, run_after=None
[2022-06-08 13:06:05,981] {logging_mixin.py:115} INFO - [2022-06-08 13:06:05,981] {dag.py:2379} INFO - Sync 2 DAGs
[2022-06-08 13:06:05,985] {logging_mixin.py:115} INFO - [2022-06-08 13:06:05,985] {dag.py:2927} INFO - Setting next_dagrun for example_subdag_operator.section-1 to None, run_after=None
[2022-06-08 13:06:05,985] {logging_mixin.py:115} INFO - [2022-06-08 13:06:05,985] {dag.py:2927} INFO - Setting next_dagrun for example_subdag_operator.section-2 to None, run_after=None
[2022-06-08 13:06:05,993] {processor.py:161} INFO - Processing /home/james/airflowa/lib/python3.8/site-packages/airflow/example_dags/example_subdag_operator.py took 0.071 seconds
