[2022-06-08 09:04:03,917] {processor.py:153} INFO - Started process (PID=23763) to work on /home/james/airflowa/lib/python3.8/site-packages/airflow/example_dags/example_branch_python_dop_operator_3.py
[2022-06-08 09:04:03,918] {processor.py:641} INFO - Processing file /home/james/airflowa/lib/python3.8/site-packages/airflow/example_dags/example_branch_python_dop_operator_3.py for tasks to queue
[2022-06-08 09:04:03,919] {logging_mixin.py:115} INFO - [2022-06-08 09:04:03,918] {dagbag.py:507} INFO - Filling up the DagBag from /home/james/airflowa/lib/python3.8/site-packages/airflow/example_dags/example_branch_python_dop_operator_3.py
[2022-06-08 09:04:03,929] {processor.py:651} INFO - DAG(s) dict_keys(['example_branch_dop_operator_v3']) retrieved from /home/james/airflowa/lib/python3.8/site-packages/airflow/example_dags/example_branch_python_dop_operator_3.py
[2022-06-08 09:04:03,948] {logging_mixin.py:115} INFO - [2022-06-08 09:04:03,948] {dag.py:2379} INFO - Sync 1 DAGs
[2022-06-08 09:04:03,976] {logging_mixin.py:115} INFO - [2022-06-08 09:04:03,976] {dag.py:2927} INFO - Setting next_dagrun for example_branch_dop_operator_v3 to 2022-06-08T06:03:00+00:00, run_after=2022-06-08T06:04:00+00:00
[2022-06-08 09:04:03,990] {processor.py:161} INFO - Processing /home/james/airflowa/lib/python3.8/site-packages/airflow/example_dags/example_branch_python_dop_operator_3.py took 0.075 seconds
[2022-06-08 09:04:38,800] {processor.py:153} INFO - Started process (PID=23918) to work on /home/james/airflowa/lib/python3.8/site-packages/airflow/example_dags/example_branch_python_dop_operator_3.py
[2022-06-08 09:04:38,800] {processor.py:641} INFO - Processing file /home/james/airflowa/lib/python3.8/site-packages/airflow/example_dags/example_branch_python_dop_operator_3.py for tasks to queue
[2022-06-08 09:04:38,801] {logging_mixin.py:115} INFO - [2022-06-08 09:04:38,801] {dagbag.py:507} INFO - Filling up the DagBag from /home/james/airflowa/lib/python3.8/site-packages/airflow/example_dags/example_branch_python_dop_operator_3.py
[2022-06-08 09:04:38,809] {processor.py:651} INFO - DAG(s) dict_keys(['example_branch_dop_operator_v3']) retrieved from /home/james/airflowa/lib/python3.8/site-packages/airflow/example_dags/example_branch_python_dop_operator_3.py
[2022-06-08 09:04:38,822] {logging_mixin.py:115} INFO - [2022-06-08 09:04:38,822] {dag.py:2379} INFO - Sync 1 DAGs
[2022-06-08 09:04:38,843] {logging_mixin.py:115} INFO - [2022-06-08 09:04:38,843] {dag.py:2927} INFO - Setting next_dagrun for example_branch_dop_operator_v3 to 2022-06-08T06:03:00+00:00, run_after=2022-06-08T06:04:00+00:00
[2022-06-08 09:04:38,855] {processor.py:161} INFO - Processing /home/james/airflowa/lib/python3.8/site-packages/airflow/example_dags/example_branch_python_dop_operator_3.py took 0.058 seconds
[2022-06-08 09:05:19,185] {processor.py:153} INFO - Started process (PID=24095) to work on /home/james/airflowa/lib/python3.8/site-packages/airflow/example_dags/example_branch_python_dop_operator_3.py
[2022-06-08 09:05:19,186] {processor.py:641} INFO - Processing file /home/james/airflowa/lib/python3.8/site-packages/airflow/example_dags/example_branch_python_dop_operator_3.py for tasks to queue
[2022-06-08 09:05:19,186] {logging_mixin.py:115} INFO - [2022-06-08 09:05:19,186] {dagbag.py:507} INFO - Filling up the DagBag from /home/james/airflowa/lib/python3.8/site-packages/airflow/example_dags/example_branch_python_dop_operator_3.py
[2022-06-08 09:05:19,196] {processor.py:651} INFO - DAG(s) dict_keys(['example_branch_dop_operator_v3']) retrieved from /home/james/airflowa/lib/python3.8/site-packages/airflow/example_dags/example_branch_python_dop_operator_3.py
[2022-06-08 09:05:19,214] {logging_mixin.py:115} INFO - [2022-06-08 09:05:19,214] {dag.py:2379} INFO - Sync 1 DAGs
[2022-06-08 09:05:19,234] {logging_mixin.py:115} INFO - [2022-06-08 09:05:19,233] {dag.py:2927} INFO - Setting next_dagrun for example_branch_dop_operator_v3 to 2022-06-08T06:04:00+00:00, run_after=2022-06-08T06:05:00+00:00
[2022-06-08 09:05:19,244] {processor.py:161} INFO - Processing /home/james/airflowa/lib/python3.8/site-packages/airflow/example_dags/example_branch_python_dop_operator_3.py took 0.061 seconds
[2022-06-08 09:06:14,298] {processor.py:153} INFO - Started process (PID=24739) to work on /home/james/airflowa/lib/python3.8/site-packages/airflow/example_dags/example_branch_python_dop_operator_3.py
[2022-06-08 09:06:14,298] {processor.py:641} INFO - Processing file /home/james/airflowa/lib/python3.8/site-packages/airflow/example_dags/example_branch_python_dop_operator_3.py for tasks to queue
[2022-06-08 09:06:14,299] {logging_mixin.py:115} INFO - [2022-06-08 09:06:14,299] {dagbag.py:507} INFO - Filling up the DagBag from /home/james/airflowa/lib/python3.8/site-packages/airflow/example_dags/example_branch_python_dop_operator_3.py
[2022-06-08 09:06:14,309] {processor.py:651} INFO - DAG(s) dict_keys(['example_branch_dop_operator_v3']) retrieved from /home/james/airflowa/lib/python3.8/site-packages/airflow/example_dags/example_branch_python_dop_operator_3.py
[2022-06-08 09:06:14,322] {logging_mixin.py:115} INFO - [2022-06-08 09:06:14,322] {dag.py:2379} INFO - Sync 1 DAGs
[2022-06-08 09:06:14,345] {logging_mixin.py:115} INFO - [2022-06-08 09:06:14,345] {dag.py:2927} INFO - Setting next_dagrun for example_branch_dop_operator_v3 to 2022-06-08T06:05:00+00:00, run_after=2022-06-08T06:06:00+00:00
[2022-06-08 09:06:14,358] {processor.py:161} INFO - Processing /home/james/airflowa/lib/python3.8/site-packages/airflow/example_dags/example_branch_python_dop_operator_3.py took 0.063 seconds
[2022-06-08 09:07:57,321] {processor.py:153} INFO - Started process (PID=25367) to work on /home/james/airflowa/lib/python3.8/site-packages/airflow/example_dags/example_branch_python_dop_operator_3.py
[2022-06-08 09:07:57,322] {processor.py:641} INFO - Processing file /home/james/airflowa/lib/python3.8/site-packages/airflow/example_dags/example_branch_python_dop_operator_3.py for tasks to queue
[2022-06-08 09:07:57,322] {logging_mixin.py:115} INFO - [2022-06-08 09:07:57,322] {dagbag.py:507} INFO - Filling up the DagBag from /home/james/airflowa/lib/python3.8/site-packages/airflow/example_dags/example_branch_python_dop_operator_3.py
[2022-06-08 09:07:57,335] {processor.py:651} INFO - DAG(s) dict_keys(['example_branch_dop_operator_v3']) retrieved from /home/james/airflowa/lib/python3.8/site-packages/airflow/example_dags/example_branch_python_dop_operator_3.py
[2022-06-08 09:07:57,355] {logging_mixin.py:115} INFO - [2022-06-08 09:07:57,355] {dag.py:2379} INFO - Sync 1 DAGs
[2022-06-08 09:07:57,389] {logging_mixin.py:115} INFO - [2022-06-08 09:07:57,389] {dag.py:2927} INFO - Setting next_dagrun for example_branch_dop_operator_v3 to 2022-06-08T06:06:00+00:00, run_after=2022-06-08T06:07:00+00:00
[2022-06-08 09:07:57,407] {processor.py:161} INFO - Processing /home/james/airflowa/lib/python3.8/site-packages/airflow/example_dags/example_branch_python_dop_operator_3.py took 0.089 seconds
[2022-06-08 09:09:32,502] {processor.py:153} INFO - Started process (PID=25990) to work on /home/james/airflowa/lib/python3.8/site-packages/airflow/example_dags/example_branch_python_dop_operator_3.py
[2022-06-08 09:09:32,503] {processor.py:641} INFO - Processing file /home/james/airflowa/lib/python3.8/site-packages/airflow/example_dags/example_branch_python_dop_operator_3.py for tasks to queue
[2022-06-08 09:09:32,504] {logging_mixin.py:115} INFO - [2022-06-08 09:09:32,504] {dagbag.py:507} INFO - Filling up the DagBag from /home/james/airflowa/lib/python3.8/site-packages/airflow/example_dags/example_branch_python_dop_operator_3.py
[2022-06-08 09:09:32,518] {processor.py:651} INFO - DAG(s) dict_keys(['example_branch_dop_operator_v3']) retrieved from /home/james/airflowa/lib/python3.8/site-packages/airflow/example_dags/example_branch_python_dop_operator_3.py
[2022-06-08 09:09:32,542] {logging_mixin.py:115} INFO - [2022-06-08 09:09:32,542] {dag.py:2379} INFO - Sync 1 DAGs
[2022-06-08 09:09:32,578] {logging_mixin.py:115} INFO - [2022-06-08 09:09:32,578] {dag.py:2927} INFO - Setting next_dagrun for example_branch_dop_operator_v3 to 2022-06-08T06:08:00+00:00, run_after=2022-06-08T06:09:00+00:00
[2022-06-08 09:09:32,600] {processor.py:161} INFO - Processing /home/james/airflowa/lib/python3.8/site-packages/airflow/example_dags/example_branch_python_dop_operator_3.py took 0.101 seconds
[2022-06-08 09:11:36,999] {processor.py:153} INFO - Started process (PID=27262) to work on /home/james/airflowa/lib/python3.8/site-packages/airflow/example_dags/example_branch_python_dop_operator_3.py
[2022-06-08 09:11:37,000] {processor.py:641} INFO - Processing file /home/james/airflowa/lib/python3.8/site-packages/airflow/example_dags/example_branch_python_dop_operator_3.py for tasks to queue
[2022-06-08 09:11:37,000] {logging_mixin.py:115} INFO - [2022-06-08 09:11:37,000] {dagbag.py:507} INFO - Filling up the DagBag from /home/james/airflowa/lib/python3.8/site-packages/airflow/example_dags/example_branch_python_dop_operator_3.py
[2022-06-08 09:11:37,013] {processor.py:651} INFO - DAG(s) dict_keys(['example_branch_dop_operator_v3']) retrieved from /home/james/airflowa/lib/python3.8/site-packages/airflow/example_dags/example_branch_python_dop_operator_3.py
[2022-06-08 09:11:37,033] {logging_mixin.py:115} INFO - [2022-06-08 09:11:37,032] {dag.py:2379} INFO - Sync 1 DAGs
[2022-06-08 09:11:37,063] {logging_mixin.py:115} INFO - [2022-06-08 09:11:37,063] {dag.py:2927} INFO - Setting next_dagrun for example_branch_dop_operator_v3 to 2022-06-08T06:10:00+00:00, run_after=2022-06-08T06:11:00+00:00
[2022-06-08 09:11:37,085] {processor.py:161} INFO - Processing /home/james/airflowa/lib/python3.8/site-packages/airflow/example_dags/example_branch_python_dop_operator_3.py took 0.090 seconds
[2022-06-08 09:13:23,523] {processor.py:153} INFO - Started process (PID=27683) to work on /home/james/airflowa/lib/python3.8/site-packages/airflow/example_dags/example_branch_python_dop_operator_3.py
[2022-06-08 09:13:23,524] {processor.py:641} INFO - Processing file /home/james/airflowa/lib/python3.8/site-packages/airflow/example_dags/example_branch_python_dop_operator_3.py for tasks to queue
[2022-06-08 09:13:23,526] {logging_mixin.py:115} INFO - [2022-06-08 09:13:23,525] {dagbag.py:507} INFO - Filling up the DagBag from /home/james/airflowa/lib/python3.8/site-packages/airflow/example_dags/example_branch_python_dop_operator_3.py
[2022-06-08 09:13:23,551] {processor.py:651} INFO - DAG(s) dict_keys(['example_branch_dop_operator_v3']) retrieved from /home/james/airflowa/lib/python3.8/site-packages/airflow/example_dags/example_branch_python_dop_operator_3.py
[2022-06-08 09:13:23,592] {logging_mixin.py:115} INFO - [2022-06-08 09:13:23,591] {dag.py:2379} INFO - Sync 1 DAGs
[2022-06-08 09:13:23,655] {logging_mixin.py:115} INFO - [2022-06-08 09:13:23,655] {dag.py:2927} INFO - Setting next_dagrun for example_branch_dop_operator_v3 to 2022-06-08T06:12:00+00:00, run_after=2022-06-08T06:13:00+00:00
[2022-06-08 09:13:23,680] {processor.py:161} INFO - Processing /home/james/airflowa/lib/python3.8/site-packages/airflow/example_dags/example_branch_python_dop_operator_3.py took 0.162 seconds
[2022-06-08 09:15:09,807] {processor.py:153} INFO - Started process (PID=28391) to work on /home/james/airflowa/lib/python3.8/site-packages/airflow/example_dags/example_branch_python_dop_operator_3.py
[2022-06-08 09:15:09,811] {processor.py:641} INFO - Processing file /home/james/airflowa/lib/python3.8/site-packages/airflow/example_dags/example_branch_python_dop_operator_3.py for tasks to queue
[2022-06-08 09:15:09,812] {logging_mixin.py:115} INFO - [2022-06-08 09:15:09,812] {dagbag.py:507} INFO - Filling up the DagBag from /home/james/airflowa/lib/python3.8/site-packages/airflow/example_dags/example_branch_python_dop_operator_3.py
[2022-06-08 09:15:09,849] {processor.py:651} INFO - DAG(s) dict_keys(['example_branch_dop_operator_v3']) retrieved from /home/james/airflowa/lib/python3.8/site-packages/airflow/example_dags/example_branch_python_dop_operator_3.py
[2022-06-08 09:15:09,896] {logging_mixin.py:115} INFO - [2022-06-08 09:15:09,896] {dag.py:2379} INFO - Sync 1 DAGs
[2022-06-08 09:15:09,964] {logging_mixin.py:115} INFO - [2022-06-08 09:15:09,964] {dag.py:2927} INFO - Setting next_dagrun for example_branch_dop_operator_v3 to 2022-06-08T06:14:00+00:00, run_after=2022-06-08T06:15:00+00:00
[2022-06-08 09:15:10,006] {processor.py:161} INFO - Processing /home/james/airflowa/lib/python3.8/site-packages/airflow/example_dags/example_branch_python_dop_operator_3.py took 0.207 seconds
[2022-06-08 09:17:06,441] {processor.py:153} INFO - Started process (PID=29778) to work on /home/james/airflowa/lib/python3.8/site-packages/airflow/example_dags/example_branch_python_dop_operator_3.py
[2022-06-08 09:17:06,442] {processor.py:641} INFO - Processing file /home/james/airflowa/lib/python3.8/site-packages/airflow/example_dags/example_branch_python_dop_operator_3.py for tasks to queue
[2022-06-08 09:17:06,443] {logging_mixin.py:115} INFO - [2022-06-08 09:17:06,443] {dagbag.py:507} INFO - Filling up the DagBag from /home/james/airflowa/lib/python3.8/site-packages/airflow/example_dags/example_branch_python_dop_operator_3.py
[2022-06-08 09:17:06,454] {processor.py:651} INFO - DAG(s) dict_keys(['example_branch_dop_operator_v3']) retrieved from /home/james/airflowa/lib/python3.8/site-packages/airflow/example_dags/example_branch_python_dop_operator_3.py
[2022-06-08 09:17:06,470] {logging_mixin.py:115} INFO - [2022-06-08 09:17:06,470] {dag.py:2379} INFO - Sync 1 DAGs
[2022-06-08 09:17:06,494] {logging_mixin.py:115} INFO - [2022-06-08 09:17:06,494] {dag.py:2927} INFO - Setting next_dagrun for example_branch_dop_operator_v3 to 2022-06-08T06:16:00+00:00, run_after=2022-06-08T06:17:00+00:00
[2022-06-08 09:17:06,506] {processor.py:161} INFO - Processing /home/james/airflowa/lib/python3.8/site-packages/airflow/example_dags/example_branch_python_dop_operator_3.py took 0.068 seconds
[2022-06-08 09:20:50,060] {processor.py:153} INFO - Started process (PID=31953) to work on /home/james/airflowa/lib/python3.8/site-packages/airflow/example_dags/example_branch_python_dop_operator_3.py
[2022-06-08 09:20:50,062] {processor.py:641} INFO - Processing file /home/james/airflowa/lib/python3.8/site-packages/airflow/example_dags/example_branch_python_dop_operator_3.py for tasks to queue
[2022-06-08 09:20:50,064] {logging_mixin.py:115} INFO - [2022-06-08 09:20:50,064] {dagbag.py:507} INFO - Filling up the DagBag from /home/james/airflowa/lib/python3.8/site-packages/airflow/example_dags/example_branch_python_dop_operator_3.py
[2022-06-08 09:20:50,102] {processor.py:651} INFO - DAG(s) dict_keys(['example_branch_dop_operator_v3']) retrieved from /home/james/airflowa/lib/python3.8/site-packages/airflow/example_dags/example_branch_python_dop_operator_3.py
[2022-06-08 09:20:50,141] {logging_mixin.py:115} INFO - [2022-06-08 09:20:50,140] {dag.py:2379} INFO - Sync 1 DAGs
[2022-06-08 09:20:50,207] {logging_mixin.py:115} INFO - [2022-06-08 09:20:50,207] {dag.py:2927} INFO - Setting next_dagrun for example_branch_dop_operator_v3 to 2022-06-08T06:19:00+00:00, run_after=2022-06-08T06:20:00+00:00
[2022-06-08 09:20:50,236] {processor.py:161} INFO - Processing /home/james/airflowa/lib/python3.8/site-packages/airflow/example_dags/example_branch_python_dop_operator_3.py took 0.184 seconds
[2022-06-08 09:22:51,155] {processor.py:153} INFO - Started process (PID=33062) to work on /home/james/airflowa/lib/python3.8/site-packages/airflow/example_dags/example_branch_python_dop_operator_3.py
[2022-06-08 09:22:51,156] {processor.py:641} INFO - Processing file /home/james/airflowa/lib/python3.8/site-packages/airflow/example_dags/example_branch_python_dop_operator_3.py for tasks to queue
[2022-06-08 09:22:51,158] {logging_mixin.py:115} INFO - [2022-06-08 09:22:51,158] {dagbag.py:507} INFO - Filling up the DagBag from /home/james/airflowa/lib/python3.8/site-packages/airflow/example_dags/example_branch_python_dop_operator_3.py
[2022-06-08 09:22:51,179] {processor.py:651} INFO - DAG(s) dict_keys(['example_branch_dop_operator_v3']) retrieved from /home/james/airflowa/lib/python3.8/site-packages/airflow/example_dags/example_branch_python_dop_operator_3.py
[2022-06-08 09:22:51,212] {logging_mixin.py:115} INFO - [2022-06-08 09:22:51,211] {dag.py:2379} INFO - Sync 1 DAGs
[2022-06-08 09:22:51,267] {logging_mixin.py:115} INFO - [2022-06-08 09:22:51,267] {dag.py:2927} INFO - Setting next_dagrun for example_branch_dop_operator_v3 to 2022-06-08T06:21:00+00:00, run_after=2022-06-08T06:22:00+00:00
[2022-06-08 09:22:51,294] {processor.py:161} INFO - Processing /home/james/airflowa/lib/python3.8/site-packages/airflow/example_dags/example_branch_python_dop_operator_3.py took 0.147 seconds
[2022-06-08 09:25:00,603] {processor.py:153} INFO - Started process (PID=33833) to work on /home/james/airflowa/lib/python3.8/site-packages/airflow/example_dags/example_branch_python_dop_operator_3.py
[2022-06-08 09:25:00,606] {processor.py:641} INFO - Processing file /home/james/airflowa/lib/python3.8/site-packages/airflow/example_dags/example_branch_python_dop_operator_3.py for tasks to queue
[2022-06-08 09:25:00,607] {logging_mixin.py:115} INFO - [2022-06-08 09:25:00,607] {dagbag.py:507} INFO - Filling up the DagBag from /home/james/airflowa/lib/python3.8/site-packages/airflow/example_dags/example_branch_python_dop_operator_3.py
[2022-06-08 09:25:00,652] {processor.py:651} INFO - DAG(s) dict_keys(['example_branch_dop_operator_v3']) retrieved from /home/james/airflowa/lib/python3.8/site-packages/airflow/example_dags/example_branch_python_dop_operator_3.py
[2022-06-08 09:25:00,718] {logging_mixin.py:115} INFO - [2022-06-08 09:25:00,718] {dag.py:2379} INFO - Sync 1 DAGs
[2022-06-08 09:25:00,794] {logging_mixin.py:115} INFO - [2022-06-08 09:25:00,793] {dag.py:2927} INFO - Setting next_dagrun for example_branch_dop_operator_v3 to 2022-06-08T06:24:00+00:00, run_after=2022-06-08T06:25:00+00:00
[2022-06-08 09:25:00,821] {processor.py:161} INFO - Processing /home/james/airflowa/lib/python3.8/site-packages/airflow/example_dags/example_branch_python_dop_operator_3.py took 0.225 seconds
[2022-06-08 09:27:10,058] {processor.py:153} INFO - Started process (PID=34614) to work on /home/james/airflowa/lib/python3.8/site-packages/airflow/example_dags/example_branch_python_dop_operator_3.py
[2022-06-08 09:27:10,058] {processor.py:641} INFO - Processing file /home/james/airflowa/lib/python3.8/site-packages/airflow/example_dags/example_branch_python_dop_operator_3.py for tasks to queue
[2022-06-08 09:27:10,059] {logging_mixin.py:115} INFO - [2022-06-08 09:27:10,059] {dagbag.py:507} INFO - Filling up the DagBag from /home/james/airflowa/lib/python3.8/site-packages/airflow/example_dags/example_branch_python_dop_operator_3.py
[2022-06-08 09:27:10,074] {processor.py:651} INFO - DAG(s) dict_keys(['example_branch_dop_operator_v3']) retrieved from /home/james/airflowa/lib/python3.8/site-packages/airflow/example_dags/example_branch_python_dop_operator_3.py
[2022-06-08 09:27:10,097] {logging_mixin.py:115} INFO - [2022-06-08 09:27:10,097] {dag.py:2379} INFO - Sync 1 DAGs
[2022-06-08 09:27:10,133] {logging_mixin.py:115} INFO - [2022-06-08 09:27:10,133] {dag.py:2927} INFO - Setting next_dagrun for example_branch_dop_operator_v3 to 2022-06-08T06:26:00+00:00, run_after=2022-06-08T06:27:00+00:00
[2022-06-08 09:27:10,152] {processor.py:161} INFO - Processing /home/james/airflowa/lib/python3.8/site-packages/airflow/example_dags/example_branch_python_dop_operator_3.py took 0.098 seconds
[2022-06-08 09:29:22,527] {processor.py:153} INFO - Started process (PID=35234) to work on /home/james/airflowa/lib/python3.8/site-packages/airflow/example_dags/example_branch_python_dop_operator_3.py
[2022-06-08 09:29:22,530] {processor.py:641} INFO - Processing file /home/james/airflowa/lib/python3.8/site-packages/airflow/example_dags/example_branch_python_dop_operator_3.py for tasks to queue
[2022-06-08 09:29:22,532] {logging_mixin.py:115} INFO - [2022-06-08 09:29:22,532] {dagbag.py:507} INFO - Filling up the DagBag from /home/james/airflowa/lib/python3.8/site-packages/airflow/example_dags/example_branch_python_dop_operator_3.py
[2022-06-08 09:29:22,633] {processor.py:651} INFO - DAG(s) dict_keys(['example_branch_dop_operator_v3']) retrieved from /home/james/airflowa/lib/python3.8/site-packages/airflow/example_dags/example_branch_python_dop_operator_3.py
[2022-06-08 09:29:22,776] {logging_mixin.py:115} INFO - [2022-06-08 09:29:22,775] {dag.py:2379} INFO - Sync 1 DAGs
[2022-06-08 09:29:23,008] {logging_mixin.py:115} INFO - [2022-06-08 09:29:23,008] {dag.py:2927} INFO - Setting next_dagrun for example_branch_dop_operator_v3 to 2022-06-08T06:28:00+00:00, run_after=2022-06-08T06:29:00+00:00
[2022-06-08 09:29:23,116] {processor.py:161} INFO - Processing /home/james/airflowa/lib/python3.8/site-packages/airflow/example_dags/example_branch_python_dop_operator_3.py took 0.619 seconds
[2022-06-08 11:27:45,990] {processor.py:153} INFO - Started process (PID=76554) to work on /home/james/airflowa/lib/python3.8/site-packages/airflow/example_dags/example_branch_python_dop_operator_3.py
[2022-06-08 11:27:45,991] {processor.py:641} INFO - Processing file /home/james/airflowa/lib/python3.8/site-packages/airflow/example_dags/example_branch_python_dop_operator_3.py for tasks to queue
[2022-06-08 11:27:45,991] {logging_mixin.py:115} INFO - [2022-06-08 11:27:45,991] {dagbag.py:507} INFO - Filling up the DagBag from /home/james/airflowa/lib/python3.8/site-packages/airflow/example_dags/example_branch_python_dop_operator_3.py
[2022-06-08 11:27:45,999] {processor.py:651} INFO - DAG(s) dict_keys(['example_branch_dop_operator_v3']) retrieved from /home/james/airflowa/lib/python3.8/site-packages/airflow/example_dags/example_branch_python_dop_operator_3.py
[2022-06-08 11:27:46,012] {logging_mixin.py:115} INFO - [2022-06-08 11:27:46,012] {dag.py:2379} INFO - Sync 1 DAGs
[2022-06-08 11:27:46,030] {logging_mixin.py:115} INFO - [2022-06-08 11:27:46,030] {dag.py:2927} INFO - Setting next_dagrun for example_branch_dop_operator_v3 to 2022-06-08T08:26:00+00:00, run_after=2022-06-08T08:27:00+00:00
[2022-06-08 11:27:46,041] {processor.py:161} INFO - Processing /home/james/airflowa/lib/python3.8/site-packages/airflow/example_dags/example_branch_python_dop_operator_3.py took 0.053 seconds
[2022-06-08 11:28:25,017] {processor.py:153} INFO - Started process (PID=76838) to work on /home/james/airflowa/lib/python3.8/site-packages/airflow/example_dags/example_branch_python_dop_operator_3.py
[2022-06-08 11:28:25,017] {processor.py:641} INFO - Processing file /home/james/airflowa/lib/python3.8/site-packages/airflow/example_dags/example_branch_python_dop_operator_3.py for tasks to queue
[2022-06-08 11:28:25,018] {logging_mixin.py:115} INFO - [2022-06-08 11:28:25,018] {dagbag.py:507} INFO - Filling up the DagBag from /home/james/airflowa/lib/python3.8/site-packages/airflow/example_dags/example_branch_python_dop_operator_3.py
[2022-06-08 11:28:25,028] {processor.py:651} INFO - DAG(s) dict_keys(['example_branch_dop_operator_v3']) retrieved from /home/james/airflowa/lib/python3.8/site-packages/airflow/example_dags/example_branch_python_dop_operator_3.py
[2022-06-08 11:28:25,042] {logging_mixin.py:115} INFO - [2022-06-08 11:28:25,042] {dag.py:2379} INFO - Sync 1 DAGs
[2022-06-08 11:28:25,062] {logging_mixin.py:115} INFO - [2022-06-08 11:28:25,062] {dag.py:2927} INFO - Setting next_dagrun for example_branch_dop_operator_v3 to 2022-06-08T08:27:00+00:00, run_after=2022-06-08T08:28:00+00:00
[2022-06-08 11:28:25,106] {processor.py:161} INFO - Processing /home/james/airflowa/lib/python3.8/site-packages/airflow/example_dags/example_branch_python_dop_operator_3.py took 0.091 seconds
[2022-06-08 11:29:02,190] {processor.py:153} INFO - Started process (PID=77134) to work on /home/james/airflowa/lib/python3.8/site-packages/airflow/example_dags/example_branch_python_dop_operator_3.py
[2022-06-08 11:29:02,191] {processor.py:641} INFO - Processing file /home/james/airflowa/lib/python3.8/site-packages/airflow/example_dags/example_branch_python_dop_operator_3.py for tasks to queue
[2022-06-08 11:29:02,191] {logging_mixin.py:115} INFO - [2022-06-08 11:29:02,191] {dagbag.py:507} INFO - Filling up the DagBag from /home/james/airflowa/lib/python3.8/site-packages/airflow/example_dags/example_branch_python_dop_operator_3.py
[2022-06-08 11:29:02,199] {processor.py:651} INFO - DAG(s) dict_keys(['example_branch_dop_operator_v3']) retrieved from /home/james/airflowa/lib/python3.8/site-packages/airflow/example_dags/example_branch_python_dop_operator_3.py
[2022-06-08 11:29:02,213] {logging_mixin.py:115} INFO - [2022-06-08 11:29:02,213] {dag.py:2379} INFO - Sync 1 DAGs
[2022-06-08 11:29:02,233] {logging_mixin.py:115} INFO - [2022-06-08 11:29:02,233] {dag.py:2927} INFO - Setting next_dagrun for example_branch_dop_operator_v3 to 2022-06-08T08:28:00+00:00, run_after=2022-06-08T08:29:00+00:00
[2022-06-08 11:29:02,244] {processor.py:161} INFO - Processing /home/james/airflowa/lib/python3.8/site-packages/airflow/example_dags/example_branch_python_dop_operator_3.py took 0.056 seconds
[2022-06-08 11:29:41,922] {processor.py:153} INFO - Started process (PID=77517) to work on /home/james/airflowa/lib/python3.8/site-packages/airflow/example_dags/example_branch_python_dop_operator_3.py
[2022-06-08 11:29:41,923] {processor.py:641} INFO - Processing file /home/james/airflowa/lib/python3.8/site-packages/airflow/example_dags/example_branch_python_dop_operator_3.py for tasks to queue
[2022-06-08 11:29:41,923] {logging_mixin.py:115} INFO - [2022-06-08 11:29:41,923] {dagbag.py:507} INFO - Filling up the DagBag from /home/james/airflowa/lib/python3.8/site-packages/airflow/example_dags/example_branch_python_dop_operator_3.py
[2022-06-08 11:29:41,935] {processor.py:651} INFO - DAG(s) dict_keys(['example_branch_dop_operator_v3']) retrieved from /home/james/airflowa/lib/python3.8/site-packages/airflow/example_dags/example_branch_python_dop_operator_3.py
[2022-06-08 11:29:41,954] {logging_mixin.py:115} INFO - [2022-06-08 11:29:41,954] {dag.py:2379} INFO - Sync 1 DAGs
[2022-06-08 11:29:41,986] {logging_mixin.py:115} INFO - [2022-06-08 11:29:41,986] {dag.py:2927} INFO - Setting next_dagrun for example_branch_dop_operator_v3 to 2022-06-08T08:28:00+00:00, run_after=2022-06-08T08:29:00+00:00
[2022-06-08 11:29:42,000] {processor.py:161} INFO - Processing /home/james/airflowa/lib/python3.8/site-packages/airflow/example_dags/example_branch_python_dop_operator_3.py took 0.081 seconds
[2022-06-08 11:31:24,011] {processor.py:153} INFO - Started process (PID=78470) to work on /home/james/airflowa/lib/python3.8/site-packages/airflow/example_dags/example_branch_python_dop_operator_3.py
[2022-06-08 11:31:24,014] {processor.py:641} INFO - Processing file /home/james/airflowa/lib/python3.8/site-packages/airflow/example_dags/example_branch_python_dop_operator_3.py for tasks to queue
[2022-06-08 11:31:24,015] {logging_mixin.py:115} INFO - [2022-06-08 11:31:24,015] {dagbag.py:507} INFO - Filling up the DagBag from /home/james/airflowa/lib/python3.8/site-packages/airflow/example_dags/example_branch_python_dop_operator_3.py
[2022-06-08 11:31:24,044] {processor.py:651} INFO - DAG(s) dict_keys(['example_branch_dop_operator_v3']) retrieved from /home/james/airflowa/lib/python3.8/site-packages/airflow/example_dags/example_branch_python_dop_operator_3.py
[2022-06-08 11:31:24,072] {logging_mixin.py:115} INFO - [2022-06-08 11:31:24,072] {dag.py:2379} INFO - Sync 1 DAGs
[2022-06-08 11:31:24,144] {logging_mixin.py:115} INFO - [2022-06-08 11:31:24,144] {dag.py:2927} INFO - Setting next_dagrun for example_branch_dop_operator_v3 to 2022-06-08T08:30:00+00:00, run_after=2022-06-08T08:31:00+00:00
[2022-06-08 11:31:24,174] {processor.py:161} INFO - Processing /home/james/airflowa/lib/python3.8/site-packages/airflow/example_dags/example_branch_python_dop_operator_3.py took 0.167 seconds
[2022-06-08 11:32:10,161] {processor.py:153} INFO - Started process (PID=78796) to work on /home/james/airflowa/lib/python3.8/site-packages/airflow/example_dags/example_branch_python_dop_operator_3.py
[2022-06-08 11:32:10,162] {processor.py:641} INFO - Processing file /home/james/airflowa/lib/python3.8/site-packages/airflow/example_dags/example_branch_python_dop_operator_3.py for tasks to queue
[2022-06-08 11:32:10,163] {logging_mixin.py:115} INFO - [2022-06-08 11:32:10,163] {dagbag.py:507} INFO - Filling up the DagBag from /home/james/airflowa/lib/python3.8/site-packages/airflow/example_dags/example_branch_python_dop_operator_3.py
[2022-06-08 11:32:10,176] {processor.py:651} INFO - DAG(s) dict_keys(['example_branch_dop_operator_v3']) retrieved from /home/james/airflowa/lib/python3.8/site-packages/airflow/example_dags/example_branch_python_dop_operator_3.py
[2022-06-08 11:32:10,197] {logging_mixin.py:115} INFO - [2022-06-08 11:32:10,197] {dag.py:2379} INFO - Sync 1 DAGs
[2022-06-08 11:32:10,232] {logging_mixin.py:115} INFO - [2022-06-08 11:32:10,231] {dag.py:2927} INFO - Setting next_dagrun for example_branch_dop_operator_v3 to 2022-06-08T08:31:00+00:00, run_after=2022-06-08T08:32:00+00:00
[2022-06-08 11:32:10,247] {processor.py:161} INFO - Processing /home/james/airflowa/lib/python3.8/site-packages/airflow/example_dags/example_branch_python_dop_operator_3.py took 0.089 seconds
[2022-06-08 11:32:58,008] {processor.py:153} INFO - Started process (PID=79068) to work on /home/james/airflowa/lib/python3.8/site-packages/airflow/example_dags/example_branch_python_dop_operator_3.py
[2022-06-08 11:32:58,011] {processor.py:641} INFO - Processing file /home/james/airflowa/lib/python3.8/site-packages/airflow/example_dags/example_branch_python_dop_operator_3.py for tasks to queue
[2022-06-08 11:32:58,011] {logging_mixin.py:115} INFO - [2022-06-08 11:32:58,011] {dagbag.py:507} INFO - Filling up the DagBag from /home/james/airflowa/lib/python3.8/site-packages/airflow/example_dags/example_branch_python_dop_operator_3.py
[2022-06-08 11:32:58,024] {processor.py:651} INFO - DAG(s) dict_keys(['example_branch_dop_operator_v3']) retrieved from /home/james/airflowa/lib/python3.8/site-packages/airflow/example_dags/example_branch_python_dop_operator_3.py
[2022-06-08 11:32:58,044] {logging_mixin.py:115} INFO - [2022-06-08 11:32:58,044] {dag.py:2379} INFO - Sync 1 DAGs
[2022-06-08 11:32:58,078] {logging_mixin.py:115} INFO - [2022-06-08 11:32:58,078] {dag.py:2927} INFO - Setting next_dagrun for example_branch_dop_operator_v3 to 2022-06-08T08:31:00+00:00, run_after=2022-06-08T08:32:00+00:00
[2022-06-08 11:32:58,094] {processor.py:161} INFO - Processing /home/james/airflowa/lib/python3.8/site-packages/airflow/example_dags/example_branch_python_dop_operator_3.py took 0.089 seconds
[2022-06-08 11:33:47,073] {processor.py:153} INFO - Started process (PID=79361) to work on /home/james/airflowa/lib/python3.8/site-packages/airflow/example_dags/example_branch_python_dop_operator_3.py
[2022-06-08 11:33:47,078] {processor.py:641} INFO - Processing file /home/james/airflowa/lib/python3.8/site-packages/airflow/example_dags/example_branch_python_dop_operator_3.py for tasks to queue
[2022-06-08 11:33:47,079] {logging_mixin.py:115} INFO - [2022-06-08 11:33:47,079] {dagbag.py:507} INFO - Filling up the DagBag from /home/james/airflowa/lib/python3.8/site-packages/airflow/example_dags/example_branch_python_dop_operator_3.py
[2022-06-08 11:33:47,110] {processor.py:651} INFO - DAG(s) dict_keys(['example_branch_dop_operator_v3']) retrieved from /home/james/airflowa/lib/python3.8/site-packages/airflow/example_dags/example_branch_python_dop_operator_3.py
[2022-06-08 11:33:47,223] {logging_mixin.py:115} INFO - [2022-06-08 11:33:47,223] {dag.py:2379} INFO - Sync 1 DAGs
[2022-06-08 11:33:47,266] {logging_mixin.py:115} INFO - [2022-06-08 11:33:47,266] {dag.py:2927} INFO - Setting next_dagrun for example_branch_dop_operator_v3 to 2022-06-08T08:32:00+00:00, run_after=2022-06-08T08:33:00+00:00
[2022-06-08 11:33:47,308] {processor.py:161} INFO - Processing /home/james/airflowa/lib/python3.8/site-packages/airflow/example_dags/example_branch_python_dop_operator_3.py took 0.244 seconds
[2022-06-08 11:34:37,302] {processor.py:153} INFO - Started process (PID=80006) to work on /home/james/airflowa/lib/python3.8/site-packages/airflow/example_dags/example_branch_python_dop_operator_3.py
[2022-06-08 11:34:37,305] {processor.py:641} INFO - Processing file /home/james/airflowa/lib/python3.8/site-packages/airflow/example_dags/example_branch_python_dop_operator_3.py for tasks to queue
[2022-06-08 11:34:37,306] {logging_mixin.py:115} INFO - [2022-06-08 11:34:37,306] {dagbag.py:507} INFO - Filling up the DagBag from /home/james/airflowa/lib/python3.8/site-packages/airflow/example_dags/example_branch_python_dop_operator_3.py
[2022-06-08 11:34:37,322] {processor.py:651} INFO - DAG(s) dict_keys(['example_branch_dop_operator_v3']) retrieved from /home/james/airflowa/lib/python3.8/site-packages/airflow/example_dags/example_branch_python_dop_operator_3.py
[2022-06-08 11:34:37,344] {logging_mixin.py:115} INFO - [2022-06-08 11:34:37,344] {dag.py:2379} INFO - Sync 1 DAGs
[2022-06-08 11:34:37,383] {logging_mixin.py:115} INFO - [2022-06-08 11:34:37,383] {dag.py:2927} INFO - Setting next_dagrun for example_branch_dop_operator_v3 to 2022-06-08T08:33:00+00:00, run_after=2022-06-08T08:34:00+00:00
[2022-06-08 11:34:37,400] {processor.py:161} INFO - Processing /home/james/airflowa/lib/python3.8/site-packages/airflow/example_dags/example_branch_python_dop_operator_3.py took 0.102 seconds
[2022-06-08 12:21:45,249] {processor.py:153} INFO - Started process (PID=104727) to work on /home/james/airflowa/lib/python3.8/site-packages/airflow/example_dags/example_branch_python_dop_operator_3.py
[2022-06-08 12:21:45,250] {processor.py:641} INFO - Processing file /home/james/airflowa/lib/python3.8/site-packages/airflow/example_dags/example_branch_python_dop_operator_3.py for tasks to queue
[2022-06-08 12:21:45,250] {logging_mixin.py:115} INFO - [2022-06-08 12:21:45,250] {dagbag.py:507} INFO - Filling up the DagBag from /home/james/airflowa/lib/python3.8/site-packages/airflow/example_dags/example_branch_python_dop_operator_3.py
[2022-06-08 12:21:45,263] {processor.py:651} INFO - DAG(s) dict_keys(['example_branch_dop_operator_v3']) retrieved from /home/james/airflowa/lib/python3.8/site-packages/airflow/example_dags/example_branch_python_dop_operator_3.py
[2022-06-08 12:21:45,283] {logging_mixin.py:115} INFO - [2022-06-08 12:21:45,283] {dag.py:2379} INFO - Sync 1 DAGs
[2022-06-08 12:21:45,321] {logging_mixin.py:115} INFO - [2022-06-08 12:21:45,321] {dag.py:2927} INFO - Setting next_dagrun for example_branch_dop_operator_v3 to 2022-06-08T09:20:00+00:00, run_after=2022-06-08T09:21:00+00:00
[2022-06-08 12:21:45,338] {processor.py:161} INFO - Processing /home/james/airflowa/lib/python3.8/site-packages/airflow/example_dags/example_branch_python_dop_operator_3.py took 0.093 seconds
[2022-06-08 12:22:33,293] {processor.py:153} INFO - Started process (PID=104948) to work on /home/james/airflowa/lib/python3.8/site-packages/airflow/example_dags/example_branch_python_dop_operator_3.py
[2022-06-08 12:22:33,294] {processor.py:641} INFO - Processing file /home/james/airflowa/lib/python3.8/site-packages/airflow/example_dags/example_branch_python_dop_operator_3.py for tasks to queue
[2022-06-08 12:22:33,295] {logging_mixin.py:115} INFO - [2022-06-08 12:22:33,295] {dagbag.py:507} INFO - Filling up the DagBag from /home/james/airflowa/lib/python3.8/site-packages/airflow/example_dags/example_branch_python_dop_operator_3.py
[2022-06-08 12:22:33,310] {processor.py:651} INFO - DAG(s) dict_keys(['example_branch_dop_operator_v3']) retrieved from /home/james/airflowa/lib/python3.8/site-packages/airflow/example_dags/example_branch_python_dop_operator_3.py
[2022-06-08 12:22:33,333] {logging_mixin.py:115} INFO - [2022-06-08 12:22:33,333] {dag.py:2379} INFO - Sync 1 DAGs
[2022-06-08 12:22:33,368] {logging_mixin.py:115} INFO - [2022-06-08 12:22:33,367] {dag.py:2927} INFO - Setting next_dagrun for example_branch_dop_operator_v3 to 2022-06-08T09:21:00+00:00, run_after=2022-06-08T09:22:00+00:00
[2022-06-08 12:22:33,386] {processor.py:161} INFO - Processing /home/james/airflowa/lib/python3.8/site-packages/airflow/example_dags/example_branch_python_dop_operator_3.py took 0.098 seconds
[2022-06-08 12:35:49,266] {processor.py:153} INFO - Started process (PID=112236) to work on /home/james/airflowa/lib/python3.8/site-packages/airflow/example_dags/example_branch_python_dop_operator_3.py
[2022-06-08 12:35:49,268] {processor.py:641} INFO - Processing file /home/james/airflowa/lib/python3.8/site-packages/airflow/example_dags/example_branch_python_dop_operator_3.py for tasks to queue
[2022-06-08 12:35:49,269] {logging_mixin.py:115} INFO - [2022-06-08 12:35:49,268] {dagbag.py:507} INFO - Filling up the DagBag from /home/james/airflowa/lib/python3.8/site-packages/airflow/example_dags/example_branch_python_dop_operator_3.py
[2022-06-08 12:35:49,289] {processor.py:651} INFO - DAG(s) dict_keys(['example_branch_dop_operator_v3']) retrieved from /home/james/airflowa/lib/python3.8/site-packages/airflow/example_dags/example_branch_python_dop_operator_3.py
[2022-06-08 12:35:49,319] {logging_mixin.py:115} INFO - [2022-06-08 12:35:49,319] {dag.py:2379} INFO - Sync 1 DAGs
[2022-06-08 12:35:49,373] {logging_mixin.py:115} INFO - [2022-06-08 12:35:49,373] {dag.py:2927} INFO - Setting next_dagrun for example_branch_dop_operator_v3 to 2022-06-08T09:34:00+00:00, run_after=2022-06-08T09:35:00+00:00
[2022-06-08 12:35:49,396] {processor.py:161} INFO - Processing /home/james/airflowa/lib/python3.8/site-packages/airflow/example_dags/example_branch_python_dop_operator_3.py took 0.135 seconds
[2022-06-08 12:39:06,396] {processor.py:153} INFO - Started process (PID=115487) to work on /home/james/airflowa/lib/python3.8/site-packages/airflow/example_dags/example_branch_python_dop_operator_3.py
[2022-06-08 12:39:06,398] {processor.py:641} INFO - Processing file /home/james/airflowa/lib/python3.8/site-packages/airflow/example_dags/example_branch_python_dop_operator_3.py for tasks to queue
[2022-06-08 12:39:06,399] {logging_mixin.py:115} INFO - [2022-06-08 12:39:06,399] {dagbag.py:507} INFO - Filling up the DagBag from /home/james/airflowa/lib/python3.8/site-packages/airflow/example_dags/example_branch_python_dop_operator_3.py
[2022-06-08 12:39:06,437] {processor.py:651} INFO - DAG(s) dict_keys(['example_branch_dop_operator_v3']) retrieved from /home/james/airflowa/lib/python3.8/site-packages/airflow/example_dags/example_branch_python_dop_operator_3.py
[2022-06-08 12:39:06,479] {logging_mixin.py:115} INFO - [2022-06-08 12:39:06,479] {dag.py:2379} INFO - Sync 1 DAGs
[2022-06-08 12:39:06,548] {logging_mixin.py:115} INFO - [2022-06-08 12:39:06,548] {dag.py:2927} INFO - Setting next_dagrun for example_branch_dop_operator_v3 to 2022-06-08T09:38:00+00:00, run_after=2022-06-08T09:39:00+00:00
[2022-06-08 12:39:06,583] {processor.py:161} INFO - Processing /home/james/airflowa/lib/python3.8/site-packages/airflow/example_dags/example_branch_python_dop_operator_3.py took 0.193 seconds
[2022-06-08 12:40:04,187] {processor.py:153} INFO - Started process (PID=116318) to work on /home/james/airflowa/lib/python3.8/site-packages/airflow/example_dags/example_branch_python_dop_operator_3.py
[2022-06-08 12:40:04,187] {processor.py:641} INFO - Processing file /home/james/airflowa/lib/python3.8/site-packages/airflow/example_dags/example_branch_python_dop_operator_3.py for tasks to queue
[2022-06-08 12:40:04,188] {logging_mixin.py:115} INFO - [2022-06-08 12:40:04,188] {dagbag.py:507} INFO - Filling up the DagBag from /home/james/airflowa/lib/python3.8/site-packages/airflow/example_dags/example_branch_python_dop_operator_3.py
[2022-06-08 12:40:04,198] {processor.py:651} INFO - DAG(s) dict_keys(['example_branch_dop_operator_v3']) retrieved from /home/james/airflowa/lib/python3.8/site-packages/airflow/example_dags/example_branch_python_dop_operator_3.py
[2022-06-08 12:40:04,216] {logging_mixin.py:115} INFO - [2022-06-08 12:40:04,216] {dag.py:2379} INFO - Sync 1 DAGs
[2022-06-08 12:40:04,232] {logging_mixin.py:115} INFO - [2022-06-08 12:40:04,232] {dag.py:2927} INFO - Setting next_dagrun for example_branch_dop_operator_v3 to 2022-06-08T09:39:00+00:00, run_after=2022-06-08T09:40:00+00:00
[2022-06-08 12:40:04,246] {processor.py:161} INFO - Processing /home/james/airflowa/lib/python3.8/site-packages/airflow/example_dags/example_branch_python_dop_operator_3.py took 0.061 seconds
[2022-06-08 12:41:02,597] {processor.py:153} INFO - Started process (PID=116681) to work on /home/james/airflowa/lib/python3.8/site-packages/airflow/example_dags/example_branch_python_dop_operator_3.py
[2022-06-08 12:41:02,598] {processor.py:641} INFO - Processing file /home/james/airflowa/lib/python3.8/site-packages/airflow/example_dags/example_branch_python_dop_operator_3.py for tasks to queue
[2022-06-08 12:41:02,599] {logging_mixin.py:115} INFO - [2022-06-08 12:41:02,599] {dagbag.py:507} INFO - Filling up the DagBag from /home/james/airflowa/lib/python3.8/site-packages/airflow/example_dags/example_branch_python_dop_operator_3.py
[2022-06-08 12:41:02,611] {processor.py:651} INFO - DAG(s) dict_keys(['example_branch_dop_operator_v3']) retrieved from /home/james/airflowa/lib/python3.8/site-packages/airflow/example_dags/example_branch_python_dop_operator_3.py
[2022-06-08 12:41:02,633] {logging_mixin.py:115} INFO - [2022-06-08 12:41:02,633] {dag.py:2379} INFO - Sync 1 DAGs
[2022-06-08 12:41:02,658] {logging_mixin.py:115} INFO - [2022-06-08 12:41:02,658] {dag.py:2927} INFO - Setting next_dagrun for example_branch_dop_operator_v3 to 2022-06-08T09:40:00+00:00, run_after=2022-06-08T09:41:00+00:00
[2022-06-08 12:41:02,672] {processor.py:161} INFO - Processing /home/james/airflowa/lib/python3.8/site-packages/airflow/example_dags/example_branch_python_dop_operator_3.py took 0.079 seconds
[2022-06-08 12:45:02,379] {processor.py:153} INFO - Started process (PID=118089) to work on /home/james/airflowa/lib/python3.8/site-packages/airflow/example_dags/example_branch_python_dop_operator_3.py
[2022-06-08 12:45:02,380] {processor.py:641} INFO - Processing file /home/james/airflowa/lib/python3.8/site-packages/airflow/example_dags/example_branch_python_dop_operator_3.py for tasks to queue
[2022-06-08 12:45:02,381] {logging_mixin.py:115} INFO - [2022-06-08 12:45:02,380] {dagbag.py:507} INFO - Filling up the DagBag from /home/james/airflowa/lib/python3.8/site-packages/airflow/example_dags/example_branch_python_dop_operator_3.py
[2022-06-08 12:45:02,399] {processor.py:651} INFO - DAG(s) dict_keys(['example_branch_dop_operator_v3']) retrieved from /home/james/airflowa/lib/python3.8/site-packages/airflow/example_dags/example_branch_python_dop_operator_3.py
[2022-06-08 12:45:02,424] {logging_mixin.py:115} INFO - [2022-06-08 12:45:02,423] {dag.py:2379} INFO - Sync 1 DAGs
[2022-06-08 12:45:02,450] {logging_mixin.py:115} INFO - [2022-06-08 12:45:02,450] {dag.py:2927} INFO - Setting next_dagrun for example_branch_dop_operator_v3 to 2022-06-08T09:44:00+00:00, run_after=2022-06-08T09:45:00+00:00
[2022-06-08 12:45:02,465] {processor.py:161} INFO - Processing /home/james/airflowa/lib/python3.8/site-packages/airflow/example_dags/example_branch_python_dop_operator_3.py took 0.090 seconds
[2022-06-08 12:45:47,967] {processor.py:153} INFO - Started process (PID=118326) to work on /home/james/airflowa/lib/python3.8/site-packages/airflow/example_dags/example_branch_python_dop_operator_3.py
[2022-06-08 12:45:47,967] {processor.py:641} INFO - Processing file /home/james/airflowa/lib/python3.8/site-packages/airflow/example_dags/example_branch_python_dop_operator_3.py for tasks to queue
[2022-06-08 12:45:47,968] {logging_mixin.py:115} INFO - [2022-06-08 12:45:47,968] {dagbag.py:507} INFO - Filling up the DagBag from /home/james/airflowa/lib/python3.8/site-packages/airflow/example_dags/example_branch_python_dop_operator_3.py
[2022-06-08 12:45:47,976] {processor.py:651} INFO - DAG(s) dict_keys(['example_branch_dop_operator_v3']) retrieved from /home/james/airflowa/lib/python3.8/site-packages/airflow/example_dags/example_branch_python_dop_operator_3.py
[2022-06-08 12:45:47,991] {logging_mixin.py:115} INFO - [2022-06-08 12:45:47,991] {dag.py:2379} INFO - Sync 1 DAGs
[2022-06-08 12:45:48,009] {logging_mixin.py:115} INFO - [2022-06-08 12:45:48,009] {dag.py:2927} INFO - Setting next_dagrun for example_branch_dop_operator_v3 to 2022-06-08T09:44:00+00:00, run_after=2022-06-08T09:45:00+00:00
[2022-06-08 12:45:48,021] {processor.py:161} INFO - Processing /home/james/airflowa/lib/python3.8/site-packages/airflow/example_dags/example_branch_python_dop_operator_3.py took 0.056 seconds
[2022-06-08 12:47:11,606] {processor.py:153} INFO - Started process (PID=119303) to work on /home/james/airflowa/lib/python3.8/site-packages/airflow/example_dags/example_branch_python_dop_operator_3.py
[2022-06-08 12:47:11,607] {processor.py:641} INFO - Processing file /home/james/airflowa/lib/python3.8/site-packages/airflow/example_dags/example_branch_python_dop_operator_3.py for tasks to queue
[2022-06-08 12:47:11,608] {logging_mixin.py:115} INFO - [2022-06-08 12:47:11,608] {dagbag.py:507} INFO - Filling up the DagBag from /home/james/airflowa/lib/python3.8/site-packages/airflow/example_dags/example_branch_python_dop_operator_3.py
[2022-06-08 12:47:11,626] {processor.py:651} INFO - DAG(s) dict_keys(['example_branch_dop_operator_v3']) retrieved from /home/james/airflowa/lib/python3.8/site-packages/airflow/example_dags/example_branch_python_dop_operator_3.py
[2022-06-08 12:47:11,660] {logging_mixin.py:115} INFO - [2022-06-08 12:47:11,660] {dag.py:2379} INFO - Sync 1 DAGs
[2022-06-08 12:47:11,699] {logging_mixin.py:115} INFO - [2022-06-08 12:47:11,699] {dag.py:2927} INFO - Setting next_dagrun for example_branch_dop_operator_v3 to 2022-06-08T09:46:00+00:00, run_after=2022-06-08T09:47:00+00:00
[2022-06-08 12:47:11,718] {processor.py:161} INFO - Processing /home/james/airflowa/lib/python3.8/site-packages/airflow/example_dags/example_branch_python_dop_operator_3.py took 0.117 seconds
[2022-06-08 12:48:30,010] {processor.py:153} INFO - Started process (PID=119723) to work on /home/james/airflowa/lib/python3.8/site-packages/airflow/example_dags/example_branch_python_dop_operator_3.py
[2022-06-08 12:48:30,010] {processor.py:641} INFO - Processing file /home/james/airflowa/lib/python3.8/site-packages/airflow/example_dags/example_branch_python_dop_operator_3.py for tasks to queue
[2022-06-08 12:48:30,011] {logging_mixin.py:115} INFO - [2022-06-08 12:48:30,011] {dagbag.py:507} INFO - Filling up the DagBag from /home/james/airflowa/lib/python3.8/site-packages/airflow/example_dags/example_branch_python_dop_operator_3.py
[2022-06-08 12:48:30,018] {processor.py:651} INFO - DAG(s) dict_keys(['example_branch_dop_operator_v3']) retrieved from /home/james/airflowa/lib/python3.8/site-packages/airflow/example_dags/example_branch_python_dop_operator_3.py
[2022-06-08 12:48:30,031] {logging_mixin.py:115} INFO - [2022-06-08 12:48:30,031] {dag.py:2379} INFO - Sync 1 DAGs
[2022-06-08 12:48:30,055] {logging_mixin.py:115} INFO - [2022-06-08 12:48:30,055] {dag.py:2927} INFO - Setting next_dagrun for example_branch_dop_operator_v3 to 2022-06-08T09:47:00+00:00, run_after=2022-06-08T09:48:00+00:00
[2022-06-08 12:48:30,067] {processor.py:161} INFO - Processing /home/james/airflowa/lib/python3.8/site-packages/airflow/example_dags/example_branch_python_dop_operator_3.py took 0.060 seconds
[2022-06-08 12:50:20,734] {processor.py:153} INFO - Started process (PID=120861) to work on /home/james/airflowa/lib/python3.8/site-packages/airflow/example_dags/example_branch_python_dop_operator_3.py
[2022-06-08 12:50:20,735] {processor.py:641} INFO - Processing file /home/james/airflowa/lib/python3.8/site-packages/airflow/example_dags/example_branch_python_dop_operator_3.py for tasks to queue
[2022-06-08 12:50:20,736] {logging_mixin.py:115} INFO - [2022-06-08 12:50:20,736] {dagbag.py:507} INFO - Filling up the DagBag from /home/james/airflowa/lib/python3.8/site-packages/airflow/example_dags/example_branch_python_dop_operator_3.py
[2022-06-08 12:50:20,756] {processor.py:651} INFO - DAG(s) dict_keys(['example_branch_dop_operator_v3']) retrieved from /home/james/airflowa/lib/python3.8/site-packages/airflow/example_dags/example_branch_python_dop_operator_3.py
[2022-06-08 12:50:20,788] {logging_mixin.py:115} INFO - [2022-06-08 12:50:20,788] {dag.py:2379} INFO - Sync 1 DAGs
[2022-06-08 12:50:20,839] {logging_mixin.py:115} INFO - [2022-06-08 12:50:20,839] {dag.py:2927} INFO - Setting next_dagrun for example_branch_dop_operator_v3 to 2022-06-08T09:49:00+00:00, run_after=2022-06-08T09:50:00+00:00
[2022-06-08 12:50:20,872] {processor.py:161} INFO - Processing /home/james/airflowa/lib/python3.8/site-packages/airflow/example_dags/example_branch_python_dop_operator_3.py took 0.144 seconds
[2022-06-08 12:52:26,622] {processor.py:153} INFO - Started process (PID=121481) to work on /home/james/airflowa/lib/python3.8/site-packages/airflow/example_dags/example_branch_python_dop_operator_3.py
[2022-06-08 12:52:26,624] {processor.py:641} INFO - Processing file /home/james/airflowa/lib/python3.8/site-packages/airflow/example_dags/example_branch_python_dop_operator_3.py for tasks to queue
[2022-06-08 12:52:26,626] {logging_mixin.py:115} INFO - [2022-06-08 12:52:26,626] {dagbag.py:507} INFO - Filling up the DagBag from /home/james/airflowa/lib/python3.8/site-packages/airflow/example_dags/example_branch_python_dop_operator_3.py
[2022-06-08 12:52:26,655] {processor.py:651} INFO - DAG(s) dict_keys(['example_branch_dop_operator_v3']) retrieved from /home/james/airflowa/lib/python3.8/site-packages/airflow/example_dags/example_branch_python_dop_operator_3.py
[2022-06-08 12:52:26,715] {logging_mixin.py:115} INFO - [2022-06-08 12:52:26,715] {dag.py:2379} INFO - Sync 1 DAGs
[2022-06-08 12:52:26,794] {logging_mixin.py:115} INFO - [2022-06-08 12:52:26,794] {dag.py:2927} INFO - Setting next_dagrun for example_branch_dop_operator_v3 to 2022-06-08T09:51:00+00:00, run_after=2022-06-08T09:52:00+00:00
[2022-06-08 12:52:26,826] {processor.py:161} INFO - Processing /home/james/airflowa/lib/python3.8/site-packages/airflow/example_dags/example_branch_python_dop_operator_3.py took 0.213 seconds
[2022-06-08 12:53:46,924] {processor.py:153} INFO - Started process (PID=122074) to work on /home/james/airflowa/lib/python3.8/site-packages/airflow/example_dags/example_branch_python_dop_operator_3.py
[2022-06-08 12:53:46,925] {processor.py:641} INFO - Processing file /home/james/airflowa/lib/python3.8/site-packages/airflow/example_dags/example_branch_python_dop_operator_3.py for tasks to queue
[2022-06-08 12:53:46,927] {logging_mixin.py:115} INFO - [2022-06-08 12:53:46,927] {dagbag.py:507} INFO - Filling up the DagBag from /home/james/airflowa/lib/python3.8/site-packages/airflow/example_dags/example_branch_python_dop_operator_3.py
[2022-06-08 12:53:46,947] {processor.py:651} INFO - DAG(s) dict_keys(['example_branch_dop_operator_v3']) retrieved from /home/james/airflowa/lib/python3.8/site-packages/airflow/example_dags/example_branch_python_dop_operator_3.py
[2022-06-08 12:53:46,979] {logging_mixin.py:115} INFO - [2022-06-08 12:53:46,979] {dag.py:2379} INFO - Sync 1 DAGs
[2022-06-08 12:53:47,032] {logging_mixin.py:115} INFO - [2022-06-08 12:53:47,032] {dag.py:2927} INFO - Setting next_dagrun for example_branch_dop_operator_v3 to 2022-06-08T09:52:00+00:00, run_after=2022-06-08T09:53:00+00:00
[2022-06-08 12:53:47,058] {processor.py:161} INFO - Processing /home/james/airflowa/lib/python3.8/site-packages/airflow/example_dags/example_branch_python_dop_operator_3.py took 0.141 seconds
[2022-06-08 12:55:01,896] {processor.py:153} INFO - Started process (PID=122554) to work on /home/james/airflowa/lib/python3.8/site-packages/airflow/example_dags/example_branch_python_dop_operator_3.py
[2022-06-08 12:55:01,898] {processor.py:641} INFO - Processing file /home/james/airflowa/lib/python3.8/site-packages/airflow/example_dags/example_branch_python_dop_operator_3.py for tasks to queue
[2022-06-08 12:55:01,900] {logging_mixin.py:115} INFO - [2022-06-08 12:55:01,899] {dagbag.py:507} INFO - Filling up the DagBag from /home/james/airflowa/lib/python3.8/site-packages/airflow/example_dags/example_branch_python_dop_operator_3.py
[2022-06-08 12:55:01,919] {processor.py:651} INFO - DAG(s) dict_keys(['example_branch_dop_operator_v3']) retrieved from /home/james/airflowa/lib/python3.8/site-packages/airflow/example_dags/example_branch_python_dop_operator_3.py
[2022-06-08 12:55:01,961] {logging_mixin.py:115} INFO - [2022-06-08 12:55:01,961] {dag.py:2379} INFO - Sync 1 DAGs
[2022-06-08 12:55:02,031] {logging_mixin.py:115} INFO - [2022-06-08 12:55:02,030] {dag.py:2927} INFO - Setting next_dagrun for example_branch_dop_operator_v3 to 2022-06-08T09:54:00+00:00, run_after=2022-06-08T09:55:00+00:00
[2022-06-08 12:55:02,064] {processor.py:161} INFO - Processing /home/james/airflowa/lib/python3.8/site-packages/airflow/example_dags/example_branch_python_dop_operator_3.py took 0.174 seconds
[2022-06-08 12:56:13,399] {processor.py:153} INFO - Started process (PID=122960) to work on /home/james/airflowa/lib/python3.8/site-packages/airflow/example_dags/example_branch_python_dop_operator_3.py
[2022-06-08 12:56:13,400] {processor.py:641} INFO - Processing file /home/james/airflowa/lib/python3.8/site-packages/airflow/example_dags/example_branch_python_dop_operator_3.py for tasks to queue
[2022-06-08 12:56:13,400] {logging_mixin.py:115} INFO - [2022-06-08 12:56:13,400] {dagbag.py:507} INFO - Filling up the DagBag from /home/james/airflowa/lib/python3.8/site-packages/airflow/example_dags/example_branch_python_dop_operator_3.py
[2022-06-08 12:56:13,409] {processor.py:651} INFO - DAG(s) dict_keys(['example_branch_dop_operator_v3']) retrieved from /home/james/airflowa/lib/python3.8/site-packages/airflow/example_dags/example_branch_python_dop_operator_3.py
[2022-06-08 12:56:13,421] {logging_mixin.py:115} INFO - [2022-06-08 12:56:13,421] {dag.py:2379} INFO - Sync 1 DAGs
[2022-06-08 12:56:13,440] {logging_mixin.py:115} INFO - [2022-06-08 12:56:13,440] {dag.py:2927} INFO - Setting next_dagrun for example_branch_dop_operator_v3 to 2022-06-08T09:55:00+00:00, run_after=2022-06-08T09:56:00+00:00
[2022-06-08 12:56:13,452] {processor.py:161} INFO - Processing /home/james/airflowa/lib/python3.8/site-packages/airflow/example_dags/example_branch_python_dop_operator_3.py took 0.055 seconds
[2022-06-08 12:57:23,015] {processor.py:153} INFO - Started process (PID=123270) to work on /home/james/airflowa/lib/python3.8/site-packages/airflow/example_dags/example_branch_python_dop_operator_3.py
[2022-06-08 12:57:23,016] {processor.py:641} INFO - Processing file /home/james/airflowa/lib/python3.8/site-packages/airflow/example_dags/example_branch_python_dop_operator_3.py for tasks to queue
[2022-06-08 12:57:23,017] {logging_mixin.py:115} INFO - [2022-06-08 12:57:23,016] {dagbag.py:507} INFO - Filling up the DagBag from /home/james/airflowa/lib/python3.8/site-packages/airflow/example_dags/example_branch_python_dop_operator_3.py
[2022-06-08 12:57:23,025] {processor.py:651} INFO - DAG(s) dict_keys(['example_branch_dop_operator_v3']) retrieved from /home/james/airflowa/lib/python3.8/site-packages/airflow/example_dags/example_branch_python_dop_operator_3.py
[2022-06-08 12:57:23,038] {logging_mixin.py:115} INFO - [2022-06-08 12:57:23,038] {dag.py:2379} INFO - Sync 1 DAGs
[2022-06-08 12:57:23,058] {logging_mixin.py:115} INFO - [2022-06-08 12:57:23,058] {dag.py:2927} INFO - Setting next_dagrun for example_branch_dop_operator_v3 to 2022-06-08T09:56:00+00:00, run_after=2022-06-08T09:57:00+00:00
[2022-06-08 12:57:23,070] {processor.py:161} INFO - Processing /home/james/airflowa/lib/python3.8/site-packages/airflow/example_dags/example_branch_python_dop_operator_3.py took 0.058 seconds
[2022-06-08 12:58:34,485] {processor.py:153} INFO - Started process (PID=123628) to work on /home/james/airflowa/lib/python3.8/site-packages/airflow/example_dags/example_branch_python_dop_operator_3.py
[2022-06-08 12:58:34,486] {processor.py:641} INFO - Processing file /home/james/airflowa/lib/python3.8/site-packages/airflow/example_dags/example_branch_python_dop_operator_3.py for tasks to queue
[2022-06-08 12:58:34,487] {logging_mixin.py:115} INFO - [2022-06-08 12:58:34,487] {dagbag.py:507} INFO - Filling up the DagBag from /home/james/airflowa/lib/python3.8/site-packages/airflow/example_dags/example_branch_python_dop_operator_3.py
[2022-06-08 12:58:34,498] {processor.py:651} INFO - DAG(s) dict_keys(['example_branch_dop_operator_v3']) retrieved from /home/james/airflowa/lib/python3.8/site-packages/airflow/example_dags/example_branch_python_dop_operator_3.py
[2022-06-08 12:58:34,512] {logging_mixin.py:115} INFO - [2022-06-08 12:58:34,512] {dag.py:2379} INFO - Sync 1 DAGs
[2022-06-08 12:58:34,537] {logging_mixin.py:115} INFO - [2022-06-08 12:58:34,537] {dag.py:2927} INFO - Setting next_dagrun for example_branch_dop_operator_v3 to 2022-06-08T09:57:00+00:00, run_after=2022-06-08T09:58:00+00:00
[2022-06-08 12:58:34,550] {processor.py:161} INFO - Processing /home/james/airflowa/lib/python3.8/site-packages/airflow/example_dags/example_branch_python_dop_operator_3.py took 0.069 seconds
[2022-06-08 12:59:13,740] {processor.py:153} INFO - Started process (PID=123995) to work on /home/james/airflowa/lib/python3.8/site-packages/airflow/example_dags/example_branch_python_dop_operator_3.py
[2022-06-08 12:59:13,741] {processor.py:641} INFO - Processing file /home/james/airflowa/lib/python3.8/site-packages/airflow/example_dags/example_branch_python_dop_operator_3.py for tasks to queue
[2022-06-08 12:59:13,741] {logging_mixin.py:115} INFO - [2022-06-08 12:59:13,741] {dagbag.py:507} INFO - Filling up the DagBag from /home/james/airflowa/lib/python3.8/site-packages/airflow/example_dags/example_branch_python_dop_operator_3.py
[2022-06-08 12:59:13,750] {processor.py:651} INFO - DAG(s) dict_keys(['example_branch_dop_operator_v3']) retrieved from /home/james/airflowa/lib/python3.8/site-packages/airflow/example_dags/example_branch_python_dop_operator_3.py
[2022-06-08 12:59:13,763] {logging_mixin.py:115} INFO - [2022-06-08 12:59:13,763] {dag.py:2379} INFO - Sync 1 DAGs
[2022-06-08 12:59:13,782] {logging_mixin.py:115} INFO - [2022-06-08 12:59:13,782] {dag.py:2927} INFO - Setting next_dagrun for example_branch_dop_operator_v3 to 2022-06-08T09:58:00+00:00, run_after=2022-06-08T09:59:00+00:00
[2022-06-08 12:59:13,793] {processor.py:161} INFO - Processing /home/james/airflowa/lib/python3.8/site-packages/airflow/example_dags/example_branch_python_dop_operator_3.py took 0.056 seconds
[2022-06-08 13:00:03,158] {processor.py:153} INFO - Started process (PID=124707) to work on /home/james/airflowa/lib/python3.8/site-packages/airflow/example_dags/example_branch_python_dop_operator_3.py
[2022-06-08 13:00:03,159] {processor.py:641} INFO - Processing file /home/james/airflowa/lib/python3.8/site-packages/airflow/example_dags/example_branch_python_dop_operator_3.py for tasks to queue
[2022-06-08 13:00:03,160] {logging_mixin.py:115} INFO - [2022-06-08 13:00:03,159] {dagbag.py:507} INFO - Filling up the DagBag from /home/james/airflowa/lib/python3.8/site-packages/airflow/example_dags/example_branch_python_dop_operator_3.py
[2022-06-08 13:00:03,168] {processor.py:651} INFO - DAG(s) dict_keys(['example_branch_dop_operator_v3']) retrieved from /home/james/airflowa/lib/python3.8/site-packages/airflow/example_dags/example_branch_python_dop_operator_3.py
[2022-06-08 13:00:03,180] {logging_mixin.py:115} INFO - [2022-06-08 13:00:03,180] {dag.py:2379} INFO - Sync 1 DAGs
[2022-06-08 13:00:03,199] {logging_mixin.py:115} INFO - [2022-06-08 13:00:03,199] {dag.py:2927} INFO - Setting next_dagrun for example_branch_dop_operator_v3 to 2022-06-08T09:59:00+00:00, run_after=2022-06-08T10:00:00+00:00
[2022-06-08 13:00:03,211] {processor.py:161} INFO - Processing /home/james/airflowa/lib/python3.8/site-packages/airflow/example_dags/example_branch_python_dop_operator_3.py took 0.056 seconds
[2022-06-08 13:00:47,162] {processor.py:153} INFO - Started process (PID=124986) to work on /home/james/airflowa/lib/python3.8/site-packages/airflow/example_dags/example_branch_python_dop_operator_3.py
[2022-06-08 13:00:47,163] {processor.py:641} INFO - Processing file /home/james/airflowa/lib/python3.8/site-packages/airflow/example_dags/example_branch_python_dop_operator_3.py for tasks to queue
[2022-06-08 13:00:47,164] {logging_mixin.py:115} INFO - [2022-06-08 13:00:47,164] {dagbag.py:507} INFO - Filling up the DagBag from /home/james/airflowa/lib/python3.8/site-packages/airflow/example_dags/example_branch_python_dop_operator_3.py
[2022-06-08 13:00:47,174] {processor.py:651} INFO - DAG(s) dict_keys(['example_branch_dop_operator_v3']) retrieved from /home/james/airflowa/lib/python3.8/site-packages/airflow/example_dags/example_branch_python_dop_operator_3.py
[2022-06-08 13:00:47,187] {logging_mixin.py:115} INFO - [2022-06-08 13:00:47,187] {dag.py:2379} INFO - Sync 1 DAGs
[2022-06-08 13:00:47,209] {logging_mixin.py:115} INFO - [2022-06-08 13:00:47,209] {dag.py:2927} INFO - Setting next_dagrun for example_branch_dop_operator_v3 to 2022-06-08T09:59:00+00:00, run_after=2022-06-08T10:00:00+00:00
[2022-06-08 13:00:47,222] {processor.py:161} INFO - Processing /home/james/airflowa/lib/python3.8/site-packages/airflow/example_dags/example_branch_python_dop_operator_3.py took 0.063 seconds
[2022-06-08 13:02:03,695] {processor.py:153} INFO - Started process (PID=125441) to work on /home/james/airflowa/lib/python3.8/site-packages/airflow/example_dags/example_branch_python_dop_operator_3.py
[2022-06-08 13:02:03,696] {processor.py:641} INFO - Processing file /home/james/airflowa/lib/python3.8/site-packages/airflow/example_dags/example_branch_python_dop_operator_3.py for tasks to queue
[2022-06-08 13:02:03,697] {logging_mixin.py:115} INFO - [2022-06-08 13:02:03,697] {dagbag.py:507} INFO - Filling up the DagBag from /home/james/airflowa/lib/python3.8/site-packages/airflow/example_dags/example_branch_python_dop_operator_3.py
[2022-06-08 13:02:03,706] {processor.py:651} INFO - DAG(s) dict_keys(['example_branch_dop_operator_v3']) retrieved from /home/james/airflowa/lib/python3.8/site-packages/airflow/example_dags/example_branch_python_dop_operator_3.py
[2022-06-08 13:02:03,719] {logging_mixin.py:115} INFO - [2022-06-08 13:02:03,718] {dag.py:2379} INFO - Sync 1 DAGs
[2022-06-08 13:02:03,741] {logging_mixin.py:115} INFO - [2022-06-08 13:02:03,741] {dag.py:2927} INFO - Setting next_dagrun for example_branch_dop_operator_v3 to 2022-06-08T10:01:00+00:00, run_after=2022-06-08T10:02:00+00:00
[2022-06-08 13:02:03,753] {processor.py:161} INFO - Processing /home/james/airflowa/lib/python3.8/site-packages/airflow/example_dags/example_branch_python_dop_operator_3.py took 0.060 seconds
[2022-06-08 13:03:06,899] {processor.py:153} INFO - Started process (PID=125769) to work on /home/james/airflowa/lib/python3.8/site-packages/airflow/example_dags/example_branch_python_dop_operator_3.py
[2022-06-08 13:03:06,899] {processor.py:641} INFO - Processing file /home/james/airflowa/lib/python3.8/site-packages/airflow/example_dags/example_branch_python_dop_operator_3.py for tasks to queue
[2022-06-08 13:03:06,900] {logging_mixin.py:115} INFO - [2022-06-08 13:03:06,900] {dagbag.py:507} INFO - Filling up the DagBag from /home/james/airflowa/lib/python3.8/site-packages/airflow/example_dags/example_branch_python_dop_operator_3.py
[2022-06-08 13:03:06,907] {processor.py:651} INFO - DAG(s) dict_keys(['example_branch_dop_operator_v3']) retrieved from /home/james/airflowa/lib/python3.8/site-packages/airflow/example_dags/example_branch_python_dop_operator_3.py
[2022-06-08 13:03:06,921] {logging_mixin.py:115} INFO - [2022-06-08 13:03:06,921] {dag.py:2379} INFO - Sync 1 DAGs
[2022-06-08 13:03:06,940] {logging_mixin.py:115} INFO - [2022-06-08 13:03:06,940] {dag.py:2927} INFO - Setting next_dagrun for example_branch_dop_operator_v3 to 2022-06-08T10:02:00+00:00, run_after=2022-06-08T10:03:00+00:00
[2022-06-08 13:03:06,951] {processor.py:161} INFO - Processing /home/james/airflowa/lib/python3.8/site-packages/airflow/example_dags/example_branch_python_dop_operator_3.py took 0.055 seconds
[2022-06-08 13:04:01,533] {processor.py:153} INFO - Started process (PID=126203) to work on /home/james/airflowa/lib/python3.8/site-packages/airflow/example_dags/example_branch_python_dop_operator_3.py
[2022-06-08 13:04:01,535] {processor.py:641} INFO - Processing file /home/james/airflowa/lib/python3.8/site-packages/airflow/example_dags/example_branch_python_dop_operator_3.py for tasks to queue
[2022-06-08 13:04:01,535] {logging_mixin.py:115} INFO - [2022-06-08 13:04:01,535] {dagbag.py:507} INFO - Filling up the DagBag from /home/james/airflowa/lib/python3.8/site-packages/airflow/example_dags/example_branch_python_dop_operator_3.py
[2022-06-08 13:04:01,543] {processor.py:651} INFO - DAG(s) dict_keys(['example_branch_dop_operator_v3']) retrieved from /home/james/airflowa/lib/python3.8/site-packages/airflow/example_dags/example_branch_python_dop_operator_3.py
[2022-06-08 13:04:01,556] {logging_mixin.py:115} INFO - [2022-06-08 13:04:01,556] {dag.py:2379} INFO - Sync 1 DAGs
[2022-06-08 13:04:01,575] {logging_mixin.py:115} INFO - [2022-06-08 13:04:01,575] {dag.py:2927} INFO - Setting next_dagrun for example_branch_dop_operator_v3 to 2022-06-08T10:03:00+00:00, run_after=2022-06-08T10:04:00+00:00
[2022-06-08 13:04:01,586] {processor.py:161} INFO - Processing /home/james/airflowa/lib/python3.8/site-packages/airflow/example_dags/example_branch_python_dop_operator_3.py took 0.055 seconds
[2022-06-08 13:04:39,957] {processor.py:153} INFO - Started process (PID=126401) to work on /home/james/airflowa/lib/python3.8/site-packages/airflow/example_dags/example_branch_python_dop_operator_3.py
[2022-06-08 13:04:39,958] {processor.py:641} INFO - Processing file /home/james/airflowa/lib/python3.8/site-packages/airflow/example_dags/example_branch_python_dop_operator_3.py for tasks to queue
[2022-06-08 13:04:39,958] {logging_mixin.py:115} INFO - [2022-06-08 13:04:39,958] {dagbag.py:507} INFO - Filling up the DagBag from /home/james/airflowa/lib/python3.8/site-packages/airflow/example_dags/example_branch_python_dop_operator_3.py
[2022-06-08 13:04:39,966] {processor.py:651} INFO - DAG(s) dict_keys(['example_branch_dop_operator_v3']) retrieved from /home/james/airflowa/lib/python3.8/site-packages/airflow/example_dags/example_branch_python_dop_operator_3.py
[2022-06-08 13:04:39,978] {logging_mixin.py:115} INFO - [2022-06-08 13:04:39,978] {dag.py:2379} INFO - Sync 1 DAGs
[2022-06-08 13:04:39,997] {logging_mixin.py:115} INFO - [2022-06-08 13:04:39,997] {dag.py:2927} INFO - Setting next_dagrun for example_branch_dop_operator_v3 to 2022-06-08T10:03:00+00:00, run_after=2022-06-08T10:04:00+00:00
[2022-06-08 13:04:40,007] {processor.py:161} INFO - Processing /home/james/airflowa/lib/python3.8/site-packages/airflow/example_dags/example_branch_python_dop_operator_3.py took 0.052 seconds
[2022-06-08 13:05:37,055] {processor.py:153} INFO - Started process (PID=126633) to work on /home/james/airflowa/lib/python3.8/site-packages/airflow/example_dags/example_branch_python_dop_operator_3.py
[2022-06-08 13:05:37,056] {processor.py:641} INFO - Processing file /home/james/airflowa/lib/python3.8/site-packages/airflow/example_dags/example_branch_python_dop_operator_3.py for tasks to queue
[2022-06-08 13:05:37,057] {logging_mixin.py:115} INFO - [2022-06-08 13:05:37,057] {dagbag.py:507} INFO - Filling up the DagBag from /home/james/airflowa/lib/python3.8/site-packages/airflow/example_dags/example_branch_python_dop_operator_3.py
[2022-06-08 13:05:37,065] {processor.py:651} INFO - DAG(s) dict_keys(['example_branch_dop_operator_v3']) retrieved from /home/james/airflowa/lib/python3.8/site-packages/airflow/example_dags/example_branch_python_dop_operator_3.py
[2022-06-08 13:05:37,081] {logging_mixin.py:115} INFO - [2022-06-08 13:05:37,081] {dag.py:2379} INFO - Sync 1 DAGs
[2022-06-08 13:05:37,100] {logging_mixin.py:115} INFO - [2022-06-08 13:05:37,100] {dag.py:2927} INFO - Setting next_dagrun for example_branch_dop_operator_v3 to 2022-06-08T10:04:00+00:00, run_after=2022-06-08T10:05:00+00:00
[2022-06-08 13:05:37,112] {processor.py:161} INFO - Processing /home/james/airflowa/lib/python3.8/site-packages/airflow/example_dags/example_branch_python_dop_operator_3.py took 0.060 seconds
[2022-06-08 13:06:18,443] {processor.py:153} INFO - Started process (PID=126850) to work on /home/james/airflowa/lib/python3.8/site-packages/airflow/example_dags/example_branch_python_dop_operator_3.py
[2022-06-08 13:06:18,444] {processor.py:641} INFO - Processing file /home/james/airflowa/lib/python3.8/site-packages/airflow/example_dags/example_branch_python_dop_operator_3.py for tasks to queue
[2022-06-08 13:06:18,444] {logging_mixin.py:115} INFO - [2022-06-08 13:06:18,444] {dagbag.py:507} INFO - Filling up the DagBag from /home/james/airflowa/lib/python3.8/site-packages/airflow/example_dags/example_branch_python_dop_operator_3.py
[2022-06-08 13:06:18,452] {processor.py:651} INFO - DAG(s) dict_keys(['example_branch_dop_operator_v3']) retrieved from /home/james/airflowa/lib/python3.8/site-packages/airflow/example_dags/example_branch_python_dop_operator_3.py
[2022-06-08 13:06:18,466] {logging_mixin.py:115} INFO - [2022-06-08 13:06:18,466] {dag.py:2379} INFO - Sync 1 DAGs
[2022-06-08 13:06:18,486] {logging_mixin.py:115} INFO - [2022-06-08 13:06:18,486] {dag.py:2927} INFO - Setting next_dagrun for example_branch_dop_operator_v3 to 2022-06-08T10:05:00+00:00, run_after=2022-06-08T10:06:00+00:00
[2022-06-08 13:06:18,498] {processor.py:161} INFO - Processing /home/james/airflowa/lib/python3.8/site-packages/airflow/example_dags/example_branch_python_dop_operator_3.py took 0.057 seconds
[2022-06-08 13:07:05,076] {processor.py:153} INFO - Started process (PID=127063) to work on /home/james/airflowa/lib/python3.8/site-packages/airflow/example_dags/example_branch_python_dop_operator_3.py
[2022-06-08 13:07:05,076] {processor.py:641} INFO - Processing file /home/james/airflowa/lib/python3.8/site-packages/airflow/example_dags/example_branch_python_dop_operator_3.py for tasks to queue
[2022-06-08 13:07:05,077] {logging_mixin.py:115} INFO - [2022-06-08 13:07:05,077] {dagbag.py:507} INFO - Filling up the DagBag from /home/james/airflowa/lib/python3.8/site-packages/airflow/example_dags/example_branch_python_dop_operator_3.py
[2022-06-08 13:07:05,085] {processor.py:651} INFO - DAG(s) dict_keys(['example_branch_dop_operator_v3']) retrieved from /home/james/airflowa/lib/python3.8/site-packages/airflow/example_dags/example_branch_python_dop_operator_3.py
[2022-06-08 13:07:05,100] {logging_mixin.py:115} INFO - [2022-06-08 13:07:05,100] {dag.py:2379} INFO - Sync 1 DAGs
[2022-06-08 13:07:05,124] {logging_mixin.py:115} INFO - [2022-06-08 13:07:05,123] {dag.py:2927} INFO - Setting next_dagrun for example_branch_dop_operator_v3 to 2022-06-08T10:06:00+00:00, run_after=2022-06-08T10:07:00+00:00
[2022-06-08 13:07:05,136] {processor.py:161} INFO - Processing /home/james/airflowa/lib/python3.8/site-packages/airflow/example_dags/example_branch_python_dop_operator_3.py took 0.063 seconds
