[2022-06-08 09:04:16,953] {processor.py:153} INFO - Started process (PID=23820) to work on /home/james/airflowa/lib/python3.8/site-packages/airflow/example_dags/example_branch_operator_decorator.py
[2022-06-08 09:04:16,953] {processor.py:641} INFO - Processing file /home/james/airflowa/lib/python3.8/site-packages/airflow/example_dags/example_branch_operator_decorator.py for tasks to queue
[2022-06-08 09:04:16,954] {logging_mixin.py:115} INFO - [2022-06-08 09:04:16,954] {dagbag.py:507} INFO - Filling up the DagBag from /home/james/airflowa/lib/python3.8/site-packages/airflow/example_dags/example_branch_operator_decorator.py
[2022-06-08 09:04:16,971] {processor.py:651} INFO - DAG(s) dict_keys(['example_branch_python_operator_decorator']) retrieved from /home/james/airflowa/lib/python3.8/site-packages/airflow/example_dags/example_branch_operator_decorator.py
[2022-06-08 09:04:16,986] {logging_mixin.py:115} INFO - [2022-06-08 09:04:16,985] {dag.py:2379} INFO - Sync 1 DAGs
[2022-06-08 09:04:17,002] {logging_mixin.py:115} INFO - [2022-06-08 09:04:17,002] {dag.py:2927} INFO - Setting next_dagrun for example_branch_python_operator_decorator to 2022-06-07T00:00:00+00:00, run_after=2022-06-08T00:00:00+00:00
[2022-06-08 09:04:17,012] {processor.py:161} INFO - Processing /home/james/airflowa/lib/python3.8/site-packages/airflow/example_dags/example_branch_operator_decorator.py took 0.061 seconds
[2022-06-08 09:04:52,067] {processor.py:153} INFO - Started process (PID=23962) to work on /home/james/airflowa/lib/python3.8/site-packages/airflow/example_dags/example_branch_operator_decorator.py
[2022-06-08 09:04:52,068] {processor.py:641} INFO - Processing file /home/james/airflowa/lib/python3.8/site-packages/airflow/example_dags/example_branch_operator_decorator.py for tasks to queue
[2022-06-08 09:04:52,069] {logging_mixin.py:115} INFO - [2022-06-08 09:04:52,069] {dagbag.py:507} INFO - Filling up the DagBag from /home/james/airflowa/lib/python3.8/site-packages/airflow/example_dags/example_branch_operator_decorator.py
[2022-06-08 09:04:52,087] {processor.py:651} INFO - DAG(s) dict_keys(['example_branch_python_operator_decorator']) retrieved from /home/james/airflowa/lib/python3.8/site-packages/airflow/example_dags/example_branch_operator_decorator.py
[2022-06-08 09:04:52,100] {logging_mixin.py:115} INFO - [2022-06-08 09:04:52,099] {dag.py:2379} INFO - Sync 1 DAGs
[2022-06-08 09:04:52,117] {logging_mixin.py:115} INFO - [2022-06-08 09:04:52,117] {dag.py:2927} INFO - Setting next_dagrun for example_branch_python_operator_decorator to 2022-06-07T00:00:00+00:00, run_after=2022-06-08T00:00:00+00:00
[2022-06-08 09:04:52,133] {processor.py:161} INFO - Processing /home/james/airflowa/lib/python3.8/site-packages/airflow/example_dags/example_branch_operator_decorator.py took 0.068 seconds
[2022-06-08 09:05:56,829] {processor.py:153} INFO - Started process (PID=24509) to work on /home/james/airflowa/lib/python3.8/site-packages/airflow/example_dags/example_branch_operator_decorator.py
[2022-06-08 09:05:56,829] {processor.py:641} INFO - Processing file /home/james/airflowa/lib/python3.8/site-packages/airflow/example_dags/example_branch_operator_decorator.py for tasks to queue
[2022-06-08 09:05:56,830] {logging_mixin.py:115} INFO - [2022-06-08 09:05:56,830] {dagbag.py:507} INFO - Filling up the DagBag from /home/james/airflowa/lib/python3.8/site-packages/airflow/example_dags/example_branch_operator_decorator.py
[2022-06-08 09:05:56,858] {processor.py:651} INFO - DAG(s) dict_keys(['example_branch_python_operator_decorator']) retrieved from /home/james/airflowa/lib/python3.8/site-packages/airflow/example_dags/example_branch_operator_decorator.py
[2022-06-08 09:05:56,878] {logging_mixin.py:115} INFO - [2022-06-08 09:05:56,878] {dag.py:2379} INFO - Sync 1 DAGs
[2022-06-08 09:05:56,902] {logging_mixin.py:115} INFO - [2022-06-08 09:05:56,901] {dag.py:2927} INFO - Setting next_dagrun for example_branch_python_operator_decorator to 2022-06-07T00:00:00+00:00, run_after=2022-06-08T00:00:00+00:00
[2022-06-08 09:05:56,916] {processor.py:161} INFO - Processing /home/james/airflowa/lib/python3.8/site-packages/airflow/example_dags/example_branch_operator_decorator.py took 0.090 seconds
[2022-06-08 09:07:24,340] {processor.py:153} INFO - Started process (PID=25144) to work on /home/james/airflowa/lib/python3.8/site-packages/airflow/example_dags/example_branch_operator_decorator.py
[2022-06-08 09:07:24,341] {processor.py:641} INFO - Processing file /home/james/airflowa/lib/python3.8/site-packages/airflow/example_dags/example_branch_operator_decorator.py for tasks to queue
[2022-06-08 09:07:24,342] {logging_mixin.py:115} INFO - [2022-06-08 09:07:24,342] {dagbag.py:507} INFO - Filling up the DagBag from /home/james/airflowa/lib/python3.8/site-packages/airflow/example_dags/example_branch_operator_decorator.py
[2022-06-08 09:07:24,370] {processor.py:651} INFO - DAG(s) dict_keys(['example_branch_python_operator_decorator']) retrieved from /home/james/airflowa/lib/python3.8/site-packages/airflow/example_dags/example_branch_operator_decorator.py
[2022-06-08 09:07:24,395] {logging_mixin.py:115} INFO - [2022-06-08 09:07:24,395] {dag.py:2379} INFO - Sync 1 DAGs
[2022-06-08 09:07:24,425] {logging_mixin.py:115} INFO - [2022-06-08 09:07:24,425] {dag.py:2927} INFO - Setting next_dagrun for example_branch_python_operator_decorator to 2022-06-07T00:00:00+00:00, run_after=2022-06-08T00:00:00+00:00
[2022-06-08 09:07:24,443] {processor.py:161} INFO - Processing /home/james/airflowa/lib/python3.8/site-packages/airflow/example_dags/example_branch_operator_decorator.py took 0.107 seconds
[2022-06-08 09:08:57,665] {processor.py:153} INFO - Started process (PID=25735) to work on /home/james/airflowa/lib/python3.8/site-packages/airflow/example_dags/example_branch_operator_decorator.py
[2022-06-08 09:08:57,666] {processor.py:641} INFO - Processing file /home/james/airflowa/lib/python3.8/site-packages/airflow/example_dags/example_branch_operator_decorator.py for tasks to queue
[2022-06-08 09:08:57,666] {logging_mixin.py:115} INFO - [2022-06-08 09:08:57,666] {dagbag.py:507} INFO - Filling up the DagBag from /home/james/airflowa/lib/python3.8/site-packages/airflow/example_dags/example_branch_operator_decorator.py
[2022-06-08 09:08:57,691] {processor.py:651} INFO - DAG(s) dict_keys(['example_branch_python_operator_decorator']) retrieved from /home/james/airflowa/lib/python3.8/site-packages/airflow/example_dags/example_branch_operator_decorator.py
[2022-06-08 09:08:57,711] {logging_mixin.py:115} INFO - [2022-06-08 09:08:57,711] {dag.py:2379} INFO - Sync 1 DAGs
[2022-06-08 09:08:57,736] {logging_mixin.py:115} INFO - [2022-06-08 09:08:57,736] {dag.py:2927} INFO - Setting next_dagrun for example_branch_python_operator_decorator to 2022-06-07T00:00:00+00:00, run_after=2022-06-08T00:00:00+00:00
[2022-06-08 09:08:57,753] {processor.py:161} INFO - Processing /home/james/airflowa/lib/python3.8/site-packages/airflow/example_dags/example_branch_operator_decorator.py took 0.091 seconds
[2022-06-08 09:10:50,090] {processor.py:153} INFO - Started process (PID=26968) to work on /home/james/airflowa/lib/python3.8/site-packages/airflow/example_dags/example_branch_operator_decorator.py
[2022-06-08 09:10:50,091] {processor.py:641} INFO - Processing file /home/james/airflowa/lib/python3.8/site-packages/airflow/example_dags/example_branch_operator_decorator.py for tasks to queue
[2022-06-08 09:10:50,092] {logging_mixin.py:115} INFO - [2022-06-08 09:10:50,092] {dagbag.py:507} INFO - Filling up the DagBag from /home/james/airflowa/lib/python3.8/site-packages/airflow/example_dags/example_branch_operator_decorator.py
[2022-06-08 09:10:50,127] {processor.py:651} INFO - DAG(s) dict_keys(['example_branch_python_operator_decorator']) retrieved from /home/james/airflowa/lib/python3.8/site-packages/airflow/example_dags/example_branch_operator_decorator.py
[2022-06-08 09:10:50,158] {logging_mixin.py:115} INFO - [2022-06-08 09:10:50,157] {dag.py:2379} INFO - Sync 1 DAGs
[2022-06-08 09:10:50,194] {logging_mixin.py:115} INFO - [2022-06-08 09:10:50,194] {dag.py:2927} INFO - Setting next_dagrun for example_branch_python_operator_decorator to 2022-06-07T00:00:00+00:00, run_after=2022-06-08T00:00:00+00:00
[2022-06-08 09:10:50,215] {processor.py:161} INFO - Processing /home/james/airflowa/lib/python3.8/site-packages/airflow/example_dags/example_branch_operator_decorator.py took 0.130 seconds
[2022-06-08 09:13:49,419] {processor.py:153} INFO - Started process (PID=27863) to work on /home/james/airflowa/lib/python3.8/site-packages/airflow/example_dags/example_branch_operator_decorator.py
[2022-06-08 09:13:49,422] {processor.py:641} INFO - Processing file /home/james/airflowa/lib/python3.8/site-packages/airflow/example_dags/example_branch_operator_decorator.py for tasks to queue
[2022-06-08 09:13:49,423] {logging_mixin.py:115} INFO - [2022-06-08 09:13:49,423] {dagbag.py:507} INFO - Filling up the DagBag from /home/james/airflowa/lib/python3.8/site-packages/airflow/example_dags/example_branch_operator_decorator.py
[2022-06-08 09:13:49,467] {processor.py:651} INFO - DAG(s) dict_keys(['example_branch_python_operator_decorator']) retrieved from /home/james/airflowa/lib/python3.8/site-packages/airflow/example_dags/example_branch_operator_decorator.py
[2022-06-08 09:13:49,503] {logging_mixin.py:115} INFO - [2022-06-08 09:13:49,503] {dag.py:2379} INFO - Sync 1 DAGs
[2022-06-08 09:13:49,555] {logging_mixin.py:115} INFO - [2022-06-08 09:13:49,555] {dag.py:2927} INFO - Setting next_dagrun for example_branch_python_operator_decorator to 2022-06-07T00:00:00+00:00, run_after=2022-06-08T00:00:00+00:00
[2022-06-08 09:13:49,581] {processor.py:161} INFO - Processing /home/james/airflowa/lib/python3.8/site-packages/airflow/example_dags/example_branch_operator_decorator.py took 0.168 seconds
[2022-06-08 09:17:21,206] {processor.py:153} INFO - Started process (PID=29971) to work on /home/james/airflowa/lib/python3.8/site-packages/airflow/example_dags/example_branch_operator_decorator.py
[2022-06-08 09:17:21,207] {processor.py:641} INFO - Processing file /home/james/airflowa/lib/python3.8/site-packages/airflow/example_dags/example_branch_operator_decorator.py for tasks to queue
[2022-06-08 09:17:21,207] {logging_mixin.py:115} INFO - [2022-06-08 09:17:21,207] {dagbag.py:507} INFO - Filling up the DagBag from /home/james/airflowa/lib/python3.8/site-packages/airflow/example_dags/example_branch_operator_decorator.py
[2022-06-08 09:17:21,235] {processor.py:651} INFO - DAG(s) dict_keys(['example_branch_python_operator_decorator']) retrieved from /home/james/airflowa/lib/python3.8/site-packages/airflow/example_dags/example_branch_operator_decorator.py
[2022-06-08 09:17:21,266] {logging_mixin.py:115} INFO - [2022-06-08 09:17:21,266] {dag.py:2379} INFO - Sync 1 DAGs
[2022-06-08 09:17:21,307] {logging_mixin.py:115} INFO - [2022-06-08 09:17:21,306] {dag.py:2927} INFO - Setting next_dagrun for example_branch_python_operator_decorator to 2022-06-07T00:00:00+00:00, run_after=2022-06-08T00:00:00+00:00
[2022-06-08 09:17:21,331] {processor.py:161} INFO - Processing /home/james/airflowa/lib/python3.8/site-packages/airflow/example_dags/example_branch_operator_decorator.py took 0.129 seconds
[2022-06-08 09:21:26,618] {processor.py:153} INFO - Started process (PID=32403) to work on /home/james/airflowa/lib/python3.8/site-packages/airflow/example_dags/example_branch_operator_decorator.py
[2022-06-08 09:21:26,622] {processor.py:641} INFO - Processing file /home/james/airflowa/lib/python3.8/site-packages/airflow/example_dags/example_branch_operator_decorator.py for tasks to queue
[2022-06-08 09:21:26,623] {logging_mixin.py:115} INFO - [2022-06-08 09:21:26,623] {dagbag.py:507} INFO - Filling up the DagBag from /home/james/airflowa/lib/python3.8/site-packages/airflow/example_dags/example_branch_operator_decorator.py
[2022-06-08 09:21:26,731] {processor.py:651} INFO - DAG(s) dict_keys(['example_branch_python_operator_decorator']) retrieved from /home/james/airflowa/lib/python3.8/site-packages/airflow/example_dags/example_branch_operator_decorator.py
[2022-06-08 09:21:26,778] {logging_mixin.py:115} INFO - [2022-06-08 09:21:26,777] {dag.py:2379} INFO - Sync 1 DAGs
[2022-06-08 09:21:26,839] {logging_mixin.py:115} INFO - [2022-06-08 09:21:26,839] {dag.py:2927} INFO - Setting next_dagrun for example_branch_python_operator_decorator to 2022-06-07T00:00:00+00:00, run_after=2022-06-08T00:00:00+00:00
[2022-06-08 09:21:26,889] {processor.py:161} INFO - Processing /home/james/airflowa/lib/python3.8/site-packages/airflow/example_dags/example_branch_operator_decorator.py took 0.289 seconds
[2022-06-08 09:25:34,299] {processor.py:153} INFO - Started process (PID=33996) to work on /home/james/airflowa/lib/python3.8/site-packages/airflow/example_dags/example_branch_operator_decorator.py
[2022-06-08 09:25:34,300] {processor.py:641} INFO - Processing file /home/james/airflowa/lib/python3.8/site-packages/airflow/example_dags/example_branch_operator_decorator.py for tasks to queue
[2022-06-08 09:25:34,302] {logging_mixin.py:115} INFO - [2022-06-08 09:25:34,301] {dagbag.py:507} INFO - Filling up the DagBag from /home/james/airflowa/lib/python3.8/site-packages/airflow/example_dags/example_branch_operator_decorator.py
[2022-06-08 09:25:34,360] {processor.py:651} INFO - DAG(s) dict_keys(['example_branch_python_operator_decorator']) retrieved from /home/james/airflowa/lib/python3.8/site-packages/airflow/example_dags/example_branch_operator_decorator.py
[2022-06-08 09:25:34,407] {logging_mixin.py:115} INFO - [2022-06-08 09:25:34,406] {dag.py:2379} INFO - Sync 1 DAGs
[2022-06-08 09:25:34,462] {logging_mixin.py:115} INFO - [2022-06-08 09:25:34,462] {dag.py:2927} INFO - Setting next_dagrun for example_branch_python_operator_decorator to 2022-06-07T00:00:00+00:00, run_after=2022-06-08T00:00:00+00:00
[2022-06-08 09:25:34,502] {processor.py:161} INFO - Processing /home/james/airflowa/lib/python3.8/site-packages/airflow/example_dags/example_branch_operator_decorator.py took 0.209 seconds
[2022-06-08 11:27:58,587] {processor.py:153} INFO - Started process (PID=76636) to work on /home/james/airflowa/lib/python3.8/site-packages/airflow/example_dags/example_branch_operator_decorator.py
[2022-06-08 11:27:58,587] {processor.py:641} INFO - Processing file /home/james/airflowa/lib/python3.8/site-packages/airflow/example_dags/example_branch_operator_decorator.py for tasks to queue
[2022-06-08 11:27:58,588] {logging_mixin.py:115} INFO - [2022-06-08 11:27:58,588] {dagbag.py:507} INFO - Filling up the DagBag from /home/james/airflowa/lib/python3.8/site-packages/airflow/example_dags/example_branch_operator_decorator.py
[2022-06-08 11:27:58,605] {processor.py:651} INFO - DAG(s) dict_keys(['example_branch_python_operator_decorator']) retrieved from /home/james/airflowa/lib/python3.8/site-packages/airflow/example_dags/example_branch_operator_decorator.py
[2022-06-08 11:27:58,617] {logging_mixin.py:115} INFO - [2022-06-08 11:27:58,617] {dag.py:2379} INFO - Sync 1 DAGs
[2022-06-08 11:27:58,634] {logging_mixin.py:115} INFO - [2022-06-08 11:27:58,634] {dag.py:2927} INFO - Setting next_dagrun for example_branch_python_operator_decorator to 2022-06-07T00:00:00+00:00, run_after=2022-06-08T00:00:00+00:00
[2022-06-08 11:27:58,647] {processor.py:161} INFO - Processing /home/james/airflowa/lib/python3.8/site-packages/airflow/example_dags/example_branch_operator_decorator.py took 0.063 seconds
[2022-06-08 11:28:42,710] {processor.py:153} INFO - Started process (PID=76945) to work on /home/james/airflowa/lib/python3.8/site-packages/airflow/example_dags/example_branch_operator_decorator.py
[2022-06-08 11:28:42,711] {processor.py:641} INFO - Processing file /home/james/airflowa/lib/python3.8/site-packages/airflow/example_dags/example_branch_operator_decorator.py for tasks to queue
[2022-06-08 11:28:42,711] {logging_mixin.py:115} INFO - [2022-06-08 11:28:42,711] {dagbag.py:507} INFO - Filling up the DagBag from /home/james/airflowa/lib/python3.8/site-packages/airflow/example_dags/example_branch_operator_decorator.py
[2022-06-08 11:28:42,727] {processor.py:651} INFO - DAG(s) dict_keys(['example_branch_python_operator_decorator']) retrieved from /home/james/airflowa/lib/python3.8/site-packages/airflow/example_dags/example_branch_operator_decorator.py
[2022-06-08 11:28:42,740] {logging_mixin.py:115} INFO - [2022-06-08 11:28:42,740] {dag.py:2379} INFO - Sync 1 DAGs
[2022-06-08 11:28:42,763] {logging_mixin.py:115} INFO - [2022-06-08 11:28:42,763] {dag.py:2927} INFO - Setting next_dagrun for example_branch_python_operator_decorator to 2022-06-07T00:00:00+00:00, run_after=2022-06-08T00:00:00+00:00
[2022-06-08 11:28:42,776] {processor.py:161} INFO - Processing /home/james/airflowa/lib/python3.8/site-packages/airflow/example_dags/example_branch_operator_decorator.py took 0.068 seconds
[2022-06-08 11:29:21,630] {processor.py:153} INFO - Started process (PID=77278) to work on /home/james/airflowa/lib/python3.8/site-packages/airflow/example_dags/example_branch_operator_decorator.py
[2022-06-08 11:29:21,630] {processor.py:641} INFO - Processing file /home/james/airflowa/lib/python3.8/site-packages/airflow/example_dags/example_branch_operator_decorator.py for tasks to queue
[2022-06-08 11:29:21,631] {logging_mixin.py:115} INFO - [2022-06-08 11:29:21,631] {dagbag.py:507} INFO - Filling up the DagBag from /home/james/airflowa/lib/python3.8/site-packages/airflow/example_dags/example_branch_operator_decorator.py
[2022-06-08 11:29:21,646] {processor.py:651} INFO - DAG(s) dict_keys(['example_branch_python_operator_decorator']) retrieved from /home/james/airflowa/lib/python3.8/site-packages/airflow/example_dags/example_branch_operator_decorator.py
[2022-06-08 11:29:21,659] {logging_mixin.py:115} INFO - [2022-06-08 11:29:21,659] {dag.py:2379} INFO - Sync 1 DAGs
[2022-06-08 11:29:21,674] {logging_mixin.py:115} INFO - [2022-06-08 11:29:21,674] {dag.py:2927} INFO - Setting next_dagrun for example_branch_python_operator_decorator to 2022-06-07T00:00:00+00:00, run_after=2022-06-08T00:00:00+00:00
[2022-06-08 11:29:21,685] {processor.py:161} INFO - Processing /home/james/airflowa/lib/python3.8/site-packages/airflow/example_dags/example_branch_operator_decorator.py took 0.058 seconds
[2022-06-08 11:30:15,610] {processor.py:153} INFO - Started process (PID=78096) to work on /home/james/airflowa/lib/python3.8/site-packages/airflow/example_dags/example_branch_operator_decorator.py
[2022-06-08 11:30:15,611] {processor.py:641} INFO - Processing file /home/james/airflowa/lib/python3.8/site-packages/airflow/example_dags/example_branch_operator_decorator.py for tasks to queue
[2022-06-08 11:30:15,612] {logging_mixin.py:115} INFO - [2022-06-08 11:30:15,612] {dagbag.py:507} INFO - Filling up the DagBag from /home/james/airflowa/lib/python3.8/site-packages/airflow/example_dags/example_branch_operator_decorator.py
[2022-06-08 11:30:15,642] {processor.py:651} INFO - DAG(s) dict_keys(['example_branch_python_operator_decorator']) retrieved from /home/james/airflowa/lib/python3.8/site-packages/airflow/example_dags/example_branch_operator_decorator.py
[2022-06-08 11:30:15,664] {logging_mixin.py:115} INFO - [2022-06-08 11:30:15,664] {dag.py:2379} INFO - Sync 1 DAGs
[2022-06-08 11:30:15,693] {logging_mixin.py:115} INFO - [2022-06-08 11:30:15,693] {dag.py:2927} INFO - Setting next_dagrun for example_branch_python_operator_decorator to 2022-06-07T00:00:00+00:00, run_after=2022-06-08T00:00:00+00:00
[2022-06-08 11:30:15,712] {processor.py:161} INFO - Processing /home/james/airflowa/lib/python3.8/site-packages/airflow/example_dags/example_branch_operator_decorator.py took 0.105 seconds
[2022-06-08 11:31:41,630] {processor.py:153} INFO - Started process (PID=78651) to work on /home/james/airflowa/lib/python3.8/site-packages/airflow/example_dags/example_branch_operator_decorator.py
[2022-06-08 11:31:41,631] {processor.py:641} INFO - Processing file /home/james/airflowa/lib/python3.8/site-packages/airflow/example_dags/example_branch_operator_decorator.py for tasks to queue
[2022-06-08 11:31:41,632] {logging_mixin.py:115} INFO - [2022-06-08 11:31:41,632] {dagbag.py:507} INFO - Filling up the DagBag from /home/james/airflowa/lib/python3.8/site-packages/airflow/example_dags/example_branch_operator_decorator.py
[2022-06-08 11:31:41,674] {processor.py:651} INFO - DAG(s) dict_keys(['example_branch_python_operator_decorator']) retrieved from /home/james/airflowa/lib/python3.8/site-packages/airflow/example_dags/example_branch_operator_decorator.py
[2022-06-08 11:31:41,711] {logging_mixin.py:115} INFO - [2022-06-08 11:31:41,710] {dag.py:2379} INFO - Sync 1 DAGs
[2022-06-08 11:31:41,775] {logging_mixin.py:115} INFO - [2022-06-08 11:31:41,774] {dag.py:2927} INFO - Setting next_dagrun for example_branch_python_operator_decorator to 2022-06-07T00:00:00+00:00, run_after=2022-06-08T00:00:00+00:00
[2022-06-08 11:31:41,823] {processor.py:161} INFO - Processing /home/james/airflowa/lib/python3.8/site-packages/airflow/example_dags/example_branch_operator_decorator.py took 0.199 seconds
[2022-06-08 11:32:30,118] {processor.py:153} INFO - Started process (PID=78910) to work on /home/james/airflowa/lib/python3.8/site-packages/airflow/example_dags/example_branch_operator_decorator.py
[2022-06-08 11:32:30,122] {processor.py:641} INFO - Processing file /home/james/airflowa/lib/python3.8/site-packages/airflow/example_dags/example_branch_operator_decorator.py for tasks to queue
[2022-06-08 11:32:30,124] {logging_mixin.py:115} INFO - [2022-06-08 11:32:30,124] {dagbag.py:507} INFO - Filling up the DagBag from /home/james/airflowa/lib/python3.8/site-packages/airflow/example_dags/example_branch_operator_decorator.py
[2022-06-08 11:32:30,179] {processor.py:651} INFO - DAG(s) dict_keys(['example_branch_python_operator_decorator']) retrieved from /home/james/airflowa/lib/python3.8/site-packages/airflow/example_dags/example_branch_operator_decorator.py
[2022-06-08 11:32:30,222] {logging_mixin.py:115} INFO - [2022-06-08 11:32:30,221] {dag.py:2379} INFO - Sync 1 DAGs
[2022-06-08 11:32:30,297] {logging_mixin.py:115} INFO - [2022-06-08 11:32:30,296] {dag.py:2927} INFO - Setting next_dagrun for example_branch_python_operator_decorator to 2022-06-07T00:00:00+00:00, run_after=2022-06-08T00:00:00+00:00
[2022-06-08 11:32:30,331] {processor.py:161} INFO - Processing /home/james/airflowa/lib/python3.8/site-packages/airflow/example_dags/example_branch_operator_decorator.py took 0.228 seconds
[2022-06-08 11:33:19,879] {processor.py:153} INFO - Started process (PID=79210) to work on /home/james/airflowa/lib/python3.8/site-packages/airflow/example_dags/example_branch_operator_decorator.py
[2022-06-08 11:33:19,880] {processor.py:641} INFO - Processing file /home/james/airflowa/lib/python3.8/site-packages/airflow/example_dags/example_branch_operator_decorator.py for tasks to queue
[2022-06-08 11:33:19,882] {logging_mixin.py:115} INFO - [2022-06-08 11:33:19,881] {dagbag.py:507} INFO - Filling up the DagBag from /home/james/airflowa/lib/python3.8/site-packages/airflow/example_dags/example_branch_operator_decorator.py
[2022-06-08 11:33:19,954] {processor.py:651} INFO - DAG(s) dict_keys(['example_branch_python_operator_decorator']) retrieved from /home/james/airflowa/lib/python3.8/site-packages/airflow/example_dags/example_branch_operator_decorator.py
[2022-06-08 11:33:19,989] {logging_mixin.py:115} INFO - [2022-06-08 11:33:19,989] {dag.py:2379} INFO - Sync 1 DAGs
[2022-06-08 11:33:20,037] {logging_mixin.py:115} INFO - [2022-06-08 11:33:20,037] {dag.py:2927} INFO - Setting next_dagrun for example_branch_python_operator_decorator to 2022-06-07T00:00:00+00:00, run_after=2022-06-08T00:00:00+00:00
[2022-06-08 11:33:20,122] {processor.py:161} INFO - Processing /home/james/airflowa/lib/python3.8/site-packages/airflow/example_dags/example_branch_operator_decorator.py took 0.250 seconds
[2022-06-08 11:34:08,759] {processor.py:153} INFO - Started process (PID=79635) to work on /home/james/airflowa/lib/python3.8/site-packages/airflow/example_dags/example_branch_operator_decorator.py
[2022-06-08 11:34:08,760] {processor.py:641} INFO - Processing file /home/james/airflowa/lib/python3.8/site-packages/airflow/example_dags/example_branch_operator_decorator.py for tasks to queue
[2022-06-08 11:34:08,760] {logging_mixin.py:115} INFO - [2022-06-08 11:34:08,760] {dagbag.py:507} INFO - Filling up the DagBag from /home/james/airflowa/lib/python3.8/site-packages/airflow/example_dags/example_branch_operator_decorator.py
[2022-06-08 11:34:08,785] {processor.py:651} INFO - DAG(s) dict_keys(['example_branch_python_operator_decorator']) retrieved from /home/james/airflowa/lib/python3.8/site-packages/airflow/example_dags/example_branch_operator_decorator.py
[2022-06-08 11:34:08,813] {logging_mixin.py:115} INFO - [2022-06-08 11:34:08,813] {dag.py:2379} INFO - Sync 1 DAGs
[2022-06-08 11:34:08,843] {logging_mixin.py:115} INFO - [2022-06-08 11:34:08,843] {dag.py:2927} INFO - Setting next_dagrun for example_branch_python_operator_decorator to 2022-06-07T00:00:00+00:00, run_after=2022-06-08T00:00:00+00:00
[2022-06-08 11:34:08,860] {processor.py:161} INFO - Processing /home/james/airflowa/lib/python3.8/site-packages/airflow/example_dags/example_branch_operator_decorator.py took 0.105 seconds
[2022-06-08 11:34:56,494] {processor.py:153} INFO - Started process (PID=80099) to work on /home/james/airflowa/lib/python3.8/site-packages/airflow/example_dags/example_branch_operator_decorator.py
[2022-06-08 11:34:56,495] {processor.py:641} INFO - Processing file /home/james/airflowa/lib/python3.8/site-packages/airflow/example_dags/example_branch_operator_decorator.py for tasks to queue
[2022-06-08 11:34:56,496] {logging_mixin.py:115} INFO - [2022-06-08 11:34:56,496] {dagbag.py:507} INFO - Filling up the DagBag from /home/james/airflowa/lib/python3.8/site-packages/airflow/example_dags/example_branch_operator_decorator.py
[2022-06-08 11:34:56,511] {processor.py:651} INFO - DAG(s) dict_keys(['example_branch_python_operator_decorator']) retrieved from /home/james/airflowa/lib/python3.8/site-packages/airflow/example_dags/example_branch_operator_decorator.py
[2022-06-08 11:34:56,525] {logging_mixin.py:115} INFO - [2022-06-08 11:34:56,525] {dag.py:2379} INFO - Sync 1 DAGs
[2022-06-08 11:34:56,541] {logging_mixin.py:115} INFO - [2022-06-08 11:34:56,541] {dag.py:2927} INFO - Setting next_dagrun for example_branch_python_operator_decorator to 2022-06-07T00:00:00+00:00, run_after=2022-06-08T00:00:00+00:00
[2022-06-08 11:34:56,553] {processor.py:161} INFO - Processing /home/james/airflowa/lib/python3.8/site-packages/airflow/example_dags/example_branch_operator_decorator.py took 0.060 seconds
[2022-06-08 12:22:03,928] {processor.py:153} INFO - Started process (PID=104795) to work on /home/james/airflowa/lib/python3.8/site-packages/airflow/example_dags/example_branch_operator_decorator.py
[2022-06-08 12:22:03,929] {processor.py:641} INFO - Processing file /home/james/airflowa/lib/python3.8/site-packages/airflow/example_dags/example_branch_operator_decorator.py for tasks to queue
[2022-06-08 12:22:03,930] {logging_mixin.py:115} INFO - [2022-06-08 12:22:03,930] {dagbag.py:507} INFO - Filling up the DagBag from /home/james/airflowa/lib/python3.8/site-packages/airflow/example_dags/example_branch_operator_decorator.py
[2022-06-08 12:22:03,960] {processor.py:651} INFO - DAG(s) dict_keys(['example_branch_python_operator_decorator']) retrieved from /home/james/airflowa/lib/python3.8/site-packages/airflow/example_dags/example_branch_operator_decorator.py
[2022-06-08 12:22:03,987] {logging_mixin.py:115} INFO - [2022-06-08 12:22:03,987] {dag.py:2379} INFO - Sync 1 DAGs
[2022-06-08 12:22:04,027] {logging_mixin.py:115} INFO - [2022-06-08 12:22:04,027] {dag.py:2927} INFO - Setting next_dagrun for example_branch_python_operator_decorator to 2022-06-07T00:00:00+00:00, run_after=2022-06-08T00:00:00+00:00
[2022-06-08 12:22:04,052] {processor.py:161} INFO - Processing /home/james/airflowa/lib/python3.8/site-packages/airflow/example_dags/example_branch_operator_decorator.py took 0.127 seconds
[2022-06-08 12:22:57,698] {processor.py:153} INFO - Started process (PID=105181) to work on /home/james/airflowa/lib/python3.8/site-packages/airflow/example_dags/example_branch_operator_decorator.py
[2022-06-08 12:22:57,699] {processor.py:641} INFO - Processing file /home/james/airflowa/lib/python3.8/site-packages/airflow/example_dags/example_branch_operator_decorator.py for tasks to queue
[2022-06-08 12:22:57,700] {logging_mixin.py:115} INFO - [2022-06-08 12:22:57,700] {dagbag.py:507} INFO - Filling up the DagBag from /home/james/airflowa/lib/python3.8/site-packages/airflow/example_dags/example_branch_operator_decorator.py
[2022-06-08 12:22:57,726] {processor.py:651} INFO - DAG(s) dict_keys(['example_branch_python_operator_decorator']) retrieved from /home/james/airflowa/lib/python3.8/site-packages/airflow/example_dags/example_branch_operator_decorator.py
[2022-06-08 12:22:57,746] {logging_mixin.py:115} INFO - [2022-06-08 12:22:57,746] {dag.py:2379} INFO - Sync 1 DAGs
[2022-06-08 12:22:57,773] {logging_mixin.py:115} INFO - [2022-06-08 12:22:57,773] {dag.py:2927} INFO - Setting next_dagrun for example_branch_python_operator_decorator to 2022-06-07T00:00:00+00:00, run_after=2022-06-08T00:00:00+00:00
[2022-06-08 12:22:57,789] {processor.py:161} INFO - Processing /home/james/airflowa/lib/python3.8/site-packages/airflow/example_dags/example_branch_operator_decorator.py took 0.094 seconds
[2022-06-08 12:38:11,655] {processor.py:153} INFO - Started process (PID=114427) to work on /home/james/airflowa/lib/python3.8/site-packages/airflow/example_dags/example_branch_operator_decorator.py
[2022-06-08 12:38:11,660] {processor.py:641} INFO - Processing file /home/james/airflowa/lib/python3.8/site-packages/airflow/example_dags/example_branch_operator_decorator.py for tasks to queue
[2022-06-08 12:38:11,661] {logging_mixin.py:115} INFO - [2022-06-08 12:38:11,661] {dagbag.py:507} INFO - Filling up the DagBag from /home/james/airflowa/lib/python3.8/site-packages/airflow/example_dags/example_branch_operator_decorator.py
[2022-06-08 12:38:11,752] {processor.py:651} INFO - DAG(s) dict_keys(['example_branch_python_operator_decorator']) retrieved from /home/james/airflowa/lib/python3.8/site-packages/airflow/example_dags/example_branch_operator_decorator.py
[2022-06-08 12:38:11,799] {logging_mixin.py:115} INFO - [2022-06-08 12:38:11,793] {dag.py:2379} INFO - Sync 1 DAGs
[2022-06-08 12:38:11,853] {logging_mixin.py:115} INFO - [2022-06-08 12:38:11,853] {dag.py:2927} INFO - Setting next_dagrun for example_branch_python_operator_decorator to 2022-06-07T00:00:00+00:00, run_after=2022-06-08T00:00:00+00:00
[2022-06-08 12:38:11,885] {processor.py:161} INFO - Processing /home/james/airflowa/lib/python3.8/site-packages/airflow/example_dags/example_branch_operator_decorator.py took 0.236 seconds
[2022-06-08 12:39:43,842] {processor.py:153} INFO - Started process (PID=115770) to work on /home/james/airflowa/lib/python3.8/site-packages/airflow/example_dags/example_branch_operator_decorator.py
[2022-06-08 12:39:43,843] {processor.py:641} INFO - Processing file /home/james/airflowa/lib/python3.8/site-packages/airflow/example_dags/example_branch_operator_decorator.py for tasks to queue
[2022-06-08 12:39:43,845] {logging_mixin.py:115} INFO - [2022-06-08 12:39:43,844] {dagbag.py:507} INFO - Filling up the DagBag from /home/james/airflowa/lib/python3.8/site-packages/airflow/example_dags/example_branch_operator_decorator.py
[2022-06-08 12:39:43,894] {processor.py:651} INFO - DAG(s) dict_keys(['example_branch_python_operator_decorator']) retrieved from /home/james/airflowa/lib/python3.8/site-packages/airflow/example_dags/example_branch_operator_decorator.py
[2022-06-08 12:39:43,927] {logging_mixin.py:115} INFO - [2022-06-08 12:39:43,927] {dag.py:2379} INFO - Sync 1 DAGs
[2022-06-08 12:39:43,960] {logging_mixin.py:115} INFO - [2022-06-08 12:39:43,960] {dag.py:2927} INFO - Setting next_dagrun for example_branch_python_operator_decorator to 2022-06-07T00:00:00+00:00, run_after=2022-06-08T00:00:00+00:00
[2022-06-08 12:39:43,981] {processor.py:161} INFO - Processing /home/james/airflowa/lib/python3.8/site-packages/airflow/example_dags/example_branch_operator_decorator.py took 0.145 seconds
[2022-06-08 12:41:09,239] {processor.py:153} INFO - Started process (PID=116725) to work on /home/james/airflowa/lib/python3.8/site-packages/airflow/example_dags/example_branch_operator_decorator.py
[2022-06-08 12:41:09,240] {processor.py:641} INFO - Processing file /home/james/airflowa/lib/python3.8/site-packages/airflow/example_dags/example_branch_operator_decorator.py for tasks to queue
[2022-06-08 12:41:09,242] {logging_mixin.py:115} INFO - [2022-06-08 12:41:09,241] {dagbag.py:507} INFO - Filling up the DagBag from /home/james/airflowa/lib/python3.8/site-packages/airflow/example_dags/example_branch_operator_decorator.py
[2022-06-08 12:41:09,280] {processor.py:651} INFO - DAG(s) dict_keys(['example_branch_python_operator_decorator']) retrieved from /home/james/airflowa/lib/python3.8/site-packages/airflow/example_dags/example_branch_operator_decorator.py
[2022-06-08 12:41:09,300] {logging_mixin.py:115} INFO - [2022-06-08 12:41:09,300] {dag.py:2379} INFO - Sync 1 DAGs
[2022-06-08 12:41:09,324] {logging_mixin.py:115} INFO - [2022-06-08 12:41:09,324] {dag.py:2927} INFO - Setting next_dagrun for example_branch_python_operator_decorator to 2022-06-07T00:00:00+00:00, run_after=2022-06-08T00:00:00+00:00
[2022-06-08 12:41:09,341] {processor.py:161} INFO - Processing /home/james/airflowa/lib/python3.8/site-packages/airflow/example_dags/example_branch_operator_decorator.py took 0.106 seconds
[2022-06-08 12:45:08,986] {processor.py:153} INFO - Started process (PID=118123) to work on /home/james/airflowa/lib/python3.8/site-packages/airflow/example_dags/example_branch_operator_decorator.py
[2022-06-08 12:45:08,987] {processor.py:641} INFO - Processing file /home/james/airflowa/lib/python3.8/site-packages/airflow/example_dags/example_branch_operator_decorator.py for tasks to queue
[2022-06-08 12:45:08,988] {logging_mixin.py:115} INFO - [2022-06-08 12:45:08,987] {dagbag.py:507} INFO - Filling up the DagBag from /home/james/airflowa/lib/python3.8/site-packages/airflow/example_dags/example_branch_operator_decorator.py
[2022-06-08 12:45:09,018] {processor.py:651} INFO - DAG(s) dict_keys(['example_branch_python_operator_decorator']) retrieved from /home/james/airflowa/lib/python3.8/site-packages/airflow/example_dags/example_branch_operator_decorator.py
[2022-06-08 12:45:09,040] {logging_mixin.py:115} INFO - [2022-06-08 12:45:09,040] {dag.py:2379} INFO - Sync 1 DAGs
[2022-06-08 12:45:09,061] {logging_mixin.py:115} INFO - [2022-06-08 12:45:09,061] {dag.py:2927} INFO - Setting next_dagrun for example_branch_python_operator_decorator to 2022-06-07T00:00:00+00:00, run_after=2022-06-08T00:00:00+00:00
[2022-06-08 12:45:09,078] {processor.py:161} INFO - Processing /home/james/airflowa/lib/python3.8/site-packages/airflow/example_dags/example_branch_operator_decorator.py took 0.096 seconds
[2022-06-08 12:46:05,063] {processor.py:153} INFO - Started process (PID=118449) to work on /home/james/airflowa/lib/python3.8/site-packages/airflow/example_dags/example_branch_operator_decorator.py
[2022-06-08 12:46:05,064] {processor.py:641} INFO - Processing file /home/james/airflowa/lib/python3.8/site-packages/airflow/example_dags/example_branch_operator_decorator.py for tasks to queue
[2022-06-08 12:46:05,065] {logging_mixin.py:115} INFO - [2022-06-08 12:46:05,064] {dagbag.py:507} INFO - Filling up the DagBag from /home/james/airflowa/lib/python3.8/site-packages/airflow/example_dags/example_branch_operator_decorator.py
[2022-06-08 12:46:05,087] {processor.py:651} INFO - DAG(s) dict_keys(['example_branch_python_operator_decorator']) retrieved from /home/james/airflowa/lib/python3.8/site-packages/airflow/example_dags/example_branch_operator_decorator.py
[2022-06-08 12:46:05,101] {logging_mixin.py:115} INFO - [2022-06-08 12:46:05,101] {dag.py:2379} INFO - Sync 1 DAGs
[2022-06-08 12:46:05,115] {logging_mixin.py:115} INFO - [2022-06-08 12:46:05,115] {dag.py:2927} INFO - Setting next_dagrun for example_branch_python_operator_decorator to 2022-06-07T00:00:00+00:00, run_after=2022-06-08T00:00:00+00:00
[2022-06-08 12:46:05,129] {processor.py:161} INFO - Processing /home/james/airflowa/lib/python3.8/site-packages/airflow/example_dags/example_branch_operator_decorator.py took 0.070 seconds
[2022-06-08 12:47:19,411] {processor.py:153} INFO - Started process (PID=119353) to work on /home/james/airflowa/lib/python3.8/site-packages/airflow/example_dags/example_branch_operator_decorator.py
[2022-06-08 12:47:19,413] {processor.py:641} INFO - Processing file /home/james/airflowa/lib/python3.8/site-packages/airflow/example_dags/example_branch_operator_decorator.py for tasks to queue
[2022-06-08 12:47:19,413] {logging_mixin.py:115} INFO - [2022-06-08 12:47:19,413] {dagbag.py:507} INFO - Filling up the DagBag from /home/james/airflowa/lib/python3.8/site-packages/airflow/example_dags/example_branch_operator_decorator.py
[2022-06-08 12:47:19,453] {processor.py:651} INFO - DAG(s) dict_keys(['example_branch_python_operator_decorator']) retrieved from /home/james/airflowa/lib/python3.8/site-packages/airflow/example_dags/example_branch_operator_decorator.py
[2022-06-08 12:47:19,478] {logging_mixin.py:115} INFO - [2022-06-08 12:47:19,478] {dag.py:2379} INFO - Sync 1 DAGs
[2022-06-08 12:47:19,500] {logging_mixin.py:115} INFO - [2022-06-08 12:47:19,500] {dag.py:2927} INFO - Setting next_dagrun for example_branch_python_operator_decorator to 2022-06-07T00:00:00+00:00, run_after=2022-06-08T00:00:00+00:00
[2022-06-08 12:47:19,517] {processor.py:161} INFO - Processing /home/james/airflowa/lib/python3.8/site-packages/airflow/example_dags/example_branch_operator_decorator.py took 0.109 seconds
[2022-06-08 12:48:44,157] {processor.py:153} INFO - Started process (PID=119923) to work on /home/james/airflowa/lib/python3.8/site-packages/airflow/example_dags/example_branch_operator_decorator.py
[2022-06-08 12:48:44,159] {processor.py:641} INFO - Processing file /home/james/airflowa/lib/python3.8/site-packages/airflow/example_dags/example_branch_operator_decorator.py for tasks to queue
[2022-06-08 12:48:44,160] {logging_mixin.py:115} INFO - [2022-06-08 12:48:44,159] {dagbag.py:507} INFO - Filling up the DagBag from /home/james/airflowa/lib/python3.8/site-packages/airflow/example_dags/example_branch_operator_decorator.py
[2022-06-08 12:48:44,190] {processor.py:651} INFO - DAG(s) dict_keys(['example_branch_python_operator_decorator']) retrieved from /home/james/airflowa/lib/python3.8/site-packages/airflow/example_dags/example_branch_operator_decorator.py
[2022-06-08 12:48:44,216] {logging_mixin.py:115} INFO - [2022-06-08 12:48:44,216] {dag.py:2379} INFO - Sync 1 DAGs
[2022-06-08 12:48:44,236] {logging_mixin.py:115} INFO - [2022-06-08 12:48:44,236] {dag.py:2927} INFO - Setting next_dagrun for example_branch_python_operator_decorator to 2022-06-07T00:00:00+00:00, run_after=2022-06-08T00:00:00+00:00
[2022-06-08 12:48:44,252] {processor.py:161} INFO - Processing /home/james/airflowa/lib/python3.8/site-packages/airflow/example_dags/example_branch_operator_decorator.py took 0.099 seconds
[2022-06-08 12:51:15,331] {processor.py:153} INFO - Started process (PID=121068) to work on /home/james/airflowa/lib/python3.8/site-packages/airflow/example_dags/example_branch_operator_decorator.py
[2022-06-08 12:51:15,332] {processor.py:641} INFO - Processing file /home/james/airflowa/lib/python3.8/site-packages/airflow/example_dags/example_branch_operator_decorator.py for tasks to queue
[2022-06-08 12:51:15,333] {logging_mixin.py:115} INFO - [2022-06-08 12:51:15,333] {dagbag.py:507} INFO - Filling up the DagBag from /home/james/airflowa/lib/python3.8/site-packages/airflow/example_dags/example_branch_operator_decorator.py
[2022-06-08 12:51:15,375] {processor.py:651} INFO - DAG(s) dict_keys(['example_branch_python_operator_decorator']) retrieved from /home/james/airflowa/lib/python3.8/site-packages/airflow/example_dags/example_branch_operator_decorator.py
[2022-06-08 12:51:15,407] {logging_mixin.py:115} INFO - [2022-06-08 12:51:15,407] {dag.py:2379} INFO - Sync 1 DAGs
[2022-06-08 12:51:15,450] {logging_mixin.py:115} INFO - [2022-06-08 12:51:15,450] {dag.py:2927} INFO - Setting next_dagrun for example_branch_python_operator_decorator to 2022-06-07T00:00:00+00:00, run_after=2022-06-08T00:00:00+00:00
[2022-06-08 12:51:15,474] {processor.py:161} INFO - Processing /home/james/airflowa/lib/python3.8/site-packages/airflow/example_dags/example_branch_operator_decorator.py took 0.150 seconds
[2022-06-08 12:53:31,582] {processor.py:153} INFO - Started process (PID=121843) to work on /home/james/airflowa/lib/python3.8/site-packages/airflow/example_dags/example_branch_operator_decorator.py
[2022-06-08 12:53:31,589] {processor.py:641} INFO - Processing file /home/james/airflowa/lib/python3.8/site-packages/airflow/example_dags/example_branch_operator_decorator.py for tasks to queue
[2022-06-08 12:53:31,593] {logging_mixin.py:115} INFO - [2022-06-08 12:53:31,591] {dagbag.py:507} INFO - Filling up the DagBag from /home/james/airflowa/lib/python3.8/site-packages/airflow/example_dags/example_branch_operator_decorator.py
[2022-06-08 12:53:31,717] {processor.py:651} INFO - DAG(s) dict_keys(['example_branch_python_operator_decorator']) retrieved from /home/james/airflowa/lib/python3.8/site-packages/airflow/example_dags/example_branch_operator_decorator.py
[2022-06-08 12:53:31,775] {logging_mixin.py:115} INFO - [2022-06-08 12:53:31,774] {dag.py:2379} INFO - Sync 1 DAGs
[2022-06-08 12:53:31,903] {logging_mixin.py:115} INFO - [2022-06-08 12:53:31,903] {dag.py:2927} INFO - Setting next_dagrun for example_branch_python_operator_decorator to 2022-06-07T00:00:00+00:00, run_after=2022-06-08T00:00:00+00:00
[2022-06-08 12:53:31,940] {processor.py:161} INFO - Processing /home/james/airflowa/lib/python3.8/site-packages/airflow/example_dags/example_branch_operator_decorator.py took 0.399 seconds
[2022-06-08 12:55:15,827] {processor.py:153} INFO - Started process (PID=122629) to work on /home/james/airflowa/lib/python3.8/site-packages/airflow/example_dags/example_branch_operator_decorator.py
[2022-06-08 12:55:15,829] {processor.py:641} INFO - Processing file /home/james/airflowa/lib/python3.8/site-packages/airflow/example_dags/example_branch_operator_decorator.py for tasks to queue
[2022-06-08 12:55:15,830] {logging_mixin.py:115} INFO - [2022-06-08 12:55:15,829] {dagbag.py:507} INFO - Filling up the DagBag from /home/james/airflowa/lib/python3.8/site-packages/airflow/example_dags/example_branch_operator_decorator.py
[2022-06-08 12:55:15,871] {processor.py:651} INFO - DAG(s) dict_keys(['example_branch_python_operator_decorator']) retrieved from /home/james/airflowa/lib/python3.8/site-packages/airflow/example_dags/example_branch_operator_decorator.py
[2022-06-08 12:55:15,900] {logging_mixin.py:115} INFO - [2022-06-08 12:55:15,900] {dag.py:2379} INFO - Sync 1 DAGs
[2022-06-08 12:55:15,943] {logging_mixin.py:115} INFO - [2022-06-08 12:55:15,943] {dag.py:2927} INFO - Setting next_dagrun for example_branch_python_operator_decorator to 2022-06-07T00:00:00+00:00, run_after=2022-06-08T00:00:00+00:00
[2022-06-08 12:55:15,979] {processor.py:161} INFO - Processing /home/james/airflowa/lib/python3.8/site-packages/airflow/example_dags/example_branch_operator_decorator.py took 0.156 seconds
[2022-06-08 12:56:24,274] {processor.py:153} INFO - Started process (PID=122998) to work on /home/james/airflowa/lib/python3.8/site-packages/airflow/example_dags/example_branch_operator_decorator.py
[2022-06-08 12:56:24,275] {processor.py:641} INFO - Processing file /home/james/airflowa/lib/python3.8/site-packages/airflow/example_dags/example_branch_operator_decorator.py for tasks to queue
[2022-06-08 12:56:24,276] {logging_mixin.py:115} INFO - [2022-06-08 12:56:24,276] {dagbag.py:507} INFO - Filling up the DagBag from /home/james/airflowa/lib/python3.8/site-packages/airflow/example_dags/example_branch_operator_decorator.py
[2022-06-08 12:56:24,290] {processor.py:651} INFO - DAG(s) dict_keys(['example_branch_python_operator_decorator']) retrieved from /home/james/airflowa/lib/python3.8/site-packages/airflow/example_dags/example_branch_operator_decorator.py
[2022-06-08 12:56:24,303] {logging_mixin.py:115} INFO - [2022-06-08 12:56:24,303] {dag.py:2379} INFO - Sync 1 DAGs
[2022-06-08 12:56:24,319] {logging_mixin.py:115} INFO - [2022-06-08 12:56:24,319] {dag.py:2927} INFO - Setting next_dagrun for example_branch_python_operator_decorator to 2022-06-07T00:00:00+00:00, run_after=2022-06-08T00:00:00+00:00
[2022-06-08 12:56:24,330] {processor.py:161} INFO - Processing /home/james/airflowa/lib/python3.8/site-packages/airflow/example_dags/example_branch_operator_decorator.py took 0.058 seconds
[2022-06-08 12:57:47,969] {processor.py:153} INFO - Started process (PID=123365) to work on /home/james/airflowa/lib/python3.8/site-packages/airflow/example_dags/example_branch_operator_decorator.py
[2022-06-08 12:57:47,970] {processor.py:641} INFO - Processing file /home/james/airflowa/lib/python3.8/site-packages/airflow/example_dags/example_branch_operator_decorator.py for tasks to queue
[2022-06-08 12:57:47,970] {logging_mixin.py:115} INFO - [2022-06-08 12:57:47,970] {dagbag.py:507} INFO - Filling up the DagBag from /home/james/airflowa/lib/python3.8/site-packages/airflow/example_dags/example_branch_operator_decorator.py
[2022-06-08 12:57:47,988] {processor.py:651} INFO - DAG(s) dict_keys(['example_branch_python_operator_decorator']) retrieved from /home/james/airflowa/lib/python3.8/site-packages/airflow/example_dags/example_branch_operator_decorator.py
[2022-06-08 12:57:48,002] {logging_mixin.py:115} INFO - [2022-06-08 12:57:48,002] {dag.py:2379} INFO - Sync 1 DAGs
[2022-06-08 12:57:48,018] {logging_mixin.py:115} INFO - [2022-06-08 12:57:48,018] {dag.py:2927} INFO - Setting next_dagrun for example_branch_python_operator_decorator to 2022-06-07T00:00:00+00:00, run_after=2022-06-08T00:00:00+00:00
[2022-06-08 12:57:48,032] {processor.py:161} INFO - Processing /home/james/airflowa/lib/python3.8/site-packages/airflow/example_dags/example_branch_operator_decorator.py took 0.066 seconds
[2022-06-08 12:58:43,703] {processor.py:153} INFO - Started process (PID=123802) to work on /home/james/airflowa/lib/python3.8/site-packages/airflow/example_dags/example_branch_operator_decorator.py
[2022-06-08 12:58:43,704] {processor.py:641} INFO - Processing file /home/james/airflowa/lib/python3.8/site-packages/airflow/example_dags/example_branch_operator_decorator.py for tasks to queue
[2022-06-08 12:58:43,705] {logging_mixin.py:115} INFO - [2022-06-08 12:58:43,705] {dagbag.py:507} INFO - Filling up the DagBag from /home/james/airflowa/lib/python3.8/site-packages/airflow/example_dags/example_branch_operator_decorator.py
[2022-06-08 12:58:43,721] {processor.py:651} INFO - DAG(s) dict_keys(['example_branch_python_operator_decorator']) retrieved from /home/james/airflowa/lib/python3.8/site-packages/airflow/example_dags/example_branch_operator_decorator.py
[2022-06-08 12:58:43,734] {logging_mixin.py:115} INFO - [2022-06-08 12:58:43,734] {dag.py:2379} INFO - Sync 1 DAGs
[2022-06-08 12:58:43,751] {logging_mixin.py:115} INFO - [2022-06-08 12:58:43,751] {dag.py:2927} INFO - Setting next_dagrun for example_branch_python_operator_decorator to 2022-06-07T00:00:00+00:00, run_after=2022-06-08T00:00:00+00:00
[2022-06-08 12:58:43,761] {processor.py:161} INFO - Processing /home/james/airflowa/lib/python3.8/site-packages/airflow/example_dags/example_branch_operator_decorator.py took 0.060 seconds
[2022-06-08 12:59:28,208] {processor.py:153} INFO - Started process (PID=124055) to work on /home/james/airflowa/lib/python3.8/site-packages/airflow/example_dags/example_branch_operator_decorator.py
[2022-06-08 12:59:28,209] {processor.py:641} INFO - Processing file /home/james/airflowa/lib/python3.8/site-packages/airflow/example_dags/example_branch_operator_decorator.py for tasks to queue
[2022-06-08 12:59:28,209] {logging_mixin.py:115} INFO - [2022-06-08 12:59:28,209] {dagbag.py:507} INFO - Filling up the DagBag from /home/james/airflowa/lib/python3.8/site-packages/airflow/example_dags/example_branch_operator_decorator.py
[2022-06-08 12:59:28,230] {processor.py:651} INFO - DAG(s) dict_keys(['example_branch_python_operator_decorator']) retrieved from /home/james/airflowa/lib/python3.8/site-packages/airflow/example_dags/example_branch_operator_decorator.py
[2022-06-08 12:59:28,249] {logging_mixin.py:115} INFO - [2022-06-08 12:59:28,249] {dag.py:2379} INFO - Sync 1 DAGs
[2022-06-08 12:59:28,272] {logging_mixin.py:115} INFO - [2022-06-08 12:59:28,272] {dag.py:2927} INFO - Setting next_dagrun for example_branch_python_operator_decorator to 2022-06-07T00:00:00+00:00, run_after=2022-06-08T00:00:00+00:00
[2022-06-08 12:59:28,288] {processor.py:161} INFO - Processing /home/james/airflowa/lib/python3.8/site-packages/airflow/example_dags/example_branch_operator_decorator.py took 0.083 seconds
[2022-06-08 13:00:25,123] {processor.py:153} INFO - Started process (PID=124888) to work on /home/james/airflowa/lib/python3.8/site-packages/airflow/example_dags/example_branch_operator_decorator.py
[2022-06-08 13:00:25,124] {processor.py:641} INFO - Processing file /home/james/airflowa/lib/python3.8/site-packages/airflow/example_dags/example_branch_operator_decorator.py for tasks to queue
[2022-06-08 13:00:25,124] {logging_mixin.py:115} INFO - [2022-06-08 13:00:25,124] {dagbag.py:507} INFO - Filling up the DagBag from /home/james/airflowa/lib/python3.8/site-packages/airflow/example_dags/example_branch_operator_decorator.py
[2022-06-08 13:00:25,148] {processor.py:651} INFO - DAG(s) dict_keys(['example_branch_python_operator_decorator']) retrieved from /home/james/airflowa/lib/python3.8/site-packages/airflow/example_dags/example_branch_operator_decorator.py
[2022-06-08 13:00:25,166] {logging_mixin.py:115} INFO - [2022-06-08 13:00:25,166] {dag.py:2379} INFO - Sync 1 DAGs
[2022-06-08 13:00:25,183] {logging_mixin.py:115} INFO - [2022-06-08 13:00:25,183] {dag.py:2927} INFO - Setting next_dagrun for example_branch_python_operator_decorator to 2022-06-07T00:00:00+00:00, run_after=2022-06-08T00:00:00+00:00
[2022-06-08 13:00:25,195] {processor.py:161} INFO - Processing /home/james/airflowa/lib/python3.8/site-packages/airflow/example_dags/example_branch_operator_decorator.py took 0.074 seconds
[2022-06-08 13:01:38,512] {processor.py:153} INFO - Started process (PID=125265) to work on /home/james/airflowa/lib/python3.8/site-packages/airflow/example_dags/example_branch_operator_decorator.py
[2022-06-08 13:01:38,513] {processor.py:641} INFO - Processing file /home/james/airflowa/lib/python3.8/site-packages/airflow/example_dags/example_branch_operator_decorator.py for tasks to queue
[2022-06-08 13:01:38,514] {logging_mixin.py:115} INFO - [2022-06-08 13:01:38,514] {dagbag.py:507} INFO - Filling up the DagBag from /home/james/airflowa/lib/python3.8/site-packages/airflow/example_dags/example_branch_operator_decorator.py
[2022-06-08 13:01:38,542] {processor.py:651} INFO - DAG(s) dict_keys(['example_branch_python_operator_decorator']) retrieved from /home/james/airflowa/lib/python3.8/site-packages/airflow/example_dags/example_branch_operator_decorator.py
[2022-06-08 13:01:38,561] {logging_mixin.py:115} INFO - [2022-06-08 13:01:38,560] {dag.py:2379} INFO - Sync 1 DAGs
[2022-06-08 13:01:38,585] {logging_mixin.py:115} INFO - [2022-06-08 13:01:38,585] {dag.py:2927} INFO - Setting next_dagrun for example_branch_python_operator_decorator to 2022-06-07T00:00:00+00:00, run_after=2022-06-08T00:00:00+00:00
[2022-06-08 13:01:38,597] {processor.py:161} INFO - Processing /home/james/airflowa/lib/python3.8/site-packages/airflow/example_dags/example_branch_operator_decorator.py took 0.088 seconds
[2022-06-08 13:02:45,289] {processor.py:153} INFO - Started process (PID=125637) to work on /home/james/airflowa/lib/python3.8/site-packages/airflow/example_dags/example_branch_operator_decorator.py
[2022-06-08 13:02:45,290] {processor.py:641} INFO - Processing file /home/james/airflowa/lib/python3.8/site-packages/airflow/example_dags/example_branch_operator_decorator.py for tasks to queue
[2022-06-08 13:02:45,290] {logging_mixin.py:115} INFO - [2022-06-08 13:02:45,290] {dagbag.py:507} INFO - Filling up the DagBag from /home/james/airflowa/lib/python3.8/site-packages/airflow/example_dags/example_branch_operator_decorator.py
[2022-06-08 13:02:45,306] {processor.py:651} INFO - DAG(s) dict_keys(['example_branch_python_operator_decorator']) retrieved from /home/james/airflowa/lib/python3.8/site-packages/airflow/example_dags/example_branch_operator_decorator.py
[2022-06-08 13:02:45,322] {logging_mixin.py:115} INFO - [2022-06-08 13:02:45,322] {dag.py:2379} INFO - Sync 1 DAGs
[2022-06-08 13:02:45,339] {logging_mixin.py:115} INFO - [2022-06-08 13:02:45,339] {dag.py:2927} INFO - Setting next_dagrun for example_branch_python_operator_decorator to 2022-06-07T00:00:00+00:00, run_after=2022-06-08T00:00:00+00:00
[2022-06-08 13:02:45,351] {processor.py:161} INFO - Processing /home/james/airflowa/lib/python3.8/site-packages/airflow/example_dags/example_branch_operator_decorator.py took 0.064 seconds
[2022-06-08 13:04:05,538] {processor.py:153} INFO - Started process (PID=126291) to work on /home/james/airflowa/lib/python3.8/site-packages/airflow/example_dags/example_branch_operator_decorator.py
[2022-06-08 13:04:05,539] {processor.py:641} INFO - Processing file /home/james/airflowa/lib/python3.8/site-packages/airflow/example_dags/example_branch_operator_decorator.py for tasks to queue
[2022-06-08 13:04:05,539] {logging_mixin.py:115} INFO - [2022-06-08 13:04:05,539] {dagbag.py:507} INFO - Filling up the DagBag from /home/james/airflowa/lib/python3.8/site-packages/airflow/example_dags/example_branch_operator_decorator.py
[2022-06-08 13:04:05,555] {processor.py:651} INFO - DAG(s) dict_keys(['example_branch_python_operator_decorator']) retrieved from /home/james/airflowa/lib/python3.8/site-packages/airflow/example_dags/example_branch_operator_decorator.py
[2022-06-08 13:04:05,568] {logging_mixin.py:115} INFO - [2022-06-08 13:04:05,568] {dag.py:2379} INFO - Sync 1 DAGs
[2022-06-08 13:04:05,584] {logging_mixin.py:115} INFO - [2022-06-08 13:04:05,584] {dag.py:2927} INFO - Setting next_dagrun for example_branch_python_operator_decorator to 2022-06-07T00:00:00+00:00, run_after=2022-06-08T00:00:00+00:00
[2022-06-08 13:04:05,595] {processor.py:161} INFO - Processing /home/james/airflowa/lib/python3.8/site-packages/airflow/example_dags/example_branch_operator_decorator.py took 0.060 seconds
[2022-06-08 13:04:44,765] {processor.py:153} INFO - Started process (PID=126425) to work on /home/james/airflowa/lib/python3.8/site-packages/airflow/example_dags/example_branch_operator_decorator.py
[2022-06-08 13:04:44,766] {processor.py:641} INFO - Processing file /home/james/airflowa/lib/python3.8/site-packages/airflow/example_dags/example_branch_operator_decorator.py for tasks to queue
[2022-06-08 13:04:44,766] {logging_mixin.py:115} INFO - [2022-06-08 13:04:44,766] {dagbag.py:507} INFO - Filling up the DagBag from /home/james/airflowa/lib/python3.8/site-packages/airflow/example_dags/example_branch_operator_decorator.py
[2022-06-08 13:04:44,782] {processor.py:651} INFO - DAG(s) dict_keys(['example_branch_python_operator_decorator']) retrieved from /home/james/airflowa/lib/python3.8/site-packages/airflow/example_dags/example_branch_operator_decorator.py
[2022-06-08 13:04:44,794] {logging_mixin.py:115} INFO - [2022-06-08 13:04:44,794] {dag.py:2379} INFO - Sync 1 DAGs
[2022-06-08 13:04:44,810] {logging_mixin.py:115} INFO - [2022-06-08 13:04:44,809] {dag.py:2927} INFO - Setting next_dagrun for example_branch_python_operator_decorator to 2022-06-07T00:00:00+00:00, run_after=2022-06-08T00:00:00+00:00
[2022-06-08 13:04:44,820] {processor.py:161} INFO - Processing /home/james/airflowa/lib/python3.8/site-packages/airflow/example_dags/example_branch_operator_decorator.py took 0.058 seconds
[2022-06-08 13:06:08,337] {processor.py:153} INFO - Started process (PID=126816) to work on /home/james/airflowa/lib/python3.8/site-packages/airflow/example_dags/example_branch_operator_decorator.py
[2022-06-08 13:06:08,338] {processor.py:641} INFO - Processing file /home/james/airflowa/lib/python3.8/site-packages/airflow/example_dags/example_branch_operator_decorator.py for tasks to queue
[2022-06-08 13:06:08,339] {logging_mixin.py:115} INFO - [2022-06-08 13:06:08,338] {dagbag.py:507} INFO - Filling up the DagBag from /home/james/airflowa/lib/python3.8/site-packages/airflow/example_dags/example_branch_operator_decorator.py
[2022-06-08 13:06:08,354] {processor.py:651} INFO - DAG(s) dict_keys(['example_branch_python_operator_decorator']) retrieved from /home/james/airflowa/lib/python3.8/site-packages/airflow/example_dags/example_branch_operator_decorator.py
[2022-06-08 13:06:08,367] {logging_mixin.py:115} INFO - [2022-06-08 13:06:08,367] {dag.py:2379} INFO - Sync 1 DAGs
[2022-06-08 13:06:08,385] {logging_mixin.py:115} INFO - [2022-06-08 13:06:08,384] {dag.py:2927} INFO - Setting next_dagrun for example_branch_python_operator_decorator to 2022-06-07T00:00:00+00:00, run_after=2022-06-08T00:00:00+00:00
[2022-06-08 13:06:08,396] {processor.py:161} INFO - Processing /home/james/airflowa/lib/python3.8/site-packages/airflow/example_dags/example_branch_operator_decorator.py took 0.063 seconds
