[2022-06-08 09:04:10,656] {processor.py:153} INFO - Started process (PID=23803) to work on /home/james/airflowa/lib/python3.8/site-packages/airflow/example_dags/example_python_operator.py
[2022-06-08 09:04:10,656] {processor.py:641} INFO - Processing file /home/james/airflowa/lib/python3.8/site-packages/airflow/example_dags/example_python_operator.py for tasks to queue
[2022-06-08 09:04:10,657] {logging_mixin.py:115} INFO - [2022-06-08 09:04:10,657] {dagbag.py:507} INFO - Filling up the DagBag from /home/james/airflowa/lib/python3.8/site-packages/airflow/example_dags/example_python_operator.py
[2022-06-08 09:04:10,672] {processor.py:651} INFO - DAG(s) dict_keys(['example_python_operator']) retrieved from /home/james/airflowa/lib/python3.8/site-packages/airflow/example_dags/example_python_operator.py
[2022-06-08 09:04:10,685] {logging_mixin.py:115} INFO - [2022-06-08 09:04:10,685] {dag.py:2379} INFO - Sync 1 DAGs
[2022-06-08 09:04:10,702] {logging_mixin.py:115} INFO - [2022-06-08 09:04:10,702] {dag.py:2927} INFO - Setting next_dagrun for example_python_operator to None, run_after=None
[2022-06-08 09:04:10,712] {processor.py:161} INFO - Processing /home/james/airflowa/lib/python3.8/site-packages/airflow/example_dags/example_python_operator.py took 0.058 seconds
[2022-06-08 09:04:45,766] {processor.py:153} INFO - Started process (PID=23927) to work on /home/james/airflowa/lib/python3.8/site-packages/airflow/example_dags/example_python_operator.py
[2022-06-08 09:04:45,766] {processor.py:641} INFO - Processing file /home/james/airflowa/lib/python3.8/site-packages/airflow/example_dags/example_python_operator.py for tasks to queue
[2022-06-08 09:04:45,767] {logging_mixin.py:115} INFO - [2022-06-08 09:04:45,767] {dagbag.py:507} INFO - Filling up the DagBag from /home/james/airflowa/lib/python3.8/site-packages/airflow/example_dags/example_python_operator.py
[2022-06-08 09:04:45,782] {processor.py:651} INFO - DAG(s) dict_keys(['example_python_operator']) retrieved from /home/james/airflowa/lib/python3.8/site-packages/airflow/example_dags/example_python_operator.py
[2022-06-08 09:04:45,795] {logging_mixin.py:115} INFO - [2022-06-08 09:04:45,795] {dag.py:2379} INFO - Sync 1 DAGs
[2022-06-08 09:04:45,810] {logging_mixin.py:115} INFO - [2022-06-08 09:04:45,809] {dag.py:2927} INFO - Setting next_dagrun for example_python_operator to None, run_after=None
[2022-06-08 09:04:45,820] {processor.py:161} INFO - Processing /home/james/airflowa/lib/python3.8/site-packages/airflow/example_dags/example_python_operator.py took 0.058 seconds
[2022-06-08 09:05:30,391] {processor.py:153} INFO - Started process (PID=24192) to work on /home/james/airflowa/lib/python3.8/site-packages/airflow/example_dags/example_python_operator.py
[2022-06-08 09:05:30,391] {processor.py:641} INFO - Processing file /home/james/airflowa/lib/python3.8/site-packages/airflow/example_dags/example_python_operator.py for tasks to queue
[2022-06-08 09:05:30,392] {logging_mixin.py:115} INFO - [2022-06-08 09:05:30,392] {dagbag.py:507} INFO - Filling up the DagBag from /home/james/airflowa/lib/python3.8/site-packages/airflow/example_dags/example_python_operator.py
[2022-06-08 09:05:30,408] {processor.py:651} INFO - DAG(s) dict_keys(['example_python_operator']) retrieved from /home/james/airflowa/lib/python3.8/site-packages/airflow/example_dags/example_python_operator.py
[2022-06-08 09:05:30,421] {logging_mixin.py:115} INFO - [2022-06-08 09:05:30,421] {dag.py:2379} INFO - Sync 1 DAGs
[2022-06-08 09:05:30,436] {logging_mixin.py:115} INFO - [2022-06-08 09:05:30,436] {dag.py:2927} INFO - Setting next_dagrun for example_python_operator to None, run_after=None
[2022-06-08 09:05:30,448] {processor.py:161} INFO - Processing /home/james/airflowa/lib/python3.8/site-packages/airflow/example_dags/example_python_operator.py took 0.060 seconds
[2022-06-08 09:06:35,082] {processor.py:153} INFO - Started process (PID=24883) to work on /home/james/airflowa/lib/python3.8/site-packages/airflow/example_dags/example_python_operator.py
[2022-06-08 09:06:35,083] {processor.py:641} INFO - Processing file /home/james/airflowa/lib/python3.8/site-packages/airflow/example_dags/example_python_operator.py for tasks to queue
[2022-06-08 09:06:35,084] {logging_mixin.py:115} INFO - [2022-06-08 09:06:35,084] {dagbag.py:507} INFO - Filling up the DagBag from /home/james/airflowa/lib/python3.8/site-packages/airflow/example_dags/example_python_operator.py
[2022-06-08 09:06:35,111] {processor.py:651} INFO - DAG(s) dict_keys(['example_python_operator']) retrieved from /home/james/airflowa/lib/python3.8/site-packages/airflow/example_dags/example_python_operator.py
[2022-06-08 09:06:35,134] {logging_mixin.py:115} INFO - [2022-06-08 09:06:35,133] {dag.py:2379} INFO - Sync 1 DAGs
[2022-06-08 09:06:35,162] {logging_mixin.py:115} INFO - [2022-06-08 09:06:35,162] {dag.py:2927} INFO - Setting next_dagrun for example_python_operator to None, run_after=None
[2022-06-08 09:06:35,185] {processor.py:161} INFO - Processing /home/james/airflowa/lib/python3.8/site-packages/airflow/example_dags/example_python_operator.py took 0.106 seconds
[2022-06-08 09:08:13,421] {processor.py:153} INFO - Started process (PID=25462) to work on /home/james/airflowa/lib/python3.8/site-packages/airflow/example_dags/example_python_operator.py
[2022-06-08 09:08:13,422] {processor.py:641} INFO - Processing file /home/james/airflowa/lib/python3.8/site-packages/airflow/example_dags/example_python_operator.py for tasks to queue
[2022-06-08 09:08:13,423] {logging_mixin.py:115} INFO - [2022-06-08 09:08:13,423] {dagbag.py:507} INFO - Filling up the DagBag from /home/james/airflowa/lib/python3.8/site-packages/airflow/example_dags/example_python_operator.py
[2022-06-08 09:08:13,447] {processor.py:651} INFO - DAG(s) dict_keys(['example_python_operator']) retrieved from /home/james/airflowa/lib/python3.8/site-packages/airflow/example_dags/example_python_operator.py
[2022-06-08 09:08:13,466] {logging_mixin.py:115} INFO - [2022-06-08 09:08:13,466] {dag.py:2379} INFO - Sync 1 DAGs
[2022-06-08 09:08:13,495] {logging_mixin.py:115} INFO - [2022-06-08 09:08:13,495] {dag.py:2927} INFO - Setting next_dagrun for example_python_operator to None, run_after=None
[2022-06-08 09:08:13,510] {processor.py:161} INFO - Processing /home/james/airflowa/lib/python3.8/site-packages/airflow/example_dags/example_python_operator.py took 0.092 seconds
[2022-06-08 09:09:51,677] {processor.py:153} INFO - Started process (PID=26067) to work on /home/james/airflowa/lib/python3.8/site-packages/airflow/example_dags/example_python_operator.py
[2022-06-08 09:09:51,678] {processor.py:641} INFO - Processing file /home/james/airflowa/lib/python3.8/site-packages/airflow/example_dags/example_python_operator.py for tasks to queue
[2022-06-08 09:09:51,679] {logging_mixin.py:115} INFO - [2022-06-08 09:09:51,679] {dagbag.py:507} INFO - Filling up the DagBag from /home/james/airflowa/lib/python3.8/site-packages/airflow/example_dags/example_python_operator.py
[2022-06-08 09:09:51,723] {processor.py:651} INFO - DAG(s) dict_keys(['example_python_operator']) retrieved from /home/james/airflowa/lib/python3.8/site-packages/airflow/example_dags/example_python_operator.py
[2022-06-08 09:09:51,752] {logging_mixin.py:115} INFO - [2022-06-08 09:09:51,752] {dag.py:2379} INFO - Sync 1 DAGs
[2022-06-08 09:09:51,792] {logging_mixin.py:115} INFO - [2022-06-08 09:09:51,792] {dag.py:2927} INFO - Setting next_dagrun for example_python_operator to None, run_after=None
[2022-06-08 09:09:51,820] {processor.py:161} INFO - Processing /home/james/airflowa/lib/python3.8/site-packages/airflow/example_dags/example_python_operator.py took 0.148 seconds
[2022-06-08 09:12:07,756] {processor.py:153} INFO - Started process (PID=27402) to work on /home/james/airflowa/lib/python3.8/site-packages/airflow/example_dags/example_python_operator.py
[2022-06-08 09:12:07,758] {processor.py:641} INFO - Processing file /home/james/airflowa/lib/python3.8/site-packages/airflow/example_dags/example_python_operator.py for tasks to queue
[2022-06-08 09:12:07,760] {logging_mixin.py:115} INFO - [2022-06-08 09:12:07,759] {dagbag.py:507} INFO - Filling up the DagBag from /home/james/airflowa/lib/python3.8/site-packages/airflow/example_dags/example_python_operator.py
[2022-06-08 09:12:07,825] {processor.py:651} INFO - DAG(s) dict_keys(['example_python_operator']) retrieved from /home/james/airflowa/lib/python3.8/site-packages/airflow/example_dags/example_python_operator.py
[2022-06-08 09:12:07,872] {logging_mixin.py:115} INFO - [2022-06-08 09:12:07,872] {dag.py:2379} INFO - Sync 1 DAGs
[2022-06-08 09:12:07,933] {logging_mixin.py:115} INFO - [2022-06-08 09:12:07,932] {dag.py:2927} INFO - Setting next_dagrun for example_python_operator to None, run_after=None
[2022-06-08 09:12:07,975] {processor.py:161} INFO - Processing /home/james/airflowa/lib/python3.8/site-packages/airflow/example_dags/example_python_operator.py took 0.228 seconds
[2022-06-08 09:15:39,458] {processor.py:153} INFO - Started process (PID=28565) to work on /home/james/airflowa/lib/python3.8/site-packages/airflow/example_dags/example_python_operator.py
[2022-06-08 09:15:39,459] {processor.py:641} INFO - Processing file /home/james/airflowa/lib/python3.8/site-packages/airflow/example_dags/example_python_operator.py for tasks to queue
[2022-06-08 09:15:39,459] {logging_mixin.py:115} INFO - [2022-06-08 09:15:39,459] {dagbag.py:507} INFO - Filling up the DagBag from /home/james/airflowa/lib/python3.8/site-packages/airflow/example_dags/example_python_operator.py
[2022-06-08 09:15:39,496] {processor.py:651} INFO - DAG(s) dict_keys(['example_python_operator']) retrieved from /home/james/airflowa/lib/python3.8/site-packages/airflow/example_dags/example_python_operator.py
[2022-06-08 09:15:39,529] {logging_mixin.py:115} INFO - [2022-06-08 09:15:39,529] {dag.py:2379} INFO - Sync 1 DAGs
[2022-06-08 09:15:39,569] {logging_mixin.py:115} INFO - [2022-06-08 09:15:39,569] {dag.py:2927} INFO - Setting next_dagrun for example_python_operator to None, run_after=None
[2022-06-08 09:15:39,594] {processor.py:161} INFO - Processing /home/james/airflowa/lib/python3.8/site-packages/airflow/example_dags/example_python_operator.py took 0.142 seconds
[2022-06-08 09:19:10,554] {processor.py:153} INFO - Started process (PID=30902) to work on /home/james/airflowa/lib/python3.8/site-packages/airflow/example_dags/example_python_operator.py
[2022-06-08 09:19:10,555] {processor.py:641} INFO - Processing file /home/james/airflowa/lib/python3.8/site-packages/airflow/example_dags/example_python_operator.py for tasks to queue
[2022-06-08 09:19:10,557] {logging_mixin.py:115} INFO - [2022-06-08 09:19:10,557] {dagbag.py:507} INFO - Filling up the DagBag from /home/james/airflowa/lib/python3.8/site-packages/airflow/example_dags/example_python_operator.py
[2022-06-08 09:19:10,604] {processor.py:651} INFO - DAG(s) dict_keys(['example_python_operator']) retrieved from /home/james/airflowa/lib/python3.8/site-packages/airflow/example_dags/example_python_operator.py
[2022-06-08 09:19:10,650] {logging_mixin.py:115} INFO - [2022-06-08 09:19:10,650] {dag.py:2379} INFO - Sync 1 DAGs
[2022-06-08 09:19:10,694] {logging_mixin.py:115} INFO - [2022-06-08 09:19:10,693] {dag.py:2927} INFO - Setting next_dagrun for example_python_operator to None, run_after=None
[2022-06-08 09:19:10,717] {processor.py:161} INFO - Processing /home/james/airflowa/lib/python3.8/site-packages/airflow/example_dags/example_python_operator.py took 0.169 seconds
[2022-06-08 09:23:19,360] {processor.py:153} INFO - Started process (PID=33192) to work on /home/james/airflowa/lib/python3.8/site-packages/airflow/example_dags/example_python_operator.py
[2022-06-08 09:23:19,361] {processor.py:641} INFO - Processing file /home/james/airflowa/lib/python3.8/site-packages/airflow/example_dags/example_python_operator.py for tasks to queue
[2022-06-08 09:23:19,363] {logging_mixin.py:115} INFO - [2022-06-08 09:23:19,362] {dagbag.py:507} INFO - Filling up the DagBag from /home/james/airflowa/lib/python3.8/site-packages/airflow/example_dags/example_python_operator.py
[2022-06-08 09:23:19,440] {processor.py:651} INFO - DAG(s) dict_keys(['example_python_operator']) retrieved from /home/james/airflowa/lib/python3.8/site-packages/airflow/example_dags/example_python_operator.py
[2022-06-08 09:23:19,472] {logging_mixin.py:115} INFO - [2022-06-08 09:23:19,472] {dag.py:2379} INFO - Sync 1 DAGs
[2022-06-08 09:23:19,509] {logging_mixin.py:115} INFO - [2022-06-08 09:23:19,508] {dag.py:2927} INFO - Setting next_dagrun for example_python_operator to None, run_after=None
[2022-06-08 09:23:19,534] {processor.py:161} INFO - Processing /home/james/airflowa/lib/python3.8/site-packages/airflow/example_dags/example_python_operator.py took 0.183 seconds
[2022-06-08 09:27:29,209] {processor.py:153} INFO - Started process (PID=34686) to work on /home/james/airflowa/lib/python3.8/site-packages/airflow/example_dags/example_python_operator.py
[2022-06-08 09:27:29,211] {processor.py:641} INFO - Processing file /home/james/airflowa/lib/python3.8/site-packages/airflow/example_dags/example_python_operator.py for tasks to queue
[2022-06-08 09:27:29,212] {logging_mixin.py:115} INFO - [2022-06-08 09:27:29,212] {dagbag.py:507} INFO - Filling up the DagBag from /home/james/airflowa/lib/python3.8/site-packages/airflow/example_dags/example_python_operator.py
[2022-06-08 09:27:29,277] {processor.py:651} INFO - DAG(s) dict_keys(['example_python_operator']) retrieved from /home/james/airflowa/lib/python3.8/site-packages/airflow/example_dags/example_python_operator.py
[2022-06-08 09:27:29,326] {logging_mixin.py:115} INFO - [2022-06-08 09:27:29,326] {dag.py:2379} INFO - Sync 1 DAGs
[2022-06-08 09:27:29,381] {logging_mixin.py:115} INFO - [2022-06-08 09:27:29,381] {dag.py:2927} INFO - Setting next_dagrun for example_python_operator to None, run_after=None
[2022-06-08 09:27:29,421] {processor.py:161} INFO - Processing /home/james/airflowa/lib/python3.8/site-packages/airflow/example_dags/example_python_operator.py took 0.220 seconds
[2022-06-08 11:27:53,411] {processor.py:153} INFO - Started process (PID=76590) to work on /home/james/airflowa/lib/python3.8/site-packages/airflow/example_dags/example_python_operator.py
[2022-06-08 11:27:53,411] {processor.py:641} INFO - Processing file /home/james/airflowa/lib/python3.8/site-packages/airflow/example_dags/example_python_operator.py for tasks to queue
[2022-06-08 11:27:53,412] {logging_mixin.py:115} INFO - [2022-06-08 11:27:53,412] {dagbag.py:507} INFO - Filling up the DagBag from /home/james/airflowa/lib/python3.8/site-packages/airflow/example_dags/example_python_operator.py
[2022-06-08 11:27:53,427] {processor.py:651} INFO - DAG(s) dict_keys(['example_python_operator']) retrieved from /home/james/airflowa/lib/python3.8/site-packages/airflow/example_dags/example_python_operator.py
[2022-06-08 11:27:53,440] {logging_mixin.py:115} INFO - [2022-06-08 11:27:53,440] {dag.py:2379} INFO - Sync 1 DAGs
[2022-06-08 11:27:53,455] {logging_mixin.py:115} INFO - [2022-06-08 11:27:53,455] {dag.py:2927} INFO - Setting next_dagrun for example_python_operator to None, run_after=None
[2022-06-08 11:27:53,465] {processor.py:161} INFO - Processing /home/james/airflowa/lib/python3.8/site-packages/airflow/example_dags/example_python_operator.py took 0.057 seconds
[2022-06-08 11:28:33,557] {processor.py:153} INFO - Started process (PID=76901) to work on /home/james/airflowa/lib/python3.8/site-packages/airflow/example_dags/example_python_operator.py
[2022-06-08 11:28:33,558] {processor.py:641} INFO - Processing file /home/james/airflowa/lib/python3.8/site-packages/airflow/example_dags/example_python_operator.py for tasks to queue
[2022-06-08 11:28:33,558] {logging_mixin.py:115} INFO - [2022-06-08 11:28:33,558] {dagbag.py:507} INFO - Filling up the DagBag from /home/james/airflowa/lib/python3.8/site-packages/airflow/example_dags/example_python_operator.py
[2022-06-08 11:28:33,579] {processor.py:651} INFO - DAG(s) dict_keys(['example_python_operator']) retrieved from /home/james/airflowa/lib/python3.8/site-packages/airflow/example_dags/example_python_operator.py
[2022-06-08 11:28:33,594] {logging_mixin.py:115} INFO - [2022-06-08 11:28:33,594] {dag.py:2379} INFO - Sync 1 DAGs
[2022-06-08 11:28:33,613] {logging_mixin.py:115} INFO - [2022-06-08 11:28:33,613] {dag.py:2927} INFO - Setting next_dagrun for example_python_operator to None, run_after=None
[2022-06-08 11:28:33,627] {processor.py:161} INFO - Processing /home/james/airflowa/lib/python3.8/site-packages/airflow/example_dags/example_python_operator.py took 0.073 seconds
[2022-06-08 11:29:12,484] {processor.py:153} INFO - Started process (PID=77175) to work on /home/james/airflowa/lib/python3.8/site-packages/airflow/example_dags/example_python_operator.py
[2022-06-08 11:29:12,485] {processor.py:641} INFO - Processing file /home/james/airflowa/lib/python3.8/site-packages/airflow/example_dags/example_python_operator.py for tasks to queue
[2022-06-08 11:29:12,486] {logging_mixin.py:115} INFO - [2022-06-08 11:29:12,485] {dagbag.py:507} INFO - Filling up the DagBag from /home/james/airflowa/lib/python3.8/site-packages/airflow/example_dags/example_python_operator.py
[2022-06-08 11:29:12,501] {processor.py:651} INFO - DAG(s) dict_keys(['example_python_operator']) retrieved from /home/james/airflowa/lib/python3.8/site-packages/airflow/example_dags/example_python_operator.py
[2022-06-08 11:29:12,519] {logging_mixin.py:115} INFO - [2022-06-08 11:29:12,519] {dag.py:2379} INFO - Sync 1 DAGs
[2022-06-08 11:29:12,534] {logging_mixin.py:115} INFO - [2022-06-08 11:29:12,534] {dag.py:2927} INFO - Setting next_dagrun for example_python_operator to None, run_after=None
[2022-06-08 11:29:12,545] {processor.py:161} INFO - Processing /home/james/airflowa/lib/python3.8/site-packages/airflow/example_dags/example_python_operator.py took 0.063 seconds
[2022-06-08 11:29:52,609] {processor.py:153} INFO - Started process (PID=77557) to work on /home/james/airflowa/lib/python3.8/site-packages/airflow/example_dags/example_python_operator.py
[2022-06-08 11:29:52,610] {processor.py:641} INFO - Processing file /home/james/airflowa/lib/python3.8/site-packages/airflow/example_dags/example_python_operator.py for tasks to queue
[2022-06-08 11:29:52,610] {logging_mixin.py:115} INFO - [2022-06-08 11:29:52,610] {dagbag.py:507} INFO - Filling up the DagBag from /home/james/airflowa/lib/python3.8/site-packages/airflow/example_dags/example_python_operator.py
[2022-06-08 11:29:52,625] {processor.py:651} INFO - DAG(s) dict_keys(['example_python_operator']) retrieved from /home/james/airflowa/lib/python3.8/site-packages/airflow/example_dags/example_python_operator.py
[2022-06-08 11:29:52,638] {logging_mixin.py:115} INFO - [2022-06-08 11:29:52,638] {dag.py:2379} INFO - Sync 1 DAGs
[2022-06-08 11:29:52,653] {logging_mixin.py:115} INFO - [2022-06-08 11:29:52,653] {dag.py:2927} INFO - Setting next_dagrun for example_python_operator to None, run_after=None
[2022-06-08 11:29:52,664] {processor.py:161} INFO - Processing /home/james/airflowa/lib/python3.8/site-packages/airflow/example_dags/example_python_operator.py took 0.057 seconds
[2022-06-08 11:31:33,690] {processor.py:153} INFO - Started process (PID=78578) to work on /home/james/airflowa/lib/python3.8/site-packages/airflow/example_dags/example_python_operator.py
[2022-06-08 11:31:33,691] {processor.py:641} INFO - Processing file /home/james/airflowa/lib/python3.8/site-packages/airflow/example_dags/example_python_operator.py for tasks to queue
[2022-06-08 11:31:33,692] {logging_mixin.py:115} INFO - [2022-06-08 11:31:33,692] {dagbag.py:507} INFO - Filling up the DagBag from /home/james/airflowa/lib/python3.8/site-packages/airflow/example_dags/example_python_operator.py
[2022-06-08 11:31:33,725] {processor.py:651} INFO - DAG(s) dict_keys(['example_python_operator']) retrieved from /home/james/airflowa/lib/python3.8/site-packages/airflow/example_dags/example_python_operator.py
[2022-06-08 11:31:33,755] {logging_mixin.py:115} INFO - [2022-06-08 11:31:33,755] {dag.py:2379} INFO - Sync 1 DAGs
[2022-06-08 11:31:33,809] {logging_mixin.py:115} INFO - [2022-06-08 11:31:33,808] {dag.py:2927} INFO - Setting next_dagrun for example_python_operator to None, run_after=None
[2022-06-08 11:31:33,873] {processor.py:161} INFO - Processing /home/james/airflowa/lib/python3.8/site-packages/airflow/example_dags/example_python_operator.py took 0.186 seconds
[2022-06-08 11:32:21,682] {processor.py:153} INFO - Started process (PID=78852) to work on /home/james/airflowa/lib/python3.8/site-packages/airflow/example_dags/example_python_operator.py
[2022-06-08 11:32:21,683] {processor.py:641} INFO - Processing file /home/james/airflowa/lib/python3.8/site-packages/airflow/example_dags/example_python_operator.py for tasks to queue
[2022-06-08 11:32:21,684] {logging_mixin.py:115} INFO - [2022-06-08 11:32:21,684] {dagbag.py:507} INFO - Filling up the DagBag from /home/james/airflowa/lib/python3.8/site-packages/airflow/example_dags/example_python_operator.py
[2022-06-08 11:32:21,708] {processor.py:651} INFO - DAG(s) dict_keys(['example_python_operator']) retrieved from /home/james/airflowa/lib/python3.8/site-packages/airflow/example_dags/example_python_operator.py
[2022-06-08 11:32:21,729] {logging_mixin.py:115} INFO - [2022-06-08 11:32:21,729] {dag.py:2379} INFO - Sync 1 DAGs
[2022-06-08 11:32:21,752] {logging_mixin.py:115} INFO - [2022-06-08 11:32:21,752] {dag.py:2927} INFO - Setting next_dagrun for example_python_operator to None, run_after=None
[2022-06-08 11:32:21,767] {processor.py:161} INFO - Processing /home/james/airflowa/lib/python3.8/site-packages/airflow/example_dags/example_python_operator.py took 0.088 seconds
[2022-06-08 11:33:11,615] {processor.py:153} INFO - Started process (PID=79147) to work on /home/james/airflowa/lib/python3.8/site-packages/airflow/example_dags/example_python_operator.py
[2022-06-08 11:33:11,617] {processor.py:641} INFO - Processing file /home/james/airflowa/lib/python3.8/site-packages/airflow/example_dags/example_python_operator.py for tasks to queue
[2022-06-08 11:33:11,618] {logging_mixin.py:115} INFO - [2022-06-08 11:33:11,618] {dagbag.py:507} INFO - Filling up the DagBag from /home/james/airflowa/lib/python3.8/site-packages/airflow/example_dags/example_python_operator.py
[2022-06-08 11:33:11,653] {processor.py:651} INFO - DAG(s) dict_keys(['example_python_operator']) retrieved from /home/james/airflowa/lib/python3.8/site-packages/airflow/example_dags/example_python_operator.py
[2022-06-08 11:33:11,673] {logging_mixin.py:115} INFO - [2022-06-08 11:33:11,673] {dag.py:2379} INFO - Sync 1 DAGs
[2022-06-08 11:33:11,700] {logging_mixin.py:115} INFO - [2022-06-08 11:33:11,700] {dag.py:2927} INFO - Setting next_dagrun for example_python_operator to None, run_after=None
[2022-06-08 11:33:11,719] {processor.py:161} INFO - Processing /home/james/airflowa/lib/python3.8/site-packages/airflow/example_dags/example_python_operator.py took 0.109 seconds
[2022-06-08 11:34:01,388] {processor.py:153} INFO - Started process (PID=79524) to work on /home/james/airflowa/lib/python3.8/site-packages/airflow/example_dags/example_python_operator.py
[2022-06-08 11:34:01,388] {processor.py:641} INFO - Processing file /home/james/airflowa/lib/python3.8/site-packages/airflow/example_dags/example_python_operator.py for tasks to queue
[2022-06-08 11:34:01,389] {logging_mixin.py:115} INFO - [2022-06-08 11:34:01,389] {dagbag.py:507} INFO - Filling up the DagBag from /home/james/airflowa/lib/python3.8/site-packages/airflow/example_dags/example_python_operator.py
[2022-06-08 11:34:01,421] {processor.py:651} INFO - DAG(s) dict_keys(['example_python_operator']) retrieved from /home/james/airflowa/lib/python3.8/site-packages/airflow/example_dags/example_python_operator.py
[2022-06-08 11:34:01,451] {logging_mixin.py:115} INFO - [2022-06-08 11:34:01,450] {dag.py:2379} INFO - Sync 1 DAGs
[2022-06-08 11:34:01,481] {logging_mixin.py:115} INFO - [2022-06-08 11:34:01,481] {dag.py:2927} INFO - Setting next_dagrun for example_python_operator to None, run_after=None
[2022-06-08 11:34:01,500] {processor.py:161} INFO - Processing /home/james/airflowa/lib/python3.8/site-packages/airflow/example_dags/example_python_operator.py took 0.116 seconds
[2022-06-08 11:34:50,146] {processor.py:153} INFO - Started process (PID=80085) to work on /home/james/airflowa/lib/python3.8/site-packages/airflow/example_dags/example_python_operator.py
[2022-06-08 11:34:50,147] {processor.py:641} INFO - Processing file /home/james/airflowa/lib/python3.8/site-packages/airflow/example_dags/example_python_operator.py for tasks to queue
[2022-06-08 11:34:50,147] {logging_mixin.py:115} INFO - [2022-06-08 11:34:50,147] {dagbag.py:507} INFO - Filling up the DagBag from /home/james/airflowa/lib/python3.8/site-packages/airflow/example_dags/example_python_operator.py
[2022-06-08 11:34:50,175] {processor.py:651} INFO - DAG(s) dict_keys(['example_python_operator']) retrieved from /home/james/airflowa/lib/python3.8/site-packages/airflow/example_dags/example_python_operator.py
[2022-06-08 11:34:50,195] {logging_mixin.py:115} INFO - [2022-06-08 11:34:50,195] {dag.py:2379} INFO - Sync 1 DAGs
[2022-06-08 11:34:50,217] {logging_mixin.py:115} INFO - [2022-06-08 11:34:50,217] {dag.py:2927} INFO - Setting next_dagrun for example_python_operator to None, run_after=None
[2022-06-08 11:34:50,232] {processor.py:161} INFO - Processing /home/james/airflowa/lib/python3.8/site-packages/airflow/example_dags/example_python_operator.py took 0.090 seconds
[2022-06-08 12:21:56,481] {processor.py:153} INFO - Started process (PID=104773) to work on /home/james/airflowa/lib/python3.8/site-packages/airflow/example_dags/example_python_operator.py
[2022-06-08 12:21:56,482] {processor.py:641} INFO - Processing file /home/james/airflowa/lib/python3.8/site-packages/airflow/example_dags/example_python_operator.py for tasks to queue
[2022-06-08 12:21:56,483] {logging_mixin.py:115} INFO - [2022-06-08 12:21:56,483] {dagbag.py:507} INFO - Filling up the DagBag from /home/james/airflowa/lib/python3.8/site-packages/airflow/example_dags/example_python_operator.py
[2022-06-08 12:21:56,511] {processor.py:651} INFO - DAG(s) dict_keys(['example_python_operator']) retrieved from /home/james/airflowa/lib/python3.8/site-packages/airflow/example_dags/example_python_operator.py
[2022-06-08 12:21:56,534] {logging_mixin.py:115} INFO - [2022-06-08 12:21:56,534] {dag.py:2379} INFO - Sync 1 DAGs
[2022-06-08 12:21:56,560] {logging_mixin.py:115} INFO - [2022-06-08 12:21:56,560] {dag.py:2927} INFO - Setting next_dagrun for example_python_operator to None, run_after=None
[2022-06-08 12:21:56,577] {processor.py:161} INFO - Processing /home/james/airflowa/lib/python3.8/site-packages/airflow/example_dags/example_python_operator.py took 0.099 seconds
[2022-06-08 12:22:42,447] {processor.py:153} INFO - Started process (PID=104986) to work on /home/james/airflowa/lib/python3.8/site-packages/airflow/example_dags/example_python_operator.py
[2022-06-08 12:22:42,448] {processor.py:641} INFO - Processing file /home/james/airflowa/lib/python3.8/site-packages/airflow/example_dags/example_python_operator.py for tasks to queue
[2022-06-08 12:22:42,449] {logging_mixin.py:115} INFO - [2022-06-08 12:22:42,449] {dagbag.py:507} INFO - Filling up the DagBag from /home/james/airflowa/lib/python3.8/site-packages/airflow/example_dags/example_python_operator.py
[2022-06-08 12:22:42,472] {processor.py:651} INFO - DAG(s) dict_keys(['example_python_operator']) retrieved from /home/james/airflowa/lib/python3.8/site-packages/airflow/example_dags/example_python_operator.py
[2022-06-08 12:22:42,492] {logging_mixin.py:115} INFO - [2022-06-08 12:22:42,492] {dag.py:2379} INFO - Sync 1 DAGs
[2022-06-08 12:22:42,515] {logging_mixin.py:115} INFO - [2022-06-08 12:22:42,515] {dag.py:2927} INFO - Setting next_dagrun for example_python_operator to None, run_after=None
[2022-06-08 12:22:42,529] {processor.py:161} INFO - Processing /home/james/airflowa/lib/python3.8/site-packages/airflow/example_dags/example_python_operator.py took 0.085 seconds
[2022-06-08 12:37:30,064] {processor.py:153} INFO - Started process (PID=114146) to work on /home/james/airflowa/lib/python3.8/site-packages/airflow/example_dags/example_python_operator.py
[2022-06-08 12:37:30,065] {processor.py:641} INFO - Processing file /home/james/airflowa/lib/python3.8/site-packages/airflow/example_dags/example_python_operator.py for tasks to queue
[2022-06-08 12:37:30,066] {logging_mixin.py:115} INFO - [2022-06-08 12:37:30,065] {dagbag.py:507} INFO - Filling up the DagBag from /home/james/airflowa/lib/python3.8/site-packages/airflow/example_dags/example_python_operator.py
[2022-06-08 12:37:30,110] {processor.py:651} INFO - DAG(s) dict_keys(['example_python_operator']) retrieved from /home/james/airflowa/lib/python3.8/site-packages/airflow/example_dags/example_python_operator.py
[2022-06-08 12:37:30,131] {logging_mixin.py:115} INFO - [2022-06-08 12:37:30,131] {dag.py:2379} INFO - Sync 1 DAGs
[2022-06-08 12:37:30,152] {logging_mixin.py:115} INFO - [2022-06-08 12:37:30,152] {dag.py:2927} INFO - Setting next_dagrun for example_python_operator to None, run_after=None
[2022-06-08 12:37:30,167] {processor.py:161} INFO - Processing /home/james/airflowa/lib/python3.8/site-packages/airflow/example_dags/example_python_operator.py took 0.106 seconds
[2022-06-08 12:39:17,483] {processor.py:153} INFO - Started process (PID=115596) to work on /home/james/airflowa/lib/python3.8/site-packages/airflow/example_dags/example_python_operator.py
[2022-06-08 12:39:17,484] {processor.py:641} INFO - Processing file /home/james/airflowa/lib/python3.8/site-packages/airflow/example_dags/example_python_operator.py for tasks to queue
[2022-06-08 12:39:17,485] {logging_mixin.py:115} INFO - [2022-06-08 12:39:17,485] {dagbag.py:507} INFO - Filling up the DagBag from /home/james/airflowa/lib/python3.8/site-packages/airflow/example_dags/example_python_operator.py
[2022-06-08 12:39:17,534] {processor.py:651} INFO - DAG(s) dict_keys(['example_python_operator']) retrieved from /home/james/airflowa/lib/python3.8/site-packages/airflow/example_dags/example_python_operator.py
[2022-06-08 12:39:17,571] {logging_mixin.py:115} INFO - [2022-06-08 12:39:17,571] {dag.py:2379} INFO - Sync 1 DAGs
[2022-06-08 12:39:17,612] {logging_mixin.py:115} INFO - [2022-06-08 12:39:17,612] {dag.py:2927} INFO - Setting next_dagrun for example_python_operator to None, run_after=None
[2022-06-08 12:39:17,643] {processor.py:161} INFO - Processing /home/james/airflowa/lib/python3.8/site-packages/airflow/example_dags/example_python_operator.py took 0.165 seconds
[2022-06-08 12:40:32,134] {processor.py:153} INFO - Started process (PID=116486) to work on /home/james/airflowa/lib/python3.8/site-packages/airflow/example_dags/example_python_operator.py
[2022-06-08 12:40:32,135] {processor.py:641} INFO - Processing file /home/james/airflowa/lib/python3.8/site-packages/airflow/example_dags/example_python_operator.py for tasks to queue
[2022-06-08 12:40:32,135] {logging_mixin.py:115} INFO - [2022-06-08 12:40:32,135] {dagbag.py:507} INFO - Filling up the DagBag from /home/james/airflowa/lib/python3.8/site-packages/airflow/example_dags/example_python_operator.py
[2022-06-08 12:40:32,155] {processor.py:651} INFO - DAG(s) dict_keys(['example_python_operator']) retrieved from /home/james/airflowa/lib/python3.8/site-packages/airflow/example_dags/example_python_operator.py
[2022-06-08 12:40:32,167] {logging_mixin.py:115} INFO - [2022-06-08 12:40:32,167] {dag.py:2379} INFO - Sync 1 DAGs
[2022-06-08 12:40:32,179] {logging_mixin.py:115} INFO - [2022-06-08 12:40:32,179] {dag.py:2927} INFO - Setting next_dagrun for example_python_operator to None, run_after=None
[2022-06-08 12:40:32,189] {processor.py:161} INFO - Processing /home/james/airflowa/lib/python3.8/site-packages/airflow/example_dags/example_python_operator.py took 0.058 seconds
[2022-06-08 12:43:39,487] {processor.py:153} INFO - Started process (PID=117579) to work on /home/james/airflowa/lib/python3.8/site-packages/airflow/example_dags/example_python_operator.py
[2022-06-08 12:43:39,488] {processor.py:641} INFO - Processing file /home/james/airflowa/lib/python3.8/site-packages/airflow/example_dags/example_python_operator.py for tasks to queue
[2022-06-08 12:43:39,489] {logging_mixin.py:115} INFO - [2022-06-08 12:43:39,489] {dagbag.py:507} INFO - Filling up the DagBag from /home/james/airflowa/lib/python3.8/site-packages/airflow/example_dags/example_python_operator.py
[2022-06-08 12:43:39,535] {processor.py:651} INFO - DAG(s) dict_keys(['example_python_operator']) retrieved from /home/james/airflowa/lib/python3.8/site-packages/airflow/example_dags/example_python_operator.py
[2022-06-08 12:43:39,563] {logging_mixin.py:115} INFO - [2022-06-08 12:43:39,563] {dag.py:2379} INFO - Sync 1 DAGs
[2022-06-08 12:43:39,602] {logging_mixin.py:115} INFO - [2022-06-08 12:43:39,601] {dag.py:2927} INFO - Setting next_dagrun for example_python_operator to None, run_after=None
[2022-06-08 12:43:39,628] {processor.py:161} INFO - Processing /home/james/airflowa/lib/python3.8/site-packages/airflow/example_dags/example_python_operator.py took 0.145 seconds
[2022-06-08 12:45:30,552] {processor.py:153} INFO - Started process (PID=118194) to work on /home/james/airflowa/lib/python3.8/site-packages/airflow/example_dags/example_python_operator.py
[2022-06-08 12:45:30,552] {processor.py:641} INFO - Processing file /home/james/airflowa/lib/python3.8/site-packages/airflow/example_dags/example_python_operator.py for tasks to queue
[2022-06-08 12:45:30,553] {logging_mixin.py:115} INFO - [2022-06-08 12:45:30,553] {dagbag.py:507} INFO - Filling up the DagBag from /home/james/airflowa/lib/python3.8/site-packages/airflow/example_dags/example_python_operator.py
[2022-06-08 12:45:30,574] {processor.py:651} INFO - DAG(s) dict_keys(['example_python_operator']) retrieved from /home/james/airflowa/lib/python3.8/site-packages/airflow/example_dags/example_python_operator.py
[2022-06-08 12:45:30,587] {logging_mixin.py:115} INFO - [2022-06-08 12:45:30,587] {dag.py:2379} INFO - Sync 1 DAGs
[2022-06-08 12:45:30,598] {logging_mixin.py:115} INFO - [2022-06-08 12:45:30,598] {dag.py:2927} INFO - Setting next_dagrun for example_python_operator to None, run_after=None
[2022-06-08 12:45:30,609] {processor.py:161} INFO - Processing /home/james/airflowa/lib/python3.8/site-packages/airflow/example_dags/example_python_operator.py took 0.060 seconds
[2022-06-08 12:46:41,611] {processor.py:153} INFO - Started process (PID=118603) to work on /home/james/airflowa/lib/python3.8/site-packages/airflow/example_dags/example_python_operator.py
[2022-06-08 12:46:41,612] {processor.py:641} INFO - Processing file /home/james/airflowa/lib/python3.8/site-packages/airflow/example_dags/example_python_operator.py for tasks to queue
[2022-06-08 12:46:41,612] {logging_mixin.py:115} INFO - [2022-06-08 12:46:41,612] {dagbag.py:507} INFO - Filling up the DagBag from /home/james/airflowa/lib/python3.8/site-packages/airflow/example_dags/example_python_operator.py
[2022-06-08 12:46:41,636] {processor.py:651} INFO - DAG(s) dict_keys(['example_python_operator']) retrieved from /home/james/airflowa/lib/python3.8/site-packages/airflow/example_dags/example_python_operator.py
[2022-06-08 12:46:41,651] {logging_mixin.py:115} INFO - [2022-06-08 12:46:41,651] {dag.py:2379} INFO - Sync 1 DAGs
[2022-06-08 12:46:41,667] {logging_mixin.py:115} INFO - [2022-06-08 12:46:41,667] {dag.py:2927} INFO - Setting next_dagrun for example_python_operator to None, run_after=None
[2022-06-08 12:46:41,678] {processor.py:161} INFO - Processing /home/james/airflowa/lib/python3.8/site-packages/airflow/example_dags/example_python_operator.py took 0.070 seconds
[2022-06-08 12:47:41,110] {processor.py:153} INFO - Started process (PID=119497) to work on /home/james/airflowa/lib/python3.8/site-packages/airflow/example_dags/example_python_operator.py
[2022-06-08 12:47:41,111] {processor.py:641} INFO - Processing file /home/james/airflowa/lib/python3.8/site-packages/airflow/example_dags/example_python_operator.py for tasks to queue
[2022-06-08 12:47:41,112] {logging_mixin.py:115} INFO - [2022-06-08 12:47:41,112] {dagbag.py:507} INFO - Filling up the DagBag from /home/james/airflowa/lib/python3.8/site-packages/airflow/example_dags/example_python_operator.py
[2022-06-08 12:47:41,172] {processor.py:651} INFO - DAG(s) dict_keys(['example_python_operator']) retrieved from /home/james/airflowa/lib/python3.8/site-packages/airflow/example_dags/example_python_operator.py
[2022-06-08 12:47:41,199] {logging_mixin.py:115} INFO - [2022-06-08 12:47:41,199] {dag.py:2379} INFO - Sync 1 DAGs
[2022-06-08 12:47:41,218] {logging_mixin.py:115} INFO - [2022-06-08 12:47:41,218] {dag.py:2927} INFO - Setting next_dagrun for example_python_operator to None, run_after=None
[2022-06-08 12:47:41,234] {processor.py:161} INFO - Processing /home/james/airflowa/lib/python3.8/site-packages/airflow/example_dags/example_python_operator.py took 0.129 seconds
[2022-06-08 12:48:38,281] {processor.py:153} INFO - Started process (PID=119823) to work on /home/james/airflowa/lib/python3.8/site-packages/airflow/example_dags/example_python_operator.py
[2022-06-08 12:48:38,283] {processor.py:641} INFO - Processing file /home/james/airflowa/lib/python3.8/site-packages/airflow/example_dags/example_python_operator.py for tasks to queue
[2022-06-08 12:48:38,283] {logging_mixin.py:115} INFO - [2022-06-08 12:48:38,283] {dagbag.py:507} INFO - Filling up the DagBag from /home/james/airflowa/lib/python3.8/site-packages/airflow/example_dags/example_python_operator.py
[2022-06-08 12:48:38,299] {processor.py:651} INFO - DAG(s) dict_keys(['example_python_operator']) retrieved from /home/james/airflowa/lib/python3.8/site-packages/airflow/example_dags/example_python_operator.py
[2022-06-08 12:48:38,311] {logging_mixin.py:115} INFO - [2022-06-08 12:48:38,310] {dag.py:2379} INFO - Sync 1 DAGs
[2022-06-08 12:48:38,325] {logging_mixin.py:115} INFO - [2022-06-08 12:48:38,325] {dag.py:2927} INFO - Setting next_dagrun for example_python_operator to None, run_after=None
[2022-06-08 12:48:38,336] {processor.py:161} INFO - Processing /home/james/airflowa/lib/python3.8/site-packages/airflow/example_dags/example_python_operator.py took 0.058 seconds
[2022-06-08 12:51:07,612] {processor.py:153} INFO - Started process (PID=121031) to work on /home/james/airflowa/lib/python3.8/site-packages/airflow/example_dags/example_python_operator.py
[2022-06-08 12:51:07,614] {processor.py:641} INFO - Processing file /home/james/airflowa/lib/python3.8/site-packages/airflow/example_dags/example_python_operator.py for tasks to queue
[2022-06-08 12:51:07,615] {logging_mixin.py:115} INFO - [2022-06-08 12:51:07,615] {dagbag.py:507} INFO - Filling up the DagBag from /home/james/airflowa/lib/python3.8/site-packages/airflow/example_dags/example_python_operator.py
[2022-06-08 12:51:07,657] {processor.py:651} INFO - DAG(s) dict_keys(['example_python_operator']) retrieved from /home/james/airflowa/lib/python3.8/site-packages/airflow/example_dags/example_python_operator.py
[2022-06-08 12:51:07,690] {logging_mixin.py:115} INFO - [2022-06-08 12:51:07,690] {dag.py:2379} INFO - Sync 1 DAGs
[2022-06-08 12:51:07,732] {logging_mixin.py:115} INFO - [2022-06-08 12:51:07,732] {dag.py:2927} INFO - Setting next_dagrun for example_python_operator to None, run_after=None
[2022-06-08 12:51:07,757] {processor.py:161} INFO - Processing /home/james/airflowa/lib/python3.8/site-packages/airflow/example_dags/example_python_operator.py took 0.150 seconds
[2022-06-08 12:53:23,419] {processor.py:153} INFO - Started process (PID=121776) to work on /home/james/airflowa/lib/python3.8/site-packages/airflow/example_dags/example_python_operator.py
[2022-06-08 12:53:23,420] {processor.py:641} INFO - Processing file /home/james/airflowa/lib/python3.8/site-packages/airflow/example_dags/example_python_operator.py for tasks to queue
[2022-06-08 12:53:23,422] {logging_mixin.py:115} INFO - [2022-06-08 12:53:23,421] {dagbag.py:507} INFO - Filling up the DagBag from /home/james/airflowa/lib/python3.8/site-packages/airflow/example_dags/example_python_operator.py
[2022-06-08 12:53:23,460] {processor.py:651} INFO - DAG(s) dict_keys(['example_python_operator']) retrieved from /home/james/airflowa/lib/python3.8/site-packages/airflow/example_dags/example_python_operator.py
[2022-06-08 12:53:23,497] {logging_mixin.py:115} INFO - [2022-06-08 12:53:23,497] {dag.py:2379} INFO - Sync 1 DAGs
[2022-06-08 12:53:23,535] {logging_mixin.py:115} INFO - [2022-06-08 12:53:23,535] {dag.py:2927} INFO - Setting next_dagrun for example_python_operator to None, run_after=None
[2022-06-08 12:53:23,559] {processor.py:161} INFO - Processing /home/james/airflowa/lib/python3.8/site-packages/airflow/example_dags/example_python_operator.py took 0.146 seconds
[2022-06-08 12:54:22,821] {processor.py:153} INFO - Started process (PID=122299) to work on /home/james/airflowa/lib/python3.8/site-packages/airflow/example_dags/example_python_operator.py
[2022-06-08 12:54:22,823] {processor.py:641} INFO - Processing file /home/james/airflowa/lib/python3.8/site-packages/airflow/example_dags/example_python_operator.py for tasks to queue
[2022-06-08 12:54:22,825] {logging_mixin.py:115} INFO - [2022-06-08 12:54:22,825] {dagbag.py:507} INFO - Filling up the DagBag from /home/james/airflowa/lib/python3.8/site-packages/airflow/example_dags/example_python_operator.py
[2022-06-08 12:54:22,951] {processor.py:651} INFO - DAG(s) dict_keys(['example_python_operator']) retrieved from /home/james/airflowa/lib/python3.8/site-packages/airflow/example_dags/example_python_operator.py
[2022-06-08 12:54:23,056] {logging_mixin.py:115} INFO - [2022-06-08 12:54:23,056] {dag.py:2379} INFO - Sync 1 DAGs
[2022-06-08 12:54:23,233] {logging_mixin.py:115} INFO - [2022-06-08 12:54:23,233] {dag.py:2927} INFO - Setting next_dagrun for example_python_operator to None, run_after=None
[2022-06-08 12:54:23,318] {processor.py:161} INFO - Processing /home/james/airflowa/lib/python3.8/site-packages/airflow/example_dags/example_python_operator.py took 0.507 seconds
[2022-06-08 12:55:56,874] {processor.py:153} INFO - Started process (PID=122869) to work on /home/james/airflowa/lib/python3.8/site-packages/airflow/example_dags/example_python_operator.py
[2022-06-08 12:55:56,875] {processor.py:641} INFO - Processing file /home/james/airflowa/lib/python3.8/site-packages/airflow/example_dags/example_python_operator.py for tasks to queue
[2022-06-08 12:55:56,876] {logging_mixin.py:115} INFO - [2022-06-08 12:55:56,876] {dagbag.py:507} INFO - Filling up the DagBag from /home/james/airflowa/lib/python3.8/site-packages/airflow/example_dags/example_python_operator.py
[2022-06-08 12:55:56,900] {processor.py:651} INFO - DAG(s) dict_keys(['example_python_operator']) retrieved from /home/james/airflowa/lib/python3.8/site-packages/airflow/example_dags/example_python_operator.py
[2022-06-08 12:55:56,914] {logging_mixin.py:115} INFO - [2022-06-08 12:55:56,914] {dag.py:2379} INFO - Sync 1 DAGs
[2022-06-08 12:55:56,928] {logging_mixin.py:115} INFO - [2022-06-08 12:55:56,928] {dag.py:2927} INFO - Setting next_dagrun for example_python_operator to None, run_after=None
[2022-06-08 12:55:56,939] {processor.py:161} INFO - Processing /home/james/airflowa/lib/python3.8/site-packages/airflow/example_dags/example_python_operator.py took 0.068 seconds
[2022-06-08 12:57:05,764] {processor.py:153} INFO - Started process (PID=123178) to work on /home/james/airflowa/lib/python3.8/site-packages/airflow/example_dags/example_python_operator.py
[2022-06-08 12:57:05,765] {processor.py:641} INFO - Processing file /home/james/airflowa/lib/python3.8/site-packages/airflow/example_dags/example_python_operator.py for tasks to queue
[2022-06-08 12:57:05,766] {logging_mixin.py:115} INFO - [2022-06-08 12:57:05,765] {dagbag.py:507} INFO - Filling up the DagBag from /home/james/airflowa/lib/python3.8/site-packages/airflow/example_dags/example_python_operator.py
[2022-06-08 12:57:05,782] {processor.py:651} INFO - DAG(s) dict_keys(['example_python_operator']) retrieved from /home/james/airflowa/lib/python3.8/site-packages/airflow/example_dags/example_python_operator.py
[2022-06-08 12:57:05,795] {logging_mixin.py:115} INFO - [2022-06-08 12:57:05,794] {dag.py:2379} INFO - Sync 1 DAGs
[2022-06-08 12:57:05,811] {logging_mixin.py:115} INFO - [2022-06-08 12:57:05,811] {dag.py:2927} INFO - Setting next_dagrun for example_python_operator to None, run_after=None
[2022-06-08 12:57:05,825] {processor.py:161} INFO - Processing /home/james/airflowa/lib/python3.8/site-packages/airflow/example_dags/example_python_operator.py took 0.063 seconds
[2022-06-08 12:58:27,656] {processor.py:153} INFO - Started process (PID=123591) to work on /home/james/airflowa/lib/python3.8/site-packages/airflow/example_dags/example_python_operator.py
[2022-06-08 12:58:27,763] {processor.py:641} INFO - Processing file /home/james/airflowa/lib/python3.8/site-packages/airflow/example_dags/example_python_operator.py for tasks to queue
[2022-06-08 12:58:27,764] {logging_mixin.py:115} INFO - [2022-06-08 12:58:27,764] {dagbag.py:507} INFO - Filling up the DagBag from /home/james/airflowa/lib/python3.8/site-packages/airflow/example_dags/example_python_operator.py
[2022-06-08 12:58:27,780] {processor.py:651} INFO - DAG(s) dict_keys(['example_python_operator']) retrieved from /home/james/airflowa/lib/python3.8/site-packages/airflow/example_dags/example_python_operator.py
[2022-06-08 12:58:27,794] {logging_mixin.py:115} INFO - [2022-06-08 12:58:27,794] {dag.py:2379} INFO - Sync 1 DAGs
[2022-06-08 12:58:27,809] {logging_mixin.py:115} INFO - [2022-06-08 12:58:27,809] {dag.py:2927} INFO - Setting next_dagrun for example_python_operator to None, run_after=None
[2022-06-08 12:58:28,037] {processor.py:161} INFO - Processing /home/james/airflowa/lib/python3.8/site-packages/airflow/example_dags/example_python_operator.py took 0.383 seconds
[2022-06-08 12:59:07,785] {processor.py:153} INFO - Started process (PID=123974) to work on /home/james/airflowa/lib/python3.8/site-packages/airflow/example_dags/example_python_operator.py
[2022-06-08 12:59:07,786] {processor.py:641} INFO - Processing file /home/james/airflowa/lib/python3.8/site-packages/airflow/example_dags/example_python_operator.py for tasks to queue
[2022-06-08 12:59:07,787] {logging_mixin.py:115} INFO - [2022-06-08 12:59:07,787] {dagbag.py:507} INFO - Filling up the DagBag from /home/james/airflowa/lib/python3.8/site-packages/airflow/example_dags/example_python_operator.py
[2022-06-08 12:59:07,805] {processor.py:651} INFO - DAG(s) dict_keys(['example_python_operator']) retrieved from /home/james/airflowa/lib/python3.8/site-packages/airflow/example_dags/example_python_operator.py
[2022-06-08 12:59:07,818] {logging_mixin.py:115} INFO - [2022-06-08 12:59:07,818] {dag.py:2379} INFO - Sync 1 DAGs
[2022-06-08 12:59:07,833] {logging_mixin.py:115} INFO - [2022-06-08 12:59:07,833] {dag.py:2927} INFO - Setting next_dagrun for example_python_operator to None, run_after=None
[2022-06-08 12:59:07,847] {processor.py:161} INFO - Processing /home/james/airflowa/lib/python3.8/site-packages/airflow/example_dags/example_python_operator.py took 0.066 seconds
[2022-06-08 12:59:52,675] {processor.py:153} INFO - Started process (PID=124245) to work on /home/james/airflowa/lib/python3.8/site-packages/airflow/example_dags/example_python_operator.py
[2022-06-08 12:59:52,675] {processor.py:641} INFO - Processing file /home/james/airflowa/lib/python3.8/site-packages/airflow/example_dags/example_python_operator.py for tasks to queue
[2022-06-08 12:59:52,676] {logging_mixin.py:115} INFO - [2022-06-08 12:59:52,676] {dagbag.py:507} INFO - Filling up the DagBag from /home/james/airflowa/lib/python3.8/site-packages/airflow/example_dags/example_python_operator.py
[2022-06-08 12:59:52,690] {processor.py:651} INFO - DAG(s) dict_keys(['example_python_operator']) retrieved from /home/james/airflowa/lib/python3.8/site-packages/airflow/example_dags/example_python_operator.py
[2022-06-08 12:59:52,703] {logging_mixin.py:115} INFO - [2022-06-08 12:59:52,703] {dag.py:2379} INFO - Sync 1 DAGs
[2022-06-08 12:59:52,717] {logging_mixin.py:115} INFO - [2022-06-08 12:59:52,717] {dag.py:2927} INFO - Setting next_dagrun for example_python_operator to None, run_after=None
[2022-06-08 12:59:52,728] {processor.py:161} INFO - Processing /home/james/airflowa/lib/python3.8/site-packages/airflow/example_dags/example_python_operator.py took 0.056 seconds
[2022-06-08 13:00:39,236] {processor.py:153} INFO - Started process (PID=124952) to work on /home/james/airflowa/lib/python3.8/site-packages/airflow/example_dags/example_python_operator.py
[2022-06-08 13:00:39,237] {processor.py:641} INFO - Processing file /home/james/airflowa/lib/python3.8/site-packages/airflow/example_dags/example_python_operator.py for tasks to queue
[2022-06-08 13:00:39,237] {logging_mixin.py:115} INFO - [2022-06-08 13:00:39,237] {dagbag.py:507} INFO - Filling up the DagBag from /home/james/airflowa/lib/python3.8/site-packages/airflow/example_dags/example_python_operator.py
[2022-06-08 13:00:39,252] {processor.py:651} INFO - DAG(s) dict_keys(['example_python_operator']) retrieved from /home/james/airflowa/lib/python3.8/site-packages/airflow/example_dags/example_python_operator.py
[2022-06-08 13:00:39,265] {logging_mixin.py:115} INFO - [2022-06-08 13:00:39,265] {dag.py:2379} INFO - Sync 1 DAGs
[2022-06-08 13:00:39,279] {logging_mixin.py:115} INFO - [2022-06-08 13:00:39,279] {dag.py:2927} INFO - Setting next_dagrun for example_python_operator to None, run_after=None
[2022-06-08 13:00:39,290] {processor.py:161} INFO - Processing /home/james/airflowa/lib/python3.8/site-packages/airflow/example_dags/example_python_operator.py took 0.057 seconds
[2022-06-08 13:01:35,954] {processor.py:153} INFO - Started process (PID=125256) to work on /home/james/airflowa/lib/python3.8/site-packages/airflow/example_dags/example_python_operator.py
[2022-06-08 13:01:35,955] {processor.py:641} INFO - Processing file /home/james/airflowa/lib/python3.8/site-packages/airflow/example_dags/example_python_operator.py for tasks to queue
[2022-06-08 13:01:35,956] {logging_mixin.py:115} INFO - [2022-06-08 13:01:35,955] {dagbag.py:507} INFO - Filling up the DagBag from /home/james/airflowa/lib/python3.8/site-packages/airflow/example_dags/example_python_operator.py
[2022-06-08 13:01:35,978] {processor.py:651} INFO - DAG(s) dict_keys(['example_python_operator']) retrieved from /home/james/airflowa/lib/python3.8/site-packages/airflow/example_dags/example_python_operator.py
[2022-06-08 13:01:35,995] {logging_mixin.py:115} INFO - [2022-06-08 13:01:35,995] {dag.py:2379} INFO - Sync 1 DAGs
[2022-06-08 13:01:36,021] {logging_mixin.py:115} INFO - [2022-06-08 13:01:36,021] {dag.py:2927} INFO - Setting next_dagrun for example_python_operator to None, run_after=None
[2022-06-08 13:01:36,039] {processor.py:161} INFO - Processing /home/james/airflowa/lib/python3.8/site-packages/airflow/example_dags/example_python_operator.py took 0.088 seconds
[2022-06-08 13:02:38,730] {processor.py:153} INFO - Started process (PID=125596) to work on /home/james/airflowa/lib/python3.8/site-packages/airflow/example_dags/example_python_operator.py
[2022-06-08 13:02:38,731] {processor.py:641} INFO - Processing file /home/james/airflowa/lib/python3.8/site-packages/airflow/example_dags/example_python_operator.py for tasks to queue
[2022-06-08 13:02:38,731] {logging_mixin.py:115} INFO - [2022-06-08 13:02:38,731] {dagbag.py:507} INFO - Filling up the DagBag from /home/james/airflowa/lib/python3.8/site-packages/airflow/example_dags/example_python_operator.py
[2022-06-08 13:02:38,746] {processor.py:651} INFO - DAG(s) dict_keys(['example_python_operator']) retrieved from /home/james/airflowa/lib/python3.8/site-packages/airflow/example_dags/example_python_operator.py
[2022-06-08 13:02:38,760] {logging_mixin.py:115} INFO - [2022-06-08 13:02:38,760] {dag.py:2379} INFO - Sync 1 DAGs
[2022-06-08 13:02:38,779] {logging_mixin.py:115} INFO - [2022-06-08 13:02:38,778] {dag.py:2927} INFO - Setting next_dagrun for example_python_operator to None, run_after=None
[2022-06-08 13:02:38,791] {processor.py:161} INFO - Processing /home/james/airflowa/lib/python3.8/site-packages/airflow/example_dags/example_python_operator.py took 0.063 seconds
[2022-06-08 13:03:36,050] {processor.py:153} INFO - Started process (PID=125904) to work on /home/james/airflowa/lib/python3.8/site-packages/airflow/example_dags/example_python_operator.py
[2022-06-08 13:03:36,051] {processor.py:641} INFO - Processing file /home/james/airflowa/lib/python3.8/site-packages/airflow/example_dags/example_python_operator.py for tasks to queue
[2022-06-08 13:03:36,052] {logging_mixin.py:115} INFO - [2022-06-08 13:03:36,052] {dagbag.py:507} INFO - Filling up the DagBag from /home/james/airflowa/lib/python3.8/site-packages/airflow/example_dags/example_python_operator.py
[2022-06-08 13:03:36,069] {processor.py:651} INFO - DAG(s) dict_keys(['example_python_operator']) retrieved from /home/james/airflowa/lib/python3.8/site-packages/airflow/example_dags/example_python_operator.py
[2022-06-08 13:03:36,082] {logging_mixin.py:115} INFO - [2022-06-08 13:03:36,082] {dag.py:2379} INFO - Sync 1 DAGs
[2022-06-08 13:03:36,096] {logging_mixin.py:115} INFO - [2022-06-08 13:03:36,096] {dag.py:2927} INFO - Setting next_dagrun for example_python_operator to None, run_after=None
[2022-06-08 13:03:36,112] {processor.py:161} INFO - Processing /home/james/airflowa/lib/python3.8/site-packages/airflow/example_dags/example_python_operator.py took 0.064 seconds
[2022-06-08 13:04:21,183] {processor.py:153} INFO - Started process (PID=126332) to work on /home/james/airflowa/lib/python3.8/site-packages/airflow/example_dags/example_python_operator.py
[2022-06-08 13:04:21,183] {processor.py:641} INFO - Processing file /home/james/airflowa/lib/python3.8/site-packages/airflow/example_dags/example_python_operator.py for tasks to queue
[2022-06-08 13:04:21,184] {logging_mixin.py:115} INFO - [2022-06-08 13:04:21,184] {dagbag.py:507} INFO - Filling up the DagBag from /home/james/airflowa/lib/python3.8/site-packages/airflow/example_dags/example_python_operator.py
[2022-06-08 13:04:21,199] {processor.py:651} INFO - DAG(s) dict_keys(['example_python_operator']) retrieved from /home/james/airflowa/lib/python3.8/site-packages/airflow/example_dags/example_python_operator.py
[2022-06-08 13:04:21,211] {logging_mixin.py:115} INFO - [2022-06-08 13:04:21,211] {dag.py:2379} INFO - Sync 1 DAGs
[2022-06-08 13:04:21,225] {logging_mixin.py:115} INFO - [2022-06-08 13:04:21,225] {dag.py:2927} INFO - Setting next_dagrun for example_python_operator to None, run_after=None
[2022-06-08 13:04:21,239] {processor.py:161} INFO - Processing /home/james/airflowa/lib/python3.8/site-packages/airflow/example_dags/example_python_operator.py took 0.058 seconds
[2022-06-08 13:05:07,195] {processor.py:153} INFO - Started process (PID=126533) to work on /home/james/airflowa/lib/python3.8/site-packages/airflow/example_dags/example_python_operator.py
[2022-06-08 13:05:07,196] {processor.py:641} INFO - Processing file /home/james/airflowa/lib/python3.8/site-packages/airflow/example_dags/example_python_operator.py for tasks to queue
[2022-06-08 13:05:07,196] {logging_mixin.py:115} INFO - [2022-06-08 13:05:07,196] {dagbag.py:507} INFO - Filling up the DagBag from /home/james/airflowa/lib/python3.8/site-packages/airflow/example_dags/example_python_operator.py
[2022-06-08 13:05:07,225] {processor.py:651} INFO - DAG(s) dict_keys(['example_python_operator']) retrieved from /home/james/airflowa/lib/python3.8/site-packages/airflow/example_dags/example_python_operator.py
[2022-06-08 13:05:07,242] {logging_mixin.py:115} INFO - [2022-06-08 13:05:07,242] {dag.py:2379} INFO - Sync 1 DAGs
[2022-06-08 13:05:07,260] {logging_mixin.py:115} INFO - [2022-06-08 13:05:07,260] {dag.py:2927} INFO - Setting next_dagrun for example_python_operator to None, run_after=None
[2022-06-08 13:05:07,272] {processor.py:161} INFO - Processing /home/james/airflowa/lib/python3.8/site-packages/airflow/example_dags/example_python_operator.py took 0.080 seconds
[2022-06-08 13:06:03,673] {processor.py:153} INFO - Started process (PID=126796) to work on /home/james/airflowa/lib/python3.8/site-packages/airflow/example_dags/example_python_operator.py
[2022-06-08 13:06:03,674] {processor.py:641} INFO - Processing file /home/james/airflowa/lib/python3.8/site-packages/airflow/example_dags/example_python_operator.py for tasks to queue
[2022-06-08 13:06:03,674] {logging_mixin.py:115} INFO - [2022-06-08 13:06:03,674] {dagbag.py:507} INFO - Filling up the DagBag from /home/james/airflowa/lib/python3.8/site-packages/airflow/example_dags/example_python_operator.py
[2022-06-08 13:06:03,693] {processor.py:651} INFO - DAG(s) dict_keys(['example_python_operator']) retrieved from /home/james/airflowa/lib/python3.8/site-packages/airflow/example_dags/example_python_operator.py
[2022-06-08 13:06:03,706] {logging_mixin.py:115} INFO - [2022-06-08 13:06:03,706] {dag.py:2379} INFO - Sync 1 DAGs
[2022-06-08 13:06:03,720] {logging_mixin.py:115} INFO - [2022-06-08 13:06:03,720] {dag.py:2927} INFO - Setting next_dagrun for example_python_operator to None, run_after=None
[2022-06-08 13:06:03,731] {processor.py:161} INFO - Processing /home/james/airflowa/lib/python3.8/site-packages/airflow/example_dags/example_python_operator.py took 0.061 seconds
