[2022-06-08 09:04:18,099] {processor.py:153} INFO - Started process (PID=23835) to work on /home/james/airflowa/lib/python3.8/site-packages/airflow/example_dags/example_branch_datetime_operator.py
[2022-06-08 09:04:18,099] {processor.py:641} INFO - Processing file /home/james/airflowa/lib/python3.8/site-packages/airflow/example_dags/example_branch_datetime_operator.py for tasks to queue
[2022-06-08 09:04:18,100] {logging_mixin.py:115} INFO - [2022-06-08 09:04:18,100] {dagbag.py:507} INFO - Filling up the DagBag from /home/james/airflowa/lib/python3.8/site-packages/airflow/example_dags/example_branch_datetime_operator.py
[2022-06-08 09:04:18,106] {processor.py:651} INFO - DAG(s) dict_keys(['example_branch_datetime_operator_2']) retrieved from /home/james/airflowa/lib/python3.8/site-packages/airflow/example_dags/example_branch_datetime_operator.py
[2022-06-08 09:04:18,119] {logging_mixin.py:115} INFO - [2022-06-08 09:04:18,119] {dag.py:2379} INFO - Sync 1 DAGs
[2022-06-08 09:04:18,135] {logging_mixin.py:115} INFO - [2022-06-08 09:04:18,135] {dag.py:2927} INFO - Setting next_dagrun for example_branch_datetime_operator_2 to 2022-06-07T00:00:00+00:00, run_after=2022-06-08T00:00:00+00:00
[2022-06-08 09:04:18,146] {processor.py:161} INFO - Processing /home/james/airflowa/lib/python3.8/site-packages/airflow/example_dags/example_branch_datetime_operator.py took 0.049 seconds
[2022-06-08 09:04:53,216] {processor.py:153} INFO - Started process (PID=23963) to work on /home/james/airflowa/lib/python3.8/site-packages/airflow/example_dags/example_branch_datetime_operator.py
[2022-06-08 09:04:53,217] {processor.py:641} INFO - Processing file /home/james/airflowa/lib/python3.8/site-packages/airflow/example_dags/example_branch_datetime_operator.py for tasks to queue
[2022-06-08 09:04:53,217] {logging_mixin.py:115} INFO - [2022-06-08 09:04:53,217] {dagbag.py:507} INFO - Filling up the DagBag from /home/james/airflowa/lib/python3.8/site-packages/airflow/example_dags/example_branch_datetime_operator.py
[2022-06-08 09:04:53,224] {processor.py:651} INFO - DAG(s) dict_keys(['example_branch_datetime_operator_2']) retrieved from /home/james/airflowa/lib/python3.8/site-packages/airflow/example_dags/example_branch_datetime_operator.py
[2022-06-08 09:04:53,237] {logging_mixin.py:115} INFO - [2022-06-08 09:04:53,236] {dag.py:2379} INFO - Sync 1 DAGs
[2022-06-08 09:04:53,253] {logging_mixin.py:115} INFO - [2022-06-08 09:04:53,253] {dag.py:2927} INFO - Setting next_dagrun for example_branch_datetime_operator_2 to 2022-06-07T00:00:00+00:00, run_after=2022-06-08T00:00:00+00:00
[2022-06-08 09:04:53,264] {processor.py:161} INFO - Processing /home/james/airflowa/lib/python3.8/site-packages/airflow/example_dags/example_branch_datetime_operator.py took 0.051 seconds
[2022-06-08 09:05:58,894] {processor.py:153} INFO - Started process (PID=24529) to work on /home/james/airflowa/lib/python3.8/site-packages/airflow/example_dags/example_branch_datetime_operator.py
[2022-06-08 09:05:58,895] {processor.py:641} INFO - Processing file /home/james/airflowa/lib/python3.8/site-packages/airflow/example_dags/example_branch_datetime_operator.py for tasks to queue
[2022-06-08 09:05:58,896] {logging_mixin.py:115} INFO - [2022-06-08 09:05:58,895] {dagbag.py:507} INFO - Filling up the DagBag from /home/james/airflowa/lib/python3.8/site-packages/airflow/example_dags/example_branch_datetime_operator.py
[2022-06-08 09:05:58,905] {processor.py:651} INFO - DAG(s) dict_keys(['example_branch_datetime_operator_2']) retrieved from /home/james/airflowa/lib/python3.8/site-packages/airflow/example_dags/example_branch_datetime_operator.py
[2022-06-08 09:05:58,922] {logging_mixin.py:115} INFO - [2022-06-08 09:05:58,922] {dag.py:2379} INFO - Sync 1 DAGs
[2022-06-08 09:05:58,939] {logging_mixin.py:115} INFO - [2022-06-08 09:05:58,939] {dag.py:2927} INFO - Setting next_dagrun for example_branch_datetime_operator_2 to 2022-06-07T00:00:00+00:00, run_after=2022-06-08T00:00:00+00:00
[2022-06-08 09:05:58,950] {processor.py:161} INFO - Processing /home/james/airflowa/lib/python3.8/site-packages/airflow/example_dags/example_branch_datetime_operator.py took 0.058 seconds
[2022-06-08 09:07:25,386] {processor.py:153} INFO - Started process (PID=25149) to work on /home/james/airflowa/lib/python3.8/site-packages/airflow/example_dags/example_branch_datetime_operator.py
[2022-06-08 09:07:25,388] {processor.py:641} INFO - Processing file /home/james/airflowa/lib/python3.8/site-packages/airflow/example_dags/example_branch_datetime_operator.py for tasks to queue
[2022-06-08 09:07:25,388] {logging_mixin.py:115} INFO - [2022-06-08 09:07:25,388] {dagbag.py:507} INFO - Filling up the DagBag from /home/james/airflowa/lib/python3.8/site-packages/airflow/example_dags/example_branch_datetime_operator.py
[2022-06-08 09:07:25,398] {processor.py:651} INFO - DAG(s) dict_keys(['example_branch_datetime_operator_2']) retrieved from /home/james/airflowa/lib/python3.8/site-packages/airflow/example_dags/example_branch_datetime_operator.py
[2022-06-08 09:07:25,445] {logging_mixin.py:115} INFO - [2022-06-08 09:07:25,445] {dag.py:2379} INFO - Sync 1 DAGs
[2022-06-08 09:07:25,496] {logging_mixin.py:115} INFO - [2022-06-08 09:07:25,495] {dag.py:2927} INFO - Setting next_dagrun for example_branch_datetime_operator_2 to 2022-06-07T00:00:00+00:00, run_after=2022-06-08T00:00:00+00:00
[2022-06-08 09:07:25,523] {processor.py:161} INFO - Processing /home/james/airflowa/lib/python3.8/site-packages/airflow/example_dags/example_branch_datetime_operator.py took 0.142 seconds
[2022-06-08 09:09:00,048] {processor.py:153} INFO - Started process (PID=25762) to work on /home/james/airflowa/lib/python3.8/site-packages/airflow/example_dags/example_branch_datetime_operator.py
[2022-06-08 09:09:00,049] {processor.py:641} INFO - Processing file /home/james/airflowa/lib/python3.8/site-packages/airflow/example_dags/example_branch_datetime_operator.py for tasks to queue
[2022-06-08 09:09:00,050] {logging_mixin.py:115} INFO - [2022-06-08 09:09:00,050] {dagbag.py:507} INFO - Filling up the DagBag from /home/james/airflowa/lib/python3.8/site-packages/airflow/example_dags/example_branch_datetime_operator.py
[2022-06-08 09:09:00,064] {processor.py:651} INFO - DAG(s) dict_keys(['example_branch_datetime_operator_2']) retrieved from /home/james/airflowa/lib/python3.8/site-packages/airflow/example_dags/example_branch_datetime_operator.py
[2022-06-08 09:09:00,092] {logging_mixin.py:115} INFO - [2022-06-08 09:09:00,092] {dag.py:2379} INFO - Sync 1 DAGs
[2022-06-08 09:09:00,129] {logging_mixin.py:115} INFO - [2022-06-08 09:09:00,129] {dag.py:2927} INFO - Setting next_dagrun for example_branch_datetime_operator_2 to 2022-06-07T00:00:00+00:00, run_after=2022-06-08T00:00:00+00:00
[2022-06-08 09:09:00,150] {processor.py:161} INFO - Processing /home/james/airflowa/lib/python3.8/site-packages/airflow/example_dags/example_branch_datetime_operator.py took 0.106 seconds
[2022-06-08 09:10:53,659] {processor.py:153} INFO - Started process (PID=26972) to work on /home/james/airflowa/lib/python3.8/site-packages/airflow/example_dags/example_branch_datetime_operator.py
[2022-06-08 09:10:53,660] {processor.py:641} INFO - Processing file /home/james/airflowa/lib/python3.8/site-packages/airflow/example_dags/example_branch_datetime_operator.py for tasks to queue
[2022-06-08 09:10:53,660] {logging_mixin.py:115} INFO - [2022-06-08 09:10:53,660] {dagbag.py:507} INFO - Filling up the DagBag from /home/james/airflowa/lib/python3.8/site-packages/airflow/example_dags/example_branch_datetime_operator.py
[2022-06-08 09:10:53,677] {processor.py:651} INFO - DAG(s) dict_keys(['example_branch_datetime_operator_2']) retrieved from /home/james/airflowa/lib/python3.8/site-packages/airflow/example_dags/example_branch_datetime_operator.py
[2022-06-08 09:10:53,708] {logging_mixin.py:115} INFO - [2022-06-08 09:10:53,707] {dag.py:2379} INFO - Sync 1 DAGs
[2022-06-08 09:10:53,759] {logging_mixin.py:115} INFO - [2022-06-08 09:10:53,759] {dag.py:2927} INFO - Setting next_dagrun for example_branch_datetime_operator_2 to 2022-06-07T00:00:00+00:00, run_after=2022-06-08T00:00:00+00:00
[2022-06-08 09:10:53,779] {processor.py:161} INFO - Processing /home/james/airflowa/lib/python3.8/site-packages/airflow/example_dags/example_branch_datetime_operator.py took 0.126 seconds
[2022-06-08 09:13:56,943] {processor.py:153} INFO - Started process (PID=27965) to work on /home/james/airflowa/lib/python3.8/site-packages/airflow/example_dags/example_branch_datetime_operator.py
[2022-06-08 09:13:56,944] {processor.py:641} INFO - Processing file /home/james/airflowa/lib/python3.8/site-packages/airflow/example_dags/example_branch_datetime_operator.py for tasks to queue
[2022-06-08 09:13:56,945] {logging_mixin.py:115} INFO - [2022-06-08 09:13:56,945] {dagbag.py:507} INFO - Filling up the DagBag from /home/james/airflowa/lib/python3.8/site-packages/airflow/example_dags/example_branch_datetime_operator.py
[2022-06-08 09:13:56,962] {processor.py:651} INFO - DAG(s) dict_keys(['example_branch_datetime_operator_2']) retrieved from /home/james/airflowa/lib/python3.8/site-packages/airflow/example_dags/example_branch_datetime_operator.py
[2022-06-08 09:13:56,991] {logging_mixin.py:115} INFO - [2022-06-08 09:13:56,991] {dag.py:2379} INFO - Sync 1 DAGs
[2022-06-08 09:13:57,032] {logging_mixin.py:115} INFO - [2022-06-08 09:13:57,032] {dag.py:2927} INFO - Setting next_dagrun for example_branch_datetime_operator_2 to 2022-06-07T00:00:00+00:00, run_after=2022-06-08T00:00:00+00:00
[2022-06-08 09:13:57,056] {processor.py:161} INFO - Processing /home/james/airflowa/lib/python3.8/site-packages/airflow/example_dags/example_branch_datetime_operator.py took 0.117 seconds
[2022-06-08 09:17:22,480] {processor.py:153} INFO - Started process (PID=29986) to work on /home/james/airflowa/lib/python3.8/site-packages/airflow/example_dags/example_branch_datetime_operator.py
[2022-06-08 09:17:22,572] {processor.py:641} INFO - Processing file /home/james/airflowa/lib/python3.8/site-packages/airflow/example_dags/example_branch_datetime_operator.py for tasks to queue
[2022-06-08 09:17:22,573] {logging_mixin.py:115} INFO - [2022-06-08 09:17:22,573] {dagbag.py:507} INFO - Filling up the DagBag from /home/james/airflowa/lib/python3.8/site-packages/airflow/example_dags/example_branch_datetime_operator.py
[2022-06-08 09:17:22,584] {processor.py:651} INFO - DAG(s) dict_keys(['example_branch_datetime_operator_2']) retrieved from /home/james/airflowa/lib/python3.8/site-packages/airflow/example_dags/example_branch_datetime_operator.py
[2022-06-08 09:17:22,604] {logging_mixin.py:115} INFO - [2022-06-08 09:17:22,604] {dag.py:2379} INFO - Sync 1 DAGs
[2022-06-08 09:17:22,630] {logging_mixin.py:115} INFO - [2022-06-08 09:17:22,630] {dag.py:2927} INFO - Setting next_dagrun for example_branch_datetime_operator_2 to 2022-06-07T00:00:00+00:00, run_after=2022-06-08T00:00:00+00:00
[2022-06-08 09:17:22,953] {processor.py:161} INFO - Processing /home/james/airflowa/lib/python3.8/site-packages/airflow/example_dags/example_branch_datetime_operator.py took 0.477 seconds
[2022-06-08 09:21:28,314] {processor.py:153} INFO - Started process (PID=32422) to work on /home/james/airflowa/lib/python3.8/site-packages/airflow/example_dags/example_branch_datetime_operator.py
[2022-06-08 09:21:28,315] {processor.py:641} INFO - Processing file /home/james/airflowa/lib/python3.8/site-packages/airflow/example_dags/example_branch_datetime_operator.py for tasks to queue
[2022-06-08 09:21:28,316] {logging_mixin.py:115} INFO - [2022-06-08 09:21:28,316] {dagbag.py:507} INFO - Filling up the DagBag from /home/james/airflowa/lib/python3.8/site-packages/airflow/example_dags/example_branch_datetime_operator.py
[2022-06-08 09:21:28,331] {processor.py:651} INFO - DAG(s) dict_keys(['example_branch_datetime_operator_2']) retrieved from /home/james/airflowa/lib/python3.8/site-packages/airflow/example_dags/example_branch_datetime_operator.py
[2022-06-08 09:21:28,364] {logging_mixin.py:115} INFO - [2022-06-08 09:21:28,363] {dag.py:2379} INFO - Sync 1 DAGs
[2022-06-08 09:21:28,404] {logging_mixin.py:115} INFO - [2022-06-08 09:21:28,403] {dag.py:2927} INFO - Setting next_dagrun for example_branch_datetime_operator_2 to 2022-06-07T00:00:00+00:00, run_after=2022-06-08T00:00:00+00:00
[2022-06-08 09:21:28,427] {processor.py:161} INFO - Processing /home/james/airflowa/lib/python3.8/site-packages/airflow/example_dags/example_branch_datetime_operator.py took 0.119 seconds
[2022-06-08 09:25:34,969] {processor.py:153} INFO - Started process (PID=33997) to work on /home/james/airflowa/lib/python3.8/site-packages/airflow/example_dags/example_branch_datetime_operator.py
[2022-06-08 09:25:34,970] {processor.py:641} INFO - Processing file /home/james/airflowa/lib/python3.8/site-packages/airflow/example_dags/example_branch_datetime_operator.py for tasks to queue
[2022-06-08 09:25:34,971] {logging_mixin.py:115} INFO - [2022-06-08 09:25:34,971] {dagbag.py:507} INFO - Filling up the DagBag from /home/james/airflowa/lib/python3.8/site-packages/airflow/example_dags/example_branch_datetime_operator.py
[2022-06-08 09:25:34,993] {processor.py:651} INFO - DAG(s) dict_keys(['example_branch_datetime_operator_2']) retrieved from /home/james/airflowa/lib/python3.8/site-packages/airflow/example_dags/example_branch_datetime_operator.py
[2022-06-08 09:25:35,032] {logging_mixin.py:115} INFO - [2022-06-08 09:25:35,032] {dag.py:2379} INFO - Sync 1 DAGs
[2022-06-08 09:25:35,090] {logging_mixin.py:115} INFO - [2022-06-08 09:25:35,089] {dag.py:2927} INFO - Setting next_dagrun for example_branch_datetime_operator_2 to 2022-06-07T00:00:00+00:00, run_after=2022-06-08T00:00:00+00:00
[2022-06-08 09:25:35,131] {processor.py:161} INFO - Processing /home/james/airflowa/lib/python3.8/site-packages/airflow/example_dags/example_branch_datetime_operator.py took 0.169 seconds
[2022-06-08 11:27:59,149] {processor.py:153} INFO - Started process (PID=76638) to work on /home/james/airflowa/lib/python3.8/site-packages/airflow/example_dags/example_branch_datetime_operator.py
[2022-06-08 11:27:59,150] {processor.py:641} INFO - Processing file /home/james/airflowa/lib/python3.8/site-packages/airflow/example_dags/example_branch_datetime_operator.py for tasks to queue
[2022-06-08 11:27:59,150] {logging_mixin.py:115} INFO - [2022-06-08 11:27:59,150] {dagbag.py:507} INFO - Filling up the DagBag from /home/james/airflowa/lib/python3.8/site-packages/airflow/example_dags/example_branch_datetime_operator.py
[2022-06-08 11:27:59,158] {processor.py:651} INFO - DAG(s) dict_keys(['example_branch_datetime_operator_2']) retrieved from /home/james/airflowa/lib/python3.8/site-packages/airflow/example_dags/example_branch_datetime_operator.py
[2022-06-08 11:27:59,173] {logging_mixin.py:115} INFO - [2022-06-08 11:27:59,173] {dag.py:2379} INFO - Sync 1 DAGs
[2022-06-08 11:27:59,191] {logging_mixin.py:115} INFO - [2022-06-08 11:27:59,191] {dag.py:2927} INFO - Setting next_dagrun for example_branch_datetime_operator_2 to 2022-06-07T00:00:00+00:00, run_after=2022-06-08T00:00:00+00:00
[2022-06-08 11:27:59,204] {processor.py:161} INFO - Processing /home/james/airflowa/lib/python3.8/site-packages/airflow/example_dags/example_branch_datetime_operator.py took 0.057 seconds
[2022-06-08 11:28:43,848] {processor.py:153} INFO - Started process (PID=76946) to work on /home/james/airflowa/lib/python3.8/site-packages/airflow/example_dags/example_branch_datetime_operator.py
[2022-06-08 11:28:43,849] {processor.py:641} INFO - Processing file /home/james/airflowa/lib/python3.8/site-packages/airflow/example_dags/example_branch_datetime_operator.py for tasks to queue
[2022-06-08 11:28:43,849] {logging_mixin.py:115} INFO - [2022-06-08 11:28:43,849] {dagbag.py:507} INFO - Filling up the DagBag from /home/james/airflowa/lib/python3.8/site-packages/airflow/example_dags/example_branch_datetime_operator.py
[2022-06-08 11:28:43,858] {processor.py:651} INFO - DAG(s) dict_keys(['example_branch_datetime_operator_2']) retrieved from /home/james/airflowa/lib/python3.8/site-packages/airflow/example_dags/example_branch_datetime_operator.py
[2022-06-08 11:28:43,870] {logging_mixin.py:115} INFO - [2022-06-08 11:28:43,870] {dag.py:2379} INFO - Sync 1 DAGs
[2022-06-08 11:28:43,887] {logging_mixin.py:115} INFO - [2022-06-08 11:28:43,886] {dag.py:2927} INFO - Setting next_dagrun for example_branch_datetime_operator_2 to 2022-06-07T00:00:00+00:00, run_after=2022-06-08T00:00:00+00:00
[2022-06-08 11:28:43,897] {processor.py:161} INFO - Processing /home/james/airflowa/lib/python3.8/site-packages/airflow/example_dags/example_branch_datetime_operator.py took 0.053 seconds
[2022-06-08 11:29:22,778] {processor.py:153} INFO - Started process (PID=77366) to work on /home/james/airflowa/lib/python3.8/site-packages/airflow/example_dags/example_branch_datetime_operator.py
[2022-06-08 11:29:22,778] {processor.py:641} INFO - Processing file /home/james/airflowa/lib/python3.8/site-packages/airflow/example_dags/example_branch_datetime_operator.py for tasks to queue
[2022-06-08 11:29:22,779] {logging_mixin.py:115} INFO - [2022-06-08 11:29:22,779] {dagbag.py:507} INFO - Filling up the DagBag from /home/james/airflowa/lib/python3.8/site-packages/airflow/example_dags/example_branch_datetime_operator.py
[2022-06-08 11:29:22,785] {processor.py:651} INFO - DAG(s) dict_keys(['example_branch_datetime_operator_2']) retrieved from /home/james/airflowa/lib/python3.8/site-packages/airflow/example_dags/example_branch_datetime_operator.py
[2022-06-08 11:29:22,797] {logging_mixin.py:115} INFO - [2022-06-08 11:29:22,797] {dag.py:2379} INFO - Sync 1 DAGs
[2022-06-08 11:29:22,813] {logging_mixin.py:115} INFO - [2022-06-08 11:29:22,813] {dag.py:2927} INFO - Setting next_dagrun for example_branch_datetime_operator_2 to 2022-06-07T00:00:00+00:00, run_after=2022-06-08T00:00:00+00:00
[2022-06-08 11:29:22,825] {processor.py:161} INFO - Processing /home/james/airflowa/lib/python3.8/site-packages/airflow/example_dags/example_branch_datetime_operator.py took 0.050 seconds
[2022-06-08 11:30:18,970] {processor.py:153} INFO - Started process (PID=78130) to work on /home/james/airflowa/lib/python3.8/site-packages/airflow/example_dags/example_branch_datetime_operator.py
[2022-06-08 11:30:18,971] {processor.py:641} INFO - Processing file /home/james/airflowa/lib/python3.8/site-packages/airflow/example_dags/example_branch_datetime_operator.py for tasks to queue
[2022-06-08 11:30:18,971] {logging_mixin.py:115} INFO - [2022-06-08 11:30:18,971] {dagbag.py:507} INFO - Filling up the DagBag from /home/james/airflowa/lib/python3.8/site-packages/airflow/example_dags/example_branch_datetime_operator.py
[2022-06-08 11:30:18,983] {processor.py:651} INFO - DAG(s) dict_keys(['example_branch_datetime_operator_2']) retrieved from /home/james/airflowa/lib/python3.8/site-packages/airflow/example_dags/example_branch_datetime_operator.py
[2022-06-08 11:30:19,003] {logging_mixin.py:115} INFO - [2022-06-08 11:30:19,003] {dag.py:2379} INFO - Sync 1 DAGs
[2022-06-08 11:30:19,028] {logging_mixin.py:115} INFO - [2022-06-08 11:30:19,028] {dag.py:2927} INFO - Setting next_dagrun for example_branch_datetime_operator_2 to 2022-06-07T00:00:00+00:00, run_after=2022-06-08T00:00:00+00:00
[2022-06-08 11:30:19,043] {processor.py:161} INFO - Processing /home/james/airflowa/lib/python3.8/site-packages/airflow/example_dags/example_branch_datetime_operator.py took 0.077 seconds
[2022-06-08 11:31:43,134] {processor.py:153} INFO - Started process (PID=78653) to work on /home/james/airflowa/lib/python3.8/site-packages/airflow/example_dags/example_branch_datetime_operator.py
[2022-06-08 11:31:43,135] {processor.py:641} INFO - Processing file /home/james/airflowa/lib/python3.8/site-packages/airflow/example_dags/example_branch_datetime_operator.py for tasks to queue
[2022-06-08 11:31:43,136] {logging_mixin.py:115} INFO - [2022-06-08 11:31:43,136] {dagbag.py:507} INFO - Filling up the DagBag from /home/james/airflowa/lib/python3.8/site-packages/airflow/example_dags/example_branch_datetime_operator.py
[2022-06-08 11:31:43,146] {processor.py:651} INFO - DAG(s) dict_keys(['example_branch_datetime_operator_2']) retrieved from /home/james/airflowa/lib/python3.8/site-packages/airflow/example_dags/example_branch_datetime_operator.py
[2022-06-08 11:31:43,165] {logging_mixin.py:115} INFO - [2022-06-08 11:31:43,165] {dag.py:2379} INFO - Sync 1 DAGs
[2022-06-08 11:31:43,191] {logging_mixin.py:115} INFO - [2022-06-08 11:31:43,190] {dag.py:2927} INFO - Setting next_dagrun for example_branch_datetime_operator_2 to 2022-06-07T00:00:00+00:00, run_after=2022-06-08T00:00:00+00:00
[2022-06-08 11:31:43,205] {processor.py:161} INFO - Processing /home/james/airflowa/lib/python3.8/site-packages/airflow/example_dags/example_branch_datetime_operator.py took 0.074 seconds
[2022-06-08 11:32:30,685] {processor.py:153} INFO - Started process (PID=78911) to work on /home/james/airflowa/lib/python3.8/site-packages/airflow/example_dags/example_branch_datetime_operator.py
[2022-06-08 11:32:30,685] {processor.py:641} INFO - Processing file /home/james/airflowa/lib/python3.8/site-packages/airflow/example_dags/example_branch_datetime_operator.py for tasks to queue
[2022-06-08 11:32:30,686] {logging_mixin.py:115} INFO - [2022-06-08 11:32:30,686] {dagbag.py:507} INFO - Filling up the DagBag from /home/james/airflowa/lib/python3.8/site-packages/airflow/example_dags/example_branch_datetime_operator.py
[2022-06-08 11:32:30,699] {processor.py:651} INFO - DAG(s) dict_keys(['example_branch_datetime_operator_2']) retrieved from /home/james/airflowa/lib/python3.8/site-packages/airflow/example_dags/example_branch_datetime_operator.py
[2022-06-08 11:32:30,718] {logging_mixin.py:115} INFO - [2022-06-08 11:32:30,718] {dag.py:2379} INFO - Sync 1 DAGs
[2022-06-08 11:32:30,749] {logging_mixin.py:115} INFO - [2022-06-08 11:32:30,748] {dag.py:2927} INFO - Setting next_dagrun for example_branch_datetime_operator_2 to 2022-06-07T00:00:00+00:00, run_after=2022-06-08T00:00:00+00:00
[2022-06-08 11:32:30,769] {processor.py:161} INFO - Processing /home/james/airflowa/lib/python3.8/site-packages/airflow/example_dags/example_branch_datetime_operator.py took 0.088 seconds
[2022-06-08 11:33:21,449] {processor.py:153} INFO - Started process (PID=79211) to work on /home/james/airflowa/lib/python3.8/site-packages/airflow/example_dags/example_branch_datetime_operator.py
[2022-06-08 11:33:21,451] {processor.py:641} INFO - Processing file /home/james/airflowa/lib/python3.8/site-packages/airflow/example_dags/example_branch_datetime_operator.py for tasks to queue
[2022-06-08 11:33:21,452] {logging_mixin.py:115} INFO - [2022-06-08 11:33:21,452] {dagbag.py:507} INFO - Filling up the DagBag from /home/james/airflowa/lib/python3.8/site-packages/airflow/example_dags/example_branch_datetime_operator.py
[2022-06-08 11:33:21,477] {processor.py:651} INFO - DAG(s) dict_keys(['example_branch_datetime_operator_2']) retrieved from /home/james/airflowa/lib/python3.8/site-packages/airflow/example_dags/example_branch_datetime_operator.py
[2022-06-08 11:33:21,518] {logging_mixin.py:115} INFO - [2022-06-08 11:33:21,518] {dag.py:2379} INFO - Sync 1 DAGs
[2022-06-08 11:33:21,565] {logging_mixin.py:115} INFO - [2022-06-08 11:33:21,565] {dag.py:2927} INFO - Setting next_dagrun for example_branch_datetime_operator_2 to 2022-06-07T00:00:00+00:00, run_after=2022-06-08T00:00:00+00:00
[2022-06-08 11:33:21,615] {processor.py:161} INFO - Processing /home/james/airflowa/lib/python3.8/site-packages/airflow/example_dags/example_branch_datetime_operator.py took 0.170 seconds
[2022-06-08 11:34:10,132] {processor.py:153} INFO - Started process (PID=79644) to work on /home/james/airflowa/lib/python3.8/site-packages/airflow/example_dags/example_branch_datetime_operator.py
[2022-06-08 11:34:10,133] {processor.py:641} INFO - Processing file /home/james/airflowa/lib/python3.8/site-packages/airflow/example_dags/example_branch_datetime_operator.py for tasks to queue
[2022-06-08 11:34:10,134] {logging_mixin.py:115} INFO - [2022-06-08 11:34:10,134] {dagbag.py:507} INFO - Filling up the DagBag from /home/james/airflowa/lib/python3.8/site-packages/airflow/example_dags/example_branch_datetime_operator.py
[2022-06-08 11:34:10,151] {processor.py:651} INFO - DAG(s) dict_keys(['example_branch_datetime_operator_2']) retrieved from /home/james/airflowa/lib/python3.8/site-packages/airflow/example_dags/example_branch_datetime_operator.py
[2022-06-08 11:34:10,178] {logging_mixin.py:115} INFO - [2022-06-08 11:34:10,178] {dag.py:2379} INFO - Sync 1 DAGs
[2022-06-08 11:34:10,203] {logging_mixin.py:115} INFO - [2022-06-08 11:34:10,203] {dag.py:2927} INFO - Setting next_dagrun for example_branch_datetime_operator_2 to 2022-06-07T00:00:00+00:00, run_after=2022-06-08T00:00:00+00:00
[2022-06-08 11:34:10,225] {processor.py:161} INFO - Processing /home/james/airflowa/lib/python3.8/site-packages/airflow/example_dags/example_branch_datetime_operator.py took 0.097 seconds
[2022-06-08 11:34:57,710] {processor.py:153} INFO - Started process (PID=80113) to work on /home/james/airflowa/lib/python3.8/site-packages/airflow/example_dags/example_branch_datetime_operator.py
[2022-06-08 11:34:57,710] {processor.py:641} INFO - Processing file /home/james/airflowa/lib/python3.8/site-packages/airflow/example_dags/example_branch_datetime_operator.py for tasks to queue
[2022-06-08 11:34:57,711] {logging_mixin.py:115} INFO - [2022-06-08 11:34:57,711] {dagbag.py:507} INFO - Filling up the DagBag from /home/james/airflowa/lib/python3.8/site-packages/airflow/example_dags/example_branch_datetime_operator.py
[2022-06-08 11:34:57,718] {processor.py:651} INFO - DAG(s) dict_keys(['example_branch_datetime_operator_2']) retrieved from /home/james/airflowa/lib/python3.8/site-packages/airflow/example_dags/example_branch_datetime_operator.py
[2022-06-08 11:34:57,731] {logging_mixin.py:115} INFO - [2022-06-08 11:34:57,730] {dag.py:2379} INFO - Sync 1 DAGs
[2022-06-08 11:34:57,750] {logging_mixin.py:115} INFO - [2022-06-08 11:34:57,750] {dag.py:2927} INFO - Setting next_dagrun for example_branch_datetime_operator_2 to 2022-06-07T00:00:00+00:00, run_after=2022-06-08T00:00:00+00:00
[2022-06-08 11:34:57,761] {processor.py:161} INFO - Processing /home/james/airflowa/lib/python3.8/site-packages/airflow/example_dags/example_branch_datetime_operator.py took 0.055 seconds
[2022-06-08 12:22:05,327] {processor.py:153} INFO - Started process (PID=104825) to work on /home/james/airflowa/lib/python3.8/site-packages/airflow/example_dags/example_branch_datetime_operator.py
[2022-06-08 12:22:05,329] {processor.py:641} INFO - Processing file /home/james/airflowa/lib/python3.8/site-packages/airflow/example_dags/example_branch_datetime_operator.py for tasks to queue
[2022-06-08 12:22:05,330] {logging_mixin.py:115} INFO - [2022-06-08 12:22:05,329] {dagbag.py:507} INFO - Filling up the DagBag from /home/james/airflowa/lib/python3.8/site-packages/airflow/example_dags/example_branch_datetime_operator.py
[2022-06-08 12:22:05,343] {processor.py:651} INFO - DAG(s) dict_keys(['example_branch_datetime_operator_2']) retrieved from /home/james/airflowa/lib/python3.8/site-packages/airflow/example_dags/example_branch_datetime_operator.py
[2022-06-08 12:22:05,367] {logging_mixin.py:115} INFO - [2022-06-08 12:22:05,367] {dag.py:2379} INFO - Sync 1 DAGs
[2022-06-08 12:22:05,409] {logging_mixin.py:115} INFO - [2022-06-08 12:22:05,408] {dag.py:2927} INFO - Setting next_dagrun for example_branch_datetime_operator_2 to 2022-06-07T00:00:00+00:00, run_after=2022-06-08T00:00:00+00:00
[2022-06-08 12:22:05,431] {processor.py:161} INFO - Processing /home/james/airflowa/lib/python3.8/site-packages/airflow/example_dags/example_branch_datetime_operator.py took 0.107 seconds
[2022-06-08 12:22:58,961] {processor.py:153} INFO - Started process (PID=105183) to work on /home/james/airflowa/lib/python3.8/site-packages/airflow/example_dags/example_branch_datetime_operator.py
[2022-06-08 12:22:58,963] {processor.py:641} INFO - Processing file /home/james/airflowa/lib/python3.8/site-packages/airflow/example_dags/example_branch_datetime_operator.py for tasks to queue
[2022-06-08 12:22:58,963] {logging_mixin.py:115} INFO - [2022-06-08 12:22:58,963] {dagbag.py:507} INFO - Filling up the DagBag from /home/james/airflowa/lib/python3.8/site-packages/airflow/example_dags/example_branch_datetime_operator.py
[2022-06-08 12:22:58,974] {processor.py:651} INFO - DAG(s) dict_keys(['example_branch_datetime_operator_2']) retrieved from /home/james/airflowa/lib/python3.8/site-packages/airflow/example_dags/example_branch_datetime_operator.py
[2022-06-08 12:22:58,997] {logging_mixin.py:115} INFO - [2022-06-08 12:22:58,997] {dag.py:2379} INFO - Sync 1 DAGs
[2022-06-08 12:22:59,035] {logging_mixin.py:115} INFO - [2022-06-08 12:22:59,035] {dag.py:2927} INFO - Setting next_dagrun for example_branch_datetime_operator_2 to 2022-06-07T00:00:00+00:00, run_after=2022-06-08T00:00:00+00:00
[2022-06-08 12:22:59,055] {processor.py:161} INFO - Processing /home/james/airflowa/lib/python3.8/site-packages/airflow/example_dags/example_branch_datetime_operator.py took 0.098 seconds
[2022-06-08 12:38:13,246] {processor.py:153} INFO - Started process (PID=114453) to work on /home/james/airflowa/lib/python3.8/site-packages/airflow/example_dags/example_branch_datetime_operator.py
[2022-06-08 12:38:13,248] {processor.py:641} INFO - Processing file /home/james/airflowa/lib/python3.8/site-packages/airflow/example_dags/example_branch_datetime_operator.py for tasks to queue
[2022-06-08 12:38:13,249] {logging_mixin.py:115} INFO - [2022-06-08 12:38:13,249] {dagbag.py:507} INFO - Filling up the DagBag from /home/james/airflowa/lib/python3.8/site-packages/airflow/example_dags/example_branch_datetime_operator.py
[2022-06-08 12:38:13,269] {processor.py:651} INFO - DAG(s) dict_keys(['example_branch_datetime_operator_2']) retrieved from /home/james/airflowa/lib/python3.8/site-packages/airflow/example_dags/example_branch_datetime_operator.py
[2022-06-08 12:38:13,312] {logging_mixin.py:115} INFO - [2022-06-08 12:38:13,312] {dag.py:2379} INFO - Sync 1 DAGs
[2022-06-08 12:38:13,364] {logging_mixin.py:115} INFO - [2022-06-08 12:38:13,364] {dag.py:2927} INFO - Setting next_dagrun for example_branch_datetime_operator_2 to 2022-06-07T00:00:00+00:00, run_after=2022-06-08T00:00:00+00:00
[2022-06-08 12:38:13,442] {processor.py:161} INFO - Processing /home/james/airflowa/lib/python3.8/site-packages/airflow/example_dags/example_branch_datetime_operator.py took 0.202 seconds
[2022-06-08 12:39:44,533] {processor.py:153} INFO - Started process (PID=115772) to work on /home/james/airflowa/lib/python3.8/site-packages/airflow/example_dags/example_branch_datetime_operator.py
[2022-06-08 12:39:44,534] {processor.py:641} INFO - Processing file /home/james/airflowa/lib/python3.8/site-packages/airflow/example_dags/example_branch_datetime_operator.py for tasks to queue
[2022-06-08 12:39:44,535] {logging_mixin.py:115} INFO - [2022-06-08 12:39:44,535] {dagbag.py:507} INFO - Filling up the DagBag from /home/james/airflowa/lib/python3.8/site-packages/airflow/example_dags/example_branch_datetime_operator.py
[2022-06-08 12:39:44,556] {processor.py:651} INFO - DAG(s) dict_keys(['example_branch_datetime_operator_2']) retrieved from /home/james/airflowa/lib/python3.8/site-packages/airflow/example_dags/example_branch_datetime_operator.py
[2022-06-08 12:39:44,586] {logging_mixin.py:115} INFO - [2022-06-08 12:39:44,586] {dag.py:2379} INFO - Sync 1 DAGs
[2022-06-08 12:39:44,623] {logging_mixin.py:115} INFO - [2022-06-08 12:39:44,623] {dag.py:2927} INFO - Setting next_dagrun for example_branch_datetime_operator_2 to 2022-06-07T00:00:00+00:00, run_after=2022-06-08T00:00:00+00:00
[2022-06-08 12:39:44,643] {processor.py:161} INFO - Processing /home/james/airflowa/lib/python3.8/site-packages/airflow/example_dags/example_branch_datetime_operator.py took 0.115 seconds
[2022-06-08 12:41:10,610] {processor.py:153} INFO - Started process (PID=116726) to work on /home/james/airflowa/lib/python3.8/site-packages/airflow/example_dags/example_branch_datetime_operator.py
[2022-06-08 12:41:10,610] {processor.py:641} INFO - Processing file /home/james/airflowa/lib/python3.8/site-packages/airflow/example_dags/example_branch_datetime_operator.py for tasks to queue
[2022-06-08 12:41:10,611] {logging_mixin.py:115} INFO - [2022-06-08 12:41:10,611] {dagbag.py:507} INFO - Filling up the DagBag from /home/james/airflowa/lib/python3.8/site-packages/airflow/example_dags/example_branch_datetime_operator.py
[2022-06-08 12:41:10,622] {processor.py:651} INFO - DAG(s) dict_keys(['example_branch_datetime_operator_2']) retrieved from /home/james/airflowa/lib/python3.8/site-packages/airflow/example_dags/example_branch_datetime_operator.py
[2022-06-08 12:41:10,640] {logging_mixin.py:115} INFO - [2022-06-08 12:41:10,640] {dag.py:2379} INFO - Sync 1 DAGs
[2022-06-08 12:41:10,664] {logging_mixin.py:115} INFO - [2022-06-08 12:41:10,664] {dag.py:2927} INFO - Setting next_dagrun for example_branch_datetime_operator_2 to 2022-06-07T00:00:00+00:00, run_after=2022-06-08T00:00:00+00:00
[2022-06-08 12:41:10,680] {processor.py:161} INFO - Processing /home/james/airflowa/lib/python3.8/site-packages/airflow/example_dags/example_branch_datetime_operator.py took 0.074 seconds
[2022-06-08 12:45:10,249] {processor.py:153} INFO - Started process (PID=118124) to work on /home/james/airflowa/lib/python3.8/site-packages/airflow/example_dags/example_branch_datetime_operator.py
[2022-06-08 12:45:10,250] {processor.py:641} INFO - Processing file /home/james/airflowa/lib/python3.8/site-packages/airflow/example_dags/example_branch_datetime_operator.py for tasks to queue
[2022-06-08 12:45:10,251] {logging_mixin.py:115} INFO - [2022-06-08 12:45:10,250] {dagbag.py:507} INFO - Filling up the DagBag from /home/james/airflowa/lib/python3.8/site-packages/airflow/example_dags/example_branch_datetime_operator.py
[2022-06-08 12:45:10,261] {processor.py:651} INFO - DAG(s) dict_keys(['example_branch_datetime_operator_2']) retrieved from /home/james/airflowa/lib/python3.8/site-packages/airflow/example_dags/example_branch_datetime_operator.py
[2022-06-08 12:45:10,284] {logging_mixin.py:115} INFO - [2022-06-08 12:45:10,284] {dag.py:2379} INFO - Sync 1 DAGs
[2022-06-08 12:45:10,305] {logging_mixin.py:115} INFO - [2022-06-08 12:45:10,304] {dag.py:2927} INFO - Setting next_dagrun for example_branch_datetime_operator_2 to 2022-06-07T00:00:00+00:00, run_after=2022-06-08T00:00:00+00:00
[2022-06-08 12:45:10,320] {processor.py:161} INFO - Processing /home/james/airflowa/lib/python3.8/site-packages/airflow/example_dags/example_branch_datetime_operator.py took 0.075 seconds
[2022-06-08 12:46:05,424] {processor.py:153} INFO - Started process (PID=118452) to work on /home/james/airflowa/lib/python3.8/site-packages/airflow/example_dags/example_branch_datetime_operator.py
[2022-06-08 12:46:05,425] {processor.py:641} INFO - Processing file /home/james/airflowa/lib/python3.8/site-packages/airflow/example_dags/example_branch_datetime_operator.py for tasks to queue
[2022-06-08 12:46:05,425] {logging_mixin.py:115} INFO - [2022-06-08 12:46:05,425] {dagbag.py:507} INFO - Filling up the DagBag from /home/james/airflowa/lib/python3.8/site-packages/airflow/example_dags/example_branch_datetime_operator.py
[2022-06-08 12:46:05,432] {processor.py:651} INFO - DAG(s) dict_keys(['example_branch_datetime_operator_2']) retrieved from /home/james/airflowa/lib/python3.8/site-packages/airflow/example_dags/example_branch_datetime_operator.py
[2022-06-08 12:46:05,449] {logging_mixin.py:115} INFO - [2022-06-08 12:46:05,448] {dag.py:2379} INFO - Sync 1 DAGs
[2022-06-08 12:46:05,465] {logging_mixin.py:115} INFO - [2022-06-08 12:46:05,465] {dag.py:2927} INFO - Setting next_dagrun for example_branch_datetime_operator_2 to 2022-06-07T00:00:00+00:00, run_after=2022-06-08T00:00:00+00:00
[2022-06-08 12:46:05,479] {processor.py:161} INFO - Processing /home/james/airflowa/lib/python3.8/site-packages/airflow/example_dags/example_branch_datetime_operator.py took 0.057 seconds
[2022-06-08 12:47:20,794] {processor.py:153} INFO - Started process (PID=119354) to work on /home/james/airflowa/lib/python3.8/site-packages/airflow/example_dags/example_branch_datetime_operator.py
[2022-06-08 12:47:20,799] {processor.py:641} INFO - Processing file /home/james/airflowa/lib/python3.8/site-packages/airflow/example_dags/example_branch_datetime_operator.py for tasks to queue
[2022-06-08 12:47:20,801] {logging_mixin.py:115} INFO - [2022-06-08 12:47:20,800] {dagbag.py:507} INFO - Filling up the DagBag from /home/james/airflowa/lib/python3.8/site-packages/airflow/example_dags/example_branch_datetime_operator.py
[2022-06-08 12:47:20,835] {processor.py:651} INFO - DAG(s) dict_keys(['example_branch_datetime_operator_2']) retrieved from /home/james/airflowa/lib/python3.8/site-packages/airflow/example_dags/example_branch_datetime_operator.py
[2022-06-08 12:47:20,972] {logging_mixin.py:115} INFO - [2022-06-08 12:47:20,972] {dag.py:2379} INFO - Sync 1 DAGs
[2022-06-08 12:47:21,070] {logging_mixin.py:115} INFO - [2022-06-08 12:47:21,070] {dag.py:2927} INFO - Setting next_dagrun for example_branch_datetime_operator_2 to 2022-06-07T00:00:00+00:00, run_after=2022-06-08T00:00:00+00:00
[2022-06-08 12:47:21,123] {processor.py:161} INFO - Processing /home/james/airflowa/lib/python3.8/site-packages/airflow/example_dags/example_branch_datetime_operator.py took 0.340 seconds
[2022-06-08 12:48:44,483] {processor.py:153} INFO - Started process (PID=119925) to work on /home/james/airflowa/lib/python3.8/site-packages/airflow/example_dags/example_branch_datetime_operator.py
[2022-06-08 12:48:44,484] {processor.py:641} INFO - Processing file /home/james/airflowa/lib/python3.8/site-packages/airflow/example_dags/example_branch_datetime_operator.py for tasks to queue
[2022-06-08 12:48:44,485] {logging_mixin.py:115} INFO - [2022-06-08 12:48:44,485] {dagbag.py:507} INFO - Filling up the DagBag from /home/james/airflowa/lib/python3.8/site-packages/airflow/example_dags/example_branch_datetime_operator.py
[2022-06-08 12:48:44,492] {processor.py:651} INFO - DAG(s) dict_keys(['example_branch_datetime_operator_2']) retrieved from /home/james/airflowa/lib/python3.8/site-packages/airflow/example_dags/example_branch_datetime_operator.py
[2022-06-08 12:48:44,504] {logging_mixin.py:115} INFO - [2022-06-08 12:48:44,504] {dag.py:2379} INFO - Sync 1 DAGs
[2022-06-08 12:48:44,520] {logging_mixin.py:115} INFO - [2022-06-08 12:48:44,520] {dag.py:2927} INFO - Setting next_dagrun for example_branch_datetime_operator_2 to 2022-06-07T00:00:00+00:00, run_after=2022-06-08T00:00:00+00:00
[2022-06-08 12:48:44,531] {processor.py:161} INFO - Processing /home/james/airflowa/lib/python3.8/site-packages/airflow/example_dags/example_branch_datetime_operator.py took 0.050 seconds
[2022-06-08 12:51:16,183] {processor.py:153} INFO - Started process (PID=121069) to work on /home/james/airflowa/lib/python3.8/site-packages/airflow/example_dags/example_branch_datetime_operator.py
[2022-06-08 12:51:16,185] {processor.py:641} INFO - Processing file /home/james/airflowa/lib/python3.8/site-packages/airflow/example_dags/example_branch_datetime_operator.py for tasks to queue
[2022-06-08 12:51:16,186] {logging_mixin.py:115} INFO - [2022-06-08 12:51:16,186] {dagbag.py:507} INFO - Filling up the DagBag from /home/james/airflowa/lib/python3.8/site-packages/airflow/example_dags/example_branch_datetime_operator.py
[2022-06-08 12:51:16,203] {processor.py:651} INFO - DAG(s) dict_keys(['example_branch_datetime_operator_2']) retrieved from /home/james/airflowa/lib/python3.8/site-packages/airflow/example_dags/example_branch_datetime_operator.py
[2022-06-08 12:51:16,235] {logging_mixin.py:115} INFO - [2022-06-08 12:51:16,234] {dag.py:2379} INFO - Sync 1 DAGs
[2022-06-08 12:51:16,277] {logging_mixin.py:115} INFO - [2022-06-08 12:51:16,276] {dag.py:2927} INFO - Setting next_dagrun for example_branch_datetime_operator_2 to 2022-06-07T00:00:00+00:00, run_after=2022-06-08T00:00:00+00:00
[2022-06-08 12:51:16,301] {processor.py:161} INFO - Processing /home/james/airflowa/lib/python3.8/site-packages/airflow/example_dags/example_branch_datetime_operator.py took 0.126 seconds
[2022-06-08 12:53:33,316] {processor.py:153} INFO - Started process (PID=121901) to work on /home/james/airflowa/lib/python3.8/site-packages/airflow/example_dags/example_branch_datetime_operator.py
[2022-06-08 12:53:33,317] {processor.py:641} INFO - Processing file /home/james/airflowa/lib/python3.8/site-packages/airflow/example_dags/example_branch_datetime_operator.py for tasks to queue
[2022-06-08 12:53:33,318] {logging_mixin.py:115} INFO - [2022-06-08 12:53:33,318] {dagbag.py:507} INFO - Filling up the DagBag from /home/james/airflowa/lib/python3.8/site-packages/airflow/example_dags/example_branch_datetime_operator.py
[2022-06-08 12:53:33,336] {processor.py:651} INFO - DAG(s) dict_keys(['example_branch_datetime_operator_2']) retrieved from /home/james/airflowa/lib/python3.8/site-packages/airflow/example_dags/example_branch_datetime_operator.py
[2022-06-08 12:53:33,374] {logging_mixin.py:115} INFO - [2022-06-08 12:53:33,373] {dag.py:2379} INFO - Sync 1 DAGs
[2022-06-08 12:53:33,430] {logging_mixin.py:115} INFO - [2022-06-08 12:53:33,430] {dag.py:2927} INFO - Setting next_dagrun for example_branch_datetime_operator_2 to 2022-06-07T00:00:00+00:00, run_after=2022-06-08T00:00:00+00:00
[2022-06-08 12:53:33,468] {processor.py:161} INFO - Processing /home/james/airflowa/lib/python3.8/site-packages/airflow/example_dags/example_branch_datetime_operator.py took 0.158 seconds
[2022-06-08 12:55:16,922] {processor.py:153} INFO - Started process (PID=122643) to work on /home/james/airflowa/lib/python3.8/site-packages/airflow/example_dags/example_branch_datetime_operator.py
[2022-06-08 12:55:16,923] {processor.py:641} INFO - Processing file /home/james/airflowa/lib/python3.8/site-packages/airflow/example_dags/example_branch_datetime_operator.py for tasks to queue
[2022-06-08 12:55:16,925] {logging_mixin.py:115} INFO - [2022-06-08 12:55:16,924] {dagbag.py:507} INFO - Filling up the DagBag from /home/james/airflowa/lib/python3.8/site-packages/airflow/example_dags/example_branch_datetime_operator.py
[2022-06-08 12:55:16,944] {processor.py:651} INFO - DAG(s) dict_keys(['example_branch_datetime_operator_2']) retrieved from /home/james/airflowa/lib/python3.8/site-packages/airflow/example_dags/example_branch_datetime_operator.py
[2022-06-08 12:55:16,978] {logging_mixin.py:115} INFO - [2022-06-08 12:55:16,978] {dag.py:2379} INFO - Sync 1 DAGs
[2022-06-08 12:55:17,022] {logging_mixin.py:115} INFO - [2022-06-08 12:55:17,022] {dag.py:2927} INFO - Setting next_dagrun for example_branch_datetime_operator_2 to 2022-06-07T00:00:00+00:00, run_after=2022-06-08T00:00:00+00:00
[2022-06-08 12:55:17,054] {processor.py:161} INFO - Processing /home/james/airflowa/lib/python3.8/site-packages/airflow/example_dags/example_branch_datetime_operator.py took 0.137 seconds
[2022-06-08 12:56:27,186] {processor.py:153} INFO - Started process (PID=123007) to work on /home/james/airflowa/lib/python3.8/site-packages/airflow/example_dags/example_branch_datetime_operator.py
[2022-06-08 12:56:27,187] {processor.py:641} INFO - Processing file /home/james/airflowa/lib/python3.8/site-packages/airflow/example_dags/example_branch_datetime_operator.py for tasks to queue
[2022-06-08 12:56:27,187] {logging_mixin.py:115} INFO - [2022-06-08 12:56:27,187] {dagbag.py:507} INFO - Filling up the DagBag from /home/james/airflowa/lib/python3.8/site-packages/airflow/example_dags/example_branch_datetime_operator.py
[2022-06-08 12:56:27,198] {processor.py:651} INFO - DAG(s) dict_keys(['example_branch_datetime_operator_2']) retrieved from /home/james/airflowa/lib/python3.8/site-packages/airflow/example_dags/example_branch_datetime_operator.py
[2022-06-08 12:56:27,212] {logging_mixin.py:115} INFO - [2022-06-08 12:56:27,212] {dag.py:2379} INFO - Sync 1 DAGs
[2022-06-08 12:56:27,236] {logging_mixin.py:115} INFO - [2022-06-08 12:56:27,236] {dag.py:2927} INFO - Setting next_dagrun for example_branch_datetime_operator_2 to 2022-06-07T00:00:00+00:00, run_after=2022-06-08T00:00:00+00:00
[2022-06-08 12:56:27,252] {processor.py:161} INFO - Processing /home/james/airflowa/lib/python3.8/site-packages/airflow/example_dags/example_branch_datetime_operator.py took 0.069 seconds
[2022-06-08 12:57:49,192] {processor.py:153} INFO - Started process (PID=123386) to work on /home/james/airflowa/lib/python3.8/site-packages/airflow/example_dags/example_branch_datetime_operator.py
[2022-06-08 12:57:49,193] {processor.py:641} INFO - Processing file /home/james/airflowa/lib/python3.8/site-packages/airflow/example_dags/example_branch_datetime_operator.py for tasks to queue
[2022-06-08 12:57:49,193] {logging_mixin.py:115} INFO - [2022-06-08 12:57:49,193] {dagbag.py:507} INFO - Filling up the DagBag from /home/james/airflowa/lib/python3.8/site-packages/airflow/example_dags/example_branch_datetime_operator.py
[2022-06-08 12:57:49,199] {processor.py:651} INFO - DAG(s) dict_keys(['example_branch_datetime_operator_2']) retrieved from /home/james/airflowa/lib/python3.8/site-packages/airflow/example_dags/example_branch_datetime_operator.py
[2022-06-08 12:57:49,212] {logging_mixin.py:115} INFO - [2022-06-08 12:57:49,212] {dag.py:2379} INFO - Sync 1 DAGs
[2022-06-08 12:57:49,228] {logging_mixin.py:115} INFO - [2022-06-08 12:57:49,228] {dag.py:2927} INFO - Setting next_dagrun for example_branch_datetime_operator_2 to 2022-06-07T00:00:00+00:00, run_after=2022-06-08T00:00:00+00:00
[2022-06-08 12:57:49,239] {processor.py:161} INFO - Processing /home/james/airflowa/lib/python3.8/site-packages/airflow/example_dags/example_branch_datetime_operator.py took 0.050 seconds
[2022-06-08 12:58:44,956] {processor.py:153} INFO - Started process (PID=123811) to work on /home/james/airflowa/lib/python3.8/site-packages/airflow/example_dags/example_branch_datetime_operator.py
[2022-06-08 12:58:44,961] {processor.py:641} INFO - Processing file /home/james/airflowa/lib/python3.8/site-packages/airflow/example_dags/example_branch_datetime_operator.py for tasks to queue
[2022-06-08 12:58:44,962] {logging_mixin.py:115} INFO - [2022-06-08 12:58:44,962] {dagbag.py:507} INFO - Filling up the DagBag from /home/james/airflowa/lib/python3.8/site-packages/airflow/example_dags/example_branch_datetime_operator.py
[2022-06-08 12:58:44,978] {processor.py:651} INFO - DAG(s) dict_keys(['example_branch_datetime_operator_2']) retrieved from /home/james/airflowa/lib/python3.8/site-packages/airflow/example_dags/example_branch_datetime_operator.py
[2022-06-08 12:58:45,004] {logging_mixin.py:115} INFO - [2022-06-08 12:58:45,004] {dag.py:2379} INFO - Sync 1 DAGs
[2022-06-08 12:58:45,050] {logging_mixin.py:115} INFO - [2022-06-08 12:58:45,049] {dag.py:2927} INFO - Setting next_dagrun for example_branch_datetime_operator_2 to 2022-06-07T00:00:00+00:00, run_after=2022-06-08T00:00:00+00:00
[2022-06-08 12:58:45,068] {processor.py:161} INFO - Processing /home/james/airflowa/lib/python3.8/site-packages/airflow/example_dags/example_branch_datetime_operator.py took 0.115 seconds
[2022-06-08 12:59:29,430] {processor.py:153} INFO - Started process (PID=124056) to work on /home/james/airflowa/lib/python3.8/site-packages/airflow/example_dags/example_branch_datetime_operator.py
[2022-06-08 12:59:29,431] {processor.py:641} INFO - Processing file /home/james/airflowa/lib/python3.8/site-packages/airflow/example_dags/example_branch_datetime_operator.py for tasks to queue
[2022-06-08 12:59:29,431] {logging_mixin.py:115} INFO - [2022-06-08 12:59:29,431] {dagbag.py:507} INFO - Filling up the DagBag from /home/james/airflowa/lib/python3.8/site-packages/airflow/example_dags/example_branch_datetime_operator.py
[2022-06-08 12:59:29,438] {processor.py:651} INFO - DAG(s) dict_keys(['example_branch_datetime_operator_2']) retrieved from /home/james/airflowa/lib/python3.8/site-packages/airflow/example_dags/example_branch_datetime_operator.py
[2022-06-08 12:59:29,451] {logging_mixin.py:115} INFO - [2022-06-08 12:59:29,451] {dag.py:2379} INFO - Sync 1 DAGs
[2022-06-08 12:59:29,468] {logging_mixin.py:115} INFO - [2022-06-08 12:59:29,467] {dag.py:2927} INFO - Setting next_dagrun for example_branch_datetime_operator_2 to 2022-06-07T00:00:00+00:00, run_after=2022-06-08T00:00:00+00:00
[2022-06-08 12:59:29,479] {processor.py:161} INFO - Processing /home/james/airflowa/lib/python3.8/site-packages/airflow/example_dags/example_branch_datetime_operator.py took 0.051 seconds
[2022-06-08 13:00:26,346] {processor.py:153} INFO - Started process (PID=124889) to work on /home/james/airflowa/lib/python3.8/site-packages/airflow/example_dags/example_branch_datetime_operator.py
[2022-06-08 13:00:26,348] {processor.py:641} INFO - Processing file /home/james/airflowa/lib/python3.8/site-packages/airflow/example_dags/example_branch_datetime_operator.py for tasks to queue
[2022-06-08 13:00:26,348] {logging_mixin.py:115} INFO - [2022-06-08 13:00:26,348] {dagbag.py:507} INFO - Filling up the DagBag from /home/james/airflowa/lib/python3.8/site-packages/airflow/example_dags/example_branch_datetime_operator.py
[2022-06-08 13:00:26,356] {processor.py:651} INFO - DAG(s) dict_keys(['example_branch_datetime_operator_2']) retrieved from /home/james/airflowa/lib/python3.8/site-packages/airflow/example_dags/example_branch_datetime_operator.py
[2022-06-08 13:00:26,368] {logging_mixin.py:115} INFO - [2022-06-08 13:00:26,368] {dag.py:2379} INFO - Sync 1 DAGs
[2022-06-08 13:00:26,384] {logging_mixin.py:115} INFO - [2022-06-08 13:00:26,384] {dag.py:2927} INFO - Setting next_dagrun for example_branch_datetime_operator_2 to 2022-06-07T00:00:00+00:00, run_after=2022-06-08T00:00:00+00:00
[2022-06-08 13:00:26,395] {processor.py:161} INFO - Processing /home/james/airflowa/lib/python3.8/site-packages/airflow/example_dags/example_branch_datetime_operator.py took 0.052 seconds
[2022-06-08 13:01:39,717] {processor.py:153} INFO - Started process (PID=125274) to work on /home/james/airflowa/lib/python3.8/site-packages/airflow/example_dags/example_branch_datetime_operator.py
[2022-06-08 13:01:39,718] {processor.py:641} INFO - Processing file /home/james/airflowa/lib/python3.8/site-packages/airflow/example_dags/example_branch_datetime_operator.py for tasks to queue
[2022-06-08 13:01:39,718] {logging_mixin.py:115} INFO - [2022-06-08 13:01:39,718] {dagbag.py:507} INFO - Filling up the DagBag from /home/james/airflowa/lib/python3.8/site-packages/airflow/example_dags/example_branch_datetime_operator.py
[2022-06-08 13:01:39,725] {processor.py:651} INFO - DAG(s) dict_keys(['example_branch_datetime_operator_2']) retrieved from /home/james/airflowa/lib/python3.8/site-packages/airflow/example_dags/example_branch_datetime_operator.py
[2022-06-08 13:01:39,746] {logging_mixin.py:115} INFO - [2022-06-08 13:01:39,746] {dag.py:2379} INFO - Sync 1 DAGs
[2022-06-08 13:01:39,767] {logging_mixin.py:115} INFO - [2022-06-08 13:01:39,767] {dag.py:2927} INFO - Setting next_dagrun for example_branch_datetime_operator_2 to 2022-06-07T00:00:00+00:00, run_after=2022-06-08T00:00:00+00:00
[2022-06-08 13:01:39,779] {processor.py:161} INFO - Processing /home/james/airflowa/lib/python3.8/site-packages/airflow/example_dags/example_branch_datetime_operator.py took 0.065 seconds
[2022-06-08 13:02:47,669] {processor.py:153} INFO - Started process (PID=125644) to work on /home/james/airflowa/lib/python3.8/site-packages/airflow/example_dags/example_branch_datetime_operator.py
[2022-06-08 13:02:47,670] {processor.py:641} INFO - Processing file /home/james/airflowa/lib/python3.8/site-packages/airflow/example_dags/example_branch_datetime_operator.py for tasks to queue
[2022-06-08 13:02:47,670] {logging_mixin.py:115} INFO - [2022-06-08 13:02:47,670] {dagbag.py:507} INFO - Filling up the DagBag from /home/james/airflowa/lib/python3.8/site-packages/airflow/example_dags/example_branch_datetime_operator.py
[2022-06-08 13:02:47,678] {processor.py:651} INFO - DAG(s) dict_keys(['example_branch_datetime_operator_2']) retrieved from /home/james/airflowa/lib/python3.8/site-packages/airflow/example_dags/example_branch_datetime_operator.py
[2022-06-08 13:02:47,690] {logging_mixin.py:115} INFO - [2022-06-08 13:02:47,690] {dag.py:2379} INFO - Sync 1 DAGs
[2022-06-08 13:02:47,706] {logging_mixin.py:115} INFO - [2022-06-08 13:02:47,706] {dag.py:2927} INFO - Setting next_dagrun for example_branch_datetime_operator_2 to 2022-06-07T00:00:00+00:00, run_after=2022-06-08T00:00:00+00:00
[2022-06-08 13:02:47,716] {processor.py:161} INFO - Processing /home/james/airflowa/lib/python3.8/site-packages/airflow/example_dags/example_branch_datetime_operator.py took 0.051 seconds
[2022-06-08 13:04:06,338] {processor.py:153} INFO - Started process (PID=126292) to work on /home/james/airflowa/lib/python3.8/site-packages/airflow/example_dags/example_branch_datetime_operator.py
[2022-06-08 13:04:06,339] {processor.py:641} INFO - Processing file /home/james/airflowa/lib/python3.8/site-packages/airflow/example_dags/example_branch_datetime_operator.py for tasks to queue
[2022-06-08 13:04:06,340] {logging_mixin.py:115} INFO - [2022-06-08 13:04:06,340] {dagbag.py:507} INFO - Filling up the DagBag from /home/james/airflowa/lib/python3.8/site-packages/airflow/example_dags/example_branch_datetime_operator.py
[2022-06-08 13:04:06,347] {processor.py:651} INFO - DAG(s) dict_keys(['example_branch_datetime_operator_2']) retrieved from /home/james/airflowa/lib/python3.8/site-packages/airflow/example_dags/example_branch_datetime_operator.py
[2022-06-08 13:04:06,360] {logging_mixin.py:115} INFO - [2022-06-08 13:04:06,360] {dag.py:2379} INFO - Sync 1 DAGs
[2022-06-08 13:04:06,376] {logging_mixin.py:115} INFO - [2022-06-08 13:04:06,376] {dag.py:2927} INFO - Setting next_dagrun for example_branch_datetime_operator_2 to 2022-06-07T00:00:00+00:00, run_after=2022-06-08T00:00:00+00:00
[2022-06-08 13:04:06,387] {processor.py:161} INFO - Processing /home/james/airflowa/lib/python3.8/site-packages/airflow/example_dags/example_branch_datetime_operator.py took 0.052 seconds
[2022-06-08 13:04:45,962] {processor.py:153} INFO - Started process (PID=126434) to work on /home/james/airflowa/lib/python3.8/site-packages/airflow/example_dags/example_branch_datetime_operator.py
[2022-06-08 13:04:45,963] {processor.py:641} INFO - Processing file /home/james/airflowa/lib/python3.8/site-packages/airflow/example_dags/example_branch_datetime_operator.py for tasks to queue
[2022-06-08 13:04:45,963] {logging_mixin.py:115} INFO - [2022-06-08 13:04:45,963] {dagbag.py:507} INFO - Filling up the DagBag from /home/james/airflowa/lib/python3.8/site-packages/airflow/example_dags/example_branch_datetime_operator.py
[2022-06-08 13:04:45,969] {processor.py:651} INFO - DAG(s) dict_keys(['example_branch_datetime_operator_2']) retrieved from /home/james/airflowa/lib/python3.8/site-packages/airflow/example_dags/example_branch_datetime_operator.py
[2022-06-08 13:04:45,982] {logging_mixin.py:115} INFO - [2022-06-08 13:04:45,982] {dag.py:2379} INFO - Sync 1 DAGs
[2022-06-08 13:04:45,998] {logging_mixin.py:115} INFO - [2022-06-08 13:04:45,998] {dag.py:2927} INFO - Setting next_dagrun for example_branch_datetime_operator_2 to 2022-06-07T00:00:00+00:00, run_after=2022-06-08T00:00:00+00:00
[2022-06-08 13:04:46,010] {processor.py:161} INFO - Processing /home/james/airflowa/lib/python3.8/site-packages/airflow/example_dags/example_branch_datetime_operator.py took 0.050 seconds
[2022-06-08 13:06:08,962] {processor.py:153} INFO - Started process (PID=126817) to work on /home/james/airflowa/lib/python3.8/site-packages/airflow/example_dags/example_branch_datetime_operator.py
[2022-06-08 13:06:08,962] {processor.py:641} INFO - Processing file /home/james/airflowa/lib/python3.8/site-packages/airflow/example_dags/example_branch_datetime_operator.py for tasks to queue
[2022-06-08 13:06:08,963] {logging_mixin.py:115} INFO - [2022-06-08 13:06:08,963] {dagbag.py:507} INFO - Filling up the DagBag from /home/james/airflowa/lib/python3.8/site-packages/airflow/example_dags/example_branch_datetime_operator.py
[2022-06-08 13:06:08,969] {processor.py:651} INFO - DAG(s) dict_keys(['example_branch_datetime_operator_2']) retrieved from /home/james/airflowa/lib/python3.8/site-packages/airflow/example_dags/example_branch_datetime_operator.py
[2022-06-08 13:06:08,981] {logging_mixin.py:115} INFO - [2022-06-08 13:06:08,981] {dag.py:2379} INFO - Sync 1 DAGs
[2022-06-08 13:06:08,999] {logging_mixin.py:115} INFO - [2022-06-08 13:06:08,999] {dag.py:2927} INFO - Setting next_dagrun for example_branch_datetime_operator_2 to 2022-06-07T00:00:00+00:00, run_after=2022-06-08T00:00:00+00:00
[2022-06-08 13:06:09,010] {processor.py:161} INFO - Processing /home/james/airflowa/lib/python3.8/site-packages/airflow/example_dags/example_branch_datetime_operator.py took 0.051 seconds
