[2022-06-08 09:03:46,262] {processor.py:153} INFO - Started process (PID=23624) to work on /home/james/airflowa/lib/python3.8/site-packages/airflow/example_dags/example_trigger_controller_dag.py
[2022-06-08 09:03:46,262] {processor.py:641} INFO - Processing file /home/james/airflowa/lib/python3.8/site-packages/airflow/example_dags/example_trigger_controller_dag.py for tasks to queue
[2022-06-08 09:03:46,263] {logging_mixin.py:115} INFO - [2022-06-08 09:03:46,263] {dagbag.py:507} INFO - Filling up the DagBag from /home/james/airflowa/lib/python3.8/site-packages/airflow/example_dags/example_trigger_controller_dag.py
[2022-06-08 09:03:46,265] {processor.py:651} INFO - DAG(s) dict_keys(['example_trigger_controller_dag']) retrieved from /home/james/airflowa/lib/python3.8/site-packages/airflow/example_dags/example_trigger_controller_dag.py
[2022-06-08 09:03:46,279] {logging_mixin.py:115} INFO - [2022-06-08 09:03:46,279] {dag.py:2379} INFO - Sync 1 DAGs
[2022-06-08 09:03:46,295] {logging_mixin.py:115} INFO - [2022-06-08 09:03:46,295] {dag.py:2927} INFO - Setting next_dagrun for example_trigger_controller_dag to 2021-01-01T00:00:00+00:00, run_after=2021-01-01T00:00:00+00:00
[2022-06-08 09:03:46,307] {processor.py:161} INFO - Processing /home/james/airflowa/lib/python3.8/site-packages/airflow/example_dags/example_trigger_controller_dag.py took 0.047 seconds
[2022-06-08 09:04:20,372] {processor.py:153} INFO - Started process (PID=23837) to work on /home/james/airflowa/lib/python3.8/site-packages/airflow/example_dags/example_trigger_controller_dag.py
[2022-06-08 09:04:20,373] {processor.py:641} INFO - Processing file /home/james/airflowa/lib/python3.8/site-packages/airflow/example_dags/example_trigger_controller_dag.py for tasks to queue
[2022-06-08 09:04:20,373] {logging_mixin.py:115} INFO - [2022-06-08 09:04:20,373] {dagbag.py:507} INFO - Filling up the DagBag from /home/james/airflowa/lib/python3.8/site-packages/airflow/example_dags/example_trigger_controller_dag.py
[2022-06-08 09:04:20,375] {processor.py:651} INFO - DAG(s) dict_keys(['example_trigger_controller_dag']) retrieved from /home/james/airflowa/lib/python3.8/site-packages/airflow/example_dags/example_trigger_controller_dag.py
[2022-06-08 09:04:20,389] {logging_mixin.py:115} INFO - [2022-06-08 09:04:20,389] {dag.py:2379} INFO - Sync 1 DAGs
[2022-06-08 09:04:20,405] {logging_mixin.py:115} INFO - [2022-06-08 09:04:20,405] {dag.py:2927} INFO - Setting next_dagrun for example_trigger_controller_dag to 2021-01-01T00:00:00+00:00, run_after=2021-01-01T00:00:00+00:00
[2022-06-08 09:04:20,417] {processor.py:161} INFO - Processing /home/james/airflowa/lib/python3.8/site-packages/airflow/example_dags/example_trigger_controller_dag.py took 0.047 seconds
[2022-06-08 09:04:55,494] {processor.py:153} INFO - Started process (PID=23966) to work on /home/james/airflowa/lib/python3.8/site-packages/airflow/example_dags/example_trigger_controller_dag.py
[2022-06-08 09:04:55,495] {processor.py:641} INFO - Processing file /home/james/airflowa/lib/python3.8/site-packages/airflow/example_dags/example_trigger_controller_dag.py for tasks to queue
[2022-06-08 09:04:55,495] {logging_mixin.py:115} INFO - [2022-06-08 09:04:55,495] {dagbag.py:507} INFO - Filling up the DagBag from /home/james/airflowa/lib/python3.8/site-packages/airflow/example_dags/example_trigger_controller_dag.py
[2022-06-08 09:04:55,498] {processor.py:651} INFO - DAG(s) dict_keys(['example_trigger_controller_dag']) retrieved from /home/james/airflowa/lib/python3.8/site-packages/airflow/example_dags/example_trigger_controller_dag.py
[2022-06-08 09:04:55,520] {logging_mixin.py:115} INFO - [2022-06-08 09:04:55,520] {dag.py:2379} INFO - Sync 1 DAGs
[2022-06-08 09:04:55,541] {logging_mixin.py:115} INFO - [2022-06-08 09:04:55,541] {dag.py:2927} INFO - Setting next_dagrun for example_trigger_controller_dag to 2021-01-01T00:00:00+00:00, run_after=2021-01-01T00:00:00+00:00
[2022-06-08 09:04:55,554] {processor.py:161} INFO - Processing /home/james/airflowa/lib/python3.8/site-packages/airflow/example_dags/example_trigger_controller_dag.py took 0.064 seconds
[2022-06-08 09:05:37,854] {processor.py:153} INFO - Started process (PID=24436) to work on /home/james/airflowa/lib/python3.8/site-packages/airflow/example_dags/example_trigger_controller_dag.py
[2022-06-08 09:05:37,855] {processor.py:641} INFO - Processing file /home/james/airflowa/lib/python3.8/site-packages/airflow/example_dags/example_trigger_controller_dag.py for tasks to queue
[2022-06-08 09:05:37,855] {logging_mixin.py:115} INFO - [2022-06-08 09:05:37,855] {dagbag.py:507} INFO - Filling up the DagBag from /home/james/airflowa/lib/python3.8/site-packages/airflow/example_dags/example_trigger_controller_dag.py
[2022-06-08 09:05:37,858] {processor.py:651} INFO - DAG(s) dict_keys(['example_trigger_controller_dag']) retrieved from /home/james/airflowa/lib/python3.8/site-packages/airflow/example_dags/example_trigger_controller_dag.py
[2022-06-08 09:05:37,871] {logging_mixin.py:115} INFO - [2022-06-08 09:05:37,870] {dag.py:2379} INFO - Sync 1 DAGs
[2022-06-08 09:05:37,886] {logging_mixin.py:115} INFO - [2022-06-08 09:05:37,886] {dag.py:2927} INFO - Setting next_dagrun for example_trigger_controller_dag to 2021-01-01T00:00:00+00:00, run_after=2021-01-01T00:00:00+00:00
[2022-06-08 09:05:37,897] {processor.py:161} INFO - Processing /home/james/airflowa/lib/python3.8/site-packages/airflow/example_dags/example_trigger_controller_dag.py took 0.045 seconds
[2022-06-08 09:06:39,392] {processor.py:153} INFO - Started process (PID=24910) to work on /home/james/airflowa/lib/python3.8/site-packages/airflow/example_dags/example_trigger_controller_dag.py
[2022-06-08 09:06:39,393] {processor.py:641} INFO - Processing file /home/james/airflowa/lib/python3.8/site-packages/airflow/example_dags/example_trigger_controller_dag.py for tasks to queue
[2022-06-08 09:06:39,394] {logging_mixin.py:115} INFO - [2022-06-08 09:06:39,394] {dagbag.py:507} INFO - Filling up the DagBag from /home/james/airflowa/lib/python3.8/site-packages/airflow/example_dags/example_trigger_controller_dag.py
[2022-06-08 09:06:39,399] {processor.py:651} INFO - DAG(s) dict_keys(['example_trigger_controller_dag']) retrieved from /home/james/airflowa/lib/python3.8/site-packages/airflow/example_dags/example_trigger_controller_dag.py
[2022-06-08 09:06:39,425] {logging_mixin.py:115} INFO - [2022-06-08 09:06:39,425] {dag.py:2379} INFO - Sync 1 DAGs
[2022-06-08 09:06:39,456] {logging_mixin.py:115} INFO - [2022-06-08 09:06:39,456] {dag.py:2927} INFO - Setting next_dagrun for example_trigger_controller_dag to 2021-01-01T00:00:00+00:00, run_after=2021-01-01T00:00:00+00:00
[2022-06-08 09:06:39,474] {processor.py:161} INFO - Processing /home/james/airflowa/lib/python3.8/site-packages/airflow/example_dags/example_trigger_controller_dag.py took 0.085 seconds
[2022-06-08 09:07:31,744] {processor.py:153} INFO - Started process (PID=25252) to work on /home/james/airflowa/lib/python3.8/site-packages/airflow/example_dags/example_trigger_controller_dag.py
[2022-06-08 09:07:31,745] {processor.py:641} INFO - Processing file /home/james/airflowa/lib/python3.8/site-packages/airflow/example_dags/example_trigger_controller_dag.py for tasks to queue
[2022-06-08 09:07:31,746] {logging_mixin.py:115} INFO - [2022-06-08 09:07:31,746] {dagbag.py:507} INFO - Filling up the DagBag from /home/james/airflowa/lib/python3.8/site-packages/airflow/example_dags/example_trigger_controller_dag.py
[2022-06-08 09:07:31,750] {processor.py:651} INFO - DAG(s) dict_keys(['example_trigger_controller_dag']) retrieved from /home/james/airflowa/lib/python3.8/site-packages/airflow/example_dags/example_trigger_controller_dag.py
[2022-06-08 09:07:31,773] {logging_mixin.py:115} INFO - [2022-06-08 09:07:31,773] {dag.py:2379} INFO - Sync 1 DAGs
[2022-06-08 09:07:31,797] {logging_mixin.py:115} INFO - [2022-06-08 09:07:31,797] {dag.py:2927} INFO - Setting next_dagrun for example_trigger_controller_dag to 2021-01-01T00:00:00+00:00, run_after=2021-01-01T00:00:00+00:00
[2022-06-08 09:07:31,813] {processor.py:161} INFO - Processing /home/james/airflowa/lib/python3.8/site-packages/airflow/example_dags/example_trigger_controller_dag.py took 0.072 seconds
[2022-06-08 09:08:18,414] {processor.py:153} INFO - Started process (PID=25484) to work on /home/james/airflowa/lib/python3.8/site-packages/airflow/example_dags/example_trigger_controller_dag.py
[2022-06-08 09:08:18,415] {processor.py:641} INFO - Processing file /home/james/airflowa/lib/python3.8/site-packages/airflow/example_dags/example_trigger_controller_dag.py for tasks to queue
[2022-06-08 09:08:18,415] {logging_mixin.py:115} INFO - [2022-06-08 09:08:18,415] {dagbag.py:507} INFO - Filling up the DagBag from /home/james/airflowa/lib/python3.8/site-packages/airflow/example_dags/example_trigger_controller_dag.py
[2022-06-08 09:08:18,419] {processor.py:651} INFO - DAG(s) dict_keys(['example_trigger_controller_dag']) retrieved from /home/james/airflowa/lib/python3.8/site-packages/airflow/example_dags/example_trigger_controller_dag.py
[2022-06-08 09:08:18,438] {logging_mixin.py:115} INFO - [2022-06-08 09:08:18,438] {dag.py:2379} INFO - Sync 1 DAGs
[2022-06-08 09:08:18,463] {logging_mixin.py:115} INFO - [2022-06-08 09:08:18,463] {dag.py:2927} INFO - Setting next_dagrun for example_trigger_controller_dag to 2021-01-01T00:00:00+00:00, run_after=2021-01-01T00:00:00+00:00
[2022-06-08 09:08:18,478] {processor.py:161} INFO - Processing /home/james/airflowa/lib/python3.8/site-packages/airflow/example_dags/example_trigger_controller_dag.py took 0.068 seconds
[2022-06-08 09:09:05,391] {processor.py:153} INFO - Started process (PID=25808) to work on /home/james/airflowa/lib/python3.8/site-packages/airflow/example_dags/example_trigger_controller_dag.py
[2022-06-08 09:09:05,393] {processor.py:641} INFO - Processing file /home/james/airflowa/lib/python3.8/site-packages/airflow/example_dags/example_trigger_controller_dag.py for tasks to queue
[2022-06-08 09:09:05,393] {logging_mixin.py:115} INFO - [2022-06-08 09:09:05,393] {dagbag.py:507} INFO - Filling up the DagBag from /home/james/airflowa/lib/python3.8/site-packages/airflow/example_dags/example_trigger_controller_dag.py
[2022-06-08 09:09:05,399] {processor.py:651} INFO - DAG(s) dict_keys(['example_trigger_controller_dag']) retrieved from /home/james/airflowa/lib/python3.8/site-packages/airflow/example_dags/example_trigger_controller_dag.py
[2022-06-08 09:09:05,422] {logging_mixin.py:115} INFO - [2022-06-08 09:09:05,422] {dag.py:2379} INFO - Sync 1 DAGs
[2022-06-08 09:09:05,451] {logging_mixin.py:115} INFO - [2022-06-08 09:09:05,451] {dag.py:2927} INFO - Setting next_dagrun for example_trigger_controller_dag to 2021-01-01T00:00:00+00:00, run_after=2021-01-01T00:00:00+00:00
[2022-06-08 09:09:05,468] {processor.py:161} INFO - Processing /home/james/airflowa/lib/python3.8/site-packages/airflow/example_dags/example_trigger_controller_dag.py took 0.080 seconds
[2022-06-08 09:09:58,293] {processor.py:153} INFO - Started process (PID=26085) to work on /home/james/airflowa/lib/python3.8/site-packages/airflow/example_dags/example_trigger_controller_dag.py
[2022-06-08 09:09:58,294] {processor.py:641} INFO - Processing file /home/james/airflowa/lib/python3.8/site-packages/airflow/example_dags/example_trigger_controller_dag.py for tasks to queue
[2022-06-08 09:09:58,295] {logging_mixin.py:115} INFO - [2022-06-08 09:09:58,295] {dagbag.py:507} INFO - Filling up the DagBag from /home/james/airflowa/lib/python3.8/site-packages/airflow/example_dags/example_trigger_controller_dag.py
[2022-06-08 09:09:58,300] {processor.py:651} INFO - DAG(s) dict_keys(['example_trigger_controller_dag']) retrieved from /home/james/airflowa/lib/python3.8/site-packages/airflow/example_dags/example_trigger_controller_dag.py
[2022-06-08 09:09:58,324] {logging_mixin.py:115} INFO - [2022-06-08 09:09:58,324] {dag.py:2379} INFO - Sync 1 DAGs
[2022-06-08 09:09:58,358] {logging_mixin.py:115} INFO - [2022-06-08 09:09:58,358] {dag.py:2927} INFO - Setting next_dagrun for example_trigger_controller_dag to 2021-01-01T00:00:00+00:00, run_after=2021-01-01T00:00:00+00:00
[2022-06-08 09:09:58,376] {processor.py:161} INFO - Processing /home/james/airflowa/lib/python3.8/site-packages/airflow/example_dags/example_trigger_controller_dag.py took 0.088 seconds
[2022-06-08 09:10:58,945] {processor.py:153} INFO - Started process (PID=26987) to work on /home/james/airflowa/lib/python3.8/site-packages/airflow/example_dags/example_trigger_controller_dag.py
[2022-06-08 09:10:58,947] {processor.py:641} INFO - Processing file /home/james/airflowa/lib/python3.8/site-packages/airflow/example_dags/example_trigger_controller_dag.py for tasks to queue
[2022-06-08 09:10:58,948] {logging_mixin.py:115} INFO - [2022-06-08 09:10:58,947] {dagbag.py:507} INFO - Filling up the DagBag from /home/james/airflowa/lib/python3.8/site-packages/airflow/example_dags/example_trigger_controller_dag.py
[2022-06-08 09:10:58,952] {processor.py:651} INFO - DAG(s) dict_keys(['example_trigger_controller_dag']) retrieved from /home/james/airflowa/lib/python3.8/site-packages/airflow/example_dags/example_trigger_controller_dag.py
[2022-06-08 09:10:58,974] {logging_mixin.py:115} INFO - [2022-06-08 09:10:58,974] {dag.py:2379} INFO - Sync 1 DAGs
[2022-06-08 09:10:59,004] {logging_mixin.py:115} INFO - [2022-06-08 09:10:59,003] {dag.py:2927} INFO - Setting next_dagrun for example_trigger_controller_dag to 2021-01-01T00:00:00+00:00, run_after=2021-01-01T00:00:00+00:00
[2022-06-08 09:10:59,021] {processor.py:161} INFO - Processing /home/james/airflowa/lib/python3.8/site-packages/airflow/example_dags/example_trigger_controller_dag.py took 0.080 seconds
[2022-06-08 09:12:14,135] {processor.py:153} INFO - Started process (PID=27430) to work on /home/james/airflowa/lib/python3.8/site-packages/airflow/example_dags/example_trigger_controller_dag.py
[2022-06-08 09:12:14,136] {processor.py:641} INFO - Processing file /home/james/airflowa/lib/python3.8/site-packages/airflow/example_dags/example_trigger_controller_dag.py for tasks to queue
[2022-06-08 09:12:14,137] {logging_mixin.py:115} INFO - [2022-06-08 09:12:14,137] {dagbag.py:507} INFO - Filling up the DagBag from /home/james/airflowa/lib/python3.8/site-packages/airflow/example_dags/example_trigger_controller_dag.py
[2022-06-08 09:12:14,145] {processor.py:651} INFO - DAG(s) dict_keys(['example_trigger_controller_dag']) retrieved from /home/james/airflowa/lib/python3.8/site-packages/airflow/example_dags/example_trigger_controller_dag.py
[2022-06-08 09:12:14,186] {logging_mixin.py:115} INFO - [2022-06-08 09:12:14,186] {dag.py:2379} INFO - Sync 1 DAGs
[2022-06-08 09:12:14,242] {logging_mixin.py:115} INFO - [2022-06-08 09:12:14,242] {dag.py:2927} INFO - Setting next_dagrun for example_trigger_controller_dag to 2021-01-01T00:00:00+00:00, run_after=2021-01-01T00:00:00+00:00
[2022-06-08 09:12:14,266] {processor.py:161} INFO - Processing /home/james/airflowa/lib/python3.8/site-packages/airflow/example_dags/example_trigger_controller_dag.py took 0.138 seconds
[2022-06-08 09:14:03,937] {processor.py:153} INFO - Started process (PID=27997) to work on /home/james/airflowa/lib/python3.8/site-packages/airflow/example_dags/example_trigger_controller_dag.py
[2022-06-08 09:14:03,942] {processor.py:641} INFO - Processing file /home/james/airflowa/lib/python3.8/site-packages/airflow/example_dags/example_trigger_controller_dag.py for tasks to queue
[2022-06-08 09:14:03,943] {logging_mixin.py:115} INFO - [2022-06-08 09:14:03,943] {dagbag.py:507} INFO - Filling up the DagBag from /home/james/airflowa/lib/python3.8/site-packages/airflow/example_dags/example_trigger_controller_dag.py
[2022-06-08 09:14:03,949] {processor.py:651} INFO - DAG(s) dict_keys(['example_trigger_controller_dag']) retrieved from /home/james/airflowa/lib/python3.8/site-packages/airflow/example_dags/example_trigger_controller_dag.py
[2022-06-08 09:14:03,982] {logging_mixin.py:115} INFO - [2022-06-08 09:14:03,981] {dag.py:2379} INFO - Sync 1 DAGs
[2022-06-08 09:14:04,017] {logging_mixin.py:115} INFO - [2022-06-08 09:14:04,017] {dag.py:2927} INFO - Setting next_dagrun for example_trigger_controller_dag to 2021-01-01T00:00:00+00:00, run_after=2021-01-01T00:00:00+00:00
[2022-06-08 09:14:04,038] {processor.py:161} INFO - Processing /home/james/airflowa/lib/python3.8/site-packages/airflow/example_dags/example_trigger_controller_dag.py took 0.108 seconds
[2022-06-08 09:15:48,585] {processor.py:153} INFO - Started process (PID=28601) to work on /home/james/airflowa/lib/python3.8/site-packages/airflow/example_dags/example_trigger_controller_dag.py
[2022-06-08 09:15:48,586] {processor.py:641} INFO - Processing file /home/james/airflowa/lib/python3.8/site-packages/airflow/example_dags/example_trigger_controller_dag.py for tasks to queue
[2022-06-08 09:15:48,587] {logging_mixin.py:115} INFO - [2022-06-08 09:15:48,587] {dagbag.py:507} INFO - Filling up the DagBag from /home/james/airflowa/lib/python3.8/site-packages/airflow/example_dags/example_trigger_controller_dag.py
[2022-06-08 09:15:48,593] {processor.py:651} INFO - DAG(s) dict_keys(['example_trigger_controller_dag']) retrieved from /home/james/airflowa/lib/python3.8/site-packages/airflow/example_dags/example_trigger_controller_dag.py
[2022-06-08 09:15:48,622] {logging_mixin.py:115} INFO - [2022-06-08 09:15:48,622] {dag.py:2379} INFO - Sync 1 DAGs
[2022-06-08 09:15:48,658] {logging_mixin.py:115} INFO - [2022-06-08 09:15:48,658] {dag.py:2927} INFO - Setting next_dagrun for example_trigger_controller_dag to 2021-01-01T00:00:00+00:00, run_after=2021-01-01T00:00:00+00:00
[2022-06-08 09:15:48,684] {processor.py:161} INFO - Processing /home/james/airflowa/lib/python3.8/site-packages/airflow/example_dags/example_trigger_controller_dag.py took 0.105 seconds
[2022-06-08 09:17:36,859] {processor.py:153} INFO - Started process (PID=30181) to work on /home/james/airflowa/lib/python3.8/site-packages/airflow/example_dags/example_trigger_controller_dag.py
[2022-06-08 09:17:36,861] {processor.py:641} INFO - Processing file /home/james/airflowa/lib/python3.8/site-packages/airflow/example_dags/example_trigger_controller_dag.py for tasks to queue
[2022-06-08 09:17:36,862] {logging_mixin.py:115} INFO - [2022-06-08 09:17:36,862] {dagbag.py:507} INFO - Filling up the DagBag from /home/james/airflowa/lib/python3.8/site-packages/airflow/example_dags/example_trigger_controller_dag.py
[2022-06-08 09:17:36,882] {processor.py:651} INFO - DAG(s) dict_keys(['example_trigger_controller_dag']) retrieved from /home/james/airflowa/lib/python3.8/site-packages/airflow/example_dags/example_trigger_controller_dag.py
[2022-06-08 09:17:36,925] {logging_mixin.py:115} INFO - [2022-06-08 09:17:36,925] {dag.py:2379} INFO - Sync 1 DAGs
[2022-06-08 09:17:37,005] {logging_mixin.py:115} INFO - [2022-06-08 09:17:37,004] {dag.py:2927} INFO - Setting next_dagrun for example_trigger_controller_dag to 2021-01-01T00:00:00+00:00, run_after=2021-01-01T00:00:00+00:00
[2022-06-08 09:17:37,034] {processor.py:161} INFO - Processing /home/james/airflowa/lib/python3.8/site-packages/airflow/example_dags/example_trigger_controller_dag.py took 0.181 seconds
[2022-06-08 09:19:20,841] {processor.py:153} INFO - Started process (PID=30991) to work on /home/james/airflowa/lib/python3.8/site-packages/airflow/example_dags/example_trigger_controller_dag.py
[2022-06-08 09:19:20,851] {processor.py:641} INFO - Processing file /home/james/airflowa/lib/python3.8/site-packages/airflow/example_dags/example_trigger_controller_dag.py for tasks to queue
[2022-06-08 09:19:20,853] {logging_mixin.py:115} INFO - [2022-06-08 09:19:20,852] {dagbag.py:507} INFO - Filling up the DagBag from /home/james/airflowa/lib/python3.8/site-packages/airflow/example_dags/example_trigger_controller_dag.py
[2022-06-08 09:19:20,874] {processor.py:651} INFO - DAG(s) dict_keys(['example_trigger_controller_dag']) retrieved from /home/james/airflowa/lib/python3.8/site-packages/airflow/example_dags/example_trigger_controller_dag.py
[2022-06-08 09:19:20,919] {logging_mixin.py:115} INFO - [2022-06-08 09:19:20,919] {dag.py:2379} INFO - Sync 1 DAGs
[2022-06-08 09:19:20,964] {logging_mixin.py:115} INFO - [2022-06-08 09:19:20,964] {dag.py:2927} INFO - Setting next_dagrun for example_trigger_controller_dag to 2021-01-01T00:00:00+00:00, run_after=2021-01-01T00:00:00+00:00
[2022-06-08 09:19:20,992] {processor.py:161} INFO - Processing /home/james/airflowa/lib/python3.8/site-packages/airflow/example_dags/example_trigger_controller_dag.py took 0.159 seconds
[2022-06-08 09:21:45,012] {processor.py:153} INFO - Started process (PID=32673) to work on /home/james/airflowa/lib/python3.8/site-packages/airflow/example_dags/example_trigger_controller_dag.py
[2022-06-08 09:21:45,013] {processor.py:641} INFO - Processing file /home/james/airflowa/lib/python3.8/site-packages/airflow/example_dags/example_trigger_controller_dag.py for tasks to queue
[2022-06-08 09:21:45,014] {logging_mixin.py:115} INFO - [2022-06-08 09:21:45,014] {dagbag.py:507} INFO - Filling up the DagBag from /home/james/airflowa/lib/python3.8/site-packages/airflow/example_dags/example_trigger_controller_dag.py
[2022-06-08 09:21:45,021] {processor.py:651} INFO - DAG(s) dict_keys(['example_trigger_controller_dag']) retrieved from /home/james/airflowa/lib/python3.8/site-packages/airflow/example_dags/example_trigger_controller_dag.py
[2022-06-08 09:21:45,052] {logging_mixin.py:115} INFO - [2022-06-08 09:21:45,052] {dag.py:2379} INFO - Sync 1 DAGs
[2022-06-08 09:21:45,099] {logging_mixin.py:115} INFO - [2022-06-08 09:21:45,099] {dag.py:2927} INFO - Setting next_dagrun for example_trigger_controller_dag to 2021-01-01T00:00:00+00:00, run_after=2021-01-01T00:00:00+00:00
[2022-06-08 09:21:45,122] {processor.py:161} INFO - Processing /home/james/airflowa/lib/python3.8/site-packages/airflow/example_dags/example_trigger_controller_dag.py took 0.118 seconds
[2022-06-08 09:23:43,360] {processor.py:153} INFO - Started process (PID=33360) to work on /home/james/airflowa/lib/python3.8/site-packages/airflow/example_dags/example_trigger_controller_dag.py
[2022-06-08 09:23:43,361] {processor.py:641} INFO - Processing file /home/james/airflowa/lib/python3.8/site-packages/airflow/example_dags/example_trigger_controller_dag.py for tasks to queue
[2022-06-08 09:23:43,362] {logging_mixin.py:115} INFO - [2022-06-08 09:23:43,362] {dagbag.py:507} INFO - Filling up the DagBag from /home/james/airflowa/lib/python3.8/site-packages/airflow/example_dags/example_trigger_controller_dag.py
[2022-06-08 09:23:43,369] {processor.py:651} INFO - DAG(s) dict_keys(['example_trigger_controller_dag']) retrieved from /home/james/airflowa/lib/python3.8/site-packages/airflow/example_dags/example_trigger_controller_dag.py
[2022-06-08 09:23:43,406] {logging_mixin.py:115} INFO - [2022-06-08 09:23:43,406] {dag.py:2379} INFO - Sync 1 DAGs
[2022-06-08 09:23:43,445] {logging_mixin.py:115} INFO - [2022-06-08 09:23:43,445] {dag.py:2927} INFO - Setting next_dagrun for example_trigger_controller_dag to 2021-01-01T00:00:00+00:00, run_after=2021-01-01T00:00:00+00:00
[2022-06-08 09:23:43,481] {processor.py:161} INFO - Processing /home/james/airflowa/lib/python3.8/site-packages/airflow/example_dags/example_trigger_controller_dag.py took 0.129 seconds
[2022-06-08 09:25:43,620] {processor.py:153} INFO - Started process (PID=34032) to work on /home/james/airflowa/lib/python3.8/site-packages/airflow/example_dags/example_trigger_controller_dag.py
[2022-06-08 09:25:43,622] {processor.py:641} INFO - Processing file /home/james/airflowa/lib/python3.8/site-packages/airflow/example_dags/example_trigger_controller_dag.py for tasks to queue
[2022-06-08 09:25:43,623] {logging_mixin.py:115} INFO - [2022-06-08 09:25:43,623] {dagbag.py:507} INFO - Filling up the DagBag from /home/james/airflowa/lib/python3.8/site-packages/airflow/example_dags/example_trigger_controller_dag.py
[2022-06-08 09:25:43,628] {processor.py:651} INFO - DAG(s) dict_keys(['example_trigger_controller_dag']) retrieved from /home/james/airflowa/lib/python3.8/site-packages/airflow/example_dags/example_trigger_controller_dag.py
[2022-06-08 09:25:43,657] {logging_mixin.py:115} INFO - [2022-06-08 09:25:43,657] {dag.py:2379} INFO - Sync 1 DAGs
[2022-06-08 09:25:43,694] {logging_mixin.py:115} INFO - [2022-06-08 09:25:43,694] {dag.py:2927} INFO - Setting next_dagrun for example_trigger_controller_dag to 2021-01-01T00:00:00+00:00, run_after=2021-01-01T00:00:00+00:00
[2022-06-08 09:25:43,719] {processor.py:161} INFO - Processing /home/james/airflowa/lib/python3.8/site-packages/airflow/example_dags/example_trigger_controller_dag.py took 0.104 seconds
[2022-06-08 09:27:56,900] {processor.py:153} INFO - Started process (PID=34845) to work on /home/james/airflowa/lib/python3.8/site-packages/airflow/example_dags/example_trigger_controller_dag.py
[2022-06-08 09:27:56,902] {processor.py:641} INFO - Processing file /home/james/airflowa/lib/python3.8/site-packages/airflow/example_dags/example_trigger_controller_dag.py for tasks to queue
[2022-06-08 09:27:56,903] {logging_mixin.py:115} INFO - [2022-06-08 09:27:56,902] {dagbag.py:507} INFO - Filling up the DagBag from /home/james/airflowa/lib/python3.8/site-packages/airflow/example_dags/example_trigger_controller_dag.py
[2022-06-08 09:27:56,908] {processor.py:651} INFO - DAG(s) dict_keys(['example_trigger_controller_dag']) retrieved from /home/james/airflowa/lib/python3.8/site-packages/airflow/example_dags/example_trigger_controller_dag.py
[2022-06-08 09:27:56,938] {logging_mixin.py:115} INFO - [2022-06-08 09:27:56,938] {dag.py:2379} INFO - Sync 1 DAGs
[2022-06-08 09:27:56,973] {logging_mixin.py:115} INFO - [2022-06-08 09:27:56,972] {dag.py:2927} INFO - Setting next_dagrun for example_trigger_controller_dag to 2021-01-01T00:00:00+00:00, run_after=2021-01-01T00:00:00+00:00
[2022-06-08 09:27:56,993] {processor.py:161} INFO - Processing /home/james/airflowa/lib/python3.8/site-packages/airflow/example_dags/example_trigger_controller_dag.py took 0.099 seconds
[2022-06-08 11:27:29,504] {processor.py:153} INFO - Started process (PID=76487) to work on /home/james/airflowa/lib/python3.8/site-packages/airflow/example_dags/example_trigger_controller_dag.py
[2022-06-08 11:27:29,505] {processor.py:641} INFO - Processing file /home/james/airflowa/lib/python3.8/site-packages/airflow/example_dags/example_trigger_controller_dag.py for tasks to queue
[2022-06-08 11:27:29,505] {logging_mixin.py:115} INFO - [2022-06-08 11:27:29,505] {dagbag.py:507} INFO - Filling up the DagBag from /home/james/airflowa/lib/python3.8/site-packages/airflow/example_dags/example_trigger_controller_dag.py
[2022-06-08 11:27:29,507] {processor.py:651} INFO - DAG(s) dict_keys(['example_trigger_controller_dag']) retrieved from /home/james/airflowa/lib/python3.8/site-packages/airflow/example_dags/example_trigger_controller_dag.py
[2022-06-08 11:27:29,521] {logging_mixin.py:115} INFO - [2022-06-08 11:27:29,521] {dag.py:2379} INFO - Sync 1 DAGs
[2022-06-08 11:27:29,538] {logging_mixin.py:115} INFO - [2022-06-08 11:27:29,538] {dag.py:2927} INFO - Setting next_dagrun for example_trigger_controller_dag to 2021-01-01T00:00:00+00:00, run_after=2021-01-01T00:00:00+00:00
[2022-06-08 11:27:29,549] {processor.py:161} INFO - Processing /home/james/airflowa/lib/python3.8/site-packages/airflow/example_dags/example_trigger_controller_dag.py took 0.048 seconds
[2022-06-08 11:28:01,442] {processor.py:153} INFO - Started process (PID=76643) to work on /home/james/airflowa/lib/python3.8/site-packages/airflow/example_dags/example_trigger_controller_dag.py
[2022-06-08 11:28:01,443] {processor.py:641} INFO - Processing file /home/james/airflowa/lib/python3.8/site-packages/airflow/example_dags/example_trigger_controller_dag.py for tasks to queue
[2022-06-08 11:28:01,443] {logging_mixin.py:115} INFO - [2022-06-08 11:28:01,443] {dagbag.py:507} INFO - Filling up the DagBag from /home/james/airflowa/lib/python3.8/site-packages/airflow/example_dags/example_trigger_controller_dag.py
[2022-06-08 11:28:01,446] {processor.py:651} INFO - DAG(s) dict_keys(['example_trigger_controller_dag']) retrieved from /home/james/airflowa/lib/python3.8/site-packages/airflow/example_dags/example_trigger_controller_dag.py
[2022-06-08 11:28:01,459] {logging_mixin.py:115} INFO - [2022-06-08 11:28:01,459] {dag.py:2379} INFO - Sync 1 DAGs
[2022-06-08 11:28:01,474] {logging_mixin.py:115} INFO - [2022-06-08 11:28:01,474] {dag.py:2927} INFO - Setting next_dagrun for example_trigger_controller_dag to 2021-01-01T00:00:00+00:00, run_after=2021-01-01T00:00:00+00:00
[2022-06-08 11:28:01,485] {processor.py:161} INFO - Processing /home/james/airflowa/lib/python3.8/site-packages/airflow/example_dags/example_trigger_controller_dag.py took 0.045 seconds
[2022-06-08 11:28:36,431] {processor.py:153} INFO - Started process (PID=76912) to work on /home/james/airflowa/lib/python3.8/site-packages/airflow/example_dags/example_trigger_controller_dag.py
[2022-06-08 11:28:36,432] {processor.py:641} INFO - Processing file /home/james/airflowa/lib/python3.8/site-packages/airflow/example_dags/example_trigger_controller_dag.py for tasks to queue
[2022-06-08 11:28:36,432] {logging_mixin.py:115} INFO - [2022-06-08 11:28:36,432] {dagbag.py:507} INFO - Filling up the DagBag from /home/james/airflowa/lib/python3.8/site-packages/airflow/example_dags/example_trigger_controller_dag.py
[2022-06-08 11:28:36,435] {processor.py:651} INFO - DAG(s) dict_keys(['example_trigger_controller_dag']) retrieved from /home/james/airflowa/lib/python3.8/site-packages/airflow/example_dags/example_trigger_controller_dag.py
[2022-06-08 11:28:36,448] {logging_mixin.py:115} INFO - [2022-06-08 11:28:36,448] {dag.py:2379} INFO - Sync 1 DAGs
[2022-06-08 11:28:36,464] {logging_mixin.py:115} INFO - [2022-06-08 11:28:36,464] {dag.py:2927} INFO - Setting next_dagrun for example_trigger_controller_dag to 2021-01-01T00:00:00+00:00, run_after=2021-01-01T00:00:00+00:00
[2022-06-08 11:28:36,475] {processor.py:161} INFO - Processing /home/james/airflowa/lib/python3.8/site-packages/airflow/example_dags/example_trigger_controller_dag.py took 0.047 seconds
[2022-06-08 11:29:08,483] {processor.py:153} INFO - Started process (PID=77171) to work on /home/james/airflowa/lib/python3.8/site-packages/airflow/example_dags/example_trigger_controller_dag.py
[2022-06-08 11:29:08,483] {processor.py:641} INFO - Processing file /home/james/airflowa/lib/python3.8/site-packages/airflow/example_dags/example_trigger_controller_dag.py for tasks to queue
[2022-06-08 11:29:08,484] {logging_mixin.py:115} INFO - [2022-06-08 11:29:08,484] {dagbag.py:507} INFO - Filling up the DagBag from /home/james/airflowa/lib/python3.8/site-packages/airflow/example_dags/example_trigger_controller_dag.py
[2022-06-08 11:29:08,487] {processor.py:651} INFO - DAG(s) dict_keys(['example_trigger_controller_dag']) retrieved from /home/james/airflowa/lib/python3.8/site-packages/airflow/example_dags/example_trigger_controller_dag.py
[2022-06-08 11:29:08,500] {logging_mixin.py:115} INFO - [2022-06-08 11:29:08,500] {dag.py:2379} INFO - Sync 1 DAGs
[2022-06-08 11:29:08,514] {logging_mixin.py:115} INFO - [2022-06-08 11:29:08,514] {dag.py:2927} INFO - Setting next_dagrun for example_trigger_controller_dag to 2021-01-01T00:00:00+00:00, run_after=2021-01-01T00:00:00+00:00
[2022-06-08 11:29:08,525] {processor.py:161} INFO - Processing /home/james/airflowa/lib/python3.8/site-packages/airflow/example_dags/example_trigger_controller_dag.py took 0.046 seconds
[2022-06-08 11:29:40,783] {processor.py:153} INFO - Started process (PID=77516) to work on /home/james/airflowa/lib/python3.8/site-packages/airflow/example_dags/example_trigger_controller_dag.py
[2022-06-08 11:29:40,784] {processor.py:641} INFO - Processing file /home/james/airflowa/lib/python3.8/site-packages/airflow/example_dags/example_trigger_controller_dag.py for tasks to queue
[2022-06-08 11:29:40,784] {logging_mixin.py:115} INFO - [2022-06-08 11:29:40,784] {dagbag.py:507} INFO - Filling up the DagBag from /home/james/airflowa/lib/python3.8/site-packages/airflow/example_dags/example_trigger_controller_dag.py
[2022-06-08 11:29:40,787] {processor.py:651} INFO - DAG(s) dict_keys(['example_trigger_controller_dag']) retrieved from /home/james/airflowa/lib/python3.8/site-packages/airflow/example_dags/example_trigger_controller_dag.py
[2022-06-08 11:29:40,802] {logging_mixin.py:115} INFO - [2022-06-08 11:29:40,802] {dag.py:2379} INFO - Sync 1 DAGs
[2022-06-08 11:29:40,826] {logging_mixin.py:115} INFO - [2022-06-08 11:29:40,826] {dag.py:2927} INFO - Setting next_dagrun for example_trigger_controller_dag to 2021-01-01T00:00:00+00:00, run_after=2021-01-01T00:00:00+00:00
[2022-06-08 11:29:40,843] {processor.py:161} INFO - Processing /home/james/airflowa/lib/python3.8/site-packages/airflow/example_dags/example_trigger_controller_dag.py took 0.063 seconds
[2022-06-08 11:30:35,956] {processor.py:153} INFO - Started process (PID=78189) to work on /home/james/airflowa/lib/python3.8/site-packages/airflow/example_dags/example_trigger_controller_dag.py
[2022-06-08 11:30:35,956] {processor.py:641} INFO - Processing file /home/james/airflowa/lib/python3.8/site-packages/airflow/example_dags/example_trigger_controller_dag.py for tasks to queue
[2022-06-08 11:30:35,957] {logging_mixin.py:115} INFO - [2022-06-08 11:30:35,957] {dagbag.py:507} INFO - Filling up the DagBag from /home/james/airflowa/lib/python3.8/site-packages/airflow/example_dags/example_trigger_controller_dag.py
[2022-06-08 11:30:35,960] {processor.py:651} INFO - DAG(s) dict_keys(['example_trigger_controller_dag']) retrieved from /home/james/airflowa/lib/python3.8/site-packages/airflow/example_dags/example_trigger_controller_dag.py
[2022-06-08 11:30:35,972] {logging_mixin.py:115} INFO - [2022-06-08 11:30:35,972] {dag.py:2379} INFO - Sync 1 DAGs
[2022-06-08 11:30:35,987] {logging_mixin.py:115} INFO - [2022-06-08 11:30:35,987] {dag.py:2927} INFO - Setting next_dagrun for example_trigger_controller_dag to 2021-01-01T00:00:00+00:00, run_after=2021-01-01T00:00:00+00:00
[2022-06-08 11:30:35,997] {processor.py:161} INFO - Processing /home/james/airflowa/lib/python3.8/site-packages/airflow/example_dags/example_trigger_controller_dag.py took 0.045 seconds
[2022-06-08 11:31:45,624] {processor.py:153} INFO - Started process (PID=78656) to work on /home/james/airflowa/lib/python3.8/site-packages/airflow/example_dags/example_trigger_controller_dag.py
[2022-06-08 11:31:45,625] {processor.py:641} INFO - Processing file /home/james/airflowa/lib/python3.8/site-packages/airflow/example_dags/example_trigger_controller_dag.py for tasks to queue
[2022-06-08 11:31:45,626] {logging_mixin.py:115} INFO - [2022-06-08 11:31:45,626] {dagbag.py:507} INFO - Filling up the DagBag from /home/james/airflowa/lib/python3.8/site-packages/airflow/example_dags/example_trigger_controller_dag.py
[2022-06-08 11:31:45,630] {processor.py:651} INFO - DAG(s) dict_keys(['example_trigger_controller_dag']) retrieved from /home/james/airflowa/lib/python3.8/site-packages/airflow/example_dags/example_trigger_controller_dag.py
[2022-06-08 11:31:45,654] {logging_mixin.py:115} INFO - [2022-06-08 11:31:45,654] {dag.py:2379} INFO - Sync 1 DAGs
[2022-06-08 11:31:45,683] {logging_mixin.py:115} INFO - [2022-06-08 11:31:45,683] {dag.py:2927} INFO - Setting next_dagrun for example_trigger_controller_dag to 2021-01-01T00:00:00+00:00, run_after=2021-01-01T00:00:00+00:00
[2022-06-08 11:31:45,707] {processor.py:161} INFO - Processing /home/james/airflowa/lib/python3.8/site-packages/airflow/example_dags/example_trigger_controller_dag.py took 0.086 seconds
[2022-06-08 11:32:34,082] {processor.py:153} INFO - Started process (PID=78935) to work on /home/james/airflowa/lib/python3.8/site-packages/airflow/example_dags/example_trigger_controller_dag.py
[2022-06-08 11:32:34,083] {processor.py:641} INFO - Processing file /home/james/airflowa/lib/python3.8/site-packages/airflow/example_dags/example_trigger_controller_dag.py for tasks to queue
[2022-06-08 11:32:34,084] {logging_mixin.py:115} INFO - [2022-06-08 11:32:34,083] {dagbag.py:507} INFO - Filling up the DagBag from /home/james/airflowa/lib/python3.8/site-packages/airflow/example_dags/example_trigger_controller_dag.py
[2022-06-08 11:32:34,088] {processor.py:651} INFO - DAG(s) dict_keys(['example_trigger_controller_dag']) retrieved from /home/james/airflowa/lib/python3.8/site-packages/airflow/example_dags/example_trigger_controller_dag.py
[2022-06-08 11:32:34,108] {logging_mixin.py:115} INFO - [2022-06-08 11:32:34,108] {dag.py:2379} INFO - Sync 1 DAGs
[2022-06-08 11:32:34,133] {logging_mixin.py:115} INFO - [2022-06-08 11:32:34,133] {dag.py:2927} INFO - Setting next_dagrun for example_trigger_controller_dag to 2021-01-01T00:00:00+00:00, run_after=2021-01-01T00:00:00+00:00
[2022-06-08 11:32:34,151] {processor.py:161} INFO - Processing /home/james/airflowa/lib/python3.8/site-packages/airflow/example_dags/example_trigger_controller_dag.py took 0.073 seconds
[2022-06-08 11:33:07,620] {processor.py:153} INFO - Started process (PID=79124) to work on /home/james/airflowa/lib/python3.8/site-packages/airflow/example_dags/example_trigger_controller_dag.py
[2022-06-08 11:33:07,621] {processor.py:641} INFO - Processing file /home/james/airflowa/lib/python3.8/site-packages/airflow/example_dags/example_trigger_controller_dag.py for tasks to queue
[2022-06-08 11:33:07,622] {logging_mixin.py:115} INFO - [2022-06-08 11:33:07,622] {dagbag.py:507} INFO - Filling up the DagBag from /home/james/airflowa/lib/python3.8/site-packages/airflow/example_dags/example_trigger_controller_dag.py
[2022-06-08 11:33:07,627] {processor.py:651} INFO - DAG(s) dict_keys(['example_trigger_controller_dag']) retrieved from /home/james/airflowa/lib/python3.8/site-packages/airflow/example_dags/example_trigger_controller_dag.py
[2022-06-08 11:33:07,659] {logging_mixin.py:115} INFO - [2022-06-08 11:33:07,659] {dag.py:2379} INFO - Sync 1 DAGs
[2022-06-08 11:33:07,696] {logging_mixin.py:115} INFO - [2022-06-08 11:33:07,696] {dag.py:2927} INFO - Setting next_dagrun for example_trigger_controller_dag to 2021-01-01T00:00:00+00:00, run_after=2021-01-01T00:00:00+00:00
[2022-06-08 11:33:07,718] {processor.py:161} INFO - Processing /home/james/airflowa/lib/python3.8/site-packages/airflow/example_dags/example_trigger_controller_dag.py took 0.103 seconds
[2022-06-08 11:33:41,178] {processor.py:153} INFO - Started process (PID=79347) to work on /home/james/airflowa/lib/python3.8/site-packages/airflow/example_dags/example_trigger_controller_dag.py
[2022-06-08 11:33:41,179] {processor.py:641} INFO - Processing file /home/james/airflowa/lib/python3.8/site-packages/airflow/example_dags/example_trigger_controller_dag.py for tasks to queue
[2022-06-08 11:33:41,180] {logging_mixin.py:115} INFO - [2022-06-08 11:33:41,180] {dagbag.py:507} INFO - Filling up the DagBag from /home/james/airflowa/lib/python3.8/site-packages/airflow/example_dags/example_trigger_controller_dag.py
[2022-06-08 11:33:41,186] {processor.py:651} INFO - DAG(s) dict_keys(['example_trigger_controller_dag']) retrieved from /home/james/airflowa/lib/python3.8/site-packages/airflow/example_dags/example_trigger_controller_dag.py
[2022-06-08 11:33:41,214] {logging_mixin.py:115} INFO - [2022-06-08 11:33:41,214] {dag.py:2379} INFO - Sync 1 DAGs
[2022-06-08 11:33:41,255] {logging_mixin.py:115} INFO - [2022-06-08 11:33:41,255] {dag.py:2927} INFO - Setting next_dagrun for example_trigger_controller_dag to 2021-01-01T00:00:00+00:00, run_after=2021-01-01T00:00:00+00:00
[2022-06-08 11:33:41,275] {processor.py:161} INFO - Processing /home/james/airflowa/lib/python3.8/site-packages/airflow/example_dags/example_trigger_controller_dag.py took 0.100 seconds
[2022-06-08 11:34:12,756] {processor.py:153} INFO - Started process (PID=79649) to work on /home/james/airflowa/lib/python3.8/site-packages/airflow/example_dags/example_trigger_controller_dag.py
[2022-06-08 11:34:12,758] {processor.py:641} INFO - Processing file /home/james/airflowa/lib/python3.8/site-packages/airflow/example_dags/example_trigger_controller_dag.py for tasks to queue
[2022-06-08 11:34:12,758] {logging_mixin.py:115} INFO - [2022-06-08 11:34:12,758] {dagbag.py:507} INFO - Filling up the DagBag from /home/james/airflowa/lib/python3.8/site-packages/airflow/example_dags/example_trigger_controller_dag.py
[2022-06-08 11:34:12,763] {processor.py:651} INFO - DAG(s) dict_keys(['example_trigger_controller_dag']) retrieved from /home/james/airflowa/lib/python3.8/site-packages/airflow/example_dags/example_trigger_controller_dag.py
[2022-06-08 11:34:12,787] {logging_mixin.py:115} INFO - [2022-06-08 11:34:12,787] {dag.py:2379} INFO - Sync 1 DAGs
[2022-06-08 11:34:12,810] {logging_mixin.py:115} INFO - [2022-06-08 11:34:12,809] {dag.py:2927} INFO - Setting next_dagrun for example_trigger_controller_dag to 2021-01-01T00:00:00+00:00, run_after=2021-01-01T00:00:00+00:00
[2022-06-08 11:34:12,826] {processor.py:161} INFO - Processing /home/james/airflowa/lib/python3.8/site-packages/airflow/example_dags/example_trigger_controller_dag.py took 0.074 seconds
[2022-06-08 11:34:47,142] {processor.py:153} INFO - Started process (PID=80048) to work on /home/james/airflowa/lib/python3.8/site-packages/airflow/example_dags/example_trigger_controller_dag.py
[2022-06-08 11:34:47,143] {processor.py:641} INFO - Processing file /home/james/airflowa/lib/python3.8/site-packages/airflow/example_dags/example_trigger_controller_dag.py for tasks to queue
[2022-06-08 11:34:47,144] {logging_mixin.py:115} INFO - [2022-06-08 11:34:47,144] {dagbag.py:507} INFO - Filling up the DagBag from /home/james/airflowa/lib/python3.8/site-packages/airflow/example_dags/example_trigger_controller_dag.py
[2022-06-08 11:34:47,148] {processor.py:651} INFO - DAG(s) dict_keys(['example_trigger_controller_dag']) retrieved from /home/james/airflowa/lib/python3.8/site-packages/airflow/example_dags/example_trigger_controller_dag.py
[2022-06-08 11:34:47,168] {logging_mixin.py:115} INFO - [2022-06-08 11:34:47,168] {dag.py:2379} INFO - Sync 1 DAGs
[2022-06-08 11:34:47,191] {logging_mixin.py:115} INFO - [2022-06-08 11:34:47,191] {dag.py:2927} INFO - Setting next_dagrun for example_trigger_controller_dag to 2021-01-01T00:00:00+00:00, run_after=2021-01-01T00:00:00+00:00
[2022-06-08 11:34:47,206] {processor.py:161} INFO - Processing /home/james/airflowa/lib/python3.8/site-packages/airflow/example_dags/example_trigger_controller_dag.py took 0.067 seconds
[2022-06-08 11:35:26,089] {processor.py:153} INFO - Started process (PID=80312) to work on /home/james/airflowa/lib/python3.8/site-packages/airflow/example_dags/example_trigger_controller_dag.py
[2022-06-08 11:35:26,090] {processor.py:641} INFO - Processing file /home/james/airflowa/lib/python3.8/site-packages/airflow/example_dags/example_trigger_controller_dag.py for tasks to queue
[2022-06-08 11:35:26,091] {logging_mixin.py:115} INFO - [2022-06-08 11:35:26,091] {dagbag.py:507} INFO - Filling up the DagBag from /home/james/airflowa/lib/python3.8/site-packages/airflow/example_dags/example_trigger_controller_dag.py
[2022-06-08 11:35:26,098] {processor.py:651} INFO - DAG(s) dict_keys(['example_trigger_controller_dag']) retrieved from /home/james/airflowa/lib/python3.8/site-packages/airflow/example_dags/example_trigger_controller_dag.py
[2022-06-08 11:35:26,134] {logging_mixin.py:115} INFO - [2022-06-08 11:35:26,134] {dag.py:2379} INFO - Sync 1 DAGs
[2022-06-08 11:35:26,178] {logging_mixin.py:115} INFO - [2022-06-08 11:35:26,178] {dag.py:2927} INFO - Setting next_dagrun for example_trigger_controller_dag to 2021-01-01T00:00:00+00:00, run_after=2021-01-01T00:00:00+00:00
[2022-06-08 11:35:26,205] {processor.py:161} INFO - Processing /home/james/airflowa/lib/python3.8/site-packages/airflow/example_dags/example_trigger_controller_dag.py took 0.122 seconds
[2022-06-08 12:18:33,087] {processor.py:153} INFO - Started process (PID=102831) to work on /home/james/airflowa/lib/python3.8/site-packages/airflow/example_dags/example_trigger_controller_dag.py
[2022-06-08 12:18:33,087] {processor.py:641} INFO - Processing file /home/james/airflowa/lib/python3.8/site-packages/airflow/example_dags/example_trigger_controller_dag.py for tasks to queue
[2022-06-08 12:18:33,088] {logging_mixin.py:115} INFO - [2022-06-08 12:18:33,088] {dagbag.py:507} INFO - Filling up the DagBag from /home/james/airflowa/lib/python3.8/site-packages/airflow/example_dags/example_trigger_controller_dag.py
[2022-06-08 12:18:33,090] {processor.py:651} INFO - DAG(s) dict_keys(['example_trigger_controller_dag']) retrieved from /home/james/airflowa/lib/python3.8/site-packages/airflow/example_dags/example_trigger_controller_dag.py
[2022-06-08 12:18:33,108] {logging_mixin.py:115} INFO - [2022-06-08 12:18:33,108] {dag.py:2379} INFO - Sync 1 DAGs
[2022-06-08 12:18:33,124] {logging_mixin.py:115} INFO - [2022-06-08 12:18:33,124] {dag.py:2927} INFO - Setting next_dagrun for example_trigger_controller_dag to 2021-01-01T00:00:00+00:00, run_after=2021-01-01T00:00:00+00:00
[2022-06-08 12:18:33,136] {processor.py:161} INFO - Processing /home/james/airflowa/lib/python3.8/site-packages/airflow/example_dags/example_trigger_controller_dag.py took 0.052 seconds
[2022-06-08 12:22:08,771] {processor.py:153} INFO - Started process (PID=104828) to work on /home/james/airflowa/lib/python3.8/site-packages/airflow/example_dags/example_trigger_controller_dag.py
[2022-06-08 12:22:08,772] {processor.py:641} INFO - Processing file /home/james/airflowa/lib/python3.8/site-packages/airflow/example_dags/example_trigger_controller_dag.py for tasks to queue
[2022-06-08 12:22:08,773] {logging_mixin.py:115} INFO - [2022-06-08 12:22:08,773] {dagbag.py:507} INFO - Filling up the DagBag from /home/james/airflowa/lib/python3.8/site-packages/airflow/example_dags/example_trigger_controller_dag.py
[2022-06-08 12:22:08,778] {processor.py:651} INFO - DAG(s) dict_keys(['example_trigger_controller_dag']) retrieved from /home/james/airflowa/lib/python3.8/site-packages/airflow/example_dags/example_trigger_controller_dag.py
[2022-06-08 12:22:08,801] {logging_mixin.py:115} INFO - [2022-06-08 12:22:08,801] {dag.py:2379} INFO - Sync 1 DAGs
[2022-06-08 12:22:08,830] {logging_mixin.py:115} INFO - [2022-06-08 12:22:08,829] {dag.py:2927} INFO - Setting next_dagrun for example_trigger_controller_dag to 2021-01-01T00:00:00+00:00, run_after=2021-01-01T00:00:00+00:00
[2022-06-08 12:22:08,850] {processor.py:161} INFO - Processing /home/james/airflowa/lib/python3.8/site-packages/airflow/example_dags/example_trigger_controller_dag.py took 0.083 seconds
[2022-06-08 12:22:46,735] {processor.py:153} INFO - Started process (PID=105019) to work on /home/james/airflowa/lib/python3.8/site-packages/airflow/example_dags/example_trigger_controller_dag.py
[2022-06-08 12:22:46,736] {processor.py:641} INFO - Processing file /home/james/airflowa/lib/python3.8/site-packages/airflow/example_dags/example_trigger_controller_dag.py for tasks to queue
[2022-06-08 12:22:46,736] {logging_mixin.py:115} INFO - [2022-06-08 12:22:46,736] {dagbag.py:507} INFO - Filling up the DagBag from /home/james/airflowa/lib/python3.8/site-packages/airflow/example_dags/example_trigger_controller_dag.py
[2022-06-08 12:22:46,741] {processor.py:651} INFO - DAG(s) dict_keys(['example_trigger_controller_dag']) retrieved from /home/james/airflowa/lib/python3.8/site-packages/airflow/example_dags/example_trigger_controller_dag.py
[2022-06-08 12:22:46,764] {logging_mixin.py:115} INFO - [2022-06-08 12:22:46,763] {dag.py:2379} INFO - Sync 1 DAGs
[2022-06-08 12:22:46,789] {logging_mixin.py:115} INFO - [2022-06-08 12:22:46,789] {dag.py:2927} INFO - Setting next_dagrun for example_trigger_controller_dag to 2021-01-01T00:00:00+00:00, run_after=2021-01-01T00:00:00+00:00
[2022-06-08 12:22:46,806] {processor.py:161} INFO - Processing /home/james/airflowa/lib/python3.8/site-packages/airflow/example_dags/example_trigger_controller_dag.py took 0.075 seconds
[2022-06-08 12:34:49,132] {processor.py:153} INFO - Started process (PID=111775) to work on /home/james/airflowa/lib/python3.8/site-packages/airflow/example_dags/example_trigger_controller_dag.py
[2022-06-08 12:34:49,139] {processor.py:641} INFO - Processing file /home/james/airflowa/lib/python3.8/site-packages/airflow/example_dags/example_trigger_controller_dag.py for tasks to queue
[2022-06-08 12:34:49,140] {logging_mixin.py:115} INFO - [2022-06-08 12:34:49,140] {dagbag.py:507} INFO - Filling up the DagBag from /home/james/airflowa/lib/python3.8/site-packages/airflow/example_dags/example_trigger_controller_dag.py
[2022-06-08 12:34:49,186] {processor.py:651} INFO - DAG(s) dict_keys(['example_trigger_controller_dag']) retrieved from /home/james/airflowa/lib/python3.8/site-packages/airflow/example_dags/example_trigger_controller_dag.py
[2022-06-08 12:34:49,221] {logging_mixin.py:115} INFO - [2022-06-08 12:34:49,221] {dag.py:2379} INFO - Sync 1 DAGs
[2022-06-08 12:34:49,258] {logging_mixin.py:115} INFO - [2022-06-08 12:34:49,258] {dag.py:2927} INFO - Setting next_dagrun for example_trigger_controller_dag to 2021-01-01T00:00:00+00:00, run_after=2021-01-01T00:00:00+00:00
[2022-06-08 12:34:49,293] {processor.py:161} INFO - Processing /home/james/airflowa/lib/python3.8/site-packages/airflow/example_dags/example_trigger_controller_dag.py took 0.166 seconds
[2022-06-08 12:38:18,904] {processor.py:153} INFO - Started process (PID=114719) to work on /home/james/airflowa/lib/python3.8/site-packages/airflow/example_dags/example_trigger_controller_dag.py
[2022-06-08 12:38:18,907] {processor.py:641} INFO - Processing file /home/james/airflowa/lib/python3.8/site-packages/airflow/example_dags/example_trigger_controller_dag.py for tasks to queue
[2022-06-08 12:38:18,912] {logging_mixin.py:115} INFO - [2022-06-08 12:38:18,911] {dagbag.py:507} INFO - Filling up the DagBag from /home/james/airflowa/lib/python3.8/site-packages/airflow/example_dags/example_trigger_controller_dag.py
[2022-06-08 12:38:18,942] {processor.py:651} INFO - DAG(s) dict_keys(['example_trigger_controller_dag']) retrieved from /home/james/airflowa/lib/python3.8/site-packages/airflow/example_dags/example_trigger_controller_dag.py
[2022-06-08 12:38:19,211] {logging_mixin.py:115} INFO - [2022-06-08 12:38:19,210] {dag.py:2379} INFO - Sync 1 DAGs
[2022-06-08 12:38:19,587] {logging_mixin.py:115} INFO - [2022-06-08 12:38:19,587] {dag.py:2927} INFO - Setting next_dagrun for example_trigger_controller_dag to 2021-01-01T00:00:00+00:00, run_after=2021-01-01T00:00:00+00:00
[2022-06-08 12:38:19,760] {processor.py:161} INFO - Processing /home/james/airflowa/lib/python3.8/site-packages/airflow/example_dags/example_trigger_controller_dag.py took 0.863 seconds
[2022-06-08 12:39:22,531] {processor.py:153} INFO - Started process (PID=115627) to work on /home/james/airflowa/lib/python3.8/site-packages/airflow/example_dags/example_trigger_controller_dag.py
[2022-06-08 12:39:22,532] {processor.py:641} INFO - Processing file /home/james/airflowa/lib/python3.8/site-packages/airflow/example_dags/example_trigger_controller_dag.py for tasks to queue
[2022-06-08 12:39:22,533] {logging_mixin.py:115} INFO - [2022-06-08 12:39:22,533] {dagbag.py:507} INFO - Filling up the DagBag from /home/james/airflowa/lib/python3.8/site-packages/airflow/example_dags/example_trigger_controller_dag.py
[2022-06-08 12:39:22,539] {processor.py:651} INFO - DAG(s) dict_keys(['example_trigger_controller_dag']) retrieved from /home/james/airflowa/lib/python3.8/site-packages/airflow/example_dags/example_trigger_controller_dag.py
[2022-06-08 12:39:22,568] {logging_mixin.py:115} INFO - [2022-06-08 12:39:22,568] {dag.py:2379} INFO - Sync 1 DAGs
[2022-06-08 12:39:22,609] {logging_mixin.py:115} INFO - [2022-06-08 12:39:22,609] {dag.py:2927} INFO - Setting next_dagrun for example_trigger_controller_dag to 2021-01-01T00:00:00+00:00, run_after=2021-01-01T00:00:00+00:00
[2022-06-08 12:39:22,631] {processor.py:161} INFO - Processing /home/james/airflowa/lib/python3.8/site-packages/airflow/example_dags/example_trigger_controller_dag.py took 0.106 seconds
[2022-06-08 12:40:13,447] {processor.py:153} INFO - Started process (PID=116386) to work on /home/james/airflowa/lib/python3.8/site-packages/airflow/example_dags/example_trigger_controller_dag.py
[2022-06-08 12:40:13,447] {processor.py:641} INFO - Processing file /home/james/airflowa/lib/python3.8/site-packages/airflow/example_dags/example_trigger_controller_dag.py for tasks to queue
[2022-06-08 12:40:13,449] {logging_mixin.py:115} INFO - [2022-06-08 12:40:13,448] {dagbag.py:507} INFO - Filling up the DagBag from /home/james/airflowa/lib/python3.8/site-packages/airflow/example_dags/example_trigger_controller_dag.py
[2022-06-08 12:40:13,453] {processor.py:651} INFO - DAG(s) dict_keys(['example_trigger_controller_dag']) retrieved from /home/james/airflowa/lib/python3.8/site-packages/airflow/example_dags/example_trigger_controller_dag.py
[2022-06-08 12:40:13,475] {logging_mixin.py:115} INFO - [2022-06-08 12:40:13,475] {dag.py:2379} INFO - Sync 1 DAGs
[2022-06-08 12:40:13,504] {logging_mixin.py:115} INFO - [2022-06-08 12:40:13,503] {dag.py:2927} INFO - Setting next_dagrun for example_trigger_controller_dag to 2021-01-01T00:00:00+00:00, run_after=2021-01-01T00:00:00+00:00
[2022-06-08 12:40:13,517] {processor.py:161} INFO - Processing /home/james/airflowa/lib/python3.8/site-packages/airflow/example_dags/example_trigger_controller_dag.py took 0.074 seconds
[2022-06-08 12:41:16,885] {processor.py:153} INFO - Started process (PID=116772) to work on /home/james/airflowa/lib/python3.8/site-packages/airflow/example_dags/example_trigger_controller_dag.py
[2022-06-08 12:41:16,885] {processor.py:641} INFO - Processing file /home/james/airflowa/lib/python3.8/site-packages/airflow/example_dags/example_trigger_controller_dag.py for tasks to queue
[2022-06-08 12:41:16,886] {logging_mixin.py:115} INFO - [2022-06-08 12:41:16,886] {dagbag.py:507} INFO - Filling up the DagBag from /home/james/airflowa/lib/python3.8/site-packages/airflow/example_dags/example_trigger_controller_dag.py
[2022-06-08 12:41:16,890] {processor.py:651} INFO - DAG(s) dict_keys(['example_trigger_controller_dag']) retrieved from /home/james/airflowa/lib/python3.8/site-packages/airflow/example_dags/example_trigger_controller_dag.py
[2022-06-08 12:41:16,914] {logging_mixin.py:115} INFO - [2022-06-08 12:41:16,914] {dag.py:2379} INFO - Sync 1 DAGs
[2022-06-08 12:41:16,939] {logging_mixin.py:115} INFO - [2022-06-08 12:41:16,939] {dag.py:2927} INFO - Setting next_dagrun for example_trigger_controller_dag to 2021-01-01T00:00:00+00:00, run_after=2021-01-01T00:00:00+00:00
[2022-06-08 12:41:16,956] {processor.py:161} INFO - Processing /home/james/airflowa/lib/python3.8/site-packages/airflow/example_dags/example_trigger_controller_dag.py took 0.076 seconds
[2022-06-08 12:44:15,412] {processor.py:153} INFO - Started process (PID=117794) to work on /home/james/airflowa/lib/python3.8/site-packages/airflow/example_dags/example_trigger_controller_dag.py
[2022-06-08 12:44:15,414] {processor.py:641} INFO - Processing file /home/james/airflowa/lib/python3.8/site-packages/airflow/example_dags/example_trigger_controller_dag.py for tasks to queue
[2022-06-08 12:44:15,414] {logging_mixin.py:115} INFO - [2022-06-08 12:44:15,414] {dagbag.py:507} INFO - Filling up the DagBag from /home/james/airflowa/lib/python3.8/site-packages/airflow/example_dags/example_trigger_controller_dag.py
[2022-06-08 12:44:15,419] {processor.py:651} INFO - DAG(s) dict_keys(['example_trigger_controller_dag']) retrieved from /home/james/airflowa/lib/python3.8/site-packages/airflow/example_dags/example_trigger_controller_dag.py
[2022-06-08 12:44:15,442] {logging_mixin.py:115} INFO - [2022-06-08 12:44:15,442] {dag.py:2379} INFO - Sync 1 DAGs
[2022-06-08 12:44:15,471] {logging_mixin.py:115} INFO - [2022-06-08 12:44:15,471] {dag.py:2927} INFO - Setting next_dagrun for example_trigger_controller_dag to 2021-01-01T00:00:00+00:00, run_after=2021-01-01T00:00:00+00:00
[2022-06-08 12:44:15,491] {processor.py:161} INFO - Processing /home/james/airflowa/lib/python3.8/site-packages/airflow/example_dags/example_trigger_controller_dag.py took 0.082 seconds
[2022-06-08 12:45:13,087] {processor.py:153} INFO - Started process (PID=118140) to work on /home/james/airflowa/lib/python3.8/site-packages/airflow/example_dags/example_trigger_controller_dag.py
[2022-06-08 12:45:13,088] {processor.py:641} INFO - Processing file /home/james/airflowa/lib/python3.8/site-packages/airflow/example_dags/example_trigger_controller_dag.py for tasks to queue
[2022-06-08 12:45:13,089] {logging_mixin.py:115} INFO - [2022-06-08 12:45:13,089] {dagbag.py:507} INFO - Filling up the DagBag from /home/james/airflowa/lib/python3.8/site-packages/airflow/example_dags/example_trigger_controller_dag.py
[2022-06-08 12:45:13,093] {processor.py:651} INFO - DAG(s) dict_keys(['example_trigger_controller_dag']) retrieved from /home/james/airflowa/lib/python3.8/site-packages/airflow/example_dags/example_trigger_controller_dag.py
[2022-06-08 12:45:13,119] {logging_mixin.py:115} INFO - [2022-06-08 12:45:13,119] {dag.py:2379} INFO - Sync 1 DAGs
[2022-06-08 12:45:13,140] {logging_mixin.py:115} INFO - [2022-06-08 12:45:13,139] {dag.py:2927} INFO - Setting next_dagrun for example_trigger_controller_dag to 2021-01-01T00:00:00+00:00, run_after=2021-01-01T00:00:00+00:00
[2022-06-08 12:45:13,155] {processor.py:161} INFO - Processing /home/james/airflowa/lib/python3.8/site-packages/airflow/example_dags/example_trigger_controller_dag.py took 0.071 seconds
[2022-06-08 12:45:55,201] {processor.py:153} INFO - Started process (PID=118364) to work on /home/james/airflowa/lib/python3.8/site-packages/airflow/example_dags/example_trigger_controller_dag.py
[2022-06-08 12:45:55,202] {processor.py:641} INFO - Processing file /home/james/airflowa/lib/python3.8/site-packages/airflow/example_dags/example_trigger_controller_dag.py for tasks to queue
[2022-06-08 12:45:55,202] {logging_mixin.py:115} INFO - [2022-06-08 12:45:55,202] {dagbag.py:507} INFO - Filling up the DagBag from /home/james/airflowa/lib/python3.8/site-packages/airflow/example_dags/example_trigger_controller_dag.py
[2022-06-08 12:45:55,205] {processor.py:651} INFO - DAG(s) dict_keys(['example_trigger_controller_dag']) retrieved from /home/james/airflowa/lib/python3.8/site-packages/airflow/example_dags/example_trigger_controller_dag.py
[2022-06-08 12:45:55,221] {logging_mixin.py:115} INFO - [2022-06-08 12:45:55,221] {dag.py:2379} INFO - Sync 1 DAGs
[2022-06-08 12:45:55,234] {logging_mixin.py:115} INFO - [2022-06-08 12:45:55,234] {dag.py:2927} INFO - Setting next_dagrun for example_trigger_controller_dag to 2021-01-01T00:00:00+00:00, run_after=2021-01-01T00:00:00+00:00
[2022-06-08 12:45:55,245] {processor.py:161} INFO - Processing /home/james/airflowa/lib/python3.8/site-packages/airflow/example_dags/example_trigger_controller_dag.py took 0.048 seconds
[2022-06-08 12:46:48,246] {processor.py:153} INFO - Started process (PID=118633) to work on /home/james/airflowa/lib/python3.8/site-packages/airflow/example_dags/example_trigger_controller_dag.py
[2022-06-08 12:46:48,247] {processor.py:641} INFO - Processing file /home/james/airflowa/lib/python3.8/site-packages/airflow/example_dags/example_trigger_controller_dag.py for tasks to queue
[2022-06-08 12:46:48,247] {logging_mixin.py:115} INFO - [2022-06-08 12:46:48,247] {dagbag.py:507} INFO - Filling up the DagBag from /home/james/airflowa/lib/python3.8/site-packages/airflow/example_dags/example_trigger_controller_dag.py
[2022-06-08 12:46:48,251] {processor.py:651} INFO - DAG(s) dict_keys(['example_trigger_controller_dag']) retrieved from /home/james/airflowa/lib/python3.8/site-packages/airflow/example_dags/example_trigger_controller_dag.py
[2022-06-08 12:46:48,267] {logging_mixin.py:115} INFO - [2022-06-08 12:46:48,267] {dag.py:2379} INFO - Sync 1 DAGs
[2022-06-08 12:46:48,280] {logging_mixin.py:115} INFO - [2022-06-08 12:46:48,280] {dag.py:2927} INFO - Setting next_dagrun for example_trigger_controller_dag to 2021-01-01T00:00:00+00:00, run_after=2021-01-01T00:00:00+00:00
[2022-06-08 12:46:48,292] {processor.py:161} INFO - Processing /home/james/airflowa/lib/python3.8/site-packages/airflow/example_dags/example_trigger_controller_dag.py took 0.049 seconds
[2022-06-08 12:47:24,964] {processor.py:153} INFO - Started process (PID=119395) to work on /home/james/airflowa/lib/python3.8/site-packages/airflow/example_dags/example_trigger_controller_dag.py
[2022-06-08 12:47:24,965] {processor.py:641} INFO - Processing file /home/james/airflowa/lib/python3.8/site-packages/airflow/example_dags/example_trigger_controller_dag.py for tasks to queue
[2022-06-08 12:47:24,966] {logging_mixin.py:115} INFO - [2022-06-08 12:47:24,966] {dagbag.py:507} INFO - Filling up the DagBag from /home/james/airflowa/lib/python3.8/site-packages/airflow/example_dags/example_trigger_controller_dag.py
[2022-06-08 12:47:24,971] {processor.py:651} INFO - DAG(s) dict_keys(['example_trigger_controller_dag']) retrieved from /home/james/airflowa/lib/python3.8/site-packages/airflow/example_dags/example_trigger_controller_dag.py
[2022-06-08 12:47:25,000] {logging_mixin.py:115} INFO - [2022-06-08 12:47:25,000] {dag.py:2379} INFO - Sync 1 DAGs
[2022-06-08 12:47:25,027] {logging_mixin.py:115} INFO - [2022-06-08 12:47:25,026] {dag.py:2927} INFO - Setting next_dagrun for example_trigger_controller_dag to 2021-01-01T00:00:00+00:00, run_after=2021-01-01T00:00:00+00:00
[2022-06-08 12:47:25,043] {processor.py:161} INFO - Processing /home/james/airflowa/lib/python3.8/site-packages/airflow/example_dags/example_trigger_controller_dag.py took 0.084 seconds
[2022-06-08 12:48:09,968] {processor.py:153} INFO - Started process (PID=119586) to work on /home/james/airflowa/lib/python3.8/site-packages/airflow/example_dags/example_trigger_controller_dag.py
[2022-06-08 12:48:09,968] {processor.py:641} INFO - Processing file /home/james/airflowa/lib/python3.8/site-packages/airflow/example_dags/example_trigger_controller_dag.py for tasks to queue
[2022-06-08 12:48:09,969] {logging_mixin.py:115} INFO - [2022-06-08 12:48:09,969] {dagbag.py:507} INFO - Filling up the DagBag from /home/james/airflowa/lib/python3.8/site-packages/airflow/example_dags/example_trigger_controller_dag.py
[2022-06-08 12:48:09,971] {processor.py:651} INFO - DAG(s) dict_keys(['example_trigger_controller_dag']) retrieved from /home/james/airflowa/lib/python3.8/site-packages/airflow/example_dags/example_trigger_controller_dag.py
[2022-06-08 12:48:09,986] {logging_mixin.py:115} INFO - [2022-06-08 12:48:09,985] {dag.py:2379} INFO - Sync 1 DAGs
[2022-06-08 12:48:09,999] {logging_mixin.py:115} INFO - [2022-06-08 12:48:09,999] {dag.py:2927} INFO - Setting next_dagrun for example_trigger_controller_dag to 2021-01-01T00:00:00+00:00, run_after=2021-01-01T00:00:00+00:00
[2022-06-08 12:48:10,010] {processor.py:161} INFO - Processing /home/james/airflowa/lib/python3.8/site-packages/airflow/example_dags/example_trigger_controller_dag.py took 0.044 seconds
[2022-06-08 12:48:47,396] {processor.py:153} INFO - Started process (PID=119951) to work on /home/james/airflowa/lib/python3.8/site-packages/airflow/example_dags/example_trigger_controller_dag.py
[2022-06-08 12:48:47,398] {processor.py:641} INFO - Processing file /home/james/airflowa/lib/python3.8/site-packages/airflow/example_dags/example_trigger_controller_dag.py for tasks to queue
[2022-06-08 12:48:47,398] {logging_mixin.py:115} INFO - [2022-06-08 12:48:47,398] {dagbag.py:507} INFO - Filling up the DagBag from /home/james/airflowa/lib/python3.8/site-packages/airflow/example_dags/example_trigger_controller_dag.py
[2022-06-08 12:48:47,414] {processor.py:651} INFO - DAG(s) dict_keys(['example_trigger_controller_dag']) retrieved from /home/james/airflowa/lib/python3.8/site-packages/airflow/example_dags/example_trigger_controller_dag.py
[2022-06-08 12:48:47,442] {logging_mixin.py:115} INFO - [2022-06-08 12:48:47,442] {dag.py:2379} INFO - Sync 1 DAGs
[2022-06-08 12:48:47,493] {logging_mixin.py:115} INFO - [2022-06-08 12:48:47,493] {dag.py:2927} INFO - Setting next_dagrun for example_trigger_controller_dag to 2021-01-01T00:00:00+00:00, run_after=2021-01-01T00:00:00+00:00
[2022-06-08 12:48:47,522] {processor.py:161} INFO - Processing /home/james/airflowa/lib/python3.8/site-packages/airflow/example_dags/example_trigger_controller_dag.py took 0.142 seconds
[2022-06-08 12:49:48,494] {processor.py:153} INFO - Started process (PID=120326) to work on /home/james/airflowa/lib/python3.8/site-packages/airflow/example_dags/example_trigger_controller_dag.py
[2022-06-08 12:49:48,496] {processor.py:641} INFO - Processing file /home/james/airflowa/lib/python3.8/site-packages/airflow/example_dags/example_trigger_controller_dag.py for tasks to queue
[2022-06-08 12:49:48,499] {logging_mixin.py:115} INFO - [2022-06-08 12:49:48,498] {dagbag.py:507} INFO - Filling up the DagBag from /home/james/airflowa/lib/python3.8/site-packages/airflow/example_dags/example_trigger_controller_dag.py
[2022-06-08 12:49:48,510] {processor.py:651} INFO - DAG(s) dict_keys(['example_trigger_controller_dag']) retrieved from /home/james/airflowa/lib/python3.8/site-packages/airflow/example_dags/example_trigger_controller_dag.py
[2022-06-08 12:49:48,557] {logging_mixin.py:115} INFO - [2022-06-08 12:49:48,556] {dag.py:2379} INFO - Sync 1 DAGs
[2022-06-08 12:49:48,625] {logging_mixin.py:115} INFO - [2022-06-08 12:49:48,624] {dag.py:2927} INFO - Setting next_dagrun for example_trigger_controller_dag to 2021-01-01T00:00:00+00:00, run_after=2021-01-01T00:00:00+00:00
[2022-06-08 12:49:48,664] {processor.py:161} INFO - Processing /home/james/airflowa/lib/python3.8/site-packages/airflow/example_dags/example_trigger_controller_dag.py took 0.180 seconds
[2022-06-08 12:51:24,511] {processor.py:153} INFO - Started process (PID=121085) to work on /home/james/airflowa/lib/python3.8/site-packages/airflow/example_dags/example_trigger_controller_dag.py
[2022-06-08 12:51:24,512] {processor.py:641} INFO - Processing file /home/james/airflowa/lib/python3.8/site-packages/airflow/example_dags/example_trigger_controller_dag.py for tasks to queue
[2022-06-08 12:51:24,513] {logging_mixin.py:115} INFO - [2022-06-08 12:51:24,513] {dagbag.py:507} INFO - Filling up the DagBag from /home/james/airflowa/lib/python3.8/site-packages/airflow/example_dags/example_trigger_controller_dag.py
[2022-06-08 12:51:24,519] {processor.py:651} INFO - DAG(s) dict_keys(['example_trigger_controller_dag']) retrieved from /home/james/airflowa/lib/python3.8/site-packages/airflow/example_dags/example_trigger_controller_dag.py
[2022-06-08 12:51:24,560] {logging_mixin.py:115} INFO - [2022-06-08 12:51:24,560] {dag.py:2379} INFO - Sync 1 DAGs
[2022-06-08 12:51:24,608] {logging_mixin.py:115} INFO - [2022-06-08 12:51:24,608] {dag.py:2927} INFO - Setting next_dagrun for example_trigger_controller_dag to 2021-01-01T00:00:00+00:00, run_after=2021-01-01T00:00:00+00:00
[2022-06-08 12:51:24,634] {processor.py:161} INFO - Processing /home/james/airflowa/lib/python3.8/site-packages/airflow/example_dags/example_trigger_controller_dag.py took 0.130 seconds
[2022-06-08 12:52:55,820] {processor.py:153} INFO - Started process (PID=121649) to work on /home/james/airflowa/lib/python3.8/site-packages/airflow/example_dags/example_trigger_controller_dag.py
[2022-06-08 12:52:55,821] {processor.py:641} INFO - Processing file /home/james/airflowa/lib/python3.8/site-packages/airflow/example_dags/example_trigger_controller_dag.py for tasks to queue
[2022-06-08 12:52:55,822] {logging_mixin.py:115} INFO - [2022-06-08 12:52:55,822] {dagbag.py:507} INFO - Filling up the DagBag from /home/james/airflowa/lib/python3.8/site-packages/airflow/example_dags/example_trigger_controller_dag.py
[2022-06-08 12:52:55,828] {processor.py:651} INFO - DAG(s) dict_keys(['example_trigger_controller_dag']) retrieved from /home/james/airflowa/lib/python3.8/site-packages/airflow/example_dags/example_trigger_controller_dag.py
[2022-06-08 12:52:55,869] {logging_mixin.py:115} INFO - [2022-06-08 12:52:55,868] {dag.py:2379} INFO - Sync 1 DAGs
[2022-06-08 12:52:55,908] {logging_mixin.py:115} INFO - [2022-06-08 12:52:55,907] {dag.py:2927} INFO - Setting next_dagrun for example_trigger_controller_dag to 2021-01-01T00:00:00+00:00, run_after=2021-01-01T00:00:00+00:00
[2022-06-08 12:52:55,944] {processor.py:161} INFO - Processing /home/james/airflowa/lib/python3.8/site-packages/airflow/example_dags/example_trigger_controller_dag.py took 0.130 seconds
[2022-06-08 12:53:37,289] {processor.py:153} INFO - Started process (PID=121925) to work on /home/james/airflowa/lib/python3.8/site-packages/airflow/example_dags/example_trigger_controller_dag.py
[2022-06-08 12:53:37,290] {processor.py:641} INFO - Processing file /home/james/airflowa/lib/python3.8/site-packages/airflow/example_dags/example_trigger_controller_dag.py for tasks to queue
[2022-06-08 12:53:37,292] {logging_mixin.py:115} INFO - [2022-06-08 12:53:37,292] {dagbag.py:507} INFO - Filling up the DagBag from /home/james/airflowa/lib/python3.8/site-packages/airflow/example_dags/example_trigger_controller_dag.py
[2022-06-08 12:53:37,300] {processor.py:651} INFO - DAG(s) dict_keys(['example_trigger_controller_dag']) retrieved from /home/james/airflowa/lib/python3.8/site-packages/airflow/example_dags/example_trigger_controller_dag.py
[2022-06-08 12:53:37,337] {logging_mixin.py:115} INFO - [2022-06-08 12:53:37,337] {dag.py:2379} INFO - Sync 1 DAGs
[2022-06-08 12:53:37,383] {logging_mixin.py:115} INFO - [2022-06-08 12:53:37,383] {dag.py:2927} INFO - Setting next_dagrun for example_trigger_controller_dag to 2021-01-01T00:00:00+00:00, run_after=2021-01-01T00:00:00+00:00
[2022-06-08 12:53:37,411] {processor.py:161} INFO - Processing /home/james/airflowa/lib/python3.8/site-packages/airflow/example_dags/example_trigger_controller_dag.py took 0.128 seconds
[2022-06-08 12:54:43,936] {processor.py:153} INFO - Started process (PID=122437) to work on /home/james/airflowa/lib/python3.8/site-packages/airflow/example_dags/example_trigger_controller_dag.py
[2022-06-08 12:54:43,937] {processor.py:641} INFO - Processing file /home/james/airflowa/lib/python3.8/site-packages/airflow/example_dags/example_trigger_controller_dag.py for tasks to queue
[2022-06-08 12:54:43,939] {logging_mixin.py:115} INFO - [2022-06-08 12:54:43,939] {dagbag.py:507} INFO - Filling up the DagBag from /home/james/airflowa/lib/python3.8/site-packages/airflow/example_dags/example_trigger_controller_dag.py
[2022-06-08 12:54:43,948] {processor.py:651} INFO - DAG(s) dict_keys(['example_trigger_controller_dag']) retrieved from /home/james/airflowa/lib/python3.8/site-packages/airflow/example_dags/example_trigger_controller_dag.py
[2022-06-08 12:54:43,986] {logging_mixin.py:115} INFO - [2022-06-08 12:54:43,986] {dag.py:2379} INFO - Sync 1 DAGs
[2022-06-08 12:54:44,029] {logging_mixin.py:115} INFO - [2022-06-08 12:54:44,029] {dag.py:2927} INFO - Setting next_dagrun for example_trigger_controller_dag to 2021-01-01T00:00:00+00:00, run_after=2021-01-01T00:00:00+00:00
[2022-06-08 12:54:44,056] {processor.py:161} INFO - Processing /home/james/airflowa/lib/python3.8/site-packages/airflow/example_dags/example_trigger_controller_dag.py took 0.127 seconds
[2022-06-08 12:55:27,541] {processor.py:153} INFO - Started process (PID=122710) to work on /home/james/airflowa/lib/python3.8/site-packages/airflow/example_dags/example_trigger_controller_dag.py
[2022-06-08 12:55:27,543] {processor.py:641} INFO - Processing file /home/james/airflowa/lib/python3.8/site-packages/airflow/example_dags/example_trigger_controller_dag.py for tasks to queue
[2022-06-08 12:55:27,547] {logging_mixin.py:115} INFO - [2022-06-08 12:55:27,546] {dagbag.py:507} INFO - Filling up the DagBag from /home/james/airflowa/lib/python3.8/site-packages/airflow/example_dags/example_trigger_controller_dag.py
[2022-06-08 12:55:27,559] {processor.py:651} INFO - DAG(s) dict_keys(['example_trigger_controller_dag']) retrieved from /home/james/airflowa/lib/python3.8/site-packages/airflow/example_dags/example_trigger_controller_dag.py
[2022-06-08 12:55:27,636] {logging_mixin.py:115} INFO - [2022-06-08 12:55:27,636] {dag.py:2379} INFO - Sync 1 DAGs
[2022-06-08 12:55:27,736] {logging_mixin.py:115} INFO - [2022-06-08 12:55:27,735] {dag.py:2927} INFO - Setting next_dagrun for example_trigger_controller_dag to 2021-01-01T00:00:00+00:00, run_after=2021-01-01T00:00:00+00:00
[2022-06-08 12:55:27,783] {processor.py:161} INFO - Processing /home/james/airflowa/lib/python3.8/site-packages/airflow/example_dags/example_trigger_controller_dag.py took 0.250 seconds
[2022-06-08 12:56:01,340] {processor.py:153} INFO - Started process (PID=122905) to work on /home/james/airflowa/lib/python3.8/site-packages/airflow/example_dags/example_trigger_controller_dag.py
[2022-06-08 12:56:01,341] {processor.py:641} INFO - Processing file /home/james/airflowa/lib/python3.8/site-packages/airflow/example_dags/example_trigger_controller_dag.py for tasks to queue
[2022-06-08 12:56:01,342] {logging_mixin.py:115} INFO - [2022-06-08 12:56:01,342] {dagbag.py:507} INFO - Filling up the DagBag from /home/james/airflowa/lib/python3.8/site-packages/airflow/example_dags/example_trigger_controller_dag.py
[2022-06-08 12:56:01,346] {processor.py:651} INFO - DAG(s) dict_keys(['example_trigger_controller_dag']) retrieved from /home/james/airflowa/lib/python3.8/site-packages/airflow/example_dags/example_trigger_controller_dag.py
[2022-06-08 12:56:01,370] {logging_mixin.py:115} INFO - [2022-06-08 12:56:01,369] {dag.py:2379} INFO - Sync 1 DAGs
[2022-06-08 12:56:01,401] {logging_mixin.py:115} INFO - [2022-06-08 12:56:01,401] {dag.py:2927} INFO - Setting next_dagrun for example_trigger_controller_dag to 2021-01-01T00:00:00+00:00, run_after=2021-01-01T00:00:00+00:00
[2022-06-08 12:56:01,418] {processor.py:161} INFO - Processing /home/james/airflowa/lib/python3.8/site-packages/airflow/example_dags/example_trigger_controller_dag.py took 0.081 seconds
[2022-06-08 12:57:10,665] {processor.py:153} INFO - Started process (PID=123204) to work on /home/james/airflowa/lib/python3.8/site-packages/airflow/example_dags/example_trigger_controller_dag.py
[2022-06-08 12:57:10,666] {processor.py:641} INFO - Processing file /home/james/airflowa/lib/python3.8/site-packages/airflow/example_dags/example_trigger_controller_dag.py for tasks to queue
[2022-06-08 12:57:10,666] {logging_mixin.py:115} INFO - [2022-06-08 12:57:10,666] {dagbag.py:507} INFO - Filling up the DagBag from /home/james/airflowa/lib/python3.8/site-packages/airflow/example_dags/example_trigger_controller_dag.py
[2022-06-08 12:57:10,670] {processor.py:651} INFO - DAG(s) dict_keys(['example_trigger_controller_dag']) retrieved from /home/james/airflowa/lib/python3.8/site-packages/airflow/example_dags/example_trigger_controller_dag.py
[2022-06-08 12:57:10,692] {logging_mixin.py:115} INFO - [2022-06-08 12:57:10,692] {dag.py:2379} INFO - Sync 1 DAGs
[2022-06-08 12:57:10,726] {logging_mixin.py:115} INFO - [2022-06-08 12:57:10,725] {dag.py:2927} INFO - Setting next_dagrun for example_trigger_controller_dag to 2021-01-01T00:00:00+00:00, run_after=2021-01-01T00:00:00+00:00
[2022-06-08 12:57:10,746] {processor.py:161} INFO - Processing /home/james/airflowa/lib/python3.8/site-packages/airflow/example_dags/example_trigger_controller_dag.py took 0.084 seconds
[2022-06-08 12:57:53,837] {processor.py:153} INFO - Started process (PID=123445) to work on /home/james/airflowa/lib/python3.8/site-packages/airflow/example_dags/example_trigger_controller_dag.py
[2022-06-08 12:57:53,838] {processor.py:641} INFO - Processing file /home/james/airflowa/lib/python3.8/site-packages/airflow/example_dags/example_trigger_controller_dag.py for tasks to queue
[2022-06-08 12:57:53,839] {logging_mixin.py:115} INFO - [2022-06-08 12:57:53,839] {dagbag.py:507} INFO - Filling up the DagBag from /home/james/airflowa/lib/python3.8/site-packages/airflow/example_dags/example_trigger_controller_dag.py
[2022-06-08 12:57:53,842] {processor.py:651} INFO - DAG(s) dict_keys(['example_trigger_controller_dag']) retrieved from /home/james/airflowa/lib/python3.8/site-packages/airflow/example_dags/example_trigger_controller_dag.py
[2022-06-08 12:57:53,856] {logging_mixin.py:115} INFO - [2022-06-08 12:57:53,856] {dag.py:2379} INFO - Sync 1 DAGs
[2022-06-08 12:57:53,875] {logging_mixin.py:115} INFO - [2022-06-08 12:57:53,875] {dag.py:2927} INFO - Setting next_dagrun for example_trigger_controller_dag to 2021-01-01T00:00:00+00:00, run_after=2021-01-01T00:00:00+00:00
[2022-06-08 12:57:53,889] {processor.py:161} INFO - Processing /home/james/airflowa/lib/python3.8/site-packages/airflow/example_dags/example_trigger_controller_dag.py took 0.054 seconds
[2022-06-08 12:58:32,139] {processor.py:153} INFO - Started process (PID=123615) to work on /home/james/airflowa/lib/python3.8/site-packages/airflow/example_dags/example_trigger_controller_dag.py
[2022-06-08 12:58:32,140] {processor.py:641} INFO - Processing file /home/james/airflowa/lib/python3.8/site-packages/airflow/example_dags/example_trigger_controller_dag.py for tasks to queue
[2022-06-08 12:58:32,140] {logging_mixin.py:115} INFO - [2022-06-08 12:58:32,140] {dagbag.py:507} INFO - Filling up the DagBag from /home/james/airflowa/lib/python3.8/site-packages/airflow/example_dags/example_trigger_controller_dag.py
[2022-06-08 12:58:32,143] {processor.py:651} INFO - DAG(s) dict_keys(['example_trigger_controller_dag']) retrieved from /home/james/airflowa/lib/python3.8/site-packages/airflow/example_dags/example_trigger_controller_dag.py
[2022-06-08 12:58:32,156] {logging_mixin.py:115} INFO - [2022-06-08 12:58:32,156] {dag.py:2379} INFO - Sync 1 DAGs
[2022-06-08 12:58:32,171] {logging_mixin.py:115} INFO - [2022-06-08 12:58:32,171] {dag.py:2927} INFO - Setting next_dagrun for example_trigger_controller_dag to 2021-01-01T00:00:00+00:00, run_after=2021-01-01T00:00:00+00:00
[2022-06-08 12:58:32,182] {processor.py:161} INFO - Processing /home/james/airflowa/lib/python3.8/site-packages/airflow/example_dags/example_trigger_controller_dag.py took 0.046 seconds
[2022-06-08 12:59:11,316] {processor.py:153} INFO - Started process (PID=123993) to work on /home/james/airflowa/lib/python3.8/site-packages/airflow/example_dags/example_trigger_controller_dag.py
[2022-06-08 12:59:11,317] {processor.py:641} INFO - Processing file /home/james/airflowa/lib/python3.8/site-packages/airflow/example_dags/example_trigger_controller_dag.py for tasks to queue
[2022-06-08 12:59:11,318] {logging_mixin.py:115} INFO - [2022-06-08 12:59:11,318] {dagbag.py:507} INFO - Filling up the DagBag from /home/james/airflowa/lib/python3.8/site-packages/airflow/example_dags/example_trigger_controller_dag.py
[2022-06-08 12:59:11,321] {processor.py:651} INFO - DAG(s) dict_keys(['example_trigger_controller_dag']) retrieved from /home/james/airflowa/lib/python3.8/site-packages/airflow/example_dags/example_trigger_controller_dag.py
[2022-06-08 12:59:11,333] {logging_mixin.py:115} INFO - [2022-06-08 12:59:11,333] {dag.py:2379} INFO - Sync 1 DAGs
[2022-06-08 12:59:11,348] {logging_mixin.py:115} INFO - [2022-06-08 12:59:11,348] {dag.py:2927} INFO - Setting next_dagrun for example_trigger_controller_dag to 2021-01-01T00:00:00+00:00, run_after=2021-01-01T00:00:00+00:00
[2022-06-08 12:59:11,360] {processor.py:161} INFO - Processing /home/james/airflowa/lib/python3.8/site-packages/airflow/example_dags/example_trigger_controller_dag.py took 0.045 seconds
[2022-06-08 12:59:43,599] {processor.py:153} INFO - Started process (PID=124160) to work on /home/james/airflowa/lib/python3.8/site-packages/airflow/example_dags/example_trigger_controller_dag.py
[2022-06-08 12:59:43,600] {processor.py:641} INFO - Processing file /home/james/airflowa/lib/python3.8/site-packages/airflow/example_dags/example_trigger_controller_dag.py for tasks to queue
[2022-06-08 12:59:43,600] {logging_mixin.py:115} INFO - [2022-06-08 12:59:43,600] {dagbag.py:507} INFO - Filling up the DagBag from /home/james/airflowa/lib/python3.8/site-packages/airflow/example_dags/example_trigger_controller_dag.py
[2022-06-08 12:59:43,603] {processor.py:651} INFO - DAG(s) dict_keys(['example_trigger_controller_dag']) retrieved from /home/james/airflowa/lib/python3.8/site-packages/airflow/example_dags/example_trigger_controller_dag.py
[2022-06-08 12:59:43,616] {logging_mixin.py:115} INFO - [2022-06-08 12:59:43,616] {dag.py:2379} INFO - Sync 1 DAGs
[2022-06-08 12:59:43,631] {logging_mixin.py:115} INFO - [2022-06-08 12:59:43,631] {dag.py:2927} INFO - Setting next_dagrun for example_trigger_controller_dag to 2021-01-01T00:00:00+00:00, run_after=2021-01-01T00:00:00+00:00
[2022-06-08 12:59:43,644] {processor.py:161} INFO - Processing /home/james/airflowa/lib/python3.8/site-packages/airflow/example_dags/example_trigger_controller_dag.py took 0.048 seconds
[2022-06-08 13:00:30,765] {processor.py:153} INFO - Started process (PID=124930) to work on /home/james/airflowa/lib/python3.8/site-packages/airflow/example_dags/example_trigger_controller_dag.py
[2022-06-08 13:00:30,765] {processor.py:641} INFO - Processing file /home/james/airflowa/lib/python3.8/site-packages/airflow/example_dags/example_trigger_controller_dag.py for tasks to queue
[2022-06-08 13:00:30,766] {logging_mixin.py:115} INFO - [2022-06-08 13:00:30,766] {dagbag.py:507} INFO - Filling up the DagBag from /home/james/airflowa/lib/python3.8/site-packages/airflow/example_dags/example_trigger_controller_dag.py
[2022-06-08 13:00:30,769] {processor.py:651} INFO - DAG(s) dict_keys(['example_trigger_controller_dag']) retrieved from /home/james/airflowa/lib/python3.8/site-packages/airflow/example_dags/example_trigger_controller_dag.py
[2022-06-08 13:00:30,785] {logging_mixin.py:115} INFO - [2022-06-08 13:00:30,785] {dag.py:2379} INFO - Sync 1 DAGs
[2022-06-08 13:00:30,804] {logging_mixin.py:115} INFO - [2022-06-08 13:00:30,804] {dag.py:2927} INFO - Setting next_dagrun for example_trigger_controller_dag to 2021-01-01T00:00:00+00:00, run_after=2021-01-01T00:00:00+00:00
[2022-06-08 13:00:30,816] {processor.py:161} INFO - Processing /home/james/airflowa/lib/python3.8/site-packages/airflow/example_dags/example_trigger_controller_dag.py took 0.053 seconds
[2022-06-08 13:01:18,690] {processor.py:153} INFO - Started process (PID=125159) to work on /home/james/airflowa/lib/python3.8/site-packages/airflow/example_dags/example_trigger_controller_dag.py
[2022-06-08 13:01:18,693] {processor.py:641} INFO - Processing file /home/james/airflowa/lib/python3.8/site-packages/airflow/example_dags/example_trigger_controller_dag.py for tasks to queue
[2022-06-08 13:01:18,693] {logging_mixin.py:115} INFO - [2022-06-08 13:01:18,693] {dagbag.py:507} INFO - Filling up the DagBag from /home/james/airflowa/lib/python3.8/site-packages/airflow/example_dags/example_trigger_controller_dag.py
[2022-06-08 13:01:18,696] {processor.py:651} INFO - DAG(s) dict_keys(['example_trigger_controller_dag']) retrieved from /home/james/airflowa/lib/python3.8/site-packages/airflow/example_dags/example_trigger_controller_dag.py
[2022-06-08 13:01:18,714] {logging_mixin.py:115} INFO - [2022-06-08 13:01:18,713] {dag.py:2379} INFO - Sync 1 DAGs
[2022-06-08 13:01:18,733] {logging_mixin.py:115} INFO - [2022-06-08 13:01:18,733] {dag.py:2927} INFO - Setting next_dagrun for example_trigger_controller_dag to 2021-01-01T00:00:00+00:00, run_after=2021-01-01T00:00:00+00:00
[2022-06-08 13:01:18,751] {processor.py:161} INFO - Processing /home/james/airflowa/lib/python3.8/site-packages/airflow/example_dags/example_trigger_controller_dag.py took 0.064 seconds
[2022-06-08 13:02:27,316] {processor.py:153} INFO - Started process (PID=125556) to work on /home/james/airflowa/lib/python3.8/site-packages/airflow/example_dags/example_trigger_controller_dag.py
[2022-06-08 13:02:27,317] {processor.py:641} INFO - Processing file /home/james/airflowa/lib/python3.8/site-packages/airflow/example_dags/example_trigger_controller_dag.py for tasks to queue
[2022-06-08 13:02:27,318] {logging_mixin.py:115} INFO - [2022-06-08 13:02:27,318] {dagbag.py:507} INFO - Filling up the DagBag from /home/james/airflowa/lib/python3.8/site-packages/airflow/example_dags/example_trigger_controller_dag.py
[2022-06-08 13:02:27,321] {processor.py:651} INFO - DAG(s) dict_keys(['example_trigger_controller_dag']) retrieved from /home/james/airflowa/lib/python3.8/site-packages/airflow/example_dags/example_trigger_controller_dag.py
[2022-06-08 13:02:27,339] {logging_mixin.py:115} INFO - [2022-06-08 13:02:27,339] {dag.py:2379} INFO - Sync 1 DAGs
[2022-06-08 13:02:27,363] {logging_mixin.py:115} INFO - [2022-06-08 13:02:27,363] {dag.py:2927} INFO - Setting next_dagrun for example_trigger_controller_dag to 2021-01-01T00:00:00+00:00, run_after=2021-01-01T00:00:00+00:00
[2022-06-08 13:02:27,379] {processor.py:161} INFO - Processing /home/james/airflowa/lib/python3.8/site-packages/airflow/example_dags/example_trigger_controller_dag.py took 0.066 seconds
[2022-06-08 13:03:15,857] {processor.py:153} INFO - Started process (PID=125809) to work on /home/james/airflowa/lib/python3.8/site-packages/airflow/example_dags/example_trigger_controller_dag.py
[2022-06-08 13:03:15,857] {processor.py:641} INFO - Processing file /home/james/airflowa/lib/python3.8/site-packages/airflow/example_dags/example_trigger_controller_dag.py for tasks to queue
[2022-06-08 13:03:15,858] {logging_mixin.py:115} INFO - [2022-06-08 13:03:15,858] {dagbag.py:507} INFO - Filling up the DagBag from /home/james/airflowa/lib/python3.8/site-packages/airflow/example_dags/example_trigger_controller_dag.py
[2022-06-08 13:03:15,860] {processor.py:651} INFO - DAG(s) dict_keys(['example_trigger_controller_dag']) retrieved from /home/james/airflowa/lib/python3.8/site-packages/airflow/example_dags/example_trigger_controller_dag.py
[2022-06-08 13:03:15,875] {logging_mixin.py:115} INFO - [2022-06-08 13:03:15,874] {dag.py:2379} INFO - Sync 1 DAGs
[2022-06-08 13:03:15,889] {logging_mixin.py:115} INFO - [2022-06-08 13:03:15,889] {dag.py:2927} INFO - Setting next_dagrun for example_trigger_controller_dag to 2021-01-01T00:00:00+00:00, run_after=2021-01-01T00:00:00+00:00
[2022-06-08 13:03:15,899] {processor.py:161} INFO - Processing /home/james/airflowa/lib/python3.8/site-packages/airflow/example_dags/example_trigger_controller_dag.py took 0.047 seconds
[2022-06-08 13:04:09,070] {processor.py:153} INFO - Started process (PID=126295) to work on /home/james/airflowa/lib/python3.8/site-packages/airflow/example_dags/example_trigger_controller_dag.py
[2022-06-08 13:04:09,071] {processor.py:641} INFO - Processing file /home/james/airflowa/lib/python3.8/site-packages/airflow/example_dags/example_trigger_controller_dag.py for tasks to queue
[2022-06-08 13:04:09,071] {logging_mixin.py:115} INFO - [2022-06-08 13:04:09,071] {dagbag.py:507} INFO - Filling up the DagBag from /home/james/airflowa/lib/python3.8/site-packages/airflow/example_dags/example_trigger_controller_dag.py
[2022-06-08 13:04:09,074] {processor.py:651} INFO - DAG(s) dict_keys(['example_trigger_controller_dag']) retrieved from /home/james/airflowa/lib/python3.8/site-packages/airflow/example_dags/example_trigger_controller_dag.py
[2022-06-08 13:04:09,087] {logging_mixin.py:115} INFO - [2022-06-08 13:04:09,087] {dag.py:2379} INFO - Sync 1 DAGs
[2022-06-08 13:04:09,102] {logging_mixin.py:115} INFO - [2022-06-08 13:04:09,102] {dag.py:2927} INFO - Setting next_dagrun for example_trigger_controller_dag to 2021-01-01T00:00:00+00:00, run_after=2021-01-01T00:00:00+00:00
[2022-06-08 13:04:09,113] {processor.py:161} INFO - Processing /home/james/airflowa/lib/python3.8/site-packages/airflow/example_dags/example_trigger_controller_dag.py took 0.045 seconds
[2022-06-08 13:04:47,967] {processor.py:153} INFO - Started process (PID=126436) to work on /home/james/airflowa/lib/python3.8/site-packages/airflow/example_dags/example_trigger_controller_dag.py
[2022-06-08 13:04:47,968] {processor.py:641} INFO - Processing file /home/james/airflowa/lib/python3.8/site-packages/airflow/example_dags/example_trigger_controller_dag.py for tasks to queue
[2022-06-08 13:04:47,969] {logging_mixin.py:115} INFO - [2022-06-08 13:04:47,968] {dagbag.py:507} INFO - Filling up the DagBag from /home/james/airflowa/lib/python3.8/site-packages/airflow/example_dags/example_trigger_controller_dag.py
[2022-06-08 13:04:47,971] {processor.py:651} INFO - DAG(s) dict_keys(['example_trigger_controller_dag']) retrieved from /home/james/airflowa/lib/python3.8/site-packages/airflow/example_dags/example_trigger_controller_dag.py
[2022-06-08 13:04:47,984] {logging_mixin.py:115} INFO - [2022-06-08 13:04:47,984] {dag.py:2379} INFO - Sync 1 DAGs
[2022-06-08 13:04:48,001] {logging_mixin.py:115} INFO - [2022-06-08 13:04:48,001] {dag.py:2927} INFO - Setting next_dagrun for example_trigger_controller_dag to 2021-01-01T00:00:00+00:00, run_after=2021-01-01T00:00:00+00:00
[2022-06-08 13:04:48,019] {processor.py:161} INFO - Processing /home/james/airflowa/lib/python3.8/site-packages/airflow/example_dags/example_trigger_controller_dag.py took 0.054 seconds
[2022-06-08 13:05:42,579] {processor.py:153} INFO - Started process (PID=126656) to work on /home/james/airflowa/lib/python3.8/site-packages/airflow/example_dags/example_trigger_controller_dag.py
[2022-06-08 13:05:42,580] {processor.py:641} INFO - Processing file /home/james/airflowa/lib/python3.8/site-packages/airflow/example_dags/example_trigger_controller_dag.py for tasks to queue
[2022-06-08 13:05:42,581] {logging_mixin.py:115} INFO - [2022-06-08 13:05:42,581] {dagbag.py:507} INFO - Filling up the DagBag from /home/james/airflowa/lib/python3.8/site-packages/airflow/example_dags/example_trigger_controller_dag.py
[2022-06-08 13:05:42,583] {processor.py:651} INFO - DAG(s) dict_keys(['example_trigger_controller_dag']) retrieved from /home/james/airflowa/lib/python3.8/site-packages/airflow/example_dags/example_trigger_controller_dag.py
[2022-06-08 13:05:42,597] {logging_mixin.py:115} INFO - [2022-06-08 13:05:42,596] {dag.py:2379} INFO - Sync 1 DAGs
[2022-06-08 13:05:42,612] {logging_mixin.py:115} INFO - [2022-06-08 13:05:42,612] {dag.py:2927} INFO - Setting next_dagrun for example_trigger_controller_dag to 2021-01-01T00:00:00+00:00, run_after=2021-01-01T00:00:00+00:00
[2022-06-08 13:05:42,624] {processor.py:161} INFO - Processing /home/james/airflowa/lib/python3.8/site-packages/airflow/example_dags/example_trigger_controller_dag.py took 0.047 seconds
[2022-06-08 13:06:39,467] {processor.py:153} INFO - Started process (PID=126933) to work on /home/james/airflowa/lib/python3.8/site-packages/airflow/example_dags/example_trigger_controller_dag.py
[2022-06-08 13:06:39,468] {processor.py:641} INFO - Processing file /home/james/airflowa/lib/python3.8/site-packages/airflow/example_dags/example_trigger_controller_dag.py for tasks to queue
[2022-06-08 13:06:39,468] {logging_mixin.py:115} INFO - [2022-06-08 13:06:39,468] {dagbag.py:507} INFO - Filling up the DagBag from /home/james/airflowa/lib/python3.8/site-packages/airflow/example_dags/example_trigger_controller_dag.py
[2022-06-08 13:06:39,470] {processor.py:651} INFO - DAG(s) dict_keys(['example_trigger_controller_dag']) retrieved from /home/james/airflowa/lib/python3.8/site-packages/airflow/example_dags/example_trigger_controller_dag.py
[2022-06-08 13:06:39,483] {logging_mixin.py:115} INFO - [2022-06-08 13:06:39,483] {dag.py:2379} INFO - Sync 1 DAGs
[2022-06-08 13:06:39,497] {logging_mixin.py:115} INFO - [2022-06-08 13:06:39,497] {dag.py:2927} INFO - Setting next_dagrun for example_trigger_controller_dag to 2021-01-01T00:00:00+00:00, run_after=2021-01-01T00:00:00+00:00
[2022-06-08 13:06:39,508] {processor.py:161} INFO - Processing /home/james/airflowa/lib/python3.8/site-packages/airflow/example_dags/example_trigger_controller_dag.py took 0.043 seconds
