[2022-06-08 09:04:09,036] {processor.py:153} INFO - Started process (PID=23800) to work on /home/james/airflowa/lib/python3.8/site-packages/airflow/example_dags/example_complex.py
[2022-06-08 09:04:09,036] {processor.py:641} INFO - Processing file /home/james/airflowa/lib/python3.8/site-packages/airflow/example_dags/example_complex.py for tasks to queue
[2022-06-08 09:04:09,037] {logging_mixin.py:115} INFO - [2022-06-08 09:04:09,037] {dagbag.py:507} INFO - Filling up the DagBag from /home/james/airflowa/lib/python3.8/site-packages/airflow/example_dags/example_complex.py
[2022-06-08 09:04:09,048] {processor.py:651} INFO - DAG(s) dict_keys(['example_complex']) retrieved from /home/james/airflowa/lib/python3.8/site-packages/airflow/example_dags/example_complex.py
[2022-06-08 09:04:09,064] {logging_mixin.py:115} INFO - [2022-06-08 09:04:09,064] {dag.py:2379} INFO - Sync 1 DAGs
[2022-06-08 09:04:09,081] {logging_mixin.py:115} INFO - [2022-06-08 09:04:09,081] {dag.py:2927} INFO - Setting next_dagrun for example_complex to None, run_after=None
[2022-06-08 09:04:09,092] {processor.py:161} INFO - Processing /home/james/airflowa/lib/python3.8/site-packages/airflow/example_dags/example_complex.py took 0.059 seconds
[2022-06-08 09:04:45,083] {processor.py:153} INFO - Started process (PID=23925) to work on /home/james/airflowa/lib/python3.8/site-packages/airflow/example_dags/example_complex.py
[2022-06-08 09:04:45,084] {processor.py:641} INFO - Processing file /home/james/airflowa/lib/python3.8/site-packages/airflow/example_dags/example_complex.py for tasks to queue
[2022-06-08 09:04:45,085] {logging_mixin.py:115} INFO - [2022-06-08 09:04:45,085] {dagbag.py:507} INFO - Filling up the DagBag from /home/james/airflowa/lib/python3.8/site-packages/airflow/example_dags/example_complex.py
[2022-06-08 09:04:45,095] {processor.py:651} INFO - DAG(s) dict_keys(['example_complex']) retrieved from /home/james/airflowa/lib/python3.8/site-packages/airflow/example_dags/example_complex.py
[2022-06-08 09:04:45,112] {logging_mixin.py:115} INFO - [2022-06-08 09:04:45,112] {dag.py:2379} INFO - Sync 1 DAGs
[2022-06-08 09:04:45,127] {logging_mixin.py:115} INFO - [2022-06-08 09:04:45,127] {dag.py:2927} INFO - Setting next_dagrun for example_complex to None, run_after=None
[2022-06-08 09:04:45,138] {processor.py:161} INFO - Processing /home/james/airflowa/lib/python3.8/site-packages/airflow/example_dags/example_complex.py took 0.058 seconds
[2022-06-08 09:05:27,473] {processor.py:153} INFO - Started process (PID=24168) to work on /home/james/airflowa/lib/python3.8/site-packages/airflow/example_dags/example_complex.py
[2022-06-08 09:05:27,473] {processor.py:641} INFO - Processing file /home/james/airflowa/lib/python3.8/site-packages/airflow/example_dags/example_complex.py for tasks to queue
[2022-06-08 09:05:27,474] {logging_mixin.py:115} INFO - [2022-06-08 09:05:27,474] {dagbag.py:507} INFO - Filling up the DagBag from /home/james/airflowa/lib/python3.8/site-packages/airflow/example_dags/example_complex.py
[2022-06-08 09:05:27,486] {processor.py:651} INFO - DAG(s) dict_keys(['example_complex']) retrieved from /home/james/airflowa/lib/python3.8/site-packages/airflow/example_dags/example_complex.py
[2022-06-08 09:05:27,507] {logging_mixin.py:115} INFO - [2022-06-08 09:05:27,507] {dag.py:2379} INFO - Sync 1 DAGs
[2022-06-08 09:05:27,522] {logging_mixin.py:115} INFO - [2022-06-08 09:05:27,522] {dag.py:2927} INFO - Setting next_dagrun for example_complex to None, run_after=None
[2022-06-08 09:05:27,532] {processor.py:161} INFO - Processing /home/james/airflowa/lib/python3.8/site-packages/airflow/example_dags/example_complex.py took 0.062 seconds
[2022-06-08 09:06:29,036] {processor.py:153} INFO - Started process (PID=24859) to work on /home/james/airflowa/lib/python3.8/site-packages/airflow/example_dags/example_complex.py
[2022-06-08 09:06:29,037] {processor.py:641} INFO - Processing file /home/james/airflowa/lib/python3.8/site-packages/airflow/example_dags/example_complex.py for tasks to queue
[2022-06-08 09:06:29,037] {logging_mixin.py:115} INFO - [2022-06-08 09:06:29,037] {dagbag.py:507} INFO - Filling up the DagBag from /home/james/airflowa/lib/python3.8/site-packages/airflow/example_dags/example_complex.py
[2022-06-08 09:06:29,057] {processor.py:651} INFO - DAG(s) dict_keys(['example_complex']) retrieved from /home/james/airflowa/lib/python3.8/site-packages/airflow/example_dags/example_complex.py
[2022-06-08 09:06:29,093] {logging_mixin.py:115} INFO - [2022-06-08 09:06:29,093] {dag.py:2379} INFO - Sync 1 DAGs
[2022-06-08 09:06:29,125] {logging_mixin.py:115} INFO - [2022-06-08 09:06:29,124] {dag.py:2927} INFO - Setting next_dagrun for example_complex to None, run_after=None
[2022-06-08 09:06:29,142] {processor.py:161} INFO - Processing /home/james/airflowa/lib/python3.8/site-packages/airflow/example_dags/example_complex.py took 0.111 seconds
[2022-06-08 09:08:09,737] {processor.py:153} INFO - Started process (PID=25450) to work on /home/james/airflowa/lib/python3.8/site-packages/airflow/example_dags/example_complex.py
[2022-06-08 09:08:09,738] {processor.py:641} INFO - Processing file /home/james/airflowa/lib/python3.8/site-packages/airflow/example_dags/example_complex.py for tasks to queue
[2022-06-08 09:08:09,739] {logging_mixin.py:115} INFO - [2022-06-08 09:08:09,739] {dagbag.py:507} INFO - Filling up the DagBag from /home/james/airflowa/lib/python3.8/site-packages/airflow/example_dags/example_complex.py
[2022-06-08 09:08:09,756] {processor.py:651} INFO - DAG(s) dict_keys(['example_complex']) retrieved from /home/james/airflowa/lib/python3.8/site-packages/airflow/example_dags/example_complex.py
[2022-06-08 09:08:09,783] {logging_mixin.py:115} INFO - [2022-06-08 09:08:09,783] {dag.py:2379} INFO - Sync 1 DAGs
[2022-06-08 09:08:09,814] {logging_mixin.py:115} INFO - [2022-06-08 09:08:09,814] {dag.py:2927} INFO - Setting next_dagrun for example_complex to None, run_after=None
[2022-06-08 09:08:09,829] {processor.py:161} INFO - Processing /home/james/airflowa/lib/python3.8/site-packages/airflow/example_dags/example_complex.py took 0.095 seconds
[2022-06-08 09:09:47,532] {processor.py:153} INFO - Started process (PID=26044) to work on /home/james/airflowa/lib/python3.8/site-packages/airflow/example_dags/example_complex.py
[2022-06-08 09:09:47,533] {processor.py:641} INFO - Processing file /home/james/airflowa/lib/python3.8/site-packages/airflow/example_dags/example_complex.py for tasks to queue
[2022-06-08 09:09:47,534] {logging_mixin.py:115} INFO - [2022-06-08 09:09:47,534] {dagbag.py:507} INFO - Filling up the DagBag from /home/james/airflowa/lib/python3.8/site-packages/airflow/example_dags/example_complex.py
[2022-06-08 09:09:47,562] {processor.py:651} INFO - DAG(s) dict_keys(['example_complex']) retrieved from /home/james/airflowa/lib/python3.8/site-packages/airflow/example_dags/example_complex.py
[2022-06-08 09:09:47,598] {logging_mixin.py:115} INFO - [2022-06-08 09:09:47,598] {dag.py:2379} INFO - Sync 1 DAGs
[2022-06-08 09:09:47,630] {logging_mixin.py:115} INFO - [2022-06-08 09:09:47,630] {dag.py:2927} INFO - Setting next_dagrun for example_complex to None, run_after=None
[2022-06-08 09:09:47,649] {processor.py:161} INFO - Processing /home/james/airflowa/lib/python3.8/site-packages/airflow/example_dags/example_complex.py took 0.120 seconds
[2022-06-08 09:11:56,789] {processor.py:153} INFO - Started process (PID=27362) to work on /home/james/airflowa/lib/python3.8/site-packages/airflow/example_dags/example_complex.py
[2022-06-08 09:11:56,790] {processor.py:641} INFO - Processing file /home/james/airflowa/lib/python3.8/site-packages/airflow/example_dags/example_complex.py for tasks to queue
[2022-06-08 09:11:56,791] {logging_mixin.py:115} INFO - [2022-06-08 09:11:56,791] {dagbag.py:507} INFO - Filling up the DagBag from /home/james/airflowa/lib/python3.8/site-packages/airflow/example_dags/example_complex.py
[2022-06-08 09:11:56,817] {processor.py:651} INFO - DAG(s) dict_keys(['example_complex']) retrieved from /home/james/airflowa/lib/python3.8/site-packages/airflow/example_dags/example_complex.py
[2022-06-08 09:11:56,863] {logging_mixin.py:115} INFO - [2022-06-08 09:11:56,863] {dag.py:2379} INFO - Sync 1 DAGs
[2022-06-08 09:11:56,900] {logging_mixin.py:115} INFO - [2022-06-08 09:11:56,899] {dag.py:2927} INFO - Setting next_dagrun for example_complex to None, run_after=None
[2022-06-08 09:11:56,920] {processor.py:161} INFO - Processing /home/james/airflowa/lib/python3.8/site-packages/airflow/example_dags/example_complex.py took 0.136 seconds
[2022-06-08 09:15:34,467] {processor.py:153} INFO - Started process (PID=28508) to work on /home/james/airflowa/lib/python3.8/site-packages/airflow/example_dags/example_complex.py
[2022-06-08 09:15:34,468] {processor.py:641} INFO - Processing file /home/james/airflowa/lib/python3.8/site-packages/airflow/example_dags/example_complex.py for tasks to queue
[2022-06-08 09:15:34,470] {logging_mixin.py:115} INFO - [2022-06-08 09:15:34,470] {dagbag.py:507} INFO - Filling up the DagBag from /home/james/airflowa/lib/python3.8/site-packages/airflow/example_dags/example_complex.py
[2022-06-08 09:15:34,518] {processor.py:651} INFO - DAG(s) dict_keys(['example_complex']) retrieved from /home/james/airflowa/lib/python3.8/site-packages/airflow/example_dags/example_complex.py
[2022-06-08 09:15:34,572] {logging_mixin.py:115} INFO - [2022-06-08 09:15:34,571] {dag.py:2379} INFO - Sync 1 DAGs
[2022-06-08 09:15:34,623] {logging_mixin.py:115} INFO - [2022-06-08 09:15:34,623] {dag.py:2927} INFO - Setting next_dagrun for example_complex to None, run_after=None
[2022-06-08 09:15:34,655] {processor.py:161} INFO - Processing /home/james/airflowa/lib/python3.8/site-packages/airflow/example_dags/example_complex.py took 0.195 seconds
[2022-06-08 09:19:05,555] {processor.py:153} INFO - Started process (PID=30866) to work on /home/james/airflowa/lib/python3.8/site-packages/airflow/example_dags/example_complex.py
[2022-06-08 09:19:05,556] {processor.py:641} INFO - Processing file /home/james/airflowa/lib/python3.8/site-packages/airflow/example_dags/example_complex.py for tasks to queue
[2022-06-08 09:19:05,558] {logging_mixin.py:115} INFO - [2022-06-08 09:19:05,557] {dagbag.py:507} INFO - Filling up the DagBag from /home/james/airflowa/lib/python3.8/site-packages/airflow/example_dags/example_complex.py
[2022-06-08 09:19:05,587] {processor.py:651} INFO - DAG(s) dict_keys(['example_complex']) retrieved from /home/james/airflowa/lib/python3.8/site-packages/airflow/example_dags/example_complex.py
[2022-06-08 09:19:05,631] {logging_mixin.py:115} INFO - [2022-06-08 09:19:05,631] {dag.py:2379} INFO - Sync 1 DAGs
[2022-06-08 09:19:05,678] {logging_mixin.py:115} INFO - [2022-06-08 09:19:05,678] {dag.py:2927} INFO - Setting next_dagrun for example_complex to None, run_after=None
[2022-06-08 09:19:05,708] {processor.py:161} INFO - Processing /home/james/airflowa/lib/python3.8/site-packages/airflow/example_dags/example_complex.py took 0.160 seconds
[2022-06-08 09:23:14,406] {processor.py:153} INFO - Started process (PID=33162) to work on /home/james/airflowa/lib/python3.8/site-packages/airflow/example_dags/example_complex.py
[2022-06-08 09:23:14,407] {processor.py:641} INFO - Processing file /home/james/airflowa/lib/python3.8/site-packages/airflow/example_dags/example_complex.py for tasks to queue
[2022-06-08 09:23:14,408] {logging_mixin.py:115} INFO - [2022-06-08 09:23:14,408] {dagbag.py:507} INFO - Filling up the DagBag from /home/james/airflowa/lib/python3.8/site-packages/airflow/example_dags/example_complex.py
[2022-06-08 09:23:14,438] {processor.py:651} INFO - DAG(s) dict_keys(['example_complex']) retrieved from /home/james/airflowa/lib/python3.8/site-packages/airflow/example_dags/example_complex.py
[2022-06-08 09:23:14,476] {logging_mixin.py:115} INFO - [2022-06-08 09:23:14,476] {dag.py:2379} INFO - Sync 1 DAGs
[2022-06-08 09:23:14,513] {logging_mixin.py:115} INFO - [2022-06-08 09:23:14,513] {dag.py:2927} INFO - Setting next_dagrun for example_complex to None, run_after=None
[2022-06-08 09:23:14,535] {processor.py:161} INFO - Processing /home/james/airflowa/lib/python3.8/site-packages/airflow/example_dags/example_complex.py took 0.135 seconds
[2022-06-08 09:27:21,195] {processor.py:153} INFO - Started process (PID=34660) to work on /home/james/airflowa/lib/python3.8/site-packages/airflow/example_dags/example_complex.py
[2022-06-08 09:27:21,198] {processor.py:641} INFO - Processing file /home/james/airflowa/lib/python3.8/site-packages/airflow/example_dags/example_complex.py for tasks to queue
[2022-06-08 09:27:21,199] {logging_mixin.py:115} INFO - [2022-06-08 09:27:21,199] {dagbag.py:507} INFO - Filling up the DagBag from /home/james/airflowa/lib/python3.8/site-packages/airflow/example_dags/example_complex.py
[2022-06-08 09:27:21,248] {processor.py:651} INFO - DAG(s) dict_keys(['example_complex']) retrieved from /home/james/airflowa/lib/python3.8/site-packages/airflow/example_dags/example_complex.py
[2022-06-08 09:27:21,292] {logging_mixin.py:115} INFO - [2022-06-08 09:27:21,292] {dag.py:2379} INFO - Sync 1 DAGs
[2022-06-08 09:27:21,335] {logging_mixin.py:115} INFO - [2022-06-08 09:27:21,335] {dag.py:2927} INFO - Setting next_dagrun for example_complex to None, run_after=None
[2022-06-08 09:27:21,360] {processor.py:161} INFO - Processing /home/james/airflowa/lib/python3.8/site-packages/airflow/example_dags/example_complex.py took 0.174 seconds
[2022-06-08 11:27:51,140] {processor.py:153} INFO - Started process (PID=76587) to work on /home/james/airflowa/lib/python3.8/site-packages/airflow/example_dags/example_complex.py
[2022-06-08 11:27:51,141] {processor.py:641} INFO - Processing file /home/james/airflowa/lib/python3.8/site-packages/airflow/example_dags/example_complex.py for tasks to queue
[2022-06-08 11:27:51,142] {logging_mixin.py:115} INFO - [2022-06-08 11:27:51,142] {dagbag.py:507} INFO - Filling up the DagBag from /home/james/airflowa/lib/python3.8/site-packages/airflow/example_dags/example_complex.py
[2022-06-08 11:27:51,152] {processor.py:651} INFO - DAG(s) dict_keys(['example_complex']) retrieved from /home/james/airflowa/lib/python3.8/site-packages/airflow/example_dags/example_complex.py
[2022-06-08 11:27:51,168] {logging_mixin.py:115} INFO - [2022-06-08 11:27:51,167] {dag.py:2379} INFO - Sync 1 DAGs
[2022-06-08 11:27:51,183] {logging_mixin.py:115} INFO - [2022-06-08 11:27:51,183] {dag.py:2927} INFO - Setting next_dagrun for example_complex to None, run_after=None
[2022-06-08 11:27:51,194] {processor.py:161} INFO - Processing /home/james/airflowa/lib/python3.8/site-packages/airflow/example_dags/example_complex.py took 0.057 seconds
[2022-06-08 11:28:31,286] {processor.py:153} INFO - Started process (PID=76895) to work on /home/james/airflowa/lib/python3.8/site-packages/airflow/example_dags/example_complex.py
[2022-06-08 11:28:31,287] {processor.py:641} INFO - Processing file /home/james/airflowa/lib/python3.8/site-packages/airflow/example_dags/example_complex.py for tasks to queue
[2022-06-08 11:28:31,287] {logging_mixin.py:115} INFO - [2022-06-08 11:28:31,287] {dagbag.py:507} INFO - Filling up the DagBag from /home/james/airflowa/lib/python3.8/site-packages/airflow/example_dags/example_complex.py
[2022-06-08 11:28:31,301] {processor.py:651} INFO - DAG(s) dict_keys(['example_complex']) retrieved from /home/james/airflowa/lib/python3.8/site-packages/airflow/example_dags/example_complex.py
[2022-06-08 11:28:31,325] {logging_mixin.py:115} INFO - [2022-06-08 11:28:31,324] {dag.py:2379} INFO - Sync 1 DAGs
[2022-06-08 11:28:31,342] {logging_mixin.py:115} INFO - [2022-06-08 11:28:31,342] {dag.py:2927} INFO - Setting next_dagrun for example_complex to None, run_after=None
[2022-06-08 11:28:31,353] {processor.py:161} INFO - Processing /home/james/airflowa/lib/python3.8/site-packages/airflow/example_dags/example_complex.py took 0.069 seconds
[2022-06-08 11:29:10,504] {processor.py:153} INFO - Started process (PID=77173) to work on /home/james/airflowa/lib/python3.8/site-packages/airflow/example_dags/example_complex.py
[2022-06-08 11:29:10,505] {processor.py:641} INFO - Processing file /home/james/airflowa/lib/python3.8/site-packages/airflow/example_dags/example_complex.py for tasks to queue
[2022-06-08 11:29:10,505] {logging_mixin.py:115} INFO - [2022-06-08 11:29:10,505] {dagbag.py:507} INFO - Filling up the DagBag from /home/james/airflowa/lib/python3.8/site-packages/airflow/example_dags/example_complex.py
[2022-06-08 11:29:10,515] {processor.py:651} INFO - DAG(s) dict_keys(['example_complex']) retrieved from /home/james/airflowa/lib/python3.8/site-packages/airflow/example_dags/example_complex.py
[2022-06-08 11:29:10,531] {logging_mixin.py:115} INFO - [2022-06-08 11:29:10,531] {dag.py:2379} INFO - Sync 1 DAGs
[2022-06-08 11:29:10,546] {logging_mixin.py:115} INFO - [2022-06-08 11:29:10,545] {dag.py:2927} INFO - Setting next_dagrun for example_complex to None, run_after=None
[2022-06-08 11:29:10,556] {processor.py:161} INFO - Processing /home/james/airflowa/lib/python3.8/site-packages/airflow/example_dags/example_complex.py took 0.055 seconds
[2022-06-08 11:29:50,884] {processor.py:153} INFO - Started process (PID=77555) to work on /home/james/airflowa/lib/python3.8/site-packages/airflow/example_dags/example_complex.py
[2022-06-08 11:29:50,884] {processor.py:641} INFO - Processing file /home/james/airflowa/lib/python3.8/site-packages/airflow/example_dags/example_complex.py for tasks to queue
[2022-06-08 11:29:50,885] {logging_mixin.py:115} INFO - [2022-06-08 11:29:50,885] {dagbag.py:507} INFO - Filling up the DagBag from /home/james/airflowa/lib/python3.8/site-packages/airflow/example_dags/example_complex.py
[2022-06-08 11:29:50,898] {processor.py:651} INFO - DAG(s) dict_keys(['example_complex']) retrieved from /home/james/airflowa/lib/python3.8/site-packages/airflow/example_dags/example_complex.py
[2022-06-08 11:29:50,920] {logging_mixin.py:115} INFO - [2022-06-08 11:29:50,920] {dag.py:2379} INFO - Sync 1 DAGs
[2022-06-08 11:29:50,938] {logging_mixin.py:115} INFO - [2022-06-08 11:29:50,938] {dag.py:2927} INFO - Setting next_dagrun for example_complex to None, run_after=None
[2022-06-08 11:29:50,955] {processor.py:161} INFO - Processing /home/james/airflowa/lib/python3.8/site-packages/airflow/example_dags/example_complex.py took 0.073 seconds
[2022-06-08 11:31:30,916] {processor.py:153} INFO - Started process (PID=78560) to work on /home/james/airflowa/lib/python3.8/site-packages/airflow/example_dags/example_complex.py
[2022-06-08 11:31:30,917] {processor.py:641} INFO - Processing file /home/james/airflowa/lib/python3.8/site-packages/airflow/example_dags/example_complex.py for tasks to queue
[2022-06-08 11:31:30,918] {logging_mixin.py:115} INFO - [2022-06-08 11:31:30,918] {dagbag.py:507} INFO - Filling up the DagBag from /home/james/airflowa/lib/python3.8/site-packages/airflow/example_dags/example_complex.py
[2022-06-08 11:31:30,943] {processor.py:651} INFO - DAG(s) dict_keys(['example_complex']) retrieved from /home/james/airflowa/lib/python3.8/site-packages/airflow/example_dags/example_complex.py
[2022-06-08 11:31:30,981] {logging_mixin.py:115} INFO - [2022-06-08 11:31:30,981] {dag.py:2379} INFO - Sync 1 DAGs
[2022-06-08 11:31:31,050] {logging_mixin.py:115} INFO - [2022-06-08 11:31:31,050] {dag.py:2927} INFO - Setting next_dagrun for example_complex to None, run_after=None
[2022-06-08 11:31:31,079] {processor.py:161} INFO - Processing /home/james/airflowa/lib/python3.8/site-packages/airflow/example_dags/example_complex.py took 0.169 seconds
[2022-06-08 11:32:19,120] {processor.py:153} INFO - Started process (PID=78843) to work on /home/james/airflowa/lib/python3.8/site-packages/airflow/example_dags/example_complex.py
[2022-06-08 11:32:19,122] {processor.py:641} INFO - Processing file /home/james/airflowa/lib/python3.8/site-packages/airflow/example_dags/example_complex.py for tasks to queue
[2022-06-08 11:32:19,123] {logging_mixin.py:115} INFO - [2022-06-08 11:32:19,123] {dagbag.py:507} INFO - Filling up the DagBag from /home/james/airflowa/lib/python3.8/site-packages/airflow/example_dags/example_complex.py
[2022-06-08 11:32:19,152] {processor.py:651} INFO - DAG(s) dict_keys(['example_complex']) retrieved from /home/james/airflowa/lib/python3.8/site-packages/airflow/example_dags/example_complex.py
[2022-06-08 11:32:19,199] {logging_mixin.py:115} INFO - [2022-06-08 11:32:19,198] {dag.py:2379} INFO - Sync 1 DAGs
[2022-06-08 11:32:19,236] {logging_mixin.py:115} INFO - [2022-06-08 11:32:19,235] {dag.py:2927} INFO - Setting next_dagrun for example_complex to None, run_after=None
[2022-06-08 11:32:19,259] {processor.py:161} INFO - Processing /home/james/airflowa/lib/python3.8/site-packages/airflow/example_dags/example_complex.py took 0.151 seconds
[2022-06-08 11:33:10,369] {processor.py:153} INFO - Started process (PID=79144) to work on /home/james/airflowa/lib/python3.8/site-packages/airflow/example_dags/example_complex.py
[2022-06-08 11:33:10,370] {processor.py:641} INFO - Processing file /home/james/airflowa/lib/python3.8/site-packages/airflow/example_dags/example_complex.py for tasks to queue
[2022-06-08 11:33:10,371] {logging_mixin.py:115} INFO - [2022-06-08 11:33:10,371] {dagbag.py:507} INFO - Filling up the DagBag from /home/james/airflowa/lib/python3.8/site-packages/airflow/example_dags/example_complex.py
[2022-06-08 11:33:10,387] {processor.py:651} INFO - DAG(s) dict_keys(['example_complex']) retrieved from /home/james/airflowa/lib/python3.8/site-packages/airflow/example_dags/example_complex.py
[2022-06-08 11:33:10,412] {logging_mixin.py:115} INFO - [2022-06-08 11:33:10,412] {dag.py:2379} INFO - Sync 1 DAGs
[2022-06-08 11:33:10,435] {logging_mixin.py:115} INFO - [2022-06-08 11:33:10,435] {dag.py:2927} INFO - Setting next_dagrun for example_complex to None, run_after=None
[2022-06-08 11:33:10,450] {processor.py:161} INFO - Processing /home/james/airflowa/lib/python3.8/site-packages/airflow/example_dags/example_complex.py took 0.084 seconds
[2022-06-08 11:33:58,238] {processor.py:153} INFO - Started process (PID=79486) to work on /home/james/airflowa/lib/python3.8/site-packages/airflow/example_dags/example_complex.py
[2022-06-08 11:33:58,239] {processor.py:641} INFO - Processing file /home/james/airflowa/lib/python3.8/site-packages/airflow/example_dags/example_complex.py for tasks to queue
[2022-06-08 11:33:58,240] {logging_mixin.py:115} INFO - [2022-06-08 11:33:58,240] {dagbag.py:507} INFO - Filling up the DagBag from /home/james/airflowa/lib/python3.8/site-packages/airflow/example_dags/example_complex.py
[2022-06-08 11:33:58,315] {processor.py:651} INFO - DAG(s) dict_keys(['example_complex']) retrieved from /home/james/airflowa/lib/python3.8/site-packages/airflow/example_dags/example_complex.py
[2022-06-08 11:33:58,371] {logging_mixin.py:115} INFO - [2022-06-08 11:33:58,370] {dag.py:2379} INFO - Sync 1 DAGs
[2022-06-08 11:33:58,487] {logging_mixin.py:115} INFO - [2022-06-08 11:33:58,487] {dag.py:2927} INFO - Setting next_dagrun for example_complex to None, run_after=None
[2022-06-08 11:33:58,529] {processor.py:161} INFO - Processing /home/james/airflowa/lib/python3.8/site-packages/airflow/example_dags/example_complex.py took 0.298 seconds
[2022-06-08 11:34:44,506] {processor.py:153} INFO - Started process (PID=80046) to work on /home/james/airflowa/lib/python3.8/site-packages/airflow/example_dags/example_complex.py
[2022-06-08 11:34:44,507] {processor.py:641} INFO - Processing file /home/james/airflowa/lib/python3.8/site-packages/airflow/example_dags/example_complex.py for tasks to queue
[2022-06-08 11:34:44,508] {logging_mixin.py:115} INFO - [2022-06-08 11:34:44,507] {dagbag.py:507} INFO - Filling up the DagBag from /home/james/airflowa/lib/python3.8/site-packages/airflow/example_dags/example_complex.py
[2022-06-08 11:34:44,527] {processor.py:651} INFO - DAG(s) dict_keys(['example_complex']) retrieved from /home/james/airflowa/lib/python3.8/site-packages/airflow/example_dags/example_complex.py
[2022-06-08 11:34:44,557] {logging_mixin.py:115} INFO - [2022-06-08 11:34:44,557] {dag.py:2379} INFO - Sync 1 DAGs
[2022-06-08 11:34:44,589] {logging_mixin.py:115} INFO - [2022-06-08 11:34:44,588] {dag.py:2927} INFO - Setting next_dagrun for example_complex to None, run_after=None
[2022-06-08 11:34:44,607] {processor.py:161} INFO - Processing /home/james/airflowa/lib/python3.8/site-packages/airflow/example_dags/example_complex.py took 0.105 seconds
[2022-06-08 12:21:55,246] {processor.py:153} INFO - Started process (PID=104771) to work on /home/james/airflowa/lib/python3.8/site-packages/airflow/example_dags/example_complex.py
[2022-06-08 12:21:55,247] {processor.py:641} INFO - Processing file /home/james/airflowa/lib/python3.8/site-packages/airflow/example_dags/example_complex.py for tasks to queue
[2022-06-08 12:21:55,248] {logging_mixin.py:115} INFO - [2022-06-08 12:21:55,248] {dagbag.py:507} INFO - Filling up the DagBag from /home/james/airflowa/lib/python3.8/site-packages/airflow/example_dags/example_complex.py
[2022-06-08 12:21:55,270] {processor.py:651} INFO - DAG(s) dict_keys(['example_complex']) retrieved from /home/james/airflowa/lib/python3.8/site-packages/airflow/example_dags/example_complex.py
[2022-06-08 12:21:55,299] {logging_mixin.py:115} INFO - [2022-06-08 12:21:55,299] {dag.py:2379} INFO - Sync 1 DAGs
[2022-06-08 12:21:55,326] {logging_mixin.py:115} INFO - [2022-06-08 12:21:55,326] {dag.py:2927} INFO - Setting next_dagrun for example_complex to None, run_after=None
[2022-06-08 12:21:55,344] {processor.py:161} INFO - Processing /home/james/airflowa/lib/python3.8/site-packages/airflow/example_dags/example_complex.py took 0.101 seconds
[2022-06-08 12:22:40,047] {processor.py:153} INFO - Started process (PID=104983) to work on /home/james/airflowa/lib/python3.8/site-packages/airflow/example_dags/example_complex.py
[2022-06-08 12:22:40,047] {processor.py:641} INFO - Processing file /home/james/airflowa/lib/python3.8/site-packages/airflow/example_dags/example_complex.py for tasks to queue
[2022-06-08 12:22:40,048] {logging_mixin.py:115} INFO - [2022-06-08 12:22:40,048] {dagbag.py:507} INFO - Filling up the DagBag from /home/james/airflowa/lib/python3.8/site-packages/airflow/example_dags/example_complex.py
[2022-06-08 12:22:40,066] {processor.py:651} INFO - DAG(s) dict_keys(['example_complex']) retrieved from /home/james/airflowa/lib/python3.8/site-packages/airflow/example_dags/example_complex.py
[2022-06-08 12:22:40,096] {logging_mixin.py:115} INFO - [2022-06-08 12:22:40,095] {dag.py:2379} INFO - Sync 1 DAGs
[2022-06-08 12:22:40,120] {logging_mixin.py:115} INFO - [2022-06-08 12:22:40,120] {dag.py:2927} INFO - Setting next_dagrun for example_complex to None, run_after=None
[2022-06-08 12:22:40,138] {processor.py:161} INFO - Processing /home/james/airflowa/lib/python3.8/site-packages/airflow/example_dags/example_complex.py took 0.094 seconds
[2022-06-08 12:37:09,257] {processor.py:153} INFO - Started process (PID=113867) to work on /home/james/airflowa/lib/python3.8/site-packages/airflow/example_dags/example_complex.py
[2022-06-08 12:37:09,258] {processor.py:641} INFO - Processing file /home/james/airflowa/lib/python3.8/site-packages/airflow/example_dags/example_complex.py for tasks to queue
[2022-06-08 12:37:09,259] {logging_mixin.py:115} INFO - [2022-06-08 12:37:09,258] {dagbag.py:507} INFO - Filling up the DagBag from /home/james/airflowa/lib/python3.8/site-packages/airflow/example_dags/example_complex.py
[2022-06-08 12:37:09,275] {processor.py:651} INFO - DAG(s) dict_keys(['example_complex']) retrieved from /home/james/airflowa/lib/python3.8/site-packages/airflow/example_dags/example_complex.py
[2022-06-08 12:37:09,305] {logging_mixin.py:115} INFO - [2022-06-08 12:37:09,305] {dag.py:2379} INFO - Sync 1 DAGs
[2022-06-08 12:37:09,324] {logging_mixin.py:115} INFO - [2022-06-08 12:37:09,324] {dag.py:2927} INFO - Setting next_dagrun for example_complex to None, run_after=None
[2022-06-08 12:37:09,341] {processor.py:161} INFO - Processing /home/james/airflowa/lib/python3.8/site-packages/airflow/example_dags/example_complex.py took 0.088 seconds
[2022-06-08 12:39:15,042] {processor.py:153} INFO - Started process (PID=115586) to work on /home/james/airflowa/lib/python3.8/site-packages/airflow/example_dags/example_complex.py
[2022-06-08 12:39:15,043] {processor.py:641} INFO - Processing file /home/james/airflowa/lib/python3.8/site-packages/airflow/example_dags/example_complex.py for tasks to queue
[2022-06-08 12:39:15,044] {logging_mixin.py:115} INFO - [2022-06-08 12:39:15,044] {dagbag.py:507} INFO - Filling up the DagBag from /home/james/airflowa/lib/python3.8/site-packages/airflow/example_dags/example_complex.py
[2022-06-08 12:39:15,074] {processor.py:651} INFO - DAG(s) dict_keys(['example_complex']) retrieved from /home/james/airflowa/lib/python3.8/site-packages/airflow/example_dags/example_complex.py
[2022-06-08 12:39:15,147] {logging_mixin.py:115} INFO - [2022-06-08 12:39:15,147] {dag.py:2379} INFO - Sync 1 DAGs
[2022-06-08 12:39:15,228] {logging_mixin.py:115} INFO - [2022-06-08 12:39:15,227] {dag.py:2927} INFO - Setting next_dagrun for example_complex to None, run_after=None
[2022-06-08 12:39:15,282] {processor.py:161} INFO - Processing /home/james/airflowa/lib/python3.8/site-packages/airflow/example_dags/example_complex.py took 0.245 seconds
[2022-06-08 12:40:30,617] {processor.py:153} INFO - Started process (PID=116484) to work on /home/james/airflowa/lib/python3.8/site-packages/airflow/example_dags/example_complex.py
[2022-06-08 12:40:30,617] {processor.py:641} INFO - Processing file /home/james/airflowa/lib/python3.8/site-packages/airflow/example_dags/example_complex.py for tasks to queue
[2022-06-08 12:40:30,618] {logging_mixin.py:115} INFO - [2022-06-08 12:40:30,618] {dagbag.py:507} INFO - Filling up the DagBag from /home/james/airflowa/lib/python3.8/site-packages/airflow/example_dags/example_complex.py
[2022-06-08 12:40:30,630] {processor.py:651} INFO - DAG(s) dict_keys(['example_complex']) retrieved from /home/james/airflowa/lib/python3.8/site-packages/airflow/example_dags/example_complex.py
[2022-06-08 12:40:30,651] {logging_mixin.py:115} INFO - [2022-06-08 12:40:30,651] {dag.py:2379} INFO - Sync 1 DAGs
[2022-06-08 12:40:30,664] {logging_mixin.py:115} INFO - [2022-06-08 12:40:30,664] {dag.py:2927} INFO - Setting next_dagrun for example_complex to None, run_after=None
[2022-06-08 12:40:30,675] {processor.py:161} INFO - Processing /home/james/airflowa/lib/python3.8/site-packages/airflow/example_dags/example_complex.py took 0.061 seconds
[2022-06-08 12:43:36,874] {processor.py:153} INFO - Started process (PID=117573) to work on /home/james/airflowa/lib/python3.8/site-packages/airflow/example_dags/example_complex.py
[2022-06-08 12:43:36,875] {processor.py:641} INFO - Processing file /home/james/airflowa/lib/python3.8/site-packages/airflow/example_dags/example_complex.py for tasks to queue
[2022-06-08 12:43:36,876] {logging_mixin.py:115} INFO - [2022-06-08 12:43:36,876] {dagbag.py:507} INFO - Filling up the DagBag from /home/james/airflowa/lib/python3.8/site-packages/airflow/example_dags/example_complex.py
[2022-06-08 12:43:36,901] {processor.py:651} INFO - DAG(s) dict_keys(['example_complex']) retrieved from /home/james/airflowa/lib/python3.8/site-packages/airflow/example_dags/example_complex.py
[2022-06-08 12:43:36,953] {logging_mixin.py:115} INFO - [2022-06-08 12:43:36,953] {dag.py:2379} INFO - Sync 1 DAGs
[2022-06-08 12:43:36,982] {logging_mixin.py:115} INFO - [2022-06-08 12:43:36,982] {dag.py:2927} INFO - Setting next_dagrun for example_complex to None, run_after=None
[2022-06-08 12:43:37,012] {processor.py:161} INFO - Processing /home/james/airflowa/lib/python3.8/site-packages/airflow/example_dags/example_complex.py took 0.142 seconds
[2022-06-08 12:45:27,987] {processor.py:153} INFO - Started process (PID=118192) to work on /home/james/airflowa/lib/python3.8/site-packages/airflow/example_dags/example_complex.py
[2022-06-08 12:45:27,988] {processor.py:641} INFO - Processing file /home/james/airflowa/lib/python3.8/site-packages/airflow/example_dags/example_complex.py for tasks to queue
[2022-06-08 12:45:27,989] {logging_mixin.py:115} INFO - [2022-06-08 12:45:27,988] {dagbag.py:507} INFO - Filling up the DagBag from /home/james/airflowa/lib/python3.8/site-packages/airflow/example_dags/example_complex.py
[2022-06-08 12:45:28,010] {processor.py:651} INFO - DAG(s) dict_keys(['example_complex']) retrieved from /home/james/airflowa/lib/python3.8/site-packages/airflow/example_dags/example_complex.py
[2022-06-08 12:45:28,035] {logging_mixin.py:115} INFO - [2022-06-08 12:45:28,035] {dag.py:2379} INFO - Sync 1 DAGs
[2022-06-08 12:45:28,054] {logging_mixin.py:115} INFO - [2022-06-08 12:45:28,054] {dag.py:2927} INFO - Setting next_dagrun for example_complex to None, run_after=None
[2022-06-08 12:45:28,068] {processor.py:161} INFO - Processing /home/james/airflowa/lib/python3.8/site-packages/airflow/example_dags/example_complex.py took 0.086 seconds
[2022-06-08 12:46:40,053] {processor.py:153} INFO - Started process (PID=118592) to work on /home/james/airflowa/lib/python3.8/site-packages/airflow/example_dags/example_complex.py
[2022-06-08 12:46:40,054] {processor.py:641} INFO - Processing file /home/james/airflowa/lib/python3.8/site-packages/airflow/example_dags/example_complex.py for tasks to queue
[2022-06-08 12:46:40,054] {logging_mixin.py:115} INFO - [2022-06-08 12:46:40,054] {dagbag.py:507} INFO - Filling up the DagBag from /home/james/airflowa/lib/python3.8/site-packages/airflow/example_dags/example_complex.py
[2022-06-08 12:46:40,067] {processor.py:651} INFO - DAG(s) dict_keys(['example_complex']) retrieved from /home/james/airflowa/lib/python3.8/site-packages/airflow/example_dags/example_complex.py
[2022-06-08 12:46:40,084] {logging_mixin.py:115} INFO - [2022-06-08 12:46:40,084] {dag.py:2379} INFO - Sync 1 DAGs
[2022-06-08 12:46:40,095] {logging_mixin.py:115} INFO - [2022-06-08 12:46:40,095] {dag.py:2927} INFO - Setting next_dagrun for example_complex to None, run_after=None
[2022-06-08 12:46:40,105] {processor.py:161} INFO - Processing /home/james/airflowa/lib/python3.8/site-packages/airflow/example_dags/example_complex.py took 0.054 seconds
[2022-06-08 12:47:37,899] {processor.py:153} INFO - Started process (PID=119449) to work on /home/james/airflowa/lib/python3.8/site-packages/airflow/example_dags/example_complex.py
[2022-06-08 12:47:37,914] {processor.py:641} INFO - Processing file /home/james/airflowa/lib/python3.8/site-packages/airflow/example_dags/example_complex.py for tasks to queue
[2022-06-08 12:47:37,915] {logging_mixin.py:115} INFO - [2022-06-08 12:47:37,915] {dagbag.py:507} INFO - Filling up the DagBag from /home/james/airflowa/lib/python3.8/site-packages/airflow/example_dags/example_complex.py
[2022-06-08 12:47:37,974] {processor.py:651} INFO - DAG(s) dict_keys(['example_complex']) retrieved from /home/james/airflowa/lib/python3.8/site-packages/airflow/example_dags/example_complex.py
[2022-06-08 12:47:38,112] {logging_mixin.py:115} INFO - [2022-06-08 12:47:38,112] {dag.py:2379} INFO - Sync 1 DAGs
[2022-06-08 12:47:38,194] {logging_mixin.py:115} INFO - [2022-06-08 12:47:38,193] {dag.py:2927} INFO - Setting next_dagrun for example_complex to None, run_after=None
[2022-06-08 12:47:38,232] {processor.py:161} INFO - Processing /home/james/airflowa/lib/python3.8/site-packages/airflow/example_dags/example_complex.py took 0.338 seconds
[2022-06-08 12:48:36,475] {processor.py:153} INFO - Started process (PID=119795) to work on /home/james/airflowa/lib/python3.8/site-packages/airflow/example_dags/example_complex.py
[2022-06-08 12:48:36,477] {processor.py:641} INFO - Processing file /home/james/airflowa/lib/python3.8/site-packages/airflow/example_dags/example_complex.py for tasks to queue
[2022-06-08 12:48:36,477] {logging_mixin.py:115} INFO - [2022-06-08 12:48:36,477] {dagbag.py:507} INFO - Filling up the DagBag from /home/james/airflowa/lib/python3.8/site-packages/airflow/example_dags/example_complex.py
[2022-06-08 12:48:36,491] {processor.py:651} INFO - DAG(s) dict_keys(['example_complex']) retrieved from /home/james/airflowa/lib/python3.8/site-packages/airflow/example_dags/example_complex.py
[2022-06-08 12:48:36,511] {logging_mixin.py:115} INFO - [2022-06-08 12:48:36,511] {dag.py:2379} INFO - Sync 1 DAGs
[2022-06-08 12:48:36,533] {logging_mixin.py:115} INFO - [2022-06-08 12:48:36,533] {dag.py:2927} INFO - Setting next_dagrun for example_complex to None, run_after=None
[2022-06-08 12:48:36,550] {processor.py:161} INFO - Processing /home/james/airflowa/lib/python3.8/site-packages/airflow/example_dags/example_complex.py took 0.077 seconds
[2022-06-08 12:50:54,729] {processor.py:153} INFO - Started process (PID=120972) to work on /home/james/airflowa/lib/python3.8/site-packages/airflow/example_dags/example_complex.py
[2022-06-08 12:50:54,732] {processor.py:641} INFO - Processing file /home/james/airflowa/lib/python3.8/site-packages/airflow/example_dags/example_complex.py for tasks to queue
[2022-06-08 12:50:54,733] {logging_mixin.py:115} INFO - [2022-06-08 12:50:54,733] {dagbag.py:507} INFO - Filling up the DagBag from /home/james/airflowa/lib/python3.8/site-packages/airflow/example_dags/example_complex.py
[2022-06-08 12:50:54,765] {processor.py:651} INFO - DAG(s) dict_keys(['example_complex']) retrieved from /home/james/airflowa/lib/python3.8/site-packages/airflow/example_dags/example_complex.py
[2022-06-08 12:50:54,811] {logging_mixin.py:115} INFO - [2022-06-08 12:50:54,811] {dag.py:2379} INFO - Sync 1 DAGs
[2022-06-08 12:50:54,852] {logging_mixin.py:115} INFO - [2022-06-08 12:50:54,852] {dag.py:2927} INFO - Setting next_dagrun for example_complex to None, run_after=None
[2022-06-08 12:50:54,879] {processor.py:161} INFO - Processing /home/james/airflowa/lib/python3.8/site-packages/airflow/example_dags/example_complex.py took 0.157 seconds
[2022-06-08 12:53:20,490] {processor.py:153} INFO - Started process (PID=121774) to work on /home/james/airflowa/lib/python3.8/site-packages/airflow/example_dags/example_complex.py
[2022-06-08 12:53:20,491] {processor.py:641} INFO - Processing file /home/james/airflowa/lib/python3.8/site-packages/airflow/example_dags/example_complex.py for tasks to queue
[2022-06-08 12:53:20,492] {logging_mixin.py:115} INFO - [2022-06-08 12:53:20,492] {dagbag.py:507} INFO - Filling up the DagBag from /home/james/airflowa/lib/python3.8/site-packages/airflow/example_dags/example_complex.py
[2022-06-08 12:53:20,521] {processor.py:651} INFO - DAG(s) dict_keys(['example_complex']) retrieved from /home/james/airflowa/lib/python3.8/site-packages/airflow/example_dags/example_complex.py
[2022-06-08 12:53:20,569] {logging_mixin.py:115} INFO - [2022-06-08 12:53:20,568] {dag.py:2379} INFO - Sync 1 DAGs
[2022-06-08 12:53:20,613] {logging_mixin.py:115} INFO - [2022-06-08 12:53:20,612] {dag.py:2927} INFO - Setting next_dagrun for example_complex to None, run_after=None
[2022-06-08 12:53:20,646] {processor.py:161} INFO - Processing /home/james/airflowa/lib/python3.8/site-packages/airflow/example_dags/example_complex.py took 0.162 seconds
[2022-06-08 12:54:19,874] {processor.py:153} INFO - Started process (PID=122292) to work on /home/james/airflowa/lib/python3.8/site-packages/airflow/example_dags/example_complex.py
[2022-06-08 12:54:19,875] {processor.py:641} INFO - Processing file /home/james/airflowa/lib/python3.8/site-packages/airflow/example_dags/example_complex.py for tasks to queue
[2022-06-08 12:54:19,876] {logging_mixin.py:115} INFO - [2022-06-08 12:54:19,876] {dagbag.py:507} INFO - Filling up the DagBag from /home/james/airflowa/lib/python3.8/site-packages/airflow/example_dags/example_complex.py
[2022-06-08 12:54:19,907] {processor.py:651} INFO - DAG(s) dict_keys(['example_complex']) retrieved from /home/james/airflowa/lib/python3.8/site-packages/airflow/example_dags/example_complex.py
[2022-06-08 12:54:19,962] {logging_mixin.py:115} INFO - [2022-06-08 12:54:19,962] {dag.py:2379} INFO - Sync 1 DAGs
[2022-06-08 12:54:20,004] {logging_mixin.py:115} INFO - [2022-06-08 12:54:20,004] {dag.py:2927} INFO - Setting next_dagrun for example_complex to None, run_after=None
[2022-06-08 12:54:20,029] {processor.py:161} INFO - Processing /home/james/airflowa/lib/python3.8/site-packages/airflow/example_dags/example_complex.py took 0.161 seconds
[2022-06-08 12:55:53,229] {processor.py:153} INFO - Started process (PID=122854) to work on /home/james/airflowa/lib/python3.8/site-packages/airflow/example_dags/example_complex.py
[2022-06-08 12:55:53,231] {processor.py:641} INFO - Processing file /home/james/airflowa/lib/python3.8/site-packages/airflow/example_dags/example_complex.py for tasks to queue
[2022-06-08 12:55:53,232] {logging_mixin.py:115} INFO - [2022-06-08 12:55:53,232] {dagbag.py:507} INFO - Filling up the DagBag from /home/james/airflowa/lib/python3.8/site-packages/airflow/example_dags/example_complex.py
[2022-06-08 12:55:53,256] {processor.py:651} INFO - DAG(s) dict_keys(['example_complex']) retrieved from /home/james/airflowa/lib/python3.8/site-packages/airflow/example_dags/example_complex.py
[2022-06-08 12:55:53,295] {logging_mixin.py:115} INFO - [2022-06-08 12:55:53,294] {dag.py:2379} INFO - Sync 1 DAGs
[2022-06-08 12:55:53,331] {logging_mixin.py:115} INFO - [2022-06-08 12:55:53,331] {dag.py:2927} INFO - Setting next_dagrun for example_complex to None, run_after=None
[2022-06-08 12:55:53,354] {processor.py:161} INFO - Processing /home/james/airflowa/lib/python3.8/site-packages/airflow/example_dags/example_complex.py took 0.131 seconds
[2022-06-08 12:57:03,330] {processor.py:153} INFO - Started process (PID=123173) to work on /home/james/airflowa/lib/python3.8/site-packages/airflow/example_dags/example_complex.py
[2022-06-08 12:57:03,331] {processor.py:641} INFO - Processing file /home/james/airflowa/lib/python3.8/site-packages/airflow/example_dags/example_complex.py for tasks to queue
[2022-06-08 12:57:03,331] {logging_mixin.py:115} INFO - [2022-06-08 12:57:03,331] {dagbag.py:507} INFO - Filling up the DagBag from /home/james/airflowa/lib/python3.8/site-packages/airflow/example_dags/example_complex.py
[2022-06-08 12:57:03,343] {processor.py:651} INFO - DAG(s) dict_keys(['example_complex']) retrieved from /home/james/airflowa/lib/python3.8/site-packages/airflow/example_dags/example_complex.py
[2022-06-08 12:57:03,365] {logging_mixin.py:115} INFO - [2022-06-08 12:57:03,365] {dag.py:2379} INFO - Sync 1 DAGs
[2022-06-08 12:57:03,383] {logging_mixin.py:115} INFO - [2022-06-08 12:57:03,383] {dag.py:2927} INFO - Setting next_dagrun for example_complex to None, run_after=None
[2022-06-08 12:57:03,395] {processor.py:161} INFO - Processing /home/james/airflowa/lib/python3.8/site-packages/airflow/example_dags/example_complex.py took 0.067 seconds
[2022-06-08 12:58:25,472] {processor.py:153} INFO - Started process (PID=123587) to work on /home/james/airflowa/lib/python3.8/site-packages/airflow/example_dags/example_complex.py
[2022-06-08 12:58:25,473] {processor.py:641} INFO - Processing file /home/james/airflowa/lib/python3.8/site-packages/airflow/example_dags/example_complex.py for tasks to queue
[2022-06-08 12:58:25,474] {logging_mixin.py:115} INFO - [2022-06-08 12:58:25,474] {dagbag.py:507} INFO - Filling up the DagBag from /home/james/airflowa/lib/python3.8/site-packages/airflow/example_dags/example_complex.py
[2022-06-08 12:58:25,484] {processor.py:651} INFO - DAG(s) dict_keys(['example_complex']) retrieved from /home/james/airflowa/lib/python3.8/site-packages/airflow/example_dags/example_complex.py
[2022-06-08 12:58:25,501] {logging_mixin.py:115} INFO - [2022-06-08 12:58:25,501] {dag.py:2379} INFO - Sync 1 DAGs
[2022-06-08 12:58:25,520] {logging_mixin.py:115} INFO - [2022-06-08 12:58:25,519] {dag.py:2927} INFO - Setting next_dagrun for example_complex to None, run_after=None
[2022-06-08 12:58:25,536] {processor.py:161} INFO - Processing /home/james/airflowa/lib/python3.8/site-packages/airflow/example_dags/example_complex.py took 0.066 seconds
[2022-06-08 12:59:05,360] {processor.py:153} INFO - Started process (PID=123972) to work on /home/james/airflowa/lib/python3.8/site-packages/airflow/example_dags/example_complex.py
[2022-06-08 12:59:05,360] {processor.py:641} INFO - Processing file /home/james/airflowa/lib/python3.8/site-packages/airflow/example_dags/example_complex.py for tasks to queue
[2022-06-08 12:59:05,361] {logging_mixin.py:115} INFO - [2022-06-08 12:59:05,361] {dagbag.py:507} INFO - Filling up the DagBag from /home/james/airflowa/lib/python3.8/site-packages/airflow/example_dags/example_complex.py
[2022-06-08 12:59:05,373] {processor.py:651} INFO - DAG(s) dict_keys(['example_complex']) retrieved from /home/james/airflowa/lib/python3.8/site-packages/airflow/example_dags/example_complex.py
[2022-06-08 12:59:05,393] {logging_mixin.py:115} INFO - [2022-06-08 12:59:05,393] {dag.py:2379} INFO - Sync 1 DAGs
[2022-06-08 12:59:05,409] {logging_mixin.py:115} INFO - [2022-06-08 12:59:05,409] {dag.py:2927} INFO - Setting next_dagrun for example_complex to None, run_after=None
[2022-06-08 12:59:05,421] {processor.py:161} INFO - Processing /home/james/airflowa/lib/python3.8/site-packages/airflow/example_dags/example_complex.py took 0.064 seconds
[2022-06-08 12:59:51,114] {processor.py:153} INFO - Started process (PID=124233) to work on /home/james/airflowa/lib/python3.8/site-packages/airflow/example_dags/example_complex.py
[2022-06-08 12:59:51,115] {processor.py:641} INFO - Processing file /home/james/airflowa/lib/python3.8/site-packages/airflow/example_dags/example_complex.py for tasks to queue
[2022-06-08 12:59:51,116] {logging_mixin.py:115} INFO - [2022-06-08 12:59:51,116] {dagbag.py:507} INFO - Filling up the DagBag from /home/james/airflowa/lib/python3.8/site-packages/airflow/example_dags/example_complex.py
[2022-06-08 12:59:51,130] {processor.py:651} INFO - DAG(s) dict_keys(['example_complex']) retrieved from /home/james/airflowa/lib/python3.8/site-packages/airflow/example_dags/example_complex.py
[2022-06-08 12:59:51,147] {logging_mixin.py:115} INFO - [2022-06-08 12:59:51,147] {dag.py:2379} INFO - Sync 1 DAGs
[2022-06-08 12:59:51,162] {logging_mixin.py:115} INFO - [2022-06-08 12:59:51,162] {dag.py:2927} INFO - Setting next_dagrun for example_complex to None, run_after=None
[2022-06-08 12:59:51,173] {processor.py:161} INFO - Processing /home/james/airflowa/lib/python3.8/site-packages/airflow/example_dags/example_complex.py took 0.061 seconds
[2022-06-08 13:00:37,217] {processor.py:153} INFO - Started process (PID=124947) to work on /home/james/airflowa/lib/python3.8/site-packages/airflow/example_dags/example_complex.py
[2022-06-08 13:00:37,218] {processor.py:641} INFO - Processing file /home/james/airflowa/lib/python3.8/site-packages/airflow/example_dags/example_complex.py for tasks to queue
[2022-06-08 13:00:37,218] {logging_mixin.py:115} INFO - [2022-06-08 13:00:37,218] {dagbag.py:507} INFO - Filling up the DagBag from /home/james/airflowa/lib/python3.8/site-packages/airflow/example_dags/example_complex.py
[2022-06-08 13:00:37,229] {processor.py:651} INFO - DAG(s) dict_keys(['example_complex']) retrieved from /home/james/airflowa/lib/python3.8/site-packages/airflow/example_dags/example_complex.py
[2022-06-08 13:00:37,253] {logging_mixin.py:115} INFO - [2022-06-08 13:00:37,252] {dag.py:2379} INFO - Sync 1 DAGs
[2022-06-08 13:00:37,272] {logging_mixin.py:115} INFO - [2022-06-08 13:00:37,272] {dag.py:2927} INFO - Setting next_dagrun for example_complex to None, run_after=None
[2022-06-08 13:00:37,286] {processor.py:161} INFO - Processing /home/james/airflowa/lib/python3.8/site-packages/airflow/example_dags/example_complex.py took 0.073 seconds
[2022-06-08 13:01:31,773] {processor.py:153} INFO - Started process (PID=125248) to work on /home/james/airflowa/lib/python3.8/site-packages/airflow/example_dags/example_complex.py
[2022-06-08 13:01:31,774] {processor.py:641} INFO - Processing file /home/james/airflowa/lib/python3.8/site-packages/airflow/example_dags/example_complex.py for tasks to queue
[2022-06-08 13:01:31,774] {logging_mixin.py:115} INFO - [2022-06-08 13:01:31,774] {dagbag.py:507} INFO - Filling up the DagBag from /home/james/airflowa/lib/python3.8/site-packages/airflow/example_dags/example_complex.py
[2022-06-08 13:01:31,789] {processor.py:651} INFO - DAG(s) dict_keys(['example_complex']) retrieved from /home/james/airflowa/lib/python3.8/site-packages/airflow/example_dags/example_complex.py
[2022-06-08 13:01:31,815] {logging_mixin.py:115} INFO - [2022-06-08 13:01:31,814] {dag.py:2379} INFO - Sync 1 DAGs
[2022-06-08 13:01:31,843] {logging_mixin.py:115} INFO - [2022-06-08 13:01:31,843] {dag.py:2927} INFO - Setting next_dagrun for example_complex to None, run_after=None
[2022-06-08 13:01:31,862] {processor.py:161} INFO - Processing /home/james/airflowa/lib/python3.8/site-packages/airflow/example_dags/example_complex.py took 0.093 seconds
[2022-06-08 13:02:36,289] {processor.py:153} INFO - Started process (PID=125594) to work on /home/james/airflowa/lib/python3.8/site-packages/airflow/example_dags/example_complex.py
[2022-06-08 13:02:36,290] {processor.py:641} INFO - Processing file /home/james/airflowa/lib/python3.8/site-packages/airflow/example_dags/example_complex.py for tasks to queue
[2022-06-08 13:02:36,291] {logging_mixin.py:115} INFO - [2022-06-08 13:02:36,291] {dagbag.py:507} INFO - Filling up the DagBag from /home/james/airflowa/lib/python3.8/site-packages/airflow/example_dags/example_complex.py
[2022-06-08 13:02:36,301] {processor.py:651} INFO - DAG(s) dict_keys(['example_complex']) retrieved from /home/james/airflowa/lib/python3.8/site-packages/airflow/example_dags/example_complex.py
[2022-06-08 13:02:36,317] {logging_mixin.py:115} INFO - [2022-06-08 13:02:36,317] {dag.py:2379} INFO - Sync 1 DAGs
[2022-06-08 13:02:36,332] {logging_mixin.py:115} INFO - [2022-06-08 13:02:36,332] {dag.py:2927} INFO - Setting next_dagrun for example_complex to None, run_after=None
[2022-06-08 13:02:36,345] {processor.py:161} INFO - Processing /home/james/airflowa/lib/python3.8/site-packages/airflow/example_dags/example_complex.py took 0.060 seconds
[2022-06-08 13:03:33,651] {processor.py:153} INFO - Started process (PID=125902) to work on /home/james/airflowa/lib/python3.8/site-packages/airflow/example_dags/example_complex.py
[2022-06-08 13:03:33,652] {processor.py:641} INFO - Processing file /home/james/airflowa/lib/python3.8/site-packages/airflow/example_dags/example_complex.py for tasks to queue
[2022-06-08 13:03:33,652] {logging_mixin.py:115} INFO - [2022-06-08 13:03:33,652] {dagbag.py:507} INFO - Filling up the DagBag from /home/james/airflowa/lib/python3.8/site-packages/airflow/example_dags/example_complex.py
[2022-06-08 13:03:33,665] {processor.py:651} INFO - DAG(s) dict_keys(['example_complex']) retrieved from /home/james/airflowa/lib/python3.8/site-packages/airflow/example_dags/example_complex.py
[2022-06-08 13:03:33,683] {logging_mixin.py:115} INFO - [2022-06-08 13:03:33,683] {dag.py:2379} INFO - Sync 1 DAGs
[2022-06-08 13:03:33,697] {logging_mixin.py:115} INFO - [2022-06-08 13:03:33,697] {dag.py:2927} INFO - Setting next_dagrun for example_complex to None, run_after=None
[2022-06-08 13:03:33,708] {processor.py:161} INFO - Processing /home/james/airflowa/lib/python3.8/site-packages/airflow/example_dags/example_complex.py took 0.059 seconds
[2022-06-08 13:04:19,533] {processor.py:153} INFO - Started process (PID=126330) to work on /home/james/airflowa/lib/python3.8/site-packages/airflow/example_dags/example_complex.py
[2022-06-08 13:04:19,534] {processor.py:641} INFO - Processing file /home/james/airflowa/lib/python3.8/site-packages/airflow/example_dags/example_complex.py for tasks to queue
[2022-06-08 13:04:19,534] {logging_mixin.py:115} INFO - [2022-06-08 13:04:19,534] {dagbag.py:507} INFO - Filling up the DagBag from /home/james/airflowa/lib/python3.8/site-packages/airflow/example_dags/example_complex.py
[2022-06-08 13:04:19,545] {processor.py:651} INFO - DAG(s) dict_keys(['example_complex']) retrieved from /home/james/airflowa/lib/python3.8/site-packages/airflow/example_dags/example_complex.py
[2022-06-08 13:04:19,561] {logging_mixin.py:115} INFO - [2022-06-08 13:04:19,560] {dag.py:2379} INFO - Sync 1 DAGs
[2022-06-08 13:04:19,575] {logging_mixin.py:115} INFO - [2022-06-08 13:04:19,575] {dag.py:2927} INFO - Setting next_dagrun for example_complex to None, run_after=None
[2022-06-08 13:04:19,586] {processor.py:161} INFO - Processing /home/james/airflowa/lib/python3.8/site-packages/airflow/example_dags/example_complex.py took 0.055 seconds
[2022-06-08 13:05:05,277] {processor.py:153} INFO - Started process (PID=126523) to work on /home/james/airflowa/lib/python3.8/site-packages/airflow/example_dags/example_complex.py
[2022-06-08 13:05:05,278] {processor.py:641} INFO - Processing file /home/james/airflowa/lib/python3.8/site-packages/airflow/example_dags/example_complex.py for tasks to queue
[2022-06-08 13:05:05,279] {logging_mixin.py:115} INFO - [2022-06-08 13:05:05,279] {dagbag.py:507} INFO - Filling up the DagBag from /home/james/airflowa/lib/python3.8/site-packages/airflow/example_dags/example_complex.py
[2022-06-08 13:05:05,291] {processor.py:651} INFO - DAG(s) dict_keys(['example_complex']) retrieved from /home/james/airflowa/lib/python3.8/site-packages/airflow/example_dags/example_complex.py
[2022-06-08 13:05:05,311] {logging_mixin.py:115} INFO - [2022-06-08 13:05:05,311] {dag.py:2379} INFO - Sync 1 DAGs
[2022-06-08 13:05:05,328] {logging_mixin.py:115} INFO - [2022-06-08 13:05:05,328] {dag.py:2927} INFO - Setting next_dagrun for example_complex to None, run_after=None
[2022-06-08 13:05:05,340] {processor.py:161} INFO - Processing /home/james/airflowa/lib/python3.8/site-packages/airflow/example_dags/example_complex.py took 0.066 seconds
[2022-06-08 13:06:02,383] {processor.py:153} INFO - Started process (PID=126794) to work on /home/james/airflowa/lib/python3.8/site-packages/airflow/example_dags/example_complex.py
[2022-06-08 13:06:02,384] {processor.py:641} INFO - Processing file /home/james/airflowa/lib/python3.8/site-packages/airflow/example_dags/example_complex.py for tasks to queue
[2022-06-08 13:06:02,384] {logging_mixin.py:115} INFO - [2022-06-08 13:06:02,384] {dagbag.py:507} INFO - Filling up the DagBag from /home/james/airflowa/lib/python3.8/site-packages/airflow/example_dags/example_complex.py
[2022-06-08 13:06:02,394] {processor.py:651} INFO - DAG(s) dict_keys(['example_complex']) retrieved from /home/james/airflowa/lib/python3.8/site-packages/airflow/example_dags/example_complex.py
[2022-06-08 13:06:02,410] {logging_mixin.py:115} INFO - [2022-06-08 13:06:02,410] {dag.py:2379} INFO - Sync 1 DAGs
[2022-06-08 13:06:02,424] {logging_mixin.py:115} INFO - [2022-06-08 13:06:02,424] {dag.py:2927} INFO - Setting next_dagrun for example_complex to None, run_after=None
[2022-06-08 13:06:02,435] {processor.py:161} INFO - Processing /home/james/airflowa/lib/python3.8/site-packages/airflow/example_dags/example_complex.py took 0.054 seconds
