[2022-06-08 09:04:01,527] {processor.py:153} INFO - Started process (PID=23758) to work on /home/james/airflowa/lib/python3.8/site-packages/airflow/example_dags/example_external_task_marker_dag.py
[2022-06-08 09:04:01,528] {processor.py:641} INFO - Processing file /home/james/airflowa/lib/python3.8/site-packages/airflow/example_dags/example_external_task_marker_dag.py for tasks to queue
[2022-06-08 09:04:01,529] {logging_mixin.py:115} INFO - [2022-06-08 09:04:01,529] {dagbag.py:507} INFO - Filling up the DagBag from /home/james/airflowa/lib/python3.8/site-packages/airflow/example_dags/example_external_task_marker_dag.py
[2022-06-08 09:04:01,544] {processor.py:651} INFO - DAG(s) dict_keys(['example_external_task_marker_parent', 'example_external_task_marker_child']) retrieved from /home/james/airflowa/lib/python3.8/site-packages/airflow/example_dags/example_external_task_marker_dag.py
[2022-06-08 09:04:01,596] {logging_mixin.py:115} INFO - [2022-06-08 09:04:01,596] {dag.py:2379} INFO - Sync 2 DAGs
[2022-06-08 09:04:01,647] {logging_mixin.py:115} INFO - [2022-06-08 09:04:01,646] {dag.py:2927} INFO - Setting next_dagrun for example_external_task_marker_child to None, run_after=None
[2022-06-08 09:04:01,647] {logging_mixin.py:115} INFO - [2022-06-08 09:04:01,647] {dag.py:2927} INFO - Setting next_dagrun for example_external_task_marker_parent to None, run_after=None
[2022-06-08 09:04:01,672] {processor.py:161} INFO - Processing /home/james/airflowa/lib/python3.8/site-packages/airflow/example_dags/example_external_task_marker_dag.py took 0.154 seconds
[2022-06-08 09:04:36,513] {processor.py:153} INFO - Started process (PID=23892) to work on /home/james/airflowa/lib/python3.8/site-packages/airflow/example_dags/example_external_task_marker_dag.py
[2022-06-08 09:04:36,513] {processor.py:641} INFO - Processing file /home/james/airflowa/lib/python3.8/site-packages/airflow/example_dags/example_external_task_marker_dag.py for tasks to queue
[2022-06-08 09:04:36,514] {logging_mixin.py:115} INFO - [2022-06-08 09:04:36,514] {dagbag.py:507} INFO - Filling up the DagBag from /home/james/airflowa/lib/python3.8/site-packages/airflow/example_dags/example_external_task_marker_dag.py
[2022-06-08 09:04:36,517] {processor.py:651} INFO - DAG(s) dict_keys(['example_external_task_marker_parent', 'example_external_task_marker_child']) retrieved from /home/james/airflowa/lib/python3.8/site-packages/airflow/example_dags/example_external_task_marker_dag.py
[2022-06-08 09:04:36,539] {logging_mixin.py:115} INFO - [2022-06-08 09:04:36,539] {dag.py:2379} INFO - Sync 2 DAGs
[2022-06-08 09:04:36,554] {logging_mixin.py:115} INFO - [2022-06-08 09:04:36,554] {dag.py:2927} INFO - Setting next_dagrun for example_external_task_marker_child to None, run_after=None
[2022-06-08 09:04:36,554] {logging_mixin.py:115} INFO - [2022-06-08 09:04:36,554] {dag.py:2927} INFO - Setting next_dagrun for example_external_task_marker_parent to None, run_after=None
[2022-06-08 09:04:36,565] {processor.py:161} INFO - Processing /home/james/airflowa/lib/python3.8/site-packages/airflow/example_dags/example_external_task_marker_dag.py took 0.055 seconds
[2022-06-08 09:05:15,679] {processor.py:153} INFO - Started process (PID=24063) to work on /home/james/airflowa/lib/python3.8/site-packages/airflow/example_dags/example_external_task_marker_dag.py
[2022-06-08 09:05:15,679] {processor.py:641} INFO - Processing file /home/james/airflowa/lib/python3.8/site-packages/airflow/example_dags/example_external_task_marker_dag.py for tasks to queue
[2022-06-08 09:05:15,680] {logging_mixin.py:115} INFO - [2022-06-08 09:05:15,680] {dagbag.py:507} INFO - Filling up the DagBag from /home/james/airflowa/lib/python3.8/site-packages/airflow/example_dags/example_external_task_marker_dag.py
[2022-06-08 09:05:15,685] {processor.py:651} INFO - DAG(s) dict_keys(['example_external_task_marker_parent', 'example_external_task_marker_child']) retrieved from /home/james/airflowa/lib/python3.8/site-packages/airflow/example_dags/example_external_task_marker_dag.py
[2022-06-08 09:05:15,710] {logging_mixin.py:115} INFO - [2022-06-08 09:05:15,710] {dag.py:2379} INFO - Sync 2 DAGs
[2022-06-08 09:05:15,729] {logging_mixin.py:115} INFO - [2022-06-08 09:05:15,729] {dag.py:2927} INFO - Setting next_dagrun for example_external_task_marker_child to None, run_after=None
[2022-06-08 09:05:15,729] {logging_mixin.py:115} INFO - [2022-06-08 09:05:15,729] {dag.py:2927} INFO - Setting next_dagrun for example_external_task_marker_parent to None, run_after=None
[2022-06-08 09:05:15,742] {processor.py:161} INFO - Processing /home/james/airflowa/lib/python3.8/site-packages/airflow/example_dags/example_external_task_marker_dag.py took 0.065 seconds
[2022-06-08 09:06:10,368] {processor.py:153} INFO - Started process (PID=24734) to work on /home/james/airflowa/lib/python3.8/site-packages/airflow/example_dags/example_external_task_marker_dag.py
[2022-06-08 09:06:10,369] {processor.py:641} INFO - Processing file /home/james/airflowa/lib/python3.8/site-packages/airflow/example_dags/example_external_task_marker_dag.py for tasks to queue
[2022-06-08 09:06:10,370] {logging_mixin.py:115} INFO - [2022-06-08 09:06:10,370] {dagbag.py:507} INFO - Filling up the DagBag from /home/james/airflowa/lib/python3.8/site-packages/airflow/example_dags/example_external_task_marker_dag.py
[2022-06-08 09:06:10,376] {processor.py:651} INFO - DAG(s) dict_keys(['example_external_task_marker_parent', 'example_external_task_marker_child']) retrieved from /home/james/airflowa/lib/python3.8/site-packages/airflow/example_dags/example_external_task_marker_dag.py
[2022-06-08 09:06:10,437] {logging_mixin.py:115} INFO - [2022-06-08 09:06:10,437] {dag.py:2379} INFO - Sync 2 DAGs
[2022-06-08 09:06:10,480] {logging_mixin.py:115} INFO - [2022-06-08 09:06:10,480] {dag.py:2927} INFO - Setting next_dagrun for example_external_task_marker_child to None, run_after=None
[2022-06-08 09:06:10,481] {logging_mixin.py:115} INFO - [2022-06-08 09:06:10,481] {dag.py:2927} INFO - Setting next_dagrun for example_external_task_marker_parent to None, run_after=None
[2022-06-08 09:06:10,533] {processor.py:161} INFO - Processing /home/james/airflowa/lib/python3.8/site-packages/airflow/example_dags/example_external_task_marker_dag.py took 0.168 seconds
[2022-06-08 09:07:51,595] {processor.py:153} INFO - Started process (PID=25346) to work on /home/james/airflowa/lib/python3.8/site-packages/airflow/example_dags/example_external_task_marker_dag.py
[2022-06-08 09:07:51,596] {processor.py:641} INFO - Processing file /home/james/airflowa/lib/python3.8/site-packages/airflow/example_dags/example_external_task_marker_dag.py for tasks to queue
[2022-06-08 09:07:51,597] {logging_mixin.py:115} INFO - [2022-06-08 09:07:51,597] {dagbag.py:507} INFO - Filling up the DagBag from /home/james/airflowa/lib/python3.8/site-packages/airflow/example_dags/example_external_task_marker_dag.py
[2022-06-08 09:07:51,602] {processor.py:651} INFO - DAG(s) dict_keys(['example_external_task_marker_parent', 'example_external_task_marker_child']) retrieved from /home/james/airflowa/lib/python3.8/site-packages/airflow/example_dags/example_external_task_marker_dag.py
[2022-06-08 09:07:51,633] {logging_mixin.py:115} INFO - [2022-06-08 09:07:51,632] {dag.py:2379} INFO - Sync 2 DAGs
[2022-06-08 09:07:51,655] {logging_mixin.py:115} INFO - [2022-06-08 09:07:51,654] {dag.py:2927} INFO - Setting next_dagrun for example_external_task_marker_child to None, run_after=None
[2022-06-08 09:07:51,655] {logging_mixin.py:115} INFO - [2022-06-08 09:07:51,655] {dag.py:2927} INFO - Setting next_dagrun for example_external_task_marker_parent to None, run_after=None
[2022-06-08 09:07:51,670] {processor.py:161} INFO - Processing /home/james/airflowa/lib/python3.8/site-packages/airflow/example_dags/example_external_task_marker_dag.py took 0.078 seconds
[2022-06-08 09:09:27,939] {processor.py:153} INFO - Started process (PID=25920) to work on /home/james/airflowa/lib/python3.8/site-packages/airflow/example_dags/example_external_task_marker_dag.py
[2022-06-08 09:09:27,940] {processor.py:641} INFO - Processing file /home/james/airflowa/lib/python3.8/site-packages/airflow/example_dags/example_external_task_marker_dag.py for tasks to queue
[2022-06-08 09:09:27,941] {logging_mixin.py:115} INFO - [2022-06-08 09:09:27,941] {dagbag.py:507} INFO - Filling up the DagBag from /home/james/airflowa/lib/python3.8/site-packages/airflow/example_dags/example_external_task_marker_dag.py
[2022-06-08 09:09:27,948] {processor.py:651} INFO - DAG(s) dict_keys(['example_external_task_marker_parent', 'example_external_task_marker_child']) retrieved from /home/james/airflowa/lib/python3.8/site-packages/airflow/example_dags/example_external_task_marker_dag.py
[2022-06-08 09:09:27,991] {logging_mixin.py:115} INFO - [2022-06-08 09:09:27,991] {dag.py:2379} INFO - Sync 2 DAGs
[2022-06-08 09:09:28,016] {logging_mixin.py:115} INFO - [2022-06-08 09:09:28,016] {dag.py:2927} INFO - Setting next_dagrun for example_external_task_marker_child to None, run_after=None
[2022-06-08 09:09:28,017] {logging_mixin.py:115} INFO - [2022-06-08 09:09:28,017] {dag.py:2927} INFO - Setting next_dagrun for example_external_task_marker_parent to None, run_after=None
[2022-06-08 09:09:28,034] {processor.py:161} INFO - Processing /home/james/airflowa/lib/python3.8/site-packages/airflow/example_dags/example_external_task_marker_dag.py took 0.100 seconds
[2022-06-08 09:11:31,999] {processor.py:153} INFO - Started process (PID=27256) to work on /home/james/airflowa/lib/python3.8/site-packages/airflow/example_dags/example_external_task_marker_dag.py
[2022-06-08 09:11:32,000] {processor.py:641} INFO - Processing file /home/james/airflowa/lib/python3.8/site-packages/airflow/example_dags/example_external_task_marker_dag.py for tasks to queue
[2022-06-08 09:11:32,001] {logging_mixin.py:115} INFO - [2022-06-08 09:11:32,001] {dagbag.py:507} INFO - Filling up the DagBag from /home/james/airflowa/lib/python3.8/site-packages/airflow/example_dags/example_external_task_marker_dag.py
[2022-06-08 09:11:32,008] {processor.py:651} INFO - DAG(s) dict_keys(['example_external_task_marker_parent', 'example_external_task_marker_child']) retrieved from /home/james/airflowa/lib/python3.8/site-packages/airflow/example_dags/example_external_task_marker_dag.py
[2022-06-08 09:11:32,063] {logging_mixin.py:115} INFO - [2022-06-08 09:11:32,063] {dag.py:2379} INFO - Sync 2 DAGs
[2022-06-08 09:11:32,109] {logging_mixin.py:115} INFO - [2022-06-08 09:11:32,109] {dag.py:2927} INFO - Setting next_dagrun for example_external_task_marker_child to None, run_after=None
[2022-06-08 09:11:32,110] {logging_mixin.py:115} INFO - [2022-06-08 09:11:32,110] {dag.py:2927} INFO - Setting next_dagrun for example_external_task_marker_parent to None, run_after=None
[2022-06-08 09:11:32,141] {processor.py:161} INFO - Processing /home/james/airflowa/lib/python3.8/site-packages/airflow/example_dags/example_external_task_marker_dag.py took 0.146 seconds
[2022-06-08 09:13:16,957] {processor.py:153} INFO - Started process (PID=27655) to work on /home/james/airflowa/lib/python3.8/site-packages/airflow/example_dags/example_external_task_marker_dag.py
[2022-06-08 09:13:16,958] {processor.py:641} INFO - Processing file /home/james/airflowa/lib/python3.8/site-packages/airflow/example_dags/example_external_task_marker_dag.py for tasks to queue
[2022-06-08 09:13:16,959] {logging_mixin.py:115} INFO - [2022-06-08 09:13:16,959] {dagbag.py:507} INFO - Filling up the DagBag from /home/james/airflowa/lib/python3.8/site-packages/airflow/example_dags/example_external_task_marker_dag.py
[2022-06-08 09:13:16,971] {processor.py:651} INFO - DAG(s) dict_keys(['example_external_task_marker_parent', 'example_external_task_marker_child']) retrieved from /home/james/airflowa/lib/python3.8/site-packages/airflow/example_dags/example_external_task_marker_dag.py
[2022-06-08 09:13:17,030] {logging_mixin.py:115} INFO - [2022-06-08 09:13:17,030] {dag.py:2379} INFO - Sync 2 DAGs
[2022-06-08 09:13:17,085] {logging_mixin.py:115} INFO - [2022-06-08 09:13:17,085] {dag.py:2927} INFO - Setting next_dagrun for example_external_task_marker_child to None, run_after=None
[2022-06-08 09:13:17,086] {logging_mixin.py:115} INFO - [2022-06-08 09:13:17,086] {dag.py:2927} INFO - Setting next_dagrun for example_external_task_marker_parent to None, run_after=None
[2022-06-08 09:13:17,116] {processor.py:161} INFO - Processing /home/james/airflowa/lib/python3.8/site-packages/airflow/example_dags/example_external_task_marker_dag.py took 0.164 seconds
[2022-06-08 09:14:58,762] {processor.py:153} INFO - Started process (PID=28293) to work on /home/james/airflowa/lib/python3.8/site-packages/airflow/example_dags/example_external_task_marker_dag.py
[2022-06-08 09:14:58,763] {processor.py:641} INFO - Processing file /home/james/airflowa/lib/python3.8/site-packages/airflow/example_dags/example_external_task_marker_dag.py for tasks to queue
[2022-06-08 09:14:58,764] {logging_mixin.py:115} INFO - [2022-06-08 09:14:58,764] {dagbag.py:507} INFO - Filling up the DagBag from /home/james/airflowa/lib/python3.8/site-packages/airflow/example_dags/example_external_task_marker_dag.py
[2022-06-08 09:14:58,772] {processor.py:651} INFO - DAG(s) dict_keys(['example_external_task_marker_parent', 'example_external_task_marker_child']) retrieved from /home/james/airflowa/lib/python3.8/site-packages/airflow/example_dags/example_external_task_marker_dag.py
[2022-06-08 09:14:58,822] {logging_mixin.py:115} INFO - [2022-06-08 09:14:58,821] {dag.py:2379} INFO - Sync 2 DAGs
[2022-06-08 09:14:58,872] {logging_mixin.py:115} INFO - [2022-06-08 09:14:58,872] {dag.py:2927} INFO - Setting next_dagrun for example_external_task_marker_child to None, run_after=None
[2022-06-08 09:14:58,873] {logging_mixin.py:115} INFO - [2022-06-08 09:14:58,873] {dag.py:2927} INFO - Setting next_dagrun for example_external_task_marker_parent to None, run_after=None
[2022-06-08 09:14:58,908] {processor.py:161} INFO - Processing /home/james/airflowa/lib/python3.8/site-packages/airflow/example_dags/example_external_task_marker_dag.py took 0.153 seconds
[2022-06-08 09:16:42,307] {processor.py:153} INFO - Started process (PID=29658) to work on /home/james/airflowa/lib/python3.8/site-packages/airflow/example_dags/example_external_task_marker_dag.py
[2022-06-08 09:16:42,308] {processor.py:641} INFO - Processing file /home/james/airflowa/lib/python3.8/site-packages/airflow/example_dags/example_external_task_marker_dag.py for tasks to queue
[2022-06-08 09:16:42,310] {logging_mixin.py:115} INFO - [2022-06-08 09:16:42,310] {dagbag.py:507} INFO - Filling up the DagBag from /home/james/airflowa/lib/python3.8/site-packages/airflow/example_dags/example_external_task_marker_dag.py
[2022-06-08 09:16:42,323] {processor.py:651} INFO - DAG(s) dict_keys(['example_external_task_marker_parent', 'example_external_task_marker_child']) retrieved from /home/james/airflowa/lib/python3.8/site-packages/airflow/example_dags/example_external_task_marker_dag.py
[2022-06-08 09:16:42,436] {logging_mixin.py:115} INFO - [2022-06-08 09:16:42,435] {dag.py:2379} INFO - Sync 2 DAGs
[2022-06-08 09:16:42,489] {logging_mixin.py:115} INFO - [2022-06-08 09:16:42,489] {dag.py:2927} INFO - Setting next_dagrun for example_external_task_marker_child to None, run_after=None
[2022-06-08 09:16:42,490] {logging_mixin.py:115} INFO - [2022-06-08 09:16:42,490] {dag.py:2927} INFO - Setting next_dagrun for example_external_task_marker_parent to None, run_after=None
[2022-06-08 09:16:42,515] {processor.py:161} INFO - Processing /home/james/airflowa/lib/python3.8/site-packages/airflow/example_dags/example_external_task_marker_dag.py took 0.219 seconds
[2022-06-08 09:18:31,986] {processor.py:153} INFO - Started process (PID=30687) to work on /home/james/airflowa/lib/python3.8/site-packages/airflow/example_dags/example_external_task_marker_dag.py
[2022-06-08 09:18:31,987] {processor.py:641} INFO - Processing file /home/james/airflowa/lib/python3.8/site-packages/airflow/example_dags/example_external_task_marker_dag.py for tasks to queue
[2022-06-08 09:18:31,988] {logging_mixin.py:115} INFO - [2022-06-08 09:18:31,987] {dagbag.py:507} INFO - Filling up the DagBag from /home/james/airflowa/lib/python3.8/site-packages/airflow/example_dags/example_external_task_marker_dag.py
[2022-06-08 09:18:31,995] {processor.py:651} INFO - DAG(s) dict_keys(['example_external_task_marker_parent', 'example_external_task_marker_child']) retrieved from /home/james/airflowa/lib/python3.8/site-packages/airflow/example_dags/example_external_task_marker_dag.py
[2022-06-08 09:18:32,056] {logging_mixin.py:115} INFO - [2022-06-08 09:18:32,056] {dag.py:2379} INFO - Sync 2 DAGs
[2022-06-08 09:18:32,099] {logging_mixin.py:115} INFO - [2022-06-08 09:18:32,098] {dag.py:2927} INFO - Setting next_dagrun for example_external_task_marker_child to None, run_after=None
[2022-06-08 09:18:32,099] {logging_mixin.py:115} INFO - [2022-06-08 09:18:32,099] {dag.py:2927} INFO - Setting next_dagrun for example_external_task_marker_parent to None, run_after=None
[2022-06-08 09:18:32,125] {processor.py:161} INFO - Processing /home/james/airflowa/lib/python3.8/site-packages/airflow/example_dags/example_external_task_marker_dag.py took 0.145 seconds
[2022-06-08 09:20:38,163] {processor.py:153} INFO - Started process (PID=31874) to work on /home/james/airflowa/lib/python3.8/site-packages/airflow/example_dags/example_external_task_marker_dag.py
[2022-06-08 09:20:38,165] {processor.py:641} INFO - Processing file /home/james/airflowa/lib/python3.8/site-packages/airflow/example_dags/example_external_task_marker_dag.py for tasks to queue
[2022-06-08 09:20:38,167] {logging_mixin.py:115} INFO - [2022-06-08 09:20:38,167] {dagbag.py:507} INFO - Filling up the DagBag from /home/james/airflowa/lib/python3.8/site-packages/airflow/example_dags/example_external_task_marker_dag.py
[2022-06-08 09:20:38,197] {processor.py:651} INFO - DAG(s) dict_keys(['example_external_task_marker_parent', 'example_external_task_marker_child']) retrieved from /home/james/airflowa/lib/python3.8/site-packages/airflow/example_dags/example_external_task_marker_dag.py
[2022-06-08 09:20:38,269] {logging_mixin.py:115} INFO - [2022-06-08 09:20:38,269] {dag.py:2379} INFO - Sync 2 DAGs
[2022-06-08 09:20:38,312] {logging_mixin.py:115} INFO - [2022-06-08 09:20:38,311] {dag.py:2927} INFO - Setting next_dagrun for example_external_task_marker_child to None, run_after=None
[2022-06-08 09:20:38,312] {logging_mixin.py:115} INFO - [2022-06-08 09:20:38,312] {dag.py:2927} INFO - Setting next_dagrun for example_external_task_marker_parent to None, run_after=None
[2022-06-08 09:20:38,352] {processor.py:161} INFO - Processing /home/james/airflowa/lib/python3.8/site-packages/airflow/example_dags/example_external_task_marker_dag.py took 0.211 seconds
[2022-06-08 09:22:40,463] {processor.py:153} INFO - Started process (PID=33013) to work on /home/james/airflowa/lib/python3.8/site-packages/airflow/example_dags/example_external_task_marker_dag.py
[2022-06-08 09:22:40,464] {processor.py:641} INFO - Processing file /home/james/airflowa/lib/python3.8/site-packages/airflow/example_dags/example_external_task_marker_dag.py for tasks to queue
[2022-06-08 09:22:40,466] {logging_mixin.py:115} INFO - [2022-06-08 09:22:40,465] {dagbag.py:507} INFO - Filling up the DagBag from /home/james/airflowa/lib/python3.8/site-packages/airflow/example_dags/example_external_task_marker_dag.py
[2022-06-08 09:22:40,477] {processor.py:651} INFO - DAG(s) dict_keys(['example_external_task_marker_parent', 'example_external_task_marker_child']) retrieved from /home/james/airflowa/lib/python3.8/site-packages/airflow/example_dags/example_external_task_marker_dag.py
[2022-06-08 09:22:40,541] {logging_mixin.py:115} INFO - [2022-06-08 09:22:40,541] {dag.py:2379} INFO - Sync 2 DAGs
[2022-06-08 09:22:40,592] {logging_mixin.py:115} INFO - [2022-06-08 09:22:40,592] {dag.py:2927} INFO - Setting next_dagrun for example_external_task_marker_child to None, run_after=None
[2022-06-08 09:22:40,594] {logging_mixin.py:115} INFO - [2022-06-08 09:22:40,593] {dag.py:2927} INFO - Setting next_dagrun for example_external_task_marker_parent to None, run_after=None
[2022-06-08 09:22:40,675] {processor.py:161} INFO - Processing /home/james/airflowa/lib/python3.8/site-packages/airflow/example_dags/example_external_task_marker_dag.py took 0.219 seconds
[2022-06-08 09:24:49,965] {processor.py:153} INFO - Started process (PID=33768) to work on /home/james/airflowa/lib/python3.8/site-packages/airflow/example_dags/example_external_task_marker_dag.py
[2022-06-08 09:24:49,966] {processor.py:641} INFO - Processing file /home/james/airflowa/lib/python3.8/site-packages/airflow/example_dags/example_external_task_marker_dag.py for tasks to queue
[2022-06-08 09:24:49,967] {logging_mixin.py:115} INFO - [2022-06-08 09:24:49,967] {dagbag.py:507} INFO - Filling up the DagBag from /home/james/airflowa/lib/python3.8/site-packages/airflow/example_dags/example_external_task_marker_dag.py
[2022-06-08 09:24:49,975] {processor.py:651} INFO - DAG(s) dict_keys(['example_external_task_marker_parent', 'example_external_task_marker_child']) retrieved from /home/james/airflowa/lib/python3.8/site-packages/airflow/example_dags/example_external_task_marker_dag.py
[2022-06-08 09:24:50,025] {logging_mixin.py:115} INFO - [2022-06-08 09:24:50,025] {dag.py:2379} INFO - Sync 2 DAGs
[2022-06-08 09:24:50,070] {logging_mixin.py:115} INFO - [2022-06-08 09:24:50,070] {dag.py:2927} INFO - Setting next_dagrun for example_external_task_marker_child to None, run_after=None
[2022-06-08 09:24:50,071] {logging_mixin.py:115} INFO - [2022-06-08 09:24:50,071] {dag.py:2927} INFO - Setting next_dagrun for example_external_task_marker_parent to None, run_after=None
[2022-06-08 09:24:50,101] {processor.py:161} INFO - Processing /home/james/airflowa/lib/python3.8/site-packages/airflow/example_dags/example_external_task_marker_dag.py took 0.142 seconds
[2022-06-08 09:26:57,751] {processor.py:153} INFO - Started process (PID=34561) to work on /home/james/airflowa/lib/python3.8/site-packages/airflow/example_dags/example_external_task_marker_dag.py
[2022-06-08 09:26:57,752] {processor.py:641} INFO - Processing file /home/james/airflowa/lib/python3.8/site-packages/airflow/example_dags/example_external_task_marker_dag.py for tasks to queue
[2022-06-08 09:26:57,753] {logging_mixin.py:115} INFO - [2022-06-08 09:26:57,753] {dagbag.py:507} INFO - Filling up the DagBag from /home/james/airflowa/lib/python3.8/site-packages/airflow/example_dags/example_external_task_marker_dag.py
[2022-06-08 09:26:57,760] {processor.py:651} INFO - DAG(s) dict_keys(['example_external_task_marker_parent', 'example_external_task_marker_child']) retrieved from /home/james/airflowa/lib/python3.8/site-packages/airflow/example_dags/example_external_task_marker_dag.py
[2022-06-08 09:26:57,809] {logging_mixin.py:115} INFO - [2022-06-08 09:26:57,809] {dag.py:2379} INFO - Sync 2 DAGs
[2022-06-08 09:26:57,843] {logging_mixin.py:115} INFO - [2022-06-08 09:26:57,843] {dag.py:2927} INFO - Setting next_dagrun for example_external_task_marker_child to None, run_after=None
[2022-06-08 09:26:57,844] {logging_mixin.py:115} INFO - [2022-06-08 09:26:57,844] {dag.py:2927} INFO - Setting next_dagrun for example_external_task_marker_parent to None, run_after=None
[2022-06-08 09:26:57,874] {processor.py:161} INFO - Processing /home/james/airflowa/lib/python3.8/site-packages/airflow/example_dags/example_external_task_marker_dag.py took 0.128 seconds
[2022-06-08 09:28:53,731] {processor.py:153} INFO - Started process (PID=35071) to work on /home/james/airflowa/lib/python3.8/site-packages/airflow/example_dags/example_external_task_marker_dag.py
[2022-06-08 09:28:53,733] {processor.py:641} INFO - Processing file /home/james/airflowa/lib/python3.8/site-packages/airflow/example_dags/example_external_task_marker_dag.py for tasks to queue
[2022-06-08 09:28:53,734] {logging_mixin.py:115} INFO - [2022-06-08 09:28:53,734] {dagbag.py:507} INFO - Filling up the DagBag from /home/james/airflowa/lib/python3.8/site-packages/airflow/example_dags/example_external_task_marker_dag.py
[2022-06-08 09:28:53,744] {processor.py:651} INFO - DAG(s) dict_keys(['example_external_task_marker_parent', 'example_external_task_marker_child']) retrieved from /home/james/airflowa/lib/python3.8/site-packages/airflow/example_dags/example_external_task_marker_dag.py
[2022-06-08 09:28:53,802] {logging_mixin.py:115} INFO - [2022-06-08 09:28:53,802] {dag.py:2379} INFO - Sync 2 DAGs
[2022-06-08 09:28:53,858] {logging_mixin.py:115} INFO - [2022-06-08 09:28:53,857] {dag.py:2927} INFO - Setting next_dagrun for example_external_task_marker_child to None, run_after=None
[2022-06-08 09:28:53,859] {logging_mixin.py:115} INFO - [2022-06-08 09:28:53,859] {dag.py:2927} INFO - Setting next_dagrun for example_external_task_marker_parent to None, run_after=None
[2022-06-08 09:28:53,901] {processor.py:161} INFO - Processing /home/james/airflowa/lib/python3.8/site-packages/airflow/example_dags/example_external_task_marker_dag.py took 0.175 seconds
[2022-06-08 11:27:43,705] {processor.py:153} INFO - Started process (PID=76552) to work on /home/james/airflowa/lib/python3.8/site-packages/airflow/example_dags/example_external_task_marker_dag.py
[2022-06-08 11:27:43,705] {processor.py:641} INFO - Processing file /home/james/airflowa/lib/python3.8/site-packages/airflow/example_dags/example_external_task_marker_dag.py for tasks to queue
[2022-06-08 11:27:43,706] {logging_mixin.py:115} INFO - [2022-06-08 11:27:43,706] {dagbag.py:507} INFO - Filling up the DagBag from /home/james/airflowa/lib/python3.8/site-packages/airflow/example_dags/example_external_task_marker_dag.py
[2022-06-08 11:27:43,709] {processor.py:651} INFO - DAG(s) dict_keys(['example_external_task_marker_parent', 'example_external_task_marker_child']) retrieved from /home/james/airflowa/lib/python3.8/site-packages/airflow/example_dags/example_external_task_marker_dag.py
[2022-06-08 11:27:43,729] {logging_mixin.py:115} INFO - [2022-06-08 11:27:43,729] {dag.py:2379} INFO - Sync 2 DAGs
[2022-06-08 11:27:43,743] {logging_mixin.py:115} INFO - [2022-06-08 11:27:43,743] {dag.py:2927} INFO - Setting next_dagrun for example_external_task_marker_child to None, run_after=None
[2022-06-08 11:27:43,743] {logging_mixin.py:115} INFO - [2022-06-08 11:27:43,743] {dag.py:2927} INFO - Setting next_dagrun for example_external_task_marker_parent to None, run_after=None
[2022-06-08 11:27:43,758] {processor.py:161} INFO - Processing /home/james/airflowa/lib/python3.8/site-packages/airflow/example_dags/example_external_task_marker_dag.py took 0.055 seconds
[2022-06-08 11:28:22,159] {processor.py:153} INFO - Started process (PID=76827) to work on /home/james/airflowa/lib/python3.8/site-packages/airflow/example_dags/example_external_task_marker_dag.py
[2022-06-08 11:28:22,161] {processor.py:641} INFO - Processing file /home/james/airflowa/lib/python3.8/site-packages/airflow/example_dags/example_external_task_marker_dag.py for tasks to queue
[2022-06-08 11:28:22,162] {logging_mixin.py:115} INFO - [2022-06-08 11:28:22,162] {dagbag.py:507} INFO - Filling up the DagBag from /home/james/airflowa/lib/python3.8/site-packages/airflow/example_dags/example_external_task_marker_dag.py
[2022-06-08 11:28:22,168] {processor.py:651} INFO - DAG(s) dict_keys(['example_external_task_marker_parent', 'example_external_task_marker_child']) retrieved from /home/james/airflowa/lib/python3.8/site-packages/airflow/example_dags/example_external_task_marker_dag.py
[2022-06-08 11:28:22,200] {logging_mixin.py:115} INFO - [2022-06-08 11:28:22,200] {dag.py:2379} INFO - Sync 2 DAGs
[2022-06-08 11:28:22,219] {logging_mixin.py:115} INFO - [2022-06-08 11:28:22,218] {dag.py:2927} INFO - Setting next_dagrun for example_external_task_marker_child to None, run_after=None
[2022-06-08 11:28:22,219] {logging_mixin.py:115} INFO - [2022-06-08 11:28:22,219] {dag.py:2927} INFO - Setting next_dagrun for example_external_task_marker_parent to None, run_after=None
[2022-06-08 11:28:22,234] {processor.py:161} INFO - Processing /home/james/airflowa/lib/python3.8/site-packages/airflow/example_dags/example_external_task_marker_dag.py took 0.079 seconds
[2022-06-08 11:29:00,365] {processor.py:153} INFO - Started process (PID=77130) to work on /home/james/airflowa/lib/python3.8/site-packages/airflow/example_dags/example_external_task_marker_dag.py
[2022-06-08 11:29:00,365] {processor.py:641} INFO - Processing file /home/james/airflowa/lib/python3.8/site-packages/airflow/example_dags/example_external_task_marker_dag.py for tasks to queue
[2022-06-08 11:29:00,366] {logging_mixin.py:115} INFO - [2022-06-08 11:29:00,366] {dagbag.py:507} INFO - Filling up the DagBag from /home/james/airflowa/lib/python3.8/site-packages/airflow/example_dags/example_external_task_marker_dag.py
[2022-06-08 11:29:00,369] {processor.py:651} INFO - DAG(s) dict_keys(['example_external_task_marker_parent', 'example_external_task_marker_child']) retrieved from /home/james/airflowa/lib/python3.8/site-packages/airflow/example_dags/example_external_task_marker_dag.py
[2022-06-08 11:29:00,390] {logging_mixin.py:115} INFO - [2022-06-08 11:29:00,390] {dag.py:2379} INFO - Sync 2 DAGs
[2022-06-08 11:29:00,404] {logging_mixin.py:115} INFO - [2022-06-08 11:29:00,404] {dag.py:2927} INFO - Setting next_dagrun for example_external_task_marker_child to None, run_after=None
[2022-06-08 11:29:00,404] {logging_mixin.py:115} INFO - [2022-06-08 11:29:00,404] {dag.py:2927} INFO - Setting next_dagrun for example_external_task_marker_parent to None, run_after=None
[2022-06-08 11:29:00,415] {processor.py:161} INFO - Processing /home/james/airflowa/lib/python3.8/site-packages/airflow/example_dags/example_external_task_marker_dag.py took 0.053 seconds
[2022-06-08 11:29:38,323] {processor.py:153} INFO - Started process (PID=77513) to work on /home/james/airflowa/lib/python3.8/site-packages/airflow/example_dags/example_external_task_marker_dag.py
[2022-06-08 11:29:38,323] {processor.py:641} INFO - Processing file /home/james/airflowa/lib/python3.8/site-packages/airflow/example_dags/example_external_task_marker_dag.py for tasks to queue
[2022-06-08 11:29:38,323] {logging_mixin.py:115} INFO - [2022-06-08 11:29:38,323] {dagbag.py:507} INFO - Filling up the DagBag from /home/james/airflowa/lib/python3.8/site-packages/airflow/example_dags/example_external_task_marker_dag.py
[2022-06-08 11:29:38,327] {processor.py:651} INFO - DAG(s) dict_keys(['example_external_task_marker_parent', 'example_external_task_marker_child']) retrieved from /home/james/airflowa/lib/python3.8/site-packages/airflow/example_dags/example_external_task_marker_dag.py
[2022-06-08 11:29:38,348] {logging_mixin.py:115} INFO - [2022-06-08 11:29:38,348] {dag.py:2379} INFO - Sync 2 DAGs
[2022-06-08 11:29:38,362] {logging_mixin.py:115} INFO - [2022-06-08 11:29:38,362] {dag.py:2927} INFO - Setting next_dagrun for example_external_task_marker_child to None, run_after=None
[2022-06-08 11:29:38,363] {logging_mixin.py:115} INFO - [2022-06-08 11:29:38,363] {dag.py:2927} INFO - Setting next_dagrun for example_external_task_marker_parent to None, run_after=None
[2022-06-08 11:29:38,373] {processor.py:161} INFO - Processing /home/james/airflowa/lib/python3.8/site-packages/airflow/example_dags/example_external_task_marker_dag.py took 0.053 seconds
[2022-06-08 11:31:22,470] {processor.py:153} INFO - Started process (PID=78443) to work on /home/james/airflowa/lib/python3.8/site-packages/airflow/example_dags/example_external_task_marker_dag.py
[2022-06-08 11:31:22,471] {processor.py:641} INFO - Processing file /home/james/airflowa/lib/python3.8/site-packages/airflow/example_dags/example_external_task_marker_dag.py for tasks to queue
[2022-06-08 11:31:22,472] {logging_mixin.py:115} INFO - [2022-06-08 11:31:22,472] {dagbag.py:507} INFO - Filling up the DagBag from /home/james/airflowa/lib/python3.8/site-packages/airflow/example_dags/example_external_task_marker_dag.py
[2022-06-08 11:31:22,476] {processor.py:651} INFO - DAG(s) dict_keys(['example_external_task_marker_parent', 'example_external_task_marker_child']) retrieved from /home/james/airflowa/lib/python3.8/site-packages/airflow/example_dags/example_external_task_marker_dag.py
[2022-06-08 11:31:22,499] {logging_mixin.py:115} INFO - [2022-06-08 11:31:22,498] {dag.py:2379} INFO - Sync 2 DAGs
[2022-06-08 11:31:22,518] {logging_mixin.py:115} INFO - [2022-06-08 11:31:22,517] {dag.py:2927} INFO - Setting next_dagrun for example_external_task_marker_child to None, run_after=None
[2022-06-08 11:31:22,518] {logging_mixin.py:115} INFO - [2022-06-08 11:31:22,518] {dag.py:2927} INFO - Setting next_dagrun for example_external_task_marker_parent to None, run_after=None
[2022-06-08 11:31:22,531] {processor.py:161} INFO - Processing /home/james/airflowa/lib/python3.8/site-packages/airflow/example_dags/example_external_task_marker_dag.py took 0.063 seconds
[2022-06-08 11:32:08,342] {processor.py:153} INFO - Started process (PID=78784) to work on /home/james/airflowa/lib/python3.8/site-packages/airflow/example_dags/example_external_task_marker_dag.py
[2022-06-08 11:32:08,342] {processor.py:641} INFO - Processing file /home/james/airflowa/lib/python3.8/site-packages/airflow/example_dags/example_external_task_marker_dag.py for tasks to queue
[2022-06-08 11:32:08,344] {logging_mixin.py:115} INFO - [2022-06-08 11:32:08,343] {dagbag.py:507} INFO - Filling up the DagBag from /home/james/airflowa/lib/python3.8/site-packages/airflow/example_dags/example_external_task_marker_dag.py
[2022-06-08 11:32:08,350] {processor.py:651} INFO - DAG(s) dict_keys(['example_external_task_marker_parent', 'example_external_task_marker_child']) retrieved from /home/james/airflowa/lib/python3.8/site-packages/airflow/example_dags/example_external_task_marker_dag.py
[2022-06-08 11:32:08,389] {logging_mixin.py:115} INFO - [2022-06-08 11:32:08,388] {dag.py:2379} INFO - Sync 2 DAGs
[2022-06-08 11:32:08,417] {logging_mixin.py:115} INFO - [2022-06-08 11:32:08,417] {dag.py:2927} INFO - Setting next_dagrun for example_external_task_marker_child to None, run_after=None
[2022-06-08 11:32:08,417] {logging_mixin.py:115} INFO - [2022-06-08 11:32:08,417] {dag.py:2927} INFO - Setting next_dagrun for example_external_task_marker_parent to None, run_after=None
[2022-06-08 11:32:08,434] {processor.py:161} INFO - Processing /home/james/airflowa/lib/python3.8/site-packages/airflow/example_dags/example_external_task_marker_dag.py took 0.096 seconds
[2022-06-08 11:32:55,260] {processor.py:153} INFO - Started process (PID=79061) to work on /home/james/airflowa/lib/python3.8/site-packages/airflow/example_dags/example_external_task_marker_dag.py
[2022-06-08 11:32:55,261] {processor.py:641} INFO - Processing file /home/james/airflowa/lib/python3.8/site-packages/airflow/example_dags/example_external_task_marker_dag.py for tasks to queue
[2022-06-08 11:32:55,262] {logging_mixin.py:115} INFO - [2022-06-08 11:32:55,262] {dagbag.py:507} INFO - Filling up the DagBag from /home/james/airflowa/lib/python3.8/site-packages/airflow/example_dags/example_external_task_marker_dag.py
[2022-06-08 11:32:55,268] {processor.py:651} INFO - DAG(s) dict_keys(['example_external_task_marker_parent', 'example_external_task_marker_child']) retrieved from /home/james/airflowa/lib/python3.8/site-packages/airflow/example_dags/example_external_task_marker_dag.py
[2022-06-08 11:32:55,310] {logging_mixin.py:115} INFO - [2022-06-08 11:32:55,310] {dag.py:2379} INFO - Sync 2 DAGs
[2022-06-08 11:32:55,339] {logging_mixin.py:115} INFO - [2022-06-08 11:32:55,339] {dag.py:2927} INFO - Setting next_dagrun for example_external_task_marker_child to None, run_after=None
[2022-06-08 11:32:55,339] {logging_mixin.py:115} INFO - [2022-06-08 11:32:55,339] {dag.py:2927} INFO - Setting next_dagrun for example_external_task_marker_parent to None, run_after=None
[2022-06-08 11:32:55,358] {processor.py:161} INFO - Processing /home/james/airflowa/lib/python3.8/site-packages/airflow/example_dags/example_external_task_marker_dag.py took 0.101 seconds
[2022-06-08 11:33:44,364] {processor.py:153} INFO - Started process (PID=79351) to work on /home/james/airflowa/lib/python3.8/site-packages/airflow/example_dags/example_external_task_marker_dag.py
[2022-06-08 11:33:44,365] {processor.py:641} INFO - Processing file /home/james/airflowa/lib/python3.8/site-packages/airflow/example_dags/example_external_task_marker_dag.py for tasks to queue
[2022-06-08 11:33:44,366] {logging_mixin.py:115} INFO - [2022-06-08 11:33:44,366] {dagbag.py:507} INFO - Filling up the DagBag from /home/james/airflowa/lib/python3.8/site-packages/airflow/example_dags/example_external_task_marker_dag.py
[2022-06-08 11:33:44,373] {processor.py:651} INFO - DAG(s) dict_keys(['example_external_task_marker_parent', 'example_external_task_marker_child']) retrieved from /home/james/airflowa/lib/python3.8/site-packages/airflow/example_dags/example_external_task_marker_dag.py
[2022-06-08 11:33:44,426] {logging_mixin.py:115} INFO - [2022-06-08 11:33:44,426] {dag.py:2379} INFO - Sync 2 DAGs
[2022-06-08 11:33:44,450] {logging_mixin.py:115} INFO - [2022-06-08 11:33:44,450] {dag.py:2927} INFO - Setting next_dagrun for example_external_task_marker_child to None, run_after=None
[2022-06-08 11:33:44,450] {logging_mixin.py:115} INFO - [2022-06-08 11:33:44,450] {dag.py:2927} INFO - Setting next_dagrun for example_external_task_marker_parent to None, run_after=None
[2022-06-08 11:33:44,466] {processor.py:161} INFO - Processing /home/james/airflowa/lib/python3.8/site-packages/airflow/example_dags/example_external_task_marker_dag.py took 0.105 seconds
[2022-06-08 11:34:34,635] {processor.py:153} INFO - Started process (PID=79996) to work on /home/james/airflowa/lib/python3.8/site-packages/airflow/example_dags/example_external_task_marker_dag.py
[2022-06-08 11:34:34,636] {processor.py:641} INFO - Processing file /home/james/airflowa/lib/python3.8/site-packages/airflow/example_dags/example_external_task_marker_dag.py for tasks to queue
[2022-06-08 11:34:34,636] {logging_mixin.py:115} INFO - [2022-06-08 11:34:34,636] {dagbag.py:507} INFO - Filling up the DagBag from /home/james/airflowa/lib/python3.8/site-packages/airflow/example_dags/example_external_task_marker_dag.py
[2022-06-08 11:34:34,644] {processor.py:651} INFO - DAG(s) dict_keys(['example_external_task_marker_parent', 'example_external_task_marker_child']) retrieved from /home/james/airflowa/lib/python3.8/site-packages/airflow/example_dags/example_external_task_marker_dag.py
[2022-06-08 11:34:34,684] {logging_mixin.py:115} INFO - [2022-06-08 11:34:34,684] {dag.py:2379} INFO - Sync 2 DAGs
[2022-06-08 11:34:34,717] {logging_mixin.py:115} INFO - [2022-06-08 11:34:34,717] {dag.py:2927} INFO - Setting next_dagrun for example_external_task_marker_child to None, run_after=None
[2022-06-08 11:34:34,718] {logging_mixin.py:115} INFO - [2022-06-08 11:34:34,718] {dag.py:2927} INFO - Setting next_dagrun for example_external_task_marker_parent to None, run_after=None
[2022-06-08 11:34:34,734] {processor.py:161} INFO - Processing /home/james/airflowa/lib/python3.8/site-packages/airflow/example_dags/example_external_task_marker_dag.py took 0.103 seconds
[2022-06-08 12:21:37,309] {processor.py:153} INFO - Started process (PID=104684) to work on /home/james/airflowa/lib/python3.8/site-packages/airflow/example_dags/example_external_task_marker_dag.py
[2022-06-08 12:21:37,311] {processor.py:641} INFO - Processing file /home/james/airflowa/lib/python3.8/site-packages/airflow/example_dags/example_external_task_marker_dag.py for tasks to queue
[2022-06-08 12:21:37,311] {logging_mixin.py:115} INFO - [2022-06-08 12:21:37,311] {dagbag.py:507} INFO - Filling up the DagBag from /home/james/airflowa/lib/python3.8/site-packages/airflow/example_dags/example_external_task_marker_dag.py
[2022-06-08 12:21:37,317] {processor.py:651} INFO - DAG(s) dict_keys(['example_external_task_marker_parent', 'example_external_task_marker_child']) retrieved from /home/james/airflowa/lib/python3.8/site-packages/airflow/example_dags/example_external_task_marker_dag.py
[2022-06-08 12:21:37,360] {logging_mixin.py:115} INFO - [2022-06-08 12:21:37,360] {dag.py:2379} INFO - Sync 2 DAGs
[2022-06-08 12:21:37,400] {logging_mixin.py:115} INFO - [2022-06-08 12:21:37,400] {dag.py:2927} INFO - Setting next_dagrun for example_external_task_marker_child to None, run_after=None
[2022-06-08 12:21:37,401] {logging_mixin.py:115} INFO - [2022-06-08 12:21:37,401] {dag.py:2927} INFO - Setting next_dagrun for example_external_task_marker_parent to None, run_after=None
[2022-06-08 12:21:37,425] {processor.py:161} INFO - Processing /home/james/airflowa/lib/python3.8/site-packages/airflow/example_dags/example_external_task_marker_dag.py took 0.120 seconds
[2022-06-08 12:22:30,767] {processor.py:153} INFO - Started process (PID=104946) to work on /home/james/airflowa/lib/python3.8/site-packages/airflow/example_dags/example_external_task_marker_dag.py
[2022-06-08 12:22:30,768] {processor.py:641} INFO - Processing file /home/james/airflowa/lib/python3.8/site-packages/airflow/example_dags/example_external_task_marker_dag.py for tasks to queue
[2022-06-08 12:22:30,768] {logging_mixin.py:115} INFO - [2022-06-08 12:22:30,768] {dagbag.py:507} INFO - Filling up the DagBag from /home/james/airflowa/lib/python3.8/site-packages/airflow/example_dags/example_external_task_marker_dag.py
[2022-06-08 12:22:30,775] {processor.py:651} INFO - DAG(s) dict_keys(['example_external_task_marker_parent', 'example_external_task_marker_child']) retrieved from /home/james/airflowa/lib/python3.8/site-packages/airflow/example_dags/example_external_task_marker_dag.py
[2022-06-08 12:22:30,806] {logging_mixin.py:115} INFO - [2022-06-08 12:22:30,805] {dag.py:2379} INFO - Sync 2 DAGs
[2022-06-08 12:22:30,828] {logging_mixin.py:115} INFO - [2022-06-08 12:22:30,828] {dag.py:2927} INFO - Setting next_dagrun for example_external_task_marker_child to None, run_after=None
[2022-06-08 12:22:30,828] {logging_mixin.py:115} INFO - [2022-06-08 12:22:30,828] {dag.py:2927} INFO - Setting next_dagrun for example_external_task_marker_parent to None, run_after=None
[2022-06-08 12:22:30,845] {processor.py:161} INFO - Processing /home/james/airflowa/lib/python3.8/site-packages/airflow/example_dags/example_external_task_marker_dag.py took 0.081 seconds
[2022-06-08 12:35:34,307] {processor.py:153} INFO - Started process (PID=112179) to work on /home/james/airflowa/lib/python3.8/site-packages/airflow/example_dags/example_external_task_marker_dag.py
[2022-06-08 12:35:34,308] {processor.py:641} INFO - Processing file /home/james/airflowa/lib/python3.8/site-packages/airflow/example_dags/example_external_task_marker_dag.py for tasks to queue
[2022-06-08 12:35:34,309] {logging_mixin.py:115} INFO - [2022-06-08 12:35:34,309] {dagbag.py:507} INFO - Filling up the DagBag from /home/james/airflowa/lib/python3.8/site-packages/airflow/example_dags/example_external_task_marker_dag.py
[2022-06-08 12:35:34,320] {processor.py:651} INFO - DAG(s) dict_keys(['example_external_task_marker_parent', 'example_external_task_marker_child']) retrieved from /home/james/airflowa/lib/python3.8/site-packages/airflow/example_dags/example_external_task_marker_dag.py
[2022-06-08 12:35:34,366] {logging_mixin.py:115} INFO - [2022-06-08 12:35:34,366] {dag.py:2379} INFO - Sync 2 DAGs
[2022-06-08 12:35:34,413] {logging_mixin.py:115} INFO - [2022-06-08 12:35:34,413] {dag.py:2927} INFO - Setting next_dagrun for example_external_task_marker_child to None, run_after=None
[2022-06-08 12:35:34,414] {logging_mixin.py:115} INFO - [2022-06-08 12:35:34,414] {dag.py:2927} INFO - Setting next_dagrun for example_external_task_marker_parent to None, run_after=None
[2022-06-08 12:35:34,450] {processor.py:161} INFO - Processing /home/james/airflowa/lib/python3.8/site-packages/airflow/example_dags/example_external_task_marker_dag.py took 0.150 seconds
[2022-06-08 12:39:03,239] {processor.py:153} INFO - Started process (PID=115472) to work on /home/james/airflowa/lib/python3.8/site-packages/airflow/example_dags/example_external_task_marker_dag.py
[2022-06-08 12:39:03,252] {processor.py:641} INFO - Processing file /home/james/airflowa/lib/python3.8/site-packages/airflow/example_dags/example_external_task_marker_dag.py for tasks to queue
[2022-06-08 12:39:03,254] {logging_mixin.py:115} INFO - [2022-06-08 12:39:03,253] {dagbag.py:507} INFO - Filling up the DagBag from /home/james/airflowa/lib/python3.8/site-packages/airflow/example_dags/example_external_task_marker_dag.py
[2022-06-08 12:39:03,297] {processor.py:651} INFO - DAG(s) dict_keys(['example_external_task_marker_parent', 'example_external_task_marker_child']) retrieved from /home/james/airflowa/lib/python3.8/site-packages/airflow/example_dags/example_external_task_marker_dag.py
[2022-06-08 12:39:03,406] {logging_mixin.py:115} INFO - [2022-06-08 12:39:03,406] {dag.py:2379} INFO - Sync 2 DAGs
[2022-06-08 12:39:03,512] {logging_mixin.py:115} INFO - [2022-06-08 12:39:03,512] {dag.py:2927} INFO - Setting next_dagrun for example_external_task_marker_child to None, run_after=None
[2022-06-08 12:39:03,513] {logging_mixin.py:115} INFO - [2022-06-08 12:39:03,513] {dag.py:2927} INFO - Setting next_dagrun for example_external_task_marker_parent to None, run_after=None
[2022-06-08 12:39:03,574] {processor.py:161} INFO - Processing /home/james/airflowa/lib/python3.8/site-packages/airflow/example_dags/example_external_task_marker_dag.py took 0.370 seconds
[2022-06-08 12:40:01,720] {processor.py:153} INFO - Started process (PID=116302) to work on /home/james/airflowa/lib/python3.8/site-packages/airflow/example_dags/example_external_task_marker_dag.py
[2022-06-08 12:40:01,723] {processor.py:641} INFO - Processing file /home/james/airflowa/lib/python3.8/site-packages/airflow/example_dags/example_external_task_marker_dag.py for tasks to queue
[2022-06-08 12:40:01,724] {logging_mixin.py:115} INFO - [2022-06-08 12:40:01,724] {dagbag.py:507} INFO - Filling up the DagBag from /home/james/airflowa/lib/python3.8/site-packages/airflow/example_dags/example_external_task_marker_dag.py
[2022-06-08 12:40:01,731] {processor.py:651} INFO - DAG(s) dict_keys(['example_external_task_marker_parent', 'example_external_task_marker_child']) retrieved from /home/james/airflowa/lib/python3.8/site-packages/airflow/example_dags/example_external_task_marker_dag.py
[2022-06-08 12:40:01,753] {logging_mixin.py:115} INFO - [2022-06-08 12:40:01,752] {dag.py:2379} INFO - Sync 2 DAGs
[2022-06-08 12:40:01,771] {logging_mixin.py:115} INFO - [2022-06-08 12:40:01,771] {dag.py:2927} INFO - Setting next_dagrun for example_external_task_marker_child to None, run_after=None
[2022-06-08 12:40:01,771] {logging_mixin.py:115} INFO - [2022-06-08 12:40:01,771] {dag.py:2927} INFO - Setting next_dagrun for example_external_task_marker_parent to None, run_after=None
[2022-06-08 12:40:01,783] {processor.py:161} INFO - Processing /home/james/airflowa/lib/python3.8/site-packages/airflow/example_dags/example_external_task_marker_dag.py took 0.067 seconds
[2022-06-08 12:41:00,100] {processor.py:153} INFO - Started process (PID=116664) to work on /home/james/airflowa/lib/python3.8/site-packages/airflow/example_dags/example_external_task_marker_dag.py
[2022-06-08 12:41:00,101] {processor.py:641} INFO - Processing file /home/james/airflowa/lib/python3.8/site-packages/airflow/example_dags/example_external_task_marker_dag.py for tasks to queue
[2022-06-08 12:41:00,101] {logging_mixin.py:115} INFO - [2022-06-08 12:41:00,101] {dagbag.py:507} INFO - Filling up the DagBag from /home/james/airflowa/lib/python3.8/site-packages/airflow/example_dags/example_external_task_marker_dag.py
[2022-06-08 12:41:00,107] {processor.py:651} INFO - DAG(s) dict_keys(['example_external_task_marker_parent', 'example_external_task_marker_child']) retrieved from /home/james/airflowa/lib/python3.8/site-packages/airflow/example_dags/example_external_task_marker_dag.py
[2022-06-08 12:41:00,129] {logging_mixin.py:115} INFO - [2022-06-08 12:41:00,129] {dag.py:2379} INFO - Sync 2 DAGs
[2022-06-08 12:41:00,157] {logging_mixin.py:115} INFO - [2022-06-08 12:41:00,156] {dag.py:2927} INFO - Setting next_dagrun for example_external_task_marker_child to None, run_after=None
[2022-06-08 12:41:00,157] {logging_mixin.py:115} INFO - [2022-06-08 12:41:00,157] {dag.py:2927} INFO - Setting next_dagrun for example_external_task_marker_parent to None, run_after=None
[2022-06-08 12:41:00,174] {processor.py:161} INFO - Processing /home/james/airflowa/lib/python3.8/site-packages/airflow/example_dags/example_external_task_marker_dag.py took 0.078 seconds
[2022-06-08 12:44:59,860] {processor.py:153} INFO - Started process (PID=118076) to work on /home/james/airflowa/lib/python3.8/site-packages/airflow/example_dags/example_external_task_marker_dag.py
[2022-06-08 12:44:59,861] {processor.py:641} INFO - Processing file /home/james/airflowa/lib/python3.8/site-packages/airflow/example_dags/example_external_task_marker_dag.py for tasks to queue
[2022-06-08 12:44:59,861] {logging_mixin.py:115} INFO - [2022-06-08 12:44:59,861] {dagbag.py:507} INFO - Filling up the DagBag from /home/james/airflowa/lib/python3.8/site-packages/airflow/example_dags/example_external_task_marker_dag.py
[2022-06-08 12:44:59,866] {processor.py:651} INFO - DAG(s) dict_keys(['example_external_task_marker_parent', 'example_external_task_marker_child']) retrieved from /home/james/airflowa/lib/python3.8/site-packages/airflow/example_dags/example_external_task_marker_dag.py
[2022-06-08 12:44:59,894] {logging_mixin.py:115} INFO - [2022-06-08 12:44:59,894] {dag.py:2379} INFO - Sync 2 DAGs
[2022-06-08 12:44:59,912] {logging_mixin.py:115} INFO - [2022-06-08 12:44:59,912] {dag.py:2927} INFO - Setting next_dagrun for example_external_task_marker_child to None, run_after=None
[2022-06-08 12:44:59,913] {logging_mixin.py:115} INFO - [2022-06-08 12:44:59,913] {dag.py:2927} INFO - Setting next_dagrun for example_external_task_marker_parent to None, run_after=None
[2022-06-08 12:44:59,928] {processor.py:161} INFO - Processing /home/james/airflowa/lib/python3.8/site-packages/airflow/example_dags/example_external_task_marker_dag.py took 0.072 seconds
[2022-06-08 12:45:45,538] {processor.py:153} INFO - Started process (PID=118316) to work on /home/james/airflowa/lib/python3.8/site-packages/airflow/example_dags/example_external_task_marker_dag.py
[2022-06-08 12:45:45,539] {processor.py:641} INFO - Processing file /home/james/airflowa/lib/python3.8/site-packages/airflow/example_dags/example_external_task_marker_dag.py for tasks to queue
[2022-06-08 12:45:45,539] {logging_mixin.py:115} INFO - [2022-06-08 12:45:45,539] {dagbag.py:507} INFO - Filling up the DagBag from /home/james/airflowa/lib/python3.8/site-packages/airflow/example_dags/example_external_task_marker_dag.py
[2022-06-08 12:45:45,543] {processor.py:651} INFO - DAG(s) dict_keys(['example_external_task_marker_parent', 'example_external_task_marker_child']) retrieved from /home/james/airflowa/lib/python3.8/site-packages/airflow/example_dags/example_external_task_marker_dag.py
[2022-06-08 12:45:45,561] {logging_mixin.py:115} INFO - [2022-06-08 12:45:45,561] {dag.py:2379} INFO - Sync 2 DAGs
[2022-06-08 12:45:45,574] {logging_mixin.py:115} INFO - [2022-06-08 12:45:45,574] {dag.py:2927} INFO - Setting next_dagrun for example_external_task_marker_child to None, run_after=None
[2022-06-08 12:45:45,574] {logging_mixin.py:115} INFO - [2022-06-08 12:45:45,574] {dag.py:2927} INFO - Setting next_dagrun for example_external_task_marker_parent to None, run_after=None
[2022-06-08 12:45:45,584] {processor.py:161} INFO - Processing /home/james/airflowa/lib/python3.8/site-packages/airflow/example_dags/example_external_task_marker_dag.py took 0.048 seconds
[2022-06-08 12:47:08,804] {processor.py:153} INFO - Started process (PID=119271) to work on /home/james/airflowa/lib/python3.8/site-packages/airflow/example_dags/example_external_task_marker_dag.py
[2022-06-08 12:47:08,805] {processor.py:641} INFO - Processing file /home/james/airflowa/lib/python3.8/site-packages/airflow/example_dags/example_external_task_marker_dag.py for tasks to queue
[2022-06-08 12:47:08,806] {logging_mixin.py:115} INFO - [2022-06-08 12:47:08,806] {dagbag.py:507} INFO - Filling up the DagBag from /home/james/airflowa/lib/python3.8/site-packages/airflow/example_dags/example_external_task_marker_dag.py
[2022-06-08 12:47:08,816] {processor.py:651} INFO - DAG(s) dict_keys(['example_external_task_marker_parent', 'example_external_task_marker_child']) retrieved from /home/james/airflowa/lib/python3.8/site-packages/airflow/example_dags/example_external_task_marker_dag.py
[2022-06-08 12:47:08,960] {logging_mixin.py:115} INFO - [2022-06-08 12:47:08,960] {dag.py:2379} INFO - Sync 2 DAGs
[2022-06-08 12:47:08,997] {logging_mixin.py:115} INFO - [2022-06-08 12:47:08,997] {dag.py:2927} INFO - Setting next_dagrun for example_external_task_marker_child to None, run_after=None
[2022-06-08 12:47:08,998] {logging_mixin.py:115} INFO - [2022-06-08 12:47:08,998] {dag.py:2927} INFO - Setting next_dagrun for example_external_task_marker_parent to None, run_after=None
[2022-06-08 12:47:09,071] {processor.py:161} INFO - Processing /home/james/airflowa/lib/python3.8/site-packages/airflow/example_dags/example_external_task_marker_dag.py took 0.273 seconds
[2022-06-08 12:48:28,394] {processor.py:153} INFO - Started process (PID=119721) to work on /home/james/airflowa/lib/python3.8/site-packages/airflow/example_dags/example_external_task_marker_dag.py
[2022-06-08 12:48:28,395] {processor.py:641} INFO - Processing file /home/james/airflowa/lib/python3.8/site-packages/airflow/example_dags/example_external_task_marker_dag.py for tasks to queue
[2022-06-08 12:48:28,395] {logging_mixin.py:115} INFO - [2022-06-08 12:48:28,395] {dagbag.py:507} INFO - Filling up the DagBag from /home/james/airflowa/lib/python3.8/site-packages/airflow/example_dags/example_external_task_marker_dag.py
[2022-06-08 12:48:28,399] {processor.py:651} INFO - DAG(s) dict_keys(['example_external_task_marker_parent', 'example_external_task_marker_child']) retrieved from /home/james/airflowa/lib/python3.8/site-packages/airflow/example_dags/example_external_task_marker_dag.py
[2022-06-08 12:48:28,418] {logging_mixin.py:115} INFO - [2022-06-08 12:48:28,418] {dag.py:2379} INFO - Sync 2 DAGs
[2022-06-08 12:48:28,433] {logging_mixin.py:115} INFO - [2022-06-08 12:48:28,433] {dag.py:2927} INFO - Setting next_dagrun for example_external_task_marker_child to None, run_after=None
[2022-06-08 12:48:28,433] {logging_mixin.py:115} INFO - [2022-06-08 12:48:28,433] {dag.py:2927} INFO - Setting next_dagrun for example_external_task_marker_parent to None, run_after=None
[2022-06-08 12:48:28,444] {processor.py:161} INFO - Processing /home/james/airflowa/lib/python3.8/site-packages/airflow/example_dags/example_external_task_marker_dag.py took 0.053 seconds
[2022-06-08 12:49:33,190] {processor.py:153} INFO - Started process (PID=120213) to work on /home/james/airflowa/lib/python3.8/site-packages/airflow/example_dags/example_external_task_marker_dag.py
[2022-06-08 12:49:33,192] {processor.py:641} INFO - Processing file /home/james/airflowa/lib/python3.8/site-packages/airflow/example_dags/example_external_task_marker_dag.py for tasks to queue
[2022-06-08 12:49:33,192] {logging_mixin.py:115} INFO - [2022-06-08 12:49:33,192] {dagbag.py:507} INFO - Filling up the DagBag from /home/james/airflowa/lib/python3.8/site-packages/airflow/example_dags/example_external_task_marker_dag.py
[2022-06-08 12:49:33,198] {processor.py:651} INFO - DAG(s) dict_keys(['example_external_task_marker_parent', 'example_external_task_marker_child']) retrieved from /home/james/airflowa/lib/python3.8/site-packages/airflow/example_dags/example_external_task_marker_dag.py
[2022-06-08 12:49:33,253] {logging_mixin.py:115} INFO - [2022-06-08 12:49:33,253] {dag.py:2379} INFO - Sync 2 DAGs
[2022-06-08 12:49:33,307] {logging_mixin.py:115} INFO - [2022-06-08 12:49:33,298] {dag.py:2927} INFO - Setting next_dagrun for example_external_task_marker_child to None, run_after=None
[2022-06-08 12:49:33,309] {logging_mixin.py:115} INFO - [2022-06-08 12:49:33,308] {dag.py:2927} INFO - Setting next_dagrun for example_external_task_marker_parent to None, run_after=None
[2022-06-08 12:49:33,338] {processor.py:161} INFO - Processing /home/james/airflowa/lib/python3.8/site-packages/airflow/example_dags/example_external_task_marker_dag.py took 0.152 seconds
[2022-06-08 12:52:14,309] {processor.py:153} INFO - Started process (PID=121370) to work on /home/james/airflowa/lib/python3.8/site-packages/airflow/example_dags/example_external_task_marker_dag.py
[2022-06-08 12:52:14,311] {processor.py:641} INFO - Processing file /home/james/airflowa/lib/python3.8/site-packages/airflow/example_dags/example_external_task_marker_dag.py for tasks to queue
[2022-06-08 12:52:14,313] {logging_mixin.py:115} INFO - [2022-06-08 12:52:14,313] {dagbag.py:507} INFO - Filling up the DagBag from /home/james/airflowa/lib/python3.8/site-packages/airflow/example_dags/example_external_task_marker_dag.py
[2022-06-08 12:52:14,325] {processor.py:651} INFO - DAG(s) dict_keys(['example_external_task_marker_parent', 'example_external_task_marker_child']) retrieved from /home/james/airflowa/lib/python3.8/site-packages/airflow/example_dags/example_external_task_marker_dag.py
[2022-06-08 12:52:14,414] {logging_mixin.py:115} INFO - [2022-06-08 12:52:14,413] {dag.py:2379} INFO - Sync 2 DAGs
[2022-06-08 12:52:14,471] {logging_mixin.py:115} INFO - [2022-06-08 12:52:14,471] {dag.py:2927} INFO - Setting next_dagrun for example_external_task_marker_child to None, run_after=None
[2022-06-08 12:52:14,472] {logging_mixin.py:115} INFO - [2022-06-08 12:52:14,472] {dag.py:2927} INFO - Setting next_dagrun for example_external_task_marker_parent to None, run_after=None
[2022-06-08 12:52:14,531] {processor.py:161} INFO - Processing /home/james/airflowa/lib/python3.8/site-packages/airflow/example_dags/example_external_task_marker_dag.py took 0.229 seconds
[2022-06-08 12:53:18,111] {processor.py:153} INFO - Started process (PID=121762) to work on /home/james/airflowa/lib/python3.8/site-packages/airflow/example_dags/example_external_task_marker_dag.py
[2022-06-08 12:53:18,113] {processor.py:641} INFO - Processing file /home/james/airflowa/lib/python3.8/site-packages/airflow/example_dags/example_external_task_marker_dag.py for tasks to queue
[2022-06-08 12:53:18,114] {logging_mixin.py:115} INFO - [2022-06-08 12:53:18,114] {dagbag.py:507} INFO - Filling up the DagBag from /home/james/airflowa/lib/python3.8/site-packages/airflow/example_dags/example_external_task_marker_dag.py
[2022-06-08 12:53:18,122] {processor.py:651} INFO - DAG(s) dict_keys(['example_external_task_marker_parent', 'example_external_task_marker_child']) retrieved from /home/james/airflowa/lib/python3.8/site-packages/airflow/example_dags/example_external_task_marker_dag.py
[2022-06-08 12:53:18,186] {logging_mixin.py:115} INFO - [2022-06-08 12:53:18,186] {dag.py:2379} INFO - Sync 2 DAGs
[2022-06-08 12:53:18,225] {logging_mixin.py:115} INFO - [2022-06-08 12:53:18,225] {dag.py:2927} INFO - Setting next_dagrun for example_external_task_marker_child to None, run_after=None
[2022-06-08 12:53:18,226] {logging_mixin.py:115} INFO - [2022-06-08 12:53:18,226] {dag.py:2927} INFO - Setting next_dagrun for example_external_task_marker_parent to None, run_after=None
[2022-06-08 12:53:18,296] {processor.py:161} INFO - Processing /home/james/airflowa/lib/python3.8/site-packages/airflow/example_dags/example_external_task_marker_dag.py took 0.190 seconds
[2022-06-08 12:54:16,858] {processor.py:153} INFO - Started process (PID=122267) to work on /home/james/airflowa/lib/python3.8/site-packages/airflow/example_dags/example_external_task_marker_dag.py
[2022-06-08 12:54:16,860] {processor.py:641} INFO - Processing file /home/james/airflowa/lib/python3.8/site-packages/airflow/example_dags/example_external_task_marker_dag.py for tasks to queue
[2022-06-08 12:54:16,862] {logging_mixin.py:115} INFO - [2022-06-08 12:54:16,861] {dagbag.py:507} INFO - Filling up the DagBag from /home/james/airflowa/lib/python3.8/site-packages/airflow/example_dags/example_external_task_marker_dag.py
[2022-06-08 12:54:16,878] {processor.py:651} INFO - DAG(s) dict_keys(['example_external_task_marker_parent', 'example_external_task_marker_child']) retrieved from /home/james/airflowa/lib/python3.8/site-packages/airflow/example_dags/example_external_task_marker_dag.py
[2022-06-08 12:54:16,949] {logging_mixin.py:115} INFO - [2022-06-08 12:54:16,949] {dag.py:2379} INFO - Sync 2 DAGs
[2022-06-08 12:54:16,992] {logging_mixin.py:115} INFO - [2022-06-08 12:54:16,992] {dag.py:2927} INFO - Setting next_dagrun for example_external_task_marker_child to None, run_after=None
[2022-06-08 12:54:16,993] {logging_mixin.py:115} INFO - [2022-06-08 12:54:16,993] {dag.py:2927} INFO - Setting next_dagrun for example_external_task_marker_parent to None, run_after=None
[2022-06-08 12:54:17,023] {processor.py:161} INFO - Processing /home/james/airflowa/lib/python3.8/site-packages/airflow/example_dags/example_external_task_marker_dag.py took 0.181 seconds
[2022-06-08 12:55:51,118] {processor.py:153} INFO - Started process (PID=122852) to work on /home/james/airflowa/lib/python3.8/site-packages/airflow/example_dags/example_external_task_marker_dag.py
[2022-06-08 12:55:51,120] {processor.py:641} INFO - Processing file /home/james/airflowa/lib/python3.8/site-packages/airflow/example_dags/example_external_task_marker_dag.py for tasks to queue
[2022-06-08 12:55:51,121] {logging_mixin.py:115} INFO - [2022-06-08 12:55:51,121] {dagbag.py:507} INFO - Filling up the DagBag from /home/james/airflowa/lib/python3.8/site-packages/airflow/example_dags/example_external_task_marker_dag.py
[2022-06-08 12:55:51,131] {processor.py:651} INFO - DAG(s) dict_keys(['example_external_task_marker_parent', 'example_external_task_marker_child']) retrieved from /home/james/airflowa/lib/python3.8/site-packages/airflow/example_dags/example_external_task_marker_dag.py
[2022-06-08 12:55:51,184] {logging_mixin.py:115} INFO - [2022-06-08 12:55:51,183] {dag.py:2379} INFO - Sync 2 DAGs
[2022-06-08 12:55:51,228] {logging_mixin.py:115} INFO - [2022-06-08 12:55:51,228] {dag.py:2927} INFO - Setting next_dagrun for example_external_task_marker_child to None, run_after=None
[2022-06-08 12:55:51,231] {logging_mixin.py:115} INFO - [2022-06-08 12:55:51,231] {dag.py:2927} INFO - Setting next_dagrun for example_external_task_marker_parent to None, run_after=None
[2022-06-08 12:55:51,263] {processor.py:161} INFO - Processing /home/james/airflowa/lib/python3.8/site-packages/airflow/example_dags/example_external_task_marker_dag.py took 0.152 seconds
[2022-06-08 12:57:00,892] {processor.py:153} INFO - Started process (PID=123168) to work on /home/james/airflowa/lib/python3.8/site-packages/airflow/example_dags/example_external_task_marker_dag.py
[2022-06-08 12:57:00,893] {processor.py:641} INFO - Processing file /home/james/airflowa/lib/python3.8/site-packages/airflow/example_dags/example_external_task_marker_dag.py for tasks to queue
[2022-06-08 12:57:00,894] {logging_mixin.py:115} INFO - [2022-06-08 12:57:00,894] {dagbag.py:507} INFO - Filling up the DagBag from /home/james/airflowa/lib/python3.8/site-packages/airflow/example_dags/example_external_task_marker_dag.py
[2022-06-08 12:57:00,899] {processor.py:651} INFO - DAG(s) dict_keys(['example_external_task_marker_parent', 'example_external_task_marker_child']) retrieved from /home/james/airflowa/lib/python3.8/site-packages/airflow/example_dags/example_external_task_marker_dag.py
[2022-06-08 12:57:00,929] {logging_mixin.py:115} INFO - [2022-06-08 12:57:00,929] {dag.py:2379} INFO - Sync 2 DAGs
[2022-06-08 12:57:00,951] {logging_mixin.py:115} INFO - [2022-06-08 12:57:00,951] {dag.py:2927} INFO - Setting next_dagrun for example_external_task_marker_child to None, run_after=None
[2022-06-08 12:57:00,952] {logging_mixin.py:115} INFO - [2022-06-08 12:57:00,952] {dag.py:2927} INFO - Setting next_dagrun for example_external_task_marker_parent to None, run_after=None
[2022-06-08 12:57:00,967] {processor.py:161} INFO - Processing /home/james/airflowa/lib/python3.8/site-packages/airflow/example_dags/example_external_task_marker_dag.py took 0.080 seconds
[2022-06-08 12:58:19,982] {processor.py:153} INFO - Started process (PID=123565) to work on /home/james/airflowa/lib/python3.8/site-packages/airflow/example_dags/example_external_task_marker_dag.py
[2022-06-08 12:58:19,983] {processor.py:641} INFO - Processing file /home/james/airflowa/lib/python3.8/site-packages/airflow/example_dags/example_external_task_marker_dag.py for tasks to queue
[2022-06-08 12:58:19,983] {logging_mixin.py:115} INFO - [2022-06-08 12:58:19,983] {dagbag.py:507} INFO - Filling up the DagBag from /home/james/airflowa/lib/python3.8/site-packages/airflow/example_dags/example_external_task_marker_dag.py
[2022-06-08 12:58:19,988] {processor.py:651} INFO - DAG(s) dict_keys(['example_external_task_marker_parent', 'example_external_task_marker_child']) retrieved from /home/james/airflowa/lib/python3.8/site-packages/airflow/example_dags/example_external_task_marker_dag.py
[2022-06-08 12:58:20,016] {logging_mixin.py:115} INFO - [2022-06-08 12:58:20,016] {dag.py:2379} INFO - Sync 2 DAGs
[2022-06-08 12:58:20,038] {logging_mixin.py:115} INFO - [2022-06-08 12:58:20,038] {dag.py:2927} INFO - Setting next_dagrun for example_external_task_marker_child to None, run_after=None
[2022-06-08 12:58:20,039] {logging_mixin.py:115} INFO - [2022-06-08 12:58:20,039] {dag.py:2927} INFO - Setting next_dagrun for example_external_task_marker_parent to None, run_after=None
[2022-06-08 12:58:20,053] {processor.py:161} INFO - Processing /home/james/airflowa/lib/python3.8/site-packages/airflow/example_dags/example_external_task_marker_dag.py took 0.075 seconds
[2022-06-08 12:59:03,315] {processor.py:153} INFO - Started process (PID=123959) to work on /home/james/airflowa/lib/python3.8/site-packages/airflow/example_dags/example_external_task_marker_dag.py
[2022-06-08 12:59:03,316] {processor.py:641} INFO - Processing file /home/james/airflowa/lib/python3.8/site-packages/airflow/example_dags/example_external_task_marker_dag.py for tasks to queue
[2022-06-08 12:59:03,316] {logging_mixin.py:115} INFO - [2022-06-08 12:59:03,316] {dagbag.py:507} INFO - Filling up the DagBag from /home/james/airflowa/lib/python3.8/site-packages/airflow/example_dags/example_external_task_marker_dag.py
[2022-06-08 12:59:03,320] {processor.py:651} INFO - DAG(s) dict_keys(['example_external_task_marker_parent', 'example_external_task_marker_child']) retrieved from /home/james/airflowa/lib/python3.8/site-packages/airflow/example_dags/example_external_task_marker_dag.py
[2022-06-08 12:59:03,340] {logging_mixin.py:115} INFO - [2022-06-08 12:59:03,340] {dag.py:2379} INFO - Sync 2 DAGs
[2022-06-08 12:59:03,355] {logging_mixin.py:115} INFO - [2022-06-08 12:59:03,355] {dag.py:2927} INFO - Setting next_dagrun for example_external_task_marker_child to None, run_after=None
[2022-06-08 12:59:03,355] {logging_mixin.py:115} INFO - [2022-06-08 12:59:03,355] {dag.py:2927} INFO - Setting next_dagrun for example_external_task_marker_parent to None, run_after=None
[2022-06-08 12:59:03,366] {processor.py:161} INFO - Processing /home/james/airflowa/lib/python3.8/site-packages/airflow/example_dags/example_external_task_marker_dag.py took 0.055 seconds
[2022-06-08 12:59:48,677] {processor.py:153} INFO - Started process (PID=124180) to work on /home/james/airflowa/lib/python3.8/site-packages/airflow/example_dags/example_external_task_marker_dag.py
[2022-06-08 12:59:48,678] {processor.py:641} INFO - Processing file /home/james/airflowa/lib/python3.8/site-packages/airflow/example_dags/example_external_task_marker_dag.py for tasks to queue
[2022-06-08 12:59:48,679] {logging_mixin.py:115} INFO - [2022-06-08 12:59:48,679] {dagbag.py:507} INFO - Filling up the DagBag from /home/james/airflowa/lib/python3.8/site-packages/airflow/example_dags/example_external_task_marker_dag.py
[2022-06-08 12:59:48,682] {processor.py:651} INFO - DAG(s) dict_keys(['example_external_task_marker_parent', 'example_external_task_marker_child']) retrieved from /home/james/airflowa/lib/python3.8/site-packages/airflow/example_dags/example_external_task_marker_dag.py
[2022-06-08 12:59:48,711] {logging_mixin.py:115} INFO - [2022-06-08 12:59:48,711] {dag.py:2379} INFO - Sync 2 DAGs
[2022-06-08 12:59:48,725] {logging_mixin.py:115} INFO - [2022-06-08 12:59:48,725] {dag.py:2927} INFO - Setting next_dagrun for example_external_task_marker_child to None, run_after=None
[2022-06-08 12:59:48,726] {logging_mixin.py:115} INFO - [2022-06-08 12:59:48,726] {dag.py:2927} INFO - Setting next_dagrun for example_external_task_marker_parent to None, run_after=None
[2022-06-08 12:59:48,737] {processor.py:161} INFO - Processing /home/james/airflowa/lib/python3.8/site-packages/airflow/example_dags/example_external_task_marker_dag.py took 0.063 seconds
[2022-06-08 13:00:35,478] {processor.py:153} INFO - Started process (PID=124935) to work on /home/james/airflowa/lib/python3.8/site-packages/airflow/example_dags/example_external_task_marker_dag.py
[2022-06-08 13:00:35,479] {processor.py:641} INFO - Processing file /home/james/airflowa/lib/python3.8/site-packages/airflow/example_dags/example_external_task_marker_dag.py for tasks to queue
[2022-06-08 13:00:35,479] {logging_mixin.py:115} INFO - [2022-06-08 13:00:35,479] {dagbag.py:507} INFO - Filling up the DagBag from /home/james/airflowa/lib/python3.8/site-packages/airflow/example_dags/example_external_task_marker_dag.py
[2022-06-08 13:00:35,483] {processor.py:651} INFO - DAG(s) dict_keys(['example_external_task_marker_parent', 'example_external_task_marker_child']) retrieved from /home/james/airflowa/lib/python3.8/site-packages/airflow/example_dags/example_external_task_marker_dag.py
[2022-06-08 13:00:35,508] {logging_mixin.py:115} INFO - [2022-06-08 13:00:35,508] {dag.py:2379} INFO - Sync 2 DAGs
[2022-06-08 13:00:35,522] {logging_mixin.py:115} INFO - [2022-06-08 13:00:35,522] {dag.py:2927} INFO - Setting next_dagrun for example_external_task_marker_child to None, run_after=None
[2022-06-08 13:00:35,523] {logging_mixin.py:115} INFO - [2022-06-08 13:00:35,523] {dag.py:2927} INFO - Setting next_dagrun for example_external_task_marker_parent to None, run_after=None
[2022-06-08 13:00:35,536] {processor.py:161} INFO - Processing /home/james/airflowa/lib/python3.8/site-packages/airflow/example_dags/example_external_task_marker_dag.py took 0.060 seconds
[2022-06-08 13:01:29,639] {processor.py:153} INFO - Started process (PID=125224) to work on /home/james/airflowa/lib/python3.8/site-packages/airflow/example_dags/example_external_task_marker_dag.py
[2022-06-08 13:01:29,640] {processor.py:641} INFO - Processing file /home/james/airflowa/lib/python3.8/site-packages/airflow/example_dags/example_external_task_marker_dag.py for tasks to queue
[2022-06-08 13:01:29,640] {logging_mixin.py:115} INFO - [2022-06-08 13:01:29,640] {dagbag.py:507} INFO - Filling up the DagBag from /home/james/airflowa/lib/python3.8/site-packages/airflow/example_dags/example_external_task_marker_dag.py
[2022-06-08 13:01:29,643] {processor.py:651} INFO - DAG(s) dict_keys(['example_external_task_marker_parent', 'example_external_task_marker_child']) retrieved from /home/james/airflowa/lib/python3.8/site-packages/airflow/example_dags/example_external_task_marker_dag.py
[2022-06-08 13:01:29,665] {logging_mixin.py:115} INFO - [2022-06-08 13:01:29,665] {dag.py:2379} INFO - Sync 2 DAGs
[2022-06-08 13:01:29,680] {logging_mixin.py:115} INFO - [2022-06-08 13:01:29,679] {dag.py:2927} INFO - Setting next_dagrun for example_external_task_marker_child to None, run_after=None
[2022-06-08 13:01:29,680] {logging_mixin.py:115} INFO - [2022-06-08 13:01:29,680] {dag.py:2927} INFO - Setting next_dagrun for example_external_task_marker_parent to None, run_after=None
[2022-06-08 13:01:29,691] {processor.py:161} INFO - Processing /home/james/airflowa/lib/python3.8/site-packages/airflow/example_dags/example_external_task_marker_dag.py took 0.056 seconds
[2022-06-08 13:02:33,886] {processor.py:153} INFO - Started process (PID=125590) to work on /home/james/airflowa/lib/python3.8/site-packages/airflow/example_dags/example_external_task_marker_dag.py
[2022-06-08 13:02:33,887] {processor.py:641} INFO - Processing file /home/james/airflowa/lib/python3.8/site-packages/airflow/example_dags/example_external_task_marker_dag.py for tasks to queue
[2022-06-08 13:02:33,887] {logging_mixin.py:115} INFO - [2022-06-08 13:02:33,887] {dagbag.py:507} INFO - Filling up the DagBag from /home/james/airflowa/lib/python3.8/site-packages/airflow/example_dags/example_external_task_marker_dag.py
[2022-06-08 13:02:33,890] {processor.py:651} INFO - DAG(s) dict_keys(['example_external_task_marker_parent', 'example_external_task_marker_child']) retrieved from /home/james/airflowa/lib/python3.8/site-packages/airflow/example_dags/example_external_task_marker_dag.py
[2022-06-08 13:02:33,914] {logging_mixin.py:115} INFO - [2022-06-08 13:02:33,914] {dag.py:2379} INFO - Sync 2 DAGs
[2022-06-08 13:02:33,928] {logging_mixin.py:115} INFO - [2022-06-08 13:02:33,928] {dag.py:2927} INFO - Setting next_dagrun for example_external_task_marker_child to None, run_after=None
[2022-06-08 13:02:33,928] {logging_mixin.py:115} INFO - [2022-06-08 13:02:33,928] {dag.py:2927} INFO - Setting next_dagrun for example_external_task_marker_parent to None, run_after=None
[2022-06-08 13:02:33,939] {processor.py:161} INFO - Processing /home/james/airflowa/lib/python3.8/site-packages/airflow/example_dags/example_external_task_marker_dag.py took 0.055 seconds
[2022-06-08 13:03:31,241] {processor.py:153} INFO - Started process (PID=125877) to work on /home/james/airflowa/lib/python3.8/site-packages/airflow/example_dags/example_external_task_marker_dag.py
[2022-06-08 13:03:31,242] {processor.py:641} INFO - Processing file /home/james/airflowa/lib/python3.8/site-packages/airflow/example_dags/example_external_task_marker_dag.py for tasks to queue
[2022-06-08 13:03:31,243] {logging_mixin.py:115} INFO - [2022-06-08 13:03:31,243] {dagbag.py:507} INFO - Filling up the DagBag from /home/james/airflowa/lib/python3.8/site-packages/airflow/example_dags/example_external_task_marker_dag.py
[2022-06-08 13:03:31,247] {processor.py:651} INFO - DAG(s) dict_keys(['example_external_task_marker_parent', 'example_external_task_marker_child']) retrieved from /home/james/airflowa/lib/python3.8/site-packages/airflow/example_dags/example_external_task_marker_dag.py
[2022-06-08 13:03:31,276] {logging_mixin.py:115} INFO - [2022-06-08 13:03:31,276] {dag.py:2379} INFO - Sync 2 DAGs
[2022-06-08 13:03:31,291] {logging_mixin.py:115} INFO - [2022-06-08 13:03:31,291] {dag.py:2927} INFO - Setting next_dagrun for example_external_task_marker_child to None, run_after=None
[2022-06-08 13:03:31,291] {logging_mixin.py:115} INFO - [2022-06-08 13:03:31,291] {dag.py:2927} INFO - Setting next_dagrun for example_external_task_marker_parent to None, run_after=None
[2022-06-08 13:03:31,302] {processor.py:161} INFO - Processing /home/james/airflowa/lib/python3.8/site-packages/airflow/example_dags/example_external_task_marker_dag.py took 0.063 seconds
[2022-06-08 13:04:14,752] {processor.py:153} INFO - Started process (PID=126326) to work on /home/james/airflowa/lib/python3.8/site-packages/airflow/example_dags/example_external_task_marker_dag.py
[2022-06-08 13:04:14,752] {processor.py:641} INFO - Processing file /home/james/airflowa/lib/python3.8/site-packages/airflow/example_dags/example_external_task_marker_dag.py for tasks to queue
[2022-06-08 13:04:14,753] {logging_mixin.py:115} INFO - [2022-06-08 13:04:14,753] {dagbag.py:507} INFO - Filling up the DagBag from /home/james/airflowa/lib/python3.8/site-packages/airflow/example_dags/example_external_task_marker_dag.py
[2022-06-08 13:04:14,756] {processor.py:651} INFO - DAG(s) dict_keys(['example_external_task_marker_parent', 'example_external_task_marker_child']) retrieved from /home/james/airflowa/lib/python3.8/site-packages/airflow/example_dags/example_external_task_marker_dag.py
[2022-06-08 13:04:14,794] {logging_mixin.py:115} INFO - [2022-06-08 13:04:14,794] {dag.py:2379} INFO - Sync 2 DAGs
[2022-06-08 13:04:14,809] {logging_mixin.py:115} INFO - [2022-06-08 13:04:14,809] {dag.py:2927} INFO - Setting next_dagrun for example_external_task_marker_child to None, run_after=None
[2022-06-08 13:04:14,809] {logging_mixin.py:115} INFO - [2022-06-08 13:04:14,809] {dag.py:2927} INFO - Setting next_dagrun for example_external_task_marker_parent to None, run_after=None
[2022-06-08 13:04:14,821] {processor.py:161} INFO - Processing /home/james/airflowa/lib/python3.8/site-packages/airflow/example_dags/example_external_task_marker_dag.py took 0.072 seconds
[2022-06-08 13:04:55,677] {processor.py:153} INFO - Started process (PID=126479) to work on /home/james/airflowa/lib/python3.8/site-packages/airflow/example_dags/example_external_task_marker_dag.py
[2022-06-08 13:04:55,678] {processor.py:641} INFO - Processing file /home/james/airflowa/lib/python3.8/site-packages/airflow/example_dags/example_external_task_marker_dag.py for tasks to queue
[2022-06-08 13:04:55,678] {logging_mixin.py:115} INFO - [2022-06-08 13:04:55,678] {dagbag.py:507} INFO - Filling up the DagBag from /home/james/airflowa/lib/python3.8/site-packages/airflow/example_dags/example_external_task_marker_dag.py
[2022-06-08 13:04:55,682] {processor.py:651} INFO - DAG(s) dict_keys(['example_external_task_marker_parent', 'example_external_task_marker_child']) retrieved from /home/james/airflowa/lib/python3.8/site-packages/airflow/example_dags/example_external_task_marker_dag.py
[2022-06-08 13:04:55,706] {logging_mixin.py:115} INFO - [2022-06-08 13:04:55,706] {dag.py:2379} INFO - Sync 2 DAGs
[2022-06-08 13:04:55,727] {logging_mixin.py:115} INFO - [2022-06-08 13:04:55,727] {dag.py:2927} INFO - Setting next_dagrun for example_external_task_marker_child to None, run_after=None
[2022-06-08 13:04:55,728] {logging_mixin.py:115} INFO - [2022-06-08 13:04:55,728] {dag.py:2927} INFO - Setting next_dagrun for example_external_task_marker_parent to None, run_after=None
[2022-06-08 13:04:55,743] {processor.py:161} INFO - Processing /home/james/airflowa/lib/python3.8/site-packages/airflow/example_dags/example_external_task_marker_dag.py took 0.068 seconds
[2022-06-08 13:05:55,676] {processor.py:153} INFO - Started process (PID=126727) to work on /home/james/airflowa/lib/python3.8/site-packages/airflow/example_dags/example_external_task_marker_dag.py
[2022-06-08 13:05:55,677] {processor.py:641} INFO - Processing file /home/james/airflowa/lib/python3.8/site-packages/airflow/example_dags/example_external_task_marker_dag.py for tasks to queue
[2022-06-08 13:05:55,678] {logging_mixin.py:115} INFO - [2022-06-08 13:05:55,678] {dagbag.py:507} INFO - Filling up the DagBag from /home/james/airflowa/lib/python3.8/site-packages/airflow/example_dags/example_external_task_marker_dag.py
[2022-06-08 13:05:55,681] {processor.py:651} INFO - DAG(s) dict_keys(['example_external_task_marker_parent', 'example_external_task_marker_child']) retrieved from /home/james/airflowa/lib/python3.8/site-packages/airflow/example_dags/example_external_task_marker_dag.py
[2022-06-08 13:05:55,702] {logging_mixin.py:115} INFO - [2022-06-08 13:05:55,701] {dag.py:2379} INFO - Sync 2 DAGs
[2022-06-08 13:05:55,716] {logging_mixin.py:115} INFO - [2022-06-08 13:05:55,716] {dag.py:2927} INFO - Setting next_dagrun for example_external_task_marker_child to None, run_after=None
[2022-06-08 13:05:55,716] {logging_mixin.py:115} INFO - [2022-06-08 13:05:55,716] {dag.py:2927} INFO - Setting next_dagrun for example_external_task_marker_parent to None, run_after=None
[2022-06-08 13:05:55,728] {processor.py:161} INFO - Processing /home/james/airflowa/lib/python3.8/site-packages/airflow/example_dags/example_external_task_marker_dag.py took 0.053 seconds
[2022-06-08 13:07:02,660] {processor.py:153} INFO - Started process (PID=127056) to work on /home/james/airflowa/lib/python3.8/site-packages/airflow/example_dags/example_external_task_marker_dag.py
[2022-06-08 13:07:02,661] {processor.py:641} INFO - Processing file /home/james/airflowa/lib/python3.8/site-packages/airflow/example_dags/example_external_task_marker_dag.py for tasks to queue
[2022-06-08 13:07:02,661] {logging_mixin.py:115} INFO - [2022-06-08 13:07:02,661] {dagbag.py:507} INFO - Filling up the DagBag from /home/james/airflowa/lib/python3.8/site-packages/airflow/example_dags/example_external_task_marker_dag.py
[2022-06-08 13:07:02,665] {processor.py:651} INFO - DAG(s) dict_keys(['example_external_task_marker_parent', 'example_external_task_marker_child']) retrieved from /home/james/airflowa/lib/python3.8/site-packages/airflow/example_dags/example_external_task_marker_dag.py
[2022-06-08 13:07:02,690] {logging_mixin.py:115} INFO - [2022-06-08 13:07:02,690] {dag.py:2379} INFO - Sync 2 DAGs
[2022-06-08 13:07:02,708] {logging_mixin.py:115} INFO - [2022-06-08 13:07:02,708] {dag.py:2927} INFO - Setting next_dagrun for example_external_task_marker_child to None, run_after=None
[2022-06-08 13:07:02,709] {logging_mixin.py:115} INFO - [2022-06-08 13:07:02,709] {dag.py:2927} INFO - Setting next_dagrun for example_external_task_marker_parent to None, run_after=None
[2022-06-08 13:07:02,721] {processor.py:161} INFO - Processing /home/james/airflowa/lib/python3.8/site-packages/airflow/example_dags/example_external_task_marker_dag.py took 0.064 seconds
