[2022-06-08 09:04:05,211] {processor.py:153} INFO - Started process (PID=23767) to work on /home/james/airflowa/lib/python3.8/site-packages/airflow/example_dags/example_task_group.py
[2022-06-08 09:04:05,212] {processor.py:641} INFO - Processing file /home/james/airflowa/lib/python3.8/site-packages/airflow/example_dags/example_task_group.py for tasks to queue
[2022-06-08 09:04:05,212] {logging_mixin.py:115} INFO - [2022-06-08 09:04:05,212] {dagbag.py:507} INFO - Filling up the DagBag from /home/james/airflowa/lib/python3.8/site-packages/airflow/example_dags/example_task_group.py
[2022-06-08 09:04:05,220] {processor.py:651} INFO - DAG(s) dict_keys(['example_task_group']) retrieved from /home/james/airflowa/lib/python3.8/site-packages/airflow/example_dags/example_task_group.py
[2022-06-08 09:04:05,235] {logging_mixin.py:115} INFO - [2022-06-08 09:04:05,235] {dag.py:2379} INFO - Sync 1 DAGs
[2022-06-08 09:04:05,251] {logging_mixin.py:115} INFO - [2022-06-08 09:04:05,251] {dag.py:2927} INFO - Setting next_dagrun for example_task_group to 2022-06-07T06:04:05.250794+00:00, run_after=2022-06-08T06:04:05.250794+00:00
[2022-06-08 09:04:05,263] {processor.py:161} INFO - Processing /home/james/airflowa/lib/python3.8/site-packages/airflow/example_dags/example_task_group.py took 0.054 seconds
[2022-06-08 09:04:41,078] {processor.py:153} INFO - Started process (PID=23921) to work on /home/james/airflowa/lib/python3.8/site-packages/airflow/example_dags/example_task_group.py
[2022-06-08 09:04:41,079] {processor.py:641} INFO - Processing file /home/james/airflowa/lib/python3.8/site-packages/airflow/example_dags/example_task_group.py for tasks to queue
[2022-06-08 09:04:41,079] {logging_mixin.py:115} INFO - [2022-06-08 09:04:41,079] {dagbag.py:507} INFO - Filling up the DagBag from /home/james/airflowa/lib/python3.8/site-packages/airflow/example_dags/example_task_group.py
[2022-06-08 09:04:41,086] {processor.py:651} INFO - DAG(s) dict_keys(['example_task_group']) retrieved from /home/james/airflowa/lib/python3.8/site-packages/airflow/example_dags/example_task_group.py
[2022-06-08 09:04:41,102] {logging_mixin.py:115} INFO - [2022-06-08 09:04:41,102] {dag.py:2379} INFO - Sync 1 DAGs
[2022-06-08 09:04:41,119] {logging_mixin.py:115} INFO - [2022-06-08 09:04:41,119] {dag.py:2927} INFO - Setting next_dagrun for example_task_group to 2022-06-07T06:04:41.119621+00:00, run_after=2022-06-08T06:04:41.119621+00:00
[2022-06-08 09:04:41,132] {processor.py:161} INFO - Processing /home/james/airflowa/lib/python3.8/site-packages/airflow/example_dags/example_task_group.py took 0.057 seconds
[2022-06-08 09:05:21,224] {processor.py:153} INFO - Started process (PID=24100) to work on /home/james/airflowa/lib/python3.8/site-packages/airflow/example_dags/example_task_group.py
[2022-06-08 09:05:21,225] {processor.py:641} INFO - Processing file /home/james/airflowa/lib/python3.8/site-packages/airflow/example_dags/example_task_group.py for tasks to queue
[2022-06-08 09:05:21,225] {logging_mixin.py:115} INFO - [2022-06-08 09:05:21,225] {dagbag.py:507} INFO - Filling up the DagBag from /home/james/airflowa/lib/python3.8/site-packages/airflow/example_dags/example_task_group.py
[2022-06-08 09:05:21,231] {processor.py:651} INFO - DAG(s) dict_keys(['example_task_group']) retrieved from /home/james/airflowa/lib/python3.8/site-packages/airflow/example_dags/example_task_group.py
[2022-06-08 09:05:21,245] {logging_mixin.py:115} INFO - [2022-06-08 09:05:21,245] {dag.py:2379} INFO - Sync 1 DAGs
[2022-06-08 09:05:21,262] {logging_mixin.py:115} INFO - [2022-06-08 09:05:21,262] {dag.py:2927} INFO - Setting next_dagrun for example_task_group to 2022-06-07T06:05:21.261950+00:00, run_after=2022-06-08T06:05:21.261950+00:00
[2022-06-08 09:05:21,274] {processor.py:161} INFO - Processing /home/james/airflowa/lib/python3.8/site-packages/airflow/example_dags/example_task_group.py took 0.052 seconds
[2022-06-08 09:06:21,559] {processor.py:153} INFO - Started process (PID=24824) to work on /home/james/airflowa/lib/python3.8/site-packages/airflow/example_dags/example_task_group.py
[2022-06-08 09:06:21,560] {processor.py:641} INFO - Processing file /home/james/airflowa/lib/python3.8/site-packages/airflow/example_dags/example_task_group.py for tasks to queue
[2022-06-08 09:06:21,561] {logging_mixin.py:115} INFO - [2022-06-08 09:06:21,561] {dagbag.py:507} INFO - Filling up the DagBag from /home/james/airflowa/lib/python3.8/site-packages/airflow/example_dags/example_task_group.py
[2022-06-08 09:06:21,572] {processor.py:651} INFO - DAG(s) dict_keys(['example_task_group']) retrieved from /home/james/airflowa/lib/python3.8/site-packages/airflow/example_dags/example_task_group.py
[2022-06-08 09:06:21,598] {logging_mixin.py:115} INFO - [2022-06-08 09:06:21,598] {dag.py:2379} INFO - Sync 1 DAGs
[2022-06-08 09:06:21,625] {logging_mixin.py:115} INFO - [2022-06-08 09:06:21,625] {dag.py:2927} INFO - Setting next_dagrun for example_task_group to 2022-06-07T06:06:21.624863+00:00, run_after=2022-06-08T06:06:21.624863+00:00
[2022-06-08 09:06:21,643] {processor.py:161} INFO - Processing /home/james/airflowa/lib/python3.8/site-packages/airflow/example_dags/example_task_group.py took 0.087 seconds
[2022-06-08 09:08:01,126] {processor.py:153} INFO - Started process (PID=25400) to work on /home/james/airflowa/lib/python3.8/site-packages/airflow/example_dags/example_task_group.py
[2022-06-08 09:08:01,127] {processor.py:641} INFO - Processing file /home/james/airflowa/lib/python3.8/site-packages/airflow/example_dags/example_task_group.py for tasks to queue
[2022-06-08 09:08:01,128] {logging_mixin.py:115} INFO - [2022-06-08 09:08:01,128] {dagbag.py:507} INFO - Filling up the DagBag from /home/james/airflowa/lib/python3.8/site-packages/airflow/example_dags/example_task_group.py
[2022-06-08 09:08:01,141] {processor.py:651} INFO - DAG(s) dict_keys(['example_task_group']) retrieved from /home/james/airflowa/lib/python3.8/site-packages/airflow/example_dags/example_task_group.py
[2022-06-08 09:08:01,168] {logging_mixin.py:115} INFO - [2022-06-08 09:08:01,168] {dag.py:2379} INFO - Sync 1 DAGs
[2022-06-08 09:08:01,191] {logging_mixin.py:115} INFO - [2022-06-08 09:08:01,191] {dag.py:2927} INFO - Setting next_dagrun for example_task_group to 2022-06-07T06:08:01.191203+00:00, run_after=2022-06-08T06:08:01.191203+00:00
[2022-06-08 09:08:01,213] {processor.py:161} INFO - Processing /home/james/airflowa/lib/python3.8/site-packages/airflow/example_dags/example_task_group.py took 0.092 seconds
[2022-06-08 09:09:37,047] {processor.py:153} INFO - Started process (PID=26003) to work on /home/james/airflowa/lib/python3.8/site-packages/airflow/example_dags/example_task_group.py
[2022-06-08 09:09:37,048] {processor.py:641} INFO - Processing file /home/james/airflowa/lib/python3.8/site-packages/airflow/example_dags/example_task_group.py for tasks to queue
[2022-06-08 09:09:37,049] {logging_mixin.py:115} INFO - [2022-06-08 09:09:37,049] {dagbag.py:507} INFO - Filling up the DagBag from /home/james/airflowa/lib/python3.8/site-packages/airflow/example_dags/example_task_group.py
[2022-06-08 09:09:37,060] {processor.py:651} INFO - DAG(s) dict_keys(['example_task_group']) retrieved from /home/james/airflowa/lib/python3.8/site-packages/airflow/example_dags/example_task_group.py
[2022-06-08 09:09:37,086] {logging_mixin.py:115} INFO - [2022-06-08 09:09:37,086] {dag.py:2379} INFO - Sync 1 DAGs
[2022-06-08 09:09:37,114] {logging_mixin.py:115} INFO - [2022-06-08 09:09:37,114] {dag.py:2927} INFO - Setting next_dagrun for example_task_group to 2022-06-07T06:09:37.113970+00:00, run_after=2022-06-08T06:09:37.113970+00:00
[2022-06-08 09:09:37,134] {processor.py:161} INFO - Processing /home/james/airflowa/lib/python3.8/site-packages/airflow/example_dags/example_task_group.py took 0.090 seconds
[2022-06-08 09:11:44,592] {processor.py:153} INFO - Started process (PID=27306) to work on /home/james/airflowa/lib/python3.8/site-packages/airflow/example_dags/example_task_group.py
[2022-06-08 09:11:44,593] {processor.py:641} INFO - Processing file /home/james/airflowa/lib/python3.8/site-packages/airflow/example_dags/example_task_group.py for tasks to queue
[2022-06-08 09:11:44,593] {logging_mixin.py:115} INFO - [2022-06-08 09:11:44,593] {dagbag.py:507} INFO - Filling up the DagBag from /home/james/airflowa/lib/python3.8/site-packages/airflow/example_dags/example_task_group.py
[2022-06-08 09:11:44,604] {processor.py:651} INFO - DAG(s) dict_keys(['example_task_group']) retrieved from /home/james/airflowa/lib/python3.8/site-packages/airflow/example_dags/example_task_group.py
[2022-06-08 09:11:44,626] {logging_mixin.py:115} INFO - [2022-06-08 09:11:44,625] {dag.py:2379} INFO - Sync 1 DAGs
[2022-06-08 09:11:44,649] {logging_mixin.py:115} INFO - [2022-06-08 09:11:44,649] {dag.py:2927} INFO - Setting next_dagrun for example_task_group to 2022-06-07T06:11:44.648774+00:00, run_after=2022-06-08T06:11:44.648774+00:00
[2022-06-08 09:11:44,664] {processor.py:161} INFO - Processing /home/james/airflowa/lib/python3.8/site-packages/airflow/example_dags/example_task_group.py took 0.076 seconds
[2022-06-08 09:15:16,839] {processor.py:153} INFO - Started process (PID=28416) to work on /home/james/airflowa/lib/python3.8/site-packages/airflow/example_dags/example_task_group.py
[2022-06-08 09:15:16,840] {processor.py:641} INFO - Processing file /home/james/airflowa/lib/python3.8/site-packages/airflow/example_dags/example_task_group.py for tasks to queue
[2022-06-08 09:15:16,842] {logging_mixin.py:115} INFO - [2022-06-08 09:15:16,842] {dagbag.py:507} INFO - Filling up the DagBag from /home/james/airflowa/lib/python3.8/site-packages/airflow/example_dags/example_task_group.py
[2022-06-08 09:15:16,864] {processor.py:651} INFO - DAG(s) dict_keys(['example_task_group']) retrieved from /home/james/airflowa/lib/python3.8/site-packages/airflow/example_dags/example_task_group.py
[2022-06-08 09:15:16,912] {logging_mixin.py:115} INFO - [2022-06-08 09:15:16,911] {dag.py:2379} INFO - Sync 1 DAGs
[2022-06-08 09:15:16,969] {logging_mixin.py:115} INFO - [2022-06-08 09:15:16,969] {dag.py:2927} INFO - Setting next_dagrun for example_task_group to 2022-06-07T06:15:16.968321+00:00, run_after=2022-06-08T06:15:16.968321+00:00
[2022-06-08 09:15:16,998] {processor.py:161} INFO - Processing /home/james/airflowa/lib/python3.8/site-packages/airflow/example_dags/example_task_group.py took 0.166 seconds
[2022-06-08 09:18:48,350] {processor.py:153} INFO - Started process (PID=30757) to work on /home/james/airflowa/lib/python3.8/site-packages/airflow/example_dags/example_task_group.py
[2022-06-08 09:18:48,351] {processor.py:641} INFO - Processing file /home/james/airflowa/lib/python3.8/site-packages/airflow/example_dags/example_task_group.py for tasks to queue
[2022-06-08 09:18:48,352] {logging_mixin.py:115} INFO - [2022-06-08 09:18:48,352] {dagbag.py:507} INFO - Filling up the DagBag from /home/james/airflowa/lib/python3.8/site-packages/airflow/example_dags/example_task_group.py
[2022-06-08 09:18:48,371] {processor.py:651} INFO - DAG(s) dict_keys(['example_task_group']) retrieved from /home/james/airflowa/lib/python3.8/site-packages/airflow/example_dags/example_task_group.py
[2022-06-08 09:18:48,404] {logging_mixin.py:115} INFO - [2022-06-08 09:18:48,404] {dag.py:2379} INFO - Sync 1 DAGs
[2022-06-08 09:18:48,439] {logging_mixin.py:115} INFO - [2022-06-08 09:18:48,438] {dag.py:2927} INFO - Setting next_dagrun for example_task_group to 2022-06-07T06:18:48.438253+00:00, run_after=2022-06-08T06:18:48.438253+00:00
[2022-06-08 09:18:48,461] {processor.py:161} INFO - Processing /home/james/airflowa/lib/python3.8/site-packages/airflow/example_dags/example_task_group.py took 0.118 seconds
[2022-06-08 09:22:56,832] {processor.py:153} INFO - Started process (PID=33077) to work on /home/james/airflowa/lib/python3.8/site-packages/airflow/example_dags/example_task_group.py
[2022-06-08 09:22:56,833] {processor.py:641} INFO - Processing file /home/james/airflowa/lib/python3.8/site-packages/airflow/example_dags/example_task_group.py for tasks to queue
[2022-06-08 09:22:56,835] {logging_mixin.py:115} INFO - [2022-06-08 09:22:56,834] {dagbag.py:507} INFO - Filling up the DagBag from /home/james/airflowa/lib/python3.8/site-packages/airflow/example_dags/example_task_group.py
[2022-06-08 09:22:56,856] {processor.py:651} INFO - DAG(s) dict_keys(['example_task_group']) retrieved from /home/james/airflowa/lib/python3.8/site-packages/airflow/example_dags/example_task_group.py
[2022-06-08 09:22:56,893] {logging_mixin.py:115} INFO - [2022-06-08 09:22:56,893] {dag.py:2379} INFO - Sync 1 DAGs
[2022-06-08 09:22:56,929] {logging_mixin.py:115} INFO - [2022-06-08 09:22:56,929] {dag.py:2927} INFO - Setting next_dagrun for example_task_group to 2022-06-07T06:22:56.929034+00:00, run_after=2022-06-08T06:22:56.929034+00:00
[2022-06-08 09:22:56,953] {processor.py:161} INFO - Processing /home/james/airflowa/lib/python3.8/site-packages/airflow/example_dags/example_task_group.py took 0.128 seconds
[2022-06-08 09:25:06,715] {processor.py:153} INFO - Started process (PID=33862) to work on /home/james/airflowa/lib/python3.8/site-packages/airflow/example_dags/example_task_group.py
[2022-06-08 09:25:06,717] {processor.py:641} INFO - Processing file /home/james/airflowa/lib/python3.8/site-packages/airflow/example_dags/example_task_group.py for tasks to queue
[2022-06-08 09:25:06,719] {logging_mixin.py:115} INFO - [2022-06-08 09:25:06,718] {dagbag.py:507} INFO - Filling up the DagBag from /home/james/airflowa/lib/python3.8/site-packages/airflow/example_dags/example_task_group.py
[2022-06-08 09:25:06,740] {processor.py:651} INFO - DAG(s) dict_keys(['example_task_group']) retrieved from /home/james/airflowa/lib/python3.8/site-packages/airflow/example_dags/example_task_group.py
[2022-06-08 09:25:06,782] {logging_mixin.py:115} INFO - [2022-06-08 09:25:06,782] {dag.py:2379} INFO - Sync 1 DAGs
[2022-06-08 09:25:06,821] {logging_mixin.py:115} INFO - [2022-06-08 09:25:06,820] {dag.py:2927} INFO - Setting next_dagrun for example_task_group to 2022-06-07T06:25:06.820468+00:00, run_after=2022-06-08T06:25:06.820468+00:00
[2022-06-08 09:25:06,844] {processor.py:161} INFO - Processing /home/james/airflowa/lib/python3.8/site-packages/airflow/example_dags/example_task_group.py took 0.137 seconds
[2022-06-08 09:27:16,018] {processor.py:153} INFO - Started process (PID=34643) to work on /home/james/airflowa/lib/python3.8/site-packages/airflow/example_dags/example_task_group.py
[2022-06-08 09:27:16,021] {processor.py:641} INFO - Processing file /home/james/airflowa/lib/python3.8/site-packages/airflow/example_dags/example_task_group.py for tasks to queue
[2022-06-08 09:27:16,026] {logging_mixin.py:115} INFO - [2022-06-08 09:27:16,026] {dagbag.py:507} INFO - Filling up the DagBag from /home/james/airflowa/lib/python3.8/site-packages/airflow/example_dags/example_task_group.py
[2022-06-08 09:27:16,053] {processor.py:651} INFO - DAG(s) dict_keys(['example_task_group']) retrieved from /home/james/airflowa/lib/python3.8/site-packages/airflow/example_dags/example_task_group.py
[2022-06-08 09:27:16,117] {logging_mixin.py:115} INFO - [2022-06-08 09:27:16,117] {dag.py:2379} INFO - Sync 1 DAGs
[2022-06-08 09:27:16,187] {logging_mixin.py:115} INFO - [2022-06-08 09:27:16,186] {dag.py:2927} INFO - Setting next_dagrun for example_task_group to 2022-06-07T06:27:16.186284+00:00, run_after=2022-06-08T06:27:16.186284+00:00
[2022-06-08 09:27:16,232] {processor.py:161} INFO - Processing /home/james/airflowa/lib/python3.8/site-packages/airflow/example_dags/example_task_group.py took 0.227 seconds
[2022-06-08 11:27:48,268] {processor.py:153} INFO - Started process (PID=76581) to work on /home/james/airflowa/lib/python3.8/site-packages/airflow/example_dags/example_task_group.py
[2022-06-08 11:27:48,269] {processor.py:641} INFO - Processing file /home/james/airflowa/lib/python3.8/site-packages/airflow/example_dags/example_task_group.py for tasks to queue
[2022-06-08 11:27:48,269] {logging_mixin.py:115} INFO - [2022-06-08 11:27:48,269] {dagbag.py:507} INFO - Filling up the DagBag from /home/james/airflowa/lib/python3.8/site-packages/airflow/example_dags/example_task_group.py
[2022-06-08 11:27:48,275] {processor.py:651} INFO - DAG(s) dict_keys(['example_task_group']) retrieved from /home/james/airflowa/lib/python3.8/site-packages/airflow/example_dags/example_task_group.py
[2022-06-08 11:27:48,288] {logging_mixin.py:115} INFO - [2022-06-08 11:27:48,288] {dag.py:2379} INFO - Sync 1 DAGs
[2022-06-08 11:27:48,303] {logging_mixin.py:115} INFO - [2022-06-08 11:27:48,303] {dag.py:2927} INFO - Setting next_dagrun for example_task_group to 2022-06-07T08:27:48.302810+00:00, run_after=2022-06-08T08:27:48.302810+00:00
[2022-06-08 11:27:48,314] {processor.py:161} INFO - Processing /home/james/airflowa/lib/python3.8/site-packages/airflow/example_dags/example_task_group.py took 0.048 seconds
[2022-06-08 11:28:27,306] {processor.py:153} INFO - Started process (PID=76852) to work on /home/james/airflowa/lib/python3.8/site-packages/airflow/example_dags/example_task_group.py
[2022-06-08 11:28:27,306] {processor.py:641} INFO - Processing file /home/james/airflowa/lib/python3.8/site-packages/airflow/example_dags/example_task_group.py for tasks to queue
[2022-06-08 11:28:27,307] {logging_mixin.py:115} INFO - [2022-06-08 11:28:27,307] {dagbag.py:507} INFO - Filling up the DagBag from /home/james/airflowa/lib/python3.8/site-packages/airflow/example_dags/example_task_group.py
[2022-06-08 11:28:27,313] {processor.py:651} INFO - DAG(s) dict_keys(['example_task_group']) retrieved from /home/james/airflowa/lib/python3.8/site-packages/airflow/example_dags/example_task_group.py
[2022-06-08 11:28:27,329] {logging_mixin.py:115} INFO - [2022-06-08 11:28:27,329] {dag.py:2379} INFO - Sync 1 DAGs
[2022-06-08 11:28:27,354] {logging_mixin.py:115} INFO - [2022-06-08 11:28:27,354] {dag.py:2927} INFO - Setting next_dagrun for example_task_group to 2022-06-07T08:28:27.353802+00:00, run_after=2022-06-08T08:28:27.353802+00:00
[2022-06-08 11:28:27,380] {processor.py:161} INFO - Processing /home/james/airflowa/lib/python3.8/site-packages/airflow/example_dags/example_task_group.py took 0.077 seconds
[2022-06-08 11:29:04,464] {processor.py:153} INFO - Started process (PID=77139) to work on /home/james/airflowa/lib/python3.8/site-packages/airflow/example_dags/example_task_group.py
[2022-06-08 11:29:04,464] {processor.py:641} INFO - Processing file /home/james/airflowa/lib/python3.8/site-packages/airflow/example_dags/example_task_group.py for tasks to queue
[2022-06-08 11:29:04,465] {logging_mixin.py:115} INFO - [2022-06-08 11:29:04,465] {dagbag.py:507} INFO - Filling up the DagBag from /home/james/airflowa/lib/python3.8/site-packages/airflow/example_dags/example_task_group.py
[2022-06-08 11:29:04,470] {processor.py:651} INFO - DAG(s) dict_keys(['example_task_group']) retrieved from /home/james/airflowa/lib/python3.8/site-packages/airflow/example_dags/example_task_group.py
[2022-06-08 11:29:04,483] {logging_mixin.py:115} INFO - [2022-06-08 11:29:04,483] {dag.py:2379} INFO - Sync 1 DAGs
[2022-06-08 11:29:04,499] {logging_mixin.py:115} INFO - [2022-06-08 11:29:04,499] {dag.py:2927} INFO - Setting next_dagrun for example_task_group to 2022-06-07T08:29:04.498802+00:00, run_after=2022-06-08T08:29:04.498802+00:00
[2022-06-08 11:29:04,509] {processor.py:161} INFO - Processing /home/james/airflowa/lib/python3.8/site-packages/airflow/example_dags/example_task_group.py took 0.048 seconds
[2022-06-08 11:29:43,467] {processor.py:153} INFO - Started process (PID=77520) to work on /home/james/airflowa/lib/python3.8/site-packages/airflow/example_dags/example_task_group.py
[2022-06-08 11:29:43,468] {processor.py:641} INFO - Processing file /home/james/airflowa/lib/python3.8/site-packages/airflow/example_dags/example_task_group.py for tasks to queue
[2022-06-08 11:29:43,469] {logging_mixin.py:115} INFO - [2022-06-08 11:29:43,469] {dagbag.py:507} INFO - Filling up the DagBag from /home/james/airflowa/lib/python3.8/site-packages/airflow/example_dags/example_task_group.py
[2022-06-08 11:29:43,477] {processor.py:651} INFO - DAG(s) dict_keys(['example_task_group']) retrieved from /home/james/airflowa/lib/python3.8/site-packages/airflow/example_dags/example_task_group.py
[2022-06-08 11:29:43,500] {logging_mixin.py:115} INFO - [2022-06-08 11:29:43,499] {dag.py:2379} INFO - Sync 1 DAGs
[2022-06-08 11:29:43,523] {logging_mixin.py:115} INFO - [2022-06-08 11:29:43,523] {dag.py:2927} INFO - Setting next_dagrun for example_task_group to 2022-06-07T08:29:43.523421+00:00, run_after=2022-06-08T08:29:43.523421+00:00
[2022-06-08 11:29:43,538] {processor.py:161} INFO - Processing /home/james/airflowa/lib/python3.8/site-packages/airflow/example_dags/example_task_group.py took 0.073 seconds
[2022-06-08 11:31:26,965] {processor.py:153} INFO - Started process (PID=78529) to work on /home/james/airflowa/lib/python3.8/site-packages/airflow/example_dags/example_task_group.py
[2022-06-08 11:31:26,966] {processor.py:641} INFO - Processing file /home/james/airflowa/lib/python3.8/site-packages/airflow/example_dags/example_task_group.py for tasks to queue
[2022-06-08 11:31:26,966] {logging_mixin.py:115} INFO - [2022-06-08 11:31:26,966] {dagbag.py:507} INFO - Filling up the DagBag from /home/james/airflowa/lib/python3.8/site-packages/airflow/example_dags/example_task_group.py
[2022-06-08 11:31:26,974] {processor.py:651} INFO - DAG(s) dict_keys(['example_task_group']) retrieved from /home/james/airflowa/lib/python3.8/site-packages/airflow/example_dags/example_task_group.py
[2022-06-08 11:31:26,989] {logging_mixin.py:115} INFO - [2022-06-08 11:31:26,989] {dag.py:2379} INFO - Sync 1 DAGs
[2022-06-08 11:31:27,008] {logging_mixin.py:115} INFO - [2022-06-08 11:31:27,008] {dag.py:2927} INFO - Setting next_dagrun for example_task_group to 2022-06-07T08:31:27.007985+00:00, run_after=2022-06-08T08:31:27.007985+00:00
[2022-06-08 11:31:27,019] {processor.py:161} INFO - Processing /home/james/airflowa/lib/python3.8/site-packages/airflow/example_dags/example_task_group.py took 0.056 seconds
[2022-06-08 11:32:12,338] {processor.py:153} INFO - Started process (PID=78806) to work on /home/james/airflowa/lib/python3.8/site-packages/airflow/example_dags/example_task_group.py
[2022-06-08 11:32:12,339] {processor.py:641} INFO - Processing file /home/james/airflowa/lib/python3.8/site-packages/airflow/example_dags/example_task_group.py for tasks to queue
[2022-06-08 11:32:12,340] {logging_mixin.py:115} INFO - [2022-06-08 11:32:12,339] {dagbag.py:507} INFO - Filling up the DagBag from /home/james/airflowa/lib/python3.8/site-packages/airflow/example_dags/example_task_group.py
[2022-06-08 11:32:12,351] {processor.py:651} INFO - DAG(s) dict_keys(['example_task_group']) retrieved from /home/james/airflowa/lib/python3.8/site-packages/airflow/example_dags/example_task_group.py
[2022-06-08 11:32:12,373] {logging_mixin.py:115} INFO - [2022-06-08 11:32:12,373] {dag.py:2379} INFO - Sync 1 DAGs
[2022-06-08 11:32:12,400] {logging_mixin.py:115} INFO - [2022-06-08 11:32:12,400] {dag.py:2927} INFO - Setting next_dagrun for example_task_group to 2022-06-07T08:32:12.399978+00:00, run_after=2022-06-08T08:32:12.399978+00:00
[2022-06-08 11:32:12,418] {processor.py:161} INFO - Processing /home/james/airflowa/lib/python3.8/site-packages/airflow/example_dags/example_task_group.py took 0.084 seconds
[2022-06-08 11:33:00,643] {processor.py:153} INFO - Started process (PID=79086) to work on /home/james/airflowa/lib/python3.8/site-packages/airflow/example_dags/example_task_group.py
[2022-06-08 11:33:00,644] {processor.py:641} INFO - Processing file /home/james/airflowa/lib/python3.8/site-packages/airflow/example_dags/example_task_group.py for tasks to queue
[2022-06-08 11:33:00,645] {logging_mixin.py:115} INFO - [2022-06-08 11:33:00,645] {dagbag.py:507} INFO - Filling up the DagBag from /home/james/airflowa/lib/python3.8/site-packages/airflow/example_dags/example_task_group.py
[2022-06-08 11:33:00,654] {processor.py:651} INFO - DAG(s) dict_keys(['example_task_group']) retrieved from /home/james/airflowa/lib/python3.8/site-packages/airflow/example_dags/example_task_group.py
[2022-06-08 11:33:00,675] {logging_mixin.py:115} INFO - [2022-06-08 11:33:00,675] {dag.py:2379} INFO - Sync 1 DAGs
[2022-06-08 11:33:00,703] {logging_mixin.py:115} INFO - [2022-06-08 11:33:00,703] {dag.py:2927} INFO - Setting next_dagrun for example_task_group to 2022-06-07T08:33:00.702684+00:00, run_after=2022-06-08T08:33:00.702684+00:00
[2022-06-08 11:33:00,722] {processor.py:161} INFO - Processing /home/james/airflowa/lib/python3.8/site-packages/airflow/example_dags/example_task_group.py took 0.082 seconds
[2022-06-08 11:33:50,134] {processor.py:153} INFO - Started process (PID=79387) to work on /home/james/airflowa/lib/python3.8/site-packages/airflow/example_dags/example_task_group.py
[2022-06-08 11:33:50,135] {processor.py:641} INFO - Processing file /home/james/airflowa/lib/python3.8/site-packages/airflow/example_dags/example_task_group.py for tasks to queue
[2022-06-08 11:33:50,138] {logging_mixin.py:115} INFO - [2022-06-08 11:33:50,136] {dagbag.py:507} INFO - Filling up the DagBag from /home/james/airflowa/lib/python3.8/site-packages/airflow/example_dags/example_task_group.py
[2022-06-08 11:33:50,164] {processor.py:651} INFO - DAG(s) dict_keys(['example_task_group']) retrieved from /home/james/airflowa/lib/python3.8/site-packages/airflow/example_dags/example_task_group.py
[2022-06-08 11:33:50,229] {logging_mixin.py:115} INFO - [2022-06-08 11:33:50,229] {dag.py:2379} INFO - Sync 1 DAGs
[2022-06-08 11:33:50,290] {logging_mixin.py:115} INFO - [2022-06-08 11:33:50,290] {dag.py:2927} INFO - Setting next_dagrun for example_task_group to 2022-06-07T08:33:50.289619+00:00, run_after=2022-06-08T08:33:50.289619+00:00
[2022-06-08 11:33:50,315] {processor.py:161} INFO - Processing /home/james/airflowa/lib/python3.8/site-packages/airflow/example_dags/example_task_group.py took 0.187 seconds
[2022-06-08 11:34:40,002] {processor.py:153} INFO - Started process (PID=80028) to work on /home/james/airflowa/lib/python3.8/site-packages/airflow/example_dags/example_task_group.py
[2022-06-08 11:34:40,003] {processor.py:641} INFO - Processing file /home/james/airflowa/lib/python3.8/site-packages/airflow/example_dags/example_task_group.py for tasks to queue
[2022-06-08 11:34:40,004] {logging_mixin.py:115} INFO - [2022-06-08 11:34:40,004] {dagbag.py:507} INFO - Filling up the DagBag from /home/james/airflowa/lib/python3.8/site-packages/airflow/example_dags/example_task_group.py
[2022-06-08 11:34:40,013] {processor.py:651} INFO - DAG(s) dict_keys(['example_task_group']) retrieved from /home/james/airflowa/lib/python3.8/site-packages/airflow/example_dags/example_task_group.py
[2022-06-08 11:34:40,036] {logging_mixin.py:115} INFO - [2022-06-08 11:34:40,036] {dag.py:2379} INFO - Sync 1 DAGs
[2022-06-08 11:34:40,060] {logging_mixin.py:115} INFO - [2022-06-08 11:34:40,060] {dag.py:2927} INFO - Setting next_dagrun for example_task_group to 2022-06-07T08:34:40.059927+00:00, run_after=2022-06-08T08:34:40.059927+00:00
[2022-06-08 11:34:40,076] {processor.py:161} INFO - Processing /home/james/airflowa/lib/python3.8/site-packages/airflow/example_dags/example_task_group.py took 0.077 seconds
[2022-06-08 12:21:50,238] {processor.py:153} INFO - Started process (PID=104738) to work on /home/james/airflowa/lib/python3.8/site-packages/airflow/example_dags/example_task_group.py
[2022-06-08 12:21:50,241] {processor.py:641} INFO - Processing file /home/james/airflowa/lib/python3.8/site-packages/airflow/example_dags/example_task_group.py for tasks to queue
[2022-06-08 12:21:50,242] {logging_mixin.py:115} INFO - [2022-06-08 12:21:50,242] {dagbag.py:507} INFO - Filling up the DagBag from /home/james/airflowa/lib/python3.8/site-packages/airflow/example_dags/example_task_group.py
[2022-06-08 12:21:50,257] {processor.py:651} INFO - DAG(s) dict_keys(['example_task_group']) retrieved from /home/james/airflowa/lib/python3.8/site-packages/airflow/example_dags/example_task_group.py
[2022-06-08 12:21:50,280] {logging_mixin.py:115} INFO - [2022-06-08 12:21:50,280] {dag.py:2379} INFO - Sync 1 DAGs
[2022-06-08 12:21:50,314] {logging_mixin.py:115} INFO - [2022-06-08 12:21:50,314] {dag.py:2927} INFO - Setting next_dagrun for example_task_group to 2022-06-07T09:21:50.314409+00:00, run_after=2022-06-08T09:21:50.314409+00:00
[2022-06-08 12:21:50,332] {processor.py:161} INFO - Processing /home/james/airflowa/lib/python3.8/site-packages/airflow/example_dags/example_task_group.py took 0.100 seconds
[2022-06-08 12:22:36,050] {processor.py:153} INFO - Started process (PID=104977) to work on /home/james/airflowa/lib/python3.8/site-packages/airflow/example_dags/example_task_group.py
[2022-06-08 12:22:36,051] {processor.py:641} INFO - Processing file /home/james/airflowa/lib/python3.8/site-packages/airflow/example_dags/example_task_group.py for tasks to queue
[2022-06-08 12:22:36,052] {logging_mixin.py:115} INFO - [2022-06-08 12:22:36,052] {dagbag.py:507} INFO - Filling up the DagBag from /home/james/airflowa/lib/python3.8/site-packages/airflow/example_dags/example_task_group.py
[2022-06-08 12:22:36,063] {processor.py:651} INFO - DAG(s) dict_keys(['example_task_group']) retrieved from /home/james/airflowa/lib/python3.8/site-packages/airflow/example_dags/example_task_group.py
[2022-06-08 12:22:36,089] {logging_mixin.py:115} INFO - [2022-06-08 12:22:36,089] {dag.py:2379} INFO - Sync 1 DAGs
[2022-06-08 12:22:36,113] {logging_mixin.py:115} INFO - [2022-06-08 12:22:36,113] {dag.py:2927} INFO - Setting next_dagrun for example_task_group to 2022-06-07T09:22:36.113399+00:00, run_after=2022-06-08T09:22:36.113399+00:00
[2022-06-08 12:22:36,131] {processor.py:161} INFO - Processing /home/james/airflowa/lib/python3.8/site-packages/airflow/example_dags/example_task_group.py took 0.084 seconds
[2022-06-08 12:36:33,010] {processor.py:153} INFO - Started process (PID=112489) to work on /home/james/airflowa/lib/python3.8/site-packages/airflow/example_dags/example_task_group.py
[2022-06-08 12:36:33,017] {processor.py:641} INFO - Processing file /home/james/airflowa/lib/python3.8/site-packages/airflow/example_dags/example_task_group.py for tasks to queue
[2022-06-08 12:36:33,019] {logging_mixin.py:115} INFO - [2022-06-08 12:36:33,019] {dagbag.py:507} INFO - Filling up the DagBag from /home/james/airflowa/lib/python3.8/site-packages/airflow/example_dags/example_task_group.py
[2022-06-08 12:36:33,058] {processor.py:651} INFO - DAG(s) dict_keys(['example_task_group']) retrieved from /home/james/airflowa/lib/python3.8/site-packages/airflow/example_dags/example_task_group.py
[2022-06-08 12:36:33,092] {logging_mixin.py:115} INFO - [2022-06-08 12:36:33,092] {dag.py:2379} INFO - Sync 1 DAGs
[2022-06-08 12:36:33,147] {logging_mixin.py:115} INFO - [2022-06-08 12:36:33,147] {dag.py:2927} INFO - Setting next_dagrun for example_task_group to 2022-06-07T09:36:33.146977+00:00, run_after=2022-06-08T09:36:33.146977+00:00
[2022-06-08 12:36:33,172] {processor.py:161} INFO - Processing /home/james/airflowa/lib/python3.8/site-packages/airflow/example_dags/example_task_group.py took 0.194 seconds
[2022-06-08 12:39:09,717] {processor.py:153} INFO - Started process (PID=115528) to work on /home/james/airflowa/lib/python3.8/site-packages/airflow/example_dags/example_task_group.py
[2022-06-08 12:39:09,719] {processor.py:641} INFO - Processing file /home/james/airflowa/lib/python3.8/site-packages/airflow/example_dags/example_task_group.py for tasks to queue
[2022-06-08 12:39:09,721] {logging_mixin.py:115} INFO - [2022-06-08 12:39:09,720] {dagbag.py:507} INFO - Filling up the DagBag from /home/james/airflowa/lib/python3.8/site-packages/airflow/example_dags/example_task_group.py
[2022-06-08 12:39:09,746] {processor.py:651} INFO - DAG(s) dict_keys(['example_task_group']) retrieved from /home/james/airflowa/lib/python3.8/site-packages/airflow/example_dags/example_task_group.py
[2022-06-08 12:39:09,787] {logging_mixin.py:115} INFO - [2022-06-08 12:39:09,787] {dag.py:2379} INFO - Sync 1 DAGs
[2022-06-08 12:39:09,828] {logging_mixin.py:115} INFO - [2022-06-08 12:39:09,828] {dag.py:2927} INFO - Setting next_dagrun for example_task_group to 2022-06-07T09:39:09.828020+00:00, run_after=2022-06-08T09:39:09.828020+00:00
[2022-06-08 12:39:09,850] {processor.py:161} INFO - Processing /home/james/airflowa/lib/python3.8/site-packages/airflow/example_dags/example_task_group.py took 0.141 seconds
[2022-06-08 12:40:06,621] {processor.py:153} INFO - Started process (PID=116321) to work on /home/james/airflowa/lib/python3.8/site-packages/airflow/example_dags/example_task_group.py
[2022-06-08 12:40:06,622] {processor.py:641} INFO - Processing file /home/james/airflowa/lib/python3.8/site-packages/airflow/example_dags/example_task_group.py for tasks to queue
[2022-06-08 12:40:06,622] {logging_mixin.py:115} INFO - [2022-06-08 12:40:06,622] {dagbag.py:507} INFO - Filling up the DagBag from /home/james/airflowa/lib/python3.8/site-packages/airflow/example_dags/example_task_group.py
[2022-06-08 12:40:06,628] {processor.py:651} INFO - DAG(s) dict_keys(['example_task_group']) retrieved from /home/james/airflowa/lib/python3.8/site-packages/airflow/example_dags/example_task_group.py
[2022-06-08 12:40:06,644] {logging_mixin.py:115} INFO - [2022-06-08 12:40:06,644] {dag.py:2379} INFO - Sync 1 DAGs
[2022-06-08 12:40:06,656] {logging_mixin.py:115} INFO - [2022-06-08 12:40:06,655] {dag.py:2927} INFO - Setting next_dagrun for example_task_group to 2022-06-07T09:40:06.655728+00:00, run_after=2022-06-08T09:40:06.655728+00:00
[2022-06-08 12:40:06,666] {processor.py:161} INFO - Processing /home/james/airflowa/lib/python3.8/site-packages/airflow/example_dags/example_task_group.py took 0.047 seconds
[2022-06-08 12:41:05,184] {processor.py:153} INFO - Started process (PID=116701) to work on /home/james/airflowa/lib/python3.8/site-packages/airflow/example_dags/example_task_group.py
[2022-06-08 12:41:05,185] {processor.py:641} INFO - Processing file /home/james/airflowa/lib/python3.8/site-packages/airflow/example_dags/example_task_group.py for tasks to queue
[2022-06-08 12:41:05,185] {logging_mixin.py:115} INFO - [2022-06-08 12:41:05,185] {dagbag.py:507} INFO - Filling up the DagBag from /home/james/airflowa/lib/python3.8/site-packages/airflow/example_dags/example_task_group.py
[2022-06-08 12:41:05,195] {processor.py:651} INFO - DAG(s) dict_keys(['example_task_group']) retrieved from /home/james/airflowa/lib/python3.8/site-packages/airflow/example_dags/example_task_group.py
[2022-06-08 12:41:05,225] {logging_mixin.py:115} INFO - [2022-06-08 12:41:05,225] {dag.py:2379} INFO - Sync 1 DAGs
[2022-06-08 12:41:05,244] {logging_mixin.py:115} INFO - [2022-06-08 12:41:05,244] {dag.py:2927} INFO - Setting next_dagrun for example_task_group to 2022-06-07T09:41:05.244150+00:00, run_after=2022-06-08T09:41:05.244150+00:00
[2022-06-08 12:41:05,260] {processor.py:161} INFO - Processing /home/james/airflowa/lib/python3.8/site-packages/airflow/example_dags/example_task_group.py took 0.079 seconds
[2022-06-08 12:45:04,701] {processor.py:153} INFO - Started process (PID=118107) to work on /home/james/airflowa/lib/python3.8/site-packages/airflow/example_dags/example_task_group.py
[2022-06-08 12:45:04,702] {processor.py:641} INFO - Processing file /home/james/airflowa/lib/python3.8/site-packages/airflow/example_dags/example_task_group.py for tasks to queue
[2022-06-08 12:45:04,703] {logging_mixin.py:115} INFO - [2022-06-08 12:45:04,703] {dagbag.py:507} INFO - Filling up the DagBag from /home/james/airflowa/lib/python3.8/site-packages/airflow/example_dags/example_task_group.py
[2022-06-08 12:45:04,712] {processor.py:651} INFO - DAG(s) dict_keys(['example_task_group']) retrieved from /home/james/airflowa/lib/python3.8/site-packages/airflow/example_dags/example_task_group.py
[2022-06-08 12:45:04,738] {logging_mixin.py:115} INFO - [2022-06-08 12:45:04,738] {dag.py:2379} INFO - Sync 1 DAGs
[2022-06-08 12:45:04,757] {logging_mixin.py:115} INFO - [2022-06-08 12:45:04,757] {dag.py:2927} INFO - Setting next_dagrun for example_task_group to 2022-06-07T09:45:04.757183+00:00, run_after=2022-06-08T09:45:04.757183+00:00
[2022-06-08 12:45:04,773] {processor.py:161} INFO - Processing /home/james/airflowa/lib/python3.8/site-packages/airflow/example_dags/example_task_group.py took 0.076 seconds
[2022-06-08 12:46:00,203] {processor.py:153} INFO - Started process (PID=118423) to work on /home/james/airflowa/lib/python3.8/site-packages/airflow/example_dags/example_task_group.py
[2022-06-08 12:46:00,203] {processor.py:641} INFO - Processing file /home/james/airflowa/lib/python3.8/site-packages/airflow/example_dags/example_task_group.py for tasks to queue
[2022-06-08 12:46:00,204] {logging_mixin.py:115} INFO - [2022-06-08 12:46:00,204] {dagbag.py:507} INFO - Filling up the DagBag from /home/james/airflowa/lib/python3.8/site-packages/airflow/example_dags/example_task_group.py
[2022-06-08 12:46:00,214] {processor.py:651} INFO - DAG(s) dict_keys(['example_task_group']) retrieved from /home/james/airflowa/lib/python3.8/site-packages/airflow/example_dags/example_task_group.py
[2022-06-08 12:46:00,232] {logging_mixin.py:115} INFO - [2022-06-08 12:46:00,232] {dag.py:2379} INFO - Sync 1 DAGs
[2022-06-08 12:46:00,245] {logging_mixin.py:115} INFO - [2022-06-08 12:46:00,245] {dag.py:2927} INFO - Setting next_dagrun for example_task_group to 2022-06-07T09:46:00.245262+00:00, run_after=2022-06-08T09:46:00.245262+00:00
[2022-06-08 12:46:00,256] {processor.py:161} INFO - Processing /home/james/airflowa/lib/python3.8/site-packages/airflow/example_dags/example_task_group.py took 0.056 seconds
[2022-06-08 12:47:14,779] {processor.py:153} INFO - Started process (PID=119330) to work on /home/james/airflowa/lib/python3.8/site-packages/airflow/example_dags/example_task_group.py
[2022-06-08 12:47:14,780] {processor.py:641} INFO - Processing file /home/james/airflowa/lib/python3.8/site-packages/airflow/example_dags/example_task_group.py for tasks to queue
[2022-06-08 12:47:14,782] {logging_mixin.py:115} INFO - [2022-06-08 12:47:14,781] {dagbag.py:507} INFO - Filling up the DagBag from /home/james/airflowa/lib/python3.8/site-packages/airflow/example_dags/example_task_group.py
[2022-06-08 12:47:14,807] {processor.py:651} INFO - DAG(s) dict_keys(['example_task_group']) retrieved from /home/james/airflowa/lib/python3.8/site-packages/airflow/example_dags/example_task_group.py
[2022-06-08 12:47:14,922] {logging_mixin.py:115} INFO - [2022-06-08 12:47:14,921] {dag.py:2379} INFO - Sync 1 DAGs
[2022-06-08 12:47:14,959] {logging_mixin.py:115} INFO - [2022-06-08 12:47:14,959] {dag.py:2927} INFO - Setting next_dagrun for example_task_group to 2022-06-07T09:47:14.958096+00:00, run_after=2022-06-08T09:47:14.958096+00:00
[2022-06-08 12:47:15,024] {processor.py:161} INFO - Processing /home/james/airflowa/lib/python3.8/site-packages/airflow/example_dags/example_task_group.py took 0.254 seconds
[2022-06-08 12:48:32,506] {processor.py:153} INFO - Started process (PID=119725) to work on /home/james/airflowa/lib/python3.8/site-packages/airflow/example_dags/example_task_group.py
[2022-06-08 12:48:32,507] {processor.py:641} INFO - Processing file /home/james/airflowa/lib/python3.8/site-packages/airflow/example_dags/example_task_group.py for tasks to queue
[2022-06-08 12:48:32,508] {logging_mixin.py:115} INFO - [2022-06-08 12:48:32,507] {dagbag.py:507} INFO - Filling up the DagBag from /home/james/airflowa/lib/python3.8/site-packages/airflow/example_dags/example_task_group.py
[2022-06-08 12:48:32,514] {processor.py:651} INFO - DAG(s) dict_keys(['example_task_group']) retrieved from /home/james/airflowa/lib/python3.8/site-packages/airflow/example_dags/example_task_group.py
[2022-06-08 12:48:32,526] {logging_mixin.py:115} INFO - [2022-06-08 12:48:32,526] {dag.py:2379} INFO - Sync 1 DAGs
[2022-06-08 12:48:32,541] {logging_mixin.py:115} INFO - [2022-06-08 12:48:32,541] {dag.py:2927} INFO - Setting next_dagrun for example_task_group to 2022-06-07T09:48:32.541259+00:00, run_after=2022-06-08T09:48:32.541259+00:00
[2022-06-08 12:48:32,552] {processor.py:161} INFO - Processing /home/james/airflowa/lib/python3.8/site-packages/airflow/example_dags/example_task_group.py took 0.048 seconds
[2022-06-08 12:50:22,885] {processor.py:153} INFO - Started process (PID=120863) to work on /home/james/airflowa/lib/python3.8/site-packages/airflow/example_dags/example_task_group.py
[2022-06-08 12:50:22,886] {processor.py:641} INFO - Processing file /home/james/airflowa/lib/python3.8/site-packages/airflow/example_dags/example_task_group.py for tasks to queue
[2022-06-08 12:50:22,887] {logging_mixin.py:115} INFO - [2022-06-08 12:50:22,887] {dagbag.py:507} INFO - Filling up the DagBag from /home/james/airflowa/lib/python3.8/site-packages/airflow/example_dags/example_task_group.py
[2022-06-08 12:50:22,906] {processor.py:651} INFO - DAG(s) dict_keys(['example_task_group']) retrieved from /home/james/airflowa/lib/python3.8/site-packages/airflow/example_dags/example_task_group.py
[2022-06-08 12:50:22,944] {logging_mixin.py:115} INFO - [2022-06-08 12:50:22,944] {dag.py:2379} INFO - Sync 1 DAGs
[2022-06-08 12:50:22,985] {logging_mixin.py:115} INFO - [2022-06-08 12:50:22,984] {dag.py:2927} INFO - Setting next_dagrun for example_task_group to 2022-06-07T09:50:22.984287+00:00, run_after=2022-06-08T09:50:22.984287+00:00
[2022-06-08 12:50:23,011] {processor.py:161} INFO - Processing /home/james/airflowa/lib/python3.8/site-packages/airflow/example_dags/example_task_group.py took 0.133 seconds
[2022-06-08 12:52:39,292] {processor.py:153} INFO - Started process (PID=121593) to work on /home/james/airflowa/lib/python3.8/site-packages/airflow/example_dags/example_task_group.py
[2022-06-08 12:52:39,293] {processor.py:641} INFO - Processing file /home/james/airflowa/lib/python3.8/site-packages/airflow/example_dags/example_task_group.py for tasks to queue
[2022-06-08 12:52:39,294] {logging_mixin.py:115} INFO - [2022-06-08 12:52:39,294] {dagbag.py:507} INFO - Filling up the DagBag from /home/james/airflowa/lib/python3.8/site-packages/airflow/example_dags/example_task_group.py
[2022-06-08 12:52:39,310] {processor.py:651} INFO - DAG(s) dict_keys(['example_task_group']) retrieved from /home/james/airflowa/lib/python3.8/site-packages/airflow/example_dags/example_task_group.py
[2022-06-08 12:52:39,360] {logging_mixin.py:115} INFO - [2022-06-08 12:52:39,360] {dag.py:2379} INFO - Sync 1 DAGs
[2022-06-08 12:52:39,427] {logging_mixin.py:115} INFO - [2022-06-08 12:52:39,427] {dag.py:2927} INFO - Setting next_dagrun for example_task_group to 2022-06-07T09:52:39.426526+00:00, run_after=2022-06-08T09:52:39.426526+00:00
[2022-06-08 12:52:39,483] {processor.py:161} INFO - Processing /home/james/airflowa/lib/python3.8/site-packages/airflow/example_dags/example_task_group.py took 0.198 seconds
[2022-06-08 12:53:49,277] {processor.py:153} INFO - Started process (PID=122090) to work on /home/james/airflowa/lib/python3.8/site-packages/airflow/example_dags/example_task_group.py
[2022-06-08 12:53:49,279] {processor.py:641} INFO - Processing file /home/james/airflowa/lib/python3.8/site-packages/airflow/example_dags/example_task_group.py for tasks to queue
[2022-06-08 12:53:49,280] {logging_mixin.py:115} INFO - [2022-06-08 12:53:49,280] {dagbag.py:507} INFO - Filling up the DagBag from /home/james/airflowa/lib/python3.8/site-packages/airflow/example_dags/example_task_group.py
[2022-06-08 12:53:49,297] {processor.py:651} INFO - DAG(s) dict_keys(['example_task_group']) retrieved from /home/james/airflowa/lib/python3.8/site-packages/airflow/example_dags/example_task_group.py
[2022-06-08 12:53:49,333] {logging_mixin.py:115} INFO - [2022-06-08 12:53:49,333] {dag.py:2379} INFO - Sync 1 DAGs
[2022-06-08 12:53:49,375] {logging_mixin.py:115} INFO - [2022-06-08 12:53:49,375] {dag.py:2927} INFO - Setting next_dagrun for example_task_group to 2022-06-07T09:53:49.374709+00:00, run_after=2022-06-08T09:53:49.374709+00:00
[2022-06-08 12:53:49,401] {processor.py:161} INFO - Processing /home/james/airflowa/lib/python3.8/site-packages/airflow/example_dags/example_task_group.py took 0.129 seconds
[2022-06-08 12:55:05,105] {processor.py:153} INFO - Started process (PID=122567) to work on /home/james/airflowa/lib/python3.8/site-packages/airflow/example_dags/example_task_group.py
[2022-06-08 12:55:05,107] {processor.py:641} INFO - Processing file /home/james/airflowa/lib/python3.8/site-packages/airflow/example_dags/example_task_group.py for tasks to queue
[2022-06-08 12:55:05,108] {logging_mixin.py:115} INFO - [2022-06-08 12:55:05,108] {dagbag.py:507} INFO - Filling up the DagBag from /home/james/airflowa/lib/python3.8/site-packages/airflow/example_dags/example_task_group.py
[2022-06-08 12:55:05,131] {processor.py:651} INFO - DAG(s) dict_keys(['example_task_group']) retrieved from /home/james/airflowa/lib/python3.8/site-packages/airflow/example_dags/example_task_group.py
[2022-06-08 12:55:05,187] {logging_mixin.py:115} INFO - [2022-06-08 12:55:05,186] {dag.py:2379} INFO - Sync 1 DAGs
[2022-06-08 12:55:05,241] {logging_mixin.py:115} INFO - [2022-06-08 12:55:05,241] {dag.py:2927} INFO - Setting next_dagrun for example_task_group to 2022-06-07T09:55:05.240465+00:00, run_after=2022-06-08T09:55:05.240465+00:00
[2022-06-08 12:55:05,270] {processor.py:161} INFO - Processing /home/james/airflowa/lib/python3.8/site-packages/airflow/example_dags/example_task_group.py took 0.173 seconds
[2022-06-08 12:56:15,814] {processor.py:153} INFO - Started process (PID=122962) to work on /home/james/airflowa/lib/python3.8/site-packages/airflow/example_dags/example_task_group.py
[2022-06-08 12:56:15,815] {processor.py:641} INFO - Processing file /home/james/airflowa/lib/python3.8/site-packages/airflow/example_dags/example_task_group.py for tasks to queue
[2022-06-08 12:56:15,816] {logging_mixin.py:115} INFO - [2022-06-08 12:56:15,815] {dagbag.py:507} INFO - Filling up the DagBag from /home/james/airflowa/lib/python3.8/site-packages/airflow/example_dags/example_task_group.py
[2022-06-08 12:56:15,825] {processor.py:651} INFO - DAG(s) dict_keys(['example_task_group']) retrieved from /home/james/airflowa/lib/python3.8/site-packages/airflow/example_dags/example_task_group.py
[2022-06-08 12:56:15,849] {logging_mixin.py:115} INFO - [2022-06-08 12:56:15,849] {dag.py:2379} INFO - Sync 1 DAGs
[2022-06-08 12:56:15,874] {logging_mixin.py:115} INFO - [2022-06-08 12:56:15,874] {dag.py:2927} INFO - Setting next_dagrun for example_task_group to 2022-06-07T09:56:15.874037+00:00, run_after=2022-06-08T09:56:15.874037+00:00
[2022-06-08 12:56:15,885] {processor.py:161} INFO - Processing /home/james/airflowa/lib/python3.8/site-packages/airflow/example_dags/example_task_group.py took 0.075 seconds
[2022-06-08 12:57:25,496] {processor.py:153} INFO - Started process (PID=123272) to work on /home/james/airflowa/lib/python3.8/site-packages/airflow/example_dags/example_task_group.py
[2022-06-08 12:57:25,497] {processor.py:641} INFO - Processing file /home/james/airflowa/lib/python3.8/site-packages/airflow/example_dags/example_task_group.py for tasks to queue
[2022-06-08 12:57:25,498] {logging_mixin.py:115} INFO - [2022-06-08 12:57:25,498] {dagbag.py:507} INFO - Filling up the DagBag from /home/james/airflowa/lib/python3.8/site-packages/airflow/example_dags/example_task_group.py
[2022-06-08 12:57:25,504] {processor.py:651} INFO - DAG(s) dict_keys(['example_task_group']) retrieved from /home/james/airflowa/lib/python3.8/site-packages/airflow/example_dags/example_task_group.py
[2022-06-08 12:57:25,517] {logging_mixin.py:115} INFO - [2022-06-08 12:57:25,517] {dag.py:2379} INFO - Sync 1 DAGs
[2022-06-08 12:57:25,532] {logging_mixin.py:115} INFO - [2022-06-08 12:57:25,532] {dag.py:2927} INFO - Setting next_dagrun for example_task_group to 2022-06-07T09:57:25.531943+00:00, run_after=2022-06-08T09:57:25.531943+00:00
[2022-06-08 12:57:25,543] {processor.py:161} INFO - Processing /home/james/airflowa/lib/python3.8/site-packages/airflow/example_dags/example_task_group.py took 0.049 seconds
[2022-06-08 12:58:35,480] {processor.py:153} INFO - Started process (PID=123669) to work on /home/james/airflowa/lib/python3.8/site-packages/airflow/example_dags/example_task_group.py
[2022-06-08 12:58:35,484] {processor.py:641} INFO - Processing file /home/james/airflowa/lib/python3.8/site-packages/airflow/example_dags/example_task_group.py for tasks to queue
[2022-06-08 12:58:35,485] {logging_mixin.py:115} INFO - [2022-06-08 12:58:35,485] {dagbag.py:507} INFO - Filling up the DagBag from /home/james/airflowa/lib/python3.8/site-packages/airflow/example_dags/example_task_group.py
[2022-06-08 12:58:35,499] {processor.py:651} INFO - DAG(s) dict_keys(['example_task_group']) retrieved from /home/james/airflowa/lib/python3.8/site-packages/airflow/example_dags/example_task_group.py
[2022-06-08 12:58:35,534] {logging_mixin.py:115} INFO - [2022-06-08 12:58:35,534] {dag.py:2379} INFO - Sync 1 DAGs
[2022-06-08 12:58:35,572] {logging_mixin.py:115} INFO - [2022-06-08 12:58:35,572] {dag.py:2927} INFO - Setting next_dagrun for example_task_group to 2022-06-07T09:58:35.571450+00:00, run_after=2022-06-08T09:58:35.571450+00:00
[2022-06-08 12:58:35,598] {processor.py:161} INFO - Processing /home/james/airflowa/lib/python3.8/site-packages/airflow/example_dags/example_task_group.py took 0.123 seconds
[2022-06-08 12:59:15,317] {processor.py:153} INFO - Started process (PID=124004) to work on /home/james/airflowa/lib/python3.8/site-packages/airflow/example_dags/example_task_group.py
[2022-06-08 12:59:15,317] {processor.py:641} INFO - Processing file /home/james/airflowa/lib/python3.8/site-packages/airflow/example_dags/example_task_group.py for tasks to queue
[2022-06-08 12:59:15,318] {logging_mixin.py:115} INFO - [2022-06-08 12:59:15,318] {dagbag.py:507} INFO - Filling up the DagBag from /home/james/airflowa/lib/python3.8/site-packages/airflow/example_dags/example_task_group.py
[2022-06-08 12:59:15,324] {processor.py:651} INFO - DAG(s) dict_keys(['example_task_group']) retrieved from /home/james/airflowa/lib/python3.8/site-packages/airflow/example_dags/example_task_group.py
[2022-06-08 12:59:15,338] {logging_mixin.py:115} INFO - [2022-06-08 12:59:15,338] {dag.py:2379} INFO - Sync 1 DAGs
[2022-06-08 12:59:15,355] {logging_mixin.py:115} INFO - [2022-06-08 12:59:15,355] {dag.py:2927} INFO - Setting next_dagrun for example_task_group to 2022-06-07T09:59:15.355324+00:00, run_after=2022-06-08T09:59:15.355324+00:00
[2022-06-08 12:59:15,367] {processor.py:161} INFO - Processing /home/james/airflowa/lib/python3.8/site-packages/airflow/example_dags/example_task_group.py took 0.052 seconds
[2022-06-08 13:00:05,576] {processor.py:153} INFO - Started process (PID=124712) to work on /home/james/airflowa/lib/python3.8/site-packages/airflow/example_dags/example_task_group.py
[2022-06-08 13:00:05,577] {processor.py:641} INFO - Processing file /home/james/airflowa/lib/python3.8/site-packages/airflow/example_dags/example_task_group.py for tasks to queue
[2022-06-08 13:00:05,577] {logging_mixin.py:115} INFO - [2022-06-08 13:00:05,577] {dagbag.py:507} INFO - Filling up the DagBag from /home/james/airflowa/lib/python3.8/site-packages/airflow/example_dags/example_task_group.py
[2022-06-08 13:00:05,583] {processor.py:651} INFO - DAG(s) dict_keys(['example_task_group']) retrieved from /home/james/airflowa/lib/python3.8/site-packages/airflow/example_dags/example_task_group.py
[2022-06-08 13:00:05,596] {logging_mixin.py:115} INFO - [2022-06-08 13:00:05,596] {dag.py:2379} INFO - Sync 1 DAGs
[2022-06-08 13:00:05,611] {logging_mixin.py:115} INFO - [2022-06-08 13:00:05,611] {dag.py:2927} INFO - Setting next_dagrun for example_task_group to 2022-06-07T10:00:05.610897+00:00, run_after=2022-06-08T10:00:05.610897+00:00
[2022-06-08 13:00:05,621] {processor.py:161} INFO - Processing /home/james/airflowa/lib/python3.8/site-packages/airflow/example_dags/example_task_group.py took 0.048 seconds
[2022-06-08 13:00:49,455] {processor.py:153} INFO - Started process (PID=124998) to work on /home/james/airflowa/lib/python3.8/site-packages/airflow/example_dags/example_task_group.py
[2022-06-08 13:00:49,456] {processor.py:641} INFO - Processing file /home/james/airflowa/lib/python3.8/site-packages/airflow/example_dags/example_task_group.py for tasks to queue
[2022-06-08 13:00:49,456] {logging_mixin.py:115} INFO - [2022-06-08 13:00:49,456] {dagbag.py:507} INFO - Filling up the DagBag from /home/james/airflowa/lib/python3.8/site-packages/airflow/example_dags/example_task_group.py
[2022-06-08 13:00:49,464] {processor.py:651} INFO - DAG(s) dict_keys(['example_task_group']) retrieved from /home/james/airflowa/lib/python3.8/site-packages/airflow/example_dags/example_task_group.py
[2022-06-08 13:00:49,480] {logging_mixin.py:115} INFO - [2022-06-08 13:00:49,480] {dag.py:2379} INFO - Sync 1 DAGs
[2022-06-08 13:00:49,495] {logging_mixin.py:115} INFO - [2022-06-08 13:00:49,495] {dag.py:2927} INFO - Setting next_dagrun for example_task_group to 2022-06-07T10:00:49.495186+00:00, run_after=2022-06-08T10:00:49.495186+00:00
[2022-06-08 13:00:49,506] {processor.py:161} INFO - Processing /home/james/airflowa/lib/python3.8/site-packages/airflow/example_dags/example_task_group.py took 0.054 seconds
[2022-06-08 13:02:06,234] {processor.py:153} INFO - Started process (PID=125446) to work on /home/james/airflowa/lib/python3.8/site-packages/airflow/example_dags/example_task_group.py
[2022-06-08 13:02:06,235] {processor.py:641} INFO - Processing file /home/james/airflowa/lib/python3.8/site-packages/airflow/example_dags/example_task_group.py for tasks to queue
[2022-06-08 13:02:06,236] {logging_mixin.py:115} INFO - [2022-06-08 13:02:06,236] {dagbag.py:507} INFO - Filling up the DagBag from /home/james/airflowa/lib/python3.8/site-packages/airflow/example_dags/example_task_group.py
[2022-06-08 13:02:06,245] {processor.py:651} INFO - DAG(s) dict_keys(['example_task_group']) retrieved from /home/james/airflowa/lib/python3.8/site-packages/airflow/example_dags/example_task_group.py
[2022-06-08 13:02:06,273] {logging_mixin.py:115} INFO - [2022-06-08 13:02:06,273] {dag.py:2379} INFO - Sync 1 DAGs
[2022-06-08 13:02:06,305] {logging_mixin.py:115} INFO - [2022-06-08 13:02:06,305] {dag.py:2927} INFO - Setting next_dagrun for example_task_group to 2022-06-07T10:02:06.304935+00:00, run_after=2022-06-08T10:02:06.304935+00:00
[2022-06-08 13:02:06,323] {processor.py:161} INFO - Processing /home/james/airflowa/lib/python3.8/site-packages/airflow/example_dags/example_task_group.py took 0.093 seconds
[2022-06-08 13:03:08,729] {processor.py:153} INFO - Started process (PID=125771) to work on /home/james/airflowa/lib/python3.8/site-packages/airflow/example_dags/example_task_group.py
[2022-06-08 13:03:08,730] {processor.py:641} INFO - Processing file /home/james/airflowa/lib/python3.8/site-packages/airflow/example_dags/example_task_group.py for tasks to queue
[2022-06-08 13:03:08,731] {logging_mixin.py:115} INFO - [2022-06-08 13:03:08,730] {dagbag.py:507} INFO - Filling up the DagBag from /home/james/airflowa/lib/python3.8/site-packages/airflow/example_dags/example_task_group.py
[2022-06-08 13:03:08,736] {processor.py:651} INFO - DAG(s) dict_keys(['example_task_group']) retrieved from /home/james/airflowa/lib/python3.8/site-packages/airflow/example_dags/example_task_group.py
[2022-06-08 13:03:08,750] {logging_mixin.py:115} INFO - [2022-06-08 13:03:08,750] {dag.py:2379} INFO - Sync 1 DAGs
[2022-06-08 13:03:08,765] {logging_mixin.py:115} INFO - [2022-06-08 13:03:08,764] {dag.py:2927} INFO - Setting next_dagrun for example_task_group to 2022-06-07T10:03:08.764783+00:00, run_after=2022-06-08T10:03:08.764783+00:00
[2022-06-08 13:03:08,776] {processor.py:161} INFO - Processing /home/james/airflowa/lib/python3.8/site-packages/airflow/example_dags/example_task_group.py took 0.049 seconds
[2022-06-08 13:04:03,942] {processor.py:153} INFO - Started process (PID=126279) to work on /home/james/airflowa/lib/python3.8/site-packages/airflow/example_dags/example_task_group.py
[2022-06-08 13:04:03,943] {processor.py:641} INFO - Processing file /home/james/airflowa/lib/python3.8/site-packages/airflow/example_dags/example_task_group.py for tasks to queue
[2022-06-08 13:04:03,944] {logging_mixin.py:115} INFO - [2022-06-08 13:04:03,944] {dagbag.py:507} INFO - Filling up the DagBag from /home/james/airflowa/lib/python3.8/site-packages/airflow/example_dags/example_task_group.py
[2022-06-08 13:04:03,951] {processor.py:651} INFO - DAG(s) dict_keys(['example_task_group']) retrieved from /home/james/airflowa/lib/python3.8/site-packages/airflow/example_dags/example_task_group.py
[2022-06-08 13:04:03,965] {logging_mixin.py:115} INFO - [2022-06-08 13:04:03,965] {dag.py:2379} INFO - Sync 1 DAGs
[2022-06-08 13:04:03,980] {logging_mixin.py:115} INFO - [2022-06-08 13:04:03,980] {dag.py:2927} INFO - Setting next_dagrun for example_task_group to 2022-06-07T10:04:03.980056+00:00, run_after=2022-06-08T10:04:03.980056+00:00
[2022-06-08 13:04:03,992] {processor.py:161} INFO - Processing /home/james/airflowa/lib/python3.8/site-packages/airflow/example_dags/example_task_group.py took 0.055 seconds
[2022-06-08 13:04:42,360] {processor.py:153} INFO - Started process (PID=126419) to work on /home/james/airflowa/lib/python3.8/site-packages/airflow/example_dags/example_task_group.py
[2022-06-08 13:04:42,361] {processor.py:641} INFO - Processing file /home/james/airflowa/lib/python3.8/site-packages/airflow/example_dags/example_task_group.py for tasks to queue
[2022-06-08 13:04:42,361] {logging_mixin.py:115} INFO - [2022-06-08 13:04:42,361] {dagbag.py:507} INFO - Filling up the DagBag from /home/james/airflowa/lib/python3.8/site-packages/airflow/example_dags/example_task_group.py
[2022-06-08 13:04:42,368] {processor.py:651} INFO - DAG(s) dict_keys(['example_task_group']) retrieved from /home/james/airflowa/lib/python3.8/site-packages/airflow/example_dags/example_task_group.py
[2022-06-08 13:04:42,381] {logging_mixin.py:115} INFO - [2022-06-08 13:04:42,381] {dag.py:2379} INFO - Sync 1 DAGs
[2022-06-08 13:04:42,395] {logging_mixin.py:115} INFO - [2022-06-08 13:04:42,395] {dag.py:2927} INFO - Setting next_dagrun for example_task_group to 2022-06-07T10:04:42.395347+00:00, run_after=2022-06-08T10:04:42.395347+00:00
[2022-06-08 13:04:42,406] {processor.py:161} INFO - Processing /home/james/airflowa/lib/python3.8/site-packages/airflow/example_dags/example_task_group.py took 0.050 seconds
[2022-06-08 13:05:58,452] {processor.py:153} INFO - Started process (PID=126771) to work on /home/james/airflowa/lib/python3.8/site-packages/airflow/example_dags/example_task_group.py
[2022-06-08 13:05:58,453] {processor.py:641} INFO - Processing file /home/james/airflowa/lib/python3.8/site-packages/airflow/example_dags/example_task_group.py for tasks to queue
[2022-06-08 13:05:58,453] {logging_mixin.py:115} INFO - [2022-06-08 13:05:58,453] {dagbag.py:507} INFO - Filling up the DagBag from /home/james/airflowa/lib/python3.8/site-packages/airflow/example_dags/example_task_group.py
[2022-06-08 13:05:58,458] {processor.py:651} INFO - DAG(s) dict_keys(['example_task_group']) retrieved from /home/james/airflowa/lib/python3.8/site-packages/airflow/example_dags/example_task_group.py
[2022-06-08 13:05:58,473] {logging_mixin.py:115} INFO - [2022-06-08 13:05:58,473] {dag.py:2379} INFO - Sync 1 DAGs
[2022-06-08 13:05:58,488] {logging_mixin.py:115} INFO - [2022-06-08 13:05:58,488] {dag.py:2927} INFO - Setting next_dagrun for example_task_group to 2022-06-07T10:05:58.488658+00:00, run_after=2022-06-08T10:05:58.488658+00:00
[2022-06-08 13:05:58,499] {processor.py:161} INFO - Processing /home/james/airflowa/lib/python3.8/site-packages/airflow/example_dags/example_task_group.py took 0.050 seconds
