[2022-06-08 09:04:05,510] {processor.py:153} INFO - Started process (PID=23768) to work on /home/james/airflowa/lib/python3.8/site-packages/airflow/example_dags/example_kubernetes_executor.py
[2022-06-08 09:04:05,510] {processor.py:641} INFO - Processing file /home/james/airflowa/lib/python3.8/site-packages/airflow/example_dags/example_kubernetes_executor.py for tasks to queue
[2022-06-08 09:04:05,511] {logging_mixin.py:115} INFO - [2022-06-08 09:04:05,511] {dagbag.py:507} INFO - Filling up the DagBag from /home/james/airflowa/lib/python3.8/site-packages/airflow/example_dags/example_kubernetes_executor.py
[2022-06-08 09:04:05,522] {logging_mixin.py:115} INFO - [2022-06-08 09:04:05,522] {example_kubernetes_executor.py:39} WARNING - The example_kubernetes_executor example DAG requires the kubernetes provider. Please install it with: pip install apache-airflow[cncf.kubernetes]
[2022-06-08 09:04:05,523] {processor.py:653} WARNING - No viable dags retrieved from /home/james/airflowa/lib/python3.8/site-packages/airflow/example_dags/example_kubernetes_executor.py
[2022-06-08 09:04:05,530] {processor.py:161} INFO - Processing /home/james/airflowa/lib/python3.8/site-packages/airflow/example_dags/example_kubernetes_executor.py took 0.022 seconds
[2022-06-08 09:04:41,661] {processor.py:153} INFO - Started process (PID=23922) to work on /home/james/airflowa/lib/python3.8/site-packages/airflow/example_dags/example_kubernetes_executor.py
[2022-06-08 09:04:41,662] {processor.py:641} INFO - Processing file /home/james/airflowa/lib/python3.8/site-packages/airflow/example_dags/example_kubernetes_executor.py for tasks to queue
[2022-06-08 09:04:41,663] {logging_mixin.py:115} INFO - [2022-06-08 09:04:41,663] {dagbag.py:507} INFO - Filling up the DagBag from /home/james/airflowa/lib/python3.8/site-packages/airflow/example_dags/example_kubernetes_executor.py
[2022-06-08 09:04:41,675] {logging_mixin.py:115} INFO - [2022-06-08 09:04:41,675] {example_kubernetes_executor.py:39} WARNING - The example_kubernetes_executor example DAG requires the kubernetes provider. Please install it with: pip install apache-airflow[cncf.kubernetes]
[2022-06-08 09:04:41,675] {processor.py:653} WARNING - No viable dags retrieved from /home/james/airflowa/lib/python3.8/site-packages/airflow/example_dags/example_kubernetes_executor.py
[2022-06-08 09:04:41,684] {processor.py:161} INFO - Processing /home/james/airflowa/lib/python3.8/site-packages/airflow/example_dags/example_kubernetes_executor.py took 0.027 seconds
[2022-06-08 09:05:22,940] {processor.py:153} INFO - Started process (PID=24104) to work on /home/james/airflowa/lib/python3.8/site-packages/airflow/example_dags/example_kubernetes_executor.py
[2022-06-08 09:05:22,941] {processor.py:641} INFO - Processing file /home/james/airflowa/lib/python3.8/site-packages/airflow/example_dags/example_kubernetes_executor.py for tasks to queue
[2022-06-08 09:05:22,942] {logging_mixin.py:115} INFO - [2022-06-08 09:05:22,941] {dagbag.py:507} INFO - Filling up the DagBag from /home/james/airflowa/lib/python3.8/site-packages/airflow/example_dags/example_kubernetes_executor.py
[2022-06-08 09:05:22,954] {logging_mixin.py:115} INFO - [2022-06-08 09:05:22,954] {example_kubernetes_executor.py:39} WARNING - The example_kubernetes_executor example DAG requires the kubernetes provider. Please install it with: pip install apache-airflow[cncf.kubernetes]
[2022-06-08 09:05:22,954] {processor.py:653} WARNING - No viable dags retrieved from /home/james/airflowa/lib/python3.8/site-packages/airflow/example_dags/example_kubernetes_executor.py
[2022-06-08 09:05:22,962] {processor.py:161} INFO - Processing /home/james/airflowa/lib/python3.8/site-packages/airflow/example_dags/example_kubernetes_executor.py took 0.026 seconds
[2022-06-08 09:06:21,758] {processor.py:153} INFO - Started process (PID=24825) to work on /home/james/airflowa/lib/python3.8/site-packages/airflow/example_dags/example_kubernetes_executor.py
[2022-06-08 09:06:21,759] {processor.py:641} INFO - Processing file /home/james/airflowa/lib/python3.8/site-packages/airflow/example_dags/example_kubernetes_executor.py for tasks to queue
[2022-06-08 09:06:21,760] {logging_mixin.py:115} INFO - [2022-06-08 09:06:21,760] {dagbag.py:507} INFO - Filling up the DagBag from /home/james/airflowa/lib/python3.8/site-packages/airflow/example_dags/example_kubernetes_executor.py
[2022-06-08 09:06:21,788] {logging_mixin.py:115} INFO - [2022-06-08 09:06:21,788] {example_kubernetes_executor.py:39} WARNING - The example_kubernetes_executor example DAG requires the kubernetes provider. Please install it with: pip install apache-airflow[cncf.kubernetes]
[2022-06-08 09:06:21,789] {processor.py:653} WARNING - No viable dags retrieved from /home/james/airflowa/lib/python3.8/site-packages/airflow/example_dags/example_kubernetes_executor.py
[2022-06-08 09:06:21,803] {processor.py:161} INFO - Processing /home/james/airflowa/lib/python3.8/site-packages/airflow/example_dags/example_kubernetes_executor.py took 0.050 seconds
[2022-06-08 09:08:03,682] {processor.py:153} INFO - Started process (PID=25412) to work on /home/james/airflowa/lib/python3.8/site-packages/airflow/example_dags/example_kubernetes_executor.py
[2022-06-08 09:08:03,683] {processor.py:641} INFO - Processing file /home/james/airflowa/lib/python3.8/site-packages/airflow/example_dags/example_kubernetes_executor.py for tasks to queue
[2022-06-08 09:08:03,684] {logging_mixin.py:115} INFO - [2022-06-08 09:08:03,684] {dagbag.py:507} INFO - Filling up the DagBag from /home/james/airflowa/lib/python3.8/site-packages/airflow/example_dags/example_kubernetes_executor.py
[2022-06-08 09:08:03,708] {logging_mixin.py:115} INFO - [2022-06-08 09:08:03,708] {example_kubernetes_executor.py:39} WARNING - The example_kubernetes_executor example DAG requires the kubernetes provider. Please install it with: pip install apache-airflow[cncf.kubernetes]
[2022-06-08 09:08:03,708] {processor.py:653} WARNING - No viable dags retrieved from /home/james/airflowa/lib/python3.8/site-packages/airflow/example_dags/example_kubernetes_executor.py
[2022-06-08 09:08:03,723] {processor.py:161} INFO - Processing /home/james/airflowa/lib/python3.8/site-packages/airflow/example_dags/example_kubernetes_executor.py took 0.045 seconds
[2022-06-08 09:09:40,164] {processor.py:153} INFO - Started process (PID=26025) to work on /home/james/airflowa/lib/python3.8/site-packages/airflow/example_dags/example_kubernetes_executor.py
[2022-06-08 09:09:40,165] {processor.py:641} INFO - Processing file /home/james/airflowa/lib/python3.8/site-packages/airflow/example_dags/example_kubernetes_executor.py for tasks to queue
[2022-06-08 09:09:40,165] {logging_mixin.py:115} INFO - [2022-06-08 09:09:40,165] {dagbag.py:507} INFO - Filling up the DagBag from /home/james/airflowa/lib/python3.8/site-packages/airflow/example_dags/example_kubernetes_executor.py
[2022-06-08 09:09:40,189] {logging_mixin.py:115} INFO - [2022-06-08 09:09:40,189] {example_kubernetes_executor.py:39} WARNING - The example_kubernetes_executor example DAG requires the kubernetes provider. Please install it with: pip install apache-airflow[cncf.kubernetes]
[2022-06-08 09:09:40,190] {processor.py:653} WARNING - No viable dags retrieved from /home/james/airflowa/lib/python3.8/site-packages/airflow/example_dags/example_kubernetes_executor.py
[2022-06-08 09:09:40,204] {processor.py:161} INFO - Processing /home/james/airflowa/lib/python3.8/site-packages/airflow/example_dags/example_kubernetes_executor.py took 0.043 seconds
[2022-06-08 09:11:45,793] {processor.py:153} INFO - Started process (PID=27307) to work on /home/james/airflowa/lib/python3.8/site-packages/airflow/example_dags/example_kubernetes_executor.py
[2022-06-08 09:11:45,794] {processor.py:641} INFO - Processing file /home/james/airflowa/lib/python3.8/site-packages/airflow/example_dags/example_kubernetes_executor.py for tasks to queue
[2022-06-08 09:11:45,795] {logging_mixin.py:115} INFO - [2022-06-08 09:11:45,795] {dagbag.py:507} INFO - Filling up the DagBag from /home/james/airflowa/lib/python3.8/site-packages/airflow/example_dags/example_kubernetes_executor.py
[2022-06-08 09:11:45,826] {logging_mixin.py:115} INFO - [2022-06-08 09:11:45,826] {example_kubernetes_executor.py:39} WARNING - The example_kubernetes_executor example DAG requires the kubernetes provider. Please install it with: pip install apache-airflow[cncf.kubernetes]
[2022-06-08 09:11:45,826] {processor.py:653} WARNING - No viable dags retrieved from /home/james/airflowa/lib/python3.8/site-packages/airflow/example_dags/example_kubernetes_executor.py
[2022-06-08 09:11:45,841] {processor.py:161} INFO - Processing /home/james/airflowa/lib/python3.8/site-packages/airflow/example_dags/example_kubernetes_executor.py took 0.062 seconds
[2022-06-08 09:15:22,618] {processor.py:153} INFO - Started process (PID=28431) to work on /home/james/airflowa/lib/python3.8/site-packages/airflow/example_dags/example_kubernetes_executor.py
[2022-06-08 09:15:22,619] {processor.py:641} INFO - Processing file /home/james/airflowa/lib/python3.8/site-packages/airflow/example_dags/example_kubernetes_executor.py for tasks to queue
[2022-06-08 09:15:22,621] {logging_mixin.py:115} INFO - [2022-06-08 09:15:22,620] {dagbag.py:507} INFO - Filling up the DagBag from /home/james/airflowa/lib/python3.8/site-packages/airflow/example_dags/example_kubernetes_executor.py
[2022-06-08 09:15:22,673] {logging_mixin.py:115} INFO - [2022-06-08 09:15:22,673] {example_kubernetes_executor.py:39} WARNING - The example_kubernetes_executor example DAG requires the kubernetes provider. Please install it with: pip install apache-airflow[cncf.kubernetes]
[2022-06-08 09:15:22,674] {processor.py:653} WARNING - No viable dags retrieved from /home/james/airflowa/lib/python3.8/site-packages/airflow/example_dags/example_kubernetes_executor.py
[2022-06-08 09:15:22,725] {processor.py:161} INFO - Processing /home/james/airflowa/lib/python3.8/site-packages/airflow/example_dags/example_kubernetes_executor.py took 0.117 seconds
[2022-06-08 09:18:52,461] {processor.py:153} INFO - Started process (PID=30761) to work on /home/james/airflowa/lib/python3.8/site-packages/airflow/example_dags/example_kubernetes_executor.py
[2022-06-08 09:18:52,462] {processor.py:641} INFO - Processing file /home/james/airflowa/lib/python3.8/site-packages/airflow/example_dags/example_kubernetes_executor.py for tasks to queue
[2022-06-08 09:18:52,463] {logging_mixin.py:115} INFO - [2022-06-08 09:18:52,463] {dagbag.py:507} INFO - Filling up the DagBag from /home/james/airflowa/lib/python3.8/site-packages/airflow/example_dags/example_kubernetes_executor.py
[2022-06-08 09:18:52,491] {logging_mixin.py:115} INFO - [2022-06-08 09:18:52,491] {example_kubernetes_executor.py:39} WARNING - The example_kubernetes_executor example DAG requires the kubernetes provider. Please install it with: pip install apache-airflow[cncf.kubernetes]
[2022-06-08 09:18:52,492] {processor.py:653} WARNING - No viable dags retrieved from /home/james/airflowa/lib/python3.8/site-packages/airflow/example_dags/example_kubernetes_executor.py
[2022-06-08 09:18:52,508] {processor.py:161} INFO - Processing /home/james/airflowa/lib/python3.8/site-packages/airflow/example_dags/example_kubernetes_executor.py took 0.051 seconds
[2022-06-08 09:23:00,926] {processor.py:153} INFO - Started process (PID=33109) to work on /home/james/airflowa/lib/python3.8/site-packages/airflow/example_dags/example_kubernetes_executor.py
[2022-06-08 09:23:00,927] {processor.py:641} INFO - Processing file /home/james/airflowa/lib/python3.8/site-packages/airflow/example_dags/example_kubernetes_executor.py for tasks to queue
[2022-06-08 09:23:00,928] {logging_mixin.py:115} INFO - [2022-06-08 09:23:00,928] {dagbag.py:507} INFO - Filling up the DagBag from /home/james/airflowa/lib/python3.8/site-packages/airflow/example_dags/example_kubernetes_executor.py
[2022-06-08 09:23:00,963] {logging_mixin.py:115} INFO - [2022-06-08 09:23:00,963] {example_kubernetes_executor.py:39} WARNING - The example_kubernetes_executor example DAG requires the kubernetes provider. Please install it with: pip install apache-airflow[cncf.kubernetes]
[2022-06-08 09:23:00,963] {processor.py:653} WARNING - No viable dags retrieved from /home/james/airflowa/lib/python3.8/site-packages/airflow/example_dags/example_kubernetes_executor.py
[2022-06-08 09:23:00,983] {processor.py:161} INFO - Processing /home/james/airflowa/lib/python3.8/site-packages/airflow/example_dags/example_kubernetes_executor.py took 0.063 seconds
[2022-06-08 09:25:11,222] {processor.py:153} INFO - Started process (PID=33883) to work on /home/james/airflowa/lib/python3.8/site-packages/airflow/example_dags/example_kubernetes_executor.py
[2022-06-08 09:25:11,224] {processor.py:641} INFO - Processing file /home/james/airflowa/lib/python3.8/site-packages/airflow/example_dags/example_kubernetes_executor.py for tasks to queue
[2022-06-08 09:25:11,225] {logging_mixin.py:115} INFO - [2022-06-08 09:25:11,225] {dagbag.py:507} INFO - Filling up the DagBag from /home/james/airflowa/lib/python3.8/site-packages/airflow/example_dags/example_kubernetes_executor.py
[2022-06-08 09:25:11,362] {logging_mixin.py:115} INFO - [2022-06-08 09:25:11,362] {example_kubernetes_executor.py:39} WARNING - The example_kubernetes_executor example DAG requires the kubernetes provider. Please install it with: pip install apache-airflow[cncf.kubernetes]
[2022-06-08 09:25:11,363] {processor.py:653} WARNING - No viable dags retrieved from /home/james/airflowa/lib/python3.8/site-packages/airflow/example_dags/example_kubernetes_executor.py
[2022-06-08 09:25:11,396] {processor.py:161} INFO - Processing /home/james/airflowa/lib/python3.8/site-packages/airflow/example_dags/example_kubernetes_executor.py took 0.182 seconds
[2022-06-08 11:27:48,445] {processor.py:153} INFO - Started process (PID=76582) to work on /home/james/airflowa/lib/python3.8/site-packages/airflow/example_dags/example_kubernetes_executor.py
[2022-06-08 11:27:48,445] {processor.py:641} INFO - Processing file /home/james/airflowa/lib/python3.8/site-packages/airflow/example_dags/example_kubernetes_executor.py for tasks to queue
[2022-06-08 11:27:48,446] {logging_mixin.py:115} INFO - [2022-06-08 11:27:48,446] {dagbag.py:507} INFO - Filling up the DagBag from /home/james/airflowa/lib/python3.8/site-packages/airflow/example_dags/example_kubernetes_executor.py
[2022-06-08 11:27:48,459] {logging_mixin.py:115} INFO - [2022-06-08 11:27:48,459] {example_kubernetes_executor.py:39} WARNING - The example_kubernetes_executor example DAG requires the kubernetes provider. Please install it with: pip install apache-airflow[cncf.kubernetes]
[2022-06-08 11:27:48,459] {processor.py:653} WARNING - No viable dags retrieved from /home/james/airflowa/lib/python3.8/site-packages/airflow/example_dags/example_kubernetes_executor.py
[2022-06-08 11:27:48,467] {processor.py:161} INFO - Processing /home/james/airflowa/lib/python3.8/site-packages/airflow/example_dags/example_kubernetes_executor.py took 0.025 seconds
[2022-06-08 11:28:28,471] {processor.py:153} INFO - Started process (PID=76890) to work on /home/james/airflowa/lib/python3.8/site-packages/airflow/example_dags/example_kubernetes_executor.py
[2022-06-08 11:28:28,472] {processor.py:641} INFO - Processing file /home/james/airflowa/lib/python3.8/site-packages/airflow/example_dags/example_kubernetes_executor.py for tasks to queue
[2022-06-08 11:28:28,473] {logging_mixin.py:115} INFO - [2022-06-08 11:28:28,473] {dagbag.py:507} INFO - Filling up the DagBag from /home/james/airflowa/lib/python3.8/site-packages/airflow/example_dags/example_kubernetes_executor.py
[2022-06-08 11:28:28,499] {logging_mixin.py:115} INFO - [2022-06-08 11:28:28,499] {example_kubernetes_executor.py:39} WARNING - The example_kubernetes_executor example DAG requires the kubernetes provider. Please install it with: pip install apache-airflow[cncf.kubernetes]
[2022-06-08 11:28:28,500] {processor.py:653} WARNING - No viable dags retrieved from /home/james/airflowa/lib/python3.8/site-packages/airflow/example_dags/example_kubernetes_executor.py
[2022-06-08 11:28:28,508] {processor.py:161} INFO - Processing /home/james/airflowa/lib/python3.8/site-packages/airflow/example_dags/example_kubernetes_executor.py took 0.040 seconds
[2022-06-08 11:29:05,601] {processor.py:153} INFO - Started process (PID=77146) to work on /home/james/airflowa/lib/python3.8/site-packages/airflow/example_dags/example_kubernetes_executor.py
[2022-06-08 11:29:05,602] {processor.py:641} INFO - Processing file /home/james/airflowa/lib/python3.8/site-packages/airflow/example_dags/example_kubernetes_executor.py for tasks to queue
[2022-06-08 11:29:05,603] {logging_mixin.py:115} INFO - [2022-06-08 11:29:05,602] {dagbag.py:507} INFO - Filling up the DagBag from /home/james/airflowa/lib/python3.8/site-packages/airflow/example_dags/example_kubernetes_executor.py
[2022-06-08 11:29:05,619] {logging_mixin.py:115} INFO - [2022-06-08 11:29:05,619] {example_kubernetes_executor.py:39} WARNING - The example_kubernetes_executor example DAG requires the kubernetes provider. Please install it with: pip install apache-airflow[cncf.kubernetes]
[2022-06-08 11:29:05,619] {processor.py:653} WARNING - No viable dags retrieved from /home/james/airflowa/lib/python3.8/site-packages/airflow/example_dags/example_kubernetes_executor.py
[2022-06-08 11:29:05,629] {processor.py:161} INFO - Processing /home/james/airflowa/lib/python3.8/site-packages/airflow/example_dags/example_kubernetes_executor.py took 0.031 seconds
[2022-06-08 11:29:44,607] {processor.py:153} INFO - Started process (PID=77521) to work on /home/james/airflowa/lib/python3.8/site-packages/airflow/example_dags/example_kubernetes_executor.py
[2022-06-08 11:29:44,608] {processor.py:641} INFO - Processing file /home/james/airflowa/lib/python3.8/site-packages/airflow/example_dags/example_kubernetes_executor.py for tasks to queue
[2022-06-08 11:29:44,609] {logging_mixin.py:115} INFO - [2022-06-08 11:29:44,609] {dagbag.py:507} INFO - Filling up the DagBag from /home/james/airflowa/lib/python3.8/site-packages/airflow/example_dags/example_kubernetes_executor.py
[2022-06-08 11:29:44,635] {logging_mixin.py:115} INFO - [2022-06-08 11:29:44,635] {example_kubernetes_executor.py:39} WARNING - The example_kubernetes_executor example DAG requires the kubernetes provider. Please install it with: pip install apache-airflow[cncf.kubernetes]
[2022-06-08 11:29:44,635] {processor.py:653} WARNING - No viable dags retrieved from /home/james/airflowa/lib/python3.8/site-packages/airflow/example_dags/example_kubernetes_executor.py
[2022-06-08 11:29:44,649] {processor.py:161} INFO - Processing /home/james/airflowa/lib/python3.8/site-packages/airflow/example_dags/example_kubernetes_executor.py took 0.047 seconds
[2022-06-08 11:31:28,197] {processor.py:153} INFO - Started process (PID=78539) to work on /home/james/airflowa/lib/python3.8/site-packages/airflow/example_dags/example_kubernetes_executor.py
[2022-06-08 11:31:28,198] {processor.py:641} INFO - Processing file /home/james/airflowa/lib/python3.8/site-packages/airflow/example_dags/example_kubernetes_executor.py for tasks to queue
[2022-06-08 11:31:28,199] {logging_mixin.py:115} INFO - [2022-06-08 11:31:28,199] {dagbag.py:507} INFO - Filling up the DagBag from /home/james/airflowa/lib/python3.8/site-packages/airflow/example_dags/example_kubernetes_executor.py
[2022-06-08 11:31:28,218] {logging_mixin.py:115} INFO - [2022-06-08 11:31:28,218] {example_kubernetes_executor.py:39} WARNING - The example_kubernetes_executor example DAG requires the kubernetes provider. Please install it with: pip install apache-airflow[cncf.kubernetes]
[2022-06-08 11:31:28,219] {processor.py:653} WARNING - No viable dags retrieved from /home/james/airflowa/lib/python3.8/site-packages/airflow/example_dags/example_kubernetes_executor.py
[2022-06-08 11:31:28,230] {processor.py:161} INFO - Processing /home/james/airflowa/lib/python3.8/site-packages/airflow/example_dags/example_kubernetes_executor.py took 0.036 seconds
[2022-06-08 11:32:13,631] {processor.py:153} INFO - Started process (PID=78807) to work on /home/james/airflowa/lib/python3.8/site-packages/airflow/example_dags/example_kubernetes_executor.py
[2022-06-08 11:32:13,632] {processor.py:641} INFO - Processing file /home/james/airflowa/lib/python3.8/site-packages/airflow/example_dags/example_kubernetes_executor.py for tasks to queue
[2022-06-08 11:32:13,632] {logging_mixin.py:115} INFO - [2022-06-08 11:32:13,632] {dagbag.py:507} INFO - Filling up the DagBag from /home/james/airflowa/lib/python3.8/site-packages/airflow/example_dags/example_kubernetes_executor.py
[2022-06-08 11:32:13,654] {logging_mixin.py:115} INFO - [2022-06-08 11:32:13,654] {example_kubernetes_executor.py:39} WARNING - The example_kubernetes_executor example DAG requires the kubernetes provider. Please install it with: pip install apache-airflow[cncf.kubernetes]
[2022-06-08 11:32:13,654] {processor.py:653} WARNING - No viable dags retrieved from /home/james/airflowa/lib/python3.8/site-packages/airflow/example_dags/example_kubernetes_executor.py
[2022-06-08 11:32:13,668] {processor.py:161} INFO - Processing /home/james/airflowa/lib/python3.8/site-packages/airflow/example_dags/example_kubernetes_executor.py took 0.041 seconds
[2022-06-08 11:33:01,766] {processor.py:153} INFO - Started process (PID=79088) to work on /home/james/airflowa/lib/python3.8/site-packages/airflow/example_dags/example_kubernetes_executor.py
[2022-06-08 11:33:01,767] {processor.py:641} INFO - Processing file /home/james/airflowa/lib/python3.8/site-packages/airflow/example_dags/example_kubernetes_executor.py for tasks to queue
[2022-06-08 11:33:01,768] {logging_mixin.py:115} INFO - [2022-06-08 11:33:01,768] {dagbag.py:507} INFO - Filling up the DagBag from /home/james/airflowa/lib/python3.8/site-packages/airflow/example_dags/example_kubernetes_executor.py
[2022-06-08 11:33:01,801] {logging_mixin.py:115} INFO - [2022-06-08 11:33:01,800] {example_kubernetes_executor.py:39} WARNING - The example_kubernetes_executor example DAG requires the kubernetes provider. Please install it with: pip install apache-airflow[cncf.kubernetes]
[2022-06-08 11:33:01,801] {processor.py:653} WARNING - No viable dags retrieved from /home/james/airflowa/lib/python3.8/site-packages/airflow/example_dags/example_kubernetes_executor.py
[2022-06-08 11:33:01,813] {processor.py:161} INFO - Processing /home/james/airflowa/lib/python3.8/site-packages/airflow/example_dags/example_kubernetes_executor.py took 0.053 seconds
[2022-06-08 11:33:51,044] {processor.py:153} INFO - Started process (PID=79389) to work on /home/james/airflowa/lib/python3.8/site-packages/airflow/example_dags/example_kubernetes_executor.py
[2022-06-08 11:33:51,046] {processor.py:641} INFO - Processing file /home/james/airflowa/lib/python3.8/site-packages/airflow/example_dags/example_kubernetes_executor.py for tasks to queue
[2022-06-08 11:33:51,047] {logging_mixin.py:115} INFO - [2022-06-08 11:33:51,047] {dagbag.py:507} INFO - Filling up the DagBag from /home/james/airflowa/lib/python3.8/site-packages/airflow/example_dags/example_kubernetes_executor.py
[2022-06-08 11:33:51,083] {logging_mixin.py:115} INFO - [2022-06-08 11:33:51,083] {example_kubernetes_executor.py:39} WARNING - The example_kubernetes_executor example DAG requires the kubernetes provider. Please install it with: pip install apache-airflow[cncf.kubernetes]
[2022-06-08 11:33:51,083] {processor.py:653} WARNING - No viable dags retrieved from /home/james/airflowa/lib/python3.8/site-packages/airflow/example_dags/example_kubernetes_executor.py
[2022-06-08 11:33:51,104] {processor.py:161} INFO - Processing /home/james/airflowa/lib/python3.8/site-packages/airflow/example_dags/example_kubernetes_executor.py took 0.064 seconds
[2022-06-08 11:34:41,264] {processor.py:153} INFO - Started process (PID=80031) to work on /home/james/airflowa/lib/python3.8/site-packages/airflow/example_dags/example_kubernetes_executor.py
[2022-06-08 11:34:41,269] {processor.py:641} INFO - Processing file /home/james/airflowa/lib/python3.8/site-packages/airflow/example_dags/example_kubernetes_executor.py for tasks to queue
[2022-06-08 11:34:41,270] {logging_mixin.py:115} INFO - [2022-06-08 11:34:41,270] {dagbag.py:507} INFO - Filling up the DagBag from /home/james/airflowa/lib/python3.8/site-packages/airflow/example_dags/example_kubernetes_executor.py
[2022-06-08 11:34:41,298] {logging_mixin.py:115} INFO - [2022-06-08 11:34:41,298] {example_kubernetes_executor.py:39} WARNING - The example_kubernetes_executor example DAG requires the kubernetes provider. Please install it with: pip install apache-airflow[cncf.kubernetes]
[2022-06-08 11:34:41,298] {processor.py:653} WARNING - No viable dags retrieved from /home/james/airflowa/lib/python3.8/site-packages/airflow/example_dags/example_kubernetes_executor.py
[2022-06-08 11:34:41,312] {processor.py:161} INFO - Processing /home/james/airflowa/lib/python3.8/site-packages/airflow/example_dags/example_kubernetes_executor.py took 0.052 seconds
[2022-06-08 12:21:51,630] {processor.py:153} INFO - Started process (PID=104740) to work on /home/james/airflowa/lib/python3.8/site-packages/airflow/example_dags/example_kubernetes_executor.py
[2022-06-08 12:21:51,631] {processor.py:641} INFO - Processing file /home/james/airflowa/lib/python3.8/site-packages/airflow/example_dags/example_kubernetes_executor.py for tasks to queue
[2022-06-08 12:21:51,632] {logging_mixin.py:115} INFO - [2022-06-08 12:21:51,631] {dagbag.py:507} INFO - Filling up the DagBag from /home/james/airflowa/lib/python3.8/site-packages/airflow/example_dags/example_kubernetes_executor.py
[2022-06-08 12:21:51,655] {logging_mixin.py:115} INFO - [2022-06-08 12:21:51,655] {example_kubernetes_executor.py:39} WARNING - The example_kubernetes_executor example DAG requires the kubernetes provider. Please install it with: pip install apache-airflow[cncf.kubernetes]
[2022-06-08 12:21:51,656] {processor.py:653} WARNING - No viable dags retrieved from /home/james/airflowa/lib/python3.8/site-packages/airflow/example_dags/example_kubernetes_executor.py
[2022-06-08 12:21:51,670] {processor.py:161} INFO - Processing /home/james/airflowa/lib/python3.8/site-packages/airflow/example_dags/example_kubernetes_executor.py took 0.043 seconds
[2022-06-08 12:22:36,508] {processor.py:153} INFO - Started process (PID=104978) to work on /home/james/airflowa/lib/python3.8/site-packages/airflow/example_dags/example_kubernetes_executor.py
[2022-06-08 12:22:36,509] {processor.py:641} INFO - Processing file /home/james/airflowa/lib/python3.8/site-packages/airflow/example_dags/example_kubernetes_executor.py for tasks to queue
[2022-06-08 12:22:36,509] {logging_mixin.py:115} INFO - [2022-06-08 12:22:36,509] {dagbag.py:507} INFO - Filling up the DagBag from /home/james/airflowa/lib/python3.8/site-packages/airflow/example_dags/example_kubernetes_executor.py
[2022-06-08 12:22:36,528] {logging_mixin.py:115} INFO - [2022-06-08 12:22:36,528] {example_kubernetes_executor.py:39} WARNING - The example_kubernetes_executor example DAG requires the kubernetes provider. Please install it with: pip install apache-airflow[cncf.kubernetes]
[2022-06-08 12:22:36,528] {processor.py:653} WARNING - No viable dags retrieved from /home/james/airflowa/lib/python3.8/site-packages/airflow/example_dags/example_kubernetes_executor.py
[2022-06-08 12:22:36,540] {processor.py:161} INFO - Processing /home/james/airflowa/lib/python3.8/site-packages/airflow/example_dags/example_kubernetes_executor.py took 0.035 seconds
[2022-06-08 12:36:37,065] {processor.py:153} INFO - Started process (PID=112498) to work on /home/james/airflowa/lib/python3.8/site-packages/airflow/example_dags/example_kubernetes_executor.py
[2022-06-08 12:36:37,066] {processor.py:641} INFO - Processing file /home/james/airflowa/lib/python3.8/site-packages/airflow/example_dags/example_kubernetes_executor.py for tasks to queue
[2022-06-08 12:36:37,067] {logging_mixin.py:115} INFO - [2022-06-08 12:36:37,067] {dagbag.py:507} INFO - Filling up the DagBag from /home/james/airflowa/lib/python3.8/site-packages/airflow/example_dags/example_kubernetes_executor.py
[2022-06-08 12:36:37,089] {logging_mixin.py:115} INFO - [2022-06-08 12:36:37,089] {example_kubernetes_executor.py:39} WARNING - The example_kubernetes_executor example DAG requires the kubernetes provider. Please install it with: pip install apache-airflow[cncf.kubernetes]
[2022-06-08 12:36:37,089] {processor.py:653} WARNING - No viable dags retrieved from /home/james/airflowa/lib/python3.8/site-packages/airflow/example_dags/example_kubernetes_executor.py
[2022-06-08 12:36:37,106] {processor.py:161} INFO - Processing /home/james/airflowa/lib/python3.8/site-packages/airflow/example_dags/example_kubernetes_executor.py took 0.045 seconds
[2022-06-08 12:39:11,218] {processor.py:153} INFO - Started process (PID=115541) to work on /home/james/airflowa/lib/python3.8/site-packages/airflow/example_dags/example_kubernetes_executor.py
[2022-06-08 12:39:11,219] {processor.py:641} INFO - Processing file /home/james/airflowa/lib/python3.8/site-packages/airflow/example_dags/example_kubernetes_executor.py for tasks to queue
[2022-06-08 12:39:11,220] {logging_mixin.py:115} INFO - [2022-06-08 12:39:11,220] {dagbag.py:507} INFO - Filling up the DagBag from /home/james/airflowa/lib/python3.8/site-packages/airflow/example_dags/example_kubernetes_executor.py
[2022-06-08 12:39:11,260] {logging_mixin.py:115} INFO - [2022-06-08 12:39:11,260] {example_kubernetes_executor.py:39} WARNING - The example_kubernetes_executor example DAG requires the kubernetes provider. Please install it with: pip install apache-airflow[cncf.kubernetes]
[2022-06-08 12:39:11,261] {processor.py:653} WARNING - No viable dags retrieved from /home/james/airflowa/lib/python3.8/site-packages/airflow/example_dags/example_kubernetes_executor.py
[2022-06-08 12:39:11,292] {processor.py:161} INFO - Processing /home/james/airflowa/lib/python3.8/site-packages/airflow/example_dags/example_kubernetes_executor.py took 0.081 seconds
[2022-06-08 12:40:07,832] {processor.py:153} INFO - Started process (PID=116322) to work on /home/james/airflowa/lib/python3.8/site-packages/airflow/example_dags/example_kubernetes_executor.py
[2022-06-08 12:40:07,833] {processor.py:641} INFO - Processing file /home/james/airflowa/lib/python3.8/site-packages/airflow/example_dags/example_kubernetes_executor.py for tasks to queue
[2022-06-08 12:40:07,833] {logging_mixin.py:115} INFO - [2022-06-08 12:40:07,833] {dagbag.py:507} INFO - Filling up the DagBag from /home/james/airflowa/lib/python3.8/site-packages/airflow/example_dags/example_kubernetes_executor.py
[2022-06-08 12:40:07,852] {logging_mixin.py:115} INFO - [2022-06-08 12:40:07,851] {example_kubernetes_executor.py:39} WARNING - The example_kubernetes_executor example DAG requires the kubernetes provider. Please install it with: pip install apache-airflow[cncf.kubernetes]
[2022-06-08 12:40:07,852] {processor.py:653} WARNING - No viable dags retrieved from /home/james/airflowa/lib/python3.8/site-packages/airflow/example_dags/example_kubernetes_executor.py
[2022-06-08 12:40:07,859] {processor.py:161} INFO - Processing /home/james/airflowa/lib/python3.8/site-packages/airflow/example_dags/example_kubernetes_executor.py took 0.029 seconds
[2022-06-08 12:41:06,439] {processor.py:153} INFO - Started process (PID=116702) to work on /home/james/airflowa/lib/python3.8/site-packages/airflow/example_dags/example_kubernetes_executor.py
[2022-06-08 12:41:06,440] {processor.py:641} INFO - Processing file /home/james/airflowa/lib/python3.8/site-packages/airflow/example_dags/example_kubernetes_executor.py for tasks to queue
[2022-06-08 12:41:06,441] {logging_mixin.py:115} INFO - [2022-06-08 12:41:06,441] {dagbag.py:507} INFO - Filling up the DagBag from /home/james/airflowa/lib/python3.8/site-packages/airflow/example_dags/example_kubernetes_executor.py
[2022-06-08 12:41:06,464] {logging_mixin.py:115} INFO - [2022-06-08 12:41:06,464] {example_kubernetes_executor.py:39} WARNING - The example_kubernetes_executor example DAG requires the kubernetes provider. Please install it with: pip install apache-airflow[cncf.kubernetes]
[2022-06-08 12:41:06,464] {processor.py:653} WARNING - No viable dags retrieved from /home/james/airflowa/lib/python3.8/site-packages/airflow/example_dags/example_kubernetes_executor.py
[2022-06-08 12:41:06,475] {processor.py:161} INFO - Processing /home/james/airflowa/lib/python3.8/site-packages/airflow/example_dags/example_kubernetes_executor.py took 0.039 seconds
[2022-06-08 12:45:05,125] {processor.py:153} INFO - Started process (PID=118108) to work on /home/james/airflowa/lib/python3.8/site-packages/airflow/example_dags/example_kubernetes_executor.py
[2022-06-08 12:45:05,130] {processor.py:641} INFO - Processing file /home/james/airflowa/lib/python3.8/site-packages/airflow/example_dags/example_kubernetes_executor.py for tasks to queue
[2022-06-08 12:45:05,130] {logging_mixin.py:115} INFO - [2022-06-08 12:45:05,130] {dagbag.py:507} INFO - Filling up the DagBag from /home/james/airflowa/lib/python3.8/site-packages/airflow/example_dags/example_kubernetes_executor.py
[2022-06-08 12:45:05,165] {logging_mixin.py:115} INFO - [2022-06-08 12:45:05,164] {example_kubernetes_executor.py:39} WARNING - The example_kubernetes_executor example DAG requires the kubernetes provider. Please install it with: pip install apache-airflow[cncf.kubernetes]
[2022-06-08 12:45:05,165] {processor.py:653} WARNING - No viable dags retrieved from /home/james/airflowa/lib/python3.8/site-packages/airflow/example_dags/example_kubernetes_executor.py
[2022-06-08 12:45:05,178] {processor.py:161} INFO - Processing /home/james/airflowa/lib/python3.8/site-packages/airflow/example_dags/example_kubernetes_executor.py took 0.057 seconds
[2022-06-08 12:46:01,426] {processor.py:153} INFO - Started process (PID=118435) to work on /home/james/airflowa/lib/python3.8/site-packages/airflow/example_dags/example_kubernetes_executor.py
[2022-06-08 12:46:01,427] {processor.py:641} INFO - Processing file /home/james/airflowa/lib/python3.8/site-packages/airflow/example_dags/example_kubernetes_executor.py for tasks to queue
[2022-06-08 12:46:01,427] {logging_mixin.py:115} INFO - [2022-06-08 12:46:01,427] {dagbag.py:507} INFO - Filling up the DagBag from /home/james/airflowa/lib/python3.8/site-packages/airflow/example_dags/example_kubernetes_executor.py
[2022-06-08 12:46:01,446] {logging_mixin.py:115} INFO - [2022-06-08 12:46:01,446] {example_kubernetes_executor.py:39} WARNING - The example_kubernetes_executor example DAG requires the kubernetes provider. Please install it with: pip install apache-airflow[cncf.kubernetes]
[2022-06-08 12:46:01,446] {processor.py:653} WARNING - No viable dags retrieved from /home/james/airflowa/lib/python3.8/site-packages/airflow/example_dags/example_kubernetes_executor.py
[2022-06-08 12:46:01,454] {processor.py:161} INFO - Processing /home/james/airflowa/lib/python3.8/site-packages/airflow/example_dags/example_kubernetes_executor.py took 0.031 seconds
[2022-06-08 12:47:15,599] {processor.py:153} INFO - Started process (PID=119337) to work on /home/james/airflowa/lib/python3.8/site-packages/airflow/example_dags/example_kubernetes_executor.py
[2022-06-08 12:47:15,600] {processor.py:641} INFO - Processing file /home/james/airflowa/lib/python3.8/site-packages/airflow/example_dags/example_kubernetes_executor.py for tasks to queue
[2022-06-08 12:47:15,601] {logging_mixin.py:115} INFO - [2022-06-08 12:47:15,601] {dagbag.py:507} INFO - Filling up the DagBag from /home/james/airflowa/lib/python3.8/site-packages/airflow/example_dags/example_kubernetes_executor.py
[2022-06-08 12:47:15,629] {logging_mixin.py:115} INFO - [2022-06-08 12:47:15,629] {example_kubernetes_executor.py:39} WARNING - The example_kubernetes_executor example DAG requires the kubernetes provider. Please install it with: pip install apache-airflow[cncf.kubernetes]
[2022-06-08 12:47:15,630] {processor.py:653} WARNING - No viable dags retrieved from /home/james/airflowa/lib/python3.8/site-packages/airflow/example_dags/example_kubernetes_executor.py
[2022-06-08 12:47:15,642] {processor.py:161} INFO - Processing /home/james/airflowa/lib/python3.8/site-packages/airflow/example_dags/example_kubernetes_executor.py took 0.046 seconds
[2022-06-08 12:48:33,708] {processor.py:153} INFO - Started process (PID=119738) to work on /home/james/airflowa/lib/python3.8/site-packages/airflow/example_dags/example_kubernetes_executor.py
[2022-06-08 12:48:33,709] {processor.py:641} INFO - Processing file /home/james/airflowa/lib/python3.8/site-packages/airflow/example_dags/example_kubernetes_executor.py for tasks to queue
[2022-06-08 12:48:33,709] {logging_mixin.py:115} INFO - [2022-06-08 12:48:33,709] {dagbag.py:507} INFO - Filling up the DagBag from /home/james/airflowa/lib/python3.8/site-packages/airflow/example_dags/example_kubernetes_executor.py
[2022-06-08 12:48:33,723] {logging_mixin.py:115} INFO - [2022-06-08 12:48:33,722] {example_kubernetes_executor.py:39} WARNING - The example_kubernetes_executor example DAG requires the kubernetes provider. Please install it with: pip install apache-airflow[cncf.kubernetes]
[2022-06-08 12:48:33,723] {processor.py:653} WARNING - No viable dags retrieved from /home/james/airflowa/lib/python3.8/site-packages/airflow/example_dags/example_kubernetes_executor.py
[2022-06-08 12:48:33,732] {processor.py:161} INFO - Processing /home/james/airflowa/lib/python3.8/site-packages/airflow/example_dags/example_kubernetes_executor.py took 0.026 seconds
[2022-06-08 12:50:24,301] {processor.py:153} INFO - Started process (PID=120872) to work on /home/james/airflowa/lib/python3.8/site-packages/airflow/example_dags/example_kubernetes_executor.py
[2022-06-08 12:50:24,302] {processor.py:641} INFO - Processing file /home/james/airflowa/lib/python3.8/site-packages/airflow/example_dags/example_kubernetes_executor.py for tasks to queue
[2022-06-08 12:50:24,303] {logging_mixin.py:115} INFO - [2022-06-08 12:50:24,303] {dagbag.py:507} INFO - Filling up the DagBag from /home/james/airflowa/lib/python3.8/site-packages/airflow/example_dags/example_kubernetes_executor.py
[2022-06-08 12:50:24,349] {logging_mixin.py:115} INFO - [2022-06-08 12:50:24,349] {example_kubernetes_executor.py:39} WARNING - The example_kubernetes_executor example DAG requires the kubernetes provider. Please install it with: pip install apache-airflow[cncf.kubernetes]
[2022-06-08 12:50:24,350] {processor.py:653} WARNING - No viable dags retrieved from /home/james/airflowa/lib/python3.8/site-packages/airflow/example_dags/example_kubernetes_executor.py
[2022-06-08 12:50:24,376] {processor.py:161} INFO - Processing /home/james/airflowa/lib/python3.8/site-packages/airflow/example_dags/example_kubernetes_executor.py took 0.080 seconds
[2022-06-08 12:52:45,833] {processor.py:153} INFO - Started process (PID=121603) to work on /home/james/airflowa/lib/python3.8/site-packages/airflow/example_dags/example_kubernetes_executor.py
[2022-06-08 12:52:45,835] {processor.py:641} INFO - Processing file /home/james/airflowa/lib/python3.8/site-packages/airflow/example_dags/example_kubernetes_executor.py for tasks to queue
[2022-06-08 12:52:45,837] {logging_mixin.py:115} INFO - [2022-06-08 12:52:45,837] {dagbag.py:507} INFO - Filling up the DagBag from /home/james/airflowa/lib/python3.8/site-packages/airflow/example_dags/example_kubernetes_executor.py
[2022-06-08 12:52:45,882] {logging_mixin.py:115} INFO - [2022-06-08 12:52:45,882] {example_kubernetes_executor.py:39} WARNING - The example_kubernetes_executor example DAG requires the kubernetes provider. Please install it with: pip install apache-airflow[cncf.kubernetes]
[2022-06-08 12:52:45,883] {processor.py:653} WARNING - No viable dags retrieved from /home/james/airflowa/lib/python3.8/site-packages/airflow/example_dags/example_kubernetes_executor.py
[2022-06-08 12:52:45,909] {processor.py:161} INFO - Processing /home/james/airflowa/lib/python3.8/site-packages/airflow/example_dags/example_kubernetes_executor.py took 0.083 seconds
[2022-06-08 12:53:50,793] {processor.py:153} INFO - Started process (PID=122091) to work on /home/james/airflowa/lib/python3.8/site-packages/airflow/example_dags/example_kubernetes_executor.py
[2022-06-08 12:53:50,795] {processor.py:641} INFO - Processing file /home/james/airflowa/lib/python3.8/site-packages/airflow/example_dags/example_kubernetes_executor.py for tasks to queue
[2022-06-08 12:53:50,796] {logging_mixin.py:115} INFO - [2022-06-08 12:53:50,795] {dagbag.py:507} INFO - Filling up the DagBag from /home/james/airflowa/lib/python3.8/site-packages/airflow/example_dags/example_kubernetes_executor.py
[2022-06-08 12:53:50,841] {logging_mixin.py:115} INFO - [2022-06-08 12:53:50,841] {example_kubernetes_executor.py:39} WARNING - The example_kubernetes_executor example DAG requires the kubernetes provider. Please install it with: pip install apache-airflow[cncf.kubernetes]
[2022-06-08 12:53:50,842] {processor.py:653} WARNING - No viable dags retrieved from /home/james/airflowa/lib/python3.8/site-packages/airflow/example_dags/example_kubernetes_executor.py
[2022-06-08 12:53:50,868] {processor.py:161} INFO - Processing /home/james/airflowa/lib/python3.8/site-packages/airflow/example_dags/example_kubernetes_executor.py took 0.081 seconds
[2022-06-08 12:55:06,527] {processor.py:153} INFO - Started process (PID=122576) to work on /home/james/airflowa/lib/python3.8/site-packages/airflow/example_dags/example_kubernetes_executor.py
[2022-06-08 12:55:06,528] {processor.py:641} INFO - Processing file /home/james/airflowa/lib/python3.8/site-packages/airflow/example_dags/example_kubernetes_executor.py for tasks to queue
[2022-06-08 12:55:06,529] {logging_mixin.py:115} INFO - [2022-06-08 12:55:06,529] {dagbag.py:507} INFO - Filling up the DagBag from /home/james/airflowa/lib/python3.8/site-packages/airflow/example_dags/example_kubernetes_executor.py
[2022-06-08 12:55:06,559] {logging_mixin.py:115} INFO - [2022-06-08 12:55:06,559] {example_kubernetes_executor.py:39} WARNING - The example_kubernetes_executor example DAG requires the kubernetes provider. Please install it with: pip install apache-airflow[cncf.kubernetes]
[2022-06-08 12:55:06,559] {processor.py:653} WARNING - No viable dags retrieved from /home/james/airflowa/lib/python3.8/site-packages/airflow/example_dags/example_kubernetes_executor.py
[2022-06-08 12:55:06,580] {processor.py:161} INFO - Processing /home/james/airflowa/lib/python3.8/site-packages/airflow/example_dags/example_kubernetes_executor.py took 0.058 seconds
[2022-06-08 12:56:17,052] {processor.py:153} INFO - Started process (PID=122963) to work on /home/james/airflowa/lib/python3.8/site-packages/airflow/example_dags/example_kubernetes_executor.py
[2022-06-08 12:56:17,052] {processor.py:641} INFO - Processing file /home/james/airflowa/lib/python3.8/site-packages/airflow/example_dags/example_kubernetes_executor.py for tasks to queue
[2022-06-08 12:56:17,053] {logging_mixin.py:115} INFO - [2022-06-08 12:56:17,053] {dagbag.py:507} INFO - Filling up the DagBag from /home/james/airflowa/lib/python3.8/site-packages/airflow/example_dags/example_kubernetes_executor.py
[2022-06-08 12:56:17,065] {logging_mixin.py:115} INFO - [2022-06-08 12:56:17,064] {example_kubernetes_executor.py:39} WARNING - The example_kubernetes_executor example DAG requires the kubernetes provider. Please install it with: pip install apache-airflow[cncf.kubernetes]
[2022-06-08 12:56:17,065] {processor.py:653} WARNING - No viable dags retrieved from /home/james/airflowa/lib/python3.8/site-packages/airflow/example_dags/example_kubernetes_executor.py
[2022-06-08 12:56:17,073] {processor.py:161} INFO - Processing /home/james/airflowa/lib/python3.8/site-packages/airflow/example_dags/example_kubernetes_executor.py took 0.023 seconds
[2022-06-08 12:57:26,719] {processor.py:153} INFO - Started process (PID=123274) to work on /home/james/airflowa/lib/python3.8/site-packages/airflow/example_dags/example_kubernetes_executor.py
[2022-06-08 12:57:26,720] {processor.py:641} INFO - Processing file /home/james/airflowa/lib/python3.8/site-packages/airflow/example_dags/example_kubernetes_executor.py for tasks to queue
[2022-06-08 12:57:26,721] {logging_mixin.py:115} INFO - [2022-06-08 12:57:26,721] {dagbag.py:507} INFO - Filling up the DagBag from /home/james/airflowa/lib/python3.8/site-packages/airflow/example_dags/example_kubernetes_executor.py
[2022-06-08 12:57:26,750] {logging_mixin.py:115} INFO - [2022-06-08 12:57:26,750] {example_kubernetes_executor.py:39} WARNING - The example_kubernetes_executor example DAG requires the kubernetes provider. Please install it with: pip install apache-airflow[cncf.kubernetes]
[2022-06-08 12:57:26,750] {processor.py:653} WARNING - No viable dags retrieved from /home/james/airflowa/lib/python3.8/site-packages/airflow/example_dags/example_kubernetes_executor.py
[2022-06-08 12:57:26,770] {processor.py:161} INFO - Processing /home/james/airflowa/lib/python3.8/site-packages/airflow/example_dags/example_kubernetes_executor.py took 0.057 seconds
[2022-06-08 12:58:36,849] {processor.py:153} INFO - Started process (PID=123704) to work on /home/james/airflowa/lib/python3.8/site-packages/airflow/example_dags/example_kubernetes_executor.py
[2022-06-08 12:58:36,850] {processor.py:641} INFO - Processing file /home/james/airflowa/lib/python3.8/site-packages/airflow/example_dags/example_kubernetes_executor.py for tasks to queue
[2022-06-08 12:58:36,851] {logging_mixin.py:115} INFO - [2022-06-08 12:58:36,850] {dagbag.py:507} INFO - Filling up the DagBag from /home/james/airflowa/lib/python3.8/site-packages/airflow/example_dags/example_kubernetes_executor.py
[2022-06-08 12:58:36,863] {logging_mixin.py:115} INFO - [2022-06-08 12:58:36,863] {example_kubernetes_executor.py:39} WARNING - The example_kubernetes_executor example DAG requires the kubernetes provider. Please install it with: pip install apache-airflow[cncf.kubernetes]
[2022-06-08 12:58:36,863] {processor.py:653} WARNING - No viable dags retrieved from /home/james/airflowa/lib/python3.8/site-packages/airflow/example_dags/example_kubernetes_executor.py
[2022-06-08 12:58:36,871] {processor.py:161} INFO - Processing /home/james/airflowa/lib/python3.8/site-packages/airflow/example_dags/example_kubernetes_executor.py took 0.024 seconds
[2022-06-08 12:59:16,534] {processor.py:153} INFO - Started process (PID=124005) to work on /home/james/airflowa/lib/python3.8/site-packages/airflow/example_dags/example_kubernetes_executor.py
[2022-06-08 12:59:16,535] {processor.py:641} INFO - Processing file /home/james/airflowa/lib/python3.8/site-packages/airflow/example_dags/example_kubernetes_executor.py for tasks to queue
[2022-06-08 12:59:16,535] {logging_mixin.py:115} INFO - [2022-06-08 12:59:16,535] {dagbag.py:507} INFO - Filling up the DagBag from /home/james/airflowa/lib/python3.8/site-packages/airflow/example_dags/example_kubernetes_executor.py
[2022-06-08 12:59:16,547] {logging_mixin.py:115} INFO - [2022-06-08 12:59:16,547] {example_kubernetes_executor.py:39} WARNING - The example_kubernetes_executor example DAG requires the kubernetes provider. Please install it with: pip install apache-airflow[cncf.kubernetes]
[2022-06-08 12:59:16,547] {processor.py:653} WARNING - No viable dags retrieved from /home/james/airflowa/lib/python3.8/site-packages/airflow/example_dags/example_kubernetes_executor.py
[2022-06-08 12:59:16,555] {processor.py:161} INFO - Processing /home/james/airflowa/lib/python3.8/site-packages/airflow/example_dags/example_kubernetes_executor.py took 0.023 seconds
[2022-06-08 13:00:06,786] {processor.py:153} INFO - Started process (PID=124720) to work on /home/james/airflowa/lib/python3.8/site-packages/airflow/example_dags/example_kubernetes_executor.py
[2022-06-08 13:00:06,787] {processor.py:641} INFO - Processing file /home/james/airflowa/lib/python3.8/site-packages/airflow/example_dags/example_kubernetes_executor.py for tasks to queue
[2022-06-08 13:00:06,787] {logging_mixin.py:115} INFO - [2022-06-08 13:00:06,787] {dagbag.py:507} INFO - Filling up the DagBag from /home/james/airflowa/lib/python3.8/site-packages/airflow/example_dags/example_kubernetes_executor.py
[2022-06-08 13:00:06,799] {logging_mixin.py:115} INFO - [2022-06-08 13:00:06,799] {example_kubernetes_executor.py:39} WARNING - The example_kubernetes_executor example DAG requires the kubernetes provider. Please install it with: pip install apache-airflow[cncf.kubernetes]
[2022-06-08 13:00:06,799] {processor.py:653} WARNING - No viable dags retrieved from /home/james/airflowa/lib/python3.8/site-packages/airflow/example_dags/example_kubernetes_executor.py
[2022-06-08 13:00:06,807] {processor.py:161} INFO - Processing /home/james/airflowa/lib/python3.8/site-packages/airflow/example_dags/example_kubernetes_executor.py took 0.024 seconds
[2022-06-08 13:00:49,916] {processor.py:153} INFO - Started process (PID=124999) to work on /home/james/airflowa/lib/python3.8/site-packages/airflow/example_dags/example_kubernetes_executor.py
[2022-06-08 13:00:49,916] {processor.py:641} INFO - Processing file /home/james/airflowa/lib/python3.8/site-packages/airflow/example_dags/example_kubernetes_executor.py for tasks to queue
[2022-06-08 13:00:49,917] {logging_mixin.py:115} INFO - [2022-06-08 13:00:49,917] {dagbag.py:507} INFO - Filling up the DagBag from /home/james/airflowa/lib/python3.8/site-packages/airflow/example_dags/example_kubernetes_executor.py
[2022-06-08 13:00:49,929] {logging_mixin.py:115} INFO - [2022-06-08 13:00:49,928] {example_kubernetes_executor.py:39} WARNING - The example_kubernetes_executor example DAG requires the kubernetes provider. Please install it with: pip install apache-airflow[cncf.kubernetes]
[2022-06-08 13:00:49,929] {processor.py:653} WARNING - No viable dags retrieved from /home/james/airflowa/lib/python3.8/site-packages/airflow/example_dags/example_kubernetes_executor.py
[2022-06-08 13:00:49,937] {processor.py:161} INFO - Processing /home/james/airflowa/lib/python3.8/site-packages/airflow/example_dags/example_kubernetes_executor.py took 0.024 seconds
[2022-06-08 13:02:07,474] {processor.py:153} INFO - Started process (PID=125448) to work on /home/james/airflowa/lib/python3.8/site-packages/airflow/example_dags/example_kubernetes_executor.py
[2022-06-08 13:02:07,475] {processor.py:641} INFO - Processing file /home/james/airflowa/lib/python3.8/site-packages/airflow/example_dags/example_kubernetes_executor.py for tasks to queue
[2022-06-08 13:02:07,475] {logging_mixin.py:115} INFO - [2022-06-08 13:02:07,475] {dagbag.py:507} INFO - Filling up the DagBag from /home/james/airflowa/lib/python3.8/site-packages/airflow/example_dags/example_kubernetes_executor.py
[2022-06-08 13:02:07,491] {logging_mixin.py:115} INFO - [2022-06-08 13:02:07,490] {example_kubernetes_executor.py:39} WARNING - The example_kubernetes_executor example DAG requires the kubernetes provider. Please install it with: pip install apache-airflow[cncf.kubernetes]
[2022-06-08 13:02:07,491] {processor.py:653} WARNING - No viable dags retrieved from /home/james/airflowa/lib/python3.8/site-packages/airflow/example_dags/example_kubernetes_executor.py
[2022-06-08 13:02:07,499] {processor.py:161} INFO - Processing /home/james/airflowa/lib/python3.8/site-packages/airflow/example_dags/example_kubernetes_executor.py took 0.027 seconds
[2022-06-08 13:03:09,965] {processor.py:153} INFO - Started process (PID=125772) to work on /home/james/airflowa/lib/python3.8/site-packages/airflow/example_dags/example_kubernetes_executor.py
[2022-06-08 13:03:09,966] {processor.py:641} INFO - Processing file /home/james/airflowa/lib/python3.8/site-packages/airflow/example_dags/example_kubernetes_executor.py for tasks to queue
[2022-06-08 13:03:09,966] {logging_mixin.py:115} INFO - [2022-06-08 13:03:09,966] {dagbag.py:507} INFO - Filling up the DagBag from /home/james/airflowa/lib/python3.8/site-packages/airflow/example_dags/example_kubernetes_executor.py
[2022-06-08 13:03:09,979] {logging_mixin.py:115} INFO - [2022-06-08 13:03:09,978] {example_kubernetes_executor.py:39} WARNING - The example_kubernetes_executor example DAG requires the kubernetes provider. Please install it with: pip install apache-airflow[cncf.kubernetes]
[2022-06-08 13:03:09,979] {processor.py:653} WARNING - No viable dags retrieved from /home/james/airflowa/lib/python3.8/site-packages/airflow/example_dags/example_kubernetes_executor.py
[2022-06-08 13:03:09,986] {processor.py:161} INFO - Processing /home/james/airflowa/lib/python3.8/site-packages/airflow/example_dags/example_kubernetes_executor.py took 0.024 seconds
[2022-06-08 13:04:04,330] {processor.py:153} INFO - Started process (PID=126290) to work on /home/james/airflowa/lib/python3.8/site-packages/airflow/example_dags/example_kubernetes_executor.py
[2022-06-08 13:04:04,331] {processor.py:641} INFO - Processing file /home/james/airflowa/lib/python3.8/site-packages/airflow/example_dags/example_kubernetes_executor.py for tasks to queue
[2022-06-08 13:04:04,332] {logging_mixin.py:115} INFO - [2022-06-08 13:04:04,332] {dagbag.py:507} INFO - Filling up the DagBag from /home/james/airflowa/lib/python3.8/site-packages/airflow/example_dags/example_kubernetes_executor.py
[2022-06-08 13:04:04,344] {logging_mixin.py:115} INFO - [2022-06-08 13:04:04,344] {example_kubernetes_executor.py:39} WARNING - The example_kubernetes_executor example DAG requires the kubernetes provider. Please install it with: pip install apache-airflow[cncf.kubernetes]
[2022-06-08 13:04:04,344] {processor.py:653} WARNING - No viable dags retrieved from /home/james/airflowa/lib/python3.8/site-packages/airflow/example_dags/example_kubernetes_executor.py
[2022-06-08 13:04:04,352] {processor.py:161} INFO - Processing /home/james/airflowa/lib/python3.8/site-packages/airflow/example_dags/example_kubernetes_executor.py took 0.026 seconds
[2022-06-08 13:04:43,559] {processor.py:153} INFO - Started process (PID=126420) to work on /home/james/airflowa/lib/python3.8/site-packages/airflow/example_dags/example_kubernetes_executor.py
[2022-06-08 13:04:43,560] {processor.py:641} INFO - Processing file /home/james/airflowa/lib/python3.8/site-packages/airflow/example_dags/example_kubernetes_executor.py for tasks to queue
[2022-06-08 13:04:43,560] {logging_mixin.py:115} INFO - [2022-06-08 13:04:43,560] {dagbag.py:507} INFO - Filling up the DagBag from /home/james/airflowa/lib/python3.8/site-packages/airflow/example_dags/example_kubernetes_executor.py
[2022-06-08 13:04:43,572] {logging_mixin.py:115} INFO - [2022-06-08 13:04:43,572] {example_kubernetes_executor.py:39} WARNING - The example_kubernetes_executor example DAG requires the kubernetes provider. Please install it with: pip install apache-airflow[cncf.kubernetes]
[2022-06-08 13:04:43,572] {processor.py:653} WARNING - No viable dags retrieved from /home/james/airflowa/lib/python3.8/site-packages/airflow/example_dags/example_kubernetes_executor.py
[2022-06-08 13:04:43,581] {processor.py:161} INFO - Processing /home/james/airflowa/lib/python3.8/site-packages/airflow/example_dags/example_kubernetes_executor.py took 0.024 seconds
[2022-06-08 13:05:58,753] {processor.py:153} INFO - Started process (PID=126772) to work on /home/james/airflowa/lib/python3.8/site-packages/airflow/example_dags/example_kubernetes_executor.py
[2022-06-08 13:05:58,754] {processor.py:641} INFO - Processing file /home/james/airflowa/lib/python3.8/site-packages/airflow/example_dags/example_kubernetes_executor.py for tasks to queue
[2022-06-08 13:05:58,754] {logging_mixin.py:115} INFO - [2022-06-08 13:05:58,754] {dagbag.py:507} INFO - Filling up the DagBag from /home/james/airflowa/lib/python3.8/site-packages/airflow/example_dags/example_kubernetes_executor.py
[2022-06-08 13:05:58,766] {logging_mixin.py:115} INFO - [2022-06-08 13:05:58,766] {example_kubernetes_executor.py:39} WARNING - The example_kubernetes_executor example DAG requires the kubernetes provider. Please install it with: pip install apache-airflow[cncf.kubernetes]
[2022-06-08 13:05:58,767] {processor.py:653} WARNING - No viable dags retrieved from /home/james/airflowa/lib/python3.8/site-packages/airflow/example_dags/example_kubernetes_executor.py
[2022-06-08 13:05:58,775] {processor.py:161} INFO - Processing /home/james/airflowa/lib/python3.8/site-packages/airflow/example_dags/example_kubernetes_executor.py took 0.024 seconds
