[2022-06-08 09:04:15,804] {processor.py:153} INFO - Started process (PID=23810) to work on /home/james/airflowa/lib/python3.8/site-packages/airflow/example_dags/example_branch_labels.py
[2022-06-08 09:04:15,804] {processor.py:641} INFO - Processing file /home/james/airflowa/lib/python3.8/site-packages/airflow/example_dags/example_branch_labels.py for tasks to queue
[2022-06-08 09:04:15,804] {logging_mixin.py:115} INFO - [2022-06-08 09:04:15,804] {dagbag.py:507} INFO - Filling up the DagBag from /home/james/airflowa/lib/python3.8/site-packages/airflow/example_dags/example_branch_labels.py
[2022-06-08 09:04:15,810] {processor.py:651} INFO - DAG(s) dict_keys(['example_branch_labels']) retrieved from /home/james/airflowa/lib/python3.8/site-packages/airflow/example_dags/example_branch_labels.py
[2022-06-08 09:04:15,824] {logging_mixin.py:115} INFO - [2022-06-08 09:04:15,824] {dag.py:2379} INFO - Sync 1 DAGs
[2022-06-08 09:04:15,844] {logging_mixin.py:115} INFO - [2022-06-08 09:04:15,844] {dag.py:2927} INFO - Setting next_dagrun for example_branch_labels to 2022-06-07T00:00:00+00:00, run_after=2022-06-08T00:00:00+00:00
[2022-06-08 09:04:15,880] {processor.py:161} INFO - Processing /home/james/airflowa/lib/python3.8/site-packages/airflow/example_dags/example_branch_labels.py took 0.078 seconds
[2022-06-08 09:04:51,480] {processor.py:153} INFO - Started process (PID=23961) to work on /home/james/airflowa/lib/python3.8/site-packages/airflow/example_dags/example_branch_labels.py
[2022-06-08 09:04:51,480] {processor.py:641} INFO - Processing file /home/james/airflowa/lib/python3.8/site-packages/airflow/example_dags/example_branch_labels.py for tasks to queue
[2022-06-08 09:04:51,481] {logging_mixin.py:115} INFO - [2022-06-08 09:04:51,481] {dagbag.py:507} INFO - Filling up the DagBag from /home/james/airflowa/lib/python3.8/site-packages/airflow/example_dags/example_branch_labels.py
[2022-06-08 09:04:51,486] {processor.py:651} INFO - DAG(s) dict_keys(['example_branch_labels']) retrieved from /home/james/airflowa/lib/python3.8/site-packages/airflow/example_dags/example_branch_labels.py
[2022-06-08 09:04:51,500] {logging_mixin.py:115} INFO - [2022-06-08 09:04:51,500] {dag.py:2379} INFO - Sync 1 DAGs
[2022-06-08 09:04:51,517] {logging_mixin.py:115} INFO - [2022-06-08 09:04:51,517] {dag.py:2927} INFO - Setting next_dagrun for example_branch_labels to 2022-06-07T00:00:00+00:00, run_after=2022-06-08T00:00:00+00:00
[2022-06-08 09:04:51,528] {processor.py:161} INFO - Processing /home/james/airflowa/lib/python3.8/site-packages/airflow/example_dags/example_branch_labels.py took 0.051 seconds
[2022-06-08 09:05:55,675] {processor.py:153} INFO - Started process (PID=24506) to work on /home/james/airflowa/lib/python3.8/site-packages/airflow/example_dags/example_branch_labels.py
[2022-06-08 09:05:55,675] {processor.py:641} INFO - Processing file /home/james/airflowa/lib/python3.8/site-packages/airflow/example_dags/example_branch_labels.py for tasks to queue
[2022-06-08 09:05:55,676] {logging_mixin.py:115} INFO - [2022-06-08 09:05:55,676] {dagbag.py:507} INFO - Filling up the DagBag from /home/james/airflowa/lib/python3.8/site-packages/airflow/example_dags/example_branch_labels.py
[2022-06-08 09:05:55,681] {processor.py:651} INFO - DAG(s) dict_keys(['example_branch_labels']) retrieved from /home/james/airflowa/lib/python3.8/site-packages/airflow/example_dags/example_branch_labels.py
[2022-06-08 09:05:55,702] {logging_mixin.py:115} INFO - [2022-06-08 09:05:55,702] {dag.py:2379} INFO - Sync 1 DAGs
[2022-06-08 09:05:55,730] {logging_mixin.py:115} INFO - [2022-06-08 09:05:55,730] {dag.py:2927} INFO - Setting next_dagrun for example_branch_labels to 2022-06-07T00:00:00+00:00, run_after=2022-06-08T00:00:00+00:00
[2022-06-08 09:05:55,745] {processor.py:161} INFO - Processing /home/james/airflowa/lib/python3.8/site-packages/airflow/example_dags/example_branch_labels.py took 0.074 seconds
[2022-06-08 09:07:21,741] {processor.py:153} INFO - Started process (PID=25132) to work on /home/james/airflowa/lib/python3.8/site-packages/airflow/example_dags/example_branch_labels.py
[2022-06-08 09:07:21,742] {processor.py:641} INFO - Processing file /home/james/airflowa/lib/python3.8/site-packages/airflow/example_dags/example_branch_labels.py for tasks to queue
[2022-06-08 09:07:21,743] {logging_mixin.py:115} INFO - [2022-06-08 09:07:21,743] {dagbag.py:507} INFO - Filling up the DagBag from /home/james/airflowa/lib/python3.8/site-packages/airflow/example_dags/example_branch_labels.py
[2022-06-08 09:07:21,750] {processor.py:651} INFO - DAG(s) dict_keys(['example_branch_labels']) retrieved from /home/james/airflowa/lib/python3.8/site-packages/airflow/example_dags/example_branch_labels.py
[2022-06-08 09:07:21,774] {logging_mixin.py:115} INFO - [2022-06-08 09:07:21,774] {dag.py:2379} INFO - Sync 1 DAGs
[2022-06-08 09:07:21,800] {logging_mixin.py:115} INFO - [2022-06-08 09:07:21,800] {dag.py:2927} INFO - Setting next_dagrun for example_branch_labels to 2022-06-07T00:00:00+00:00, run_after=2022-06-08T00:00:00+00:00
[2022-06-08 09:07:21,814] {processor.py:161} INFO - Processing /home/james/airflowa/lib/python3.8/site-packages/airflow/example_dags/example_branch_labels.py took 0.076 seconds
[2022-06-08 09:08:56,497] {processor.py:153} INFO - Started process (PID=25731) to work on /home/james/airflowa/lib/python3.8/site-packages/airflow/example_dags/example_branch_labels.py
[2022-06-08 09:08:56,498] {processor.py:641} INFO - Processing file /home/james/airflowa/lib/python3.8/site-packages/airflow/example_dags/example_branch_labels.py for tasks to queue
[2022-06-08 09:08:56,499] {logging_mixin.py:115} INFO - [2022-06-08 09:08:56,499] {dagbag.py:507} INFO - Filling up the DagBag from /home/james/airflowa/lib/python3.8/site-packages/airflow/example_dags/example_branch_labels.py
[2022-06-08 09:08:56,506] {processor.py:651} INFO - DAG(s) dict_keys(['example_branch_labels']) retrieved from /home/james/airflowa/lib/python3.8/site-packages/airflow/example_dags/example_branch_labels.py
[2022-06-08 09:08:56,526] {logging_mixin.py:115} INFO - [2022-06-08 09:08:56,526] {dag.py:2379} INFO - Sync 1 DAGs
[2022-06-08 09:08:56,552] {logging_mixin.py:115} INFO - [2022-06-08 09:08:56,551] {dag.py:2927} INFO - Setting next_dagrun for example_branch_labels to 2022-06-07T00:00:00+00:00, run_after=2022-06-08T00:00:00+00:00
[2022-06-08 09:08:56,565] {processor.py:161} INFO - Processing /home/james/airflowa/lib/python3.8/site-packages/airflow/example_dags/example_branch_labels.py took 0.071 seconds
[2022-06-08 09:10:47,002] {processor.py:153} INFO - Started process (PID=26889) to work on /home/james/airflowa/lib/python3.8/site-packages/airflow/example_dags/example_branch_labels.py
[2022-06-08 09:10:47,003] {processor.py:641} INFO - Processing file /home/james/airflowa/lib/python3.8/site-packages/airflow/example_dags/example_branch_labels.py for tasks to queue
[2022-06-08 09:10:47,003] {logging_mixin.py:115} INFO - [2022-06-08 09:10:47,003] {dagbag.py:507} INFO - Filling up the DagBag from /home/james/airflowa/lib/python3.8/site-packages/airflow/example_dags/example_branch_labels.py
[2022-06-08 09:10:47,012] {processor.py:651} INFO - DAG(s) dict_keys(['example_branch_labels']) retrieved from /home/james/airflowa/lib/python3.8/site-packages/airflow/example_dags/example_branch_labels.py
[2022-06-08 09:10:47,037] {logging_mixin.py:115} INFO - [2022-06-08 09:10:47,037] {dag.py:2379} INFO - Sync 1 DAGs
[2022-06-08 09:10:47,075] {logging_mixin.py:115} INFO - [2022-06-08 09:10:47,074] {dag.py:2927} INFO - Setting next_dagrun for example_branch_labels to 2022-06-07T00:00:00+00:00, run_after=2022-06-08T00:00:00+00:00
[2022-06-08 09:10:47,096] {processor.py:161} INFO - Processing /home/james/airflowa/lib/python3.8/site-packages/airflow/example_dags/example_branch_labels.py took 0.099 seconds
[2022-06-08 09:13:44,551] {processor.py:153} INFO - Started process (PID=27856) to work on /home/james/airflowa/lib/python3.8/site-packages/airflow/example_dags/example_branch_labels.py
[2022-06-08 09:13:44,553] {processor.py:641} INFO - Processing file /home/james/airflowa/lib/python3.8/site-packages/airflow/example_dags/example_branch_labels.py for tasks to queue
[2022-06-08 09:13:44,555] {logging_mixin.py:115} INFO - [2022-06-08 09:13:44,554] {dagbag.py:507} INFO - Filling up the DagBag from /home/james/airflowa/lib/python3.8/site-packages/airflow/example_dags/example_branch_labels.py
[2022-06-08 09:13:44,573] {processor.py:651} INFO - DAG(s) dict_keys(['example_branch_labels']) retrieved from /home/james/airflowa/lib/python3.8/site-packages/airflow/example_dags/example_branch_labels.py
[2022-06-08 09:13:44,610] {logging_mixin.py:115} INFO - [2022-06-08 09:13:44,610] {dag.py:2379} INFO - Sync 1 DAGs
[2022-06-08 09:13:44,662] {logging_mixin.py:115} INFO - [2022-06-08 09:13:44,662] {dag.py:2927} INFO - Setting next_dagrun for example_branch_labels to 2022-06-07T00:00:00+00:00, run_after=2022-06-08T00:00:00+00:00
[2022-06-08 09:13:44,688] {processor.py:161} INFO - Processing /home/james/airflowa/lib/python3.8/site-packages/airflow/example_dags/example_branch_labels.py took 0.141 seconds
[2022-06-08 09:17:17,318] {processor.py:153} INFO - Started process (PID=29951) to work on /home/james/airflowa/lib/python3.8/site-packages/airflow/example_dags/example_branch_labels.py
[2022-06-08 09:17:17,319] {processor.py:641} INFO - Processing file /home/james/airflowa/lib/python3.8/site-packages/airflow/example_dags/example_branch_labels.py for tasks to queue
[2022-06-08 09:17:17,320] {logging_mixin.py:115} INFO - [2022-06-08 09:17:17,320] {dagbag.py:507} INFO - Filling up the DagBag from /home/james/airflowa/lib/python3.8/site-packages/airflow/example_dags/example_branch_labels.py
[2022-06-08 09:17:17,338] {processor.py:651} INFO - DAG(s) dict_keys(['example_branch_labels']) retrieved from /home/james/airflowa/lib/python3.8/site-packages/airflow/example_dags/example_branch_labels.py
[2022-06-08 09:17:17,405] {logging_mixin.py:115} INFO - [2022-06-08 09:17:17,405] {dag.py:2379} INFO - Sync 1 DAGs
[2022-06-08 09:17:17,486] {logging_mixin.py:115} INFO - [2022-06-08 09:17:17,485] {dag.py:2927} INFO - Setting next_dagrun for example_branch_labels to 2022-06-07T00:00:00+00:00, run_after=2022-06-08T00:00:00+00:00
[2022-06-08 09:17:17,510] {processor.py:161} INFO - Processing /home/james/airflowa/lib/python3.8/site-packages/airflow/example_dags/example_branch_labels.py took 0.198 seconds
[2022-06-08 09:21:16,482] {processor.py:153} INFO - Started process (PID=32313) to work on /home/james/airflowa/lib/python3.8/site-packages/airflow/example_dags/example_branch_labels.py
[2022-06-08 09:21:16,483] {processor.py:641} INFO - Processing file /home/james/airflowa/lib/python3.8/site-packages/airflow/example_dags/example_branch_labels.py for tasks to queue
[2022-06-08 09:21:16,484] {logging_mixin.py:115} INFO - [2022-06-08 09:21:16,484] {dagbag.py:507} INFO - Filling up the DagBag from /home/james/airflowa/lib/python3.8/site-packages/airflow/example_dags/example_branch_labels.py
[2022-06-08 09:21:16,497] {processor.py:651} INFO - DAG(s) dict_keys(['example_branch_labels']) retrieved from /home/james/airflowa/lib/python3.8/site-packages/airflow/example_dags/example_branch_labels.py
[2022-06-08 09:21:16,526] {logging_mixin.py:115} INFO - [2022-06-08 09:21:16,526] {dag.py:2379} INFO - Sync 1 DAGs
[2022-06-08 09:21:16,564] {logging_mixin.py:115} INFO - [2022-06-08 09:21:16,564] {dag.py:2927} INFO - Setting next_dagrun for example_branch_labels to 2022-06-07T00:00:00+00:00, run_after=2022-06-08T00:00:00+00:00
[2022-06-08 09:21:16,587] {processor.py:161} INFO - Processing /home/james/airflowa/lib/python3.8/site-packages/airflow/example_dags/example_branch_labels.py took 0.110 seconds
[2022-06-08 09:25:29,968] {processor.py:153} INFO - Started process (PID=33936) to work on /home/james/airflowa/lib/python3.8/site-packages/airflow/example_dags/example_branch_labels.py
[2022-06-08 09:25:29,969] {processor.py:641} INFO - Processing file /home/james/airflowa/lib/python3.8/site-packages/airflow/example_dags/example_branch_labels.py for tasks to queue
[2022-06-08 09:25:29,970] {logging_mixin.py:115} INFO - [2022-06-08 09:25:29,970] {dagbag.py:507} INFO - Filling up the DagBag from /home/james/airflowa/lib/python3.8/site-packages/airflow/example_dags/example_branch_labels.py
[2022-06-08 09:25:29,981] {processor.py:651} INFO - DAG(s) dict_keys(['example_branch_labels']) retrieved from /home/james/airflowa/lib/python3.8/site-packages/airflow/example_dags/example_branch_labels.py
[2022-06-08 09:25:30,011] {logging_mixin.py:115} INFO - [2022-06-08 09:25:30,011] {dag.py:2379} INFO - Sync 1 DAGs
[2022-06-08 09:25:30,048] {logging_mixin.py:115} INFO - [2022-06-08 09:25:30,047] {dag.py:2927} INFO - Setting next_dagrun for example_branch_labels to 2022-06-07T00:00:00+00:00, run_after=2022-06-08T00:00:00+00:00
[2022-06-08 09:25:30,067] {processor.py:161} INFO - Processing /home/james/airflowa/lib/python3.8/site-packages/airflow/example_dags/example_branch_labels.py took 0.104 seconds
[2022-06-08 11:27:58,436] {processor.py:153} INFO - Started process (PID=76635) to work on /home/james/airflowa/lib/python3.8/site-packages/airflow/example_dags/example_branch_labels.py
[2022-06-08 11:27:58,436] {processor.py:641} INFO - Processing file /home/james/airflowa/lib/python3.8/site-packages/airflow/example_dags/example_branch_labels.py for tasks to queue
[2022-06-08 11:27:58,437] {logging_mixin.py:115} INFO - [2022-06-08 11:27:58,437] {dagbag.py:507} INFO - Filling up the DagBag from /home/james/airflowa/lib/python3.8/site-packages/airflow/example_dags/example_branch_labels.py
[2022-06-08 11:27:58,442] {processor.py:651} INFO - DAG(s) dict_keys(['example_branch_labels']) retrieved from /home/james/airflowa/lib/python3.8/site-packages/airflow/example_dags/example_branch_labels.py
[2022-06-08 11:27:58,457] {logging_mixin.py:115} INFO - [2022-06-08 11:27:58,457] {dag.py:2379} INFO - Sync 1 DAGs
[2022-06-08 11:27:58,476] {logging_mixin.py:115} INFO - [2022-06-08 11:27:58,476] {dag.py:2927} INFO - Setting next_dagrun for example_branch_labels to 2022-06-07T00:00:00+00:00, run_after=2022-06-08T00:00:00+00:00
[2022-06-08 11:27:58,486] {processor.py:161} INFO - Processing /home/james/airflowa/lib/python3.8/site-packages/airflow/example_dags/example_branch_labels.py took 0.053 seconds
[2022-06-08 11:28:41,578] {processor.py:153} INFO - Started process (PID=76944) to work on /home/james/airflowa/lib/python3.8/site-packages/airflow/example_dags/example_branch_labels.py
[2022-06-08 11:28:41,578] {processor.py:641} INFO - Processing file /home/james/airflowa/lib/python3.8/site-packages/airflow/example_dags/example_branch_labels.py for tasks to queue
[2022-06-08 11:28:41,579] {logging_mixin.py:115} INFO - [2022-06-08 11:28:41,579] {dagbag.py:507} INFO - Filling up the DagBag from /home/james/airflowa/lib/python3.8/site-packages/airflow/example_dags/example_branch_labels.py
[2022-06-08 11:28:41,584] {processor.py:651} INFO - DAG(s) dict_keys(['example_branch_labels']) retrieved from /home/james/airflowa/lib/python3.8/site-packages/airflow/example_dags/example_branch_labels.py
[2022-06-08 11:28:41,603] {logging_mixin.py:115} INFO - [2022-06-08 11:28:41,603] {dag.py:2379} INFO - Sync 1 DAGs
[2022-06-08 11:28:41,623] {logging_mixin.py:115} INFO - [2022-06-08 11:28:41,622] {dag.py:2927} INFO - Setting next_dagrun for example_branch_labels to 2022-06-07T00:00:00+00:00, run_after=2022-06-08T00:00:00+00:00
[2022-06-08 11:28:41,633] {processor.py:161} INFO - Processing /home/james/airflowa/lib/python3.8/site-packages/airflow/example_dags/example_branch_labels.py took 0.058 seconds
[2022-06-08 11:29:20,645] {processor.py:153} INFO - Started process (PID=77247) to work on /home/james/airflowa/lib/python3.8/site-packages/airflow/example_dags/example_branch_labels.py
[2022-06-08 11:29:20,646] {processor.py:641} INFO - Processing file /home/james/airflowa/lib/python3.8/site-packages/airflow/example_dags/example_branch_labels.py for tasks to queue
[2022-06-08 11:29:20,646] {logging_mixin.py:115} INFO - [2022-06-08 11:29:20,646] {dagbag.py:507} INFO - Filling up the DagBag from /home/james/airflowa/lib/python3.8/site-packages/airflow/example_dags/example_branch_labels.py
[2022-06-08 11:29:20,653] {processor.py:651} INFO - DAG(s) dict_keys(['example_branch_labels']) retrieved from /home/james/airflowa/lib/python3.8/site-packages/airflow/example_dags/example_branch_labels.py
[2022-06-08 11:29:20,666] {logging_mixin.py:115} INFO - [2022-06-08 11:29:20,666] {dag.py:2379} INFO - Sync 1 DAGs
[2022-06-08 11:29:20,682] {logging_mixin.py:115} INFO - [2022-06-08 11:29:20,682] {dag.py:2927} INFO - Setting next_dagrun for example_branch_labels to 2022-06-07T00:00:00+00:00, run_after=2022-06-08T00:00:00+00:00
[2022-06-08 11:29:20,694] {processor.py:161} INFO - Processing /home/james/airflowa/lib/python3.8/site-packages/airflow/example_dags/example_branch_labels.py took 0.051 seconds
[2022-06-08 11:30:05,348] {processor.py:153} INFO - Started process (PID=78047) to work on /home/james/airflowa/lib/python3.8/site-packages/airflow/example_dags/example_branch_labels.py
[2022-06-08 11:30:05,349] {processor.py:641} INFO - Processing file /home/james/airflowa/lib/python3.8/site-packages/airflow/example_dags/example_branch_labels.py for tasks to queue
[2022-06-08 11:30:05,349] {logging_mixin.py:115} INFO - [2022-06-08 11:30:05,349] {dagbag.py:507} INFO - Filling up the DagBag from /home/james/airflowa/lib/python3.8/site-packages/airflow/example_dags/example_branch_labels.py
[2022-06-08 11:30:05,357] {processor.py:651} INFO - DAG(s) dict_keys(['example_branch_labels']) retrieved from /home/james/airflowa/lib/python3.8/site-packages/airflow/example_dags/example_branch_labels.py
[2022-06-08 11:30:05,378] {logging_mixin.py:115} INFO - [2022-06-08 11:30:05,378] {dag.py:2379} INFO - Sync 1 DAGs
[2022-06-08 11:30:05,419] {logging_mixin.py:115} INFO - [2022-06-08 11:30:05,419] {dag.py:2927} INFO - Setting next_dagrun for example_branch_labels to 2022-06-07T00:00:00+00:00, run_after=2022-06-08T00:00:00+00:00
[2022-06-08 11:30:05,449] {processor.py:161} INFO - Processing /home/james/airflowa/lib/python3.8/site-packages/airflow/example_dags/example_branch_labels.py took 0.105 seconds
[2022-06-08 11:31:40,304] {processor.py:153} INFO - Started process (PID=78650) to work on /home/james/airflowa/lib/python3.8/site-packages/airflow/example_dags/example_branch_labels.py
[2022-06-08 11:31:40,305] {processor.py:641} INFO - Processing file /home/james/airflowa/lib/python3.8/site-packages/airflow/example_dags/example_branch_labels.py for tasks to queue
[2022-06-08 11:31:40,306] {logging_mixin.py:115} INFO - [2022-06-08 11:31:40,306] {dagbag.py:507} INFO - Filling up the DagBag from /home/james/airflowa/lib/python3.8/site-packages/airflow/example_dags/example_branch_labels.py
[2022-06-08 11:31:40,314] {processor.py:651} INFO - DAG(s) dict_keys(['example_branch_labels']) retrieved from /home/james/airflowa/lib/python3.8/site-packages/airflow/example_dags/example_branch_labels.py
[2022-06-08 11:31:40,333] {logging_mixin.py:115} INFO - [2022-06-08 11:31:40,333] {dag.py:2379} INFO - Sync 1 DAGs
[2022-06-08 11:31:40,360] {logging_mixin.py:115} INFO - [2022-06-08 11:31:40,360] {dag.py:2927} INFO - Setting next_dagrun for example_branch_labels to 2022-06-07T00:00:00+00:00, run_after=2022-06-08T00:00:00+00:00
[2022-06-08 11:31:40,374] {processor.py:161} INFO - Processing /home/james/airflowa/lib/python3.8/site-packages/airflow/example_dags/example_branch_labels.py took 0.073 seconds
[2022-06-08 11:32:28,349] {processor.py:153} INFO - Started process (PID=78899) to work on /home/james/airflowa/lib/python3.8/site-packages/airflow/example_dags/example_branch_labels.py
[2022-06-08 11:32:28,350] {processor.py:641} INFO - Processing file /home/james/airflowa/lib/python3.8/site-packages/airflow/example_dags/example_branch_labels.py for tasks to queue
[2022-06-08 11:32:28,351] {logging_mixin.py:115} INFO - [2022-06-08 11:32:28,351] {dagbag.py:507} INFO - Filling up the DagBag from /home/james/airflowa/lib/python3.8/site-packages/airflow/example_dags/example_branch_labels.py
[2022-06-08 11:32:28,366] {processor.py:651} INFO - DAG(s) dict_keys(['example_branch_labels']) retrieved from /home/james/airflowa/lib/python3.8/site-packages/airflow/example_dags/example_branch_labels.py
[2022-06-08 11:32:28,424] {logging_mixin.py:115} INFO - [2022-06-08 11:32:28,423] {dag.py:2379} INFO - Sync 1 DAGs
[2022-06-08 11:32:28,492] {logging_mixin.py:115} INFO - [2022-06-08 11:32:28,492] {dag.py:2927} INFO - Setting next_dagrun for example_branch_labels to 2022-06-07T00:00:00+00:00, run_after=2022-06-08T00:00:00+00:00
[2022-06-08 11:32:28,526] {processor.py:161} INFO - Processing /home/james/airflowa/lib/python3.8/site-packages/airflow/example_dags/example_branch_labels.py took 0.186 seconds
[2022-06-08 11:33:18,377] {processor.py:153} INFO - Started process (PID=79197) to work on /home/james/airflowa/lib/python3.8/site-packages/airflow/example_dags/example_branch_labels.py
[2022-06-08 11:33:18,379] {processor.py:641} INFO - Processing file /home/james/airflowa/lib/python3.8/site-packages/airflow/example_dags/example_branch_labels.py for tasks to queue
[2022-06-08 11:33:18,380] {logging_mixin.py:115} INFO - [2022-06-08 11:33:18,379] {dagbag.py:507} INFO - Filling up the DagBag from /home/james/airflowa/lib/python3.8/site-packages/airflow/example_dags/example_branch_labels.py
[2022-06-08 11:33:18,389] {processor.py:651} INFO - DAG(s) dict_keys(['example_branch_labels']) retrieved from /home/james/airflowa/lib/python3.8/site-packages/airflow/example_dags/example_branch_labels.py
[2022-06-08 11:33:18,416] {logging_mixin.py:115} INFO - [2022-06-08 11:33:18,416] {dag.py:2379} INFO - Sync 1 DAGs
[2022-06-08 11:33:18,454] {logging_mixin.py:115} INFO - [2022-06-08 11:33:18,454] {dag.py:2927} INFO - Setting next_dagrun for example_branch_labels to 2022-06-07T00:00:00+00:00, run_after=2022-06-08T00:00:00+00:00
[2022-06-08 11:33:18,486] {processor.py:161} INFO - Processing /home/james/airflowa/lib/python3.8/site-packages/airflow/example_dags/example_branch_labels.py took 0.113 seconds
[2022-06-08 11:34:07,498] {processor.py:153} INFO - Started process (PID=79626) to work on /home/james/airflowa/lib/python3.8/site-packages/airflow/example_dags/example_branch_labels.py
[2022-06-08 11:34:07,499] {processor.py:641} INFO - Processing file /home/james/airflowa/lib/python3.8/site-packages/airflow/example_dags/example_branch_labels.py for tasks to queue
[2022-06-08 11:34:07,500] {logging_mixin.py:115} INFO - [2022-06-08 11:34:07,500] {dagbag.py:507} INFO - Filling up the DagBag from /home/james/airflowa/lib/python3.8/site-packages/airflow/example_dags/example_branch_labels.py
[2022-06-08 11:34:07,508] {processor.py:651} INFO - DAG(s) dict_keys(['example_branch_labels']) retrieved from /home/james/airflowa/lib/python3.8/site-packages/airflow/example_dags/example_branch_labels.py
[2022-06-08 11:34:07,528] {logging_mixin.py:115} INFO - [2022-06-08 11:34:07,528] {dag.py:2379} INFO - Sync 1 DAGs
[2022-06-08 11:34:07,555] {logging_mixin.py:115} INFO - [2022-06-08 11:34:07,554] {dag.py:2927} INFO - Setting next_dagrun for example_branch_labels to 2022-06-07T00:00:00+00:00, run_after=2022-06-08T00:00:00+00:00
[2022-06-08 11:34:07,572] {processor.py:161} INFO - Processing /home/james/airflowa/lib/python3.8/site-packages/airflow/example_dags/example_branch_labels.py took 0.078 seconds
[2022-06-08 11:34:56,100] {processor.py:153} INFO - Started process (PID=80094) to work on /home/james/airflowa/lib/python3.8/site-packages/airflow/example_dags/example_branch_labels.py
[2022-06-08 11:34:56,101] {processor.py:641} INFO - Processing file /home/james/airflowa/lib/python3.8/site-packages/airflow/example_dags/example_branch_labels.py for tasks to queue
[2022-06-08 11:34:56,102] {logging_mixin.py:115} INFO - [2022-06-08 11:34:56,102] {dagbag.py:507} INFO - Filling up the DagBag from /home/james/airflowa/lib/python3.8/site-packages/airflow/example_dags/example_branch_labels.py
[2022-06-08 11:34:56,108] {processor.py:651} INFO - DAG(s) dict_keys(['example_branch_labels']) retrieved from /home/james/airflowa/lib/python3.8/site-packages/airflow/example_dags/example_branch_labels.py
[2022-06-08 11:34:56,122] {logging_mixin.py:115} INFO - [2022-06-08 11:34:56,122] {dag.py:2379} INFO - Sync 1 DAGs
[2022-06-08 11:34:56,144] {logging_mixin.py:115} INFO - [2022-06-08 11:34:56,144] {dag.py:2927} INFO - Setting next_dagrun for example_branch_labels to 2022-06-07T00:00:00+00:00, run_after=2022-06-08T00:00:00+00:00
[2022-06-08 11:34:56,156] {processor.py:161} INFO - Processing /home/james/airflowa/lib/python3.8/site-packages/airflow/example_dags/example_branch_labels.py took 0.058 seconds
[2022-06-08 12:22:02,627] {processor.py:153} INFO - Started process (PID=104789) to work on /home/james/airflowa/lib/python3.8/site-packages/airflow/example_dags/example_branch_labels.py
[2022-06-08 12:22:02,629] {processor.py:641} INFO - Processing file /home/james/airflowa/lib/python3.8/site-packages/airflow/example_dags/example_branch_labels.py for tasks to queue
[2022-06-08 12:22:02,630] {logging_mixin.py:115} INFO - [2022-06-08 12:22:02,630] {dagbag.py:507} INFO - Filling up the DagBag from /home/james/airflowa/lib/python3.8/site-packages/airflow/example_dags/example_branch_labels.py
[2022-06-08 12:22:02,642] {processor.py:651} INFO - DAG(s) dict_keys(['example_branch_labels']) retrieved from /home/james/airflowa/lib/python3.8/site-packages/airflow/example_dags/example_branch_labels.py
[2022-06-08 12:22:02,668] {logging_mixin.py:115} INFO - [2022-06-08 12:22:02,668] {dag.py:2379} INFO - Sync 1 DAGs
[2022-06-08 12:22:02,699] {logging_mixin.py:115} INFO - [2022-06-08 12:22:02,698] {dag.py:2927} INFO - Setting next_dagrun for example_branch_labels to 2022-06-07T00:00:00+00:00, run_after=2022-06-08T00:00:00+00:00
[2022-06-08 12:22:02,715] {processor.py:161} INFO - Processing /home/james/airflowa/lib/python3.8/site-packages/airflow/example_dags/example_branch_labels.py took 0.092 seconds
[2022-06-08 12:22:57,043] {processor.py:153} INFO - Started process (PID=105180) to work on /home/james/airflowa/lib/python3.8/site-packages/airflow/example_dags/example_branch_labels.py
[2022-06-08 12:22:57,044] {processor.py:641} INFO - Processing file /home/james/airflowa/lib/python3.8/site-packages/airflow/example_dags/example_branch_labels.py for tasks to queue
[2022-06-08 12:22:57,045] {logging_mixin.py:115} INFO - [2022-06-08 12:22:57,045] {dagbag.py:507} INFO - Filling up the DagBag from /home/james/airflowa/lib/python3.8/site-packages/airflow/example_dags/example_branch_labels.py
[2022-06-08 12:22:57,054] {processor.py:651} INFO - DAG(s) dict_keys(['example_branch_labels']) retrieved from /home/james/airflowa/lib/python3.8/site-packages/airflow/example_dags/example_branch_labels.py
[2022-06-08 12:22:57,079] {logging_mixin.py:115} INFO - [2022-06-08 12:22:57,079] {dag.py:2379} INFO - Sync 1 DAGs
[2022-06-08 12:22:57,116] {logging_mixin.py:115} INFO - [2022-06-08 12:22:57,115] {dag.py:2927} INFO - Setting next_dagrun for example_branch_labels to 2022-06-07T00:00:00+00:00, run_after=2022-06-08T00:00:00+00:00
[2022-06-08 12:22:57,133] {processor.py:161} INFO - Processing /home/james/airflowa/lib/python3.8/site-packages/airflow/example_dags/example_branch_labels.py took 0.093 seconds
[2022-06-08 12:38:10,856] {processor.py:153} INFO - Started process (PID=114408) to work on /home/james/airflowa/lib/python3.8/site-packages/airflow/example_dags/example_branch_labels.py
[2022-06-08 12:38:10,859] {processor.py:641} INFO - Processing file /home/james/airflowa/lib/python3.8/site-packages/airflow/example_dags/example_branch_labels.py for tasks to queue
[2022-06-08 12:38:10,861] {logging_mixin.py:115} INFO - [2022-06-08 12:38:10,860] {dagbag.py:507} INFO - Filling up the DagBag from /home/james/airflowa/lib/python3.8/site-packages/airflow/example_dags/example_branch_labels.py
[2022-06-08 12:38:10,877] {processor.py:651} INFO - DAG(s) dict_keys(['example_branch_labels']) retrieved from /home/james/airflowa/lib/python3.8/site-packages/airflow/example_dags/example_branch_labels.py
[2022-06-08 12:38:10,927] {logging_mixin.py:115} INFO - [2022-06-08 12:38:10,926] {dag.py:2379} INFO - Sync 1 DAGs
[2022-06-08 12:38:11,033] {logging_mixin.py:115} INFO - [2022-06-08 12:38:11,033] {dag.py:2927} INFO - Setting next_dagrun for example_branch_labels to 2022-06-07T00:00:00+00:00, run_after=2022-06-08T00:00:00+00:00
[2022-06-08 12:38:11,107] {processor.py:161} INFO - Processing /home/james/airflowa/lib/python3.8/site-packages/airflow/example_dags/example_branch_labels.py took 0.255 seconds
[2022-06-08 12:39:42,418] {processor.py:153} INFO - Started process (PID=115769) to work on /home/james/airflowa/lib/python3.8/site-packages/airflow/example_dags/example_branch_labels.py
[2022-06-08 12:39:42,420] {processor.py:641} INFO - Processing file /home/james/airflowa/lib/python3.8/site-packages/airflow/example_dags/example_branch_labels.py for tasks to queue
[2022-06-08 12:39:42,420] {logging_mixin.py:115} INFO - [2022-06-08 12:39:42,420] {dagbag.py:507} INFO - Filling up the DagBag from /home/james/airflowa/lib/python3.8/site-packages/airflow/example_dags/example_branch_labels.py
[2022-06-08 12:39:42,432] {processor.py:651} INFO - DAG(s) dict_keys(['example_branch_labels']) retrieved from /home/james/airflowa/lib/python3.8/site-packages/airflow/example_dags/example_branch_labels.py
[2022-06-08 12:39:42,461] {logging_mixin.py:115} INFO - [2022-06-08 12:39:42,461] {dag.py:2379} INFO - Sync 1 DAGs
[2022-06-08 12:39:42,499] {logging_mixin.py:115} INFO - [2022-06-08 12:39:42,499] {dag.py:2927} INFO - Setting next_dagrun for example_branch_labels to 2022-06-07T00:00:00+00:00, run_after=2022-06-08T00:00:00+00:00
[2022-06-08 12:39:42,520] {processor.py:161} INFO - Processing /home/james/airflowa/lib/python3.8/site-packages/airflow/example_dags/example_branch_labels.py took 0.106 seconds
[2022-06-08 12:41:08,810] {processor.py:153} INFO - Started process (PID=116716) to work on /home/james/airflowa/lib/python3.8/site-packages/airflow/example_dags/example_branch_labels.py
[2022-06-08 12:41:08,811] {processor.py:641} INFO - Processing file /home/james/airflowa/lib/python3.8/site-packages/airflow/example_dags/example_branch_labels.py for tasks to queue
[2022-06-08 12:41:08,812] {logging_mixin.py:115} INFO - [2022-06-08 12:41:08,812] {dagbag.py:507} INFO - Filling up the DagBag from /home/james/airflowa/lib/python3.8/site-packages/airflow/example_dags/example_branch_labels.py
[2022-06-08 12:41:08,821] {processor.py:651} INFO - DAG(s) dict_keys(['example_branch_labels']) retrieved from /home/james/airflowa/lib/python3.8/site-packages/airflow/example_dags/example_branch_labels.py
[2022-06-08 12:41:08,842] {logging_mixin.py:115} INFO - [2022-06-08 12:41:08,842] {dag.py:2379} INFO - Sync 1 DAGs
[2022-06-08 12:41:08,876] {logging_mixin.py:115} INFO - [2022-06-08 12:41:08,875] {dag.py:2927} INFO - Setting next_dagrun for example_branch_labels to 2022-06-07T00:00:00+00:00, run_after=2022-06-08T00:00:00+00:00
[2022-06-08 12:41:08,894] {processor.py:161} INFO - Processing /home/james/airflowa/lib/python3.8/site-packages/airflow/example_dags/example_branch_labels.py took 0.087 seconds
[2022-06-08 12:45:07,727] {processor.py:153} INFO - Started process (PID=118122) to work on /home/james/airflowa/lib/python3.8/site-packages/airflow/example_dags/example_branch_labels.py
[2022-06-08 12:45:07,728] {processor.py:641} INFO - Processing file /home/james/airflowa/lib/python3.8/site-packages/airflow/example_dags/example_branch_labels.py for tasks to queue
[2022-06-08 12:45:07,728] {logging_mixin.py:115} INFO - [2022-06-08 12:45:07,728] {dagbag.py:507} INFO - Filling up the DagBag from /home/james/airflowa/lib/python3.8/site-packages/airflow/example_dags/example_branch_labels.py
[2022-06-08 12:45:07,736] {processor.py:651} INFO - DAG(s) dict_keys(['example_branch_labels']) retrieved from /home/james/airflowa/lib/python3.8/site-packages/airflow/example_dags/example_branch_labels.py
[2022-06-08 12:45:07,759] {logging_mixin.py:115} INFO - [2022-06-08 12:45:07,759] {dag.py:2379} INFO - Sync 1 DAGs
[2022-06-08 12:45:07,781] {logging_mixin.py:115} INFO - [2022-06-08 12:45:07,781] {dag.py:2927} INFO - Setting next_dagrun for example_branch_labels to 2022-06-07T00:00:00+00:00, run_after=2022-06-08T00:00:00+00:00
[2022-06-08 12:45:07,800] {processor.py:161} INFO - Processing /home/james/airflowa/lib/python3.8/site-packages/airflow/example_dags/example_branch_labels.py took 0.078 seconds
[2022-06-08 12:46:03,851] {processor.py:153} INFO - Started process (PID=118445) to work on /home/james/airflowa/lib/python3.8/site-packages/airflow/example_dags/example_branch_labels.py
[2022-06-08 12:46:03,851] {processor.py:641} INFO - Processing file /home/james/airflowa/lib/python3.8/site-packages/airflow/example_dags/example_branch_labels.py for tasks to queue
[2022-06-08 12:46:03,852] {logging_mixin.py:115} INFO - [2022-06-08 12:46:03,852] {dagbag.py:507} INFO - Filling up the DagBag from /home/james/airflowa/lib/python3.8/site-packages/airflow/example_dags/example_branch_labels.py
[2022-06-08 12:46:03,857] {processor.py:651} INFO - DAG(s) dict_keys(['example_branch_labels']) retrieved from /home/james/airflowa/lib/python3.8/site-packages/airflow/example_dags/example_branch_labels.py
[2022-06-08 12:46:03,875] {logging_mixin.py:115} INFO - [2022-06-08 12:46:03,875] {dag.py:2379} INFO - Sync 1 DAGs
[2022-06-08 12:46:03,892] {logging_mixin.py:115} INFO - [2022-06-08 12:46:03,891] {dag.py:2927} INFO - Setting next_dagrun for example_branch_labels to 2022-06-07T00:00:00+00:00, run_after=2022-06-08T00:00:00+00:00
[2022-06-08 12:46:03,903] {processor.py:161} INFO - Processing /home/james/airflowa/lib/python3.8/site-packages/airflow/example_dags/example_branch_labels.py took 0.055 seconds
[2022-06-08 12:47:18,073] {processor.py:153} INFO - Started process (PID=119352) to work on /home/james/airflowa/lib/python3.8/site-packages/airflow/example_dags/example_branch_labels.py
[2022-06-08 12:47:18,075] {processor.py:641} INFO - Processing file /home/james/airflowa/lib/python3.8/site-packages/airflow/example_dags/example_branch_labels.py for tasks to queue
[2022-06-08 12:47:18,075] {logging_mixin.py:115} INFO - [2022-06-08 12:47:18,075] {dagbag.py:507} INFO - Filling up the DagBag from /home/james/airflowa/lib/python3.8/site-packages/airflow/example_dags/example_branch_labels.py
[2022-06-08 12:47:18,087] {processor.py:651} INFO - DAG(s) dict_keys(['example_branch_labels']) retrieved from /home/james/airflowa/lib/python3.8/site-packages/airflow/example_dags/example_branch_labels.py
[2022-06-08 12:47:18,115] {logging_mixin.py:115} INFO - [2022-06-08 12:47:18,115] {dag.py:2379} INFO - Sync 1 DAGs
[2022-06-08 12:47:18,143] {logging_mixin.py:115} INFO - [2022-06-08 12:47:18,143] {dag.py:2927} INFO - Setting next_dagrun for example_branch_labels to 2022-06-07T00:00:00+00:00, run_after=2022-06-08T00:00:00+00:00
[2022-06-08 12:47:18,164] {processor.py:161} INFO - Processing /home/james/airflowa/lib/python3.8/site-packages/airflow/example_dags/example_branch_labels.py took 0.096 seconds
[2022-06-08 12:48:42,921] {processor.py:153} INFO - Started process (PID=119902) to work on /home/james/airflowa/lib/python3.8/site-packages/airflow/example_dags/example_branch_labels.py
[2022-06-08 12:48:42,922] {processor.py:641} INFO - Processing file /home/james/airflowa/lib/python3.8/site-packages/airflow/example_dags/example_branch_labels.py for tasks to queue
[2022-06-08 12:48:42,922] {logging_mixin.py:115} INFO - [2022-06-08 12:48:42,922] {dagbag.py:507} INFO - Filling up the DagBag from /home/james/airflowa/lib/python3.8/site-packages/airflow/example_dags/example_branch_labels.py
[2022-06-08 12:48:42,927] {processor.py:651} INFO - DAG(s) dict_keys(['example_branch_labels']) retrieved from /home/james/airflowa/lib/python3.8/site-packages/airflow/example_dags/example_branch_labels.py
[2022-06-08 12:48:42,943] {logging_mixin.py:115} INFO - [2022-06-08 12:48:42,943] {dag.py:2379} INFO - Sync 1 DAGs
[2022-06-08 12:48:42,961] {logging_mixin.py:115} INFO - [2022-06-08 12:48:42,960] {dag.py:2927} INFO - Setting next_dagrun for example_branch_labels to 2022-06-07T00:00:00+00:00, run_after=2022-06-08T00:00:00+00:00
[2022-06-08 12:48:42,974] {processor.py:161} INFO - Processing /home/james/airflowa/lib/python3.8/site-packages/airflow/example_dags/example_branch_labels.py took 0.056 seconds
[2022-06-08 12:51:13,949] {processor.py:153} INFO - Started process (PID=121051) to work on /home/james/airflowa/lib/python3.8/site-packages/airflow/example_dags/example_branch_labels.py
[2022-06-08 12:51:13,950] {processor.py:641} INFO - Processing file /home/james/airflowa/lib/python3.8/site-packages/airflow/example_dags/example_branch_labels.py for tasks to queue
[2022-06-08 12:51:13,951] {logging_mixin.py:115} INFO - [2022-06-08 12:51:13,951] {dagbag.py:507} INFO - Filling up the DagBag from /home/james/airflowa/lib/python3.8/site-packages/airflow/example_dags/example_branch_labels.py
[2022-06-08 12:51:13,965] {processor.py:651} INFO - DAG(s) dict_keys(['example_branch_labels']) retrieved from /home/james/airflowa/lib/python3.8/site-packages/airflow/example_dags/example_branch_labels.py
[2022-06-08 12:51:13,997] {logging_mixin.py:115} INFO - [2022-06-08 12:51:13,997] {dag.py:2379} INFO - Sync 1 DAGs
[2022-06-08 12:51:14,041] {logging_mixin.py:115} INFO - [2022-06-08 12:51:14,040] {dag.py:2927} INFO - Setting next_dagrun for example_branch_labels to 2022-06-07T00:00:00+00:00, run_after=2022-06-08T00:00:00+00:00
[2022-06-08 12:51:14,080] {processor.py:161} INFO - Processing /home/james/airflowa/lib/python3.8/site-packages/airflow/example_dags/example_branch_labels.py took 0.137 seconds
[2022-06-08 12:53:30,056] {processor.py:153} INFO - Started process (PID=121817) to work on /home/james/airflowa/lib/python3.8/site-packages/airflow/example_dags/example_branch_labels.py
[2022-06-08 12:53:30,059] {processor.py:641} INFO - Processing file /home/james/airflowa/lib/python3.8/site-packages/airflow/example_dags/example_branch_labels.py for tasks to queue
[2022-06-08 12:53:30,060] {logging_mixin.py:115} INFO - [2022-06-08 12:53:30,060] {dagbag.py:507} INFO - Filling up the DagBag from /home/james/airflowa/lib/python3.8/site-packages/airflow/example_dags/example_branch_labels.py
[2022-06-08 12:53:30,092] {processor.py:651} INFO - DAG(s) dict_keys(['example_branch_labels']) retrieved from /home/james/airflowa/lib/python3.8/site-packages/airflow/example_dags/example_branch_labels.py
[2022-06-08 12:53:30,131] {logging_mixin.py:115} INFO - [2022-06-08 12:53:30,130] {dag.py:2379} INFO - Sync 1 DAGs
[2022-06-08 12:53:30,183] {logging_mixin.py:115} INFO - [2022-06-08 12:53:30,183] {dag.py:2927} INFO - Setting next_dagrun for example_branch_labels to 2022-06-07T00:00:00+00:00, run_after=2022-06-08T00:00:00+00:00
[2022-06-08 12:53:30,212] {processor.py:161} INFO - Processing /home/james/airflowa/lib/python3.8/site-packages/airflow/example_dags/example_branch_labels.py took 0.165 seconds
[2022-06-08 12:55:14,360] {processor.py:153} INFO - Started process (PID=122628) to work on /home/james/airflowa/lib/python3.8/site-packages/airflow/example_dags/example_branch_labels.py
[2022-06-08 12:55:14,362] {processor.py:641} INFO - Processing file /home/james/airflowa/lib/python3.8/site-packages/airflow/example_dags/example_branch_labels.py for tasks to queue
[2022-06-08 12:55:14,363] {logging_mixin.py:115} INFO - [2022-06-08 12:55:14,363] {dagbag.py:507} INFO - Filling up the DagBag from /home/james/airflowa/lib/python3.8/site-packages/airflow/example_dags/example_branch_labels.py
[2022-06-08 12:55:14,381] {processor.py:651} INFO - DAG(s) dict_keys(['example_branch_labels']) retrieved from /home/james/airflowa/lib/python3.8/site-packages/airflow/example_dags/example_branch_labels.py
[2022-06-08 12:55:14,418] {logging_mixin.py:115} INFO - [2022-06-08 12:55:14,418] {dag.py:2379} INFO - Sync 1 DAGs
[2022-06-08 12:55:14,469] {logging_mixin.py:115} INFO - [2022-06-08 12:55:14,468] {dag.py:2927} INFO - Setting next_dagrun for example_branch_labels to 2022-06-07T00:00:00+00:00, run_after=2022-06-08T00:00:00+00:00
[2022-06-08 12:55:14,502] {processor.py:161} INFO - Processing /home/james/airflowa/lib/python3.8/site-packages/airflow/example_dags/example_branch_labels.py took 0.151 seconds
[2022-06-08 12:56:22,898] {processor.py:153} INFO - Started process (PID=122997) to work on /home/james/airflowa/lib/python3.8/site-packages/airflow/example_dags/example_branch_labels.py
[2022-06-08 12:56:22,900] {processor.py:641} INFO - Processing file /home/james/airflowa/lib/python3.8/site-packages/airflow/example_dags/example_branch_labels.py for tasks to queue
[2022-06-08 12:56:22,900] {logging_mixin.py:115} INFO - [2022-06-08 12:56:22,900] {dagbag.py:507} INFO - Filling up the DagBag from /home/james/airflowa/lib/python3.8/site-packages/airflow/example_dags/example_branch_labels.py
[2022-06-08 12:56:22,912] {processor.py:651} INFO - DAG(s) dict_keys(['example_branch_labels']) retrieved from /home/james/airflowa/lib/python3.8/site-packages/airflow/example_dags/example_branch_labels.py
[2022-06-08 12:56:22,939] {logging_mixin.py:115} INFO - [2022-06-08 12:56:22,939] {dag.py:2379} INFO - Sync 1 DAGs
[2022-06-08 12:56:22,977] {logging_mixin.py:115} INFO - [2022-06-08 12:56:22,977] {dag.py:2927} INFO - Setting next_dagrun for example_branch_labels to 2022-06-07T00:00:00+00:00, run_after=2022-06-08T00:00:00+00:00
[2022-06-08 12:56:22,994] {processor.py:161} INFO - Processing /home/james/airflowa/lib/python3.8/site-packages/airflow/example_dags/example_branch_labels.py took 0.100 seconds
[2022-06-08 12:57:45,229] {processor.py:153} INFO - Started process (PID=123357) to work on /home/james/airflowa/lib/python3.8/site-packages/airflow/example_dags/example_branch_labels.py
[2022-06-08 12:57:45,231] {processor.py:641} INFO - Processing file /home/james/airflowa/lib/python3.8/site-packages/airflow/example_dags/example_branch_labels.py for tasks to queue
[2022-06-08 12:57:45,231] {logging_mixin.py:115} INFO - [2022-06-08 12:57:45,231] {dagbag.py:507} INFO - Filling up the DagBag from /home/james/airflowa/lib/python3.8/site-packages/airflow/example_dags/example_branch_labels.py
[2022-06-08 12:57:45,239] {processor.py:651} INFO - DAG(s) dict_keys(['example_branch_labels']) retrieved from /home/james/airflowa/lib/python3.8/site-packages/airflow/example_dags/example_branch_labels.py
[2022-06-08 12:57:45,260] {logging_mixin.py:115} INFO - [2022-06-08 12:57:45,260] {dag.py:2379} INFO - Sync 1 DAGs
[2022-06-08 12:57:45,299] {logging_mixin.py:115} INFO - [2022-06-08 12:57:45,299] {dag.py:2927} INFO - Setting next_dagrun for example_branch_labels to 2022-06-07T00:00:00+00:00, run_after=2022-06-08T00:00:00+00:00
[2022-06-08 12:57:45,315] {processor.py:161} INFO - Processing /home/james/airflowa/lib/python3.8/site-packages/airflow/example_dags/example_branch_labels.py took 0.089 seconds
[2022-06-08 12:58:43,367] {processor.py:153} INFO - Started process (PID=123767) to work on /home/james/airflowa/lib/python3.8/site-packages/airflow/example_dags/example_branch_labels.py
[2022-06-08 12:58:43,368] {processor.py:641} INFO - Processing file /home/james/airflowa/lib/python3.8/site-packages/airflow/example_dags/example_branch_labels.py for tasks to queue
[2022-06-08 12:58:43,368] {logging_mixin.py:115} INFO - [2022-06-08 12:58:43,368] {dagbag.py:507} INFO - Filling up the DagBag from /home/james/airflowa/lib/python3.8/site-packages/airflow/example_dags/example_branch_labels.py
[2022-06-08 12:58:43,375] {processor.py:651} INFO - DAG(s) dict_keys(['example_branch_labels']) retrieved from /home/james/airflowa/lib/python3.8/site-packages/airflow/example_dags/example_branch_labels.py
[2022-06-08 12:58:43,394] {logging_mixin.py:115} INFO - [2022-06-08 12:58:43,394] {dag.py:2379} INFO - Sync 1 DAGs
[2022-06-08 12:58:43,414] {logging_mixin.py:115} INFO - [2022-06-08 12:58:43,414] {dag.py:2927} INFO - Setting next_dagrun for example_branch_labels to 2022-06-07T00:00:00+00:00, run_after=2022-06-08T00:00:00+00:00
[2022-06-08 12:58:43,430] {processor.py:161} INFO - Processing /home/james/airflowa/lib/python3.8/site-packages/airflow/example_dags/example_branch_labels.py took 0.067 seconds
[2022-06-08 12:59:27,000] {processor.py:153} INFO - Started process (PID=124054) to work on /home/james/airflowa/lib/python3.8/site-packages/airflow/example_dags/example_branch_labels.py
[2022-06-08 12:59:27,001] {processor.py:641} INFO - Processing file /home/james/airflowa/lib/python3.8/site-packages/airflow/example_dags/example_branch_labels.py for tasks to queue
[2022-06-08 12:59:27,001] {logging_mixin.py:115} INFO - [2022-06-08 12:59:27,001] {dagbag.py:507} INFO - Filling up the DagBag from /home/james/airflowa/lib/python3.8/site-packages/airflow/example_dags/example_branch_labels.py
[2022-06-08 12:59:27,006] {processor.py:651} INFO - DAG(s) dict_keys(['example_branch_labels']) retrieved from /home/james/airflowa/lib/python3.8/site-packages/airflow/example_dags/example_branch_labels.py
[2022-06-08 12:59:27,019] {logging_mixin.py:115} INFO - [2022-06-08 12:59:27,019] {dag.py:2379} INFO - Sync 1 DAGs
[2022-06-08 12:59:27,036] {logging_mixin.py:115} INFO - [2022-06-08 12:59:27,036] {dag.py:2927} INFO - Setting next_dagrun for example_branch_labels to 2022-06-07T00:00:00+00:00, run_after=2022-06-08T00:00:00+00:00
[2022-06-08 12:59:27,046] {processor.py:161} INFO - Processing /home/james/airflowa/lib/python3.8/site-packages/airflow/example_dags/example_branch_labels.py took 0.049 seconds
[2022-06-08 13:00:23,910] {processor.py:153} INFO - Started process (PID=124887) to work on /home/james/airflowa/lib/python3.8/site-packages/airflow/example_dags/example_branch_labels.py
[2022-06-08 13:00:23,910] {processor.py:641} INFO - Processing file /home/james/airflowa/lib/python3.8/site-packages/airflow/example_dags/example_branch_labels.py for tasks to queue
[2022-06-08 13:00:23,911] {logging_mixin.py:115} INFO - [2022-06-08 13:00:23,911] {dagbag.py:507} INFO - Filling up the DagBag from /home/james/airflowa/lib/python3.8/site-packages/airflow/example_dags/example_branch_labels.py
[2022-06-08 13:00:23,917] {processor.py:651} INFO - DAG(s) dict_keys(['example_branch_labels']) retrieved from /home/james/airflowa/lib/python3.8/site-packages/airflow/example_dags/example_branch_labels.py
[2022-06-08 13:00:23,930] {logging_mixin.py:115} INFO - [2022-06-08 13:00:23,930] {dag.py:2379} INFO - Sync 1 DAGs
[2022-06-08 13:00:23,948] {logging_mixin.py:115} INFO - [2022-06-08 13:00:23,948] {dag.py:2927} INFO - Setting next_dagrun for example_branch_labels to 2022-06-07T00:00:00+00:00, run_after=2022-06-08T00:00:00+00:00
[2022-06-08 13:00:23,961] {processor.py:161} INFO - Processing /home/james/airflowa/lib/python3.8/site-packages/airflow/example_dags/example_branch_labels.py took 0.054 seconds
[2022-06-08 13:01:13,722] {processor.py:153} INFO - Started process (PID=125130) to work on /home/james/airflowa/lib/python3.8/site-packages/airflow/example_dags/example_branch_labels.py
[2022-06-08 13:01:13,723] {processor.py:641} INFO - Processing file /home/james/airflowa/lib/python3.8/site-packages/airflow/example_dags/example_branch_labels.py for tasks to queue
[2022-06-08 13:01:13,724] {logging_mixin.py:115} INFO - [2022-06-08 13:01:13,724] {dagbag.py:507} INFO - Filling up the DagBag from /home/james/airflowa/lib/python3.8/site-packages/airflow/example_dags/example_branch_labels.py
[2022-06-08 13:01:13,731] {processor.py:651} INFO - DAG(s) dict_keys(['example_branch_labels']) retrieved from /home/james/airflowa/lib/python3.8/site-packages/airflow/example_dags/example_branch_labels.py
[2022-06-08 13:01:13,749] {logging_mixin.py:115} INFO - [2022-06-08 13:01:13,748] {dag.py:2379} INFO - Sync 1 DAGs
[2022-06-08 13:01:13,771] {logging_mixin.py:115} INFO - [2022-06-08 13:01:13,771] {dag.py:2927} INFO - Setting next_dagrun for example_branch_labels to 2022-06-07T00:00:00+00:00, run_after=2022-06-08T00:00:00+00:00
[2022-06-08 13:01:13,785] {processor.py:161} INFO - Processing /home/james/airflowa/lib/python3.8/site-packages/airflow/example_dags/example_branch_labels.py took 0.066 seconds
[2022-06-08 13:02:42,722] {processor.py:153} INFO - Started process (PID=125628) to work on /home/james/airflowa/lib/python3.8/site-packages/airflow/example_dags/example_branch_labels.py
[2022-06-08 13:02:42,724] {processor.py:641} INFO - Processing file /home/james/airflowa/lib/python3.8/site-packages/airflow/example_dags/example_branch_labels.py for tasks to queue
[2022-06-08 13:02:42,724] {logging_mixin.py:115} INFO - [2022-06-08 13:02:42,724] {dagbag.py:507} INFO - Filling up the DagBag from /home/james/airflowa/lib/python3.8/site-packages/airflow/example_dags/example_branch_labels.py
[2022-06-08 13:02:42,729] {processor.py:651} INFO - DAG(s) dict_keys(['example_branch_labels']) retrieved from /home/james/airflowa/lib/python3.8/site-packages/airflow/example_dags/example_branch_labels.py
[2022-06-08 13:02:42,742] {logging_mixin.py:115} INFO - [2022-06-08 13:02:42,742] {dag.py:2379} INFO - Sync 1 DAGs
[2022-06-08 13:02:42,758] {logging_mixin.py:115} INFO - [2022-06-08 13:02:42,758] {dag.py:2927} INFO - Setting next_dagrun for example_branch_labels to 2022-06-07T00:00:00+00:00, run_after=2022-06-08T00:00:00+00:00
[2022-06-08 13:02:42,768] {processor.py:161} INFO - Processing /home/james/airflowa/lib/python3.8/site-packages/airflow/example_dags/example_branch_labels.py took 0.049 seconds
[2022-06-08 13:03:40,056] {processor.py:153} INFO - Started process (PID=125908) to work on /home/james/airflowa/lib/python3.8/site-packages/airflow/example_dags/example_branch_labels.py
[2022-06-08 13:03:40,056] {processor.py:641} INFO - Processing file /home/james/airflowa/lib/python3.8/site-packages/airflow/example_dags/example_branch_labels.py for tasks to queue
[2022-06-08 13:03:40,057] {logging_mixin.py:115} INFO - [2022-06-08 13:03:40,057] {dagbag.py:507} INFO - Filling up the DagBag from /home/james/airflowa/lib/python3.8/site-packages/airflow/example_dags/example_branch_labels.py
[2022-06-08 13:03:40,062] {processor.py:651} INFO - DAG(s) dict_keys(['example_branch_labels']) retrieved from /home/james/airflowa/lib/python3.8/site-packages/airflow/example_dags/example_branch_labels.py
[2022-06-08 13:03:40,076] {logging_mixin.py:115} INFO - [2022-06-08 13:03:40,076] {dag.py:2379} INFO - Sync 1 DAGs
[2022-06-08 13:03:40,093] {logging_mixin.py:115} INFO - [2022-06-08 13:03:40,093] {dag.py:2927} INFO - Setting next_dagrun for example_branch_labels to 2022-06-07T00:00:00+00:00, run_after=2022-06-08T00:00:00+00:00
[2022-06-08 13:03:40,104] {processor.py:161} INFO - Processing /home/james/airflowa/lib/python3.8/site-packages/airflow/example_dags/example_branch_labels.py took 0.051 seconds
[2022-06-08 13:04:29,745] {processor.py:153} INFO - Started process (PID=126366) to work on /home/james/airflowa/lib/python3.8/site-packages/airflow/example_dags/example_branch_labels.py
[2022-06-08 13:04:29,746] {processor.py:641} INFO - Processing file /home/james/airflowa/lib/python3.8/site-packages/airflow/example_dags/example_branch_labels.py for tasks to queue
[2022-06-08 13:04:29,747] {logging_mixin.py:115} INFO - [2022-06-08 13:04:29,747] {dagbag.py:507} INFO - Filling up the DagBag from /home/james/airflowa/lib/python3.8/site-packages/airflow/example_dags/example_branch_labels.py
[2022-06-08 13:04:29,751] {processor.py:651} INFO - DAG(s) dict_keys(['example_branch_labels']) retrieved from /home/james/airflowa/lib/python3.8/site-packages/airflow/example_dags/example_branch_labels.py
[2022-06-08 13:04:29,763] {logging_mixin.py:115} INFO - [2022-06-08 13:04:29,763] {dag.py:2379} INFO - Sync 1 DAGs
[2022-06-08 13:04:29,782] {logging_mixin.py:115} INFO - [2022-06-08 13:04:29,781] {dag.py:2927} INFO - Setting next_dagrun for example_branch_labels to 2022-06-07T00:00:00+00:00, run_after=2022-06-08T00:00:00+00:00
[2022-06-08 13:04:29,792] {processor.py:161} INFO - Processing /home/james/airflowa/lib/python3.8/site-packages/airflow/example_dags/example_branch_labels.py took 0.049 seconds
[2022-06-08 13:05:39,866] {processor.py:153} INFO - Started process (PID=126636) to work on /home/james/airflowa/lib/python3.8/site-packages/airflow/example_dags/example_branch_labels.py
[2022-06-08 13:05:39,867] {processor.py:641} INFO - Processing file /home/james/airflowa/lib/python3.8/site-packages/airflow/example_dags/example_branch_labels.py for tasks to queue
[2022-06-08 13:05:39,867] {logging_mixin.py:115} INFO - [2022-06-08 13:05:39,867] {dagbag.py:507} INFO - Filling up the DagBag from /home/james/airflowa/lib/python3.8/site-packages/airflow/example_dags/example_branch_labels.py
[2022-06-08 13:05:39,872] {processor.py:651} INFO - DAG(s) dict_keys(['example_branch_labels']) retrieved from /home/james/airflowa/lib/python3.8/site-packages/airflow/example_dags/example_branch_labels.py
[2022-06-08 13:05:39,886] {logging_mixin.py:115} INFO - [2022-06-08 13:05:39,886] {dag.py:2379} INFO - Sync 1 DAGs
[2022-06-08 13:05:39,902] {logging_mixin.py:115} INFO - [2022-06-08 13:05:39,902] {dag.py:2927} INFO - Setting next_dagrun for example_branch_labels to 2022-06-07T00:00:00+00:00, run_after=2022-06-08T00:00:00+00:00
[2022-06-08 13:05:39,913] {processor.py:161} INFO - Processing /home/james/airflowa/lib/python3.8/site-packages/airflow/example_dags/example_branch_labels.py took 0.049 seconds
[2022-06-08 13:06:23,581] {processor.py:153} INFO - Started process (PID=126884) to work on /home/james/airflowa/lib/python3.8/site-packages/airflow/example_dags/example_branch_labels.py
[2022-06-08 13:06:23,581] {processor.py:641} INFO - Processing file /home/james/airflowa/lib/python3.8/site-packages/airflow/example_dags/example_branch_labels.py for tasks to queue
[2022-06-08 13:06:23,582] {logging_mixin.py:115} INFO - [2022-06-08 13:06:23,582] {dagbag.py:507} INFO - Filling up the DagBag from /home/james/airflowa/lib/python3.8/site-packages/airflow/example_dags/example_branch_labels.py
[2022-06-08 13:06:23,587] {processor.py:651} INFO - DAG(s) dict_keys(['example_branch_labels']) retrieved from /home/james/airflowa/lib/python3.8/site-packages/airflow/example_dags/example_branch_labels.py
[2022-06-08 13:06:23,600] {logging_mixin.py:115} INFO - [2022-06-08 13:06:23,600] {dag.py:2379} INFO - Sync 1 DAGs
[2022-06-08 13:06:23,616] {logging_mixin.py:115} INFO - [2022-06-08 13:06:23,616] {dag.py:2927} INFO - Setting next_dagrun for example_branch_labels to 2022-06-07T00:00:00+00:00, run_after=2022-06-08T00:00:00+00:00
[2022-06-08 13:06:23,627] {processor.py:161} INFO - Processing /home/james/airflowa/lib/python3.8/site-packages/airflow/example_dags/example_branch_labels.py took 0.049 seconds
