[2022-06-08 09:04:10,171] {processor.py:153} INFO - Started process (PID=23801) to work on /home/james/airflowa/lib/python3.8/site-packages/airflow/example_dags/example_skip_dag.py
[2022-06-08 09:04:10,171] {processor.py:641} INFO - Processing file /home/james/airflowa/lib/python3.8/site-packages/airflow/example_dags/example_skip_dag.py for tasks to queue
[2022-06-08 09:04:10,171] {logging_mixin.py:115} INFO - [2022-06-08 09:04:10,171] {dagbag.py:507} INFO - Filling up the DagBag from /home/james/airflowa/lib/python3.8/site-packages/airflow/example_dags/example_skip_dag.py
[2022-06-08 09:04:10,176] {processor.py:651} INFO - DAG(s) dict_keys(['example_skip_dag']) retrieved from /home/james/airflowa/lib/python3.8/site-packages/airflow/example_dags/example_skip_dag.py
[2022-06-08 09:04:10,190] {logging_mixin.py:115} INFO - [2022-06-08 09:04:10,190] {dag.py:2379} INFO - Sync 1 DAGs
[2022-06-08 09:04:10,205] {logging_mixin.py:115} INFO - [2022-06-08 09:04:10,205] {dag.py:2927} INFO - Setting next_dagrun for example_skip_dag to 2022-06-07T06:04:10.205016+00:00, run_after=2022-06-08T06:04:10.205016+00:00
[2022-06-08 09:04:10,217] {processor.py:161} INFO - Processing /home/james/airflowa/lib/python3.8/site-packages/airflow/example_dags/example_skip_dag.py took 0.048 seconds
[2022-06-08 09:04:45,519] {processor.py:153} INFO - Started process (PID=23926) to work on /home/james/airflowa/lib/python3.8/site-packages/airflow/example_dags/example_skip_dag.py
[2022-06-08 09:04:45,519] {processor.py:641} INFO - Processing file /home/james/airflowa/lib/python3.8/site-packages/airflow/example_dags/example_skip_dag.py for tasks to queue
[2022-06-08 09:04:45,520] {logging_mixin.py:115} INFO - [2022-06-08 09:04:45,520] {dagbag.py:507} INFO - Filling up the DagBag from /home/james/airflowa/lib/python3.8/site-packages/airflow/example_dags/example_skip_dag.py
[2022-06-08 09:04:45,525] {processor.py:651} INFO - DAG(s) dict_keys(['example_skip_dag']) retrieved from /home/james/airflowa/lib/python3.8/site-packages/airflow/example_dags/example_skip_dag.py
[2022-06-08 09:04:45,540] {logging_mixin.py:115} INFO - [2022-06-08 09:04:45,539] {dag.py:2379} INFO - Sync 1 DAGs
[2022-06-08 09:04:45,557] {logging_mixin.py:115} INFO - [2022-06-08 09:04:45,557] {dag.py:2927} INFO - Setting next_dagrun for example_skip_dag to 2022-06-07T06:04:45.557274+00:00, run_after=2022-06-08T06:04:45.557274+00:00
[2022-06-08 09:04:45,568] {processor.py:161} INFO - Processing /home/james/airflowa/lib/python3.8/site-packages/airflow/example_dags/example_skip_dag.py took 0.051 seconds
[2022-06-08 09:05:28,629] {processor.py:153} INFO - Started process (PID=24184) to work on /home/james/airflowa/lib/python3.8/site-packages/airflow/example_dags/example_skip_dag.py
[2022-06-08 09:05:28,630] {processor.py:641} INFO - Processing file /home/james/airflowa/lib/python3.8/site-packages/airflow/example_dags/example_skip_dag.py for tasks to queue
[2022-06-08 09:05:28,630] {logging_mixin.py:115} INFO - [2022-06-08 09:05:28,630] {dagbag.py:507} INFO - Filling up the DagBag from /home/james/airflowa/lib/python3.8/site-packages/airflow/example_dags/example_skip_dag.py
[2022-06-08 09:05:28,634] {processor.py:651} INFO - DAG(s) dict_keys(['example_skip_dag']) retrieved from /home/james/airflowa/lib/python3.8/site-packages/airflow/example_dags/example_skip_dag.py
[2022-06-08 09:05:28,647] {logging_mixin.py:115} INFO - [2022-06-08 09:05:28,647] {dag.py:2379} INFO - Sync 1 DAGs
[2022-06-08 09:05:28,661] {logging_mixin.py:115} INFO - [2022-06-08 09:05:28,661] {dag.py:2927} INFO - Setting next_dagrun for example_skip_dag to 2022-06-07T06:05:28.661560+00:00, run_after=2022-06-08T06:05:28.661560+00:00
[2022-06-08 09:05:28,672] {processor.py:161} INFO - Processing /home/james/airflowa/lib/python3.8/site-packages/airflow/example_dags/example_skip_dag.py took 0.045 seconds
[2022-06-08 09:06:32,202] {processor.py:153} INFO - Started process (PID=24875) to work on /home/james/airflowa/lib/python3.8/site-packages/airflow/example_dags/example_skip_dag.py
[2022-06-08 09:06:32,203] {processor.py:641} INFO - Processing file /home/james/airflowa/lib/python3.8/site-packages/airflow/example_dags/example_skip_dag.py for tasks to queue
[2022-06-08 09:06:32,204] {logging_mixin.py:115} INFO - [2022-06-08 09:06:32,204] {dagbag.py:507} INFO - Filling up the DagBag from /home/james/airflowa/lib/python3.8/site-packages/airflow/example_dags/example_skip_dag.py
[2022-06-08 09:06:32,210] {processor.py:651} INFO - DAG(s) dict_keys(['example_skip_dag']) retrieved from /home/james/airflowa/lib/python3.8/site-packages/airflow/example_dags/example_skip_dag.py
[2022-06-08 09:06:32,237] {logging_mixin.py:115} INFO - [2022-06-08 09:06:32,237] {dag.py:2379} INFO - Sync 1 DAGs
[2022-06-08 09:06:32,264] {logging_mixin.py:115} INFO - [2022-06-08 09:06:32,264] {dag.py:2927} INFO - Setting next_dagrun for example_skip_dag to 2022-06-07T06:06:32.263701+00:00, run_after=2022-06-08T06:06:32.263701+00:00
[2022-06-08 09:06:32,283] {processor.py:161} INFO - Processing /home/james/airflowa/lib/python3.8/site-packages/airflow/example_dags/example_skip_dag.py took 0.086 seconds
[2022-06-08 09:08:10,909] {processor.py:153} INFO - Started process (PID=25451) to work on /home/james/airflowa/lib/python3.8/site-packages/airflow/example_dags/example_skip_dag.py
[2022-06-08 09:08:10,909] {processor.py:641} INFO - Processing file /home/james/airflowa/lib/python3.8/site-packages/airflow/example_dags/example_skip_dag.py for tasks to queue
[2022-06-08 09:08:10,910] {logging_mixin.py:115} INFO - [2022-06-08 09:08:10,910] {dagbag.py:507} INFO - Filling up the DagBag from /home/james/airflowa/lib/python3.8/site-packages/airflow/example_dags/example_skip_dag.py
[2022-06-08 09:08:10,916] {processor.py:651} INFO - DAG(s) dict_keys(['example_skip_dag']) retrieved from /home/james/airflowa/lib/python3.8/site-packages/airflow/example_dags/example_skip_dag.py
[2022-06-08 09:08:10,938] {logging_mixin.py:115} INFO - [2022-06-08 09:08:10,937] {dag.py:2379} INFO - Sync 1 DAGs
[2022-06-08 09:08:10,968] {logging_mixin.py:115} INFO - [2022-06-08 09:08:10,968] {dag.py:2927} INFO - Setting next_dagrun for example_skip_dag to 2022-06-07T06:08:10.967925+00:00, run_after=2022-06-08T06:08:10.967925+00:00
[2022-06-08 09:08:10,983] {processor.py:161} INFO - Processing /home/james/airflowa/lib/python3.8/site-packages/airflow/example_dags/example_skip_dag.py took 0.077 seconds
[2022-06-08 09:09:50,489] {processor.py:153} INFO - Started process (PID=26066) to work on /home/james/airflowa/lib/python3.8/site-packages/airflow/example_dags/example_skip_dag.py
[2022-06-08 09:09:50,491] {processor.py:641} INFO - Processing file /home/james/airflowa/lib/python3.8/site-packages/airflow/example_dags/example_skip_dag.py for tasks to queue
[2022-06-08 09:09:50,491] {logging_mixin.py:115} INFO - [2022-06-08 09:09:50,491] {dagbag.py:507} INFO - Filling up the DagBag from /home/james/airflowa/lib/python3.8/site-packages/airflow/example_dags/example_skip_dag.py
[2022-06-08 09:09:50,500] {processor.py:651} INFO - DAG(s) dict_keys(['example_skip_dag']) retrieved from /home/james/airflowa/lib/python3.8/site-packages/airflow/example_dags/example_skip_dag.py
[2022-06-08 09:09:50,524] {logging_mixin.py:115} INFO - [2022-06-08 09:09:50,524] {dag.py:2379} INFO - Sync 1 DAGs
[2022-06-08 09:09:50,555] {logging_mixin.py:115} INFO - [2022-06-08 09:09:50,554] {dag.py:2927} INFO - Setting next_dagrun for example_skip_dag to 2022-06-07T06:09:50.554484+00:00, run_after=2022-06-08T06:09:50.554484+00:00
[2022-06-08 09:09:50,572] {processor.py:161} INFO - Processing /home/james/airflowa/lib/python3.8/site-packages/airflow/example_dags/example_skip_dag.py took 0.088 seconds
[2022-06-08 09:12:01,774] {processor.py:153} INFO - Started process (PID=27394) to work on /home/james/airflowa/lib/python3.8/site-packages/airflow/example_dags/example_skip_dag.py
[2022-06-08 09:12:01,776] {processor.py:641} INFO - Processing file /home/james/airflowa/lib/python3.8/site-packages/airflow/example_dags/example_skip_dag.py for tasks to queue
[2022-06-08 09:12:01,777] {logging_mixin.py:115} INFO - [2022-06-08 09:12:01,777] {dagbag.py:507} INFO - Filling up the DagBag from /home/james/airflowa/lib/python3.8/site-packages/airflow/example_dags/example_skip_dag.py
[2022-06-08 09:12:01,797] {processor.py:651} INFO - DAG(s) dict_keys(['example_skip_dag']) retrieved from /home/james/airflowa/lib/python3.8/site-packages/airflow/example_dags/example_skip_dag.py
[2022-06-08 09:12:01,846] {logging_mixin.py:115} INFO - [2022-06-08 09:12:01,846] {dag.py:2379} INFO - Sync 1 DAGs
[2022-06-08 09:12:01,909] {logging_mixin.py:115} INFO - [2022-06-08 09:12:01,909] {dag.py:2927} INFO - Setting next_dagrun for example_skip_dag to 2022-06-07T06:12:01.908398+00:00, run_after=2022-06-08T06:12:01.908398+00:00
[2022-06-08 09:12:01,962] {processor.py:161} INFO - Processing /home/james/airflowa/lib/python3.8/site-packages/airflow/example_dags/example_skip_dag.py took 0.202 seconds
[2022-06-08 09:15:38,568] {processor.py:153} INFO - Started process (PID=28557) to work on /home/james/airflowa/lib/python3.8/site-packages/airflow/example_dags/example_skip_dag.py
[2022-06-08 09:15:38,569] {processor.py:641} INFO - Processing file /home/james/airflowa/lib/python3.8/site-packages/airflow/example_dags/example_skip_dag.py for tasks to queue
[2022-06-08 09:15:38,570] {logging_mixin.py:115} INFO - [2022-06-08 09:15:38,570] {dagbag.py:507} INFO - Filling up the DagBag from /home/james/airflowa/lib/python3.8/site-packages/airflow/example_dags/example_skip_dag.py
[2022-06-08 09:15:38,583] {processor.py:651} INFO - DAG(s) dict_keys(['example_skip_dag']) retrieved from /home/james/airflowa/lib/python3.8/site-packages/airflow/example_dags/example_skip_dag.py
[2022-06-08 09:15:38,627] {logging_mixin.py:115} INFO - [2022-06-08 09:15:38,626] {dag.py:2379} INFO - Sync 1 DAGs
[2022-06-08 09:15:38,671] {logging_mixin.py:115} INFO - [2022-06-08 09:15:38,671] {dag.py:2927} INFO - Setting next_dagrun for example_skip_dag to 2022-06-07T06:15:38.670884+00:00, run_after=2022-06-08T06:15:38.670884+00:00
[2022-06-08 09:15:38,694] {processor.py:161} INFO - Processing /home/james/airflowa/lib/python3.8/site-packages/airflow/example_dags/example_skip_dag.py took 0.133 seconds
[2022-06-08 09:19:10,190] {processor.py:153} INFO - Started process (PID=30901) to work on /home/james/airflowa/lib/python3.8/site-packages/airflow/example_dags/example_skip_dag.py
[2022-06-08 09:19:10,191] {processor.py:641} INFO - Processing file /home/james/airflowa/lib/python3.8/site-packages/airflow/example_dags/example_skip_dag.py for tasks to queue
[2022-06-08 09:19:10,193] {logging_mixin.py:115} INFO - [2022-06-08 09:19:10,192] {dagbag.py:507} INFO - Filling up the DagBag from /home/james/airflowa/lib/python3.8/site-packages/airflow/example_dags/example_skip_dag.py
[2022-06-08 09:19:10,205] {processor.py:651} INFO - DAG(s) dict_keys(['example_skip_dag']) retrieved from /home/james/airflowa/lib/python3.8/site-packages/airflow/example_dags/example_skip_dag.py
[2022-06-08 09:19:10,255] {logging_mixin.py:115} INFO - [2022-06-08 09:19:10,254] {dag.py:2379} INFO - Sync 1 DAGs
[2022-06-08 09:19:10,312] {logging_mixin.py:115} INFO - [2022-06-08 09:19:10,311] {dag.py:2927} INFO - Setting next_dagrun for example_skip_dag to 2022-06-07T06:19:10.311095+00:00, run_after=2022-06-08T06:19:10.311095+00:00
[2022-06-08 09:19:10,340] {processor.py:161} INFO - Processing /home/james/airflowa/lib/python3.8/site-packages/airflow/example_dags/example_skip_dag.py took 0.157 seconds
[2022-06-08 09:23:15,243] {processor.py:153} INFO - Started process (PID=33168) to work on /home/james/airflowa/lib/python3.8/site-packages/airflow/example_dags/example_skip_dag.py
[2022-06-08 09:23:15,244] {processor.py:641} INFO - Processing file /home/james/airflowa/lib/python3.8/site-packages/airflow/example_dags/example_skip_dag.py for tasks to queue
[2022-06-08 09:23:15,245] {logging_mixin.py:115} INFO - [2022-06-08 09:23:15,245] {dagbag.py:507} INFO - Filling up the DagBag from /home/james/airflowa/lib/python3.8/site-packages/airflow/example_dags/example_skip_dag.py
[2022-06-08 09:23:15,255] {processor.py:651} INFO - DAG(s) dict_keys(['example_skip_dag']) retrieved from /home/james/airflowa/lib/python3.8/site-packages/airflow/example_dags/example_skip_dag.py
[2022-06-08 09:23:15,290] {logging_mixin.py:115} INFO - [2022-06-08 09:23:15,289] {dag.py:2379} INFO - Sync 1 DAGs
[2022-06-08 09:23:15,333] {logging_mixin.py:115} INFO - [2022-06-08 09:23:15,333] {dag.py:2927} INFO - Setting next_dagrun for example_skip_dag to 2022-06-07T06:23:15.332436+00:00, run_after=2022-06-08T06:23:15.332436+00:00
[2022-06-08 09:23:15,359] {processor.py:161} INFO - Processing /home/james/airflowa/lib/python3.8/site-packages/airflow/example_dags/example_skip_dag.py took 0.123 seconds
[2022-06-08 09:27:22,485] {processor.py:153} INFO - Started process (PID=34669) to work on /home/james/airflowa/lib/python3.8/site-packages/airflow/example_dags/example_skip_dag.py
[2022-06-08 09:27:22,486] {processor.py:641} INFO - Processing file /home/james/airflowa/lib/python3.8/site-packages/airflow/example_dags/example_skip_dag.py for tasks to queue
[2022-06-08 09:27:22,488] {logging_mixin.py:115} INFO - [2022-06-08 09:27:22,488] {dagbag.py:507} INFO - Filling up the DagBag from /home/james/airflowa/lib/python3.8/site-packages/airflow/example_dags/example_skip_dag.py
[2022-06-08 09:27:22,504] {processor.py:651} INFO - DAG(s) dict_keys(['example_skip_dag']) retrieved from /home/james/airflowa/lib/python3.8/site-packages/airflow/example_dags/example_skip_dag.py
[2022-06-08 09:27:22,552] {logging_mixin.py:115} INFO - [2022-06-08 09:27:22,552] {dag.py:2379} INFO - Sync 1 DAGs
[2022-06-08 09:27:22,610] {logging_mixin.py:115} INFO - [2022-06-08 09:27:22,610] {dag.py:2927} INFO - Setting next_dagrun for example_skip_dag to 2022-06-07T06:27:22.609295+00:00, run_after=2022-06-08T06:27:22.609295+00:00
[2022-06-08 09:27:22,646] {processor.py:161} INFO - Processing /home/james/airflowa/lib/python3.8/site-packages/airflow/example_dags/example_skip_dag.py took 0.169 seconds
[2022-06-08 11:27:52,274] {processor.py:153} INFO - Started process (PID=76588) to work on /home/james/airflowa/lib/python3.8/site-packages/airflow/example_dags/example_skip_dag.py
[2022-06-08 11:27:52,275] {processor.py:641} INFO - Processing file /home/james/airflowa/lib/python3.8/site-packages/airflow/example_dags/example_skip_dag.py for tasks to queue
[2022-06-08 11:27:52,275] {logging_mixin.py:115} INFO - [2022-06-08 11:27:52,275] {dagbag.py:507} INFO - Filling up the DagBag from /home/james/airflowa/lib/python3.8/site-packages/airflow/example_dags/example_skip_dag.py
[2022-06-08 11:27:52,279] {processor.py:651} INFO - DAG(s) dict_keys(['example_skip_dag']) retrieved from /home/james/airflowa/lib/python3.8/site-packages/airflow/example_dags/example_skip_dag.py
[2022-06-08 11:27:52,295] {logging_mixin.py:115} INFO - [2022-06-08 11:27:52,295] {dag.py:2379} INFO - Sync 1 DAGs
[2022-06-08 11:27:52,310] {logging_mixin.py:115} INFO - [2022-06-08 11:27:52,310] {dag.py:2927} INFO - Setting next_dagrun for example_skip_dag to 2022-06-07T08:27:52.310494+00:00, run_after=2022-06-08T08:27:52.310494+00:00
[2022-06-08 11:27:52,321] {processor.py:161} INFO - Processing /home/james/airflowa/lib/python3.8/site-packages/airflow/example_dags/example_skip_dag.py took 0.050 seconds
[2022-06-08 11:28:32,426] {processor.py:153} INFO - Started process (PID=76896) to work on /home/james/airflowa/lib/python3.8/site-packages/airflow/example_dags/example_skip_dag.py
[2022-06-08 11:28:32,426] {processor.py:641} INFO - Processing file /home/james/airflowa/lib/python3.8/site-packages/airflow/example_dags/example_skip_dag.py for tasks to queue
[2022-06-08 11:28:32,427] {logging_mixin.py:115} INFO - [2022-06-08 11:28:32,427] {dagbag.py:507} INFO - Filling up the DagBag from /home/james/airflowa/lib/python3.8/site-packages/airflow/example_dags/example_skip_dag.py
[2022-06-08 11:28:32,432] {processor.py:651} INFO - DAG(s) dict_keys(['example_skip_dag']) retrieved from /home/james/airflowa/lib/python3.8/site-packages/airflow/example_dags/example_skip_dag.py
[2022-06-08 11:28:32,445] {logging_mixin.py:115} INFO - [2022-06-08 11:28:32,445] {dag.py:2379} INFO - Sync 1 DAGs
[2022-06-08 11:28:32,461] {logging_mixin.py:115} INFO - [2022-06-08 11:28:32,461] {dag.py:2927} INFO - Setting next_dagrun for example_skip_dag to 2022-06-07T08:28:32.461112+00:00, run_after=2022-06-08T08:28:32.461112+00:00
[2022-06-08 11:28:32,472] {processor.py:161} INFO - Processing /home/james/airflowa/lib/python3.8/site-packages/airflow/example_dags/example_skip_dag.py took 0.050 seconds
[2022-06-08 11:29:11,337] {processor.py:153} INFO - Started process (PID=77174) to work on /home/james/airflowa/lib/python3.8/site-packages/airflow/example_dags/example_skip_dag.py
[2022-06-08 11:29:11,337] {processor.py:641} INFO - Processing file /home/james/airflowa/lib/python3.8/site-packages/airflow/example_dags/example_skip_dag.py for tasks to queue
[2022-06-08 11:29:11,338] {logging_mixin.py:115} INFO - [2022-06-08 11:29:11,338] {dagbag.py:507} INFO - Filling up the DagBag from /home/james/airflowa/lib/python3.8/site-packages/airflow/example_dags/example_skip_dag.py
[2022-06-08 11:29:11,343] {processor.py:651} INFO - DAG(s) dict_keys(['example_skip_dag']) retrieved from /home/james/airflowa/lib/python3.8/site-packages/airflow/example_dags/example_skip_dag.py
[2022-06-08 11:29:11,357] {logging_mixin.py:115} INFO - [2022-06-08 11:29:11,357] {dag.py:2379} INFO - Sync 1 DAGs
[2022-06-08 11:29:11,371] {logging_mixin.py:115} INFO - [2022-06-08 11:29:11,371] {dag.py:2927} INFO - Setting next_dagrun for example_skip_dag to 2022-06-07T08:29:11.370963+00:00, run_after=2022-06-08T08:29:11.370963+00:00
[2022-06-08 11:29:11,382] {processor.py:161} INFO - Processing /home/james/airflowa/lib/python3.8/site-packages/airflow/example_dags/example_skip_dag.py took 0.047 seconds
[2022-06-08 11:29:52,023] {processor.py:153} INFO - Started process (PID=77556) to work on /home/james/airflowa/lib/python3.8/site-packages/airflow/example_dags/example_skip_dag.py
[2022-06-08 11:29:52,024] {processor.py:641} INFO - Processing file /home/james/airflowa/lib/python3.8/site-packages/airflow/example_dags/example_skip_dag.py for tasks to queue
[2022-06-08 11:29:52,024] {logging_mixin.py:115} INFO - [2022-06-08 11:29:52,024] {dagbag.py:507} INFO - Filling up the DagBag from /home/james/airflowa/lib/python3.8/site-packages/airflow/example_dags/example_skip_dag.py
[2022-06-08 11:29:52,029] {processor.py:651} INFO - DAG(s) dict_keys(['example_skip_dag']) retrieved from /home/james/airflowa/lib/python3.8/site-packages/airflow/example_dags/example_skip_dag.py
[2022-06-08 11:29:52,046] {logging_mixin.py:115} INFO - [2022-06-08 11:29:52,046] {dag.py:2379} INFO - Sync 1 DAGs
[2022-06-08 11:29:52,062] {logging_mixin.py:115} INFO - [2022-06-08 11:29:52,062] {dag.py:2927} INFO - Setting next_dagrun for example_skip_dag to 2022-06-07T08:29:52.061819+00:00, run_after=2022-06-08T08:29:52.061819+00:00
[2022-06-08 11:29:52,073] {processor.py:161} INFO - Processing /home/james/airflowa/lib/python3.8/site-packages/airflow/example_dags/example_skip_dag.py took 0.052 seconds
[2022-06-08 11:31:32,418] {processor.py:153} INFO - Started process (PID=78573) to work on /home/james/airflowa/lib/python3.8/site-packages/airflow/example_dags/example_skip_dag.py
[2022-06-08 11:31:32,420] {processor.py:641} INFO - Processing file /home/james/airflowa/lib/python3.8/site-packages/airflow/example_dags/example_skip_dag.py for tasks to queue
[2022-06-08 11:31:32,420] {logging_mixin.py:115} INFO - [2022-06-08 11:31:32,420] {dagbag.py:507} INFO - Filling up the DagBag from /home/james/airflowa/lib/python3.8/site-packages/airflow/example_dags/example_skip_dag.py
[2022-06-08 11:31:32,425] {processor.py:651} INFO - DAG(s) dict_keys(['example_skip_dag']) retrieved from /home/james/airflowa/lib/python3.8/site-packages/airflow/example_dags/example_skip_dag.py
[2022-06-08 11:31:32,441] {logging_mixin.py:115} INFO - [2022-06-08 11:31:32,441] {dag.py:2379} INFO - Sync 1 DAGs
[2022-06-08 11:31:32,463] {logging_mixin.py:115} INFO - [2022-06-08 11:31:32,463] {dag.py:2927} INFO - Setting next_dagrun for example_skip_dag to 2022-06-07T08:31:32.463022+00:00, run_after=2022-06-08T08:31:32.463022+00:00
[2022-06-08 11:31:32,476] {processor.py:161} INFO - Processing /home/james/airflowa/lib/python3.8/site-packages/airflow/example_dags/example_skip_dag.py took 0.061 seconds
[2022-06-08 11:32:20,410] {processor.py:153} INFO - Started process (PID=78844) to work on /home/james/airflowa/lib/python3.8/site-packages/airflow/example_dags/example_skip_dag.py
[2022-06-08 11:32:20,411] {processor.py:641} INFO - Processing file /home/james/airflowa/lib/python3.8/site-packages/airflow/example_dags/example_skip_dag.py for tasks to queue
[2022-06-08 11:32:20,412] {logging_mixin.py:115} INFO - [2022-06-08 11:32:20,412] {dagbag.py:507} INFO - Filling up the DagBag from /home/james/airflowa/lib/python3.8/site-packages/airflow/example_dags/example_skip_dag.py
[2022-06-08 11:32:20,420] {processor.py:651} INFO - DAG(s) dict_keys(['example_skip_dag']) retrieved from /home/james/airflowa/lib/python3.8/site-packages/airflow/example_dags/example_skip_dag.py
[2022-06-08 11:32:20,447] {logging_mixin.py:115} INFO - [2022-06-08 11:32:20,447] {dag.py:2379} INFO - Sync 1 DAGs
[2022-06-08 11:32:20,473] {logging_mixin.py:115} INFO - [2022-06-08 11:32:20,473] {dag.py:2927} INFO - Setting next_dagrun for example_skip_dag to 2022-06-07T08:32:20.473080+00:00, run_after=2022-06-08T08:32:20.473080+00:00
[2022-06-08 11:32:20,490] {processor.py:161} INFO - Processing /home/james/airflowa/lib/python3.8/site-packages/airflow/example_dags/example_skip_dag.py took 0.085 seconds
[2022-06-08 11:33:10,651] {processor.py:153} INFO - Started process (PID=79145) to work on /home/james/airflowa/lib/python3.8/site-packages/airflow/example_dags/example_skip_dag.py
[2022-06-08 11:33:10,652] {processor.py:641} INFO - Processing file /home/james/airflowa/lib/python3.8/site-packages/airflow/example_dags/example_skip_dag.py for tasks to queue
[2022-06-08 11:33:10,652] {logging_mixin.py:115} INFO - [2022-06-08 11:33:10,652] {dagbag.py:507} INFO - Filling up the DagBag from /home/james/airflowa/lib/python3.8/site-packages/airflow/example_dags/example_skip_dag.py
[2022-06-08 11:33:10,660] {processor.py:651} INFO - DAG(s) dict_keys(['example_skip_dag']) retrieved from /home/james/airflowa/lib/python3.8/site-packages/airflow/example_dags/example_skip_dag.py
[2022-06-08 11:33:10,681] {logging_mixin.py:115} INFO - [2022-06-08 11:33:10,681] {dag.py:2379} INFO - Sync 1 DAGs
[2022-06-08 11:33:10,705] {logging_mixin.py:115} INFO - [2022-06-08 11:33:10,705] {dag.py:2927} INFO - Setting next_dagrun for example_skip_dag to 2022-06-07T08:33:10.704964+00:00, run_after=2022-06-08T08:33:10.704964+00:00
[2022-06-08 11:33:10,722] {processor.py:161} INFO - Processing /home/james/airflowa/lib/python3.8/site-packages/airflow/example_dags/example_skip_dag.py took 0.075 seconds
[2022-06-08 11:33:59,965] {processor.py:153} INFO - Started process (PID=79519) to work on /home/james/airflowa/lib/python3.8/site-packages/airflow/example_dags/example_skip_dag.py
[2022-06-08 11:33:59,967] {processor.py:641} INFO - Processing file /home/james/airflowa/lib/python3.8/site-packages/airflow/example_dags/example_skip_dag.py for tasks to queue
[2022-06-08 11:33:59,968] {logging_mixin.py:115} INFO - [2022-06-08 11:33:59,968] {dagbag.py:507} INFO - Filling up the DagBag from /home/james/airflowa/lib/python3.8/site-packages/airflow/example_dags/example_skip_dag.py
[2022-06-08 11:33:59,978] {processor.py:651} INFO - DAG(s) dict_keys(['example_skip_dag']) retrieved from /home/james/airflowa/lib/python3.8/site-packages/airflow/example_dags/example_skip_dag.py
[2022-06-08 11:34:00,007] {logging_mixin.py:115} INFO - [2022-06-08 11:34:00,007] {dag.py:2379} INFO - Sync 1 DAGs
[2022-06-08 11:34:00,038] {logging_mixin.py:115} INFO - [2022-06-08 11:34:00,038] {dag.py:2927} INFO - Setting next_dagrun for example_skip_dag to 2022-06-07T08:34:00.038256+00:00, run_after=2022-06-08T08:34:00.038256+00:00
[2022-06-08 11:34:00,060] {processor.py:161} INFO - Processing /home/james/airflowa/lib/python3.8/site-packages/airflow/example_dags/example_skip_dag.py took 0.099 seconds
[2022-06-08 11:34:48,903] {processor.py:153} INFO - Started process (PID=80074) to work on /home/james/airflowa/lib/python3.8/site-packages/airflow/example_dags/example_skip_dag.py
[2022-06-08 11:34:48,904] {processor.py:641} INFO - Processing file /home/james/airflowa/lib/python3.8/site-packages/airflow/example_dags/example_skip_dag.py for tasks to queue
[2022-06-08 11:34:48,905] {logging_mixin.py:115} INFO - [2022-06-08 11:34:48,905] {dagbag.py:507} INFO - Filling up the DagBag from /home/james/airflowa/lib/python3.8/site-packages/airflow/example_dags/example_skip_dag.py
[2022-06-08 11:34:48,912] {processor.py:651} INFO - DAG(s) dict_keys(['example_skip_dag']) retrieved from /home/james/airflowa/lib/python3.8/site-packages/airflow/example_dags/example_skip_dag.py
[2022-06-08 11:34:48,933] {logging_mixin.py:115} INFO - [2022-06-08 11:34:48,933] {dag.py:2379} INFO - Sync 1 DAGs
[2022-06-08 11:34:48,957] {logging_mixin.py:115} INFO - [2022-06-08 11:34:48,957] {dag.py:2927} INFO - Setting next_dagrun for example_skip_dag to 2022-06-07T08:34:48.956780+00:00, run_after=2022-06-08T08:34:48.956780+00:00
[2022-06-08 11:34:48,972] {processor.py:161} INFO - Processing /home/james/airflowa/lib/python3.8/site-packages/airflow/example_dags/example_skip_dag.py took 0.073 seconds
[2022-06-08 12:21:55,633] {processor.py:153} INFO - Started process (PID=104772) to work on /home/james/airflowa/lib/python3.8/site-packages/airflow/example_dags/example_skip_dag.py
[2022-06-08 12:21:55,635] {processor.py:641} INFO - Processing file /home/james/airflowa/lib/python3.8/site-packages/airflow/example_dags/example_skip_dag.py for tasks to queue
[2022-06-08 12:21:55,637] {logging_mixin.py:115} INFO - [2022-06-08 12:21:55,637] {dagbag.py:507} INFO - Filling up the DagBag from /home/james/airflowa/lib/python3.8/site-packages/airflow/example_dags/example_skip_dag.py
[2022-06-08 12:21:55,646] {processor.py:651} INFO - DAG(s) dict_keys(['example_skip_dag']) retrieved from /home/james/airflowa/lib/python3.8/site-packages/airflow/example_dags/example_skip_dag.py
[2022-06-08 12:21:55,677] {logging_mixin.py:115} INFO - [2022-06-08 12:21:55,677] {dag.py:2379} INFO - Sync 1 DAGs
[2022-06-08 12:21:55,709] {logging_mixin.py:115} INFO - [2022-06-08 12:21:55,709] {dag.py:2927} INFO - Setting next_dagrun for example_skip_dag to 2022-06-07T09:21:55.709172+00:00, run_after=2022-06-08T09:21:55.709172+00:00
[2022-06-08 12:21:55,733] {processor.py:161} INFO - Processing /home/james/airflowa/lib/python3.8/site-packages/airflow/example_dags/example_skip_dag.py took 0.104 seconds
[2022-06-08 12:22:41,331] {processor.py:153} INFO - Started process (PID=104984) to work on /home/james/airflowa/lib/python3.8/site-packages/airflow/example_dags/example_skip_dag.py
[2022-06-08 12:22:41,332] {processor.py:641} INFO - Processing file /home/james/airflowa/lib/python3.8/site-packages/airflow/example_dags/example_skip_dag.py for tasks to queue
[2022-06-08 12:22:41,332] {logging_mixin.py:115} INFO - [2022-06-08 12:22:41,332] {dagbag.py:507} INFO - Filling up the DagBag from /home/james/airflowa/lib/python3.8/site-packages/airflow/example_dags/example_skip_dag.py
[2022-06-08 12:22:41,340] {processor.py:651} INFO - DAG(s) dict_keys(['example_skip_dag']) retrieved from /home/james/airflowa/lib/python3.8/site-packages/airflow/example_dags/example_skip_dag.py
[2022-06-08 12:22:41,361] {logging_mixin.py:115} INFO - [2022-06-08 12:22:41,361] {dag.py:2379} INFO - Sync 1 DAGs
[2022-06-08 12:22:41,385] {logging_mixin.py:115} INFO - [2022-06-08 12:22:41,385] {dag.py:2927} INFO - Setting next_dagrun for example_skip_dag to 2022-06-07T09:22:41.384802+00:00, run_after=2022-06-08T09:22:41.384802+00:00
[2022-06-08 12:22:41,400] {processor.py:161} INFO - Processing /home/james/airflowa/lib/python3.8/site-packages/airflow/example_dags/example_skip_dag.py took 0.072 seconds
[2022-06-08 12:37:24,437] {processor.py:153} INFO - Started process (PID=114082) to work on /home/james/airflowa/lib/python3.8/site-packages/airflow/example_dags/example_skip_dag.py
[2022-06-08 12:37:24,438] {processor.py:641} INFO - Processing file /home/james/airflowa/lib/python3.8/site-packages/airflow/example_dags/example_skip_dag.py for tasks to queue
[2022-06-08 12:37:24,439] {logging_mixin.py:115} INFO - [2022-06-08 12:37:24,439] {dagbag.py:507} INFO - Filling up the DagBag from /home/james/airflowa/lib/python3.8/site-packages/airflow/example_dags/example_skip_dag.py
[2022-06-08 12:37:24,447] {processor.py:651} INFO - DAG(s) dict_keys(['example_skip_dag']) retrieved from /home/james/airflowa/lib/python3.8/site-packages/airflow/example_dags/example_skip_dag.py
[2022-06-08 12:37:24,472] {logging_mixin.py:115} INFO - [2022-06-08 12:37:24,471] {dag.py:2379} INFO - Sync 1 DAGs
[2022-06-08 12:37:24,496] {logging_mixin.py:115} INFO - [2022-06-08 12:37:24,496] {dag.py:2927} INFO - Setting next_dagrun for example_skip_dag to 2022-06-07T09:37:24.496272+00:00, run_after=2022-06-08T09:37:24.496272+00:00
[2022-06-08 12:37:24,516] {processor.py:161} INFO - Processing /home/james/airflowa/lib/python3.8/site-packages/airflow/example_dags/example_skip_dag.py took 0.082 seconds
[2022-06-08 12:39:16,371] {processor.py:153} INFO - Started process (PID=115594) to work on /home/james/airflowa/lib/python3.8/site-packages/airflow/example_dags/example_skip_dag.py
[2022-06-08 12:39:16,373] {processor.py:641} INFO - Processing file /home/james/airflowa/lib/python3.8/site-packages/airflow/example_dags/example_skip_dag.py for tasks to queue
[2022-06-08 12:39:16,375] {logging_mixin.py:115} INFO - [2022-06-08 12:39:16,375] {dagbag.py:507} INFO - Filling up the DagBag from /home/james/airflowa/lib/python3.8/site-packages/airflow/example_dags/example_skip_dag.py
[2022-06-08 12:39:16,397] {processor.py:651} INFO - DAG(s) dict_keys(['example_skip_dag']) retrieved from /home/james/airflowa/lib/python3.8/site-packages/airflow/example_dags/example_skip_dag.py
[2022-06-08 12:39:16,448] {logging_mixin.py:115} INFO - [2022-06-08 12:39:16,448] {dag.py:2379} INFO - Sync 1 DAGs
[2022-06-08 12:39:16,504] {logging_mixin.py:115} INFO - [2022-06-08 12:39:16,504] {dag.py:2927} INFO - Setting next_dagrun for example_skip_dag to 2022-06-07T09:39:16.503490+00:00, run_after=2022-06-08T09:39:16.503490+00:00
[2022-06-08 12:39:16,547] {processor.py:161} INFO - Processing /home/james/airflowa/lib/python3.8/site-packages/airflow/example_dags/example_skip_dag.py took 0.183 seconds
[2022-06-08 12:40:30,913] {processor.py:153} INFO - Started process (PID=116485) to work on /home/james/airflowa/lib/python3.8/site-packages/airflow/example_dags/example_skip_dag.py
[2022-06-08 12:40:30,913] {processor.py:641} INFO - Processing file /home/james/airflowa/lib/python3.8/site-packages/airflow/example_dags/example_skip_dag.py for tasks to queue
[2022-06-08 12:40:30,914] {logging_mixin.py:115} INFO - [2022-06-08 12:40:30,914] {dagbag.py:507} INFO - Filling up the DagBag from /home/james/airflowa/lib/python3.8/site-packages/airflow/example_dags/example_skip_dag.py
[2022-06-08 12:40:30,919] {processor.py:651} INFO - DAG(s) dict_keys(['example_skip_dag']) retrieved from /home/james/airflowa/lib/python3.8/site-packages/airflow/example_dags/example_skip_dag.py
[2022-06-08 12:40:30,931] {logging_mixin.py:115} INFO - [2022-06-08 12:40:30,931] {dag.py:2379} INFO - Sync 1 DAGs
[2022-06-08 12:40:30,949] {logging_mixin.py:115} INFO - [2022-06-08 12:40:30,949] {dag.py:2927} INFO - Setting next_dagrun for example_skip_dag to 2022-06-07T09:40:30.948853+00:00, run_after=2022-06-08T09:40:30.948853+00:00
[2022-06-08 12:40:30,959] {processor.py:161} INFO - Processing /home/james/airflowa/lib/python3.8/site-packages/airflow/example_dags/example_skip_dag.py took 0.049 seconds
[2022-06-08 12:43:38,249] {processor.py:153} INFO - Started process (PID=117576) to work on /home/james/airflowa/lib/python3.8/site-packages/airflow/example_dags/example_skip_dag.py
[2022-06-08 12:43:38,250] {processor.py:641} INFO - Processing file /home/james/airflowa/lib/python3.8/site-packages/airflow/example_dags/example_skip_dag.py for tasks to queue
[2022-06-08 12:43:38,251] {logging_mixin.py:115} INFO - [2022-06-08 12:43:38,251] {dagbag.py:507} INFO - Filling up the DagBag from /home/james/airflowa/lib/python3.8/site-packages/airflow/example_dags/example_skip_dag.py
[2022-06-08 12:43:38,258] {processor.py:651} INFO - DAG(s) dict_keys(['example_skip_dag']) retrieved from /home/james/airflowa/lib/python3.8/site-packages/airflow/example_dags/example_skip_dag.py
[2022-06-08 12:43:38,284] {logging_mixin.py:115} INFO - [2022-06-08 12:43:38,284] {dag.py:2379} INFO - Sync 1 DAGs
[2022-06-08 12:43:38,312] {logging_mixin.py:115} INFO - [2022-06-08 12:43:38,312] {dag.py:2927} INFO - Setting next_dagrun for example_skip_dag to 2022-06-07T09:43:38.311538+00:00, run_after=2022-06-08T09:43:38.311538+00:00
[2022-06-08 12:43:38,332] {processor.py:161} INFO - Processing /home/james/airflowa/lib/python3.8/site-packages/airflow/example_dags/example_skip_dag.py took 0.088 seconds
[2022-06-08 12:45:29,294] {processor.py:153} INFO - Started process (PID=118193) to work on /home/james/airflowa/lib/python3.8/site-packages/airflow/example_dags/example_skip_dag.py
[2022-06-08 12:45:29,295] {processor.py:641} INFO - Processing file /home/james/airflowa/lib/python3.8/site-packages/airflow/example_dags/example_skip_dag.py for tasks to queue
[2022-06-08 12:45:29,296] {logging_mixin.py:115} INFO - [2022-06-08 12:45:29,296] {dagbag.py:507} INFO - Filling up the DagBag from /home/james/airflowa/lib/python3.8/site-packages/airflow/example_dags/example_skip_dag.py
[2022-06-08 12:45:29,303] {processor.py:651} INFO - DAG(s) dict_keys(['example_skip_dag']) retrieved from /home/james/airflowa/lib/python3.8/site-packages/airflow/example_dags/example_skip_dag.py
[2022-06-08 12:45:29,327] {logging_mixin.py:115} INFO - [2022-06-08 12:45:29,327] {dag.py:2379} INFO - Sync 1 DAGs
[2022-06-08 12:45:29,346] {logging_mixin.py:115} INFO - [2022-06-08 12:45:29,346] {dag.py:2927} INFO - Setting next_dagrun for example_skip_dag to 2022-06-07T09:45:29.346323+00:00, run_after=2022-06-08T09:45:29.346323+00:00
[2022-06-08 12:45:29,361] {processor.py:161} INFO - Processing /home/james/airflowa/lib/python3.8/site-packages/airflow/example_dags/example_skip_dag.py took 0.070 seconds
[2022-06-08 12:46:40,391] {processor.py:153} INFO - Started process (PID=118594) to work on /home/james/airflowa/lib/python3.8/site-packages/airflow/example_dags/example_skip_dag.py
[2022-06-08 12:46:40,392] {processor.py:641} INFO - Processing file /home/james/airflowa/lib/python3.8/site-packages/airflow/example_dags/example_skip_dag.py for tasks to queue
[2022-06-08 12:46:40,392] {logging_mixin.py:115} INFO - [2022-06-08 12:46:40,392] {dagbag.py:507} INFO - Filling up the DagBag from /home/james/airflowa/lib/python3.8/site-packages/airflow/example_dags/example_skip_dag.py
[2022-06-08 12:46:40,397] {processor.py:651} INFO - DAG(s) dict_keys(['example_skip_dag']) retrieved from /home/james/airflowa/lib/python3.8/site-packages/airflow/example_dags/example_skip_dag.py
[2022-06-08 12:46:40,414] {logging_mixin.py:115} INFO - [2022-06-08 12:46:40,414] {dag.py:2379} INFO - Sync 1 DAGs
[2022-06-08 12:46:40,425] {logging_mixin.py:115} INFO - [2022-06-08 12:46:40,425] {dag.py:2927} INFO - Setting next_dagrun for example_skip_dag to 2022-06-07T09:46:40.425567+00:00, run_after=2022-06-08T09:46:40.425567+00:00
[2022-06-08 12:46:40,436] {processor.py:161} INFO - Processing /home/james/airflowa/lib/python3.8/site-packages/airflow/example_dags/example_skip_dag.py took 0.047 seconds
[2022-06-08 12:47:39,827] {processor.py:153} INFO - Started process (PID=119471) to work on /home/james/airflowa/lib/python3.8/site-packages/airflow/example_dags/example_skip_dag.py
[2022-06-08 12:47:39,828] {processor.py:641} INFO - Processing file /home/james/airflowa/lib/python3.8/site-packages/airflow/example_dags/example_skip_dag.py for tasks to queue
[2022-06-08 12:47:39,829] {logging_mixin.py:115} INFO - [2022-06-08 12:47:39,829] {dagbag.py:507} INFO - Filling up the DagBag from /home/james/airflowa/lib/python3.8/site-packages/airflow/example_dags/example_skip_dag.py
[2022-06-08 12:47:39,839] {processor.py:651} INFO - DAG(s) dict_keys(['example_skip_dag']) retrieved from /home/james/airflowa/lib/python3.8/site-packages/airflow/example_dags/example_skip_dag.py
[2022-06-08 12:47:39,873] {logging_mixin.py:115} INFO - [2022-06-08 12:47:39,873] {dag.py:2379} INFO - Sync 1 DAGs
[2022-06-08 12:47:39,893] {logging_mixin.py:115} INFO - [2022-06-08 12:47:39,892] {dag.py:2927} INFO - Setting next_dagrun for example_skip_dag to 2022-06-07T09:47:39.892677+00:00, run_after=2022-06-08T09:47:39.892677+00:00
[2022-06-08 12:47:39,908] {processor.py:161} INFO - Processing /home/james/airflowa/lib/python3.8/site-packages/airflow/example_dags/example_skip_dag.py took 0.085 seconds
[2022-06-08 12:48:37,688] {processor.py:153} INFO - Started process (PID=119822) to work on /home/james/airflowa/lib/python3.8/site-packages/airflow/example_dags/example_skip_dag.py
[2022-06-08 12:48:37,688] {processor.py:641} INFO - Processing file /home/james/airflowa/lib/python3.8/site-packages/airflow/example_dags/example_skip_dag.py for tasks to queue
[2022-06-08 12:48:37,689] {logging_mixin.py:115} INFO - [2022-06-08 12:48:37,689] {dagbag.py:507} INFO - Filling up the DagBag from /home/james/airflowa/lib/python3.8/site-packages/airflow/example_dags/example_skip_dag.py
[2022-06-08 12:48:37,694] {processor.py:651} INFO - DAG(s) dict_keys(['example_skip_dag']) retrieved from /home/james/airflowa/lib/python3.8/site-packages/airflow/example_dags/example_skip_dag.py
[2022-06-08 12:48:37,707] {logging_mixin.py:115} INFO - [2022-06-08 12:48:37,706] {dag.py:2379} INFO - Sync 1 DAGs
[2022-06-08 12:48:37,722] {logging_mixin.py:115} INFO - [2022-06-08 12:48:37,722] {dag.py:2927} INFO - Setting next_dagrun for example_skip_dag to 2022-06-07T09:48:37.721876+00:00, run_after=2022-06-08T09:48:37.721876+00:00
[2022-06-08 12:48:37,733] {processor.py:161} INFO - Processing /home/james/airflowa/lib/python3.8/site-packages/airflow/example_dags/example_skip_dag.py took 0.047 seconds
[2022-06-08 12:51:06,183] {processor.py:153} INFO - Started process (PID=121030) to work on /home/james/airflowa/lib/python3.8/site-packages/airflow/example_dags/example_skip_dag.py
[2022-06-08 12:51:06,185] {processor.py:641} INFO - Processing file /home/james/airflowa/lib/python3.8/site-packages/airflow/example_dags/example_skip_dag.py for tasks to queue
[2022-06-08 12:51:06,186] {logging_mixin.py:115} INFO - [2022-06-08 12:51:06,186] {dagbag.py:507} INFO - Filling up the DagBag from /home/james/airflowa/lib/python3.8/site-packages/airflow/example_dags/example_skip_dag.py
[2022-06-08 12:51:06,200] {processor.py:651} INFO - DAG(s) dict_keys(['example_skip_dag']) retrieved from /home/james/airflowa/lib/python3.8/site-packages/airflow/example_dags/example_skip_dag.py
[2022-06-08 12:51:06,242] {logging_mixin.py:115} INFO - [2022-06-08 12:51:06,242] {dag.py:2379} INFO - Sync 1 DAGs
[2022-06-08 12:51:06,288] {logging_mixin.py:115} INFO - [2022-06-08 12:51:06,288] {dag.py:2927} INFO - Setting next_dagrun for example_skip_dag to 2022-06-07T09:51:06.287633+00:00, run_after=2022-06-08T09:51:06.287633+00:00
[2022-06-08 12:51:06,316] {processor.py:161} INFO - Processing /home/james/airflowa/lib/python3.8/site-packages/airflow/example_dags/example_skip_dag.py took 0.140 seconds
[2022-06-08 12:53:21,965] {processor.py:153} INFO - Started process (PID=121775) to work on /home/james/airflowa/lib/python3.8/site-packages/airflow/example_dags/example_skip_dag.py
[2022-06-08 12:53:21,966] {processor.py:641} INFO - Processing file /home/james/airflowa/lib/python3.8/site-packages/airflow/example_dags/example_skip_dag.py for tasks to queue
[2022-06-08 12:53:21,967] {logging_mixin.py:115} INFO - [2022-06-08 12:53:21,967] {dagbag.py:507} INFO - Filling up the DagBag from /home/james/airflowa/lib/python3.8/site-packages/airflow/example_dags/example_skip_dag.py
[2022-06-08 12:53:21,977] {processor.py:651} INFO - DAG(s) dict_keys(['example_skip_dag']) retrieved from /home/james/airflowa/lib/python3.8/site-packages/airflow/example_dags/example_skip_dag.py
[2022-06-08 12:53:22,009] {logging_mixin.py:115} INFO - [2022-06-08 12:53:22,008] {dag.py:2379} INFO - Sync 1 DAGs
[2022-06-08 12:53:22,049] {logging_mixin.py:115} INFO - [2022-06-08 12:53:22,048] {dag.py:2927} INFO - Setting next_dagrun for example_skip_dag to 2022-06-07T09:53:22.048339+00:00, run_after=2022-06-08T09:53:22.048339+00:00
[2022-06-08 12:53:22,090] {processor.py:161} INFO - Processing /home/james/airflowa/lib/python3.8/site-packages/airflow/example_dags/example_skip_dag.py took 0.131 seconds
[2022-06-08 12:54:21,357] {processor.py:153} INFO - Started process (PID=122293) to work on /home/james/airflowa/lib/python3.8/site-packages/airflow/example_dags/example_skip_dag.py
[2022-06-08 12:54:21,358] {processor.py:641} INFO - Processing file /home/james/airflowa/lib/python3.8/site-packages/airflow/example_dags/example_skip_dag.py for tasks to queue
[2022-06-08 12:54:21,359] {logging_mixin.py:115} INFO - [2022-06-08 12:54:21,359] {dagbag.py:507} INFO - Filling up the DagBag from /home/james/airflowa/lib/python3.8/site-packages/airflow/example_dags/example_skip_dag.py
[2022-06-08 12:54:21,370] {processor.py:651} INFO - DAG(s) dict_keys(['example_skip_dag']) retrieved from /home/james/airflowa/lib/python3.8/site-packages/airflow/example_dags/example_skip_dag.py
[2022-06-08 12:54:21,403] {logging_mixin.py:115} INFO - [2022-06-08 12:54:21,403] {dag.py:2379} INFO - Sync 1 DAGs
[2022-06-08 12:54:21,443] {logging_mixin.py:115} INFO - [2022-06-08 12:54:21,443] {dag.py:2927} INFO - Setting next_dagrun for example_skip_dag to 2022-06-07T09:54:21.442600+00:00, run_after=2022-06-08T09:54:21.442600+00:00
[2022-06-08 12:54:21,470] {processor.py:161} INFO - Processing /home/james/airflowa/lib/python3.8/site-packages/airflow/example_dags/example_skip_dag.py took 0.119 seconds
[2022-06-08 12:55:54,654] {processor.py:153} INFO - Started process (PID=122856) to work on /home/james/airflowa/lib/python3.8/site-packages/airflow/example_dags/example_skip_dag.py
[2022-06-08 12:55:54,655] {processor.py:641} INFO - Processing file /home/james/airflowa/lib/python3.8/site-packages/airflow/example_dags/example_skip_dag.py for tasks to queue
[2022-06-08 12:55:54,655] {logging_mixin.py:115} INFO - [2022-06-08 12:55:54,655] {dagbag.py:507} INFO - Filling up the DagBag from /home/james/airflowa/lib/python3.8/site-packages/airflow/example_dags/example_skip_dag.py
[2022-06-08 12:55:54,659] {processor.py:651} INFO - DAG(s) dict_keys(['example_skip_dag']) retrieved from /home/james/airflowa/lib/python3.8/site-packages/airflow/example_dags/example_skip_dag.py
[2022-06-08 12:55:54,673] {logging_mixin.py:115} INFO - [2022-06-08 12:55:54,673] {dag.py:2379} INFO - Sync 1 DAGs
[2022-06-08 12:55:54,688] {logging_mixin.py:115} INFO - [2022-06-08 12:55:54,688] {dag.py:2927} INFO - Setting next_dagrun for example_skip_dag to 2022-06-07T09:55:54.688290+00:00, run_after=2022-06-08T09:55:54.688290+00:00
[2022-06-08 12:55:54,700] {processor.py:161} INFO - Processing /home/james/airflowa/lib/python3.8/site-packages/airflow/example_dags/example_skip_dag.py took 0.048 seconds
[2022-06-08 12:57:04,549] {processor.py:153} INFO - Started process (PID=123177) to work on /home/james/airflowa/lib/python3.8/site-packages/airflow/example_dags/example_skip_dag.py
[2022-06-08 12:57:04,550] {processor.py:641} INFO - Processing file /home/james/airflowa/lib/python3.8/site-packages/airflow/example_dags/example_skip_dag.py for tasks to queue
[2022-06-08 12:57:04,551] {logging_mixin.py:115} INFO - [2022-06-08 12:57:04,551] {dagbag.py:507} INFO - Filling up the DagBag from /home/james/airflowa/lib/python3.8/site-packages/airflow/example_dags/example_skip_dag.py
[2022-06-08 12:57:04,556] {processor.py:651} INFO - DAG(s) dict_keys(['example_skip_dag']) retrieved from /home/james/airflowa/lib/python3.8/site-packages/airflow/example_dags/example_skip_dag.py
[2022-06-08 12:57:04,573] {logging_mixin.py:115} INFO - [2022-06-08 12:57:04,573] {dag.py:2379} INFO - Sync 1 DAGs
[2022-06-08 12:57:04,592] {logging_mixin.py:115} INFO - [2022-06-08 12:57:04,592] {dag.py:2927} INFO - Setting next_dagrun for example_skip_dag to 2022-06-07T09:57:04.591821+00:00, run_after=2022-06-08T09:57:04.591821+00:00
[2022-06-08 12:57:04,608] {processor.py:161} INFO - Processing /home/james/airflowa/lib/python3.8/site-packages/airflow/example_dags/example_skip_dag.py took 0.061 seconds
[2022-06-08 12:58:26,697] {processor.py:153} INFO - Started process (PID=123588) to work on /home/james/airflowa/lib/python3.8/site-packages/airflow/example_dags/example_skip_dag.py
[2022-06-08 12:58:26,698] {processor.py:641} INFO - Processing file /home/james/airflowa/lib/python3.8/site-packages/airflow/example_dags/example_skip_dag.py for tasks to queue
[2022-06-08 12:58:26,699] {logging_mixin.py:115} INFO - [2022-06-08 12:58:26,699] {dagbag.py:507} INFO - Filling up the DagBag from /home/james/airflowa/lib/python3.8/site-packages/airflow/example_dags/example_skip_dag.py
[2022-06-08 12:58:26,704] {processor.py:651} INFO - DAG(s) dict_keys(['example_skip_dag']) retrieved from /home/james/airflowa/lib/python3.8/site-packages/airflow/example_dags/example_skip_dag.py
[2022-06-08 12:58:26,721] {logging_mixin.py:115} INFO - [2022-06-08 12:58:26,721] {dag.py:2379} INFO - Sync 1 DAGs
[2022-06-08 12:58:26,741] {logging_mixin.py:115} INFO - [2022-06-08 12:58:26,741] {dag.py:2927} INFO - Setting next_dagrun for example_skip_dag to 2022-06-07T09:58:26.741004+00:00, run_after=2022-06-08T09:58:26.741004+00:00
[2022-06-08 12:58:26,756] {processor.py:161} INFO - Processing /home/james/airflowa/lib/python3.8/site-packages/airflow/example_dags/example_skip_dag.py took 0.061 seconds
[2022-06-08 12:59:06,575] {processor.py:153} INFO - Started process (PID=123973) to work on /home/james/airflowa/lib/python3.8/site-packages/airflow/example_dags/example_skip_dag.py
[2022-06-08 12:59:06,576] {processor.py:641} INFO - Processing file /home/james/airflowa/lib/python3.8/site-packages/airflow/example_dags/example_skip_dag.py for tasks to queue
[2022-06-08 12:59:06,576] {logging_mixin.py:115} INFO - [2022-06-08 12:59:06,576] {dagbag.py:507} INFO - Filling up the DagBag from /home/james/airflowa/lib/python3.8/site-packages/airflow/example_dags/example_skip_dag.py
[2022-06-08 12:59:06,581] {processor.py:651} INFO - DAG(s) dict_keys(['example_skip_dag']) retrieved from /home/james/airflowa/lib/python3.8/site-packages/airflow/example_dags/example_skip_dag.py
[2022-06-08 12:59:06,595] {logging_mixin.py:115} INFO - [2022-06-08 12:59:06,594] {dag.py:2379} INFO - Sync 1 DAGs
[2022-06-08 12:59:06,614] {logging_mixin.py:115} INFO - [2022-06-08 12:59:06,614] {dag.py:2927} INFO - Setting next_dagrun for example_skip_dag to 2022-06-07T09:59:06.614122+00:00, run_after=2022-06-08T09:59:06.614122+00:00
[2022-06-08 12:59:06,625] {processor.py:161} INFO - Processing /home/james/airflowa/lib/python3.8/site-packages/airflow/example_dags/example_skip_dag.py took 0.053 seconds
[2022-06-08 12:59:51,722] {processor.py:153} INFO - Started process (PID=124244) to work on /home/james/airflowa/lib/python3.8/site-packages/airflow/example_dags/example_skip_dag.py
[2022-06-08 12:59:51,723] {processor.py:641} INFO - Processing file /home/james/airflowa/lib/python3.8/site-packages/airflow/example_dags/example_skip_dag.py for tasks to queue
[2022-06-08 12:59:51,723] {logging_mixin.py:115} INFO - [2022-06-08 12:59:51,723] {dagbag.py:507} INFO - Filling up the DagBag from /home/james/airflowa/lib/python3.8/site-packages/airflow/example_dags/example_skip_dag.py
[2022-06-08 12:59:51,729] {processor.py:651} INFO - DAG(s) dict_keys(['example_skip_dag']) retrieved from /home/james/airflowa/lib/python3.8/site-packages/airflow/example_dags/example_skip_dag.py
[2022-06-08 12:59:51,743] {logging_mixin.py:115} INFO - [2022-06-08 12:59:51,743] {dag.py:2379} INFO - Sync 1 DAGs
[2022-06-08 12:59:51,758] {logging_mixin.py:115} INFO - [2022-06-08 12:59:51,758] {dag.py:2927} INFO - Setting next_dagrun for example_skip_dag to 2022-06-07T09:59:51.757898+00:00, run_after=2022-06-08T09:59:51.757898+00:00
[2022-06-08 12:59:51,768] {processor.py:161} INFO - Processing /home/james/airflowa/lib/python3.8/site-packages/airflow/example_dags/example_skip_dag.py took 0.048 seconds
[2022-06-08 13:00:38,465] {processor.py:153} INFO - Started process (PID=124951) to work on /home/james/airflowa/lib/python3.8/site-packages/airflow/example_dags/example_skip_dag.py
[2022-06-08 13:00:38,466] {processor.py:641} INFO - Processing file /home/james/airflowa/lib/python3.8/site-packages/airflow/example_dags/example_skip_dag.py for tasks to queue
[2022-06-08 13:00:38,466] {logging_mixin.py:115} INFO - [2022-06-08 13:00:38,466] {dagbag.py:507} INFO - Filling up the DagBag from /home/james/airflowa/lib/python3.8/site-packages/airflow/example_dags/example_skip_dag.py
[2022-06-08 13:00:38,470] {processor.py:651} INFO - DAG(s) dict_keys(['example_skip_dag']) retrieved from /home/james/airflowa/lib/python3.8/site-packages/airflow/example_dags/example_skip_dag.py
[2022-06-08 13:00:38,485] {logging_mixin.py:115} INFO - [2022-06-08 13:00:38,485] {dag.py:2379} INFO - Sync 1 DAGs
[2022-06-08 13:00:38,500] {logging_mixin.py:115} INFO - [2022-06-08 13:00:38,499] {dag.py:2927} INFO - Setting next_dagrun for example_skip_dag to 2022-06-07T10:00:38.499673+00:00, run_after=2022-06-08T10:00:38.499673+00:00
[2022-06-08 13:00:38,511] {processor.py:161} INFO - Processing /home/james/airflowa/lib/python3.8/site-packages/airflow/example_dags/example_skip_dag.py took 0.048 seconds
[2022-06-08 13:01:34,736] {processor.py:153} INFO - Started process (PID=125255) to work on /home/james/airflowa/lib/python3.8/site-packages/airflow/example_dags/example_skip_dag.py
[2022-06-08 13:01:34,737] {processor.py:641} INFO - Processing file /home/james/airflowa/lib/python3.8/site-packages/airflow/example_dags/example_skip_dag.py for tasks to queue
[2022-06-08 13:01:34,737] {logging_mixin.py:115} INFO - [2022-06-08 13:01:34,737] {dagbag.py:507} INFO - Filling up the DagBag from /home/james/airflowa/lib/python3.8/site-packages/airflow/example_dags/example_skip_dag.py
[2022-06-08 13:01:34,742] {processor.py:651} INFO - DAG(s) dict_keys(['example_skip_dag']) retrieved from /home/james/airflowa/lib/python3.8/site-packages/airflow/example_dags/example_skip_dag.py
[2022-06-08 13:01:34,756] {logging_mixin.py:115} INFO - [2022-06-08 13:01:34,756] {dag.py:2379} INFO - Sync 1 DAGs
[2022-06-08 13:01:34,773] {logging_mixin.py:115} INFO - [2022-06-08 13:01:34,773] {dag.py:2927} INFO - Setting next_dagrun for example_skip_dag to 2022-06-07T10:01:34.773384+00:00, run_after=2022-06-08T10:01:34.773384+00:00
[2022-06-08 13:01:34,786] {processor.py:161} INFO - Processing /home/james/airflowa/lib/python3.8/site-packages/airflow/example_dags/example_skip_dag.py took 0.053 seconds
[2022-06-08 13:02:37,520] {processor.py:153} INFO - Started process (PID=125595) to work on /home/james/airflowa/lib/python3.8/site-packages/airflow/example_dags/example_skip_dag.py
[2022-06-08 13:02:37,521] {processor.py:641} INFO - Processing file /home/james/airflowa/lib/python3.8/site-packages/airflow/example_dags/example_skip_dag.py for tasks to queue
[2022-06-08 13:02:37,522] {logging_mixin.py:115} INFO - [2022-06-08 13:02:37,522] {dagbag.py:507} INFO - Filling up the DagBag from /home/james/airflowa/lib/python3.8/site-packages/airflow/example_dags/example_skip_dag.py
[2022-06-08 13:02:37,525] {processor.py:651} INFO - DAG(s) dict_keys(['example_skip_dag']) retrieved from /home/james/airflowa/lib/python3.8/site-packages/airflow/example_dags/example_skip_dag.py
[2022-06-08 13:02:37,539] {logging_mixin.py:115} INFO - [2022-06-08 13:02:37,538] {dag.py:2379} INFO - Sync 1 DAGs
[2022-06-08 13:02:37,553] {logging_mixin.py:115} INFO - [2022-06-08 13:02:37,552] {dag.py:2927} INFO - Setting next_dagrun for example_skip_dag to 2022-06-07T10:02:37.552714+00:00, run_after=2022-06-08T10:02:37.552714+00:00
[2022-06-08 13:02:37,563] {processor.py:161} INFO - Processing /home/james/airflowa/lib/python3.8/site-packages/airflow/example_dags/example_skip_dag.py took 0.045 seconds
[2022-06-08 13:03:34,855] {processor.py:153} INFO - Started process (PID=125903) to work on /home/james/airflowa/lib/python3.8/site-packages/airflow/example_dags/example_skip_dag.py
[2022-06-08 13:03:34,855] {processor.py:641} INFO - Processing file /home/james/airflowa/lib/python3.8/site-packages/airflow/example_dags/example_skip_dag.py for tasks to queue
[2022-06-08 13:03:34,856] {logging_mixin.py:115} INFO - [2022-06-08 13:03:34,856] {dagbag.py:507} INFO - Filling up the DagBag from /home/james/airflowa/lib/python3.8/site-packages/airflow/example_dags/example_skip_dag.py
[2022-06-08 13:03:34,860] {processor.py:651} INFO - DAG(s) dict_keys(['example_skip_dag']) retrieved from /home/james/airflowa/lib/python3.8/site-packages/airflow/example_dags/example_skip_dag.py
[2022-06-08 13:03:34,874] {logging_mixin.py:115} INFO - [2022-06-08 13:03:34,873] {dag.py:2379} INFO - Sync 1 DAGs
[2022-06-08 13:03:34,888] {logging_mixin.py:115} INFO - [2022-06-08 13:03:34,888] {dag.py:2927} INFO - Setting next_dagrun for example_skip_dag to 2022-06-07T10:03:34.888349+00:00, run_after=2022-06-08T10:03:34.888349+00:00
[2022-06-08 13:03:34,899] {processor.py:161} INFO - Processing /home/james/airflowa/lib/python3.8/site-packages/airflow/example_dags/example_skip_dag.py took 0.047 seconds
[2022-06-08 13:04:19,968] {processor.py:153} INFO - Started process (PID=126331) to work on /home/james/airflowa/lib/python3.8/site-packages/airflow/example_dags/example_skip_dag.py
[2022-06-08 13:04:19,969] {processor.py:641} INFO - Processing file /home/james/airflowa/lib/python3.8/site-packages/airflow/example_dags/example_skip_dag.py for tasks to queue
[2022-06-08 13:04:19,970] {logging_mixin.py:115} INFO - [2022-06-08 13:04:19,970] {dagbag.py:507} INFO - Filling up the DagBag from /home/james/airflowa/lib/python3.8/site-packages/airflow/example_dags/example_skip_dag.py
[2022-06-08 13:04:19,974] {processor.py:651} INFO - DAG(s) dict_keys(['example_skip_dag']) retrieved from /home/james/airflowa/lib/python3.8/site-packages/airflow/example_dags/example_skip_dag.py
[2022-06-08 13:04:19,988] {logging_mixin.py:115} INFO - [2022-06-08 13:04:19,987] {dag.py:2379} INFO - Sync 1 DAGs
[2022-06-08 13:04:20,004] {logging_mixin.py:115} INFO - [2022-06-08 13:04:20,004] {dag.py:2927} INFO - Setting next_dagrun for example_skip_dag to 2022-06-07T10:04:20.003971+00:00, run_after=2022-06-08T10:04:20.003971+00:00
[2022-06-08 13:04:20,017] {processor.py:161} INFO - Processing /home/james/airflowa/lib/python3.8/site-packages/airflow/example_dags/example_skip_dag.py took 0.053 seconds
[2022-06-08 13:05:06,499] {processor.py:153} INFO - Started process (PID=126531) to work on /home/james/airflowa/lib/python3.8/site-packages/airflow/example_dags/example_skip_dag.py
[2022-06-08 13:05:06,499] {processor.py:641} INFO - Processing file /home/james/airflowa/lib/python3.8/site-packages/airflow/example_dags/example_skip_dag.py for tasks to queue
[2022-06-08 13:05:06,500] {logging_mixin.py:115} INFO - [2022-06-08 13:05:06,500] {dagbag.py:507} INFO - Filling up the DagBag from /home/james/airflowa/lib/python3.8/site-packages/airflow/example_dags/example_skip_dag.py
[2022-06-08 13:05:06,505] {processor.py:651} INFO - DAG(s) dict_keys(['example_skip_dag']) retrieved from /home/james/airflowa/lib/python3.8/site-packages/airflow/example_dags/example_skip_dag.py
[2022-06-08 13:05:06,519] {logging_mixin.py:115} INFO - [2022-06-08 13:05:06,519] {dag.py:2379} INFO - Sync 1 DAGs
[2022-06-08 13:05:06,536] {logging_mixin.py:115} INFO - [2022-06-08 13:05:06,536] {dag.py:2927} INFO - Setting next_dagrun for example_skip_dag to 2022-06-07T10:05:06.536576+00:00, run_after=2022-06-08T10:05:06.536576+00:00
[2022-06-08 13:05:06,547] {processor.py:161} INFO - Processing /home/james/airflowa/lib/python3.8/site-packages/airflow/example_dags/example_skip_dag.py took 0.051 seconds
[2022-06-08 13:06:03,228] {processor.py:153} INFO - Started process (PID=126795) to work on /home/james/airflowa/lib/python3.8/site-packages/airflow/example_dags/example_skip_dag.py
[2022-06-08 13:06:03,229] {processor.py:641} INFO - Processing file /home/james/airflowa/lib/python3.8/site-packages/airflow/example_dags/example_skip_dag.py for tasks to queue
[2022-06-08 13:06:03,229] {logging_mixin.py:115} INFO - [2022-06-08 13:06:03,229] {dagbag.py:507} INFO - Filling up the DagBag from /home/james/airflowa/lib/python3.8/site-packages/airflow/example_dags/example_skip_dag.py
[2022-06-08 13:06:03,234] {processor.py:651} INFO - DAG(s) dict_keys(['example_skip_dag']) retrieved from /home/james/airflowa/lib/python3.8/site-packages/airflow/example_dags/example_skip_dag.py
[2022-06-08 13:06:03,247] {logging_mixin.py:115} INFO - [2022-06-08 13:06:03,247] {dag.py:2379} INFO - Sync 1 DAGs
[2022-06-08 13:06:03,262] {logging_mixin.py:115} INFO - [2022-06-08 13:06:03,262] {dag.py:2927} INFO - Setting next_dagrun for example_skip_dag to 2022-06-07T10:06:03.261952+00:00, run_after=2022-06-08T10:06:03.261952+00:00
[2022-06-08 13:06:03,274] {processor.py:161} INFO - Processing /home/james/airflowa/lib/python3.8/site-packages/airflow/example_dags/example_skip_dag.py took 0.048 seconds
