[2022-06-08 09:03:57,498] {processor.py:153} INFO - Started process (PID=23682) to work on /home/james/airflowa/lib/python3.8/site-packages/airflow/example_dags/example_task_group_decorator.py
[2022-06-08 09:03:57,499] {processor.py:641} INFO - Processing file /home/james/airflowa/lib/python3.8/site-packages/airflow/example_dags/example_task_group_decorator.py for tasks to queue
[2022-06-08 09:03:57,499] {logging_mixin.py:115} INFO - [2022-06-08 09:03:57,499] {dagbag.py:507} INFO - Filling up the DagBag from /home/james/airflowa/lib/python3.8/site-packages/airflow/example_dags/example_task_group_decorator.py
[2022-06-08 09:03:57,534] {processor.py:651} INFO - DAG(s) dict_keys(['example_task_group_decorator']) retrieved from /home/james/airflowa/lib/python3.8/site-packages/airflow/example_dags/example_task_group_decorator.py
[2022-06-08 09:03:57,595] {logging_mixin.py:115} INFO - [2022-06-08 09:03:57,595] {dag.py:2379} INFO - Sync 1 DAGs
[2022-06-08 09:03:57,616] {logging_mixin.py:115} INFO - [2022-06-08 09:03:57,615] {dag.py:2927} INFO - Setting next_dagrun for example_task_group_decorator to 2022-06-07T06:03:57.615691+00:00, run_after=2022-06-08T06:03:57.615691+00:00
[2022-06-08 09:03:57,633] {processor.py:161} INFO - Processing /home/james/airflowa/lib/python3.8/site-packages/airflow/example_dags/example_task_group_decorator.py took 0.138 seconds
[2022-06-08 09:04:32,511] {processor.py:153} INFO - Started process (PID=23885) to work on /home/james/airflowa/lib/python3.8/site-packages/airflow/example_dags/example_task_group_decorator.py
[2022-06-08 09:04:32,512] {processor.py:641} INFO - Processing file /home/james/airflowa/lib/python3.8/site-packages/airflow/example_dags/example_task_group_decorator.py for tasks to queue
[2022-06-08 09:04:32,512] {logging_mixin.py:115} INFO - [2022-06-08 09:04:32,512] {dagbag.py:507} INFO - Filling up the DagBag from /home/james/airflowa/lib/python3.8/site-packages/airflow/example_dags/example_task_group_decorator.py
[2022-06-08 09:04:32,541] {processor.py:651} INFO - DAG(s) dict_keys(['example_task_group_decorator']) retrieved from /home/james/airflowa/lib/python3.8/site-packages/airflow/example_dags/example_task_group_decorator.py
[2022-06-08 09:04:32,591] {logging_mixin.py:115} INFO - [2022-06-08 09:04:32,591] {dag.py:2379} INFO - Sync 1 DAGs
[2022-06-08 09:04:32,610] {logging_mixin.py:115} INFO - [2022-06-08 09:04:32,610] {dag.py:2927} INFO - Setting next_dagrun for example_task_group_decorator to 2022-06-07T06:04:32.610481+00:00, run_after=2022-06-08T06:04:32.610481+00:00
[2022-06-08 09:04:32,626] {processor.py:161} INFO - Processing /home/james/airflowa/lib/python3.8/site-packages/airflow/example_dags/example_task_group_decorator.py took 0.117 seconds
[2022-06-08 09:05:09,915] {processor.py:153} INFO - Started process (PID=24051) to work on /home/james/airflowa/lib/python3.8/site-packages/airflow/example_dags/example_task_group_decorator.py
[2022-06-08 09:05:09,916] {processor.py:641} INFO - Processing file /home/james/airflowa/lib/python3.8/site-packages/airflow/example_dags/example_task_group_decorator.py for tasks to queue
[2022-06-08 09:05:09,916] {logging_mixin.py:115} INFO - [2022-06-08 09:05:09,916] {dagbag.py:507} INFO - Filling up the DagBag from /home/james/airflowa/lib/python3.8/site-packages/airflow/example_dags/example_task_group_decorator.py
[2022-06-08 09:05:09,938] {processor.py:651} INFO - DAG(s) dict_keys(['example_task_group_decorator']) retrieved from /home/james/airflowa/lib/python3.8/site-packages/airflow/example_dags/example_task_group_decorator.py
[2022-06-08 09:05:09,953] {logging_mixin.py:115} INFO - [2022-06-08 09:05:09,953] {dag.py:2379} INFO - Sync 1 DAGs
[2022-06-08 09:05:09,968] {logging_mixin.py:115} INFO - [2022-06-08 09:05:09,968] {dag.py:2927} INFO - Setting next_dagrun for example_task_group_decorator to 2022-06-07T06:05:09.968134+00:00, run_after=2022-06-08T06:05:09.968134+00:00
[2022-06-08 09:05:09,979] {processor.py:161} INFO - Processing /home/james/airflowa/lib/python3.8/site-packages/airflow/example_dags/example_task_group_decorator.py took 0.066 seconds
[2022-06-08 09:06:01,904] {processor.py:153} INFO - Started process (PID=24625) to work on /home/james/airflowa/lib/python3.8/site-packages/airflow/example_dags/example_task_group_decorator.py
[2022-06-08 09:06:01,904] {processor.py:641} INFO - Processing file /home/james/airflowa/lib/python3.8/site-packages/airflow/example_dags/example_task_group_decorator.py for tasks to queue
[2022-06-08 09:06:01,905] {logging_mixin.py:115} INFO - [2022-06-08 09:06:01,905] {dagbag.py:507} INFO - Filling up the DagBag from /home/james/airflowa/lib/python3.8/site-packages/airflow/example_dags/example_task_group_decorator.py
[2022-06-08 09:06:01,952] {processor.py:651} INFO - DAG(s) dict_keys(['example_task_group_decorator']) retrieved from /home/james/airflowa/lib/python3.8/site-packages/airflow/example_dags/example_task_group_decorator.py
[2022-06-08 09:06:02,043] {logging_mixin.py:115} INFO - [2022-06-08 09:06:02,043] {dag.py:2379} INFO - Sync 1 DAGs
[2022-06-08 09:06:02,069] {logging_mixin.py:115} INFO - [2022-06-08 09:06:02,069] {dag.py:2927} INFO - Setting next_dagrun for example_task_group_decorator to 2022-06-07T06:06:02.068997+00:00, run_after=2022-06-08T06:06:02.068997+00:00
[2022-06-08 09:06:02,091] {processor.py:161} INFO - Processing /home/james/airflowa/lib/python3.8/site-packages/airflow/example_dags/example_task_group_decorator.py took 0.190 seconds
[2022-06-08 09:07:09,342] {processor.py:153} INFO - Started process (PID=25077) to work on /home/james/airflowa/lib/python3.8/site-packages/airflow/example_dags/example_task_group_decorator.py
[2022-06-08 09:07:09,343] {processor.py:641} INFO - Processing file /home/james/airflowa/lib/python3.8/site-packages/airflow/example_dags/example_task_group_decorator.py for tasks to queue
[2022-06-08 09:07:09,343] {logging_mixin.py:115} INFO - [2022-06-08 09:07:09,343] {dagbag.py:507} INFO - Filling up the DagBag from /home/james/airflowa/lib/python3.8/site-packages/airflow/example_dags/example_task_group_decorator.py
[2022-06-08 09:07:09,379] {processor.py:651} INFO - DAG(s) dict_keys(['example_task_group_decorator']) retrieved from /home/james/airflowa/lib/python3.8/site-packages/airflow/example_dags/example_task_group_decorator.py
[2022-06-08 09:07:09,438] {logging_mixin.py:115} INFO - [2022-06-08 09:07:09,438] {dag.py:2379} INFO - Sync 1 DAGs
[2022-06-08 09:07:09,462] {logging_mixin.py:115} INFO - [2022-06-08 09:07:09,462] {dag.py:2927} INFO - Setting next_dagrun for example_task_group_decorator to 2022-06-07T06:07:09.462004+00:00, run_after=2022-06-08T06:07:09.462004+00:00
[2022-06-08 09:07:09,479] {processor.py:161} INFO - Processing /home/james/airflowa/lib/python3.8/site-packages/airflow/example_dags/example_task_group_decorator.py took 0.141 seconds
[2022-06-08 09:08:44,781] {processor.py:153} INFO - Started process (PID=25645) to work on /home/james/airflowa/lib/python3.8/site-packages/airflow/example_dags/example_task_group_decorator.py
[2022-06-08 09:08:44,781] {processor.py:641} INFO - Processing file /home/james/airflowa/lib/python3.8/site-packages/airflow/example_dags/example_task_group_decorator.py for tasks to queue
[2022-06-08 09:08:44,782] {logging_mixin.py:115} INFO - [2022-06-08 09:08:44,782] {dagbag.py:507} INFO - Filling up the DagBag from /home/james/airflowa/lib/python3.8/site-packages/airflow/example_dags/example_task_group_decorator.py
[2022-06-08 09:08:44,817] {processor.py:651} INFO - DAG(s) dict_keys(['example_task_group_decorator']) retrieved from /home/james/airflowa/lib/python3.8/site-packages/airflow/example_dags/example_task_group_decorator.py
[2022-06-08 09:08:44,881] {logging_mixin.py:115} INFO - [2022-06-08 09:08:44,880] {dag.py:2379} INFO - Sync 1 DAGs
[2022-06-08 09:08:44,909] {logging_mixin.py:115} INFO - [2022-06-08 09:08:44,909] {dag.py:2927} INFO - Setting next_dagrun for example_task_group_decorator to 2022-06-07T06:08:44.909041+00:00, run_after=2022-06-08T06:08:44.909041+00:00
[2022-06-08 09:08:44,926] {processor.py:161} INFO - Processing /home/james/airflowa/lib/python3.8/site-packages/airflow/example_dags/example_task_group_decorator.py took 0.149 seconds
[2022-06-08 09:10:29,749] {processor.py:153} INFO - Started process (PID=26648) to work on /home/james/airflowa/lib/python3.8/site-packages/airflow/example_dags/example_task_group_decorator.py
[2022-06-08 09:10:29,750] {processor.py:641} INFO - Processing file /home/james/airflowa/lib/python3.8/site-packages/airflow/example_dags/example_task_group_decorator.py for tasks to queue
[2022-06-08 09:10:29,751] {logging_mixin.py:115} INFO - [2022-06-08 09:10:29,751] {dagbag.py:507} INFO - Filling up the DagBag from /home/james/airflowa/lib/python3.8/site-packages/airflow/example_dags/example_task_group_decorator.py
[2022-06-08 09:10:29,809] {processor.py:651} INFO - DAG(s) dict_keys(['example_task_group_decorator']) retrieved from /home/james/airflowa/lib/python3.8/site-packages/airflow/example_dags/example_task_group_decorator.py
[2022-06-08 09:10:29,912] {logging_mixin.py:115} INFO - [2022-06-08 09:10:29,912] {dag.py:2379} INFO - Sync 1 DAGs
[2022-06-08 09:10:29,948] {logging_mixin.py:115} INFO - [2022-06-08 09:10:29,947] {dag.py:2927} INFO - Setting next_dagrun for example_task_group_decorator to 2022-06-07T06:10:29.947538+00:00, run_after=2022-06-08T06:10:29.947538+00:00
[2022-06-08 09:10:29,972] {processor.py:161} INFO - Processing /home/james/airflowa/lib/python3.8/site-packages/airflow/example_dags/example_task_group_decorator.py took 0.228 seconds
[2022-06-08 09:12:59,980] {processor.py:153} INFO - Started process (PID=27582) to work on /home/james/airflowa/lib/python3.8/site-packages/airflow/example_dags/example_task_group_decorator.py
[2022-06-08 09:12:59,982] {processor.py:641} INFO - Processing file /home/james/airflowa/lib/python3.8/site-packages/airflow/example_dags/example_task_group_decorator.py for tasks to queue
[2022-06-08 09:12:59,983] {logging_mixin.py:115} INFO - [2022-06-08 09:12:59,983] {dagbag.py:507} INFO - Filling up the DagBag from /home/james/airflowa/lib/python3.8/site-packages/airflow/example_dags/example_task_group_decorator.py
[2022-06-08 09:13:00,136] {processor.py:651} INFO - DAG(s) dict_keys(['example_task_group_decorator']) retrieved from /home/james/airflowa/lib/python3.8/site-packages/airflow/example_dags/example_task_group_decorator.py
[2022-06-08 09:13:00,326] {logging_mixin.py:115} INFO - [2022-06-08 09:13:00,326] {dag.py:2379} INFO - Sync 1 DAGs
[2022-06-08 09:13:00,390] {logging_mixin.py:115} INFO - [2022-06-08 09:13:00,390] {dag.py:2927} INFO - Setting next_dagrun for example_task_group_decorator to 2022-06-07T06:13:00.389924+00:00, run_after=2022-06-08T06:13:00.389924+00:00
[2022-06-08 09:13:00,451] {processor.py:161} INFO - Processing /home/james/airflowa/lib/python3.8/site-packages/airflow/example_dags/example_task_group_decorator.py took 0.478 seconds
[2022-06-08 09:14:45,759] {processor.py:153} INFO - Started process (PID=28235) to work on /home/james/airflowa/lib/python3.8/site-packages/airflow/example_dags/example_task_group_decorator.py
[2022-06-08 09:14:45,760] {processor.py:641} INFO - Processing file /home/james/airflowa/lib/python3.8/site-packages/airflow/example_dags/example_task_group_decorator.py for tasks to queue
[2022-06-08 09:14:45,761] {logging_mixin.py:115} INFO - [2022-06-08 09:14:45,761] {dagbag.py:507} INFO - Filling up the DagBag from /home/james/airflowa/lib/python3.8/site-packages/airflow/example_dags/example_task_group_decorator.py
[2022-06-08 09:14:45,848] {processor.py:651} INFO - DAG(s) dict_keys(['example_task_group_decorator']) retrieved from /home/james/airflowa/lib/python3.8/site-packages/airflow/example_dags/example_task_group_decorator.py
[2022-06-08 09:14:45,977] {logging_mixin.py:115} INFO - [2022-06-08 09:14:45,977] {dag.py:2379} INFO - Sync 1 DAGs
[2022-06-08 09:14:46,025] {logging_mixin.py:115} INFO - [2022-06-08 09:14:46,024] {dag.py:2927} INFO - Setting next_dagrun for example_task_group_decorator to 2022-06-07T06:14:46.024179+00:00, run_after=2022-06-08T06:14:46.024179+00:00
[2022-06-08 09:14:46,058] {processor.py:161} INFO - Processing /home/james/airflowa/lib/python3.8/site-packages/airflow/example_dags/example_task_group_decorator.py took 0.306 seconds
[2022-06-08 09:16:27,689] {processor.py:153} INFO - Started process (PID=29502) to work on /home/james/airflowa/lib/python3.8/site-packages/airflow/example_dags/example_task_group_decorator.py
[2022-06-08 09:16:27,691] {processor.py:641} INFO - Processing file /home/james/airflowa/lib/python3.8/site-packages/airflow/example_dags/example_task_group_decorator.py for tasks to queue
[2022-06-08 09:16:27,692] {logging_mixin.py:115} INFO - [2022-06-08 09:16:27,692] {dagbag.py:507} INFO - Filling up the DagBag from /home/james/airflowa/lib/python3.8/site-packages/airflow/example_dags/example_task_group_decorator.py
[2022-06-08 09:16:27,781] {processor.py:651} INFO - DAG(s) dict_keys(['example_task_group_decorator']) retrieved from /home/james/airflowa/lib/python3.8/site-packages/airflow/example_dags/example_task_group_decorator.py
[2022-06-08 09:16:27,832] {logging_mixin.py:115} INFO - [2022-06-08 09:16:27,832] {dag.py:2379} INFO - Sync 1 DAGs
[2022-06-08 09:16:27,883] {logging_mixin.py:115} INFO - [2022-06-08 09:16:27,882] {dag.py:2927} INFO - Setting next_dagrun for example_task_group_decorator to 2022-06-07T06:16:27.882278+00:00, run_after=2022-06-08T06:16:27.882278+00:00
[2022-06-08 09:16:27,917] {processor.py:161} INFO - Processing /home/james/airflowa/lib/python3.8/site-packages/airflow/example_dags/example_task_group_decorator.py took 0.241 seconds
[2022-06-08 09:18:20,203] {processor.py:153} INFO - Started process (PID=30631) to work on /home/james/airflowa/lib/python3.8/site-packages/airflow/example_dags/example_task_group_decorator.py
[2022-06-08 09:18:20,205] {processor.py:641} INFO - Processing file /home/james/airflowa/lib/python3.8/site-packages/airflow/example_dags/example_task_group_decorator.py for tasks to queue
[2022-06-08 09:18:20,206] {logging_mixin.py:115} INFO - [2022-06-08 09:18:20,206] {dagbag.py:507} INFO - Filling up the DagBag from /home/james/airflowa/lib/python3.8/site-packages/airflow/example_dags/example_task_group_decorator.py
[2022-06-08 09:18:20,304] {processor.py:651} INFO - DAG(s) dict_keys(['example_task_group_decorator']) retrieved from /home/james/airflowa/lib/python3.8/site-packages/airflow/example_dags/example_task_group_decorator.py
[2022-06-08 09:18:20,362] {logging_mixin.py:115} INFO - [2022-06-08 09:18:20,362] {dag.py:2379} INFO - Sync 1 DAGs
[2022-06-08 09:18:20,411] {logging_mixin.py:115} INFO - [2022-06-08 09:18:20,411] {dag.py:2927} INFO - Setting next_dagrun for example_task_group_decorator to 2022-06-07T06:18:20.410847+00:00, run_after=2022-06-08T06:18:20.410847+00:00
[2022-06-08 09:18:20,434] {processor.py:161} INFO - Processing /home/james/airflowa/lib/python3.8/site-packages/airflow/example_dags/example_task_group_decorator.py took 0.240 seconds
[2022-06-08 09:20:27,002] {processor.py:153} INFO - Started process (PID=31759) to work on /home/james/airflowa/lib/python3.8/site-packages/airflow/example_dags/example_task_group_decorator.py
[2022-06-08 09:20:27,002] {processor.py:641} INFO - Processing file /home/james/airflowa/lib/python3.8/site-packages/airflow/example_dags/example_task_group_decorator.py for tasks to queue
[2022-06-08 09:20:27,003] {logging_mixin.py:115} INFO - [2022-06-08 09:20:27,003] {dagbag.py:507} INFO - Filling up the DagBag from /home/james/airflowa/lib/python3.8/site-packages/airflow/example_dags/example_task_group_decorator.py
[2022-06-08 09:20:27,059] {processor.py:651} INFO - DAG(s) dict_keys(['example_task_group_decorator']) retrieved from /home/james/airflowa/lib/python3.8/site-packages/airflow/example_dags/example_task_group_decorator.py
[2022-06-08 09:20:27,174] {logging_mixin.py:115} INFO - [2022-06-08 09:20:27,173] {dag.py:2379} INFO - Sync 1 DAGs
[2022-06-08 09:20:27,214] {logging_mixin.py:115} INFO - [2022-06-08 09:20:27,214] {dag.py:2927} INFO - Setting next_dagrun for example_task_group_decorator to 2022-06-07T06:20:27.213565+00:00, run_after=2022-06-08T06:20:27.213565+00:00
[2022-06-08 09:20:27,250] {processor.py:161} INFO - Processing /home/james/airflowa/lib/python3.8/site-packages/airflow/example_dags/example_task_group_decorator.py took 0.255 seconds
[2022-06-08 09:22:28,719] {processor.py:153} INFO - Started process (PID=32955) to work on /home/james/airflowa/lib/python3.8/site-packages/airflow/example_dags/example_task_group_decorator.py
[2022-06-08 09:22:28,720] {processor.py:641} INFO - Processing file /home/james/airflowa/lib/python3.8/site-packages/airflow/example_dags/example_task_group_decorator.py for tasks to queue
[2022-06-08 09:22:28,721] {logging_mixin.py:115} INFO - [2022-06-08 09:22:28,720] {dagbag.py:507} INFO - Filling up the DagBag from /home/james/airflowa/lib/python3.8/site-packages/airflow/example_dags/example_task_group_decorator.py
[2022-06-08 09:22:28,798] {processor.py:651} INFO - DAG(s) dict_keys(['example_task_group_decorator']) retrieved from /home/james/airflowa/lib/python3.8/site-packages/airflow/example_dags/example_task_group_decorator.py
[2022-06-08 09:22:28,845] {logging_mixin.py:115} INFO - [2022-06-08 09:22:28,844] {dag.py:2379} INFO - Sync 1 DAGs
[2022-06-08 09:22:28,894] {logging_mixin.py:115} INFO - [2022-06-08 09:22:28,893] {dag.py:2927} INFO - Setting next_dagrun for example_task_group_decorator to 2022-06-07T06:22:28.893453+00:00, run_after=2022-06-08T06:22:28.893453+00:00
[2022-06-08 09:22:28,916] {processor.py:161} INFO - Processing /home/james/airflowa/lib/python3.8/site-packages/airflow/example_dags/example_task_group_decorator.py took 0.203 seconds
[2022-06-08 09:24:33,773] {processor.py:153} INFO - Started process (PID=33694) to work on /home/james/airflowa/lib/python3.8/site-packages/airflow/example_dags/example_task_group_decorator.py
[2022-06-08 09:24:33,774] {processor.py:641} INFO - Processing file /home/james/airflowa/lib/python3.8/site-packages/airflow/example_dags/example_task_group_decorator.py for tasks to queue
[2022-06-08 09:24:33,775] {logging_mixin.py:115} INFO - [2022-06-08 09:24:33,775] {dagbag.py:507} INFO - Filling up the DagBag from /home/james/airflowa/lib/python3.8/site-packages/airflow/example_dags/example_task_group_decorator.py
[2022-06-08 09:24:33,860] {processor.py:651} INFO - DAG(s) dict_keys(['example_task_group_decorator']) retrieved from /home/james/airflowa/lib/python3.8/site-packages/airflow/example_dags/example_task_group_decorator.py
[2022-06-08 09:24:34,001] {logging_mixin.py:115} INFO - [2022-06-08 09:24:34,001] {dag.py:2379} INFO - Sync 1 DAGs
[2022-06-08 09:24:34,037] {logging_mixin.py:115} INFO - [2022-06-08 09:24:34,037] {dag.py:2927} INFO - Setting next_dagrun for example_task_group_decorator to 2022-06-07T06:24:34.036807+00:00, run_after=2022-06-08T06:24:34.036807+00:00
[2022-06-08 09:24:34,063] {processor.py:161} INFO - Processing /home/james/airflowa/lib/python3.8/site-packages/airflow/example_dags/example_task_group_decorator.py took 0.297 seconds
[2022-06-08 09:26:39,636] {processor.py:153} INFO - Started process (PID=34493) to work on /home/james/airflowa/lib/python3.8/site-packages/airflow/example_dags/example_task_group_decorator.py
[2022-06-08 09:26:39,636] {processor.py:641} INFO - Processing file /home/james/airflowa/lib/python3.8/site-packages/airflow/example_dags/example_task_group_decorator.py for tasks to queue
[2022-06-08 09:26:39,637] {logging_mixin.py:115} INFO - [2022-06-08 09:26:39,636] {dagbag.py:507} INFO - Filling up the DagBag from /home/james/airflowa/lib/python3.8/site-packages/airflow/example_dags/example_task_group_decorator.py
[2022-06-08 09:26:39,660] {processor.py:651} INFO - DAG(s) dict_keys(['example_task_group_decorator']) retrieved from /home/james/airflowa/lib/python3.8/site-packages/airflow/example_dags/example_task_group_decorator.py
[2022-06-08 09:26:39,706] {logging_mixin.py:115} INFO - [2022-06-08 09:26:39,706] {dag.py:2379} INFO - Sync 1 DAGs
[2022-06-08 09:26:39,721] {logging_mixin.py:115} INFO - [2022-06-08 09:26:39,720] {dag.py:2927} INFO - Setting next_dagrun for example_task_group_decorator to 2022-06-07T06:26:39.720678+00:00, run_after=2022-06-08T06:26:39.720678+00:00
[2022-06-08 09:26:39,733] {processor.py:161} INFO - Processing /home/james/airflowa/lib/python3.8/site-packages/airflow/example_dags/example_task_group_decorator.py took 0.100 seconds
[2022-06-08 09:28:39,118] {processor.py:153} INFO - Started process (PID=35000) to work on /home/james/airflowa/lib/python3.8/site-packages/airflow/example_dags/example_task_group_decorator.py
[2022-06-08 09:28:39,119] {processor.py:641} INFO - Processing file /home/james/airflowa/lib/python3.8/site-packages/airflow/example_dags/example_task_group_decorator.py for tasks to queue
[2022-06-08 09:28:39,120] {logging_mixin.py:115} INFO - [2022-06-08 09:28:39,120] {dagbag.py:507} INFO - Filling up the DagBag from /home/james/airflowa/lib/python3.8/site-packages/airflow/example_dags/example_task_group_decorator.py
[2022-06-08 09:28:39,180] {processor.py:651} INFO - DAG(s) dict_keys(['example_task_group_decorator']) retrieved from /home/james/airflowa/lib/python3.8/site-packages/airflow/example_dags/example_task_group_decorator.py
[2022-06-08 09:28:39,283] {logging_mixin.py:115} INFO - [2022-06-08 09:28:39,283] {dag.py:2379} INFO - Sync 1 DAGs
[2022-06-08 09:28:39,316] {logging_mixin.py:115} INFO - [2022-06-08 09:28:39,316] {dag.py:2927} INFO - Setting next_dagrun for example_task_group_decorator to 2022-06-07T06:28:39.315802+00:00, run_after=2022-06-08T06:28:39.315802+00:00
[2022-06-08 09:28:39,342] {processor.py:161} INFO - Processing /home/james/airflowa/lib/python3.8/site-packages/airflow/example_dags/example_task_group_decorator.py took 0.230 seconds
[2022-06-08 11:27:40,840] {processor.py:153} INFO - Started process (PID=76538) to work on /home/james/airflowa/lib/python3.8/site-packages/airflow/example_dags/example_task_group_decorator.py
[2022-06-08 11:27:40,841] {processor.py:641} INFO - Processing file /home/james/airflowa/lib/python3.8/site-packages/airflow/example_dags/example_task_group_decorator.py for tasks to queue
[2022-06-08 11:27:40,842] {logging_mixin.py:115} INFO - [2022-06-08 11:27:40,842] {dagbag.py:507} INFO - Filling up the DagBag from /home/james/airflowa/lib/python3.8/site-packages/airflow/example_dags/example_task_group_decorator.py
[2022-06-08 11:27:40,866] {processor.py:651} INFO - DAG(s) dict_keys(['example_task_group_decorator']) retrieved from /home/james/airflowa/lib/python3.8/site-packages/airflow/example_dags/example_task_group_decorator.py
[2022-06-08 11:27:40,903] {logging_mixin.py:115} INFO - [2022-06-08 11:27:40,902] {dag.py:2379} INFO - Sync 1 DAGs
[2022-06-08 11:27:40,917] {logging_mixin.py:115} INFO - [2022-06-08 11:27:40,917] {dag.py:2927} INFO - Setting next_dagrun for example_task_group_decorator to 2022-06-07T08:27:40.917464+00:00, run_after=2022-06-08T08:27:40.917464+00:00
[2022-06-08 11:27:40,929] {processor.py:161} INFO - Processing /home/james/airflowa/lib/python3.8/site-packages/airflow/example_dags/example_task_group_decorator.py took 0.092 seconds
[2022-06-08 11:28:18,134] {processor.py:153} INFO - Started process (PID=76819) to work on /home/james/airflowa/lib/python3.8/site-packages/airflow/example_dags/example_task_group_decorator.py
[2022-06-08 11:28:18,134] {processor.py:641} INFO - Processing file /home/james/airflowa/lib/python3.8/site-packages/airflow/example_dags/example_task_group_decorator.py for tasks to queue
[2022-06-08 11:28:18,135] {logging_mixin.py:115} INFO - [2022-06-08 11:28:18,135] {dagbag.py:507} INFO - Filling up the DagBag from /home/james/airflowa/lib/python3.8/site-packages/airflow/example_dags/example_task_group_decorator.py
[2022-06-08 11:28:18,159] {processor.py:651} INFO - DAG(s) dict_keys(['example_task_group_decorator']) retrieved from /home/james/airflowa/lib/python3.8/site-packages/airflow/example_dags/example_task_group_decorator.py
[2022-06-08 11:28:18,202] {logging_mixin.py:115} INFO - [2022-06-08 11:28:18,202] {dag.py:2379} INFO - Sync 1 DAGs
[2022-06-08 11:28:18,226] {logging_mixin.py:115} INFO - [2022-06-08 11:28:18,226] {dag.py:2927} INFO - Setting next_dagrun for example_task_group_decorator to 2022-06-07T08:28:18.226452+00:00, run_after=2022-06-08T08:28:18.226452+00:00
[2022-06-08 11:28:18,240] {processor.py:161} INFO - Processing /home/james/airflowa/lib/python3.8/site-packages/airflow/example_dags/example_task_group_decorator.py took 0.109 seconds
[2022-06-08 11:28:55,305] {processor.py:153} INFO - Started process (PID=77092) to work on /home/james/airflowa/lib/python3.8/site-packages/airflow/example_dags/example_task_group_decorator.py
[2022-06-08 11:28:55,305] {processor.py:641} INFO - Processing file /home/james/airflowa/lib/python3.8/site-packages/airflow/example_dags/example_task_group_decorator.py for tasks to queue
[2022-06-08 11:28:55,306] {logging_mixin.py:115} INFO - [2022-06-08 11:28:55,306] {dagbag.py:507} INFO - Filling up the DagBag from /home/james/airflowa/lib/python3.8/site-packages/airflow/example_dags/example_task_group_decorator.py
[2022-06-08 11:28:55,332] {processor.py:651} INFO - DAG(s) dict_keys(['example_task_group_decorator']) retrieved from /home/james/airflowa/lib/python3.8/site-packages/airflow/example_dags/example_task_group_decorator.py
[2022-06-08 11:28:55,385] {logging_mixin.py:115} INFO - [2022-06-08 11:28:55,384] {dag.py:2379} INFO - Sync 1 DAGs
[2022-06-08 11:28:55,404] {logging_mixin.py:115} INFO - [2022-06-08 11:28:55,404] {dag.py:2927} INFO - Setting next_dagrun for example_task_group_decorator to 2022-06-07T08:28:55.404066+00:00, run_after=2022-06-08T08:28:55.404066+00:00
[2022-06-08 11:28:55,419] {processor.py:161} INFO - Processing /home/james/airflowa/lib/python3.8/site-packages/airflow/example_dags/example_task_group_decorator.py took 0.116 seconds
[2022-06-08 11:29:34,304] {processor.py:153} INFO - Started process (PID=77481) to work on /home/james/airflowa/lib/python3.8/site-packages/airflow/example_dags/example_task_group_decorator.py
[2022-06-08 11:29:34,304] {processor.py:641} INFO - Processing file /home/james/airflowa/lib/python3.8/site-packages/airflow/example_dags/example_task_group_decorator.py for tasks to queue
[2022-06-08 11:29:34,305] {logging_mixin.py:115} INFO - [2022-06-08 11:29:34,305] {dagbag.py:507} INFO - Filling up the DagBag from /home/james/airflowa/lib/python3.8/site-packages/airflow/example_dags/example_task_group_decorator.py
[2022-06-08 11:29:34,326] {processor.py:651} INFO - DAG(s) dict_keys(['example_task_group_decorator']) retrieved from /home/james/airflowa/lib/python3.8/site-packages/airflow/example_dags/example_task_group_decorator.py
[2022-06-08 11:29:34,364] {logging_mixin.py:115} INFO - [2022-06-08 11:29:34,364] {dag.py:2379} INFO - Sync 1 DAGs
[2022-06-08 11:29:34,378] {logging_mixin.py:115} INFO - [2022-06-08 11:29:34,378] {dag.py:2927} INFO - Setting next_dagrun for example_task_group_decorator to 2022-06-07T08:29:34.378343+00:00, run_after=2022-06-08T08:29:34.378343+00:00
[2022-06-08 11:29:34,390] {processor.py:161} INFO - Processing /home/james/airflowa/lib/python3.8/site-packages/airflow/example_dags/example_task_group_decorator.py took 0.089 seconds
[2022-06-08 11:31:17,288] {processor.py:153} INFO - Started process (PID=78393) to work on /home/james/airflowa/lib/python3.8/site-packages/airflow/example_dags/example_task_group_decorator.py
[2022-06-08 11:31:17,294] {processor.py:641} INFO - Processing file /home/james/airflowa/lib/python3.8/site-packages/airflow/example_dags/example_task_group_decorator.py for tasks to queue
[2022-06-08 11:31:17,295] {logging_mixin.py:115} INFO - [2022-06-08 11:31:17,295] {dagbag.py:507} INFO - Filling up the DagBag from /home/james/airflowa/lib/python3.8/site-packages/airflow/example_dags/example_task_group_decorator.py
[2022-06-08 11:31:17,324] {processor.py:651} INFO - DAG(s) dict_keys(['example_task_group_decorator']) retrieved from /home/james/airflowa/lib/python3.8/site-packages/airflow/example_dags/example_task_group_decorator.py
[2022-06-08 11:31:17,402] {logging_mixin.py:115} INFO - [2022-06-08 11:31:17,402] {dag.py:2379} INFO - Sync 1 DAGs
[2022-06-08 11:31:17,422] {logging_mixin.py:115} INFO - [2022-06-08 11:31:17,422] {dag.py:2927} INFO - Setting next_dagrun for example_task_group_decorator to 2022-06-07T08:31:17.421912+00:00, run_after=2022-06-08T08:31:17.421912+00:00
[2022-06-08 11:31:17,442] {processor.py:161} INFO - Processing /home/james/airflowa/lib/python3.8/site-packages/airflow/example_dags/example_task_group_decorator.py took 0.157 seconds
[2022-06-08 11:32:03,031] {processor.py:153} INFO - Started process (PID=78755) to work on /home/james/airflowa/lib/python3.8/site-packages/airflow/example_dags/example_task_group_decorator.py
[2022-06-08 11:32:03,032] {processor.py:641} INFO - Processing file /home/james/airflowa/lib/python3.8/site-packages/airflow/example_dags/example_task_group_decorator.py for tasks to queue
[2022-06-08 11:32:03,033] {logging_mixin.py:115} INFO - [2022-06-08 11:32:03,033] {dagbag.py:507} INFO - Filling up the DagBag from /home/james/airflowa/lib/python3.8/site-packages/airflow/example_dags/example_task_group_decorator.py
[2022-06-08 11:32:03,076] {processor.py:651} INFO - DAG(s) dict_keys(['example_task_group_decorator']) retrieved from /home/james/airflowa/lib/python3.8/site-packages/airflow/example_dags/example_task_group_decorator.py
[2022-06-08 11:32:03,149] {logging_mixin.py:115} INFO - [2022-06-08 11:32:03,149] {dag.py:2379} INFO - Sync 1 DAGs
[2022-06-08 11:32:03,172] {logging_mixin.py:115} INFO - [2022-06-08 11:32:03,172] {dag.py:2927} INFO - Setting next_dagrun for example_task_group_decorator to 2022-06-07T08:32:03.171712+00:00, run_after=2022-06-08T08:32:03.171712+00:00
[2022-06-08 11:32:03,190] {processor.py:161} INFO - Processing /home/james/airflowa/lib/python3.8/site-packages/airflow/example_dags/example_task_group_decorator.py took 0.163 seconds
[2022-06-08 11:32:49,929] {processor.py:153} INFO - Started process (PID=79020) to work on /home/james/airflowa/lib/python3.8/site-packages/airflow/example_dags/example_task_group_decorator.py
[2022-06-08 11:32:49,930] {processor.py:641} INFO - Processing file /home/james/airflowa/lib/python3.8/site-packages/airflow/example_dags/example_task_group_decorator.py for tasks to queue
[2022-06-08 11:32:49,931] {logging_mixin.py:115} INFO - [2022-06-08 11:32:49,931] {dagbag.py:507} INFO - Filling up the DagBag from /home/james/airflowa/lib/python3.8/site-packages/airflow/example_dags/example_task_group_decorator.py
[2022-06-08 11:32:49,989] {processor.py:651} INFO - DAG(s) dict_keys(['example_task_group_decorator']) retrieved from /home/james/airflowa/lib/python3.8/site-packages/airflow/example_dags/example_task_group_decorator.py
[2022-06-08 11:32:50,107] {logging_mixin.py:115} INFO - [2022-06-08 11:32:50,106] {dag.py:2379} INFO - Sync 1 DAGs
[2022-06-08 11:32:50,130] {logging_mixin.py:115} INFO - [2022-06-08 11:32:50,130] {dag.py:2927} INFO - Setting next_dagrun for example_task_group_decorator to 2022-06-07T08:32:50.129930+00:00, run_after=2022-06-08T08:32:50.129930+00:00
[2022-06-08 11:32:50,155] {processor.py:161} INFO - Processing /home/james/airflowa/lib/python3.8/site-packages/airflow/example_dags/example_task_group_decorator.py took 0.229 seconds
[2022-06-08 11:33:35,732] {processor.py:153} INFO - Started process (PID=79315) to work on /home/james/airflowa/lib/python3.8/site-packages/airflow/example_dags/example_task_group_decorator.py
[2022-06-08 11:33:35,734] {processor.py:641} INFO - Processing file /home/james/airflowa/lib/python3.8/site-packages/airflow/example_dags/example_task_group_decorator.py for tasks to queue
[2022-06-08 11:33:35,734] {logging_mixin.py:115} INFO - [2022-06-08 11:33:35,734] {dagbag.py:507} INFO - Filling up the DagBag from /home/james/airflowa/lib/python3.8/site-packages/airflow/example_dags/example_task_group_decorator.py
[2022-06-08 11:33:35,778] {processor.py:651} INFO - DAG(s) dict_keys(['example_task_group_decorator']) retrieved from /home/james/airflowa/lib/python3.8/site-packages/airflow/example_dags/example_task_group_decorator.py
[2022-06-08 11:33:35,852] {logging_mixin.py:115} INFO - [2022-06-08 11:33:35,852] {dag.py:2379} INFO - Sync 1 DAGs
[2022-06-08 11:33:35,875] {logging_mixin.py:115} INFO - [2022-06-08 11:33:35,875] {dag.py:2927} INFO - Setting next_dagrun for example_task_group_decorator to 2022-06-07T08:33:35.874558+00:00, run_after=2022-06-08T08:33:35.874558+00:00
[2022-06-08 11:33:35,893] {processor.py:161} INFO - Processing /home/james/airflowa/lib/python3.8/site-packages/airflow/example_dags/example_task_group_decorator.py took 0.164 seconds
[2022-06-08 11:34:26,987] {processor.py:153} INFO - Started process (PID=79758) to work on /home/james/airflowa/lib/python3.8/site-packages/airflow/example_dags/example_task_group_decorator.py
[2022-06-08 11:34:26,988] {processor.py:641} INFO - Processing file /home/james/airflowa/lib/python3.8/site-packages/airflow/example_dags/example_task_group_decorator.py for tasks to queue
[2022-06-08 11:34:26,989] {logging_mixin.py:115} INFO - [2022-06-08 11:34:26,989] {dagbag.py:507} INFO - Filling up the DagBag from /home/james/airflowa/lib/python3.8/site-packages/airflow/example_dags/example_task_group_decorator.py
[2022-06-08 11:34:27,031] {processor.py:651} INFO - DAG(s) dict_keys(['example_task_group_decorator']) retrieved from /home/james/airflowa/lib/python3.8/site-packages/airflow/example_dags/example_task_group_decorator.py
[2022-06-08 11:34:27,102] {logging_mixin.py:115} INFO - [2022-06-08 11:34:27,102] {dag.py:2379} INFO - Sync 1 DAGs
[2022-06-08 11:34:27,123] {logging_mixin.py:115} INFO - [2022-06-08 11:34:27,123] {dag.py:2927} INFO - Setting next_dagrun for example_task_group_decorator to 2022-06-07T08:34:27.122512+00:00, run_after=2022-06-08T08:34:27.122512+00:00
[2022-06-08 11:34:27,141] {processor.py:161} INFO - Processing /home/james/airflowa/lib/python3.8/site-packages/airflow/example_dags/example_task_group_decorator.py took 0.159 seconds
[2022-06-08 11:35:15,587] {processor.py:153} INFO - Started process (PID=80211) to work on /home/james/airflowa/lib/python3.8/site-packages/airflow/example_dags/example_task_group_decorator.py
[2022-06-08 11:35:15,587] {processor.py:641} INFO - Processing file /home/james/airflowa/lib/python3.8/site-packages/airflow/example_dags/example_task_group_decorator.py for tasks to queue
[2022-06-08 11:35:15,588] {logging_mixin.py:115} INFO - [2022-06-08 11:35:15,588] {dagbag.py:507} INFO - Filling up the DagBag from /home/james/airflowa/lib/python3.8/site-packages/airflow/example_dags/example_task_group_decorator.py
[2022-06-08 11:35:15,616] {processor.py:651} INFO - DAG(s) dict_keys(['example_task_group_decorator']) retrieved from /home/james/airflowa/lib/python3.8/site-packages/airflow/example_dags/example_task_group_decorator.py
[2022-06-08 11:35:15,636] {logging_mixin.py:115} INFO - [2022-06-08 11:35:15,635] {dag.py:2379} INFO - Sync 1 DAGs
[2022-06-08 11:35:15,654] {logging_mixin.py:115} INFO - [2022-06-08 11:35:15,654] {dag.py:2927} INFO - Setting next_dagrun for example_task_group_decorator to 2022-06-07T08:35:15.654433+00:00, run_after=2022-06-08T08:35:15.654433+00:00
[2022-06-08 11:35:15,669] {processor.py:161} INFO - Processing /home/james/airflowa/lib/python3.8/site-packages/airflow/example_dags/example_task_group_decorator.py took 0.085 seconds
[2022-06-08 12:21:07,950] {processor.py:153} INFO - Started process (PID=104495) to work on /home/james/airflowa/lib/python3.8/site-packages/airflow/example_dags/example_task_group_decorator.py
[2022-06-08 12:21:07,951] {processor.py:641} INFO - Processing file /home/james/airflowa/lib/python3.8/site-packages/airflow/example_dags/example_task_group_decorator.py for tasks to queue
[2022-06-08 12:21:07,952] {logging_mixin.py:115} INFO - [2022-06-08 12:21:07,952] {dagbag.py:507} INFO - Filling up the DagBag from /home/james/airflowa/lib/python3.8/site-packages/airflow/example_dags/example_task_group_decorator.py
[2022-06-08 12:21:08,001] {processor.py:651} INFO - DAG(s) dict_keys(['example_task_group_decorator']) retrieved from /home/james/airflowa/lib/python3.8/site-packages/airflow/example_dags/example_task_group_decorator.py
[2022-06-08 12:21:08,075] {logging_mixin.py:115} INFO - [2022-06-08 12:21:08,074] {dag.py:2379} INFO - Sync 1 DAGs
[2022-06-08 12:21:08,099] {logging_mixin.py:115} INFO - [2022-06-08 12:21:08,099] {dag.py:2927} INFO - Setting next_dagrun for example_task_group_decorator to 2022-06-07T09:21:08.098794+00:00, run_after=2022-06-08T09:21:08.098794+00:00
[2022-06-08 12:21:08,125] {processor.py:161} INFO - Processing /home/james/airflowa/lib/python3.8/site-packages/airflow/example_dags/example_task_group_decorator.py took 0.180 seconds
[2022-06-08 12:22:24,884] {processor.py:153} INFO - Started process (PID=104925) to work on /home/james/airflowa/lib/python3.8/site-packages/airflow/example_dags/example_task_group_decorator.py
[2022-06-08 12:22:24,885] {processor.py:641} INFO - Processing file /home/james/airflowa/lib/python3.8/site-packages/airflow/example_dags/example_task_group_decorator.py for tasks to queue
[2022-06-08 12:22:24,886] {logging_mixin.py:115} INFO - [2022-06-08 12:22:24,886] {dagbag.py:507} INFO - Filling up the DagBag from /home/james/airflowa/lib/python3.8/site-packages/airflow/example_dags/example_task_group_decorator.py
[2022-06-08 12:22:24,923] {processor.py:651} INFO - DAG(s) dict_keys(['example_task_group_decorator']) retrieved from /home/james/airflowa/lib/python3.8/site-packages/airflow/example_dags/example_task_group_decorator.py
[2022-06-08 12:22:24,987] {logging_mixin.py:115} INFO - [2022-06-08 12:22:24,987] {dag.py:2379} INFO - Sync 1 DAGs
[2022-06-08 12:22:25,009] {logging_mixin.py:115} INFO - [2022-06-08 12:22:25,008] {dag.py:2927} INFO - Setting next_dagrun for example_task_group_decorator to 2022-06-07T09:22:25.008303+00:00, run_after=2022-06-08T09:22:25.008303+00:00
[2022-06-08 12:22:25,026] {processor.py:161} INFO - Processing /home/james/airflowa/lib/python3.8/site-packages/airflow/example_dags/example_task_group_decorator.py took 0.146 seconds
[2022-06-08 12:23:10,034] {processor.py:153} INFO - Started process (PID=105267) to work on /home/james/airflowa/lib/python3.8/site-packages/airflow/example_dags/example_task_group_decorator.py
[2022-06-08 12:23:10,036] {processor.py:641} INFO - Processing file /home/james/airflowa/lib/python3.8/site-packages/airflow/example_dags/example_task_group_decorator.py for tasks to queue
[2022-06-08 12:23:10,037] {logging_mixin.py:115} INFO - [2022-06-08 12:23:10,037] {dagbag.py:507} INFO - Filling up the DagBag from /home/james/airflowa/lib/python3.8/site-packages/airflow/example_dags/example_task_group_decorator.py
[2022-06-08 12:23:10,123] {processor.py:651} INFO - DAG(s) dict_keys(['example_task_group_decorator']) retrieved from /home/james/airflowa/lib/python3.8/site-packages/airflow/example_dags/example_task_group_decorator.py
[2022-06-08 12:23:10,232] {logging_mixin.py:115} INFO - [2022-06-08 12:23:10,231] {dag.py:2379} INFO - Sync 1 DAGs
[2022-06-08 12:23:10,265] {logging_mixin.py:115} INFO - [2022-06-08 12:23:10,265] {dag.py:2927} INFO - Setting next_dagrun for example_task_group_decorator to 2022-06-07T09:23:10.264402+00:00, run_after=2022-06-08T09:23:10.264402+00:00
[2022-06-08 12:23:10,295] {processor.py:161} INFO - Processing /home/james/airflowa/lib/python3.8/site-packages/airflow/example_dags/example_task_group_decorator.py took 0.267 seconds
[2022-06-08 12:35:07,123] {processor.py:153} INFO - Started process (PID=111902) to work on /home/james/airflowa/lib/python3.8/site-packages/airflow/example_dags/example_task_group_decorator.py
[2022-06-08 12:35:07,131] {processor.py:641} INFO - Processing file /home/james/airflowa/lib/python3.8/site-packages/airflow/example_dags/example_task_group_decorator.py for tasks to queue
[2022-06-08 12:35:07,132] {logging_mixin.py:115} INFO - [2022-06-08 12:35:07,132] {dagbag.py:507} INFO - Filling up the DagBag from /home/james/airflowa/lib/python3.8/site-packages/airflow/example_dags/example_task_group_decorator.py
[2022-06-08 12:35:07,237] {processor.py:651} INFO - DAG(s) dict_keys(['example_task_group_decorator']) retrieved from /home/james/airflowa/lib/python3.8/site-packages/airflow/example_dags/example_task_group_decorator.py
[2022-06-08 12:35:07,391] {logging_mixin.py:115} INFO - [2022-06-08 12:35:07,391] {dag.py:2379} INFO - Sync 1 DAGs
[2022-06-08 12:35:07,428] {logging_mixin.py:115} INFO - [2022-06-08 12:35:07,428] {dag.py:2927} INFO - Setting next_dagrun for example_task_group_decorator to 2022-06-07T09:35:07.428097+00:00, run_after=2022-06-08T09:35:07.428097+00:00
[2022-06-08 12:35:07,526] {processor.py:161} INFO - Processing /home/james/airflowa/lib/python3.8/site-packages/airflow/example_dags/example_task_group_decorator.py took 0.417 seconds
[2022-06-08 12:38:47,945] {processor.py:153} INFO - Started process (PID=115276) to work on /home/james/airflowa/lib/python3.8/site-packages/airflow/example_dags/example_task_group_decorator.py
[2022-06-08 12:38:47,946] {processor.py:641} INFO - Processing file /home/james/airflowa/lib/python3.8/site-packages/airflow/example_dags/example_task_group_decorator.py for tasks to queue
[2022-06-08 12:38:47,947] {logging_mixin.py:115} INFO - [2022-06-08 12:38:47,947] {dagbag.py:507} INFO - Filling up the DagBag from /home/james/airflowa/lib/python3.8/site-packages/airflow/example_dags/example_task_group_decorator.py
[2022-06-08 12:38:48,086] {processor.py:651} INFO - DAG(s) dict_keys(['example_task_group_decorator']) retrieved from /home/james/airflowa/lib/python3.8/site-packages/airflow/example_dags/example_task_group_decorator.py
[2022-06-08 12:38:48,252] {logging_mixin.py:115} INFO - [2022-06-08 12:38:48,251] {dag.py:2379} INFO - Sync 1 DAGs
[2022-06-08 12:38:48,302] {logging_mixin.py:115} INFO - [2022-06-08 12:38:48,302] {dag.py:2927} INFO - Setting next_dagrun for example_task_group_decorator to 2022-06-07T09:38:48.299341+00:00, run_after=2022-06-08T09:38:48.299341+00:00
[2022-06-08 12:38:48,378] {processor.py:161} INFO - Processing /home/james/airflowa/lib/python3.8/site-packages/airflow/example_dags/example_task_group_decorator.py took 0.442 seconds
[2022-06-08 12:39:36,951] {processor.py:153} INFO - Started process (PID=115727) to work on /home/james/airflowa/lib/python3.8/site-packages/airflow/example_dags/example_task_group_decorator.py
[2022-06-08 12:39:36,958] {processor.py:641} INFO - Processing file /home/james/airflowa/lib/python3.8/site-packages/airflow/example_dags/example_task_group_decorator.py for tasks to queue
[2022-06-08 12:39:36,960] {logging_mixin.py:115} INFO - [2022-06-08 12:39:36,959] {dagbag.py:507} INFO - Filling up the DagBag from /home/james/airflowa/lib/python3.8/site-packages/airflow/example_dags/example_task_group_decorator.py
[2022-06-08 12:39:37,176] {processor.py:651} INFO - DAG(s) dict_keys(['example_task_group_decorator']) retrieved from /home/james/airflowa/lib/python3.8/site-packages/airflow/example_dags/example_task_group_decorator.py
[2022-06-08 12:39:37,322] {logging_mixin.py:115} INFO - [2022-06-08 12:39:37,322] {dag.py:2379} INFO - Sync 1 DAGs
[2022-06-08 12:39:37,348] {logging_mixin.py:115} INFO - [2022-06-08 12:39:37,348] {dag.py:2927} INFO - Setting next_dagrun for example_task_group_decorator to 2022-06-07T09:39:37.347788+00:00, run_after=2022-06-08T09:39:37.347788+00:00
[2022-06-08 12:39:37,383] {processor.py:161} INFO - Processing /home/james/airflowa/lib/python3.8/site-packages/airflow/example_dags/example_task_group_decorator.py took 0.440 seconds
[2022-06-08 12:40:29,410] {processor.py:153} INFO - Started process (PID=116473) to work on /home/james/airflowa/lib/python3.8/site-packages/airflow/example_dags/example_task_group_decorator.py
[2022-06-08 12:40:29,411] {processor.py:641} INFO - Processing file /home/james/airflowa/lib/python3.8/site-packages/airflow/example_dags/example_task_group_decorator.py for tasks to queue
[2022-06-08 12:40:29,412] {logging_mixin.py:115} INFO - [2022-06-08 12:40:29,412] {dagbag.py:507} INFO - Filling up the DagBag from /home/james/airflowa/lib/python3.8/site-packages/airflow/example_dags/example_task_group_decorator.py
[2022-06-08 12:40:29,437] {processor.py:651} INFO - DAG(s) dict_keys(['example_task_group_decorator']) retrieved from /home/james/airflowa/lib/python3.8/site-packages/airflow/example_dags/example_task_group_decorator.py
[2022-06-08 12:40:29,451] {logging_mixin.py:115} INFO - [2022-06-08 12:40:29,451] {dag.py:2379} INFO - Sync 1 DAGs
[2022-06-08 12:40:29,462] {logging_mixin.py:115} INFO - [2022-06-08 12:40:29,462] {dag.py:2927} INFO - Setting next_dagrun for example_task_group_decorator to 2022-06-07T09:40:29.462658+00:00, run_after=2022-06-08T09:40:29.462658+00:00
[2022-06-08 12:40:29,472] {processor.py:161} INFO - Processing /home/james/airflowa/lib/python3.8/site-packages/airflow/example_dags/example_task_group_decorator.py took 0.066 seconds
[2022-06-08 12:43:31,895] {processor.py:153} INFO - Started process (PID=117425) to work on /home/james/airflowa/lib/python3.8/site-packages/airflow/example_dags/example_task_group_decorator.py
[2022-06-08 12:43:31,899] {processor.py:641} INFO - Processing file /home/james/airflowa/lib/python3.8/site-packages/airflow/example_dags/example_task_group_decorator.py for tasks to queue
[2022-06-08 12:43:31,900] {logging_mixin.py:115} INFO - [2022-06-08 12:43:31,900] {dagbag.py:507} INFO - Filling up the DagBag from /home/james/airflowa/lib/python3.8/site-packages/airflow/example_dags/example_task_group_decorator.py
[2022-06-08 12:43:31,976] {processor.py:651} INFO - DAG(s) dict_keys(['example_task_group_decorator']) retrieved from /home/james/airflowa/lib/python3.8/site-packages/airflow/example_dags/example_task_group_decorator.py
[2022-06-08 12:43:32,005] {logging_mixin.py:115} INFO - [2022-06-08 12:43:32,005] {dag.py:2379} INFO - Sync 1 DAGs
[2022-06-08 12:43:32,030] {logging_mixin.py:115} INFO - [2022-06-08 12:43:32,029] {dag.py:2927} INFO - Setting next_dagrun for example_task_group_decorator to 2022-06-07T09:43:32.029338+00:00, run_after=2022-06-08T09:43:32.029338+00:00
[2022-06-08 12:43:32,051] {processor.py:161} INFO - Processing /home/james/airflowa/lib/python3.8/site-packages/airflow/example_dags/example_task_group_decorator.py took 0.161 seconds
[2022-06-08 12:45:24,082] {processor.py:153} INFO - Started process (PID=118176) to work on /home/james/airflowa/lib/python3.8/site-packages/airflow/example_dags/example_task_group_decorator.py
[2022-06-08 12:45:24,083] {processor.py:641} INFO - Processing file /home/james/airflowa/lib/python3.8/site-packages/airflow/example_dags/example_task_group_decorator.py for tasks to queue
[2022-06-08 12:45:24,084] {logging_mixin.py:115} INFO - [2022-06-08 12:45:24,084] {dagbag.py:507} INFO - Filling up the DagBag from /home/james/airflowa/lib/python3.8/site-packages/airflow/example_dags/example_task_group_decorator.py
[2022-06-08 12:45:24,125] {processor.py:651} INFO - DAG(s) dict_keys(['example_task_group_decorator']) retrieved from /home/james/airflowa/lib/python3.8/site-packages/airflow/example_dags/example_task_group_decorator.py
[2022-06-08 12:45:24,188] {logging_mixin.py:115} INFO - [2022-06-08 12:45:24,188] {dag.py:2379} INFO - Sync 1 DAGs
[2022-06-08 12:45:24,205] {logging_mixin.py:115} INFO - [2022-06-08 12:45:24,205] {dag.py:2927} INFO - Setting next_dagrun for example_task_group_decorator to 2022-06-07T09:45:24.204788+00:00, run_after=2022-06-08T09:45:24.204788+00:00
[2022-06-08 12:45:24,221] {processor.py:161} INFO - Processing /home/james/airflowa/lib/python3.8/site-packages/airflow/example_dags/example_task_group_decorator.py took 0.142 seconds
[2022-06-08 12:46:35,072] {processor.py:153} INFO - Started process (PID=118575) to work on /home/james/airflowa/lib/python3.8/site-packages/airflow/example_dags/example_task_group_decorator.py
[2022-06-08 12:46:35,073] {processor.py:641} INFO - Processing file /home/james/airflowa/lib/python3.8/site-packages/airflow/example_dags/example_task_group_decorator.py for tasks to queue
[2022-06-08 12:46:35,073] {logging_mixin.py:115} INFO - [2022-06-08 12:46:35,073] {dagbag.py:507} INFO - Filling up the DagBag from /home/james/airflowa/lib/python3.8/site-packages/airflow/example_dags/example_task_group_decorator.py
[2022-06-08 12:46:35,106] {processor.py:651} INFO - DAG(s) dict_keys(['example_task_group_decorator']) retrieved from /home/james/airflowa/lib/python3.8/site-packages/airflow/example_dags/example_task_group_decorator.py
[2022-06-08 12:46:35,152] {logging_mixin.py:115} INFO - [2022-06-08 12:46:35,151] {dag.py:2379} INFO - Sync 1 DAGs
[2022-06-08 12:46:35,163] {logging_mixin.py:115} INFO - [2022-06-08 12:46:35,163] {dag.py:2927} INFO - Setting next_dagrun for example_task_group_decorator to 2022-06-07T09:46:35.163330+00:00, run_after=2022-06-08T09:46:35.163330+00:00
[2022-06-08 12:46:35,177] {processor.py:161} INFO - Processing /home/james/airflowa/lib/python3.8/site-packages/airflow/example_dags/example_task_group_decorator.py took 0.110 seconds
[2022-06-08 12:47:31,576] {processor.py:153} INFO - Started process (PID=119425) to work on /home/james/airflowa/lib/python3.8/site-packages/airflow/example_dags/example_task_group_decorator.py
[2022-06-08 12:47:31,581] {processor.py:641} INFO - Processing file /home/james/airflowa/lib/python3.8/site-packages/airflow/example_dags/example_task_group_decorator.py for tasks to queue
[2022-06-08 12:47:31,582] {logging_mixin.py:115} INFO - [2022-06-08 12:47:31,582] {dagbag.py:507} INFO - Filling up the DagBag from /home/james/airflowa/lib/python3.8/site-packages/airflow/example_dags/example_task_group_decorator.py
[2022-06-08 12:47:31,769] {processor.py:651} INFO - DAG(s) dict_keys(['example_task_group_decorator']) retrieved from /home/james/airflowa/lib/python3.8/site-packages/airflow/example_dags/example_task_group_decorator.py
[2022-06-08 12:47:31,863] {logging_mixin.py:115} INFO - [2022-06-08 12:47:31,863] {dag.py:2379} INFO - Sync 1 DAGs
[2022-06-08 12:47:31,949] {logging_mixin.py:115} INFO - [2022-06-08 12:47:31,949] {dag.py:2927} INFO - Setting next_dagrun for example_task_group_decorator to 2022-06-07T09:47:31.948715+00:00, run_after=2022-06-08T09:47:31.948715+00:00
[2022-06-08 12:47:32,046] {processor.py:161} INFO - Processing /home/james/airflowa/lib/python3.8/site-packages/airflow/example_dags/example_task_group_decorator.py took 0.481 seconds
[2022-06-08 12:48:23,394] {processor.py:153} INFO - Started process (PID=119631) to work on /home/james/airflowa/lib/python3.8/site-packages/airflow/example_dags/example_task_group_decorator.py
[2022-06-08 12:48:23,395] {processor.py:641} INFO - Processing file /home/james/airflowa/lib/python3.8/site-packages/airflow/example_dags/example_task_group_decorator.py for tasks to queue
[2022-06-08 12:48:23,395] {logging_mixin.py:115} INFO - [2022-06-08 12:48:23,395] {dagbag.py:507} INFO - Filling up the DagBag from /home/james/airflowa/lib/python3.8/site-packages/airflow/example_dags/example_task_group_decorator.py
[2022-06-08 12:48:23,425] {processor.py:651} INFO - DAG(s) dict_keys(['example_task_group_decorator']) retrieved from /home/james/airflowa/lib/python3.8/site-packages/airflow/example_dags/example_task_group_decorator.py
[2022-06-08 12:48:23,483] {logging_mixin.py:115} INFO - [2022-06-08 12:48:23,483] {dag.py:2379} INFO - Sync 1 DAGs
[2022-06-08 12:48:23,501] {logging_mixin.py:115} INFO - [2022-06-08 12:48:23,501] {dag.py:2927} INFO - Setting next_dagrun for example_task_group_decorator to 2022-06-07T09:48:23.501604+00:00, run_after=2022-06-08T09:48:23.501604+00:00
[2022-06-08 12:48:23,514] {processor.py:161} INFO - Processing /home/james/airflowa/lib/python3.8/site-packages/airflow/example_dags/example_task_group_decorator.py took 0.122 seconds
[2022-06-08 12:49:14,572] {processor.py:153} INFO - Started process (PID=120147) to work on /home/james/airflowa/lib/python3.8/site-packages/airflow/example_dags/example_task_group_decorator.py
[2022-06-08 12:49:14,574] {processor.py:641} INFO - Processing file /home/james/airflowa/lib/python3.8/site-packages/airflow/example_dags/example_task_group_decorator.py for tasks to queue
[2022-06-08 12:49:14,575] {logging_mixin.py:115} INFO - [2022-06-08 12:49:14,575] {dagbag.py:507} INFO - Filling up the DagBag from /home/james/airflowa/lib/python3.8/site-packages/airflow/example_dags/example_task_group_decorator.py
[2022-06-08 12:49:14,630] {processor.py:651} INFO - DAG(s) dict_keys(['example_task_group_decorator']) retrieved from /home/james/airflowa/lib/python3.8/site-packages/airflow/example_dags/example_task_group_decorator.py
[2022-06-08 12:49:14,698] {logging_mixin.py:115} INFO - [2022-06-08 12:49:14,698] {dag.py:2379} INFO - Sync 1 DAGs
[2022-06-08 12:49:14,720] {logging_mixin.py:115} INFO - [2022-06-08 12:49:14,719] {dag.py:2927} INFO - Setting next_dagrun for example_task_group_decorator to 2022-06-07T09:49:14.719586+00:00, run_after=2022-06-08T09:49:14.719586+00:00
[2022-06-08 12:49:14,738] {processor.py:161} INFO - Processing /home/james/airflowa/lib/python3.8/site-packages/airflow/example_dags/example_task_group_decorator.py took 0.171 seconds
[2022-06-08 12:52:09,335] {processor.py:153} INFO - Started process (PID=121366) to work on /home/james/airflowa/lib/python3.8/site-packages/airflow/example_dags/example_task_group_decorator.py
[2022-06-08 12:52:09,336] {processor.py:641} INFO - Processing file /home/james/airflowa/lib/python3.8/site-packages/airflow/example_dags/example_task_group_decorator.py for tasks to queue
[2022-06-08 12:52:09,338] {logging_mixin.py:115} INFO - [2022-06-08 12:52:09,337] {dagbag.py:507} INFO - Filling up the DagBag from /home/james/airflowa/lib/python3.8/site-packages/airflow/example_dags/example_task_group_decorator.py
[2022-06-08 12:52:09,401] {processor.py:651} INFO - DAG(s) dict_keys(['example_task_group_decorator']) retrieved from /home/james/airflowa/lib/python3.8/site-packages/airflow/example_dags/example_task_group_decorator.py
[2022-06-08 12:52:09,526] {logging_mixin.py:115} INFO - [2022-06-08 12:52:09,526] {dag.py:2379} INFO - Sync 1 DAGs
[2022-06-08 12:52:09,570] {logging_mixin.py:115} INFO - [2022-06-08 12:52:09,570] {dag.py:2927} INFO - Setting next_dagrun for example_task_group_decorator to 2022-06-07T09:52:09.569637+00:00, run_after=2022-06-08T09:52:09.569637+00:00
[2022-06-08 12:52:09,599] {processor.py:161} INFO - Processing /home/james/airflowa/lib/python3.8/site-packages/airflow/example_dags/example_task_group_decorator.py took 0.271 seconds
[2022-06-08 12:53:11,817] {processor.py:153} INFO - Started process (PID=121731) to work on /home/james/airflowa/lib/python3.8/site-packages/airflow/example_dags/example_task_group_decorator.py
[2022-06-08 12:53:11,819] {processor.py:641} INFO - Processing file /home/james/airflowa/lib/python3.8/site-packages/airflow/example_dags/example_task_group_decorator.py for tasks to queue
[2022-06-08 12:53:11,820] {logging_mixin.py:115} INFO - [2022-06-08 12:53:11,820] {dagbag.py:507} INFO - Filling up the DagBag from /home/james/airflowa/lib/python3.8/site-packages/airflow/example_dags/example_task_group_decorator.py
[2022-06-08 12:53:11,887] {processor.py:651} INFO - DAG(s) dict_keys(['example_task_group_decorator']) retrieved from /home/james/airflowa/lib/python3.8/site-packages/airflow/example_dags/example_task_group_decorator.py
[2022-06-08 12:53:12,012] {logging_mixin.py:115} INFO - [2022-06-08 12:53:12,011] {dag.py:2379} INFO - Sync 1 DAGs
[2022-06-08 12:53:12,055] {logging_mixin.py:115} INFO - [2022-06-08 12:53:12,054] {dag.py:2927} INFO - Setting next_dagrun for example_task_group_decorator to 2022-06-07T09:53:12.054099+00:00, run_after=2022-06-08T09:53:12.054099+00:00
[2022-06-08 12:53:12,091] {processor.py:161} INFO - Processing /home/james/airflowa/lib/python3.8/site-packages/airflow/example_dags/example_task_group_decorator.py took 0.280 seconds
[2022-06-08 12:54:02,793] {processor.py:153} INFO - Started process (PID=122224) to work on /home/james/airflowa/lib/python3.8/site-packages/airflow/example_dags/example_task_group_decorator.py
[2022-06-08 12:54:02,794] {processor.py:641} INFO - Processing file /home/james/airflowa/lib/python3.8/site-packages/airflow/example_dags/example_task_group_decorator.py for tasks to queue
[2022-06-08 12:54:02,795] {logging_mixin.py:115} INFO - [2022-06-08 12:54:02,795] {dagbag.py:507} INFO - Filling up the DagBag from /home/james/airflowa/lib/python3.8/site-packages/airflow/example_dags/example_task_group_decorator.py
[2022-06-08 12:54:02,867] {processor.py:651} INFO - DAG(s) dict_keys(['example_task_group_decorator']) retrieved from /home/james/airflowa/lib/python3.8/site-packages/airflow/example_dags/example_task_group_decorator.py
[2022-06-08 12:54:02,994] {logging_mixin.py:115} INFO - [2022-06-08 12:54:02,994] {dag.py:2379} INFO - Sync 1 DAGs
[2022-06-08 12:54:03,033] {logging_mixin.py:115} INFO - [2022-06-08 12:54:03,032] {dag.py:2927} INFO - Setting next_dagrun for example_task_group_decorator to 2022-06-07T09:54:03.032058+00:00, run_after=2022-06-08T09:54:03.032058+00:00
[2022-06-08 12:54:03,062] {processor.py:161} INFO - Processing /home/james/airflowa/lib/python3.8/site-packages/airflow/example_dags/example_task_group_decorator.py took 0.276 seconds
[2022-06-08 12:55:46,123] {processor.py:153} INFO - Started process (PID=122780) to work on /home/james/airflowa/lib/python3.8/site-packages/airflow/example_dags/example_task_group_decorator.py
[2022-06-08 12:55:46,128] {processor.py:641} INFO - Processing file /home/james/airflowa/lib/python3.8/site-packages/airflow/example_dags/example_task_group_decorator.py for tasks to queue
[2022-06-08 12:55:46,130] {logging_mixin.py:115} INFO - [2022-06-08 12:55:46,129] {dagbag.py:507} INFO - Filling up the DagBag from /home/james/airflowa/lib/python3.8/site-packages/airflow/example_dags/example_task_group_decorator.py
[2022-06-08 12:55:46,198] {processor.py:651} INFO - DAG(s) dict_keys(['example_task_group_decorator']) retrieved from /home/james/airflowa/lib/python3.8/site-packages/airflow/example_dags/example_task_group_decorator.py
[2022-06-08 12:55:46,328] {logging_mixin.py:115} INFO - [2022-06-08 12:55:46,328] {dag.py:2379} INFO - Sync 1 DAGs
[2022-06-08 12:55:46,383] {logging_mixin.py:115} INFO - [2022-06-08 12:55:46,383] {dag.py:2927} INFO - Setting next_dagrun for example_task_group_decorator to 2022-06-07T09:55:46.382648+00:00, run_after=2022-06-08T09:55:46.382648+00:00
[2022-06-08 12:55:46,432] {processor.py:161} INFO - Processing /home/james/airflowa/lib/python3.8/site-packages/airflow/example_dags/example_task_group_decorator.py took 0.315 seconds
[2022-06-08 12:56:56,870] {processor.py:153} INFO - Started process (PID=123134) to work on /home/james/airflowa/lib/python3.8/site-packages/airflow/example_dags/example_task_group_decorator.py
[2022-06-08 12:56:56,871] {processor.py:641} INFO - Processing file /home/james/airflowa/lib/python3.8/site-packages/airflow/example_dags/example_task_group_decorator.py for tasks to queue
[2022-06-08 12:56:56,872] {logging_mixin.py:115} INFO - [2022-06-08 12:56:56,872] {dagbag.py:507} INFO - Filling up the DagBag from /home/james/airflowa/lib/python3.8/site-packages/airflow/example_dags/example_task_group_decorator.py
[2022-06-08 12:56:56,894] {processor.py:651} INFO - DAG(s) dict_keys(['example_task_group_decorator']) retrieved from /home/james/airflowa/lib/python3.8/site-packages/airflow/example_dags/example_task_group_decorator.py
[2022-06-08 12:56:56,935] {logging_mixin.py:115} INFO - [2022-06-08 12:56:56,935] {dag.py:2379} INFO - Sync 1 DAGs
[2022-06-08 12:56:56,948] {logging_mixin.py:115} INFO - [2022-06-08 12:56:56,948] {dag.py:2927} INFO - Setting next_dagrun for example_task_group_decorator to 2022-06-07T09:56:56.948360+00:00, run_after=2022-06-08T09:56:56.948360+00:00
[2022-06-08 12:56:56,960] {processor.py:161} INFO - Processing /home/james/airflowa/lib/python3.8/site-packages/airflow/example_dags/example_task_group_decorator.py took 0.092 seconds
[2022-06-08 12:58:13,947] {processor.py:153} INFO - Started process (PID=123539) to work on /home/james/airflowa/lib/python3.8/site-packages/airflow/example_dags/example_task_group_decorator.py
[2022-06-08 12:58:13,948] {processor.py:641} INFO - Processing file /home/james/airflowa/lib/python3.8/site-packages/airflow/example_dags/example_task_group_decorator.py for tasks to queue
[2022-06-08 12:58:13,949] {logging_mixin.py:115} INFO - [2022-06-08 12:58:13,949] {dagbag.py:507} INFO - Filling up the DagBag from /home/james/airflowa/lib/python3.8/site-packages/airflow/example_dags/example_task_group_decorator.py
[2022-06-08 12:58:13,970] {processor.py:651} INFO - DAG(s) dict_keys(['example_task_group_decorator']) retrieved from /home/james/airflowa/lib/python3.8/site-packages/airflow/example_dags/example_task_group_decorator.py
[2022-06-08 12:58:14,009] {logging_mixin.py:115} INFO - [2022-06-08 12:58:14,009] {dag.py:2379} INFO - Sync 1 DAGs
[2022-06-08 12:58:14,023] {logging_mixin.py:115} INFO - [2022-06-08 12:58:14,023] {dag.py:2927} INFO - Setting next_dagrun for example_task_group_decorator to 2022-06-07T09:58:14.023090+00:00, run_after=2022-06-08T09:58:14.023090+00:00
[2022-06-08 12:58:14,035] {processor.py:161} INFO - Processing /home/james/airflowa/lib/python3.8/site-packages/airflow/example_dags/example_task_group_decorator.py took 0.092 seconds
[2022-06-08 12:58:57,634] {processor.py:153} INFO - Started process (PID=123935) to work on /home/james/airflowa/lib/python3.8/site-packages/airflow/example_dags/example_task_group_decorator.py
[2022-06-08 12:58:57,635] {processor.py:641} INFO - Processing file /home/james/airflowa/lib/python3.8/site-packages/airflow/example_dags/example_task_group_decorator.py for tasks to queue
[2022-06-08 12:58:57,636] {logging_mixin.py:115} INFO - [2022-06-08 12:58:57,636] {dagbag.py:507} INFO - Filling up the DagBag from /home/james/airflowa/lib/python3.8/site-packages/airflow/example_dags/example_task_group_decorator.py
[2022-06-08 12:58:57,666] {processor.py:651} INFO - DAG(s) dict_keys(['example_task_group_decorator']) retrieved from /home/james/airflowa/lib/python3.8/site-packages/airflow/example_dags/example_task_group_decorator.py
[2022-06-08 12:58:57,707] {logging_mixin.py:115} INFO - [2022-06-08 12:58:57,707] {dag.py:2379} INFO - Sync 1 DAGs
[2022-06-08 12:58:57,720] {logging_mixin.py:115} INFO - [2022-06-08 12:58:57,720] {dag.py:2927} INFO - Setting next_dagrun for example_task_group_decorator to 2022-06-07T09:58:57.720336+00:00, run_after=2022-06-08T09:58:57.720336+00:00
[2022-06-08 12:58:57,732] {processor.py:161} INFO - Processing /home/james/airflowa/lib/python3.8/site-packages/airflow/example_dags/example_task_group_decorator.py took 0.102 seconds
[2022-06-08 12:59:38,422] {processor.py:153} INFO - Started process (PID=124140) to work on /home/james/airflowa/lib/python3.8/site-packages/airflow/example_dags/example_task_group_decorator.py
[2022-06-08 12:59:38,423] {processor.py:641} INFO - Processing file /home/james/airflowa/lib/python3.8/site-packages/airflow/example_dags/example_task_group_decorator.py for tasks to queue
[2022-06-08 12:59:38,423] {logging_mixin.py:115} INFO - [2022-06-08 12:59:38,423] {dagbag.py:507} INFO - Filling up the DagBag from /home/james/airflowa/lib/python3.8/site-packages/airflow/example_dags/example_task_group_decorator.py
[2022-06-08 12:59:38,447] {processor.py:651} INFO - DAG(s) dict_keys(['example_task_group_decorator']) retrieved from /home/james/airflowa/lib/python3.8/site-packages/airflow/example_dags/example_task_group_decorator.py
[2022-06-08 12:59:38,462] {logging_mixin.py:115} INFO - [2022-06-08 12:59:38,462] {dag.py:2379} INFO - Sync 1 DAGs
[2022-06-08 12:59:38,478] {logging_mixin.py:115} INFO - [2022-06-08 12:59:38,478] {dag.py:2927} INFO - Setting next_dagrun for example_task_group_decorator to 2022-06-07T09:59:38.477717+00:00, run_after=2022-06-08T09:59:38.477717+00:00
[2022-06-08 12:59:38,489] {processor.py:161} INFO - Processing /home/james/airflowa/lib/python3.8/site-packages/airflow/example_dags/example_task_group_decorator.py took 0.069 seconds
[2022-06-08 13:00:19,909] {processor.py:153} INFO - Started process (PID=124863) to work on /home/james/airflowa/lib/python3.8/site-packages/airflow/example_dags/example_task_group_decorator.py
[2022-06-08 13:00:19,910] {processor.py:641} INFO - Processing file /home/james/airflowa/lib/python3.8/site-packages/airflow/example_dags/example_task_group_decorator.py for tasks to queue
[2022-06-08 13:00:19,910] {logging_mixin.py:115} INFO - [2022-06-08 13:00:19,910] {dagbag.py:507} INFO - Filling up the DagBag from /home/james/airflowa/lib/python3.8/site-packages/airflow/example_dags/example_task_group_decorator.py
[2022-06-08 13:00:19,934] {processor.py:651} INFO - DAG(s) dict_keys(['example_task_group_decorator']) retrieved from /home/james/airflowa/lib/python3.8/site-packages/airflow/example_dags/example_task_group_decorator.py
[2022-06-08 13:00:19,950] {logging_mixin.py:115} INFO - [2022-06-08 13:00:19,950] {dag.py:2379} INFO - Sync 1 DAGs
[2022-06-08 13:00:19,966] {logging_mixin.py:115} INFO - [2022-06-08 13:00:19,966] {dag.py:2927} INFO - Setting next_dagrun for example_task_group_decorator to 2022-06-07T10:00:19.966303+00:00, run_after=2022-06-08T10:00:19.966303+00:00
[2022-06-08 13:00:19,978] {processor.py:161} INFO - Processing /home/james/airflowa/lib/python3.8/site-packages/airflow/example_dags/example_task_group_decorator.py took 0.072 seconds
[2022-06-08 13:01:05,199] {processor.py:153} INFO - Started process (PID=125079) to work on /home/james/airflowa/lib/python3.8/site-packages/airflow/example_dags/example_task_group_decorator.py
[2022-06-08 13:01:05,200] {processor.py:641} INFO - Processing file /home/james/airflowa/lib/python3.8/site-packages/airflow/example_dags/example_task_group_decorator.py for tasks to queue
[2022-06-08 13:01:05,201] {logging_mixin.py:115} INFO - [2022-06-08 13:01:05,200] {dagbag.py:507} INFO - Filling up the DagBag from /home/james/airflowa/lib/python3.8/site-packages/airflow/example_dags/example_task_group_decorator.py
[2022-06-08 13:01:05,225] {processor.py:651} INFO - DAG(s) dict_keys(['example_task_group_decorator']) retrieved from /home/james/airflowa/lib/python3.8/site-packages/airflow/example_dags/example_task_group_decorator.py
[2022-06-08 13:01:05,239] {logging_mixin.py:115} INFO - [2022-06-08 13:01:05,239] {dag.py:2379} INFO - Sync 1 DAGs
[2022-06-08 13:01:05,254] {logging_mixin.py:115} INFO - [2022-06-08 13:01:05,254] {dag.py:2927} INFO - Setting next_dagrun for example_task_group_decorator to 2022-06-07T10:01:05.254237+00:00, run_after=2022-06-08T10:01:05.254237+00:00
[2022-06-08 13:01:05,265] {processor.py:161} INFO - Processing /home/james/airflowa/lib/python3.8/site-packages/airflow/example_dags/example_task_group_decorator.py took 0.068 seconds
[2022-06-08 13:02:02,178] {processor.py:153} INFO - Started process (PID=125437) to work on /home/james/airflowa/lib/python3.8/site-packages/airflow/example_dags/example_task_group_decorator.py
[2022-06-08 13:02:02,179] {processor.py:641} INFO - Processing file /home/james/airflowa/lib/python3.8/site-packages/airflow/example_dags/example_task_group_decorator.py for tasks to queue
[2022-06-08 13:02:02,179] {logging_mixin.py:115} INFO - [2022-06-08 13:02:02,179] {dagbag.py:507} INFO - Filling up the DagBag from /home/james/airflowa/lib/python3.8/site-packages/airflow/example_dags/example_task_group_decorator.py
[2022-06-08 13:02:02,201] {processor.py:651} INFO - DAG(s) dict_keys(['example_task_group_decorator']) retrieved from /home/james/airflowa/lib/python3.8/site-packages/airflow/example_dags/example_task_group_decorator.py
[2022-06-08 13:02:02,215] {logging_mixin.py:115} INFO - [2022-06-08 13:02:02,215] {dag.py:2379} INFO - Sync 1 DAGs
[2022-06-08 13:02:02,230] {logging_mixin.py:115} INFO - [2022-06-08 13:02:02,230] {dag.py:2927} INFO - Setting next_dagrun for example_task_group_decorator to 2022-06-07T10:02:02.230149+00:00, run_after=2022-06-08T10:02:02.230149+00:00
[2022-06-08 13:02:02,241] {processor.py:161} INFO - Processing /home/james/airflowa/lib/python3.8/site-packages/airflow/example_dags/example_task_group_decorator.py took 0.066 seconds
[2022-06-08 13:03:02,833] {processor.py:153} INFO - Started process (PID=125757) to work on /home/james/airflowa/lib/python3.8/site-packages/airflow/example_dags/example_task_group_decorator.py
[2022-06-08 13:03:02,834] {processor.py:641} INFO - Processing file /home/james/airflowa/lib/python3.8/site-packages/airflow/example_dags/example_task_group_decorator.py for tasks to queue
[2022-06-08 13:03:02,834] {logging_mixin.py:115} INFO - [2022-06-08 13:03:02,834] {dagbag.py:507} INFO - Filling up the DagBag from /home/james/airflowa/lib/python3.8/site-packages/airflow/example_dags/example_task_group_decorator.py
[2022-06-08 13:03:02,870] {processor.py:651} INFO - DAG(s) dict_keys(['example_task_group_decorator']) retrieved from /home/james/airflowa/lib/python3.8/site-packages/airflow/example_dags/example_task_group_decorator.py
[2022-06-08 13:03:02,930] {logging_mixin.py:115} INFO - [2022-06-08 13:03:02,930] {dag.py:2379} INFO - Sync 1 DAGs
[2022-06-08 13:03:02,950] {logging_mixin.py:115} INFO - [2022-06-08 13:03:02,950] {dag.py:2927} INFO - Setting next_dagrun for example_task_group_decorator to 2022-06-07T10:03:02.949821+00:00, run_after=2022-06-08T10:03:02.949821+00:00
[2022-06-08 13:03:02,966] {processor.py:161} INFO - Processing /home/james/airflowa/lib/python3.8/site-packages/airflow/example_dags/example_task_group_decorator.py took 0.137 seconds
[2022-06-08 13:03:59,109] {processor.py:153} INFO - Started process (PID=126184) to work on /home/james/airflowa/lib/python3.8/site-packages/airflow/example_dags/example_task_group_decorator.py
[2022-06-08 13:03:59,109] {processor.py:641} INFO - Processing file /home/james/airflowa/lib/python3.8/site-packages/airflow/example_dags/example_task_group_decorator.py for tasks to queue
[2022-06-08 13:03:59,110] {logging_mixin.py:115} INFO - [2022-06-08 13:03:59,110] {dagbag.py:507} INFO - Filling up the DagBag from /home/james/airflowa/lib/python3.8/site-packages/airflow/example_dags/example_task_group_decorator.py
[2022-06-08 13:03:59,132] {processor.py:651} INFO - DAG(s) dict_keys(['example_task_group_decorator']) retrieved from /home/james/airflowa/lib/python3.8/site-packages/airflow/example_dags/example_task_group_decorator.py
[2022-06-08 13:03:59,174] {logging_mixin.py:115} INFO - [2022-06-08 13:03:59,174] {dag.py:2379} INFO - Sync 1 DAGs
[2022-06-08 13:03:59,187] {logging_mixin.py:115} INFO - [2022-06-08 13:03:59,187] {dag.py:2927} INFO - Setting next_dagrun for example_task_group_decorator to 2022-06-07T10:03:59.186759+00:00, run_after=2022-06-08T10:03:59.186759+00:00
[2022-06-08 13:03:59,199] {processor.py:161} INFO - Processing /home/james/airflowa/lib/python3.8/site-packages/airflow/example_dags/example_task_group_decorator.py took 0.093 seconds
[2022-06-08 13:04:36,856] {processor.py:153} INFO - Started process (PID=126398) to work on /home/james/airflowa/lib/python3.8/site-packages/airflow/example_dags/example_task_group_decorator.py
[2022-06-08 13:04:36,857] {processor.py:641} INFO - Processing file /home/james/airflowa/lib/python3.8/site-packages/airflow/example_dags/example_task_group_decorator.py for tasks to queue
[2022-06-08 13:04:36,857] {logging_mixin.py:115} INFO - [2022-06-08 13:04:36,857] {dagbag.py:507} INFO - Filling up the DagBag from /home/james/airflowa/lib/python3.8/site-packages/airflow/example_dags/example_task_group_decorator.py
[2022-06-08 13:04:36,879] {processor.py:651} INFO - DAG(s) dict_keys(['example_task_group_decorator']) retrieved from /home/james/airflowa/lib/python3.8/site-packages/airflow/example_dags/example_task_group_decorator.py
[2022-06-08 13:04:36,893] {logging_mixin.py:115} INFO - [2022-06-08 13:04:36,893] {dag.py:2379} INFO - Sync 1 DAGs
[2022-06-08 13:04:36,908] {logging_mixin.py:115} INFO - [2022-06-08 13:04:36,907] {dag.py:2927} INFO - Setting next_dagrun for example_task_group_decorator to 2022-06-07T10:04:36.907635+00:00, run_after=2022-06-08T10:04:36.907635+00:00
[2022-06-08 13:04:36,924] {processor.py:161} INFO - Processing /home/james/airflowa/lib/python3.8/site-packages/airflow/example_dags/example_task_group_decorator.py took 0.070 seconds
[2022-06-08 13:05:34,647] {processor.py:153} INFO - Started process (PID=126621) to work on /home/james/airflowa/lib/python3.8/site-packages/airflow/example_dags/example_task_group_decorator.py
[2022-06-08 13:05:34,648] {processor.py:641} INFO - Processing file /home/james/airflowa/lib/python3.8/site-packages/airflow/example_dags/example_task_group_decorator.py for tasks to queue
[2022-06-08 13:05:34,649] {logging_mixin.py:115} INFO - [2022-06-08 13:05:34,649] {dagbag.py:507} INFO - Filling up the DagBag from /home/james/airflowa/lib/python3.8/site-packages/airflow/example_dags/example_task_group_decorator.py
[2022-06-08 13:05:34,671] {processor.py:651} INFO - DAG(s) dict_keys(['example_task_group_decorator']) retrieved from /home/james/airflowa/lib/python3.8/site-packages/airflow/example_dags/example_task_group_decorator.py
[2022-06-08 13:05:34,687] {logging_mixin.py:115} INFO - [2022-06-08 13:05:34,687] {dag.py:2379} INFO - Sync 1 DAGs
[2022-06-08 13:05:34,703] {logging_mixin.py:115} INFO - [2022-06-08 13:05:34,703] {dag.py:2927} INFO - Setting next_dagrun for example_task_group_decorator to 2022-06-07T10:05:34.702810+00:00, run_after=2022-06-08T10:05:34.702810+00:00
[2022-06-08 13:05:34,714] {processor.py:161} INFO - Processing /home/james/airflowa/lib/python3.8/site-packages/airflow/example_dags/example_task_group_decorator.py took 0.070 seconds
[2022-06-08 13:06:16,149] {processor.py:153} INFO - Started process (PID=126841) to work on /home/james/airflowa/lib/python3.8/site-packages/airflow/example_dags/example_task_group_decorator.py
[2022-06-08 13:06:16,150] {processor.py:641} INFO - Processing file /home/james/airflowa/lib/python3.8/site-packages/airflow/example_dags/example_task_group_decorator.py for tasks to queue
[2022-06-08 13:06:16,150] {logging_mixin.py:115} INFO - [2022-06-08 13:06:16,150] {dagbag.py:507} INFO - Filling up the DagBag from /home/james/airflowa/lib/python3.8/site-packages/airflow/example_dags/example_task_group_decorator.py
[2022-06-08 13:06:16,171] {processor.py:651} INFO - DAG(s) dict_keys(['example_task_group_decorator']) retrieved from /home/james/airflowa/lib/python3.8/site-packages/airflow/example_dags/example_task_group_decorator.py
[2022-06-08 13:06:16,224] {logging_mixin.py:115} INFO - [2022-06-08 13:06:16,224] {dag.py:2379} INFO - Sync 1 DAGs
[2022-06-08 13:06:16,245] {logging_mixin.py:115} INFO - [2022-06-08 13:06:16,245] {dag.py:2927} INFO - Setting next_dagrun for example_task_group_decorator to 2022-06-07T10:06:16.245001+00:00, run_after=2022-06-08T10:06:16.245001+00:00
[2022-06-08 13:06:16,264] {processor.py:161} INFO - Processing /home/james/airflowa/lib/python3.8/site-packages/airflow/example_dags/example_task_group_decorator.py took 0.118 seconds
[2022-06-08 13:07:00,900] {processor.py:153} INFO - Started process (PID=127037) to work on /home/james/airflowa/lib/python3.8/site-packages/airflow/example_dags/example_task_group_decorator.py
[2022-06-08 13:07:00,901] {processor.py:641} INFO - Processing file /home/james/airflowa/lib/python3.8/site-packages/airflow/example_dags/example_task_group_decorator.py for tasks to queue
[2022-06-08 13:07:00,902] {logging_mixin.py:115} INFO - [2022-06-08 13:07:00,902] {dagbag.py:507} INFO - Filling up the DagBag from /home/james/airflowa/lib/python3.8/site-packages/airflow/example_dags/example_task_group_decorator.py
[2022-06-08 13:07:00,927] {processor.py:651} INFO - DAG(s) dict_keys(['example_task_group_decorator']) retrieved from /home/james/airflowa/lib/python3.8/site-packages/airflow/example_dags/example_task_group_decorator.py
[2022-06-08 13:07:00,943] {logging_mixin.py:115} INFO - [2022-06-08 13:07:00,943] {dag.py:2379} INFO - Sync 1 DAGs
[2022-06-08 13:07:00,960] {logging_mixin.py:115} INFO - [2022-06-08 13:07:00,960] {dag.py:2927} INFO - Setting next_dagrun for example_task_group_decorator to 2022-06-07T10:07:00.960027+00:00, run_after=2022-06-08T10:07:00.960027+00:00
[2022-06-08 13:07:00,974] {processor.py:161} INFO - Processing /home/james/airflowa/lib/python3.8/site-packages/airflow/example_dags/example_task_group_decorator.py took 0.076 seconds
