[2022-06-08 09:03:55,213] {processor.py:153} INFO - Started process (PID=23653) to work on /home/james/airflowa/lib/python3.8/site-packages/airflow/example_dags/example_time_delta_sensor_async.py
[2022-06-08 09:03:55,213] {processor.py:641} INFO - Processing file /home/james/airflowa/lib/python3.8/site-packages/airflow/example_dags/example_time_delta_sensor_async.py for tasks to queue
[2022-06-08 09:03:55,214] {logging_mixin.py:115} INFO - [2022-06-08 09:03:55,214] {dagbag.py:507} INFO - Filling up the DagBag from /home/james/airflowa/lib/python3.8/site-packages/airflow/example_dags/example_time_delta_sensor_async.py
[2022-06-08 09:03:55,221] {processor.py:651} INFO - DAG(s) dict_keys(['example_time_delta_sensor_async']) retrieved from /home/james/airflowa/lib/python3.8/site-packages/airflow/example_dags/example_time_delta_sensor_async.py
[2022-06-08 09:03:55,240] {logging_mixin.py:115} INFO - [2022-06-08 09:03:55,240] {dag.py:2379} INFO - Sync 1 DAGs
[2022-06-08 09:03:55,257] {logging_mixin.py:115} INFO - [2022-06-08 09:03:55,257] {dag.py:2927} INFO - Setting next_dagrun for example_time_delta_sensor_async to None, run_after=None
[2022-06-08 09:03:55,269] {processor.py:161} INFO - Processing /home/james/airflowa/lib/python3.8/site-packages/airflow/example_dags/example_time_delta_sensor_async.py took 0.059 seconds
[2022-06-08 09:04:30,372] {processor.py:153} INFO - Started process (PID=23883) to work on /home/james/airflowa/lib/python3.8/site-packages/airflow/example_dags/example_time_delta_sensor_async.py
[2022-06-08 09:04:30,373] {processor.py:641} INFO - Processing file /home/james/airflowa/lib/python3.8/site-packages/airflow/example_dags/example_time_delta_sensor_async.py for tasks to queue
[2022-06-08 09:04:30,373] {logging_mixin.py:115} INFO - [2022-06-08 09:04:30,373] {dagbag.py:507} INFO - Filling up the DagBag from /home/james/airflowa/lib/python3.8/site-packages/airflow/example_dags/example_time_delta_sensor_async.py
[2022-06-08 09:04:30,378] {processor.py:651} INFO - DAG(s) dict_keys(['example_time_delta_sensor_async']) retrieved from /home/james/airflowa/lib/python3.8/site-packages/airflow/example_dags/example_time_delta_sensor_async.py
[2022-06-08 09:04:30,400] {logging_mixin.py:115} INFO - [2022-06-08 09:04:30,400] {dag.py:2379} INFO - Sync 1 DAGs
[2022-06-08 09:04:30,419] {logging_mixin.py:115} INFO - [2022-06-08 09:04:30,418] {dag.py:2927} INFO - Setting next_dagrun for example_time_delta_sensor_async to None, run_after=None
[2022-06-08 09:04:30,431] {processor.py:161} INFO - Processing /home/james/airflowa/lib/python3.8/site-packages/airflow/example_dags/example_time_delta_sensor_async.py took 0.061 seconds
[2022-06-08 09:05:04,669] {processor.py:153} INFO - Started process (PID=24016) to work on /home/james/airflowa/lib/python3.8/site-packages/airflow/example_dags/example_time_delta_sensor_async.py
[2022-06-08 09:05:04,670] {processor.py:641} INFO - Processing file /home/james/airflowa/lib/python3.8/site-packages/airflow/example_dags/example_time_delta_sensor_async.py for tasks to queue
[2022-06-08 09:05:04,670] {logging_mixin.py:115} INFO - [2022-06-08 09:05:04,670] {dagbag.py:507} INFO - Filling up the DagBag from /home/james/airflowa/lib/python3.8/site-packages/airflow/example_dags/example_time_delta_sensor_async.py
[2022-06-08 09:05:04,674] {processor.py:651} INFO - DAG(s) dict_keys(['example_time_delta_sensor_async']) retrieved from /home/james/airflowa/lib/python3.8/site-packages/airflow/example_dags/example_time_delta_sensor_async.py
[2022-06-08 09:05:04,692] {logging_mixin.py:115} INFO - [2022-06-08 09:05:04,692] {dag.py:2379} INFO - Sync 1 DAGs
[2022-06-08 09:05:04,706] {logging_mixin.py:115} INFO - [2022-06-08 09:05:04,706] {dag.py:2927} INFO - Setting next_dagrun for example_time_delta_sensor_async to None, run_after=None
[2022-06-08 09:05:04,716] {processor.py:161} INFO - Processing /home/james/airflowa/lib/python3.8/site-packages/airflow/example_dags/example_time_delta_sensor_async.py took 0.050 seconds
[2022-06-08 09:05:52,153] {processor.py:153} INFO - Started process (PID=24498) to work on /home/james/airflowa/lib/python3.8/site-packages/airflow/example_dags/example_time_delta_sensor_async.py
[2022-06-08 09:05:52,153] {processor.py:641} INFO - Processing file /home/james/airflowa/lib/python3.8/site-packages/airflow/example_dags/example_time_delta_sensor_async.py for tasks to queue
[2022-06-08 09:05:52,154] {logging_mixin.py:115} INFO - [2022-06-08 09:05:52,154] {dagbag.py:507} INFO - Filling up the DagBag from /home/james/airflowa/lib/python3.8/site-packages/airflow/example_dags/example_time_delta_sensor_async.py
[2022-06-08 09:05:52,158] {processor.py:651} INFO - DAG(s) dict_keys(['example_time_delta_sensor_async']) retrieved from /home/james/airflowa/lib/python3.8/site-packages/airflow/example_dags/example_time_delta_sensor_async.py
[2022-06-08 09:05:52,176] {logging_mixin.py:115} INFO - [2022-06-08 09:05:52,175] {dag.py:2379} INFO - Sync 1 DAGs
[2022-06-08 09:05:52,192] {logging_mixin.py:115} INFO - [2022-06-08 09:05:52,192] {dag.py:2927} INFO - Setting next_dagrun for example_time_delta_sensor_async to None, run_after=None
[2022-06-08 09:05:52,205] {processor.py:161} INFO - Processing /home/james/airflowa/lib/python3.8/site-packages/airflow/example_dags/example_time_delta_sensor_async.py took 0.054 seconds
[2022-06-08 09:07:05,592] {processor.py:153} INFO - Started process (PID=25045) to work on /home/james/airflowa/lib/python3.8/site-packages/airflow/example_dags/example_time_delta_sensor_async.py
[2022-06-08 09:07:05,592] {processor.py:641} INFO - Processing file /home/james/airflowa/lib/python3.8/site-packages/airflow/example_dags/example_time_delta_sensor_async.py for tasks to queue
[2022-06-08 09:07:05,593] {logging_mixin.py:115} INFO - [2022-06-08 09:07:05,593] {dagbag.py:507} INFO - Filling up the DagBag from /home/james/airflowa/lib/python3.8/site-packages/airflow/example_dags/example_time_delta_sensor_async.py
[2022-06-08 09:07:05,600] {processor.py:651} INFO - DAG(s) dict_keys(['example_time_delta_sensor_async']) retrieved from /home/james/airflowa/lib/python3.8/site-packages/airflow/example_dags/example_time_delta_sensor_async.py
[2022-06-08 09:07:05,629] {logging_mixin.py:115} INFO - [2022-06-08 09:07:05,629] {dag.py:2379} INFO - Sync 1 DAGs
[2022-06-08 09:07:05,653] {logging_mixin.py:115} INFO - [2022-06-08 09:07:05,653] {dag.py:2927} INFO - Setting next_dagrun for example_time_delta_sensor_async to None, run_after=None
[2022-06-08 09:07:05,668] {processor.py:161} INFO - Processing /home/james/airflowa/lib/python3.8/site-packages/airflow/example_dags/example_time_delta_sensor_async.py took 0.081 seconds
[2022-06-08 09:08:39,824] {processor.py:153} INFO - Started process (PID=25614) to work on /home/james/airflowa/lib/python3.8/site-packages/airflow/example_dags/example_time_delta_sensor_async.py
[2022-06-08 09:08:39,825] {processor.py:641} INFO - Processing file /home/james/airflowa/lib/python3.8/site-packages/airflow/example_dags/example_time_delta_sensor_async.py for tasks to queue
[2022-06-08 09:08:39,825] {logging_mixin.py:115} INFO - [2022-06-08 09:08:39,825] {dagbag.py:507} INFO - Filling up the DagBag from /home/james/airflowa/lib/python3.8/site-packages/airflow/example_dags/example_time_delta_sensor_async.py
[2022-06-08 09:08:39,831] {processor.py:651} INFO - DAG(s) dict_keys(['example_time_delta_sensor_async']) retrieved from /home/james/airflowa/lib/python3.8/site-packages/airflow/example_dags/example_time_delta_sensor_async.py
[2022-06-08 09:08:39,863] {logging_mixin.py:115} INFO - [2022-06-08 09:08:39,863] {dag.py:2379} INFO - Sync 1 DAGs
[2022-06-08 09:08:39,888] {logging_mixin.py:115} INFO - [2022-06-08 09:08:39,888] {dag.py:2927} INFO - Setting next_dagrun for example_time_delta_sensor_async to None, run_after=None
[2022-06-08 09:08:39,904] {processor.py:161} INFO - Processing /home/james/airflowa/lib/python3.8/site-packages/airflow/example_dags/example_time_delta_sensor_async.py took 0.084 seconds
[2022-06-08 09:10:22,413] {processor.py:153} INFO - Started process (PID=26614) to work on /home/james/airflowa/lib/python3.8/site-packages/airflow/example_dags/example_time_delta_sensor_async.py
[2022-06-08 09:10:22,414] {processor.py:641} INFO - Processing file /home/james/airflowa/lib/python3.8/site-packages/airflow/example_dags/example_time_delta_sensor_async.py for tasks to queue
[2022-06-08 09:10:22,415] {logging_mixin.py:115} INFO - [2022-06-08 09:10:22,415] {dagbag.py:507} INFO - Filling up the DagBag from /home/james/airflowa/lib/python3.8/site-packages/airflow/example_dags/example_time_delta_sensor_async.py
[2022-06-08 09:10:22,423] {processor.py:651} INFO - DAG(s) dict_keys(['example_time_delta_sensor_async']) retrieved from /home/james/airflowa/lib/python3.8/site-packages/airflow/example_dags/example_time_delta_sensor_async.py
[2022-06-08 09:10:22,475] {logging_mixin.py:115} INFO - [2022-06-08 09:10:22,475] {dag.py:2379} INFO - Sync 1 DAGs
[2022-06-08 09:10:22,503] {logging_mixin.py:115} INFO - [2022-06-08 09:10:22,502] {dag.py:2927} INFO - Setting next_dagrun for example_time_delta_sensor_async to None, run_after=None
[2022-06-08 09:10:22,519] {processor.py:161} INFO - Processing /home/james/airflowa/lib/python3.8/site-packages/airflow/example_dags/example_time_delta_sensor_async.py took 0.109 seconds
[2022-06-08 09:11:27,026] {processor.py:153} INFO - Started process (PID=27174) to work on /home/james/airflowa/lib/python3.8/site-packages/airflow/example_dags/example_time_delta_sensor_async.py
[2022-06-08 09:11:27,028] {processor.py:641} INFO - Processing file /home/james/airflowa/lib/python3.8/site-packages/airflow/example_dags/example_time_delta_sensor_async.py for tasks to queue
[2022-06-08 09:11:27,029] {logging_mixin.py:115} INFO - [2022-06-08 09:11:27,029] {dagbag.py:507} INFO - Filling up the DagBag from /home/james/airflowa/lib/python3.8/site-packages/airflow/example_dags/example_time_delta_sensor_async.py
[2022-06-08 09:11:27,040] {processor.py:651} INFO - DAG(s) dict_keys(['example_time_delta_sensor_async']) retrieved from /home/james/airflowa/lib/python3.8/site-packages/airflow/example_dags/example_time_delta_sensor_async.py
[2022-06-08 09:11:27,088] {logging_mixin.py:115} INFO - [2022-06-08 09:11:27,088] {dag.py:2379} INFO - Sync 1 DAGs
[2022-06-08 09:11:27,131] {logging_mixin.py:115} INFO - [2022-06-08 09:11:27,131] {dag.py:2927} INFO - Setting next_dagrun for example_time_delta_sensor_async to None, run_after=None
[2022-06-08 09:11:27,166] {processor.py:161} INFO - Processing /home/james/airflowa/lib/python3.8/site-packages/airflow/example_dags/example_time_delta_sensor_async.py took 0.145 seconds
[2022-06-08 09:12:53,357] {processor.py:153} INFO - Started process (PID=27572) to work on /home/james/airflowa/lib/python3.8/site-packages/airflow/example_dags/example_time_delta_sensor_async.py
[2022-06-08 09:12:53,359] {processor.py:641} INFO - Processing file /home/james/airflowa/lib/python3.8/site-packages/airflow/example_dags/example_time_delta_sensor_async.py for tasks to queue
[2022-06-08 09:12:53,359] {logging_mixin.py:115} INFO - [2022-06-08 09:12:53,359] {dagbag.py:507} INFO - Filling up the DagBag from /home/james/airflowa/lib/python3.8/site-packages/airflow/example_dags/example_time_delta_sensor_async.py
[2022-06-08 09:12:53,372] {processor.py:651} INFO - DAG(s) dict_keys(['example_time_delta_sensor_async']) retrieved from /home/james/airflowa/lib/python3.8/site-packages/airflow/example_dags/example_time_delta_sensor_async.py
[2022-06-08 09:12:53,420] {logging_mixin.py:115} INFO - [2022-06-08 09:12:53,420] {dag.py:2379} INFO - Sync 1 DAGs
[2022-06-08 09:12:53,463] {logging_mixin.py:115} INFO - [2022-06-08 09:12:53,463] {dag.py:2927} INFO - Setting next_dagrun for example_time_delta_sensor_async to None, run_after=None
[2022-06-08 09:12:53,493] {processor.py:161} INFO - Processing /home/james/airflowa/lib/python3.8/site-packages/airflow/example_dags/example_time_delta_sensor_async.py took 0.142 seconds
[2022-06-08 09:14:40,859] {processor.py:153} INFO - Started process (PID=28206) to work on /home/james/airflowa/lib/python3.8/site-packages/airflow/example_dags/example_time_delta_sensor_async.py
[2022-06-08 09:14:40,860] {processor.py:641} INFO - Processing file /home/james/airflowa/lib/python3.8/site-packages/airflow/example_dags/example_time_delta_sensor_async.py for tasks to queue
[2022-06-08 09:14:40,861] {logging_mixin.py:115} INFO - [2022-06-08 09:14:40,861] {dagbag.py:507} INFO - Filling up the DagBag from /home/james/airflowa/lib/python3.8/site-packages/airflow/example_dags/example_time_delta_sensor_async.py
[2022-06-08 09:14:40,878] {processor.py:651} INFO - DAG(s) dict_keys(['example_time_delta_sensor_async']) retrieved from /home/james/airflowa/lib/python3.8/site-packages/airflow/example_dags/example_time_delta_sensor_async.py
[2022-06-08 09:14:40,921] {logging_mixin.py:115} INFO - [2022-06-08 09:14:40,921] {dag.py:2379} INFO - Sync 1 DAGs
[2022-06-08 09:14:40,956] {logging_mixin.py:115} INFO - [2022-06-08 09:14:40,956] {dag.py:2927} INFO - Setting next_dagrun for example_time_delta_sensor_async to None, run_after=None
[2022-06-08 09:14:40,987] {processor.py:161} INFO - Processing /home/james/airflowa/lib/python3.8/site-packages/airflow/example_dags/example_time_delta_sensor_async.py took 0.136 seconds
[2022-06-08 09:16:17,210] {processor.py:153} INFO - Started process (PID=29373) to work on /home/james/airflowa/lib/python3.8/site-packages/airflow/example_dags/example_time_delta_sensor_async.py
[2022-06-08 09:16:17,216] {processor.py:641} INFO - Processing file /home/james/airflowa/lib/python3.8/site-packages/airflow/example_dags/example_time_delta_sensor_async.py for tasks to queue
[2022-06-08 09:16:17,217] {logging_mixin.py:115} INFO - [2022-06-08 09:16:17,217] {dagbag.py:507} INFO - Filling up the DagBag from /home/james/airflowa/lib/python3.8/site-packages/airflow/example_dags/example_time_delta_sensor_async.py
[2022-06-08 09:16:17,231] {processor.py:651} INFO - DAG(s) dict_keys(['example_time_delta_sensor_async']) retrieved from /home/james/airflowa/lib/python3.8/site-packages/airflow/example_dags/example_time_delta_sensor_async.py
[2022-06-08 09:16:17,285] {logging_mixin.py:115} INFO - [2022-06-08 09:16:17,285] {dag.py:2379} INFO - Sync 1 DAGs
[2022-06-08 09:16:17,333] {logging_mixin.py:115} INFO - [2022-06-08 09:16:17,333] {dag.py:2927} INFO - Setting next_dagrun for example_time_delta_sensor_async to None, run_after=None
[2022-06-08 09:16:17,364] {processor.py:161} INFO - Processing /home/james/airflowa/lib/python3.8/site-packages/airflow/example_dags/example_time_delta_sensor_async.py took 0.161 seconds
[2022-06-08 09:18:03,663] {processor.py:153} INFO - Started process (PID=30528) to work on /home/james/airflowa/lib/python3.8/site-packages/airflow/example_dags/example_time_delta_sensor_async.py
[2022-06-08 09:18:03,663] {processor.py:641} INFO - Processing file /home/james/airflowa/lib/python3.8/site-packages/airflow/example_dags/example_time_delta_sensor_async.py for tasks to queue
[2022-06-08 09:18:03,664] {logging_mixin.py:115} INFO - [2022-06-08 09:18:03,664] {dagbag.py:507} INFO - Filling up the DagBag from /home/james/airflowa/lib/python3.8/site-packages/airflow/example_dags/example_time_delta_sensor_async.py
[2022-06-08 09:18:03,672] {processor.py:651} INFO - DAG(s) dict_keys(['example_time_delta_sensor_async']) retrieved from /home/james/airflowa/lib/python3.8/site-packages/airflow/example_dags/example_time_delta_sensor_async.py
[2022-06-08 09:18:03,707] {logging_mixin.py:115} INFO - [2022-06-08 09:18:03,707] {dag.py:2379} INFO - Sync 1 DAGs
[2022-06-08 09:18:03,738] {logging_mixin.py:115} INFO - [2022-06-08 09:18:03,738] {dag.py:2927} INFO - Setting next_dagrun for example_time_delta_sensor_async to None, run_after=None
[2022-06-08 09:18:03,761] {processor.py:161} INFO - Processing /home/james/airflowa/lib/python3.8/site-packages/airflow/example_dags/example_time_delta_sensor_async.py took 0.103 seconds
[2022-06-08 09:20:06,747] {processor.py:153} INFO - Started process (PID=31697) to work on /home/james/airflowa/lib/python3.8/site-packages/airflow/example_dags/example_time_delta_sensor_async.py
[2022-06-08 09:20:06,748] {processor.py:641} INFO - Processing file /home/james/airflowa/lib/python3.8/site-packages/airflow/example_dags/example_time_delta_sensor_async.py for tasks to queue
[2022-06-08 09:20:06,749] {logging_mixin.py:115} INFO - [2022-06-08 09:20:06,749] {dagbag.py:507} INFO - Filling up the DagBag from /home/james/airflowa/lib/python3.8/site-packages/airflow/example_dags/example_time_delta_sensor_async.py
[2022-06-08 09:20:06,791] {processor.py:651} INFO - DAG(s) dict_keys(['example_time_delta_sensor_async']) retrieved from /home/james/airflowa/lib/python3.8/site-packages/airflow/example_dags/example_time_delta_sensor_async.py
[2022-06-08 09:20:06,901] {logging_mixin.py:115} INFO - [2022-06-08 09:20:06,901] {dag.py:2379} INFO - Sync 1 DAGs
[2022-06-08 09:20:07,021] {logging_mixin.py:115} INFO - [2022-06-08 09:20:07,020] {dag.py:2927} INFO - Setting next_dagrun for example_time_delta_sensor_async to None, run_after=None
[2022-06-08 09:20:07,135] {processor.py:161} INFO - Processing /home/james/airflowa/lib/python3.8/site-packages/airflow/example_dags/example_time_delta_sensor_async.py took 0.397 seconds
[2022-06-08 09:22:16,205] {processor.py:153} INFO - Started process (PID=32896) to work on /home/james/airflowa/lib/python3.8/site-packages/airflow/example_dags/example_time_delta_sensor_async.py
[2022-06-08 09:22:16,207] {processor.py:641} INFO - Processing file /home/james/airflowa/lib/python3.8/site-packages/airflow/example_dags/example_time_delta_sensor_async.py for tasks to queue
[2022-06-08 09:22:16,208] {logging_mixin.py:115} INFO - [2022-06-08 09:22:16,208] {dagbag.py:507} INFO - Filling up the DagBag from /home/james/airflowa/lib/python3.8/site-packages/airflow/example_dags/example_time_delta_sensor_async.py
[2022-06-08 09:22:16,222] {processor.py:651} INFO - DAG(s) dict_keys(['example_time_delta_sensor_async']) retrieved from /home/james/airflowa/lib/python3.8/site-packages/airflow/example_dags/example_time_delta_sensor_async.py
[2022-06-08 09:22:16,274] {logging_mixin.py:115} INFO - [2022-06-08 09:22:16,273] {dag.py:2379} INFO - Sync 1 DAGs
[2022-06-08 09:22:16,313] {logging_mixin.py:115} INFO - [2022-06-08 09:22:16,313] {dag.py:2927} INFO - Setting next_dagrun for example_time_delta_sensor_async to None, run_after=None
[2022-06-08 09:22:16,340] {processor.py:161} INFO - Processing /home/james/airflowa/lib/python3.8/site-packages/airflow/example_dags/example_time_delta_sensor_async.py took 0.141 seconds
[2022-06-08 09:24:24,489] {processor.py:153} INFO - Started process (PID=33654) to work on /home/james/airflowa/lib/python3.8/site-packages/airflow/example_dags/example_time_delta_sensor_async.py
[2022-06-08 09:24:24,490] {processor.py:641} INFO - Processing file /home/james/airflowa/lib/python3.8/site-packages/airflow/example_dags/example_time_delta_sensor_async.py for tasks to queue
[2022-06-08 09:24:24,491] {logging_mixin.py:115} INFO - [2022-06-08 09:24:24,491] {dagbag.py:507} INFO - Filling up the DagBag from /home/james/airflowa/lib/python3.8/site-packages/airflow/example_dags/example_time_delta_sensor_async.py
[2022-06-08 09:24:24,500] {processor.py:651} INFO - DAG(s) dict_keys(['example_time_delta_sensor_async']) retrieved from /home/james/airflowa/lib/python3.8/site-packages/airflow/example_dags/example_time_delta_sensor_async.py
[2022-06-08 09:24:24,539] {logging_mixin.py:115} INFO - [2022-06-08 09:24:24,539] {dag.py:2379} INFO - Sync 1 DAGs
[2022-06-08 09:24:24,573] {logging_mixin.py:115} INFO - [2022-06-08 09:24:24,572] {dag.py:2927} INFO - Setting next_dagrun for example_time_delta_sensor_async to None, run_after=None
[2022-06-08 09:24:24,598] {processor.py:161} INFO - Processing /home/james/airflowa/lib/python3.8/site-packages/airflow/example_dags/example_time_delta_sensor_async.py took 0.114 seconds
[2022-06-08 09:26:35,699] {processor.py:153} INFO - Started process (PID=34482) to work on /home/james/airflowa/lib/python3.8/site-packages/airflow/example_dags/example_time_delta_sensor_async.py
[2022-06-08 09:26:35,699] {processor.py:641} INFO - Processing file /home/james/airflowa/lib/python3.8/site-packages/airflow/example_dags/example_time_delta_sensor_async.py for tasks to queue
[2022-06-08 09:26:35,700] {logging_mixin.py:115} INFO - [2022-06-08 09:26:35,700] {dagbag.py:507} INFO - Filling up the DagBag from /home/james/airflowa/lib/python3.8/site-packages/airflow/example_dags/example_time_delta_sensor_async.py
[2022-06-08 09:26:35,704] {processor.py:651} INFO - DAG(s) dict_keys(['example_time_delta_sensor_async']) retrieved from /home/james/airflowa/lib/python3.8/site-packages/airflow/example_dags/example_time_delta_sensor_async.py
[2022-06-08 09:26:35,723] {logging_mixin.py:115} INFO - [2022-06-08 09:26:35,723] {dag.py:2379} INFO - Sync 1 DAGs
[2022-06-08 09:26:35,738] {logging_mixin.py:115} INFO - [2022-06-08 09:26:35,738] {dag.py:2927} INFO - Setting next_dagrun for example_time_delta_sensor_async to None, run_after=None
[2022-06-08 09:26:35,749] {processor.py:161} INFO - Processing /home/james/airflowa/lib/python3.8/site-packages/airflow/example_dags/example_time_delta_sensor_async.py took 0.052 seconds
[2022-06-08 09:28:30,763] {processor.py:153} INFO - Started process (PID=34963) to work on /home/james/airflowa/lib/python3.8/site-packages/airflow/example_dags/example_time_delta_sensor_async.py
[2022-06-08 09:28:30,764] {processor.py:641} INFO - Processing file /home/james/airflowa/lib/python3.8/site-packages/airflow/example_dags/example_time_delta_sensor_async.py for tasks to queue
[2022-06-08 09:28:30,765] {logging_mixin.py:115} INFO - [2022-06-08 09:28:30,765] {dagbag.py:507} INFO - Filling up the DagBag from /home/james/airflowa/lib/python3.8/site-packages/airflow/example_dags/example_time_delta_sensor_async.py
[2022-06-08 09:28:30,777] {processor.py:651} INFO - DAG(s) dict_keys(['example_time_delta_sensor_async']) retrieved from /home/james/airflowa/lib/python3.8/site-packages/airflow/example_dags/example_time_delta_sensor_async.py
[2022-06-08 09:28:30,825] {logging_mixin.py:115} INFO - [2022-06-08 09:28:30,825] {dag.py:2379} INFO - Sync 1 DAGs
[2022-06-08 09:28:30,875] {logging_mixin.py:115} INFO - [2022-06-08 09:28:30,875] {dag.py:2927} INFO - Setting next_dagrun for example_time_delta_sensor_async to None, run_after=None
[2022-06-08 09:28:30,904] {processor.py:161} INFO - Processing /home/james/airflowa/lib/python3.8/site-packages/airflow/example_dags/example_time_delta_sensor_async.py took 0.147 seconds
[2022-06-08 11:27:38,554] {processor.py:153} INFO - Started process (PID=76534) to work on /home/james/airflowa/lib/python3.8/site-packages/airflow/example_dags/example_time_delta_sensor_async.py
[2022-06-08 11:27:38,555] {processor.py:641} INFO - Processing file /home/james/airflowa/lib/python3.8/site-packages/airflow/example_dags/example_time_delta_sensor_async.py for tasks to queue
[2022-06-08 11:27:38,556] {logging_mixin.py:115} INFO - [2022-06-08 11:27:38,556] {dagbag.py:507} INFO - Filling up the DagBag from /home/james/airflowa/lib/python3.8/site-packages/airflow/example_dags/example_time_delta_sensor_async.py
[2022-06-08 11:27:38,561] {processor.py:651} INFO - DAG(s) dict_keys(['example_time_delta_sensor_async']) retrieved from /home/james/airflowa/lib/python3.8/site-packages/airflow/example_dags/example_time_delta_sensor_async.py
[2022-06-08 11:27:38,577] {logging_mixin.py:115} INFO - [2022-06-08 11:27:38,577] {dag.py:2379} INFO - Sync 1 DAGs
[2022-06-08 11:27:38,592] {logging_mixin.py:115} INFO - [2022-06-08 11:27:38,592] {dag.py:2927} INFO - Setting next_dagrun for example_time_delta_sensor_async to None, run_after=None
[2022-06-08 11:27:38,603] {processor.py:161} INFO - Processing /home/james/airflowa/lib/python3.8/site-packages/airflow/example_dags/example_time_delta_sensor_async.py took 0.052 seconds
[2022-06-08 11:28:14,625] {processor.py:153} INFO - Started process (PID=76782) to work on /home/james/airflowa/lib/python3.8/site-packages/airflow/example_dags/example_time_delta_sensor_async.py
[2022-06-08 11:28:14,628] {processor.py:641} INFO - Processing file /home/james/airflowa/lib/python3.8/site-packages/airflow/example_dags/example_time_delta_sensor_async.py for tasks to queue
[2022-06-08 11:28:14,629] {logging_mixin.py:115} INFO - [2022-06-08 11:28:14,629] {dagbag.py:507} INFO - Filling up the DagBag from /home/james/airflowa/lib/python3.8/site-packages/airflow/example_dags/example_time_delta_sensor_async.py
[2022-06-08 11:28:14,638] {processor.py:651} INFO - DAG(s) dict_keys(['example_time_delta_sensor_async']) retrieved from /home/james/airflowa/lib/python3.8/site-packages/airflow/example_dags/example_time_delta_sensor_async.py
[2022-06-08 11:28:14,684] {logging_mixin.py:115} INFO - [2022-06-08 11:28:14,683] {dag.py:2379} INFO - Sync 1 DAGs
[2022-06-08 11:28:14,706] {logging_mixin.py:115} INFO - [2022-06-08 11:28:14,706] {dag.py:2927} INFO - Setting next_dagrun for example_time_delta_sensor_async to None, run_after=None
[2022-06-08 11:28:14,726] {processor.py:161} INFO - Processing /home/james/airflowa/lib/python3.8/site-packages/airflow/example_dags/example_time_delta_sensor_async.py took 0.114 seconds
[2022-06-08 11:28:53,029] {processor.py:153} INFO - Started process (PID=77018) to work on /home/james/airflowa/lib/python3.8/site-packages/airflow/example_dags/example_time_delta_sensor_async.py
[2022-06-08 11:28:53,030] {processor.py:641} INFO - Processing file /home/james/airflowa/lib/python3.8/site-packages/airflow/example_dags/example_time_delta_sensor_async.py for tasks to queue
[2022-06-08 11:28:53,030] {logging_mixin.py:115} INFO - [2022-06-08 11:28:53,030] {dagbag.py:507} INFO - Filling up the DagBag from /home/james/airflowa/lib/python3.8/site-packages/airflow/example_dags/example_time_delta_sensor_async.py
[2022-06-08 11:28:53,036] {processor.py:651} INFO - DAG(s) dict_keys(['example_time_delta_sensor_async']) retrieved from /home/james/airflowa/lib/python3.8/site-packages/airflow/example_dags/example_time_delta_sensor_async.py
[2022-06-08 11:28:53,059] {logging_mixin.py:115} INFO - [2022-06-08 11:28:53,059] {dag.py:2379} INFO - Sync 1 DAGs
[2022-06-08 11:28:53,075] {logging_mixin.py:115} INFO - [2022-06-08 11:28:53,075] {dag.py:2927} INFO - Setting next_dagrun for example_time_delta_sensor_async to None, run_after=None
[2022-06-08 11:28:53,088] {processor.py:161} INFO - Processing /home/james/airflowa/lib/python3.8/site-packages/airflow/example_dags/example_time_delta_sensor_async.py took 0.063 seconds
[2022-06-08 11:29:31,783] {processor.py:153} INFO - Started process (PID=77477) to work on /home/james/airflowa/lib/python3.8/site-packages/airflow/example_dags/example_time_delta_sensor_async.py
[2022-06-08 11:29:31,784] {processor.py:641} INFO - Processing file /home/james/airflowa/lib/python3.8/site-packages/airflow/example_dags/example_time_delta_sensor_async.py for tasks to queue
[2022-06-08 11:29:31,784] {logging_mixin.py:115} INFO - [2022-06-08 11:29:31,784] {dagbag.py:507} INFO - Filling up the DagBag from /home/james/airflowa/lib/python3.8/site-packages/airflow/example_dags/example_time_delta_sensor_async.py
[2022-06-08 11:29:31,789] {processor.py:651} INFO - DAG(s) dict_keys(['example_time_delta_sensor_async']) retrieved from /home/james/airflowa/lib/python3.8/site-packages/airflow/example_dags/example_time_delta_sensor_async.py
[2022-06-08 11:29:31,808] {logging_mixin.py:115} INFO - [2022-06-08 11:29:31,808] {dag.py:2379} INFO - Sync 1 DAGs
[2022-06-08 11:29:31,825] {logging_mixin.py:115} INFO - [2022-06-08 11:29:31,824] {dag.py:2927} INFO - Setting next_dagrun for example_time_delta_sensor_async to None, run_after=None
[2022-06-08 11:29:31,837] {processor.py:161} INFO - Processing /home/james/airflowa/lib/python3.8/site-packages/airflow/example_dags/example_time_delta_sensor_async.py took 0.056 seconds
[2022-06-08 11:31:14,858] {processor.py:153} INFO - Started process (PID=78391) to work on /home/james/airflowa/lib/python3.8/site-packages/airflow/example_dags/example_time_delta_sensor_async.py
[2022-06-08 11:31:14,859] {processor.py:641} INFO - Processing file /home/james/airflowa/lib/python3.8/site-packages/airflow/example_dags/example_time_delta_sensor_async.py for tasks to queue
[2022-06-08 11:31:14,859] {logging_mixin.py:115} INFO - [2022-06-08 11:31:14,859] {dagbag.py:507} INFO - Filling up the DagBag from /home/james/airflowa/lib/python3.8/site-packages/airflow/example_dags/example_time_delta_sensor_async.py
[2022-06-08 11:31:14,865] {processor.py:651} INFO - DAG(s) dict_keys(['example_time_delta_sensor_async']) retrieved from /home/james/airflowa/lib/python3.8/site-packages/airflow/example_dags/example_time_delta_sensor_async.py
[2022-06-08 11:31:14,884] {logging_mixin.py:115} INFO - [2022-06-08 11:31:14,884] {dag.py:2379} INFO - Sync 1 DAGs
[2022-06-08 11:31:14,901] {logging_mixin.py:115} INFO - [2022-06-08 11:31:14,901] {dag.py:2927} INFO - Setting next_dagrun for example_time_delta_sensor_async to None, run_after=None
[2022-06-08 11:31:14,913] {processor.py:161} INFO - Processing /home/james/airflowa/lib/python3.8/site-packages/airflow/example_dags/example_time_delta_sensor_async.py took 0.059 seconds
[2022-06-08 11:32:01,165] {processor.py:153} INFO - Started process (PID=78740) to work on /home/james/airflowa/lib/python3.8/site-packages/airflow/example_dags/example_time_delta_sensor_async.py
[2022-06-08 11:32:01,166] {processor.py:641} INFO - Processing file /home/james/airflowa/lib/python3.8/site-packages/airflow/example_dags/example_time_delta_sensor_async.py for tasks to queue
[2022-06-08 11:32:01,167] {logging_mixin.py:115} INFO - [2022-06-08 11:32:01,167] {dagbag.py:507} INFO - Filling up the DagBag from /home/james/airflowa/lib/python3.8/site-packages/airflow/example_dags/example_time_delta_sensor_async.py
[2022-06-08 11:32:01,177] {processor.py:651} INFO - DAG(s) dict_keys(['example_time_delta_sensor_async']) retrieved from /home/james/airflowa/lib/python3.8/site-packages/airflow/example_dags/example_time_delta_sensor_async.py
[2022-06-08 11:32:01,222] {logging_mixin.py:115} INFO - [2022-06-08 11:32:01,222] {dag.py:2379} INFO - Sync 1 DAGs
[2022-06-08 11:32:01,247] {logging_mixin.py:115} INFO - [2022-06-08 11:32:01,247] {dag.py:2927} INFO - Setting next_dagrun for example_time_delta_sensor_async to None, run_after=None
[2022-06-08 11:32:01,267] {processor.py:161} INFO - Processing /home/james/airflowa/lib/python3.8/site-packages/airflow/example_dags/example_time_delta_sensor_async.py took 0.105 seconds
[2022-06-08 11:32:45,939] {processor.py:153} INFO - Started process (PID=78990) to work on /home/james/airflowa/lib/python3.8/site-packages/airflow/example_dags/example_time_delta_sensor_async.py
[2022-06-08 11:32:45,940] {processor.py:641} INFO - Processing file /home/james/airflowa/lib/python3.8/site-packages/airflow/example_dags/example_time_delta_sensor_async.py for tasks to queue
[2022-06-08 11:32:45,941] {logging_mixin.py:115} INFO - [2022-06-08 11:32:45,941] {dagbag.py:507} INFO - Filling up the DagBag from /home/james/airflowa/lib/python3.8/site-packages/airflow/example_dags/example_time_delta_sensor_async.py
[2022-06-08 11:32:45,951] {processor.py:651} INFO - DAG(s) dict_keys(['example_time_delta_sensor_async']) retrieved from /home/james/airflowa/lib/python3.8/site-packages/airflow/example_dags/example_time_delta_sensor_async.py
[2022-06-08 11:32:46,088] {logging_mixin.py:115} INFO - [2022-06-08 11:32:46,087] {dag.py:2379} INFO - Sync 1 DAGs
[2022-06-08 11:32:46,122] {logging_mixin.py:115} INFO - [2022-06-08 11:32:46,122] {dag.py:2927} INFO - Setting next_dagrun for example_time_delta_sensor_async to None, run_after=None
[2022-06-08 11:32:46,146] {processor.py:161} INFO - Processing /home/james/airflowa/lib/python3.8/site-packages/airflow/example_dags/example_time_delta_sensor_async.py took 0.212 seconds
[2022-06-08 11:33:34,016] {processor.py:153} INFO - Started process (PID=79306) to work on /home/james/airflowa/lib/python3.8/site-packages/airflow/example_dags/example_time_delta_sensor_async.py
[2022-06-08 11:33:34,017] {processor.py:641} INFO - Processing file /home/james/airflowa/lib/python3.8/site-packages/airflow/example_dags/example_time_delta_sensor_async.py for tasks to queue
[2022-06-08 11:33:34,018] {logging_mixin.py:115} INFO - [2022-06-08 11:33:34,017] {dagbag.py:507} INFO - Filling up the DagBag from /home/james/airflowa/lib/python3.8/site-packages/airflow/example_dags/example_time_delta_sensor_async.py
[2022-06-08 11:33:34,032] {processor.py:651} INFO - DAG(s) dict_keys(['example_time_delta_sensor_async']) retrieved from /home/james/airflowa/lib/python3.8/site-packages/airflow/example_dags/example_time_delta_sensor_async.py
[2022-06-08 11:33:34,082] {logging_mixin.py:115} INFO - [2022-06-08 11:33:34,082] {dag.py:2379} INFO - Sync 1 DAGs
[2022-06-08 11:33:34,107] {logging_mixin.py:115} INFO - [2022-06-08 11:33:34,107] {dag.py:2927} INFO - Setting next_dagrun for example_time_delta_sensor_async to None, run_after=None
[2022-06-08 11:33:34,123] {processor.py:161} INFO - Processing /home/james/airflowa/lib/python3.8/site-packages/airflow/example_dags/example_time_delta_sensor_async.py took 0.111 seconds
[2022-06-08 11:34:24,708] {processor.py:153} INFO - Started process (PID=79746) to work on /home/james/airflowa/lib/python3.8/site-packages/airflow/example_dags/example_time_delta_sensor_async.py
[2022-06-08 11:34:24,709] {processor.py:641} INFO - Processing file /home/james/airflowa/lib/python3.8/site-packages/airflow/example_dags/example_time_delta_sensor_async.py for tasks to queue
[2022-06-08 11:34:24,710] {logging_mixin.py:115} INFO - [2022-06-08 11:34:24,710] {dagbag.py:507} INFO - Filling up the DagBag from /home/james/airflowa/lib/python3.8/site-packages/airflow/example_dags/example_time_delta_sensor_async.py
[2022-06-08 11:34:24,719] {processor.py:651} INFO - DAG(s) dict_keys(['example_time_delta_sensor_async']) retrieved from /home/james/airflowa/lib/python3.8/site-packages/airflow/example_dags/example_time_delta_sensor_async.py
[2022-06-08 11:34:24,810] {logging_mixin.py:115} INFO - [2022-06-08 11:34:24,810] {dag.py:2379} INFO - Sync 1 DAGs
[2022-06-08 11:34:24,836] {logging_mixin.py:115} INFO - [2022-06-08 11:34:24,835] {dag.py:2927} INFO - Setting next_dagrun for example_time_delta_sensor_async to None, run_after=None
[2022-06-08 11:34:24,853] {processor.py:161} INFO - Processing /home/james/airflowa/lib/python3.8/site-packages/airflow/example_dags/example_time_delta_sensor_async.py took 0.148 seconds
[2022-06-08 11:35:13,649] {processor.py:153} INFO - Started process (PID=80209) to work on /home/james/airflowa/lib/python3.8/site-packages/airflow/example_dags/example_time_delta_sensor_async.py
[2022-06-08 11:35:13,651] {processor.py:641} INFO - Processing file /home/james/airflowa/lib/python3.8/site-packages/airflow/example_dags/example_time_delta_sensor_async.py for tasks to queue
[2022-06-08 11:35:13,652] {logging_mixin.py:115} INFO - [2022-06-08 11:35:13,651] {dagbag.py:507} INFO - Filling up the DagBag from /home/james/airflowa/lib/python3.8/site-packages/airflow/example_dags/example_time_delta_sensor_async.py
[2022-06-08 11:35:13,658] {processor.py:651} INFO - DAG(s) dict_keys(['example_time_delta_sensor_async']) retrieved from /home/james/airflowa/lib/python3.8/site-packages/airflow/example_dags/example_time_delta_sensor_async.py
[2022-06-08 11:35:13,678] {logging_mixin.py:115} INFO - [2022-06-08 11:35:13,678] {dag.py:2379} INFO - Sync 1 DAGs
[2022-06-08 11:35:13,695] {logging_mixin.py:115} INFO - [2022-06-08 11:35:13,695] {dag.py:2927} INFO - Setting next_dagrun for example_time_delta_sensor_async to None, run_after=None
[2022-06-08 11:35:13,708] {processor.py:161} INFO - Processing /home/james/airflowa/lib/python3.8/site-packages/airflow/example_dags/example_time_delta_sensor_async.py took 0.063 seconds
[2022-06-08 12:20:44,665] {processor.py:153} INFO - Started process (PID=104277) to work on /home/james/airflowa/lib/python3.8/site-packages/airflow/example_dags/example_time_delta_sensor_async.py
[2022-06-08 12:20:44,680] {processor.py:641} INFO - Processing file /home/james/airflowa/lib/python3.8/site-packages/airflow/example_dags/example_time_delta_sensor_async.py for tasks to queue
[2022-06-08 12:20:44,681] {logging_mixin.py:115} INFO - [2022-06-08 12:20:44,681] {dagbag.py:507} INFO - Filling up the DagBag from /home/james/airflowa/lib/python3.8/site-packages/airflow/example_dags/example_time_delta_sensor_async.py
[2022-06-08 12:20:44,777] {processor.py:651} INFO - DAG(s) dict_keys(['example_time_delta_sensor_async']) retrieved from /home/james/airflowa/lib/python3.8/site-packages/airflow/example_dags/example_time_delta_sensor_async.py
[2022-06-08 12:20:45,686] {logging_mixin.py:115} INFO - [2022-06-08 12:20:45,686] {dag.py:2379} INFO - Sync 1 DAGs
[2022-06-08 12:20:45,761] {logging_mixin.py:115} INFO - [2022-06-08 12:20:45,761] {dag.py:2927} INFO - Setting next_dagrun for example_time_delta_sensor_async to None, run_after=None
[2022-06-08 12:20:46,013] {processor.py:161} INFO - Processing /home/james/airflowa/lib/python3.8/site-packages/airflow/example_dags/example_time_delta_sensor_async.py took 1.358 seconds
[2022-06-08 12:22:22,219] {processor.py:153} INFO - Started process (PID=104903) to work on /home/james/airflowa/lib/python3.8/site-packages/airflow/example_dags/example_time_delta_sensor_async.py
[2022-06-08 12:22:22,220] {processor.py:641} INFO - Processing file /home/james/airflowa/lib/python3.8/site-packages/airflow/example_dags/example_time_delta_sensor_async.py for tasks to queue
[2022-06-08 12:22:22,221] {logging_mixin.py:115} INFO - [2022-06-08 12:22:22,221] {dagbag.py:507} INFO - Filling up the DagBag from /home/james/airflowa/lib/python3.8/site-packages/airflow/example_dags/example_time_delta_sensor_async.py
[2022-06-08 12:22:22,230] {processor.py:651} INFO - DAG(s) dict_keys(['example_time_delta_sensor_async']) retrieved from /home/james/airflowa/lib/python3.8/site-packages/airflow/example_dags/example_time_delta_sensor_async.py
[2022-06-08 12:22:22,313] {logging_mixin.py:115} INFO - [2022-06-08 12:22:22,312] {dag.py:2379} INFO - Sync 1 DAGs
[2022-06-08 12:22:22,336] {logging_mixin.py:115} INFO - [2022-06-08 12:22:22,336] {dag.py:2927} INFO - Setting next_dagrun for example_time_delta_sensor_async to None, run_after=None
[2022-06-08 12:22:22,361] {processor.py:161} INFO - Processing /home/james/airflowa/lib/python3.8/site-packages/airflow/example_dags/example_time_delta_sensor_async.py took 0.146 seconds
[2022-06-08 12:23:07,319] {processor.py:153} INFO - Started process (PID=105247) to work on /home/james/airflowa/lib/python3.8/site-packages/airflow/example_dags/example_time_delta_sensor_async.py
[2022-06-08 12:23:07,321] {processor.py:641} INFO - Processing file /home/james/airflowa/lib/python3.8/site-packages/airflow/example_dags/example_time_delta_sensor_async.py for tasks to queue
[2022-06-08 12:23:07,322] {logging_mixin.py:115} INFO - [2022-06-08 12:23:07,321] {dagbag.py:507} INFO - Filling up the DagBag from /home/james/airflowa/lib/python3.8/site-packages/airflow/example_dags/example_time_delta_sensor_async.py
[2022-06-08 12:23:07,332] {processor.py:651} INFO - DAG(s) dict_keys(['example_time_delta_sensor_async']) retrieved from /home/james/airflowa/lib/python3.8/site-packages/airflow/example_dags/example_time_delta_sensor_async.py
[2022-06-08 12:23:07,412] {logging_mixin.py:115} INFO - [2022-06-08 12:23:07,412] {dag.py:2379} INFO - Sync 1 DAGs
[2022-06-08 12:23:07,451] {logging_mixin.py:115} INFO - [2022-06-08 12:23:07,451] {dag.py:2927} INFO - Setting next_dagrun for example_time_delta_sensor_async to None, run_after=None
[2022-06-08 12:23:07,473] {processor.py:161} INFO - Processing /home/james/airflowa/lib/python3.8/site-packages/airflow/example_dags/example_time_delta_sensor_async.py took 0.158 seconds
[2022-06-08 12:35:04,173] {processor.py:153} INFO - Started process (PID=111882) to work on /home/james/airflowa/lib/python3.8/site-packages/airflow/example_dags/example_time_delta_sensor_async.py
[2022-06-08 12:35:04,177] {processor.py:641} INFO - Processing file /home/james/airflowa/lib/python3.8/site-packages/airflow/example_dags/example_time_delta_sensor_async.py for tasks to queue
[2022-06-08 12:35:04,178] {logging_mixin.py:115} INFO - [2022-06-08 12:35:04,178] {dagbag.py:507} INFO - Filling up the DagBag from /home/james/airflowa/lib/python3.8/site-packages/airflow/example_dags/example_time_delta_sensor_async.py
[2022-06-08 12:35:04,221] {processor.py:651} INFO - DAG(s) dict_keys(['example_time_delta_sensor_async']) retrieved from /home/james/airflowa/lib/python3.8/site-packages/airflow/example_dags/example_time_delta_sensor_async.py
[2022-06-08 12:35:04,292] {logging_mixin.py:115} INFO - [2022-06-08 12:35:04,292] {dag.py:2379} INFO - Sync 1 DAGs
[2022-06-08 12:35:04,345] {logging_mixin.py:115} INFO - [2022-06-08 12:35:04,345] {dag.py:2927} INFO - Setting next_dagrun for example_time_delta_sensor_async to None, run_after=None
[2022-06-08 12:35:04,377] {processor.py:161} INFO - Processing /home/james/airflowa/lib/python3.8/site-packages/airflow/example_dags/example_time_delta_sensor_async.py took 0.217 seconds
[2022-06-08 12:38:44,197] {processor.py:153} INFO - Started process (PID=115259) to work on /home/james/airflowa/lib/python3.8/site-packages/airflow/example_dags/example_time_delta_sensor_async.py
[2022-06-08 12:38:44,200] {processor.py:641} INFO - Processing file /home/james/airflowa/lib/python3.8/site-packages/airflow/example_dags/example_time_delta_sensor_async.py for tasks to queue
[2022-06-08 12:38:44,203] {logging_mixin.py:115} INFO - [2022-06-08 12:38:44,203] {dagbag.py:507} INFO - Filling up the DagBag from /home/james/airflowa/lib/python3.8/site-packages/airflow/example_dags/example_time_delta_sensor_async.py
[2022-06-08 12:38:44,264] {processor.py:651} INFO - DAG(s) dict_keys(['example_time_delta_sensor_async']) retrieved from /home/james/airflowa/lib/python3.8/site-packages/airflow/example_dags/example_time_delta_sensor_async.py
[2022-06-08 12:38:44,342] {logging_mixin.py:115} INFO - [2022-06-08 12:38:44,341] {dag.py:2379} INFO - Sync 1 DAGs
[2022-06-08 12:38:44,481] {logging_mixin.py:115} INFO - [2022-06-08 12:38:44,479] {dag.py:2927} INFO - Setting next_dagrun for example_time_delta_sensor_async to None, run_after=None
[2022-06-08 12:38:44,589] {processor.py:161} INFO - Processing /home/james/airflowa/lib/python3.8/site-packages/airflow/example_dags/example_time_delta_sensor_async.py took 0.402 seconds
[2022-06-08 12:39:33,915] {processor.py:153} INFO - Started process (PID=115725) to work on /home/james/airflowa/lib/python3.8/site-packages/airflow/example_dags/example_time_delta_sensor_async.py
[2022-06-08 12:39:33,916] {processor.py:641} INFO - Processing file /home/james/airflowa/lib/python3.8/site-packages/airflow/example_dags/example_time_delta_sensor_async.py for tasks to queue
[2022-06-08 12:39:33,918] {logging_mixin.py:115} INFO - [2022-06-08 12:39:33,918] {dagbag.py:507} INFO - Filling up the DagBag from /home/james/airflowa/lib/python3.8/site-packages/airflow/example_dags/example_time_delta_sensor_async.py
[2022-06-08 12:39:33,943] {processor.py:651} INFO - DAG(s) dict_keys(['example_time_delta_sensor_async']) retrieved from /home/james/airflowa/lib/python3.8/site-packages/airflow/example_dags/example_time_delta_sensor_async.py
[2022-06-08 12:39:33,979] {logging_mixin.py:115} INFO - [2022-06-08 12:39:33,979] {dag.py:2379} INFO - Sync 1 DAGs
[2022-06-08 12:39:34,025] {logging_mixin.py:115} INFO - [2022-06-08 12:39:34,025] {dag.py:2927} INFO - Setting next_dagrun for example_time_delta_sensor_async to None, run_after=None
[2022-06-08 12:39:34,053] {processor.py:161} INFO - Processing /home/james/airflowa/lib/python3.8/site-packages/airflow/example_dags/example_time_delta_sensor_async.py took 0.145 seconds
[2022-06-08 12:40:26,955] {processor.py:153} INFO - Started process (PID=116455) to work on /home/james/airflowa/lib/python3.8/site-packages/airflow/example_dags/example_time_delta_sensor_async.py
[2022-06-08 12:40:26,956] {processor.py:641} INFO - Processing file /home/james/airflowa/lib/python3.8/site-packages/airflow/example_dags/example_time_delta_sensor_async.py for tasks to queue
[2022-06-08 12:40:26,956] {logging_mixin.py:115} INFO - [2022-06-08 12:40:26,956] {dagbag.py:507} INFO - Filling up the DagBag from /home/james/airflowa/lib/python3.8/site-packages/airflow/example_dags/example_time_delta_sensor_async.py
[2022-06-08 12:40:26,961] {processor.py:651} INFO - DAG(s) dict_keys(['example_time_delta_sensor_async']) retrieved from /home/james/airflowa/lib/python3.8/site-packages/airflow/example_dags/example_time_delta_sensor_async.py
[2022-06-08 12:40:26,974] {logging_mixin.py:115} INFO - [2022-06-08 12:40:26,974] {dag.py:2379} INFO - Sync 1 DAGs
[2022-06-08 12:40:26,990] {logging_mixin.py:115} INFO - [2022-06-08 12:40:26,990] {dag.py:2927} INFO - Setting next_dagrun for example_time_delta_sensor_async to None, run_after=None
[2022-06-08 12:40:27,002] {processor.py:161} INFO - Processing /home/james/airflowa/lib/python3.8/site-packages/airflow/example_dags/example_time_delta_sensor_async.py took 0.050 seconds
[2022-06-08 12:42:24,650] {processor.py:153} INFO - Started process (PID=117068) to work on /home/james/airflowa/lib/python3.8/site-packages/airflow/example_dags/example_time_delta_sensor_async.py
[2022-06-08 12:42:24,651] {processor.py:641} INFO - Processing file /home/james/airflowa/lib/python3.8/site-packages/airflow/example_dags/example_time_delta_sensor_async.py for tasks to queue
[2022-06-08 12:42:24,652] {logging_mixin.py:115} INFO - [2022-06-08 12:42:24,652] {dagbag.py:507} INFO - Filling up the DagBag from /home/james/airflowa/lib/python3.8/site-packages/airflow/example_dags/example_time_delta_sensor_async.py
[2022-06-08 12:42:24,660] {processor.py:651} INFO - DAG(s) dict_keys(['example_time_delta_sensor_async']) retrieved from /home/james/airflowa/lib/python3.8/site-packages/airflow/example_dags/example_time_delta_sensor_async.py
[2022-06-08 12:42:24,686] {logging_mixin.py:115} INFO - [2022-06-08 12:42:24,685] {dag.py:2379} INFO - Sync 1 DAGs
[2022-06-08 12:42:24,725] {logging_mixin.py:115} INFO - [2022-06-08 12:42:24,725] {dag.py:2927} INFO - Setting next_dagrun for example_time_delta_sensor_async to None, run_after=None
[2022-06-08 12:42:24,748] {processor.py:161} INFO - Processing /home/james/airflowa/lib/python3.8/site-packages/airflow/example_dags/example_time_delta_sensor_async.py took 0.103 seconds
[2022-06-08 12:44:54,698] {processor.py:153} INFO - Started process (PID=118054) to work on /home/james/airflowa/lib/python3.8/site-packages/airflow/example_dags/example_time_delta_sensor_async.py
[2022-06-08 12:44:54,699] {processor.py:641} INFO - Processing file /home/james/airflowa/lib/python3.8/site-packages/airflow/example_dags/example_time_delta_sensor_async.py for tasks to queue
[2022-06-08 12:44:54,699] {logging_mixin.py:115} INFO - [2022-06-08 12:44:54,699] {dagbag.py:507} INFO - Filling up the DagBag from /home/james/airflowa/lib/python3.8/site-packages/airflow/example_dags/example_time_delta_sensor_async.py
[2022-06-08 12:44:54,706] {processor.py:651} INFO - DAG(s) dict_keys(['example_time_delta_sensor_async']) retrieved from /home/james/airflowa/lib/python3.8/site-packages/airflow/example_dags/example_time_delta_sensor_async.py
[2022-06-08 12:44:54,732] {logging_mixin.py:115} INFO - [2022-06-08 12:44:54,732] {dag.py:2379} INFO - Sync 1 DAGs
[2022-06-08 12:44:54,751] {logging_mixin.py:115} INFO - [2022-06-08 12:44:54,751] {dag.py:2927} INFO - Setting next_dagrun for example_time_delta_sensor_async to None, run_after=None
[2022-06-08 12:44:54,766] {processor.py:161} INFO - Processing /home/james/airflowa/lib/python3.8/site-packages/airflow/example_dags/example_time_delta_sensor_async.py took 0.071 seconds
[2022-06-08 12:45:39,678] {processor.py:153} INFO - Started process (PID=118285) to work on /home/james/airflowa/lib/python3.8/site-packages/airflow/example_dags/example_time_delta_sensor_async.py
[2022-06-08 12:45:39,679] {processor.py:641} INFO - Processing file /home/james/airflowa/lib/python3.8/site-packages/airflow/example_dags/example_time_delta_sensor_async.py for tasks to queue
[2022-06-08 12:45:39,679] {logging_mixin.py:115} INFO - [2022-06-08 12:45:39,679] {dagbag.py:507} INFO - Filling up the DagBag from /home/james/airflowa/lib/python3.8/site-packages/airflow/example_dags/example_time_delta_sensor_async.py
[2022-06-08 12:45:39,685] {processor.py:651} INFO - DAG(s) dict_keys(['example_time_delta_sensor_async']) retrieved from /home/james/airflowa/lib/python3.8/site-packages/airflow/example_dags/example_time_delta_sensor_async.py
[2022-06-08 12:45:39,701] {logging_mixin.py:115} INFO - [2022-06-08 12:45:39,701] {dag.py:2379} INFO - Sync 1 DAGs
[2022-06-08 12:45:39,712] {logging_mixin.py:115} INFO - [2022-06-08 12:45:39,712] {dag.py:2927} INFO - Setting next_dagrun for example_time_delta_sensor_async to None, run_after=None
[2022-06-08 12:45:39,722] {processor.py:161} INFO - Processing /home/james/airflowa/lib/python3.8/site-packages/airflow/example_dags/example_time_delta_sensor_async.py took 0.048 seconds
[2022-06-08 12:47:00,052] {processor.py:153} INFO - Started process (PID=119166) to work on /home/james/airflowa/lib/python3.8/site-packages/airflow/example_dags/example_time_delta_sensor_async.py
[2022-06-08 12:47:00,454] {processor.py:641} INFO - Processing file /home/james/airflowa/lib/python3.8/site-packages/airflow/example_dags/example_time_delta_sensor_async.py for tasks to queue
[2022-06-08 12:47:00,458] {logging_mixin.py:115} INFO - [2022-06-08 12:47:00,457] {dagbag.py:507} INFO - Filling up the DagBag from /home/james/airflowa/lib/python3.8/site-packages/airflow/example_dags/example_time_delta_sensor_async.py
[2022-06-08 12:47:01,885] {processor.py:651} INFO - DAG(s) dict_keys(['example_time_delta_sensor_async']) retrieved from /home/james/airflowa/lib/python3.8/site-packages/airflow/example_dags/example_time_delta_sensor_async.py
[2022-06-08 12:47:02,243] {logging_mixin.py:115} INFO - [2022-06-08 12:47:02,243] {dag.py:2379} INFO - Sync 1 DAGs
[2022-06-08 12:47:02,414] {logging_mixin.py:115} INFO - [2022-06-08 12:47:02,414] {dag.py:2927} INFO - Setting next_dagrun for example_time_delta_sensor_async to None, run_after=None
[2022-06-08 12:47:02,508] {processor.py:161} INFO - Processing /home/james/airflowa/lib/python3.8/site-packages/airflow/example_dags/example_time_delta_sensor_async.py took 2.451 seconds
[2022-06-08 12:48:21,828] {processor.py:153} INFO - Started process (PID=119623) to work on /home/james/airflowa/lib/python3.8/site-packages/airflow/example_dags/example_time_delta_sensor_async.py
[2022-06-08 12:48:21,829] {processor.py:641} INFO - Processing file /home/james/airflowa/lib/python3.8/site-packages/airflow/example_dags/example_time_delta_sensor_async.py for tasks to queue
[2022-06-08 12:48:21,830] {logging_mixin.py:115} INFO - [2022-06-08 12:48:21,830] {dagbag.py:507} INFO - Filling up the DagBag from /home/james/airflowa/lib/python3.8/site-packages/airflow/example_dags/example_time_delta_sensor_async.py
[2022-06-08 12:48:21,839] {processor.py:651} INFO - DAG(s) dict_keys(['example_time_delta_sensor_async']) retrieved from /home/james/airflowa/lib/python3.8/site-packages/airflow/example_dags/example_time_delta_sensor_async.py
[2022-06-08 12:48:21,874] {logging_mixin.py:115} INFO - [2022-06-08 12:48:21,874] {dag.py:2379} INFO - Sync 1 DAGs
[2022-06-08 12:48:21,896] {logging_mixin.py:115} INFO - [2022-06-08 12:48:21,895] {dag.py:2927} INFO - Setting next_dagrun for example_time_delta_sensor_async to None, run_after=None
[2022-06-08 12:48:21,914] {processor.py:161} INFO - Processing /home/james/airflowa/lib/python3.8/site-packages/airflow/example_dags/example_time_delta_sensor_async.py took 0.091 seconds
[2022-06-08 12:49:12,331] {processor.py:153} INFO - Started process (PID=120129) to work on /home/james/airflowa/lib/python3.8/site-packages/airflow/example_dags/example_time_delta_sensor_async.py
[2022-06-08 12:49:12,332] {processor.py:641} INFO - Processing file /home/james/airflowa/lib/python3.8/site-packages/airflow/example_dags/example_time_delta_sensor_async.py for tasks to queue
[2022-06-08 12:49:12,333] {logging_mixin.py:115} INFO - [2022-06-08 12:49:12,333] {dagbag.py:507} INFO - Filling up the DagBag from /home/james/airflowa/lib/python3.8/site-packages/airflow/example_dags/example_time_delta_sensor_async.py
[2022-06-08 12:49:12,344] {processor.py:651} INFO - DAG(s) dict_keys(['example_time_delta_sensor_async']) retrieved from /home/james/airflowa/lib/python3.8/site-packages/airflow/example_dags/example_time_delta_sensor_async.py
[2022-06-08 12:49:12,392] {logging_mixin.py:115} INFO - [2022-06-08 12:49:12,392] {dag.py:2379} INFO - Sync 1 DAGs
[2022-06-08 12:49:12,423] {logging_mixin.py:115} INFO - [2022-06-08 12:49:12,423] {dag.py:2927} INFO - Setting next_dagrun for example_time_delta_sensor_async to None, run_after=None
[2022-06-08 12:49:12,447] {processor.py:161} INFO - Processing /home/james/airflowa/lib/python3.8/site-packages/airflow/example_dags/example_time_delta_sensor_async.py took 0.121 seconds
[2022-06-08 12:52:06,605] {processor.py:153} INFO - Started process (PID=121364) to work on /home/james/airflowa/lib/python3.8/site-packages/airflow/example_dags/example_time_delta_sensor_async.py
[2022-06-08 12:52:06,606] {processor.py:641} INFO - Processing file /home/james/airflowa/lib/python3.8/site-packages/airflow/example_dags/example_time_delta_sensor_async.py for tasks to queue
[2022-06-08 12:52:06,607] {logging_mixin.py:115} INFO - [2022-06-08 12:52:06,607] {dagbag.py:507} INFO - Filling up the DagBag from /home/james/airflowa/lib/python3.8/site-packages/airflow/example_dags/example_time_delta_sensor_async.py
[2022-06-08 12:52:06,618] {processor.py:651} INFO - DAG(s) dict_keys(['example_time_delta_sensor_async']) retrieved from /home/james/airflowa/lib/python3.8/site-packages/airflow/example_dags/example_time_delta_sensor_async.py
[2022-06-08 12:52:06,671] {logging_mixin.py:115} INFO - [2022-06-08 12:52:06,671] {dag.py:2379} INFO - Sync 1 DAGs
[2022-06-08 12:52:06,719] {logging_mixin.py:115} INFO - [2022-06-08 12:52:06,719] {dag.py:2927} INFO - Setting next_dagrun for example_time_delta_sensor_async to None, run_after=None
[2022-06-08 12:52:06,753] {processor.py:161} INFO - Processing /home/james/airflowa/lib/python3.8/site-packages/airflow/example_dags/example_time_delta_sensor_async.py took 0.154 seconds
[2022-06-08 12:53:09,606] {processor.py:153} INFO - Started process (PID=121729) to work on /home/james/airflowa/lib/python3.8/site-packages/airflow/example_dags/example_time_delta_sensor_async.py
[2022-06-08 12:53:09,607] {processor.py:641} INFO - Processing file /home/james/airflowa/lib/python3.8/site-packages/airflow/example_dags/example_time_delta_sensor_async.py for tasks to queue
[2022-06-08 12:53:09,608] {logging_mixin.py:115} INFO - [2022-06-08 12:53:09,608] {dagbag.py:507} INFO - Filling up the DagBag from /home/james/airflowa/lib/python3.8/site-packages/airflow/example_dags/example_time_delta_sensor_async.py
[2022-06-08 12:53:09,620] {processor.py:651} INFO - DAG(s) dict_keys(['example_time_delta_sensor_async']) retrieved from /home/james/airflowa/lib/python3.8/site-packages/airflow/example_dags/example_time_delta_sensor_async.py
[2022-06-08 12:53:09,668] {logging_mixin.py:115} INFO - [2022-06-08 12:53:09,667] {dag.py:2379} INFO - Sync 1 DAGs
[2022-06-08 12:53:09,715] {logging_mixin.py:115} INFO - [2022-06-08 12:53:09,715] {dag.py:2927} INFO - Setting next_dagrun for example_time_delta_sensor_async to None, run_after=None
[2022-06-08 12:53:09,744] {processor.py:161} INFO - Processing /home/james/airflowa/lib/python3.8/site-packages/airflow/example_dags/example_time_delta_sensor_async.py took 0.144 seconds
[2022-06-08 12:53:59,649] {processor.py:153} INFO - Started process (PID=122213) to work on /home/james/airflowa/lib/python3.8/site-packages/airflow/example_dags/example_time_delta_sensor_async.py
[2022-06-08 12:53:59,651] {processor.py:641} INFO - Processing file /home/james/airflowa/lib/python3.8/site-packages/airflow/example_dags/example_time_delta_sensor_async.py for tasks to queue
[2022-06-08 12:53:59,653] {logging_mixin.py:115} INFO - [2022-06-08 12:53:59,652] {dagbag.py:507} INFO - Filling up the DagBag from /home/james/airflowa/lib/python3.8/site-packages/airflow/example_dags/example_time_delta_sensor_async.py
[2022-06-08 12:53:59,666] {processor.py:651} INFO - DAG(s) dict_keys(['example_time_delta_sensor_async']) retrieved from /home/james/airflowa/lib/python3.8/site-packages/airflow/example_dags/example_time_delta_sensor_async.py
[2022-06-08 12:53:59,770] {logging_mixin.py:115} INFO - [2022-06-08 12:53:59,770] {dag.py:2379} INFO - Sync 1 DAGs
[2022-06-08 12:53:59,813] {logging_mixin.py:115} INFO - [2022-06-08 12:53:59,812] {dag.py:2927} INFO - Setting next_dagrun for example_time_delta_sensor_async to None, run_after=None
[2022-06-08 12:53:59,848] {processor.py:161} INFO - Processing /home/james/airflowa/lib/python3.8/site-packages/airflow/example_dags/example_time_delta_sensor_async.py took 0.205 seconds
[2022-06-08 12:55:43,779] {processor.py:153} INFO - Started process (PID=122778) to work on /home/james/airflowa/lib/python3.8/site-packages/airflow/example_dags/example_time_delta_sensor_async.py
[2022-06-08 12:55:43,780] {processor.py:641} INFO - Processing file /home/james/airflowa/lib/python3.8/site-packages/airflow/example_dags/example_time_delta_sensor_async.py for tasks to queue
[2022-06-08 12:55:43,781] {logging_mixin.py:115} INFO - [2022-06-08 12:55:43,781] {dagbag.py:507} INFO - Filling up the DagBag from /home/james/airflowa/lib/python3.8/site-packages/airflow/example_dags/example_time_delta_sensor_async.py
[2022-06-08 12:55:43,791] {processor.py:651} INFO - DAG(s) dict_keys(['example_time_delta_sensor_async']) retrieved from /home/james/airflowa/lib/python3.8/site-packages/airflow/example_dags/example_time_delta_sensor_async.py
[2022-06-08 12:55:43,833] {logging_mixin.py:115} INFO - [2022-06-08 12:55:43,833] {dag.py:2379} INFO - Sync 1 DAGs
[2022-06-08 12:55:43,877] {logging_mixin.py:115} INFO - [2022-06-08 12:55:43,877] {dag.py:2927} INFO - Setting next_dagrun for example_time_delta_sensor_async to None, run_after=None
[2022-06-08 12:55:43,902] {processor.py:161} INFO - Processing /home/james/airflowa/lib/python3.8/site-packages/airflow/example_dags/example_time_delta_sensor_async.py took 0.128 seconds
[2022-06-08 12:56:48,081] {processor.py:153} INFO - Started process (PID=123088) to work on /home/james/airflowa/lib/python3.8/site-packages/airflow/example_dags/example_time_delta_sensor_async.py
[2022-06-08 12:56:48,082] {processor.py:641} INFO - Processing file /home/james/airflowa/lib/python3.8/site-packages/airflow/example_dags/example_time_delta_sensor_async.py for tasks to queue
[2022-06-08 12:56:48,082] {logging_mixin.py:115} INFO - [2022-06-08 12:56:48,082] {dagbag.py:507} INFO - Filling up the DagBag from /home/james/airflowa/lib/python3.8/site-packages/airflow/example_dags/example_time_delta_sensor_async.py
[2022-06-08 12:56:48,086] {processor.py:651} INFO - DAG(s) dict_keys(['example_time_delta_sensor_async']) retrieved from /home/james/airflowa/lib/python3.8/site-packages/airflow/example_dags/example_time_delta_sensor_async.py
[2022-06-08 12:56:48,103] {logging_mixin.py:115} INFO - [2022-06-08 12:56:48,103] {dag.py:2379} INFO - Sync 1 DAGs
[2022-06-08 12:56:48,117] {logging_mixin.py:115} INFO - [2022-06-08 12:56:48,117] {dag.py:2927} INFO - Setting next_dagrun for example_time_delta_sensor_async to None, run_after=None
[2022-06-08 12:56:48,127] {processor.py:161} INFO - Processing /home/james/airflowa/lib/python3.8/site-packages/airflow/example_dags/example_time_delta_sensor_async.py took 0.049 seconds
[2022-06-08 12:58:11,539] {processor.py:153} INFO - Started process (PID=123530) to work on /home/james/airflowa/lib/python3.8/site-packages/airflow/example_dags/example_time_delta_sensor_async.py
[2022-06-08 12:58:11,540] {processor.py:641} INFO - Processing file /home/james/airflowa/lib/python3.8/site-packages/airflow/example_dags/example_time_delta_sensor_async.py for tasks to queue
[2022-06-08 12:58:11,540] {logging_mixin.py:115} INFO - [2022-06-08 12:58:11,540] {dagbag.py:507} INFO - Filling up the DagBag from /home/james/airflowa/lib/python3.8/site-packages/airflow/example_dags/example_time_delta_sensor_async.py
[2022-06-08 12:58:11,544] {processor.py:651} INFO - DAG(s) dict_keys(['example_time_delta_sensor_async']) retrieved from /home/james/airflowa/lib/python3.8/site-packages/airflow/example_dags/example_time_delta_sensor_async.py
[2022-06-08 12:58:11,562] {logging_mixin.py:115} INFO - [2022-06-08 12:58:11,562] {dag.py:2379} INFO - Sync 1 DAGs
[2022-06-08 12:58:11,578] {logging_mixin.py:115} INFO - [2022-06-08 12:58:11,578] {dag.py:2927} INFO - Setting next_dagrun for example_time_delta_sensor_async to None, run_after=None
[2022-06-08 12:58:11,590] {processor.py:161} INFO - Processing /home/james/airflowa/lib/python3.8/site-packages/airflow/example_dags/example_time_delta_sensor_async.py took 0.054 seconds
[2022-06-08 12:58:55,385] {processor.py:153} INFO - Started process (PID=123845) to work on /home/james/airflowa/lib/python3.8/site-packages/airflow/example_dags/example_time_delta_sensor_async.py
[2022-06-08 12:58:55,386] {processor.py:641} INFO - Processing file /home/james/airflowa/lib/python3.8/site-packages/airflow/example_dags/example_time_delta_sensor_async.py for tasks to queue
[2022-06-08 12:58:55,386] {logging_mixin.py:115} INFO - [2022-06-08 12:58:55,386] {dagbag.py:507} INFO - Filling up the DagBag from /home/james/airflowa/lib/python3.8/site-packages/airflow/example_dags/example_time_delta_sensor_async.py
[2022-06-08 12:58:55,393] {processor.py:651} INFO - DAG(s) dict_keys(['example_time_delta_sensor_async']) retrieved from /home/james/airflowa/lib/python3.8/site-packages/airflow/example_dags/example_time_delta_sensor_async.py
[2022-06-08 12:58:55,450] {logging_mixin.py:115} INFO - [2022-06-08 12:58:55,449] {dag.py:2379} INFO - Sync 1 DAGs
[2022-06-08 12:58:55,464] {logging_mixin.py:115} INFO - [2022-06-08 12:58:55,464] {dag.py:2927} INFO - Setting next_dagrun for example_time_delta_sensor_async to None, run_after=None
[2022-06-08 12:58:55,475] {processor.py:161} INFO - Processing /home/james/airflowa/lib/python3.8/site-packages/airflow/example_dags/example_time_delta_sensor_async.py took 0.094 seconds
[2022-06-08 12:59:36,950] {processor.py:153} INFO - Started process (PID=124135) to work on /home/james/airflowa/lib/python3.8/site-packages/airflow/example_dags/example_time_delta_sensor_async.py
[2022-06-08 12:59:36,950] {processor.py:641} INFO - Processing file /home/james/airflowa/lib/python3.8/site-packages/airflow/example_dags/example_time_delta_sensor_async.py for tasks to queue
[2022-06-08 12:59:36,951] {logging_mixin.py:115} INFO - [2022-06-08 12:59:36,951] {dagbag.py:507} INFO - Filling up the DagBag from /home/james/airflowa/lib/python3.8/site-packages/airflow/example_dags/example_time_delta_sensor_async.py
[2022-06-08 12:59:36,955] {processor.py:651} INFO - DAG(s) dict_keys(['example_time_delta_sensor_async']) retrieved from /home/james/airflowa/lib/python3.8/site-packages/airflow/example_dags/example_time_delta_sensor_async.py
[2022-06-08 12:59:36,978] {logging_mixin.py:115} INFO - [2022-06-08 12:59:36,978] {dag.py:2379} INFO - Sync 1 DAGs
[2022-06-08 12:59:36,992] {logging_mixin.py:115} INFO - [2022-06-08 12:59:36,992] {dag.py:2927} INFO - Setting next_dagrun for example_time_delta_sensor_async to None, run_after=None
[2022-06-08 12:59:37,003] {processor.py:161} INFO - Processing /home/james/airflowa/lib/python3.8/site-packages/airflow/example_dags/example_time_delta_sensor_async.py took 0.056 seconds
[2022-06-08 13:00:18,352] {processor.py:153} INFO - Started process (PID=124845) to work on /home/james/airflowa/lib/python3.8/site-packages/airflow/example_dags/example_time_delta_sensor_async.py
[2022-06-08 13:00:18,354] {processor.py:641} INFO - Processing file /home/james/airflowa/lib/python3.8/site-packages/airflow/example_dags/example_time_delta_sensor_async.py for tasks to queue
[2022-06-08 13:00:18,354] {logging_mixin.py:115} INFO - [2022-06-08 13:00:18,354] {dagbag.py:507} INFO - Filling up the DagBag from /home/james/airflowa/lib/python3.8/site-packages/airflow/example_dags/example_time_delta_sensor_async.py
[2022-06-08 13:00:18,360] {processor.py:651} INFO - DAG(s) dict_keys(['example_time_delta_sensor_async']) retrieved from /home/james/airflowa/lib/python3.8/site-packages/airflow/example_dags/example_time_delta_sensor_async.py
[2022-06-08 13:00:18,390] {logging_mixin.py:115} INFO - [2022-06-08 13:00:18,390] {dag.py:2379} INFO - Sync 1 DAGs
[2022-06-08 13:00:18,411] {logging_mixin.py:115} INFO - [2022-06-08 13:00:18,411] {dag.py:2927} INFO - Setting next_dagrun for example_time_delta_sensor_async to None, run_after=None
[2022-06-08 13:00:18,422] {processor.py:161} INFO - Processing /home/james/airflowa/lib/python3.8/site-packages/airflow/example_dags/example_time_delta_sensor_async.py took 0.072 seconds
[2022-06-08 13:01:01,590] {processor.py:153} INFO - Started process (PID=125067) to work on /home/james/airflowa/lib/python3.8/site-packages/airflow/example_dags/example_time_delta_sensor_async.py
[2022-06-08 13:01:01,590] {processor.py:641} INFO - Processing file /home/james/airflowa/lib/python3.8/site-packages/airflow/example_dags/example_time_delta_sensor_async.py for tasks to queue
[2022-06-08 13:01:01,591] {logging_mixin.py:115} INFO - [2022-06-08 13:01:01,591] {dagbag.py:507} INFO - Filling up the DagBag from /home/james/airflowa/lib/python3.8/site-packages/airflow/example_dags/example_time_delta_sensor_async.py
[2022-06-08 13:01:01,595] {processor.py:651} INFO - DAG(s) dict_keys(['example_time_delta_sensor_async']) retrieved from /home/james/airflowa/lib/python3.8/site-packages/airflow/example_dags/example_time_delta_sensor_async.py
[2022-06-08 13:01:01,613] {logging_mixin.py:115} INFO - [2022-06-08 13:01:01,613] {dag.py:2379} INFO - Sync 1 DAGs
[2022-06-08 13:01:01,628] {logging_mixin.py:115} INFO - [2022-06-08 13:01:01,628] {dag.py:2927} INFO - Setting next_dagrun for example_time_delta_sensor_async to None, run_after=None
[2022-06-08 13:01:01,638] {processor.py:161} INFO - Processing /home/james/airflowa/lib/python3.8/site-packages/airflow/example_dags/example_time_delta_sensor_async.py took 0.050 seconds
[2022-06-08 13:01:59,700] {processor.py:153} INFO - Started process (PID=125407) to work on /home/james/airflowa/lib/python3.8/site-packages/airflow/example_dags/example_time_delta_sensor_async.py
[2022-06-08 13:01:59,702] {processor.py:641} INFO - Processing file /home/james/airflowa/lib/python3.8/site-packages/airflow/example_dags/example_time_delta_sensor_async.py for tasks to queue
[2022-06-08 13:01:59,703] {logging_mixin.py:115} INFO - [2022-06-08 13:01:59,703] {dagbag.py:507} INFO - Filling up the DagBag from /home/james/airflowa/lib/python3.8/site-packages/airflow/example_dags/example_time_delta_sensor_async.py
[2022-06-08 13:01:59,710] {processor.py:651} INFO - DAG(s) dict_keys(['example_time_delta_sensor_async']) retrieved from /home/james/airflowa/lib/python3.8/site-packages/airflow/example_dags/example_time_delta_sensor_async.py
[2022-06-08 13:01:59,751] {logging_mixin.py:115} INFO - [2022-06-08 13:01:59,750] {dag.py:2379} INFO - Sync 1 DAGs
[2022-06-08 13:01:59,776] {logging_mixin.py:115} INFO - [2022-06-08 13:01:59,776] {dag.py:2927} INFO - Setting next_dagrun for example_time_delta_sensor_async to None, run_after=None
[2022-06-08 13:01:59,793] {processor.py:161} INFO - Processing /home/james/airflowa/lib/python3.8/site-packages/airflow/example_dags/example_time_delta_sensor_async.py took 0.097 seconds
[2022-06-08 13:02:59,061] {processor.py:153} INFO - Started process (PID=125722) to work on /home/james/airflowa/lib/python3.8/site-packages/airflow/example_dags/example_time_delta_sensor_async.py
[2022-06-08 13:02:59,062] {processor.py:641} INFO - Processing file /home/james/airflowa/lib/python3.8/site-packages/airflow/example_dags/example_time_delta_sensor_async.py for tasks to queue
[2022-06-08 13:02:59,062] {logging_mixin.py:115} INFO - [2022-06-08 13:02:59,062] {dagbag.py:507} INFO - Filling up the DagBag from /home/james/airflowa/lib/python3.8/site-packages/airflow/example_dags/example_time_delta_sensor_async.py
[2022-06-08 13:02:59,068] {processor.py:651} INFO - DAG(s) dict_keys(['example_time_delta_sensor_async']) retrieved from /home/james/airflowa/lib/python3.8/site-packages/airflow/example_dags/example_time_delta_sensor_async.py
[2022-06-08 13:02:59,087] {logging_mixin.py:115} INFO - [2022-06-08 13:02:59,087] {dag.py:2379} INFO - Sync 1 DAGs
[2022-06-08 13:02:59,103] {logging_mixin.py:115} INFO - [2022-06-08 13:02:59,103] {dag.py:2927} INFO - Setting next_dagrun for example_time_delta_sensor_async to None, run_after=None
[2022-06-08 13:02:59,114] {processor.py:161} INFO - Processing /home/james/airflowa/lib/python3.8/site-packages/airflow/example_dags/example_time_delta_sensor_async.py took 0.057 seconds
[2022-06-08 13:03:57,597] {processor.py:153} INFO - Started process (PID=126181) to work on /home/james/airflowa/lib/python3.8/site-packages/airflow/example_dags/example_time_delta_sensor_async.py
[2022-06-08 13:03:57,598] {processor.py:641} INFO - Processing file /home/james/airflowa/lib/python3.8/site-packages/airflow/example_dags/example_time_delta_sensor_async.py for tasks to queue
[2022-06-08 13:03:57,598] {logging_mixin.py:115} INFO - [2022-06-08 13:03:57,598] {dagbag.py:507} INFO - Filling up the DagBag from /home/james/airflowa/lib/python3.8/site-packages/airflow/example_dags/example_time_delta_sensor_async.py
[2022-06-08 13:03:57,602] {processor.py:651} INFO - DAG(s) dict_keys(['example_time_delta_sensor_async']) retrieved from /home/james/airflowa/lib/python3.8/site-packages/airflow/example_dags/example_time_delta_sensor_async.py
[2022-06-08 13:03:57,619] {logging_mixin.py:115} INFO - [2022-06-08 13:03:57,619] {dag.py:2379} INFO - Sync 1 DAGs
[2022-06-08 13:03:57,635] {logging_mixin.py:115} INFO - [2022-06-08 13:03:57,635] {dag.py:2927} INFO - Setting next_dagrun for example_time_delta_sensor_async to None, run_after=None
[2022-06-08 13:03:57,646] {processor.py:161} INFO - Processing /home/james/airflowa/lib/python3.8/site-packages/airflow/example_dags/example_time_delta_sensor_async.py took 0.052 seconds
[2022-06-08 13:04:35,542] {processor.py:153} INFO - Started process (PID=126396) to work on /home/james/airflowa/lib/python3.8/site-packages/airflow/example_dags/example_time_delta_sensor_async.py
[2022-06-08 13:04:35,543] {processor.py:641} INFO - Processing file /home/james/airflowa/lib/python3.8/site-packages/airflow/example_dags/example_time_delta_sensor_async.py for tasks to queue
[2022-06-08 13:04:35,543] {logging_mixin.py:115} INFO - [2022-06-08 13:04:35,543] {dagbag.py:507} INFO - Filling up the DagBag from /home/james/airflowa/lib/python3.8/site-packages/airflow/example_dags/example_time_delta_sensor_async.py
[2022-06-08 13:04:35,547] {processor.py:651} INFO - DAG(s) dict_keys(['example_time_delta_sensor_async']) retrieved from /home/james/airflowa/lib/python3.8/site-packages/airflow/example_dags/example_time_delta_sensor_async.py
[2022-06-08 13:04:35,565] {logging_mixin.py:115} INFO - [2022-06-08 13:04:35,565] {dag.py:2379} INFO - Sync 1 DAGs
[2022-06-08 13:04:35,582] {logging_mixin.py:115} INFO - [2022-06-08 13:04:35,582] {dag.py:2927} INFO - Setting next_dagrun for example_time_delta_sensor_async to None, run_after=None
[2022-06-08 13:04:35,594] {processor.py:161} INFO - Processing /home/james/airflowa/lib/python3.8/site-packages/airflow/example_dags/example_time_delta_sensor_async.py took 0.055 seconds
[2022-06-08 13:05:32,181] {processor.py:153} INFO - Started process (PID=126619) to work on /home/james/airflowa/lib/python3.8/site-packages/airflow/example_dags/example_time_delta_sensor_async.py
[2022-06-08 13:05:32,182] {processor.py:641} INFO - Processing file /home/james/airflowa/lib/python3.8/site-packages/airflow/example_dags/example_time_delta_sensor_async.py for tasks to queue
[2022-06-08 13:05:32,182] {logging_mixin.py:115} INFO - [2022-06-08 13:05:32,182] {dagbag.py:507} INFO - Filling up the DagBag from /home/james/airflowa/lib/python3.8/site-packages/airflow/example_dags/example_time_delta_sensor_async.py
[2022-06-08 13:05:32,187] {processor.py:651} INFO - DAG(s) dict_keys(['example_time_delta_sensor_async']) retrieved from /home/james/airflowa/lib/python3.8/site-packages/airflow/example_dags/example_time_delta_sensor_async.py
[2022-06-08 13:05:32,220] {logging_mixin.py:115} INFO - [2022-06-08 13:05:32,219] {dag.py:2379} INFO - Sync 1 DAGs
[2022-06-08 13:05:32,235] {logging_mixin.py:115} INFO - [2022-06-08 13:05:32,235] {dag.py:2927} INFO - Setting next_dagrun for example_time_delta_sensor_async to None, run_after=None
[2022-06-08 13:05:32,246] {processor.py:161} INFO - Processing /home/james/airflowa/lib/python3.8/site-packages/airflow/example_dags/example_time_delta_sensor_async.py took 0.067 seconds
[2022-06-08 13:06:14,562] {processor.py:153} INFO - Started process (PID=126839) to work on /home/james/airflowa/lib/python3.8/site-packages/airflow/example_dags/example_time_delta_sensor_async.py
[2022-06-08 13:06:14,562] {processor.py:641} INFO - Processing file /home/james/airflowa/lib/python3.8/site-packages/airflow/example_dags/example_time_delta_sensor_async.py for tasks to queue
[2022-06-08 13:06:14,563] {logging_mixin.py:115} INFO - [2022-06-08 13:06:14,563] {dagbag.py:507} INFO - Filling up the DagBag from /home/james/airflowa/lib/python3.8/site-packages/airflow/example_dags/example_time_delta_sensor_async.py
[2022-06-08 13:06:14,567] {processor.py:651} INFO - DAG(s) dict_keys(['example_time_delta_sensor_async']) retrieved from /home/james/airflowa/lib/python3.8/site-packages/airflow/example_dags/example_time_delta_sensor_async.py
[2022-06-08 13:06:14,584] {logging_mixin.py:115} INFO - [2022-06-08 13:06:14,584] {dag.py:2379} INFO - Sync 1 DAGs
[2022-06-08 13:06:14,599] {logging_mixin.py:115} INFO - [2022-06-08 13:06:14,599] {dag.py:2927} INFO - Setting next_dagrun for example_time_delta_sensor_async to None, run_after=None
[2022-06-08 13:06:14,613] {processor.py:161} INFO - Processing /home/james/airflowa/lib/python3.8/site-packages/airflow/example_dags/example_time_delta_sensor_async.py took 0.053 seconds
[2022-06-08 13:06:58,883] {processor.py:153} INFO - Started process (PID=127033) to work on /home/james/airflowa/lib/python3.8/site-packages/airflow/example_dags/example_time_delta_sensor_async.py
[2022-06-08 13:06:58,884] {processor.py:641} INFO - Processing file /home/james/airflowa/lib/python3.8/site-packages/airflow/example_dags/example_time_delta_sensor_async.py for tasks to queue
[2022-06-08 13:06:58,884] {logging_mixin.py:115} INFO - [2022-06-08 13:06:58,884] {dagbag.py:507} INFO - Filling up the DagBag from /home/james/airflowa/lib/python3.8/site-packages/airflow/example_dags/example_time_delta_sensor_async.py
[2022-06-08 13:06:58,891] {processor.py:651} INFO - DAG(s) dict_keys(['example_time_delta_sensor_async']) retrieved from /home/james/airflowa/lib/python3.8/site-packages/airflow/example_dags/example_time_delta_sensor_async.py
[2022-06-08 13:06:58,913] {logging_mixin.py:115} INFO - [2022-06-08 13:06:58,913] {dag.py:2379} INFO - Sync 1 DAGs
[2022-06-08 13:06:58,930] {logging_mixin.py:115} INFO - [2022-06-08 13:06:58,929] {dag.py:2927} INFO - Setting next_dagrun for example_time_delta_sensor_async to None, run_after=None
[2022-06-08 13:06:58,943] {processor.py:161} INFO - Processing /home/james/airflowa/lib/python3.8/site-packages/airflow/example_dags/example_time_delta_sensor_async.py took 0.063 seconds
