[2022-06-08 09:04:06,656] {processor.py:153} INFO - Started process (PID=23776) to work on /home/james/airflowa/lib/python3.8/site-packages/airflow/example_dags/example_latest_only.py
[2022-06-08 09:04:06,657] {processor.py:641} INFO - Processing file /home/james/airflowa/lib/python3.8/site-packages/airflow/example_dags/example_latest_only.py for tasks to queue
[2022-06-08 09:04:06,658] {logging_mixin.py:115} INFO - [2022-06-08 09:04:06,658] {dagbag.py:507} INFO - Filling up the DagBag from /home/james/airflowa/lib/python3.8/site-packages/airflow/example_dags/example_latest_only.py
[2022-06-08 09:04:06,662] {processor.py:651} INFO - DAG(s) dict_keys(['latest_only']) retrieved from /home/james/airflowa/lib/python3.8/site-packages/airflow/example_dags/example_latest_only.py
[2022-06-08 09:04:06,675] {logging_mixin.py:115} INFO - [2022-06-08 09:04:06,675] {dag.py:2379} INFO - Sync 1 DAGs
[2022-06-08 09:04:06,690] {logging_mixin.py:115} INFO - [2022-06-08 09:04:06,690] {dag.py:2927} INFO - Setting next_dagrun for latest_only to 2022-06-08T02:04:06.690113+00:00, run_after=2022-06-08T06:04:06.690113+00:00
[2022-06-08 09:04:06,703] {processor.py:161} INFO - Processing /home/james/airflowa/lib/python3.8/site-packages/airflow/example_dags/example_latest_only.py took 0.049 seconds
[2022-06-08 09:04:42,812] {processor.py:153} INFO - Started process (PID=23923) to work on /home/james/airflowa/lib/python3.8/site-packages/airflow/example_dags/example_latest_only.py
[2022-06-08 09:04:42,813] {processor.py:641} INFO - Processing file /home/james/airflowa/lib/python3.8/site-packages/airflow/example_dags/example_latest_only.py for tasks to queue
[2022-06-08 09:04:42,814] {logging_mixin.py:115} INFO - [2022-06-08 09:04:42,813] {dagbag.py:507} INFO - Filling up the DagBag from /home/james/airflowa/lib/python3.8/site-packages/airflow/example_dags/example_latest_only.py
[2022-06-08 09:04:42,819] {processor.py:651} INFO - DAG(s) dict_keys(['latest_only']) retrieved from /home/james/airflowa/lib/python3.8/site-packages/airflow/example_dags/example_latest_only.py
[2022-06-08 09:04:42,833] {logging_mixin.py:115} INFO - [2022-06-08 09:04:42,833] {dag.py:2379} INFO - Sync 1 DAGs
[2022-06-08 09:04:42,852] {logging_mixin.py:115} INFO - [2022-06-08 09:04:42,852] {dag.py:2927} INFO - Setting next_dagrun for latest_only to 2022-06-08T02:04:42.852400+00:00, run_after=2022-06-08T06:04:42.852400+00:00
[2022-06-08 09:04:42,863] {processor.py:161} INFO - Processing /home/james/airflowa/lib/python3.8/site-packages/airflow/example_dags/example_latest_only.py took 0.054 seconds
[2022-06-08 09:05:24,093] {processor.py:153} INFO - Started process (PID=24105) to work on /home/james/airflowa/lib/python3.8/site-packages/airflow/example_dags/example_latest_only.py
[2022-06-08 09:05:24,093] {processor.py:641} INFO - Processing file /home/james/airflowa/lib/python3.8/site-packages/airflow/example_dags/example_latest_only.py for tasks to queue
[2022-06-08 09:05:24,094] {logging_mixin.py:115} INFO - [2022-06-08 09:05:24,094] {dagbag.py:507} INFO - Filling up the DagBag from /home/james/airflowa/lib/python3.8/site-packages/airflow/example_dags/example_latest_only.py
[2022-06-08 09:05:24,098] {processor.py:651} INFO - DAG(s) dict_keys(['latest_only']) retrieved from /home/james/airflowa/lib/python3.8/site-packages/airflow/example_dags/example_latest_only.py
[2022-06-08 09:05:24,111] {logging_mixin.py:115} INFO - [2022-06-08 09:05:24,110] {dag.py:2379} INFO - Sync 1 DAGs
[2022-06-08 09:05:24,126] {logging_mixin.py:115} INFO - [2022-06-08 09:05:24,126] {dag.py:2927} INFO - Setting next_dagrun for latest_only to 2022-06-08T02:05:24.126015+00:00, run_after=2022-06-08T06:05:24.126015+00:00
[2022-06-08 09:05:24,136] {processor.py:161} INFO - Processing /home/james/airflowa/lib/python3.8/site-packages/airflow/example_dags/example_latest_only.py took 0.046 seconds
[2022-06-08 09:06:25,020] {processor.py:153} INFO - Started process (PID=24830) to work on /home/james/airflowa/lib/python3.8/site-packages/airflow/example_dags/example_latest_only.py
[2022-06-08 09:06:25,021] {processor.py:641} INFO - Processing file /home/james/airflowa/lib/python3.8/site-packages/airflow/example_dags/example_latest_only.py for tasks to queue
[2022-06-08 09:06:25,021] {logging_mixin.py:115} INFO - [2022-06-08 09:06:25,021] {dagbag.py:507} INFO - Filling up the DagBag from /home/james/airflowa/lib/python3.8/site-packages/airflow/example_dags/example_latest_only.py
[2022-06-08 09:06:25,032] {processor.py:651} INFO - DAG(s) dict_keys(['latest_only']) retrieved from /home/james/airflowa/lib/python3.8/site-packages/airflow/example_dags/example_latest_only.py
[2022-06-08 09:06:25,060] {logging_mixin.py:115} INFO - [2022-06-08 09:06:25,060] {dag.py:2379} INFO - Sync 1 DAGs
[2022-06-08 09:06:25,089] {logging_mixin.py:115} INFO - [2022-06-08 09:06:25,088] {dag.py:2927} INFO - Setting next_dagrun for latest_only to 2022-06-08T02:06:25.088572+00:00, run_after=2022-06-08T06:06:25.088572+00:00
[2022-06-08 09:06:25,108] {processor.py:161} INFO - Processing /home/james/airflowa/lib/python3.8/site-packages/airflow/example_dags/example_latest_only.py took 0.092 seconds
[2022-06-08 09:08:04,785] {processor.py:153} INFO - Started process (PID=25416) to work on /home/james/airflowa/lib/python3.8/site-packages/airflow/example_dags/example_latest_only.py
[2022-06-08 09:08:04,786] {processor.py:641} INFO - Processing file /home/james/airflowa/lib/python3.8/site-packages/airflow/example_dags/example_latest_only.py for tasks to queue
[2022-06-08 09:08:04,786] {logging_mixin.py:115} INFO - [2022-06-08 09:08:04,786] {dagbag.py:507} INFO - Filling up the DagBag from /home/james/airflowa/lib/python3.8/site-packages/airflow/example_dags/example_latest_only.py
[2022-06-08 09:08:04,793] {processor.py:651} INFO - DAG(s) dict_keys(['latest_only']) retrieved from /home/james/airflowa/lib/python3.8/site-packages/airflow/example_dags/example_latest_only.py
[2022-06-08 09:08:04,813] {logging_mixin.py:115} INFO - [2022-06-08 09:08:04,813] {dag.py:2379} INFO - Sync 1 DAGs
[2022-06-08 09:08:04,837] {logging_mixin.py:115} INFO - [2022-06-08 09:08:04,836] {dag.py:2927} INFO - Setting next_dagrun for latest_only to 2022-06-08T02:08:04.836653+00:00, run_after=2022-06-08T06:08:04.836653+00:00
[2022-06-08 09:08:04,855] {processor.py:161} INFO - Processing /home/james/airflowa/lib/python3.8/site-packages/airflow/example_dags/example_latest_only.py took 0.074 seconds
[2022-06-08 09:09:43,285] {processor.py:153} INFO - Started process (PID=26029) to work on /home/james/airflowa/lib/python3.8/site-packages/airflow/example_dags/example_latest_only.py
[2022-06-08 09:09:43,285] {processor.py:641} INFO - Processing file /home/james/airflowa/lib/python3.8/site-packages/airflow/example_dags/example_latest_only.py for tasks to queue
[2022-06-08 09:09:43,286] {logging_mixin.py:115} INFO - [2022-06-08 09:09:43,286] {dagbag.py:507} INFO - Filling up the DagBag from /home/james/airflowa/lib/python3.8/site-packages/airflow/example_dags/example_latest_only.py
[2022-06-08 09:09:43,294] {processor.py:651} INFO - DAG(s) dict_keys(['latest_only']) retrieved from /home/james/airflowa/lib/python3.8/site-packages/airflow/example_dags/example_latest_only.py
[2022-06-08 09:09:43,315] {logging_mixin.py:115} INFO - [2022-06-08 09:09:43,315] {dag.py:2379} INFO - Sync 1 DAGs
[2022-06-08 09:09:43,348] {logging_mixin.py:115} INFO - [2022-06-08 09:09:43,348] {dag.py:2927} INFO - Setting next_dagrun for latest_only to 2022-06-08T02:09:43.347531+00:00, run_after=2022-06-08T06:09:43.347531+00:00
[2022-06-08 09:09:43,369] {processor.py:161} INFO - Processing /home/james/airflowa/lib/python3.8/site-packages/airflow/example_dags/example_latest_only.py took 0.090 seconds
[2022-06-08 09:11:48,893] {processor.py:153} INFO - Started process (PID=27318) to work on /home/james/airflowa/lib/python3.8/site-packages/airflow/example_dags/example_latest_only.py
[2022-06-08 09:11:48,894] {processor.py:641} INFO - Processing file /home/james/airflowa/lib/python3.8/site-packages/airflow/example_dags/example_latest_only.py for tasks to queue
[2022-06-08 09:11:48,896] {logging_mixin.py:115} INFO - [2022-06-08 09:11:48,895] {dagbag.py:507} INFO - Filling up the DagBag from /home/james/airflowa/lib/python3.8/site-packages/airflow/example_dags/example_latest_only.py
[2022-06-08 09:11:48,910] {processor.py:651} INFO - DAG(s) dict_keys(['latest_only']) retrieved from /home/james/airflowa/lib/python3.8/site-packages/airflow/example_dags/example_latest_only.py
[2022-06-08 09:11:49,023] {logging_mixin.py:115} INFO - [2022-06-08 09:11:49,023] {dag.py:2379} INFO - Sync 1 DAGs
[2022-06-08 09:11:49,241] {logging_mixin.py:115} INFO - [2022-06-08 09:11:49,241] {dag.py:2927} INFO - Setting next_dagrun for latest_only to 2022-06-08T02:11:49.215108+00:00, run_after=2022-06-08T06:11:49.215108+00:00
[2022-06-08 09:11:49,285] {processor.py:161} INFO - Processing /home/james/airflowa/lib/python3.8/site-packages/airflow/example_dags/example_latest_only.py took 0.398 seconds
[2022-06-08 09:15:27,829] {processor.py:153} INFO - Started process (PID=28457) to work on /home/james/airflowa/lib/python3.8/site-packages/airflow/example_dags/example_latest_only.py
[2022-06-08 09:15:27,833] {processor.py:641} INFO - Processing file /home/james/airflowa/lib/python3.8/site-packages/airflow/example_dags/example_latest_only.py for tasks to queue
[2022-06-08 09:15:27,834] {logging_mixin.py:115} INFO - [2022-06-08 09:15:27,834] {dagbag.py:507} INFO - Filling up the DagBag from /home/james/airflowa/lib/python3.8/site-packages/airflow/example_dags/example_latest_only.py
[2022-06-08 09:15:27,852] {processor.py:651} INFO - DAG(s) dict_keys(['latest_only']) retrieved from /home/james/airflowa/lib/python3.8/site-packages/airflow/example_dags/example_latest_only.py
[2022-06-08 09:15:27,897] {logging_mixin.py:115} INFO - [2022-06-08 09:15:27,897] {dag.py:2379} INFO - Sync 1 DAGs
[2022-06-08 09:15:27,948] {logging_mixin.py:115} INFO - [2022-06-08 09:15:27,948] {dag.py:2927} INFO - Setting next_dagrun for latest_only to 2022-06-08T02:15:27.947325+00:00, run_after=2022-06-08T06:15:27.947325+00:00
[2022-06-08 09:15:27,981] {processor.py:161} INFO - Processing /home/james/airflowa/lib/python3.8/site-packages/airflow/example_dags/example_latest_only.py took 0.158 seconds
[2022-06-08 09:18:57,567] {processor.py:153} INFO - Started process (PID=30842) to work on /home/james/airflowa/lib/python3.8/site-packages/airflow/example_dags/example_latest_only.py
[2022-06-08 09:18:57,568] {processor.py:641} INFO - Processing file /home/james/airflowa/lib/python3.8/site-packages/airflow/example_dags/example_latest_only.py for tasks to queue
[2022-06-08 09:18:57,569] {logging_mixin.py:115} INFO - [2022-06-08 09:18:57,569] {dagbag.py:507} INFO - Filling up the DagBag from /home/james/airflowa/lib/python3.8/site-packages/airflow/example_dags/example_latest_only.py
[2022-06-08 09:18:57,580] {processor.py:651} INFO - DAG(s) dict_keys(['latest_only']) retrieved from /home/james/airflowa/lib/python3.8/site-packages/airflow/example_dags/example_latest_only.py
[2022-06-08 09:18:57,614] {logging_mixin.py:115} INFO - [2022-06-08 09:18:57,614] {dag.py:2379} INFO - Sync 1 DAGs
[2022-06-08 09:18:57,651] {logging_mixin.py:115} INFO - [2022-06-08 09:18:57,651] {dag.py:2927} INFO - Setting next_dagrun for latest_only to 2022-06-08T02:18:57.651041+00:00, run_after=2022-06-08T06:18:57.651041+00:00
[2022-06-08 09:18:57,677] {processor.py:161} INFO - Processing /home/james/airflowa/lib/python3.8/site-packages/airflow/example_dags/example_latest_only.py took 0.115 seconds
[2022-06-08 09:23:01,145] {processor.py:153} INFO - Started process (PID=33110) to work on /home/james/airflowa/lib/python3.8/site-packages/airflow/example_dags/example_latest_only.py
[2022-06-08 09:23:01,146] {processor.py:641} INFO - Processing file /home/james/airflowa/lib/python3.8/site-packages/airflow/example_dags/example_latest_only.py for tasks to queue
[2022-06-08 09:23:01,147] {logging_mixin.py:115} INFO - [2022-06-08 09:23:01,147] {dagbag.py:507} INFO - Filling up the DagBag from /home/james/airflowa/lib/python3.8/site-packages/airflow/example_dags/example_latest_only.py
[2022-06-08 09:23:01,158] {processor.py:651} INFO - DAG(s) dict_keys(['latest_only']) retrieved from /home/james/airflowa/lib/python3.8/site-packages/airflow/example_dags/example_latest_only.py
[2022-06-08 09:23:01,197] {logging_mixin.py:115} INFO - [2022-06-08 09:23:01,196] {dag.py:2379} INFO - Sync 1 DAGs
[2022-06-08 09:23:01,244] {logging_mixin.py:115} INFO - [2022-06-08 09:23:01,244] {dag.py:2927} INFO - Setting next_dagrun for latest_only to 2022-06-08T02:23:01.244026+00:00, run_after=2022-06-08T06:23:01.244026+00:00
[2022-06-08 09:23:01,267] {processor.py:161} INFO - Processing /home/james/airflowa/lib/python3.8/site-packages/airflow/example_dags/example_latest_only.py took 0.129 seconds
[2022-06-08 09:25:11,732] {processor.py:153} INFO - Started process (PID=33884) to work on /home/james/airflowa/lib/python3.8/site-packages/airflow/example_dags/example_latest_only.py
[2022-06-08 09:25:11,750] {processor.py:641} INFO - Processing file /home/james/airflowa/lib/python3.8/site-packages/airflow/example_dags/example_latest_only.py for tasks to queue
[2022-06-08 09:25:11,752] {logging_mixin.py:115} INFO - [2022-06-08 09:25:11,751] {dagbag.py:507} INFO - Filling up the DagBag from /home/james/airflowa/lib/python3.8/site-packages/airflow/example_dags/example_latest_only.py
[2022-06-08 09:25:11,786] {processor.py:651} INFO - DAG(s) dict_keys(['latest_only']) retrieved from /home/james/airflowa/lib/python3.8/site-packages/airflow/example_dags/example_latest_only.py
[2022-06-08 09:25:11,852] {logging_mixin.py:115} INFO - [2022-06-08 09:25:11,852] {dag.py:2379} INFO - Sync 1 DAGs
[2022-06-08 09:25:11,894] {logging_mixin.py:115} INFO - [2022-06-08 09:25:11,893] {dag.py:2927} INFO - Setting next_dagrun for latest_only to 2022-06-08T02:25:11.893262+00:00, run_after=2022-06-08T06:25:11.893262+00:00
[2022-06-08 09:25:11,916] {processor.py:161} INFO - Processing /home/james/airflowa/lib/python3.8/site-packages/airflow/example_dags/example_latest_only.py took 0.198 seconds
[2022-06-08 11:27:48,852] {processor.py:153} INFO - Started process (PID=76583) to work on /home/james/airflowa/lib/python3.8/site-packages/airflow/example_dags/example_latest_only.py
[2022-06-08 11:27:48,853] {processor.py:641} INFO - Processing file /home/james/airflowa/lib/python3.8/site-packages/airflow/example_dags/example_latest_only.py for tasks to queue
[2022-06-08 11:27:48,853] {logging_mixin.py:115} INFO - [2022-06-08 11:27:48,853] {dagbag.py:507} INFO - Filling up the DagBag from /home/james/airflowa/lib/python3.8/site-packages/airflow/example_dags/example_latest_only.py
[2022-06-08 11:27:48,858] {processor.py:651} INFO - DAG(s) dict_keys(['latest_only']) retrieved from /home/james/airflowa/lib/python3.8/site-packages/airflow/example_dags/example_latest_only.py
[2022-06-08 11:27:48,871] {logging_mixin.py:115} INFO - [2022-06-08 11:27:48,871] {dag.py:2379} INFO - Sync 1 DAGs
[2022-06-08 11:27:48,885] {logging_mixin.py:115} INFO - [2022-06-08 11:27:48,885] {dag.py:2927} INFO - Setting next_dagrun for latest_only to 2022-06-08T04:27:48.885635+00:00, run_after=2022-06-08T08:27:48.885635+00:00
[2022-06-08 11:27:48,896] {processor.py:161} INFO - Processing /home/james/airflowa/lib/python3.8/site-packages/airflow/example_dags/example_latest_only.py took 0.046 seconds
[2022-06-08 11:28:28,725] {processor.py:153} INFO - Started process (PID=76891) to work on /home/james/airflowa/lib/python3.8/site-packages/airflow/example_dags/example_latest_only.py
[2022-06-08 11:28:28,726] {processor.py:641} INFO - Processing file /home/james/airflowa/lib/python3.8/site-packages/airflow/example_dags/example_latest_only.py for tasks to queue
[2022-06-08 11:28:28,726] {logging_mixin.py:115} INFO - [2022-06-08 11:28:28,726] {dagbag.py:507} INFO - Filling up the DagBag from /home/james/airflowa/lib/python3.8/site-packages/airflow/example_dags/example_latest_only.py
[2022-06-08 11:28:28,735] {processor.py:651} INFO - DAG(s) dict_keys(['latest_only']) retrieved from /home/james/airflowa/lib/python3.8/site-packages/airflow/example_dags/example_latest_only.py
[2022-06-08 11:28:28,833] {logging_mixin.py:115} INFO - [2022-06-08 11:28:28,833] {dag.py:2379} INFO - Sync 1 DAGs
[2022-06-08 11:28:28,944] {logging_mixin.py:115} INFO - [2022-06-08 11:28:28,944] {dag.py:2927} INFO - Setting next_dagrun for latest_only to 2022-06-08T04:28:28.943881+00:00, run_after=2022-06-08T08:28:28.943881+00:00
[2022-06-08 11:28:28,974] {processor.py:161} INFO - Processing /home/james/airflowa/lib/python3.8/site-packages/airflow/example_dags/example_latest_only.py took 0.252 seconds
[2022-06-08 11:29:06,189] {processor.py:153} INFO - Started process (PID=77149) to work on /home/james/airflowa/lib/python3.8/site-packages/airflow/example_dags/example_latest_only.py
[2022-06-08 11:29:06,189] {processor.py:641} INFO - Processing file /home/james/airflowa/lib/python3.8/site-packages/airflow/example_dags/example_latest_only.py for tasks to queue
[2022-06-08 11:29:06,190] {logging_mixin.py:115} INFO - [2022-06-08 11:29:06,190] {dagbag.py:507} INFO - Filling up the DagBag from /home/james/airflowa/lib/python3.8/site-packages/airflow/example_dags/example_latest_only.py
[2022-06-08 11:29:06,195] {processor.py:651} INFO - DAG(s) dict_keys(['latest_only']) retrieved from /home/james/airflowa/lib/python3.8/site-packages/airflow/example_dags/example_latest_only.py
[2022-06-08 11:29:06,207] {logging_mixin.py:115} INFO - [2022-06-08 11:29:06,207] {dag.py:2379} INFO - Sync 1 DAGs
[2022-06-08 11:29:06,222] {logging_mixin.py:115} INFO - [2022-06-08 11:29:06,222] {dag.py:2927} INFO - Setting next_dagrun for latest_only to 2022-06-08T04:29:06.222016+00:00, run_after=2022-06-08T08:29:06.222016+00:00
[2022-06-08 11:29:06,234] {processor.py:161} INFO - Processing /home/james/airflowa/lib/python3.8/site-packages/airflow/example_dags/example_latest_only.py took 0.047 seconds
[2022-06-08 11:29:45,736] {processor.py:153} INFO - Started process (PID=77522) to work on /home/james/airflowa/lib/python3.8/site-packages/airflow/example_dags/example_latest_only.py
[2022-06-08 11:29:45,737] {processor.py:641} INFO - Processing file /home/james/airflowa/lib/python3.8/site-packages/airflow/example_dags/example_latest_only.py for tasks to queue
[2022-06-08 11:29:45,738] {logging_mixin.py:115} INFO - [2022-06-08 11:29:45,737] {dagbag.py:507} INFO - Filling up the DagBag from /home/james/airflowa/lib/python3.8/site-packages/airflow/example_dags/example_latest_only.py
[2022-06-08 11:29:45,743] {processor.py:651} INFO - DAG(s) dict_keys(['latest_only']) retrieved from /home/james/airflowa/lib/python3.8/site-packages/airflow/example_dags/example_latest_only.py
[2022-06-08 11:29:45,759] {logging_mixin.py:115} INFO - [2022-06-08 11:29:45,758] {dag.py:2379} INFO - Sync 1 DAGs
[2022-06-08 11:29:45,777] {logging_mixin.py:115} INFO - [2022-06-08 11:29:45,777] {dag.py:2927} INFO - Setting next_dagrun for latest_only to 2022-06-08T04:29:45.777131+00:00, run_after=2022-06-08T08:29:45.777131+00:00
[2022-06-08 11:29:45,789] {processor.py:161} INFO - Processing /home/james/airflowa/lib/python3.8/site-packages/airflow/example_dags/example_latest_only.py took 0.055 seconds
[2022-06-08 11:31:29,007] {processor.py:153} INFO - Started process (PID=78548) to work on /home/james/airflowa/lib/python3.8/site-packages/airflow/example_dags/example_latest_only.py
[2022-06-08 11:31:29,008] {processor.py:641} INFO - Processing file /home/james/airflowa/lib/python3.8/site-packages/airflow/example_dags/example_latest_only.py for tasks to queue
[2022-06-08 11:31:29,008] {logging_mixin.py:115} INFO - [2022-06-08 11:31:29,008] {dagbag.py:507} INFO - Filling up the DagBag from /home/james/airflowa/lib/python3.8/site-packages/airflow/example_dags/example_latest_only.py
[2022-06-08 11:31:29,013] {processor.py:651} INFO - DAG(s) dict_keys(['latest_only']) retrieved from /home/james/airflowa/lib/python3.8/site-packages/airflow/example_dags/example_latest_only.py
[2022-06-08 11:31:29,028] {logging_mixin.py:115} INFO - [2022-06-08 11:31:29,028] {dag.py:2379} INFO - Sync 1 DAGs
[2022-06-08 11:31:29,047] {logging_mixin.py:115} INFO - [2022-06-08 11:31:29,047] {dag.py:2927} INFO - Setting next_dagrun for latest_only to 2022-06-08T04:31:29.047349+00:00, run_after=2022-06-08T08:31:29.047349+00:00
[2022-06-08 11:31:29,059] {processor.py:161} INFO - Processing /home/james/airflowa/lib/python3.8/site-packages/airflow/example_dags/example_latest_only.py took 0.055 seconds
[2022-06-08 11:32:16,679] {processor.py:153} INFO - Started process (PID=78810) to work on /home/james/airflowa/lib/python3.8/site-packages/airflow/example_dags/example_latest_only.py
[2022-06-08 11:32:16,680] {processor.py:641} INFO - Processing file /home/james/airflowa/lib/python3.8/site-packages/airflow/example_dags/example_latest_only.py for tasks to queue
[2022-06-08 11:32:16,680] {logging_mixin.py:115} INFO - [2022-06-08 11:32:16,680] {dagbag.py:507} INFO - Filling up the DagBag from /home/james/airflowa/lib/python3.8/site-packages/airflow/example_dags/example_latest_only.py
[2022-06-08 11:32:16,687] {processor.py:651} INFO - DAG(s) dict_keys(['latest_only']) retrieved from /home/james/airflowa/lib/python3.8/site-packages/airflow/example_dags/example_latest_only.py
[2022-06-08 11:32:16,709] {logging_mixin.py:115} INFO - [2022-06-08 11:32:16,709] {dag.py:2379} INFO - Sync 1 DAGs
[2022-06-08 11:32:16,734] {logging_mixin.py:115} INFO - [2022-06-08 11:32:16,734] {dag.py:2927} INFO - Setting next_dagrun for latest_only to 2022-06-08T04:32:16.733940+00:00, run_after=2022-06-08T08:32:16.733940+00:00
[2022-06-08 11:32:16,749] {processor.py:161} INFO - Processing /home/james/airflowa/lib/python3.8/site-packages/airflow/example_dags/example_latest_only.py took 0.074 seconds
[2022-06-08 11:33:03,719] {processor.py:153} INFO - Started process (PID=79109) to work on /home/james/airflowa/lib/python3.8/site-packages/airflow/example_dags/example_latest_only.py
[2022-06-08 11:33:03,720] {processor.py:641} INFO - Processing file /home/james/airflowa/lib/python3.8/site-packages/airflow/example_dags/example_latest_only.py for tasks to queue
[2022-06-08 11:33:03,721] {logging_mixin.py:115} INFO - [2022-06-08 11:33:03,721] {dagbag.py:507} INFO - Filling up the DagBag from /home/james/airflowa/lib/python3.8/site-packages/airflow/example_dags/example_latest_only.py
[2022-06-08 11:33:03,733] {processor.py:651} INFO - DAG(s) dict_keys(['latest_only']) retrieved from /home/james/airflowa/lib/python3.8/site-packages/airflow/example_dags/example_latest_only.py
[2022-06-08 11:33:03,757] {logging_mixin.py:115} INFO - [2022-06-08 11:33:03,757] {dag.py:2379} INFO - Sync 1 DAGs
[2022-06-08 11:33:03,789] {logging_mixin.py:115} INFO - [2022-06-08 11:33:03,789] {dag.py:2927} INFO - Setting next_dagrun for latest_only to 2022-06-08T04:33:03.789116+00:00, run_after=2022-06-08T08:33:03.789116+00:00
[2022-06-08 11:33:03,809] {processor.py:161} INFO - Processing /home/james/airflowa/lib/python3.8/site-packages/airflow/example_dags/example_latest_only.py took 0.099 seconds
[2022-06-08 11:33:52,348] {processor.py:153} INFO - Started process (PID=79390) to work on /home/james/airflowa/lib/python3.8/site-packages/airflow/example_dags/example_latest_only.py
[2022-06-08 11:33:52,351] {processor.py:641} INFO - Processing file /home/james/airflowa/lib/python3.8/site-packages/airflow/example_dags/example_latest_only.py for tasks to queue
[2022-06-08 11:33:52,352] {logging_mixin.py:115} INFO - [2022-06-08 11:33:52,352] {dagbag.py:507} INFO - Filling up the DagBag from /home/james/airflowa/lib/python3.8/site-packages/airflow/example_dags/example_latest_only.py
[2022-06-08 11:33:52,361] {processor.py:651} INFO - DAG(s) dict_keys(['latest_only']) retrieved from /home/james/airflowa/lib/python3.8/site-packages/airflow/example_dags/example_latest_only.py
[2022-06-08 11:33:52,385] {logging_mixin.py:115} INFO - [2022-06-08 11:33:52,385] {dag.py:2379} INFO - Sync 1 DAGs
[2022-06-08 11:33:52,413] {logging_mixin.py:115} INFO - [2022-06-08 11:33:52,413] {dag.py:2927} INFO - Setting next_dagrun for latest_only to 2022-06-08T04:33:52.412861+00:00, run_after=2022-06-08T08:33:52.412861+00:00
[2022-06-08 11:33:52,440] {processor.py:161} INFO - Processing /home/james/airflowa/lib/python3.8/site-packages/airflow/example_dags/example_latest_only.py took 0.096 seconds
[2022-06-08 11:34:42,550] {processor.py:153} INFO - Started process (PID=80036) to work on /home/james/airflowa/lib/python3.8/site-packages/airflow/example_dags/example_latest_only.py
[2022-06-08 11:34:42,551] {processor.py:641} INFO - Processing file /home/james/airflowa/lib/python3.8/site-packages/airflow/example_dags/example_latest_only.py for tasks to queue
[2022-06-08 11:34:42,551] {logging_mixin.py:115} INFO - [2022-06-08 11:34:42,551] {dagbag.py:507} INFO - Filling up the DagBag from /home/james/airflowa/lib/python3.8/site-packages/airflow/example_dags/example_latest_only.py
[2022-06-08 11:34:42,559] {processor.py:651} INFO - DAG(s) dict_keys(['latest_only']) retrieved from /home/james/airflowa/lib/python3.8/site-packages/airflow/example_dags/example_latest_only.py
[2022-06-08 11:34:42,584] {logging_mixin.py:115} INFO - [2022-06-08 11:34:42,584] {dag.py:2379} INFO - Sync 1 DAGs
[2022-06-08 11:34:42,611] {logging_mixin.py:115} INFO - [2022-06-08 11:34:42,611] {dag.py:2927} INFO - Setting next_dagrun for latest_only to 2022-06-08T04:34:42.611071+00:00, run_after=2022-06-08T08:34:42.611071+00:00
[2022-06-08 11:34:42,627] {processor.py:161} INFO - Processing /home/james/airflowa/lib/python3.8/site-packages/airflow/example_dags/example_latest_only.py took 0.080 seconds
[2022-06-08 12:21:52,913] {processor.py:153} INFO - Started process (PID=104741) to work on /home/james/airflowa/lib/python3.8/site-packages/airflow/example_dags/example_latest_only.py
[2022-06-08 12:21:52,914] {processor.py:641} INFO - Processing file /home/james/airflowa/lib/python3.8/site-packages/airflow/example_dags/example_latest_only.py for tasks to queue
[2022-06-08 12:21:52,916] {logging_mixin.py:115} INFO - [2022-06-08 12:21:52,915] {dagbag.py:507} INFO - Filling up the DagBag from /home/james/airflowa/lib/python3.8/site-packages/airflow/example_dags/example_latest_only.py
[2022-06-08 12:21:52,925] {processor.py:651} INFO - DAG(s) dict_keys(['latest_only']) retrieved from /home/james/airflowa/lib/python3.8/site-packages/airflow/example_dags/example_latest_only.py
[2022-06-08 12:21:52,949] {logging_mixin.py:115} INFO - [2022-06-08 12:21:52,949] {dag.py:2379} INFO - Sync 1 DAGs
[2022-06-08 12:21:52,981] {logging_mixin.py:115} INFO - [2022-06-08 12:21:52,981] {dag.py:2927} INFO - Setting next_dagrun for latest_only to 2022-06-08T05:21:52.980844+00:00, run_after=2022-06-08T09:21:52.980844+00:00
[2022-06-08 12:21:53,000] {processor.py:161} INFO - Processing /home/james/airflowa/lib/python3.8/site-packages/airflow/example_dags/example_latest_only.py took 0.090 seconds
[2022-06-08 12:22:37,787] {processor.py:153} INFO - Started process (PID=104979) to work on /home/james/airflowa/lib/python3.8/site-packages/airflow/example_dags/example_latest_only.py
[2022-06-08 12:22:37,788] {processor.py:641} INFO - Processing file /home/james/airflowa/lib/python3.8/site-packages/airflow/example_dags/example_latest_only.py for tasks to queue
[2022-06-08 12:22:37,788] {logging_mixin.py:115} INFO - [2022-06-08 12:22:37,788] {dagbag.py:507} INFO - Filling up the DagBag from /home/james/airflowa/lib/python3.8/site-packages/airflow/example_dags/example_latest_only.py
[2022-06-08 12:22:37,795] {processor.py:651} INFO - DAG(s) dict_keys(['latest_only']) retrieved from /home/james/airflowa/lib/python3.8/site-packages/airflow/example_dags/example_latest_only.py
[2022-06-08 12:22:37,814] {logging_mixin.py:115} INFO - [2022-06-08 12:22:37,814] {dag.py:2379} INFO - Sync 1 DAGs
[2022-06-08 12:22:37,836] {logging_mixin.py:115} INFO - [2022-06-08 12:22:37,836] {dag.py:2927} INFO - Setting next_dagrun for latest_only to 2022-06-08T05:22:37.836503+00:00, run_after=2022-06-08T09:22:37.836503+00:00
[2022-06-08 12:22:37,853] {processor.py:161} INFO - Processing /home/james/airflowa/lib/python3.8/site-packages/airflow/example_dags/example_latest_only.py took 0.070 seconds
[2022-06-08 12:36:42,617] {processor.py:153} INFO - Started process (PID=112568) to work on /home/james/airflowa/lib/python3.8/site-packages/airflow/example_dags/example_latest_only.py
[2022-06-08 12:36:42,626] {processor.py:641} INFO - Processing file /home/james/airflowa/lib/python3.8/site-packages/airflow/example_dags/example_latest_only.py for tasks to queue
[2022-06-08 12:36:42,627] {logging_mixin.py:115} INFO - [2022-06-08 12:36:42,627] {dagbag.py:507} INFO - Filling up the DagBag from /home/james/airflowa/lib/python3.8/site-packages/airflow/example_dags/example_latest_only.py
[2022-06-08 12:36:42,660] {processor.py:651} INFO - DAG(s) dict_keys(['latest_only']) retrieved from /home/james/airflowa/lib/python3.8/site-packages/airflow/example_dags/example_latest_only.py
[2022-06-08 12:36:42,757] {logging_mixin.py:115} INFO - [2022-06-08 12:36:42,756] {dag.py:2379} INFO - Sync 1 DAGs
[2022-06-08 12:36:42,800] {logging_mixin.py:115} INFO - [2022-06-08 12:36:42,800] {dag.py:2927} INFO - Setting next_dagrun for latest_only to 2022-06-08T05:36:42.799879+00:00, run_after=2022-06-08T09:36:42.799879+00:00
[2022-06-08 12:36:42,824] {processor.py:161} INFO - Processing /home/james/airflowa/lib/python3.8/site-packages/airflow/example_dags/example_latest_only.py took 0.221 seconds
[2022-06-08 12:39:11,985] {processor.py:153} INFO - Started process (PID=115548) to work on /home/james/airflowa/lib/python3.8/site-packages/airflow/example_dags/example_latest_only.py
[2022-06-08 12:39:11,987] {processor.py:641} INFO - Processing file /home/james/airflowa/lib/python3.8/site-packages/airflow/example_dags/example_latest_only.py for tasks to queue
[2022-06-08 12:39:11,988] {logging_mixin.py:115} INFO - [2022-06-08 12:39:11,988] {dagbag.py:507} INFO - Filling up the DagBag from /home/james/airflowa/lib/python3.8/site-packages/airflow/example_dags/example_latest_only.py
[2022-06-08 12:39:12,003] {processor.py:651} INFO - DAG(s) dict_keys(['latest_only']) retrieved from /home/james/airflowa/lib/python3.8/site-packages/airflow/example_dags/example_latest_only.py
[2022-06-08 12:39:12,056] {logging_mixin.py:115} INFO - [2022-06-08 12:39:12,056] {dag.py:2379} INFO - Sync 1 DAGs
[2022-06-08 12:39:12,105] {logging_mixin.py:115} INFO - [2022-06-08 12:39:12,105] {dag.py:2927} INFO - Setting next_dagrun for latest_only to 2022-06-08T05:39:12.104670+00:00, run_after=2022-06-08T09:39:12.104670+00:00
[2022-06-08 12:39:12,134] {processor.py:161} INFO - Processing /home/james/airflowa/lib/python3.8/site-packages/airflow/example_dags/example_latest_only.py took 0.156 seconds
[2022-06-08 12:40:09,040] {processor.py:153} INFO - Started process (PID=116339) to work on /home/james/airflowa/lib/python3.8/site-packages/airflow/example_dags/example_latest_only.py
[2022-06-08 12:40:09,041] {processor.py:641} INFO - Processing file /home/james/airflowa/lib/python3.8/site-packages/airflow/example_dags/example_latest_only.py for tasks to queue
[2022-06-08 12:40:09,041] {logging_mixin.py:115} INFO - [2022-06-08 12:40:09,041] {dagbag.py:507} INFO - Filling up the DagBag from /home/james/airflowa/lib/python3.8/site-packages/airflow/example_dags/example_latest_only.py
[2022-06-08 12:40:09,046] {processor.py:651} INFO - DAG(s) dict_keys(['latest_only']) retrieved from /home/james/airflowa/lib/python3.8/site-packages/airflow/example_dags/example_latest_only.py
[2022-06-08 12:40:09,059] {logging_mixin.py:115} INFO - [2022-06-08 12:40:09,059] {dag.py:2379} INFO - Sync 1 DAGs
[2022-06-08 12:40:09,081] {logging_mixin.py:115} INFO - [2022-06-08 12:40:09,080] {dag.py:2927} INFO - Setting next_dagrun for latest_only to 2022-06-08T05:40:09.080627+00:00, run_after=2022-06-08T09:40:09.080627+00:00
[2022-06-08 12:40:09,091] {processor.py:161} INFO - Processing /home/james/airflowa/lib/python3.8/site-packages/airflow/example_dags/example_latest_only.py took 0.053 seconds
[2022-06-08 12:43:34,612] {processor.py:153} INFO - Started process (PID=117489) to work on /home/james/airflowa/lib/python3.8/site-packages/airflow/example_dags/example_latest_only.py
[2022-06-08 12:43:34,616] {processor.py:641} INFO - Processing file /home/james/airflowa/lib/python3.8/site-packages/airflow/example_dags/example_latest_only.py for tasks to queue
[2022-06-08 12:43:34,617] {logging_mixin.py:115} INFO - [2022-06-08 12:43:34,616] {dagbag.py:507} INFO - Filling up the DagBag from /home/james/airflowa/lib/python3.8/site-packages/airflow/example_dags/example_latest_only.py
[2022-06-08 12:43:34,625] {processor.py:651} INFO - DAG(s) dict_keys(['latest_only']) retrieved from /home/james/airflowa/lib/python3.8/site-packages/airflow/example_dags/example_latest_only.py
[2022-06-08 12:43:34,650] {logging_mixin.py:115} INFO - [2022-06-08 12:43:34,650] {dag.py:2379} INFO - Sync 1 DAGs
[2022-06-08 12:43:34,686] {logging_mixin.py:115} INFO - [2022-06-08 12:43:34,686] {dag.py:2927} INFO - Setting next_dagrun for latest_only to 2022-06-08T05:43:34.685917+00:00, run_after=2022-06-08T09:43:34.685917+00:00
[2022-06-08 12:43:34,717] {processor.py:161} INFO - Processing /home/james/airflowa/lib/python3.8/site-packages/airflow/example_dags/example_latest_only.py took 0.109 seconds
[2022-06-08 12:45:26,341] {processor.py:153} INFO - Started process (PID=118180) to work on /home/james/airflowa/lib/python3.8/site-packages/airflow/example_dags/example_latest_only.py
[2022-06-08 12:45:26,342] {processor.py:641} INFO - Processing file /home/james/airflowa/lib/python3.8/site-packages/airflow/example_dags/example_latest_only.py for tasks to queue
[2022-06-08 12:45:26,343] {logging_mixin.py:115} INFO - [2022-06-08 12:45:26,343] {dagbag.py:507} INFO - Filling up the DagBag from /home/james/airflowa/lib/python3.8/site-packages/airflow/example_dags/example_latest_only.py
[2022-06-08 12:45:26,349] {processor.py:651} INFO - DAG(s) dict_keys(['latest_only']) retrieved from /home/james/airflowa/lib/python3.8/site-packages/airflow/example_dags/example_latest_only.py
[2022-06-08 12:45:26,373] {logging_mixin.py:115} INFO - [2022-06-08 12:45:26,373] {dag.py:2379} INFO - Sync 1 DAGs
[2022-06-08 12:45:26,393] {logging_mixin.py:115} INFO - [2022-06-08 12:45:26,392] {dag.py:2927} INFO - Setting next_dagrun for latest_only to 2022-06-08T05:45:26.392597+00:00, run_after=2022-06-08T09:45:26.392597+00:00
[2022-06-08 12:45:26,407] {processor.py:161} INFO - Processing /home/james/airflowa/lib/python3.8/site-packages/airflow/example_dags/example_latest_only.py took 0.069 seconds
[2022-06-08 12:46:37,616] {processor.py:153} INFO - Started process (PID=118581) to work on /home/james/airflowa/lib/python3.8/site-packages/airflow/example_dags/example_latest_only.py
[2022-06-08 12:46:37,616] {processor.py:641} INFO - Processing file /home/james/airflowa/lib/python3.8/site-packages/airflow/example_dags/example_latest_only.py for tasks to queue
[2022-06-08 12:46:37,616] {logging_mixin.py:115} INFO - [2022-06-08 12:46:37,616] {dagbag.py:507} INFO - Filling up the DagBag from /home/james/airflowa/lib/python3.8/site-packages/airflow/example_dags/example_latest_only.py
[2022-06-08 12:46:37,621] {processor.py:651} INFO - DAG(s) dict_keys(['latest_only']) retrieved from /home/james/airflowa/lib/python3.8/site-packages/airflow/example_dags/example_latest_only.py
[2022-06-08 12:46:37,637] {logging_mixin.py:115} INFO - [2022-06-08 12:46:37,637] {dag.py:2379} INFO - Sync 1 DAGs
[2022-06-08 12:46:37,650] {logging_mixin.py:115} INFO - [2022-06-08 12:46:37,650] {dag.py:2927} INFO - Setting next_dagrun for latest_only to 2022-06-08T05:46:37.649895+00:00, run_after=2022-06-08T09:46:37.649895+00:00
[2022-06-08 12:46:37,660] {processor.py:161} INFO - Processing /home/james/airflowa/lib/python3.8/site-packages/airflow/example_dags/example_latest_only.py took 0.047 seconds
[2022-06-08 12:47:35,329] {processor.py:153} INFO - Started process (PID=119447) to work on /home/james/airflowa/lib/python3.8/site-packages/airflow/example_dags/example_latest_only.py
[2022-06-08 12:47:35,333] {processor.py:641} INFO - Processing file /home/james/airflowa/lib/python3.8/site-packages/airflow/example_dags/example_latest_only.py for tasks to queue
[2022-06-08 12:47:35,334] {logging_mixin.py:115} INFO - [2022-06-08 12:47:35,334] {dagbag.py:507} INFO - Filling up the DagBag from /home/james/airflowa/lib/python3.8/site-packages/airflow/example_dags/example_latest_only.py
[2022-06-08 12:47:35,353] {processor.py:651} INFO - DAG(s) dict_keys(['latest_only']) retrieved from /home/james/airflowa/lib/python3.8/site-packages/airflow/example_dags/example_latest_only.py
[2022-06-08 12:47:35,390] {logging_mixin.py:115} INFO - [2022-06-08 12:47:35,390] {dag.py:2379} INFO - Sync 1 DAGs
[2022-06-08 12:47:35,421] {logging_mixin.py:115} INFO - [2022-06-08 12:47:35,421] {dag.py:2927} INFO - Setting next_dagrun for latest_only to 2022-06-08T05:47:35.421151+00:00, run_after=2022-06-08T09:47:35.421151+00:00
[2022-06-08 12:47:35,493] {processor.py:161} INFO - Processing /home/james/airflowa/lib/python3.8/site-packages/airflow/example_dags/example_latest_only.py took 0.169 seconds
[2022-06-08 12:48:34,008] {processor.py:153} INFO - Started process (PID=119748) to work on /home/james/airflowa/lib/python3.8/site-packages/airflow/example_dags/example_latest_only.py
[2022-06-08 12:48:34,008] {processor.py:641} INFO - Processing file /home/james/airflowa/lib/python3.8/site-packages/airflow/example_dags/example_latest_only.py for tasks to queue
[2022-06-08 12:48:34,009] {logging_mixin.py:115} INFO - [2022-06-08 12:48:34,009] {dagbag.py:507} INFO - Filling up the DagBag from /home/james/airflowa/lib/python3.8/site-packages/airflow/example_dags/example_latest_only.py
[2022-06-08 12:48:34,014] {processor.py:651} INFO - DAG(s) dict_keys(['latest_only']) retrieved from /home/james/airflowa/lib/python3.8/site-packages/airflow/example_dags/example_latest_only.py
[2022-06-08 12:48:34,028] {logging_mixin.py:115} INFO - [2022-06-08 12:48:34,028] {dag.py:2379} INFO - Sync 1 DAGs
[2022-06-08 12:48:34,047] {logging_mixin.py:115} INFO - [2022-06-08 12:48:34,047] {dag.py:2927} INFO - Setting next_dagrun for latest_only to 2022-06-08T05:48:34.047606+00:00, run_after=2022-06-08T09:48:34.047606+00:00
[2022-06-08 12:48:34,061] {processor.py:161} INFO - Processing /home/james/airflowa/lib/python3.8/site-packages/airflow/example_dags/example_latest_only.py took 0.056 seconds
[2022-06-08 12:50:30,592] {processor.py:153} INFO - Started process (PID=120896) to work on /home/james/airflowa/lib/python3.8/site-packages/airflow/example_dags/example_latest_only.py
[2022-06-08 12:50:30,594] {processor.py:641} INFO - Processing file /home/james/airflowa/lib/python3.8/site-packages/airflow/example_dags/example_latest_only.py for tasks to queue
[2022-06-08 12:50:30,595] {logging_mixin.py:115} INFO - [2022-06-08 12:50:30,595] {dagbag.py:507} INFO - Filling up the DagBag from /home/james/airflowa/lib/python3.8/site-packages/airflow/example_dags/example_latest_only.py
[2022-06-08 12:50:30,607] {processor.py:651} INFO - DAG(s) dict_keys(['latest_only']) retrieved from /home/james/airflowa/lib/python3.8/site-packages/airflow/example_dags/example_latest_only.py
[2022-06-08 12:50:30,652] {logging_mixin.py:115} INFO - [2022-06-08 12:50:30,652] {dag.py:2379} INFO - Sync 1 DAGs
[2022-06-08 12:50:30,701] {logging_mixin.py:115} INFO - [2022-06-08 12:50:30,700] {dag.py:2927} INFO - Setting next_dagrun for latest_only to 2022-06-08T05:50:30.700320+00:00, run_after=2022-06-08T09:50:30.700320+00:00
[2022-06-08 12:50:30,729] {processor.py:161} INFO - Processing /home/james/airflowa/lib/python3.8/site-packages/airflow/example_dags/example_latest_only.py took 0.143 seconds
[2022-06-08 12:52:52,162] {processor.py:153} INFO - Started process (PID=121643) to work on /home/james/airflowa/lib/python3.8/site-packages/airflow/example_dags/example_latest_only.py
[2022-06-08 12:52:52,163] {processor.py:641} INFO - Processing file /home/james/airflowa/lib/python3.8/site-packages/airflow/example_dags/example_latest_only.py for tasks to queue
[2022-06-08 12:52:52,164] {logging_mixin.py:115} INFO - [2022-06-08 12:52:52,164] {dagbag.py:507} INFO - Filling up the DagBag from /home/james/airflowa/lib/python3.8/site-packages/airflow/example_dags/example_latest_only.py
[2022-06-08 12:52:52,175] {processor.py:651} INFO - DAG(s) dict_keys(['latest_only']) retrieved from /home/james/airflowa/lib/python3.8/site-packages/airflow/example_dags/example_latest_only.py
[2022-06-08 12:52:52,209] {logging_mixin.py:115} INFO - [2022-06-08 12:52:52,208] {dag.py:2379} INFO - Sync 1 DAGs
[2022-06-08 12:52:52,258] {logging_mixin.py:115} INFO - [2022-06-08 12:52:52,258] {dag.py:2927} INFO - Setting next_dagrun for latest_only to 2022-06-08T05:52:52.257403+00:00, run_after=2022-06-08T09:52:52.257403+00:00
[2022-06-08 12:52:52,297] {processor.py:161} INFO - Processing /home/james/airflowa/lib/python3.8/site-packages/airflow/example_dags/example_latest_only.py took 0.142 seconds
[2022-06-08 12:53:52,161] {processor.py:153} INFO - Started process (PID=122099) to work on /home/james/airflowa/lib/python3.8/site-packages/airflow/example_dags/example_latest_only.py
[2022-06-08 12:53:52,163] {processor.py:641} INFO - Processing file /home/james/airflowa/lib/python3.8/site-packages/airflow/example_dags/example_latest_only.py for tasks to queue
[2022-06-08 12:53:52,164] {logging_mixin.py:115} INFO - [2022-06-08 12:53:52,164] {dagbag.py:507} INFO - Filling up the DagBag from /home/james/airflowa/lib/python3.8/site-packages/airflow/example_dags/example_latest_only.py
[2022-06-08 12:53:52,177] {processor.py:651} INFO - DAG(s) dict_keys(['latest_only']) retrieved from /home/james/airflowa/lib/python3.8/site-packages/airflow/example_dags/example_latest_only.py
[2022-06-08 12:53:52,211] {logging_mixin.py:115} INFO - [2022-06-08 12:53:52,211] {dag.py:2379} INFO - Sync 1 DAGs
[2022-06-08 12:53:52,266] {logging_mixin.py:115} INFO - [2022-06-08 12:53:52,265] {dag.py:2927} INFO - Setting next_dagrun for latest_only to 2022-06-08T05:53:52.265200+00:00, run_after=2022-06-08T09:53:52.265200+00:00
[2022-06-08 12:53:52,305] {processor.py:161} INFO - Processing /home/james/airflowa/lib/python3.8/site-packages/airflow/example_dags/example_latest_only.py took 0.151 seconds
[2022-06-08 12:55:07,432] {processor.py:153} INFO - Started process (PID=122591) to work on /home/james/airflowa/lib/python3.8/site-packages/airflow/example_dags/example_latest_only.py
[2022-06-08 12:55:07,434] {processor.py:641} INFO - Processing file /home/james/airflowa/lib/python3.8/site-packages/airflow/example_dags/example_latest_only.py for tasks to queue
[2022-06-08 12:55:07,435] {logging_mixin.py:115} INFO - [2022-06-08 12:55:07,434] {dagbag.py:507} INFO - Filling up the DagBag from /home/james/airflowa/lib/python3.8/site-packages/airflow/example_dags/example_latest_only.py
[2022-06-08 12:55:07,446] {processor.py:651} INFO - DAG(s) dict_keys(['latest_only']) retrieved from /home/james/airflowa/lib/python3.8/site-packages/airflow/example_dags/example_latest_only.py
[2022-06-08 12:55:07,477] {logging_mixin.py:115} INFO - [2022-06-08 12:55:07,476] {dag.py:2379} INFO - Sync 1 DAGs
[2022-06-08 12:55:07,514] {logging_mixin.py:115} INFO - [2022-06-08 12:55:07,514] {dag.py:2927} INFO - Setting next_dagrun for latest_only to 2022-06-08T05:55:07.514146+00:00, run_after=2022-06-08T09:55:07.514146+00:00
[2022-06-08 12:55:07,537] {processor.py:161} INFO - Processing /home/james/airflowa/lib/python3.8/site-packages/airflow/example_dags/example_latest_only.py took 0.110 seconds
[2022-06-08 12:56:18,255] {processor.py:153} INFO - Started process (PID=122964) to work on /home/james/airflowa/lib/python3.8/site-packages/airflow/example_dags/example_latest_only.py
[2022-06-08 12:56:18,256] {processor.py:641} INFO - Processing file /home/james/airflowa/lib/python3.8/site-packages/airflow/example_dags/example_latest_only.py for tasks to queue
[2022-06-08 12:56:18,256] {logging_mixin.py:115} INFO - [2022-06-08 12:56:18,256] {dagbag.py:507} INFO - Filling up the DagBag from /home/james/airflowa/lib/python3.8/site-packages/airflow/example_dags/example_latest_only.py
[2022-06-08 12:56:18,261] {processor.py:651} INFO - DAG(s) dict_keys(['latest_only']) retrieved from /home/james/airflowa/lib/python3.8/site-packages/airflow/example_dags/example_latest_only.py
[2022-06-08 12:56:18,276] {logging_mixin.py:115} INFO - [2022-06-08 12:56:18,276] {dag.py:2379} INFO - Sync 1 DAGs
[2022-06-08 12:56:18,290] {logging_mixin.py:115} INFO - [2022-06-08 12:56:18,290] {dag.py:2927} INFO - Setting next_dagrun for latest_only to 2022-06-08T05:56:18.290355+00:00, run_after=2022-06-08T09:56:18.290355+00:00
[2022-06-08 12:56:18,301] {processor.py:161} INFO - Processing /home/james/airflowa/lib/python3.8/site-packages/airflow/example_dags/example_latest_only.py took 0.048 seconds
[2022-06-08 12:57:30,294] {processor.py:153} INFO - Started process (PID=123303) to work on /home/james/airflowa/lib/python3.8/site-packages/airflow/example_dags/example_latest_only.py
[2022-06-08 12:57:30,295] {processor.py:641} INFO - Processing file /home/james/airflowa/lib/python3.8/site-packages/airflow/example_dags/example_latest_only.py for tasks to queue
[2022-06-08 12:57:30,296] {logging_mixin.py:115} INFO - [2022-06-08 12:57:30,296] {dagbag.py:507} INFO - Filling up the DagBag from /home/james/airflowa/lib/python3.8/site-packages/airflow/example_dags/example_latest_only.py
[2022-06-08 12:57:30,300] {processor.py:651} INFO - DAG(s) dict_keys(['latest_only']) retrieved from /home/james/airflowa/lib/python3.8/site-packages/airflow/example_dags/example_latest_only.py
[2022-06-08 12:57:30,314] {logging_mixin.py:115} INFO - [2022-06-08 12:57:30,314] {dag.py:2379} INFO - Sync 1 DAGs
[2022-06-08 12:57:30,329] {logging_mixin.py:115} INFO - [2022-06-08 12:57:30,328] {dag.py:2927} INFO - Setting next_dagrun for latest_only to 2022-06-08T05:57:30.328751+00:00, run_after=2022-06-08T09:57:30.328751+00:00
[2022-06-08 12:57:30,340] {processor.py:161} INFO - Processing /home/james/airflowa/lib/python3.8/site-packages/airflow/example_dags/example_latest_only.py took 0.048 seconds
[2022-06-08 12:58:38,051] {processor.py:153} INFO - Started process (PID=123705) to work on /home/james/airflowa/lib/python3.8/site-packages/airflow/example_dags/example_latest_only.py
[2022-06-08 12:58:38,052] {processor.py:641} INFO - Processing file /home/james/airflowa/lib/python3.8/site-packages/airflow/example_dags/example_latest_only.py for tasks to queue
[2022-06-08 12:58:38,052] {logging_mixin.py:115} INFO - [2022-06-08 12:58:38,052] {dagbag.py:507} INFO - Filling up the DagBag from /home/james/airflowa/lib/python3.8/site-packages/airflow/example_dags/example_latest_only.py
[2022-06-08 12:58:38,057] {processor.py:651} INFO - DAG(s) dict_keys(['latest_only']) retrieved from /home/james/airflowa/lib/python3.8/site-packages/airflow/example_dags/example_latest_only.py
[2022-06-08 12:58:38,073] {logging_mixin.py:115} INFO - [2022-06-08 12:58:38,073] {dag.py:2379} INFO - Sync 1 DAGs
[2022-06-08 12:58:38,089] {logging_mixin.py:115} INFO - [2022-06-08 12:58:38,089] {dag.py:2927} INFO - Setting next_dagrun for latest_only to 2022-06-08T05:58:38.089212+00:00, run_after=2022-06-08T09:58:38.089212+00:00
[2022-06-08 12:58:38,100] {processor.py:161} INFO - Processing /home/james/airflowa/lib/python3.8/site-packages/airflow/example_dags/example_latest_only.py took 0.052 seconds
[2022-06-08 12:59:16,783] {processor.py:153} INFO - Started process (PID=124006) to work on /home/james/airflowa/lib/python3.8/site-packages/airflow/example_dags/example_latest_only.py
[2022-06-08 12:59:16,784] {processor.py:641} INFO - Processing file /home/james/airflowa/lib/python3.8/site-packages/airflow/example_dags/example_latest_only.py for tasks to queue
[2022-06-08 12:59:16,785] {logging_mixin.py:115} INFO - [2022-06-08 12:59:16,785] {dagbag.py:507} INFO - Filling up the DagBag from /home/james/airflowa/lib/python3.8/site-packages/airflow/example_dags/example_latest_only.py
[2022-06-08 12:59:16,790] {processor.py:651} INFO - DAG(s) dict_keys(['latest_only']) retrieved from /home/james/airflowa/lib/python3.8/site-packages/airflow/example_dags/example_latest_only.py
[2022-06-08 12:59:16,804] {logging_mixin.py:115} INFO - [2022-06-08 12:59:16,804] {dag.py:2379} INFO - Sync 1 DAGs
[2022-06-08 12:59:16,819] {logging_mixin.py:115} INFO - [2022-06-08 12:59:16,819] {dag.py:2927} INFO - Setting next_dagrun for latest_only to 2022-06-08T05:59:16.819056+00:00, run_after=2022-06-08T09:59:16.819056+00:00
[2022-06-08 12:59:16,830] {processor.py:161} INFO - Processing /home/james/airflowa/lib/python3.8/site-packages/airflow/example_dags/example_latest_only.py took 0.049 seconds
[2022-06-08 13:00:07,996] {processor.py:153} INFO - Started process (PID=124721) to work on /home/james/airflowa/lib/python3.8/site-packages/airflow/example_dags/example_latest_only.py
[2022-06-08 13:00:07,996] {processor.py:641} INFO - Processing file /home/james/airflowa/lib/python3.8/site-packages/airflow/example_dags/example_latest_only.py for tasks to queue
[2022-06-08 13:00:07,997] {logging_mixin.py:115} INFO - [2022-06-08 13:00:07,997] {dagbag.py:507} INFO - Filling up the DagBag from /home/james/airflowa/lib/python3.8/site-packages/airflow/example_dags/example_latest_only.py
[2022-06-08 13:00:08,002] {processor.py:651} INFO - DAG(s) dict_keys(['latest_only']) retrieved from /home/james/airflowa/lib/python3.8/site-packages/airflow/example_dags/example_latest_only.py
[2022-06-08 13:00:08,014] {logging_mixin.py:115} INFO - [2022-06-08 13:00:08,014] {dag.py:2379} INFO - Sync 1 DAGs
[2022-06-08 13:00:08,028] {logging_mixin.py:115} INFO - [2022-06-08 13:00:08,028] {dag.py:2927} INFO - Setting next_dagrun for latest_only to 2022-06-08T06:00:08.028585+00:00, run_after=2022-06-08T10:00:08.028585+00:00
[2022-06-08 13:00:08,039] {processor.py:161} INFO - Processing /home/james/airflowa/lib/python3.8/site-packages/airflow/example_dags/example_latest_only.py took 0.047 seconds
[2022-06-08 13:00:51,136] {processor.py:153} INFO - Started process (PID=125020) to work on /home/james/airflowa/lib/python3.8/site-packages/airflow/example_dags/example_latest_only.py
[2022-06-08 13:00:51,137] {processor.py:641} INFO - Processing file /home/james/airflowa/lib/python3.8/site-packages/airflow/example_dags/example_latest_only.py for tasks to queue
[2022-06-08 13:00:51,137] {logging_mixin.py:115} INFO - [2022-06-08 13:00:51,137] {dagbag.py:507} INFO - Filling up the DagBag from /home/james/airflowa/lib/python3.8/site-packages/airflow/example_dags/example_latest_only.py
[2022-06-08 13:00:51,142] {processor.py:651} INFO - DAG(s) dict_keys(['latest_only']) retrieved from /home/james/airflowa/lib/python3.8/site-packages/airflow/example_dags/example_latest_only.py
[2022-06-08 13:00:51,154] {logging_mixin.py:115} INFO - [2022-06-08 13:00:51,154] {dag.py:2379} INFO - Sync 1 DAGs
[2022-06-08 13:00:51,169] {logging_mixin.py:115} INFO - [2022-06-08 13:00:51,169] {dag.py:2927} INFO - Setting next_dagrun for latest_only to 2022-06-08T06:00:51.169276+00:00, run_after=2022-06-08T10:00:51.169276+00:00
[2022-06-08 13:00:51,180] {processor.py:161} INFO - Processing /home/james/airflowa/lib/python3.8/site-packages/airflow/example_dags/example_latest_only.py took 0.047 seconds
[2022-06-08 13:02:08,680] {processor.py:153} INFO - Started process (PID=125451) to work on /home/james/airflowa/lib/python3.8/site-packages/airflow/example_dags/example_latest_only.py
[2022-06-08 13:02:08,682] {processor.py:641} INFO - Processing file /home/james/airflowa/lib/python3.8/site-packages/airflow/example_dags/example_latest_only.py for tasks to queue
[2022-06-08 13:02:08,682] {logging_mixin.py:115} INFO - [2022-06-08 13:02:08,682] {dagbag.py:507} INFO - Filling up the DagBag from /home/james/airflowa/lib/python3.8/site-packages/airflow/example_dags/example_latest_only.py
[2022-06-08 13:02:08,690] {processor.py:651} INFO - DAG(s) dict_keys(['latest_only']) retrieved from /home/james/airflowa/lib/python3.8/site-packages/airflow/example_dags/example_latest_only.py
[2022-06-08 13:02:08,708] {logging_mixin.py:115} INFO - [2022-06-08 13:02:08,708] {dag.py:2379} INFO - Sync 1 DAGs
[2022-06-08 13:02:08,734] {logging_mixin.py:115} INFO - [2022-06-08 13:02:08,734] {dag.py:2927} INFO - Setting next_dagrun for latest_only to 2022-06-08T06:02:08.733928+00:00, run_after=2022-06-08T10:02:08.733928+00:00
[2022-06-08 13:02:08,754] {processor.py:161} INFO - Processing /home/james/airflowa/lib/python3.8/site-packages/airflow/example_dags/example_latest_only.py took 0.077 seconds
[2022-06-08 13:03:11,162] {processor.py:153} INFO - Started process (PID=125776) to work on /home/james/airflowa/lib/python3.8/site-packages/airflow/example_dags/example_latest_only.py
[2022-06-08 13:03:11,163] {processor.py:641} INFO - Processing file /home/james/airflowa/lib/python3.8/site-packages/airflow/example_dags/example_latest_only.py for tasks to queue
[2022-06-08 13:03:11,163] {logging_mixin.py:115} INFO - [2022-06-08 13:03:11,163] {dagbag.py:507} INFO - Filling up the DagBag from /home/james/airflowa/lib/python3.8/site-packages/airflow/example_dags/example_latest_only.py
[2022-06-08 13:03:11,168] {processor.py:651} INFO - DAG(s) dict_keys(['latest_only']) retrieved from /home/james/airflowa/lib/python3.8/site-packages/airflow/example_dags/example_latest_only.py
[2022-06-08 13:03:11,184] {logging_mixin.py:115} INFO - [2022-06-08 13:03:11,184] {dag.py:2379} INFO - Sync 1 DAGs
[2022-06-08 13:03:11,200] {logging_mixin.py:115} INFO - [2022-06-08 13:03:11,199] {dag.py:2927} INFO - Setting next_dagrun for latest_only to 2022-06-08T06:03:11.199651+00:00, run_after=2022-06-08T10:03:11.199651+00:00
[2022-06-08 13:03:11,210] {processor.py:161} INFO - Processing /home/james/airflowa/lib/python3.8/site-packages/airflow/example_dags/example_latest_only.py took 0.051 seconds
[2022-06-08 13:04:17,199] {processor.py:153} INFO - Started process (PID=126328) to work on /home/james/airflowa/lib/python3.8/site-packages/airflow/example_dags/example_latest_only.py
[2022-06-08 13:04:17,200] {processor.py:641} INFO - Processing file /home/james/airflowa/lib/python3.8/site-packages/airflow/example_dags/example_latest_only.py for tasks to queue
[2022-06-08 13:04:17,200] {logging_mixin.py:115} INFO - [2022-06-08 13:04:17,200] {dagbag.py:507} INFO - Filling up the DagBag from /home/james/airflowa/lib/python3.8/site-packages/airflow/example_dags/example_latest_only.py
[2022-06-08 13:04:17,204] {processor.py:651} INFO - DAG(s) dict_keys(['latest_only']) retrieved from /home/james/airflowa/lib/python3.8/site-packages/airflow/example_dags/example_latest_only.py
[2022-06-08 13:04:17,217] {logging_mixin.py:115} INFO - [2022-06-08 13:04:17,217] {dag.py:2379} INFO - Sync 1 DAGs
[2022-06-08 13:04:17,232] {logging_mixin.py:115} INFO - [2022-06-08 13:04:17,232] {dag.py:2927} INFO - Setting next_dagrun for latest_only to 2022-06-08T06:04:17.232219+00:00, run_after=2022-06-08T10:04:17.232219+00:00
[2022-06-08 13:04:17,244] {processor.py:161} INFO - Processing /home/james/airflowa/lib/python3.8/site-packages/airflow/example_dags/example_latest_only.py took 0.047 seconds
[2022-06-08 13:05:02,827] {processor.py:153} INFO - Started process (PID=126518) to work on /home/james/airflowa/lib/python3.8/site-packages/airflow/example_dags/example_latest_only.py
[2022-06-08 13:05:02,827] {processor.py:641} INFO - Processing file /home/james/airflowa/lib/python3.8/site-packages/airflow/example_dags/example_latest_only.py for tasks to queue
[2022-06-08 13:05:02,828] {logging_mixin.py:115} INFO - [2022-06-08 13:05:02,828] {dagbag.py:507} INFO - Filling up the DagBag from /home/james/airflowa/lib/python3.8/site-packages/airflow/example_dags/example_latest_only.py
[2022-06-08 13:05:02,832] {processor.py:651} INFO - DAG(s) dict_keys(['latest_only']) retrieved from /home/james/airflowa/lib/python3.8/site-packages/airflow/example_dags/example_latest_only.py
[2022-06-08 13:05:02,848] {logging_mixin.py:115} INFO - [2022-06-08 13:05:02,848] {dag.py:2379} INFO - Sync 1 DAGs
[2022-06-08 13:05:02,863] {logging_mixin.py:115} INFO - [2022-06-08 13:05:02,863] {dag.py:2927} INFO - Setting next_dagrun for latest_only to 2022-06-08T06:05:02.863050+00:00, run_after=2022-06-08T10:05:02.863050+00:00
[2022-06-08 13:05:02,874] {processor.py:161} INFO - Processing /home/james/airflowa/lib/python3.8/site-packages/airflow/example_dags/example_latest_only.py took 0.050 seconds
[2022-06-08 13:05:59,963] {processor.py:153} INFO - Started process (PID=126775) to work on /home/james/airflowa/lib/python3.8/site-packages/airflow/example_dags/example_latest_only.py
[2022-06-08 13:05:59,963] {processor.py:641} INFO - Processing file /home/james/airflowa/lib/python3.8/site-packages/airflow/example_dags/example_latest_only.py for tasks to queue
[2022-06-08 13:05:59,964] {logging_mixin.py:115} INFO - [2022-06-08 13:05:59,964] {dagbag.py:507} INFO - Filling up the DagBag from /home/james/airflowa/lib/python3.8/site-packages/airflow/example_dags/example_latest_only.py
[2022-06-08 13:05:59,970] {processor.py:651} INFO - DAG(s) dict_keys(['latest_only']) retrieved from /home/james/airflowa/lib/python3.8/site-packages/airflow/example_dags/example_latest_only.py
[2022-06-08 13:05:59,982] {logging_mixin.py:115} INFO - [2022-06-08 13:05:59,982] {dag.py:2379} INFO - Sync 1 DAGs
[2022-06-08 13:05:59,997] {logging_mixin.py:115} INFO - [2022-06-08 13:05:59,997] {dag.py:2927} INFO - Setting next_dagrun for latest_only to 2022-06-08T06:05:59.997669+00:00, run_after=2022-06-08T10:05:59.997669+00:00
[2022-06-08 13:06:00,011] {processor.py:161} INFO - Processing /home/james/airflowa/lib/python3.8/site-packages/airflow/example_dags/example_latest_only.py took 0.050 seconds
