[2022-06-08 09:03:52,345] {processor.py:153} INFO - Started process (PID=23649) to work on /home/james/airflowa/lib/python3.8/site-packages/airflow/example_dags/example_xcomargs.py
[2022-06-08 09:03:52,346] {processor.py:641} INFO - Processing file /home/james/airflowa/lib/python3.8/site-packages/airflow/example_dags/example_xcomargs.py for tasks to queue
[2022-06-08 09:03:52,346] {logging_mixin.py:115} INFO - [2022-06-08 09:03:52,346] {dagbag.py:507} INFO - Filling up the DagBag from /home/james/airflowa/lib/python3.8/site-packages/airflow/example_dags/example_xcomargs.py
[2022-06-08 09:03:52,362] {processor.py:651} INFO - DAG(s) dict_keys(['example_xcom_args', 'example_xcom_args_with_operators']) retrieved from /home/james/airflowa/lib/python3.8/site-packages/airflow/example_dags/example_xcomargs.py
[2022-06-08 09:03:52,410] {logging_mixin.py:115} INFO - [2022-06-08 09:03:52,410] {dag.py:2379} INFO - Sync 2 DAGs
[2022-06-08 09:03:52,425] {logging_mixin.py:115} INFO - [2022-06-08 09:03:52,425] {dag.py:2927} INFO - Setting next_dagrun for example_xcom_args to None, run_after=None
[2022-06-08 09:03:52,425] {logging_mixin.py:115} INFO - [2022-06-08 09:03:52,425] {dag.py:2927} INFO - Setting next_dagrun for example_xcom_args_with_operators to None, run_after=None
[2022-06-08 09:03:52,436] {processor.py:161} INFO - Processing /home/james/airflowa/lib/python3.8/site-packages/airflow/example_dags/example_xcomargs.py took 0.093 seconds
[2022-06-08 09:04:26,109] {processor.py:153} INFO - Started process (PID=23849) to work on /home/james/airflowa/lib/python3.8/site-packages/airflow/example_dags/example_xcomargs.py
[2022-06-08 09:04:26,110] {processor.py:641} INFO - Processing file /home/james/airflowa/lib/python3.8/site-packages/airflow/example_dags/example_xcomargs.py for tasks to queue
[2022-06-08 09:04:26,110] {logging_mixin.py:115} INFO - [2022-06-08 09:04:26,110] {dagbag.py:507} INFO - Filling up the DagBag from /home/james/airflowa/lib/python3.8/site-packages/airflow/example_dags/example_xcomargs.py
[2022-06-08 09:04:26,141] {processor.py:651} INFO - DAG(s) dict_keys(['example_xcom_args', 'example_xcom_args_with_operators']) retrieved from /home/james/airflowa/lib/python3.8/site-packages/airflow/example_dags/example_xcomargs.py
[2022-06-08 09:04:26,194] {logging_mixin.py:115} INFO - [2022-06-08 09:04:26,194] {dag.py:2379} INFO - Sync 2 DAGs
[2022-06-08 09:04:26,215] {logging_mixin.py:115} INFO - [2022-06-08 09:04:26,215] {dag.py:2927} INFO - Setting next_dagrun for example_xcom_args to None, run_after=None
[2022-06-08 09:04:26,215] {logging_mixin.py:115} INFO - [2022-06-08 09:04:26,215] {dag.py:2927} INFO - Setting next_dagrun for example_xcom_args_with_operators to None, run_after=None
[2022-06-08 09:04:26,235] {processor.py:161} INFO - Processing /home/james/airflowa/lib/python3.8/site-packages/airflow/example_dags/example_xcomargs.py took 0.128 seconds
[2022-06-08 09:05:00,649] {processor.py:153} INFO - Started process (PID=24006) to work on /home/james/airflowa/lib/python3.8/site-packages/airflow/example_dags/example_xcomargs.py
[2022-06-08 09:05:00,650] {processor.py:641} INFO - Processing file /home/james/airflowa/lib/python3.8/site-packages/airflow/example_dags/example_xcomargs.py for tasks to queue
[2022-06-08 09:05:00,651] {logging_mixin.py:115} INFO - [2022-06-08 09:05:00,650] {dagbag.py:507} INFO - Filling up the DagBag from /home/james/airflowa/lib/python3.8/site-packages/airflow/example_dags/example_xcomargs.py
[2022-06-08 09:05:00,667] {processor.py:651} INFO - DAG(s) dict_keys(['example_xcom_args', 'example_xcom_args_with_operators']) retrieved from /home/james/airflowa/lib/python3.8/site-packages/airflow/example_dags/example_xcomargs.py
[2022-06-08 09:05:00,682] {logging_mixin.py:115} INFO - [2022-06-08 09:05:00,682] {dag.py:2379} INFO - Sync 2 DAGs
[2022-06-08 09:05:00,696] {logging_mixin.py:115} INFO - [2022-06-08 09:05:00,696] {dag.py:2927} INFO - Setting next_dagrun for example_xcom_args to None, run_after=None
[2022-06-08 09:05:00,696] {logging_mixin.py:115} INFO - [2022-06-08 09:05:00,696] {dag.py:2927} INFO - Setting next_dagrun for example_xcom_args_with_operators to None, run_after=None
[2022-06-08 09:05:00,707] {processor.py:161} INFO - Processing /home/james/airflowa/lib/python3.8/site-packages/airflow/example_dags/example_xcomargs.py took 0.061 seconds
[2022-06-08 09:05:47,151] {processor.py:153} INFO - Started process (PID=24465) to work on /home/james/airflowa/lib/python3.8/site-packages/airflow/example_dags/example_xcomargs.py
[2022-06-08 09:05:47,151] {processor.py:641} INFO - Processing file /home/james/airflowa/lib/python3.8/site-packages/airflow/example_dags/example_xcomargs.py for tasks to queue
[2022-06-08 09:05:47,152] {logging_mixin.py:115} INFO - [2022-06-08 09:05:47,152] {dagbag.py:507} INFO - Filling up the DagBag from /home/james/airflowa/lib/python3.8/site-packages/airflow/example_dags/example_xcomargs.py
[2022-06-08 09:05:47,167] {processor.py:651} INFO - DAG(s) dict_keys(['example_xcom_args', 'example_xcom_args_with_operators']) retrieved from /home/james/airflowa/lib/python3.8/site-packages/airflow/example_dags/example_xcomargs.py
[2022-06-08 09:05:47,183] {logging_mixin.py:115} INFO - [2022-06-08 09:05:47,182] {dag.py:2379} INFO - Sync 2 DAGs
[2022-06-08 09:05:47,201] {logging_mixin.py:115} INFO - [2022-06-08 09:05:47,200] {dag.py:2927} INFO - Setting next_dagrun for example_xcom_args to None, run_after=None
[2022-06-08 09:05:47,201] {logging_mixin.py:115} INFO - [2022-06-08 09:05:47,201] {dag.py:2927} INFO - Setting next_dagrun for example_xcom_args_with_operators to None, run_after=None
[2022-06-08 09:05:47,213] {processor.py:161} INFO - Processing /home/james/airflowa/lib/python3.8/site-packages/airflow/example_dags/example_xcomargs.py took 0.064 seconds
[2022-06-08 09:06:54,881] {processor.py:153} INFO - Started process (PID=24981) to work on /home/james/airflowa/lib/python3.8/site-packages/airflow/example_dags/example_xcomargs.py
[2022-06-08 09:06:54,882] {processor.py:641} INFO - Processing file /home/james/airflowa/lib/python3.8/site-packages/airflow/example_dags/example_xcomargs.py for tasks to queue
[2022-06-08 09:06:54,883] {logging_mixin.py:115} INFO - [2022-06-08 09:06:54,882] {dagbag.py:507} INFO - Filling up the DagBag from /home/james/airflowa/lib/python3.8/site-packages/airflow/example_dags/example_xcomargs.py
[2022-06-08 09:06:54,914] {processor.py:651} INFO - DAG(s) dict_keys(['example_xcom_args', 'example_xcom_args_with_operators']) retrieved from /home/james/airflowa/lib/python3.8/site-packages/airflow/example_dags/example_xcomargs.py
[2022-06-08 09:06:54,982] {logging_mixin.py:115} INFO - [2022-06-08 09:06:54,982] {dag.py:2379} INFO - Sync 2 DAGs
[2022-06-08 09:06:55,010] {logging_mixin.py:115} INFO - [2022-06-08 09:06:55,010] {dag.py:2927} INFO - Setting next_dagrun for example_xcom_args to None, run_after=None
[2022-06-08 09:06:55,011] {logging_mixin.py:115} INFO - [2022-06-08 09:06:55,011] {dag.py:2927} INFO - Setting next_dagrun for example_xcom_args_with_operators to None, run_after=None
[2022-06-08 09:06:55,034] {processor.py:161} INFO - Processing /home/james/airflowa/lib/python3.8/site-packages/airflow/example_dags/example_xcomargs.py took 0.158 seconds
[2022-06-08 09:07:44,261] {processor.py:153} INFO - Started process (PID=25313) to work on /home/james/airflowa/lib/python3.8/site-packages/airflow/example_dags/example_xcomargs.py
[2022-06-08 09:07:44,261] {processor.py:641} INFO - Processing file /home/james/airflowa/lib/python3.8/site-packages/airflow/example_dags/example_xcomargs.py for tasks to queue
[2022-06-08 09:07:44,262] {logging_mixin.py:115} INFO - [2022-06-08 09:07:44,262] {dagbag.py:507} INFO - Filling up the DagBag from /home/james/airflowa/lib/python3.8/site-packages/airflow/example_dags/example_xcomargs.py
[2022-06-08 09:07:44,291] {processor.py:651} INFO - DAG(s) dict_keys(['example_xcom_args', 'example_xcom_args_with_operators']) retrieved from /home/james/airflowa/lib/python3.8/site-packages/airflow/example_dags/example_xcomargs.py
[2022-06-08 09:07:44,313] {logging_mixin.py:115} INFO - [2022-06-08 09:07:44,313] {dag.py:2379} INFO - Sync 2 DAGs
[2022-06-08 09:07:44,336] {logging_mixin.py:115} INFO - [2022-06-08 09:07:44,336] {dag.py:2927} INFO - Setting next_dagrun for example_xcom_args to None, run_after=None
[2022-06-08 09:07:44,336] {logging_mixin.py:115} INFO - [2022-06-08 09:07:44,336] {dag.py:2927} INFO - Setting next_dagrun for example_xcom_args_with_operators to None, run_after=None
[2022-06-08 09:07:44,351] {processor.py:161} INFO - Processing /home/james/airflowa/lib/python3.8/site-packages/airflow/example_dags/example_xcomargs.py took 0.094 seconds
[2022-06-08 09:08:31,722] {processor.py:153} INFO - Started process (PID=25569) to work on /home/james/airflowa/lib/python3.8/site-packages/airflow/example_dags/example_xcomargs.py
[2022-06-08 09:08:31,723] {processor.py:641} INFO - Processing file /home/james/airflowa/lib/python3.8/site-packages/airflow/example_dags/example_xcomargs.py for tasks to queue
[2022-06-08 09:08:31,724] {logging_mixin.py:115} INFO - [2022-06-08 09:08:31,724] {dagbag.py:507} INFO - Filling up the DagBag from /home/james/airflowa/lib/python3.8/site-packages/airflow/example_dags/example_xcomargs.py
[2022-06-08 09:08:31,756] {processor.py:651} INFO - DAG(s) dict_keys(['example_xcom_args', 'example_xcom_args_with_operators']) retrieved from /home/james/airflowa/lib/python3.8/site-packages/airflow/example_dags/example_xcomargs.py
[2022-06-08 09:08:31,841] {logging_mixin.py:115} INFO - [2022-06-08 09:08:31,841] {dag.py:2379} INFO - Sync 2 DAGs
[2022-06-08 09:08:31,878] {logging_mixin.py:115} INFO - [2022-06-08 09:08:31,878] {dag.py:2927} INFO - Setting next_dagrun for example_xcom_args to None, run_after=None
[2022-06-08 09:08:31,879] {logging_mixin.py:115} INFO - [2022-06-08 09:08:31,878] {dag.py:2927} INFO - Setting next_dagrun for example_xcom_args_with_operators to None, run_after=None
[2022-06-08 09:08:31,901] {processor.py:161} INFO - Processing /home/james/airflowa/lib/python3.8/site-packages/airflow/example_dags/example_xcomargs.py took 0.184 seconds
[2022-06-08 09:09:20,286] {processor.py:153} INFO - Started process (PID=25899) to work on /home/james/airflowa/lib/python3.8/site-packages/airflow/example_dags/example_xcomargs.py
[2022-06-08 09:09:20,288] {processor.py:641} INFO - Processing file /home/james/airflowa/lib/python3.8/site-packages/airflow/example_dags/example_xcomargs.py for tasks to queue
[2022-06-08 09:09:20,290] {logging_mixin.py:115} INFO - [2022-06-08 09:09:20,290] {dagbag.py:507} INFO - Filling up the DagBag from /home/james/airflowa/lib/python3.8/site-packages/airflow/example_dags/example_xcomargs.py
[2022-06-08 09:09:20,321] {processor.py:651} INFO - DAG(s) dict_keys(['example_xcom_args', 'example_xcom_args_with_operators']) retrieved from /home/james/airflowa/lib/python3.8/site-packages/airflow/example_dags/example_xcomargs.py
[2022-06-08 09:09:20,400] {logging_mixin.py:115} INFO - [2022-06-08 09:09:20,400] {dag.py:2379} INFO - Sync 2 DAGs
[2022-06-08 09:09:20,431] {logging_mixin.py:115} INFO - [2022-06-08 09:09:20,431] {dag.py:2927} INFO - Setting next_dagrun for example_xcom_args to None, run_after=None
[2022-06-08 09:09:20,432] {logging_mixin.py:115} INFO - [2022-06-08 09:09:20,432] {dag.py:2927} INFO - Setting next_dagrun for example_xcom_args_with_operators to None, run_after=None
[2022-06-08 09:09:20,450] {processor.py:161} INFO - Processing /home/james/airflowa/lib/python3.8/site-packages/airflow/example_dags/example_xcomargs.py took 0.168 seconds
[2022-06-08 09:10:13,603] {processor.py:153} INFO - Started process (PID=26565) to work on /home/james/airflowa/lib/python3.8/site-packages/airflow/example_dags/example_xcomargs.py
[2022-06-08 09:10:13,604] {processor.py:641} INFO - Processing file /home/james/airflowa/lib/python3.8/site-packages/airflow/example_dags/example_xcomargs.py for tasks to queue
[2022-06-08 09:10:13,604] {logging_mixin.py:115} INFO - [2022-06-08 09:10:13,604] {dagbag.py:507} INFO - Filling up the DagBag from /home/james/airflowa/lib/python3.8/site-packages/airflow/example_dags/example_xcomargs.py
[2022-06-08 09:10:13,631] {processor.py:651} INFO - DAG(s) dict_keys(['example_xcom_args', 'example_xcom_args_with_operators']) retrieved from /home/james/airflowa/lib/python3.8/site-packages/airflow/example_dags/example_xcomargs.py
[2022-06-08 09:10:13,695] {logging_mixin.py:115} INFO - [2022-06-08 09:10:13,695] {dag.py:2379} INFO - Sync 2 DAGs
[2022-06-08 09:10:13,718] {logging_mixin.py:115} INFO - [2022-06-08 09:10:13,718] {dag.py:2927} INFO - Setting next_dagrun for example_xcom_args to None, run_after=None
[2022-06-08 09:10:13,719] {logging_mixin.py:115} INFO - [2022-06-08 09:10:13,718] {dag.py:2927} INFO - Setting next_dagrun for example_xcom_args_with_operators to None, run_after=None
[2022-06-08 09:10:13,735] {processor.py:161} INFO - Processing /home/james/airflowa/lib/python3.8/site-packages/airflow/example_dags/example_xcomargs.py took 0.136 seconds
[2022-06-08 09:11:14,870] {processor.py:153} INFO - Started process (PID=27060) to work on /home/james/airflowa/lib/python3.8/site-packages/airflow/example_dags/example_xcomargs.py
[2022-06-08 09:11:14,871] {processor.py:641} INFO - Processing file /home/james/airflowa/lib/python3.8/site-packages/airflow/example_dags/example_xcomargs.py for tasks to queue
[2022-06-08 09:11:14,871] {logging_mixin.py:115} INFO - [2022-06-08 09:11:14,871] {dagbag.py:507} INFO - Filling up the DagBag from /home/james/airflowa/lib/python3.8/site-packages/airflow/example_dags/example_xcomargs.py
[2022-06-08 09:11:14,906] {processor.py:651} INFO - DAG(s) dict_keys(['example_xcom_args', 'example_xcom_args_with_operators']) retrieved from /home/james/airflowa/lib/python3.8/site-packages/airflow/example_dags/example_xcomargs.py
[2022-06-08 09:11:14,988] {logging_mixin.py:115} INFO - [2022-06-08 09:11:14,987] {dag.py:2379} INFO - Sync 2 DAGs
[2022-06-08 09:11:15,016] {logging_mixin.py:115} INFO - [2022-06-08 09:11:15,016] {dag.py:2927} INFO - Setting next_dagrun for example_xcom_args to None, run_after=None
[2022-06-08 09:11:15,016] {logging_mixin.py:115} INFO - [2022-06-08 09:11:15,016] {dag.py:2927} INFO - Setting next_dagrun for example_xcom_args_with_operators to None, run_after=None
[2022-06-08 09:11:15,035] {processor.py:161} INFO - Processing /home/james/airflowa/lib/python3.8/site-packages/airflow/example_dags/example_xcomargs.py took 0.169 seconds
[2022-06-08 09:12:35,936] {processor.py:153} INFO - Started process (PID=27503) to work on /home/james/airflowa/lib/python3.8/site-packages/airflow/example_dags/example_xcomargs.py
[2022-06-08 09:12:35,940] {processor.py:641} INFO - Processing file /home/james/airflowa/lib/python3.8/site-packages/airflow/example_dags/example_xcomargs.py for tasks to queue
[2022-06-08 09:12:35,941] {logging_mixin.py:115} INFO - [2022-06-08 09:12:35,941] {dagbag.py:507} INFO - Filling up the DagBag from /home/james/airflowa/lib/python3.8/site-packages/airflow/example_dags/example_xcomargs.py
[2022-06-08 09:12:35,997] {processor.py:651} INFO - DAG(s) dict_keys(['example_xcom_args', 'example_xcom_args_with_operators']) retrieved from /home/james/airflowa/lib/python3.8/site-packages/airflow/example_dags/example_xcomargs.py
[2022-06-08 09:12:36,037] {logging_mixin.py:115} INFO - [2022-06-08 09:12:36,037] {dag.py:2379} INFO - Sync 2 DAGs
[2022-06-08 09:12:36,084] {logging_mixin.py:115} INFO - [2022-06-08 09:12:36,084] {dag.py:2927} INFO - Setting next_dagrun for example_xcom_args to None, run_after=None
[2022-06-08 09:12:36,085] {logging_mixin.py:115} INFO - [2022-06-08 09:12:36,085] {dag.py:2927} INFO - Setting next_dagrun for example_xcom_args_with_operators to None, run_after=None
[2022-06-08 09:12:36,117] {processor.py:161} INFO - Processing /home/james/airflowa/lib/python3.8/site-packages/airflow/example_dags/example_xcomargs.py took 0.188 seconds
[2022-06-08 09:14:25,606] {processor.py:153} INFO - Started process (PID=28146) to work on /home/james/airflowa/lib/python3.8/site-packages/airflow/example_dags/example_xcomargs.py
[2022-06-08 09:14:25,607] {processor.py:641} INFO - Processing file /home/james/airflowa/lib/python3.8/site-packages/airflow/example_dags/example_xcomargs.py for tasks to queue
[2022-06-08 09:14:25,608] {logging_mixin.py:115} INFO - [2022-06-08 09:14:25,608] {dagbag.py:507} INFO - Filling up the DagBag from /home/james/airflowa/lib/python3.8/site-packages/airflow/example_dags/example_xcomargs.py
[2022-06-08 09:14:25,651] {processor.py:651} INFO - DAG(s) dict_keys(['example_xcom_args', 'example_xcom_args_with_operators']) retrieved from /home/james/airflowa/lib/python3.8/site-packages/airflow/example_dags/example_xcomargs.py
[2022-06-08 09:14:25,749] {logging_mixin.py:115} INFO - [2022-06-08 09:14:25,749] {dag.py:2379} INFO - Sync 2 DAGs
[2022-06-08 09:14:25,791] {logging_mixin.py:115} INFO - [2022-06-08 09:14:25,791] {dag.py:2927} INFO - Setting next_dagrun for example_xcom_args to None, run_after=None
[2022-06-08 09:14:25,792] {logging_mixin.py:115} INFO - [2022-06-08 09:14:25,792] {dag.py:2927} INFO - Setting next_dagrun for example_xcom_args_with_operators to None, run_after=None
[2022-06-08 09:14:25,822] {processor.py:161} INFO - Processing /home/james/airflowa/lib/python3.8/site-packages/airflow/example_dags/example_xcomargs.py took 0.221 seconds
[2022-06-08 09:16:07,297] {processor.py:153} INFO - Started process (PID=29326) to work on /home/james/airflowa/lib/python3.8/site-packages/airflow/example_dags/example_xcomargs.py
[2022-06-08 09:16:07,298] {processor.py:641} INFO - Processing file /home/james/airflowa/lib/python3.8/site-packages/airflow/example_dags/example_xcomargs.py for tasks to queue
[2022-06-08 09:16:07,299] {logging_mixin.py:115} INFO - [2022-06-08 09:16:07,299] {dagbag.py:507} INFO - Filling up the DagBag from /home/james/airflowa/lib/python3.8/site-packages/airflow/example_dags/example_xcomargs.py
[2022-06-08 09:16:07,342] {processor.py:651} INFO - DAG(s) dict_keys(['example_xcom_args', 'example_xcom_args_with_operators']) retrieved from /home/james/airflowa/lib/python3.8/site-packages/airflow/example_dags/example_xcomargs.py
[2022-06-08 09:16:07,377] {logging_mixin.py:115} INFO - [2022-06-08 09:16:07,377] {dag.py:2379} INFO - Sync 2 DAGs
[2022-06-08 09:16:07,412] {logging_mixin.py:115} INFO - [2022-06-08 09:16:07,412] {dag.py:2927} INFO - Setting next_dagrun for example_xcom_args to None, run_after=None
[2022-06-08 09:16:07,412] {logging_mixin.py:115} INFO - [2022-06-08 09:16:07,412] {dag.py:2927} INFO - Setting next_dagrun for example_xcom_args_with_operators to None, run_after=None
[2022-06-08 09:16:07,439] {processor.py:161} INFO - Processing /home/james/airflowa/lib/python3.8/site-packages/airflow/example_dags/example_xcomargs.py took 0.147 seconds
[2022-06-08 09:17:54,979] {processor.py:153} INFO - Started process (PID=30498) to work on /home/james/airflowa/lib/python3.8/site-packages/airflow/example_dags/example_xcomargs.py
[2022-06-08 09:17:54,980] {processor.py:641} INFO - Processing file /home/james/airflowa/lib/python3.8/site-packages/airflow/example_dags/example_xcomargs.py for tasks to queue
[2022-06-08 09:17:54,980] {logging_mixin.py:115} INFO - [2022-06-08 09:17:54,980] {dagbag.py:507} INFO - Filling up the DagBag from /home/james/airflowa/lib/python3.8/site-packages/airflow/example_dags/example_xcomargs.py
[2022-06-08 09:17:55,018] {processor.py:651} INFO - DAG(s) dict_keys(['example_xcom_args', 'example_xcom_args_with_operators']) retrieved from /home/james/airflowa/lib/python3.8/site-packages/airflow/example_dags/example_xcomargs.py
[2022-06-08 09:17:55,049] {logging_mixin.py:115} INFO - [2022-06-08 09:17:55,049] {dag.py:2379} INFO - Sync 2 DAGs
[2022-06-08 09:17:55,084] {logging_mixin.py:115} INFO - [2022-06-08 09:17:55,084] {dag.py:2927} INFO - Setting next_dagrun for example_xcom_args to None, run_after=None
[2022-06-08 09:17:55,085] {logging_mixin.py:115} INFO - [2022-06-08 09:17:55,085] {dag.py:2927} INFO - Setting next_dagrun for example_xcom_args_with_operators to None, run_after=None
[2022-06-08 09:17:55,106] {processor.py:161} INFO - Processing /home/james/airflowa/lib/python3.8/site-packages/airflow/example_dags/example_xcomargs.py took 0.132 seconds
[2022-06-08 09:19:49,975] {processor.py:153} INFO - Started process (PID=31183) to work on /home/james/airflowa/lib/python3.8/site-packages/airflow/example_dags/example_xcomargs.py
[2022-06-08 09:19:49,977] {processor.py:641} INFO - Processing file /home/james/airflowa/lib/python3.8/site-packages/airflow/example_dags/example_xcomargs.py for tasks to queue
[2022-06-08 09:19:49,979] {logging_mixin.py:115} INFO - [2022-06-08 09:19:49,978] {dagbag.py:507} INFO - Filling up the DagBag from /home/james/airflowa/lib/python3.8/site-packages/airflow/example_dags/example_xcomargs.py
[2022-06-08 09:19:50,044] {processor.py:651} INFO - DAG(s) dict_keys(['example_xcom_args', 'example_xcom_args_with_operators']) retrieved from /home/james/airflowa/lib/python3.8/site-packages/airflow/example_dags/example_xcomargs.py
[2022-06-08 09:19:50,191] {logging_mixin.py:115} INFO - [2022-06-08 09:19:50,191] {dag.py:2379} INFO - Sync 2 DAGs
[2022-06-08 09:19:50,241] {logging_mixin.py:115} INFO - [2022-06-08 09:19:50,241] {dag.py:2927} INFO - Setting next_dagrun for example_xcom_args to None, run_after=None
[2022-06-08 09:19:50,242] {logging_mixin.py:115} INFO - [2022-06-08 09:19:50,242] {dag.py:2927} INFO - Setting next_dagrun for example_xcom_args_with_operators to None, run_after=None
[2022-06-08 09:19:50,311] {processor.py:161} INFO - Processing /home/james/airflowa/lib/python3.8/site-packages/airflow/example_dags/example_xcomargs.py took 0.344 seconds
[2022-06-08 09:22:03,652] {processor.py:153} INFO - Started process (PID=32817) to work on /home/james/airflowa/lib/python3.8/site-packages/airflow/example_dags/example_xcomargs.py
[2022-06-08 09:22:03,658] {processor.py:641} INFO - Processing file /home/james/airflowa/lib/python3.8/site-packages/airflow/example_dags/example_xcomargs.py for tasks to queue
[2022-06-08 09:22:03,659] {logging_mixin.py:115} INFO - [2022-06-08 09:22:03,659] {dagbag.py:507} INFO - Filling up the DagBag from /home/james/airflowa/lib/python3.8/site-packages/airflow/example_dags/example_xcomargs.py
[2022-06-08 09:22:03,733] {processor.py:651} INFO - DAG(s) dict_keys(['example_xcom_args', 'example_xcom_args_with_operators']) retrieved from /home/james/airflowa/lib/python3.8/site-packages/airflow/example_dags/example_xcomargs.py
[2022-06-08 09:22:03,774] {logging_mixin.py:115} INFO - [2022-06-08 09:22:03,774] {dag.py:2379} INFO - Sync 2 DAGs
[2022-06-08 09:22:03,812] {logging_mixin.py:115} INFO - [2022-06-08 09:22:03,811] {dag.py:2927} INFO - Setting next_dagrun for example_xcom_args to None, run_after=None
[2022-06-08 09:22:03,812] {logging_mixin.py:115} INFO - [2022-06-08 09:22:03,812] {dag.py:2927} INFO - Setting next_dagrun for example_xcom_args_with_operators to None, run_after=None
[2022-06-08 09:22:03,837] {processor.py:161} INFO - Processing /home/james/airflowa/lib/python3.8/site-packages/airflow/example_dags/example_xcomargs.py took 0.193 seconds
[2022-06-08 09:24:08,260] {processor.py:153} INFO - Started process (PID=33526) to work on /home/james/airflowa/lib/python3.8/site-packages/airflow/example_dags/example_xcomargs.py
[2022-06-08 09:24:08,263] {processor.py:641} INFO - Processing file /home/james/airflowa/lib/python3.8/site-packages/airflow/example_dags/example_xcomargs.py for tasks to queue
[2022-06-08 09:24:08,265] {logging_mixin.py:115} INFO - [2022-06-08 09:24:08,265] {dagbag.py:507} INFO - Filling up the DagBag from /home/james/airflowa/lib/python3.8/site-packages/airflow/example_dags/example_xcomargs.py
[2022-06-08 09:24:08,322] {processor.py:651} INFO - DAG(s) dict_keys(['example_xcom_args', 'example_xcom_args_with_operators']) retrieved from /home/james/airflowa/lib/python3.8/site-packages/airflow/example_dags/example_xcomargs.py
[2022-06-08 09:24:08,493] {logging_mixin.py:115} INFO - [2022-06-08 09:24:08,493] {dag.py:2379} INFO - Sync 2 DAGs
[2022-06-08 09:24:08,539] {logging_mixin.py:115} INFO - [2022-06-08 09:24:08,539] {dag.py:2927} INFO - Setting next_dagrun for example_xcom_args to None, run_after=None
[2022-06-08 09:24:08,540] {logging_mixin.py:115} INFO - [2022-06-08 09:24:08,540] {dag.py:2927} INFO - Setting next_dagrun for example_xcom_args_with_operators to None, run_after=None
[2022-06-08 09:24:08,586] {processor.py:161} INFO - Processing /home/james/airflowa/lib/python3.8/site-packages/airflow/example_dags/example_xcomargs.py took 0.334 seconds
[2022-06-08 09:26:29,056] {processor.py:153} INFO - Started process (PID=34425) to work on /home/james/airflowa/lib/python3.8/site-packages/airflow/example_dags/example_xcomargs.py
[2022-06-08 09:26:29,057] {processor.py:641} INFO - Processing file /home/james/airflowa/lib/python3.8/site-packages/airflow/example_dags/example_xcomargs.py for tasks to queue
[2022-06-08 09:26:29,058] {logging_mixin.py:115} INFO - [2022-06-08 09:26:29,057] {dagbag.py:507} INFO - Filling up the DagBag from /home/james/airflowa/lib/python3.8/site-packages/airflow/example_dags/example_xcomargs.py
[2022-06-08 09:26:29,077] {processor.py:651} INFO - DAG(s) dict_keys(['example_xcom_args', 'example_xcom_args_with_operators']) retrieved from /home/james/airflowa/lib/python3.8/site-packages/airflow/example_dags/example_xcomargs.py
[2022-06-08 09:26:29,092] {logging_mixin.py:115} INFO - [2022-06-08 09:26:29,091] {dag.py:2379} INFO - Sync 2 DAGs
[2022-06-08 09:26:29,107] {logging_mixin.py:115} INFO - [2022-06-08 09:26:29,107] {dag.py:2927} INFO - Setting next_dagrun for example_xcom_args to None, run_after=None
[2022-06-08 09:26:29,107] {logging_mixin.py:115} INFO - [2022-06-08 09:26:29,107] {dag.py:2927} INFO - Setting next_dagrun for example_xcom_args_with_operators to None, run_after=None
[2022-06-08 09:26:29,121] {processor.py:161} INFO - Processing /home/james/airflowa/lib/python3.8/site-packages/airflow/example_dags/example_xcomargs.py took 0.067 seconds
[2022-06-08 09:28:19,821] {processor.py:153} INFO - Started process (PID=34921) to work on /home/james/airflowa/lib/python3.8/site-packages/airflow/example_dags/example_xcomargs.py
[2022-06-08 09:28:19,822] {processor.py:641} INFO - Processing file /home/james/airflowa/lib/python3.8/site-packages/airflow/example_dags/example_xcomargs.py for tasks to queue
[2022-06-08 09:28:19,823] {logging_mixin.py:115} INFO - [2022-06-08 09:28:19,823] {dagbag.py:507} INFO - Filling up the DagBag from /home/james/airflowa/lib/python3.8/site-packages/airflow/example_dags/example_xcomargs.py
[2022-06-08 09:28:19,872] {processor.py:651} INFO - DAG(s) dict_keys(['example_xcom_args', 'example_xcom_args_with_operators']) retrieved from /home/james/airflowa/lib/python3.8/site-packages/airflow/example_dags/example_xcomargs.py
[2022-06-08 09:28:19,986] {logging_mixin.py:115} INFO - [2022-06-08 09:28:19,986] {dag.py:2379} INFO - Sync 2 DAGs
[2022-06-08 09:28:20,027] {logging_mixin.py:115} INFO - [2022-06-08 09:28:20,027] {dag.py:2927} INFO - Setting next_dagrun for example_xcom_args to None, run_after=None
[2022-06-08 09:28:20,028] {logging_mixin.py:115} INFO - [2022-06-08 09:28:20,028] {dag.py:2927} INFO - Setting next_dagrun for example_xcom_args_with_operators to None, run_after=None
[2022-06-08 09:28:20,055] {processor.py:161} INFO - Processing /home/james/airflowa/lib/python3.8/site-packages/airflow/example_dags/example_xcomargs.py took 0.240 seconds
[2022-06-08 11:27:35,692] {processor.py:153} INFO - Started process (PID=76506) to work on /home/james/airflowa/lib/python3.8/site-packages/airflow/example_dags/example_xcomargs.py
[2022-06-08 11:27:35,693] {processor.py:641} INFO - Processing file /home/james/airflowa/lib/python3.8/site-packages/airflow/example_dags/example_xcomargs.py for tasks to queue
[2022-06-08 11:27:35,693] {logging_mixin.py:115} INFO - [2022-06-08 11:27:35,693] {dagbag.py:507} INFO - Filling up the DagBag from /home/james/airflowa/lib/python3.8/site-packages/airflow/example_dags/example_xcomargs.py
[2022-06-08 11:27:35,708] {processor.py:651} INFO - DAG(s) dict_keys(['example_xcom_args', 'example_xcom_args_with_operators']) retrieved from /home/james/airflowa/lib/python3.8/site-packages/airflow/example_dags/example_xcomargs.py
[2022-06-08 11:27:35,747] {logging_mixin.py:115} INFO - [2022-06-08 11:27:35,747] {dag.py:2379} INFO - Sync 2 DAGs
[2022-06-08 11:27:35,761] {logging_mixin.py:115} INFO - [2022-06-08 11:27:35,761] {dag.py:2927} INFO - Setting next_dagrun for example_xcom_args to None, run_after=None
[2022-06-08 11:27:35,761] {logging_mixin.py:115} INFO - [2022-06-08 11:27:35,761] {dag.py:2927} INFO - Setting next_dagrun for example_xcom_args_with_operators to None, run_after=None
[2022-06-08 11:27:35,773] {processor.py:161} INFO - Processing /home/james/airflowa/lib/python3.8/site-packages/airflow/example_dags/example_xcomargs.py took 0.083 seconds
[2022-06-08 11:28:10,599] {processor.py:153} INFO - Started process (PID=76746) to work on /home/james/airflowa/lib/python3.8/site-packages/airflow/example_dags/example_xcomargs.py
[2022-06-08 11:28:10,600] {processor.py:641} INFO - Processing file /home/james/airflowa/lib/python3.8/site-packages/airflow/example_dags/example_xcomargs.py for tasks to queue
[2022-06-08 11:28:10,601] {logging_mixin.py:115} INFO - [2022-06-08 11:28:10,601] {dagbag.py:507} INFO - Filling up the DagBag from /home/james/airflowa/lib/python3.8/site-packages/airflow/example_dags/example_xcomargs.py
[2022-06-08 11:28:10,623] {processor.py:651} INFO - DAG(s) dict_keys(['example_xcom_args', 'example_xcom_args_with_operators']) retrieved from /home/james/airflowa/lib/python3.8/site-packages/airflow/example_dags/example_xcomargs.py
[2022-06-08 11:28:10,677] {logging_mixin.py:115} INFO - [2022-06-08 11:28:10,677] {dag.py:2379} INFO - Sync 2 DAGs
[2022-06-08 11:28:10,701] {logging_mixin.py:115} INFO - [2022-06-08 11:28:10,701] {dag.py:2927} INFO - Setting next_dagrun for example_xcom_args to None, run_after=None
[2022-06-08 11:28:10,701] {logging_mixin.py:115} INFO - [2022-06-08 11:28:10,701] {dag.py:2927} INFO - Setting next_dagrun for example_xcom_args_with_operators to None, run_after=None
[2022-06-08 11:28:10,719] {processor.py:161} INFO - Processing /home/james/airflowa/lib/python3.8/site-packages/airflow/example_dags/example_xcomargs.py took 0.122 seconds
[2022-06-08 11:28:47,969] {processor.py:153} INFO - Started process (PID=77007) to work on /home/james/airflowa/lib/python3.8/site-packages/airflow/example_dags/example_xcomargs.py
[2022-06-08 11:28:47,970] {processor.py:641} INFO - Processing file /home/james/airflowa/lib/python3.8/site-packages/airflow/example_dags/example_xcomargs.py for tasks to queue
[2022-06-08 11:28:47,971] {logging_mixin.py:115} INFO - [2022-06-08 11:28:47,971] {dagbag.py:507} INFO - Filling up the DagBag from /home/james/airflowa/lib/python3.8/site-packages/airflow/example_dags/example_xcomargs.py
[2022-06-08 11:28:47,989] {processor.py:651} INFO - DAG(s) dict_keys(['example_xcom_args', 'example_xcom_args_with_operators']) retrieved from /home/james/airflowa/lib/python3.8/site-packages/airflow/example_dags/example_xcomargs.py
[2022-06-08 11:28:48,027] {logging_mixin.py:115} INFO - [2022-06-08 11:28:48,027] {dag.py:2379} INFO - Sync 2 DAGs
[2022-06-08 11:28:48,043] {logging_mixin.py:115} INFO - [2022-06-08 11:28:48,043] {dag.py:2927} INFO - Setting next_dagrun for example_xcom_args to None, run_after=None
[2022-06-08 11:28:48,044] {logging_mixin.py:115} INFO - [2022-06-08 11:28:48,044] {dag.py:2927} INFO - Setting next_dagrun for example_xcom_args_with_operators to None, run_after=None
[2022-06-08 11:28:48,057] {processor.py:161} INFO - Processing /home/james/airflowa/lib/python3.8/site-packages/airflow/example_dags/example_xcomargs.py took 0.091 seconds
[2022-06-08 11:29:28,020] {processor.py:153} INFO - Started process (PID=77473) to work on /home/james/airflowa/lib/python3.8/site-packages/airflow/example_dags/example_xcomargs.py
[2022-06-08 11:29:28,020] {processor.py:641} INFO - Processing file /home/james/airflowa/lib/python3.8/site-packages/airflow/example_dags/example_xcomargs.py for tasks to queue
[2022-06-08 11:29:28,021] {logging_mixin.py:115} INFO - [2022-06-08 11:29:28,021] {dagbag.py:507} INFO - Filling up the DagBag from /home/james/airflowa/lib/python3.8/site-packages/airflow/example_dags/example_xcomargs.py
[2022-06-08 11:29:28,036] {processor.py:651} INFO - DAG(s) dict_keys(['example_xcom_args', 'example_xcom_args_with_operators']) retrieved from /home/james/airflowa/lib/python3.8/site-packages/airflow/example_dags/example_xcomargs.py
[2022-06-08 11:29:28,079] {logging_mixin.py:115} INFO - [2022-06-08 11:29:28,078] {dag.py:2379} INFO - Sync 2 DAGs
[2022-06-08 11:29:28,093] {logging_mixin.py:115} INFO - [2022-06-08 11:29:28,093] {dag.py:2927} INFO - Setting next_dagrun for example_xcom_args to None, run_after=None
[2022-06-08 11:29:28,093] {logging_mixin.py:115} INFO - [2022-06-08 11:29:28,093] {dag.py:2927} INFO - Setting next_dagrun for example_xcom_args_with_operators to None, run_after=None
[2022-06-08 11:29:28,106] {processor.py:161} INFO - Processing /home/james/airflowa/lib/python3.8/site-packages/airflow/example_dags/example_xcomargs.py took 0.088 seconds
[2022-06-08 11:31:00,230] {processor.py:153} INFO - Started process (PID=78340) to work on /home/james/airflowa/lib/python3.8/site-packages/airflow/example_dags/example_xcomargs.py
[2022-06-08 11:31:00,231] {processor.py:641} INFO - Processing file /home/james/airflowa/lib/python3.8/site-packages/airflow/example_dags/example_xcomargs.py for tasks to queue
[2022-06-08 11:31:00,232] {logging_mixin.py:115} INFO - [2022-06-08 11:31:00,232] {dagbag.py:507} INFO - Filling up the DagBag from /home/james/airflowa/lib/python3.8/site-packages/airflow/example_dags/example_xcomargs.py
[2022-06-08 11:31:00,260] {processor.py:651} INFO - DAG(s) dict_keys(['example_xcom_args', 'example_xcom_args_with_operators']) retrieved from /home/james/airflowa/lib/python3.8/site-packages/airflow/example_dags/example_xcomargs.py
[2022-06-08 11:31:00,319] {logging_mixin.py:115} INFO - [2022-06-08 11:31:00,319] {dag.py:2379} INFO - Sync 2 DAGs
[2022-06-08 11:31:00,343] {logging_mixin.py:115} INFO - [2022-06-08 11:31:00,342] {dag.py:2927} INFO - Setting next_dagrun for example_xcom_args to None, run_after=None
[2022-06-08 11:31:00,343] {logging_mixin.py:115} INFO - [2022-06-08 11:31:00,343] {dag.py:2927} INFO - Setting next_dagrun for example_xcom_args_with_operators to None, run_after=None
[2022-06-08 11:31:00,360] {processor.py:161} INFO - Processing /home/james/airflowa/lib/python3.8/site-packages/airflow/example_dags/example_xcomargs.py took 0.134 seconds
[2022-06-08 11:31:53,927] {processor.py:153} INFO - Started process (PID=78707) to work on /home/james/airflowa/lib/python3.8/site-packages/airflow/example_dags/example_xcomargs.py
[2022-06-08 11:31:53,928] {processor.py:641} INFO - Processing file /home/james/airflowa/lib/python3.8/site-packages/airflow/example_dags/example_xcomargs.py for tasks to queue
[2022-06-08 11:31:53,929] {logging_mixin.py:115} INFO - [2022-06-08 11:31:53,929] {dagbag.py:507} INFO - Filling up the DagBag from /home/james/airflowa/lib/python3.8/site-packages/airflow/example_dags/example_xcomargs.py
[2022-06-08 11:31:53,972] {processor.py:651} INFO - DAG(s) dict_keys(['example_xcom_args', 'example_xcom_args_with_operators']) retrieved from /home/james/airflowa/lib/python3.8/site-packages/airflow/example_dags/example_xcomargs.py
[2022-06-08 11:31:54,084] {logging_mixin.py:115} INFO - [2022-06-08 11:31:54,084] {dag.py:2379} INFO - Sync 2 DAGs
[2022-06-08 11:31:54,123] {logging_mixin.py:115} INFO - [2022-06-08 11:31:54,123] {dag.py:2927} INFO - Setting next_dagrun for example_xcom_args to None, run_after=None
[2022-06-08 11:31:54,124] {logging_mixin.py:115} INFO - [2022-06-08 11:31:54,124] {dag.py:2927} INFO - Setting next_dagrun for example_xcom_args_with_operators to None, run_after=None
[2022-06-08 11:31:54,157] {processor.py:161} INFO - Processing /home/james/airflowa/lib/python3.8/site-packages/airflow/example_dags/example_xcomargs.py took 0.234 seconds
[2022-06-08 11:32:41,000] {processor.py:153} INFO - Started process (PID=78970) to work on /home/james/airflowa/lib/python3.8/site-packages/airflow/example_dags/example_xcomargs.py
[2022-06-08 11:32:41,001] {processor.py:641} INFO - Processing file /home/james/airflowa/lib/python3.8/site-packages/airflow/example_dags/example_xcomargs.py for tasks to queue
[2022-06-08 11:32:41,002] {logging_mixin.py:115} INFO - [2022-06-08 11:32:41,002] {dagbag.py:507} INFO - Filling up the DagBag from /home/james/airflowa/lib/python3.8/site-packages/airflow/example_dags/example_xcomargs.py
[2022-06-08 11:32:41,027] {processor.py:651} INFO - DAG(s) dict_keys(['example_xcom_args', 'example_xcom_args_with_operators']) retrieved from /home/james/airflowa/lib/python3.8/site-packages/airflow/example_dags/example_xcomargs.py
[2022-06-08 11:32:41,093] {logging_mixin.py:115} INFO - [2022-06-08 11:32:41,093] {dag.py:2379} INFO - Sync 2 DAGs
[2022-06-08 11:32:41,121] {logging_mixin.py:115} INFO - [2022-06-08 11:32:41,121] {dag.py:2927} INFO - Setting next_dagrun for example_xcom_args to None, run_after=None
[2022-06-08 11:32:41,121] {logging_mixin.py:115} INFO - [2022-06-08 11:32:41,121] {dag.py:2927} INFO - Setting next_dagrun for example_xcom_args_with_operators to None, run_after=None
[2022-06-08 11:32:41,153] {processor.py:161} INFO - Processing /home/james/airflowa/lib/python3.8/site-packages/airflow/example_dags/example_xcomargs.py took 0.156 seconds
[2022-06-08 11:33:29,003] {processor.py:153} INFO - Started process (PID=79293) to work on /home/james/airflowa/lib/python3.8/site-packages/airflow/example_dags/example_xcomargs.py
[2022-06-08 11:33:29,004] {processor.py:641} INFO - Processing file /home/james/airflowa/lib/python3.8/site-packages/airflow/example_dags/example_xcomargs.py for tasks to queue
[2022-06-08 11:33:29,005] {logging_mixin.py:115} INFO - [2022-06-08 11:33:29,005] {dagbag.py:507} INFO - Filling up the DagBag from /home/james/airflowa/lib/python3.8/site-packages/airflow/example_dags/example_xcomargs.py
[2022-06-08 11:33:29,030] {processor.py:651} INFO - DAG(s) dict_keys(['example_xcom_args', 'example_xcom_args_with_operators']) retrieved from /home/james/airflowa/lib/python3.8/site-packages/airflow/example_dags/example_xcomargs.py
[2022-06-08 11:33:29,125] {logging_mixin.py:115} INFO - [2022-06-08 11:33:29,124] {dag.py:2379} INFO - Sync 2 DAGs
[2022-06-08 11:33:29,163] {logging_mixin.py:115} INFO - [2022-06-08 11:33:29,163] {dag.py:2927} INFO - Setting next_dagrun for example_xcom_args to None, run_after=None
[2022-06-08 11:33:29,163] {logging_mixin.py:115} INFO - [2022-06-08 11:33:29,163] {dag.py:2927} INFO - Setting next_dagrun for example_xcom_args_with_operators to None, run_after=None
[2022-06-08 11:33:29,191] {processor.py:161} INFO - Processing /home/james/airflowa/lib/python3.8/site-packages/airflow/example_dags/example_xcomargs.py took 0.191 seconds
[2022-06-08 11:34:19,454] {processor.py:153} INFO - Started process (PID=79731) to work on /home/james/airflowa/lib/python3.8/site-packages/airflow/example_dags/example_xcomargs.py
[2022-06-08 11:34:19,456] {processor.py:641} INFO - Processing file /home/james/airflowa/lib/python3.8/site-packages/airflow/example_dags/example_xcomargs.py for tasks to queue
[2022-06-08 11:34:19,456] {logging_mixin.py:115} INFO - [2022-06-08 11:34:19,456] {dagbag.py:507} INFO - Filling up the DagBag from /home/james/airflowa/lib/python3.8/site-packages/airflow/example_dags/example_xcomargs.py
[2022-06-08 11:34:19,487] {processor.py:651} INFO - DAG(s) dict_keys(['example_xcom_args', 'example_xcom_args_with_operators']) retrieved from /home/james/airflowa/lib/python3.8/site-packages/airflow/example_dags/example_xcomargs.py
[2022-06-08 11:34:19,564] {logging_mixin.py:115} INFO - [2022-06-08 11:34:19,564] {dag.py:2379} INFO - Sync 2 DAGs
[2022-06-08 11:34:19,593] {logging_mixin.py:115} INFO - [2022-06-08 11:34:19,593] {dag.py:2927} INFO - Setting next_dagrun for example_xcom_args to None, run_after=None
[2022-06-08 11:34:19,593] {logging_mixin.py:115} INFO - [2022-06-08 11:34:19,593] {dag.py:2927} INFO - Setting next_dagrun for example_xcom_args_with_operators to None, run_after=None
[2022-06-08 11:34:19,610] {processor.py:161} INFO - Processing /home/james/airflowa/lib/python3.8/site-packages/airflow/example_dags/example_xcomargs.py took 0.162 seconds
[2022-06-08 11:35:09,877] {processor.py:153} INFO - Started process (PID=80202) to work on /home/james/airflowa/lib/python3.8/site-packages/airflow/example_dags/example_xcomargs.py
[2022-06-08 11:35:09,877] {processor.py:641} INFO - Processing file /home/james/airflowa/lib/python3.8/site-packages/airflow/example_dags/example_xcomargs.py for tasks to queue
[2022-06-08 11:35:09,878] {logging_mixin.py:115} INFO - [2022-06-08 11:35:09,878] {dagbag.py:507} INFO - Filling up the DagBag from /home/james/airflowa/lib/python3.8/site-packages/airflow/example_dags/example_xcomargs.py
[2022-06-08 11:35:09,899] {processor.py:651} INFO - DAG(s) dict_keys(['example_xcom_args', 'example_xcom_args_with_operators']) retrieved from /home/james/airflowa/lib/python3.8/site-packages/airflow/example_dags/example_xcomargs.py
[2022-06-08 11:35:09,920] {logging_mixin.py:115} INFO - [2022-06-08 11:35:09,920] {dag.py:2379} INFO - Sync 2 DAGs
[2022-06-08 11:35:09,940] {logging_mixin.py:115} INFO - [2022-06-08 11:35:09,940] {dag.py:2927} INFO - Setting next_dagrun for example_xcom_args to None, run_after=None
[2022-06-08 11:35:09,940] {logging_mixin.py:115} INFO - [2022-06-08 11:35:09,940] {dag.py:2927} INFO - Setting next_dagrun for example_xcom_args_with_operators to None, run_after=None
[2022-06-08 11:35:09,953] {processor.py:161} INFO - Processing /home/james/airflowa/lib/python3.8/site-packages/airflow/example_dags/example_xcomargs.py took 0.079 seconds
[2022-06-08 12:18:50,370] {processor.py:153} INFO - Started process (PID=102944) to work on /home/james/airflowa/lib/python3.8/site-packages/airflow/example_dags/example_xcomargs.py
[2022-06-08 12:18:50,377] {processor.py:641} INFO - Processing file /home/james/airflowa/lib/python3.8/site-packages/airflow/example_dags/example_xcomargs.py for tasks to queue
[2022-06-08 12:18:50,380] {logging_mixin.py:115} INFO - [2022-06-08 12:18:50,380] {dagbag.py:507} INFO - Filling up the DagBag from /home/james/airflowa/lib/python3.8/site-packages/airflow/example_dags/example_xcomargs.py
[2022-06-08 12:18:50,486] {processor.py:651} INFO - DAG(s) dict_keys(['example_xcom_args', 'example_xcom_args_with_operators']) retrieved from /home/james/airflowa/lib/python3.8/site-packages/airflow/example_dags/example_xcomargs.py
[2022-06-08 12:18:50,664] {logging_mixin.py:115} INFO - [2022-06-08 12:18:50,660] {dag.py:2379} INFO - Sync 2 DAGs
[2022-06-08 12:18:50,749] {logging_mixin.py:115} INFO - [2022-06-08 12:18:50,748] {dag.py:2927} INFO - Setting next_dagrun for example_xcom_args to None, run_after=None
[2022-06-08 12:18:50,749] {logging_mixin.py:115} INFO - [2022-06-08 12:18:50,749] {dag.py:2927} INFO - Setting next_dagrun for example_xcom_args_with_operators to None, run_after=None
[2022-06-08 12:18:50,837] {processor.py:161} INFO - Processing /home/james/airflowa/lib/python3.8/site-packages/airflow/example_dags/example_xcomargs.py took 0.473 seconds
[2022-06-08 12:22:16,958] {processor.py:153} INFO - Started process (PID=104890) to work on /home/james/airflowa/lib/python3.8/site-packages/airflow/example_dags/example_xcomargs.py
[2022-06-08 12:22:16,959] {processor.py:641} INFO - Processing file /home/james/airflowa/lib/python3.8/site-packages/airflow/example_dags/example_xcomargs.py for tasks to queue
[2022-06-08 12:22:16,960] {logging_mixin.py:115} INFO - [2022-06-08 12:22:16,959] {dagbag.py:507} INFO - Filling up the DagBag from /home/james/airflowa/lib/python3.8/site-packages/airflow/example_dags/example_xcomargs.py
[2022-06-08 12:22:16,985] {processor.py:651} INFO - DAG(s) dict_keys(['example_xcom_args', 'example_xcom_args_with_operators']) retrieved from /home/james/airflowa/lib/python3.8/site-packages/airflow/example_dags/example_xcomargs.py
[2022-06-08 12:22:17,048] {logging_mixin.py:115} INFO - [2022-06-08 12:22:17,047] {dag.py:2379} INFO - Sync 2 DAGs
[2022-06-08 12:22:17,081] {logging_mixin.py:115} INFO - [2022-06-08 12:22:17,081] {dag.py:2927} INFO - Setting next_dagrun for example_xcom_args to None, run_after=None
[2022-06-08 12:22:17,081] {logging_mixin.py:115} INFO - [2022-06-08 12:22:17,081] {dag.py:2927} INFO - Setting next_dagrun for example_xcom_args_with_operators to None, run_after=None
[2022-06-08 12:22:17,101] {processor.py:161} INFO - Processing /home/james/airflowa/lib/python3.8/site-packages/airflow/example_dags/example_xcomargs.py took 0.146 seconds
[2022-06-08 12:23:02,874] {processor.py:153} INFO - Started process (PID=105194) to work on /home/james/airflowa/lib/python3.8/site-packages/airflow/example_dags/example_xcomargs.py
[2022-06-08 12:23:02,891] {processor.py:641} INFO - Processing file /home/james/airflowa/lib/python3.8/site-packages/airflow/example_dags/example_xcomargs.py for tasks to queue
[2022-06-08 12:23:02,892] {logging_mixin.py:115} INFO - [2022-06-08 12:23:02,892] {dagbag.py:507} INFO - Filling up the DagBag from /home/james/airflowa/lib/python3.8/site-packages/airflow/example_dags/example_xcomargs.py
[2022-06-08 12:23:02,921] {processor.py:651} INFO - DAG(s) dict_keys(['example_xcom_args', 'example_xcom_args_with_operators']) retrieved from /home/james/airflowa/lib/python3.8/site-packages/airflow/example_dags/example_xcomargs.py
[2022-06-08 12:23:02,987] {logging_mixin.py:115} INFO - [2022-06-08 12:23:02,986] {dag.py:2379} INFO - Sync 2 DAGs
[2022-06-08 12:23:03,010] {logging_mixin.py:115} INFO - [2022-06-08 12:23:03,010] {dag.py:2927} INFO - Setting next_dagrun for example_xcom_args to None, run_after=None
[2022-06-08 12:23:03,010] {logging_mixin.py:115} INFO - [2022-06-08 12:23:03,010] {dag.py:2927} INFO - Setting next_dagrun for example_xcom_args_with_operators to None, run_after=None
[2022-06-08 12:23:03,079] {processor.py:161} INFO - Processing /home/james/airflowa/lib/python3.8/site-packages/airflow/example_dags/example_xcomargs.py took 0.209 seconds
[2022-06-08 12:34:58,212] {processor.py:153} INFO - Started process (PID=111863) to work on /home/james/airflowa/lib/python3.8/site-packages/airflow/example_dags/example_xcomargs.py
[2022-06-08 12:34:58,223] {processor.py:641} INFO - Processing file /home/james/airflowa/lib/python3.8/site-packages/airflow/example_dags/example_xcomargs.py for tasks to queue
[2022-06-08 12:34:58,229] {logging_mixin.py:115} INFO - [2022-06-08 12:34:58,224] {dagbag.py:507} INFO - Filling up the DagBag from /home/james/airflowa/lib/python3.8/site-packages/airflow/example_dags/example_xcomargs.py
[2022-06-08 12:34:58,564] {processor.py:651} INFO - DAG(s) dict_keys(['example_xcom_args', 'example_xcom_args_with_operators']) retrieved from /home/james/airflowa/lib/python3.8/site-packages/airflow/example_dags/example_xcomargs.py
[2022-06-08 12:34:59,156] {logging_mixin.py:115} INFO - [2022-06-08 12:34:59,155] {dag.py:2379} INFO - Sync 2 DAGs
[2022-06-08 12:34:59,279] {logging_mixin.py:115} INFO - [2022-06-08 12:34:59,279] {dag.py:2927} INFO - Setting next_dagrun for example_xcom_args to None, run_after=None
[2022-06-08 12:34:59,280] {logging_mixin.py:115} INFO - [2022-06-08 12:34:59,280] {dag.py:2927} INFO - Setting next_dagrun for example_xcom_args_with_operators to None, run_after=None
[2022-06-08 12:34:59,333] {processor.py:161} INFO - Processing /home/james/airflowa/lib/python3.8/site-packages/airflow/example_dags/example_xcomargs.py took 1.173 seconds
[2022-06-08 12:38:36,575] {processor.py:153} INFO - Started process (PID=115242) to work on /home/james/airflowa/lib/python3.8/site-packages/airflow/example_dags/example_xcomargs.py
[2022-06-08 12:38:36,582] {processor.py:641} INFO - Processing file /home/james/airflowa/lib/python3.8/site-packages/airflow/example_dags/example_xcomargs.py for tasks to queue
[2022-06-08 12:38:36,589] {logging_mixin.py:115} INFO - [2022-06-08 12:38:36,589] {dagbag.py:507} INFO - Filling up the DagBag from /home/james/airflowa/lib/python3.8/site-packages/airflow/example_dags/example_xcomargs.py
[2022-06-08 12:38:36,716] {processor.py:651} INFO - DAG(s) dict_keys(['example_xcom_args', 'example_xcom_args_with_operators']) retrieved from /home/james/airflowa/lib/python3.8/site-packages/airflow/example_dags/example_xcomargs.py
[2022-06-08 12:38:36,895] {logging_mixin.py:115} INFO - [2022-06-08 12:38:36,895] {dag.py:2379} INFO - Sync 2 DAGs
[2022-06-08 12:38:36,943] {logging_mixin.py:115} INFO - [2022-06-08 12:38:36,942] {dag.py:2927} INFO - Setting next_dagrun for example_xcom_args to None, run_after=None
[2022-06-08 12:38:36,943] {logging_mixin.py:115} INFO - [2022-06-08 12:38:36,943] {dag.py:2927} INFO - Setting next_dagrun for example_xcom_args_with_operators to None, run_after=None
[2022-06-08 12:38:36,983] {processor.py:161} INFO - Processing /home/james/airflowa/lib/python3.8/site-packages/airflow/example_dags/example_xcomargs.py took 0.487 seconds
[2022-06-08 12:39:29,228] {processor.py:153} INFO - Started process (PID=115682) to work on /home/james/airflowa/lib/python3.8/site-packages/airflow/example_dags/example_xcomargs.py
[2022-06-08 12:39:29,229] {processor.py:641} INFO - Processing file /home/james/airflowa/lib/python3.8/site-packages/airflow/example_dags/example_xcomargs.py for tasks to queue
[2022-06-08 12:39:29,230] {logging_mixin.py:115} INFO - [2022-06-08 12:39:29,230] {dagbag.py:507} INFO - Filling up the DagBag from /home/james/airflowa/lib/python3.8/site-packages/airflow/example_dags/example_xcomargs.py
[2022-06-08 12:39:29,299] {processor.py:651} INFO - DAG(s) dict_keys(['example_xcom_args', 'example_xcom_args_with_operators']) retrieved from /home/james/airflowa/lib/python3.8/site-packages/airflow/example_dags/example_xcomargs.py
[2022-06-08 12:39:29,415] {logging_mixin.py:115} INFO - [2022-06-08 12:39:29,415] {dag.py:2379} INFO - Sync 2 DAGs
[2022-06-08 12:39:29,440] {logging_mixin.py:115} INFO - [2022-06-08 12:39:29,440] {dag.py:2927} INFO - Setting next_dagrun for example_xcom_args to None, run_after=None
[2022-06-08 12:39:29,440] {logging_mixin.py:115} INFO - [2022-06-08 12:39:29,440] {dag.py:2927} INFO - Setting next_dagrun for example_xcom_args_with_operators to None, run_after=None
[2022-06-08 12:39:29,463] {processor.py:161} INFO - Processing /home/james/airflowa/lib/python3.8/site-packages/airflow/example_dags/example_xcomargs.py took 0.240 seconds
[2022-06-08 12:40:19,656] {processor.py:153} INFO - Started process (PID=116412) to work on /home/james/airflowa/lib/python3.8/site-packages/airflow/example_dags/example_xcomargs.py
[2022-06-08 12:40:19,657] {processor.py:641} INFO - Processing file /home/james/airflowa/lib/python3.8/site-packages/airflow/example_dags/example_xcomargs.py for tasks to queue
[2022-06-08 12:40:19,658] {logging_mixin.py:115} INFO - [2022-06-08 12:40:19,658] {dagbag.py:507} INFO - Filling up the DagBag from /home/james/airflowa/lib/python3.8/site-packages/airflow/example_dags/example_xcomargs.py
[2022-06-08 12:40:19,680] {processor.py:651} INFO - DAG(s) dict_keys(['example_xcom_args', 'example_xcom_args_with_operators']) retrieved from /home/james/airflowa/lib/python3.8/site-packages/airflow/example_dags/example_xcomargs.py
[2022-06-08 12:40:19,699] {logging_mixin.py:115} INFO - [2022-06-08 12:40:19,699] {dag.py:2379} INFO - Sync 2 DAGs
[2022-06-08 12:40:19,719] {logging_mixin.py:115} INFO - [2022-06-08 12:40:19,719] {dag.py:2927} INFO - Setting next_dagrun for example_xcom_args to None, run_after=None
[2022-06-08 12:40:19,719] {logging_mixin.py:115} INFO - [2022-06-08 12:40:19,719] {dag.py:2927} INFO - Setting next_dagrun for example_xcom_args_with_operators to None, run_after=None
[2022-06-08 12:40:19,745] {processor.py:161} INFO - Processing /home/james/airflowa/lib/python3.8/site-packages/airflow/example_dags/example_xcomargs.py took 0.092 seconds
[2022-06-08 12:41:27,376] {processor.py:153} INFO - Started process (PID=116817) to work on /home/james/airflowa/lib/python3.8/site-packages/airflow/example_dags/example_xcomargs.py
[2022-06-08 12:41:27,378] {processor.py:641} INFO - Processing file /home/james/airflowa/lib/python3.8/site-packages/airflow/example_dags/example_xcomargs.py for tasks to queue
[2022-06-08 12:41:27,379] {logging_mixin.py:115} INFO - [2022-06-08 12:41:27,378] {dagbag.py:507} INFO - Filling up the DagBag from /home/james/airflowa/lib/python3.8/site-packages/airflow/example_dags/example_xcomargs.py
[2022-06-08 12:41:27,416] {processor.py:651} INFO - DAG(s) dict_keys(['example_xcom_args', 'example_xcom_args_with_operators']) retrieved from /home/james/airflowa/lib/python3.8/site-packages/airflow/example_dags/example_xcomargs.py
[2022-06-08 12:41:27,444] {logging_mixin.py:115} INFO - [2022-06-08 12:41:27,444] {dag.py:2379} INFO - Sync 2 DAGs
[2022-06-08 12:41:27,470] {logging_mixin.py:115} INFO - [2022-06-08 12:41:27,469] {dag.py:2927} INFO - Setting next_dagrun for example_xcom_args to None, run_after=None
[2022-06-08 12:41:27,470] {logging_mixin.py:115} INFO - [2022-06-08 12:41:27,470] {dag.py:2927} INFO - Setting next_dagrun for example_xcom_args_with_operators to None, run_after=None
[2022-06-08 12:41:27,495] {processor.py:161} INFO - Processing /home/james/airflowa/lib/python3.8/site-packages/airflow/example_dags/example_xcomargs.py took 0.123 seconds
[2022-06-08 12:44:40,964] {processor.py:153} INFO - Started process (PID=117939) to work on /home/james/airflowa/lib/python3.8/site-packages/airflow/example_dags/example_xcomargs.py
[2022-06-08 12:44:40,966] {processor.py:641} INFO - Processing file /home/james/airflowa/lib/python3.8/site-packages/airflow/example_dags/example_xcomargs.py for tasks to queue
[2022-06-08 12:44:40,967] {logging_mixin.py:115} INFO - [2022-06-08 12:44:40,967] {dagbag.py:507} INFO - Filling up the DagBag from /home/james/airflowa/lib/python3.8/site-packages/airflow/example_dags/example_xcomargs.py
[2022-06-08 12:44:41,013] {processor.py:651} INFO - DAG(s) dict_keys(['example_xcom_args', 'example_xcom_args_with_operators']) retrieved from /home/james/airflowa/lib/python3.8/site-packages/airflow/example_dags/example_xcomargs.py
[2022-06-08 12:44:41,110] {logging_mixin.py:115} INFO - [2022-06-08 12:44:41,110] {dag.py:2379} INFO - Sync 2 DAGs
[2022-06-08 12:44:41,139] {logging_mixin.py:115} INFO - [2022-06-08 12:44:41,139] {dag.py:2927} INFO - Setting next_dagrun for example_xcom_args to None, run_after=None
[2022-06-08 12:44:41,140] {logging_mixin.py:115} INFO - [2022-06-08 12:44:41,140] {dag.py:2927} INFO - Setting next_dagrun for example_xcom_args_with_operators to None, run_after=None
[2022-06-08 12:44:41,164] {processor.py:161} INFO - Processing /home/james/airflowa/lib/python3.8/site-packages/airflow/example_dags/example_xcomargs.py took 0.205 seconds
[2022-06-08 12:45:22,713] {processor.py:153} INFO - Started process (PID=118175) to work on /home/james/airflowa/lib/python3.8/site-packages/airflow/example_dags/example_xcomargs.py
[2022-06-08 12:45:22,713] {processor.py:641} INFO - Processing file /home/james/airflowa/lib/python3.8/site-packages/airflow/example_dags/example_xcomargs.py for tasks to queue
[2022-06-08 12:45:22,714] {logging_mixin.py:115} INFO - [2022-06-08 12:45:22,714] {dagbag.py:507} INFO - Filling up the DagBag from /home/james/airflowa/lib/python3.8/site-packages/airflow/example_dags/example_xcomargs.py
[2022-06-08 12:45:22,743] {processor.py:651} INFO - DAG(s) dict_keys(['example_xcom_args', 'example_xcom_args_with_operators']) retrieved from /home/james/airflowa/lib/python3.8/site-packages/airflow/example_dags/example_xcomargs.py
[2022-06-08 12:45:22,804] {logging_mixin.py:115} INFO - [2022-06-08 12:45:22,804] {dag.py:2379} INFO - Sync 2 DAGs
[2022-06-08 12:45:22,821] {logging_mixin.py:115} INFO - [2022-06-08 12:45:22,821] {dag.py:2927} INFO - Setting next_dagrun for example_xcom_args to None, run_after=None
[2022-06-08 12:45:22,821] {logging_mixin.py:115} INFO - [2022-06-08 12:45:22,821] {dag.py:2927} INFO - Setting next_dagrun for example_xcom_args_with_operators to None, run_after=None
[2022-06-08 12:45:22,837] {processor.py:161} INFO - Processing /home/james/airflowa/lib/python3.8/site-packages/airflow/example_dags/example_xcomargs.py took 0.128 seconds
[2022-06-08 12:46:34,568] {processor.py:153} INFO - Started process (PID=118553) to work on /home/james/airflowa/lib/python3.8/site-packages/airflow/example_dags/example_xcomargs.py
[2022-06-08 12:46:34,569] {processor.py:641} INFO - Processing file /home/james/airflowa/lib/python3.8/site-packages/airflow/example_dags/example_xcomargs.py for tasks to queue
[2022-06-08 12:46:34,570] {logging_mixin.py:115} INFO - [2022-06-08 12:46:34,570] {dagbag.py:507} INFO - Filling up the DagBag from /home/james/airflowa/lib/python3.8/site-packages/airflow/example_dags/example_xcomargs.py
[2022-06-08 12:46:34,591] {processor.py:651} INFO - DAG(s) dict_keys(['example_xcom_args', 'example_xcom_args_with_operators']) retrieved from /home/james/airflowa/lib/python3.8/site-packages/airflow/example_dags/example_xcomargs.py
[2022-06-08 12:46:34,636] {logging_mixin.py:115} INFO - [2022-06-08 12:46:34,635] {dag.py:2379} INFO - Sync 2 DAGs
[2022-06-08 12:46:34,651] {logging_mixin.py:115} INFO - [2022-06-08 12:46:34,651] {dag.py:2927} INFO - Setting next_dagrun for example_xcom_args to None, run_after=None
[2022-06-08 12:46:34,651] {logging_mixin.py:115} INFO - [2022-06-08 12:46:34,651] {dag.py:2927} INFO - Setting next_dagrun for example_xcom_args_with_operators to None, run_after=None
[2022-06-08 12:46:34,669] {processor.py:161} INFO - Processing /home/james/airflowa/lib/python3.8/site-packages/airflow/example_dags/example_xcomargs.py took 0.103 seconds
[2022-06-08 12:47:30,361] {processor.py:153} INFO - Started process (PID=119423) to work on /home/james/airflowa/lib/python3.8/site-packages/airflow/example_dags/example_xcomargs.py
[2022-06-08 12:47:30,373] {processor.py:641} INFO - Processing file /home/james/airflowa/lib/python3.8/site-packages/airflow/example_dags/example_xcomargs.py for tasks to queue
[2022-06-08 12:47:30,374] {logging_mixin.py:115} INFO - [2022-06-08 12:47:30,374] {dagbag.py:507} INFO - Filling up the DagBag from /home/james/airflowa/lib/python3.8/site-packages/airflow/example_dags/example_xcomargs.py
[2022-06-08 12:47:30,493] {processor.py:651} INFO - DAG(s) dict_keys(['example_xcom_args', 'example_xcom_args_with_operators']) retrieved from /home/james/airflowa/lib/python3.8/site-packages/airflow/example_dags/example_xcomargs.py
[2022-06-08 12:47:30,541] {logging_mixin.py:115} INFO - [2022-06-08 12:47:30,541] {dag.py:2379} INFO - Sync 2 DAGs
[2022-06-08 12:47:30,574] {logging_mixin.py:115} INFO - [2022-06-08 12:47:30,574] {dag.py:2927} INFO - Setting next_dagrun for example_xcom_args to None, run_after=None
[2022-06-08 12:47:30,575] {logging_mixin.py:115} INFO - [2022-06-08 12:47:30,575] {dag.py:2927} INFO - Setting next_dagrun for example_xcom_args_with_operators to None, run_after=None
[2022-06-08 12:47:30,603] {processor.py:161} INFO - Processing /home/james/airflowa/lib/python3.8/site-packages/airflow/example_dags/example_xcomargs.py took 0.249 seconds
[2022-06-08 12:48:16,872] {processor.py:153} INFO - Started process (PID=119614) to work on /home/james/airflowa/lib/python3.8/site-packages/airflow/example_dags/example_xcomargs.py
[2022-06-08 12:48:16,873] {processor.py:641} INFO - Processing file /home/james/airflowa/lib/python3.8/site-packages/airflow/example_dags/example_xcomargs.py for tasks to queue
[2022-06-08 12:48:16,873] {logging_mixin.py:115} INFO - [2022-06-08 12:48:16,873] {dagbag.py:507} INFO - Filling up the DagBag from /home/james/airflowa/lib/python3.8/site-packages/airflow/example_dags/example_xcomargs.py
[2022-06-08 12:48:16,890] {processor.py:651} INFO - DAG(s) dict_keys(['example_xcom_args', 'example_xcom_args_with_operators']) retrieved from /home/james/airflowa/lib/python3.8/site-packages/airflow/example_dags/example_xcomargs.py
[2022-06-08 12:48:16,938] {logging_mixin.py:115} INFO - [2022-06-08 12:48:16,938] {dag.py:2379} INFO - Sync 2 DAGs
[2022-06-08 12:48:16,958] {logging_mixin.py:115} INFO - [2022-06-08 12:48:16,957] {dag.py:2927} INFO - Setting next_dagrun for example_xcom_args to None, run_after=None
[2022-06-08 12:48:16,958] {logging_mixin.py:115} INFO - [2022-06-08 12:48:16,958] {dag.py:2927} INFO - Setting next_dagrun for example_xcom_args_with_operators to None, run_after=None
[2022-06-08 12:48:16,971] {processor.py:161} INFO - Processing /home/james/airflowa/lib/python3.8/site-packages/airflow/example_dags/example_xcomargs.py took 0.102 seconds
[2022-06-08 12:49:06,869] {processor.py:153} INFO - Started process (PID=120077) to work on /home/james/airflowa/lib/python3.8/site-packages/airflow/example_dags/example_xcomargs.py
[2022-06-08 12:49:06,870] {processor.py:641} INFO - Processing file /home/james/airflowa/lib/python3.8/site-packages/airflow/example_dags/example_xcomargs.py for tasks to queue
[2022-06-08 12:49:06,871] {logging_mixin.py:115} INFO - [2022-06-08 12:49:06,871] {dagbag.py:507} INFO - Filling up the DagBag from /home/james/airflowa/lib/python3.8/site-packages/airflow/example_dags/example_xcomargs.py
[2022-06-08 12:49:06,901] {processor.py:651} INFO - DAG(s) dict_keys(['example_xcom_args', 'example_xcom_args_with_operators']) retrieved from /home/james/airflowa/lib/python3.8/site-packages/airflow/example_dags/example_xcomargs.py
[2022-06-08 12:49:07,002] {logging_mixin.py:115} INFO - [2022-06-08 12:49:07,001] {dag.py:2379} INFO - Sync 2 DAGs
[2022-06-08 12:49:07,038] {logging_mixin.py:115} INFO - [2022-06-08 12:49:07,038] {dag.py:2927} INFO - Setting next_dagrun for example_xcom_args to None, run_after=None
[2022-06-08 12:49:07,038] {logging_mixin.py:115} INFO - [2022-06-08 12:49:07,038] {dag.py:2927} INFO - Setting next_dagrun for example_xcom_args_with_operators to None, run_after=None
[2022-06-08 12:49:07,064] {processor.py:161} INFO - Processing /home/james/airflowa/lib/python3.8/site-packages/airflow/example_dags/example_xcomargs.py took 0.198 seconds
[2022-06-08 12:50:17,875] {processor.py:153} INFO - Started process (PID=120851) to work on /home/james/airflowa/lib/python3.8/site-packages/airflow/example_dags/example_xcomargs.py
[2022-06-08 12:50:17,876] {processor.py:641} INFO - Processing file /home/james/airflowa/lib/python3.8/site-packages/airflow/example_dags/example_xcomargs.py for tasks to queue
[2022-06-08 12:50:17,878] {logging_mixin.py:115} INFO - [2022-06-08 12:50:17,877] {dagbag.py:507} INFO - Filling up the DagBag from /home/james/airflowa/lib/python3.8/site-packages/airflow/example_dags/example_xcomargs.py
[2022-06-08 12:50:17,925] {processor.py:651} INFO - DAG(s) dict_keys(['example_xcom_args', 'example_xcom_args_with_operators']) retrieved from /home/james/airflowa/lib/python3.8/site-packages/airflow/example_dags/example_xcomargs.py
[2022-06-08 12:50:17,966] {logging_mixin.py:115} INFO - [2022-06-08 12:50:17,966] {dag.py:2379} INFO - Sync 2 DAGs
[2022-06-08 12:50:18,011] {logging_mixin.py:115} INFO - [2022-06-08 12:50:18,011] {dag.py:2927} INFO - Setting next_dagrun for example_xcom_args to None, run_after=None
[2022-06-08 12:50:18,012] {logging_mixin.py:115} INFO - [2022-06-08 12:50:18,011] {dag.py:2927} INFO - Setting next_dagrun for example_xcom_args_with_operators to None, run_after=None
[2022-06-08 12:50:18,036] {processor.py:161} INFO - Processing /home/james/airflowa/lib/python3.8/site-packages/airflow/example_dags/example_xcomargs.py took 0.168 seconds
[2022-06-08 12:52:01,791] {processor.py:153} INFO - Started process (PID=121326) to work on /home/james/airflowa/lib/python3.8/site-packages/airflow/example_dags/example_xcomargs.py
[2022-06-08 12:52:01,793] {processor.py:641} INFO - Processing file /home/james/airflowa/lib/python3.8/site-packages/airflow/example_dags/example_xcomargs.py for tasks to queue
[2022-06-08 12:52:01,795] {logging_mixin.py:115} INFO - [2022-06-08 12:52:01,795] {dagbag.py:507} INFO - Filling up the DagBag from /home/james/airflowa/lib/python3.8/site-packages/airflow/example_dags/example_xcomargs.py
[2022-06-08 12:52:01,857] {processor.py:651} INFO - DAG(s) dict_keys(['example_xcom_args', 'example_xcom_args_with_operators']) retrieved from /home/james/airflowa/lib/python3.8/site-packages/airflow/example_dags/example_xcomargs.py
[2022-06-08 12:52:01,995] {logging_mixin.py:115} INFO - [2022-06-08 12:52:01,995] {dag.py:2379} INFO - Sync 2 DAGs
[2022-06-08 12:52:02,035] {logging_mixin.py:115} INFO - [2022-06-08 12:52:02,035] {dag.py:2927} INFO - Setting next_dagrun for example_xcom_args to None, run_after=None
[2022-06-08 12:52:02,036] {logging_mixin.py:115} INFO - [2022-06-08 12:52:02,036] {dag.py:2927} INFO - Setting next_dagrun for example_xcom_args_with_operators to None, run_after=None
[2022-06-08 12:52:02,061] {processor.py:161} INFO - Processing /home/james/airflowa/lib/python3.8/site-packages/airflow/example_dags/example_xcomargs.py took 0.275 seconds
[2022-06-08 12:53:04,427] {processor.py:153} INFO - Started process (PID=121695) to work on /home/james/airflowa/lib/python3.8/site-packages/airflow/example_dags/example_xcomargs.py
[2022-06-08 12:53:04,428] {processor.py:641} INFO - Processing file /home/james/airflowa/lib/python3.8/site-packages/airflow/example_dags/example_xcomargs.py for tasks to queue
[2022-06-08 12:53:04,429] {logging_mixin.py:115} INFO - [2022-06-08 12:53:04,429] {dagbag.py:507} INFO - Filling up the DagBag from /home/james/airflowa/lib/python3.8/site-packages/airflow/example_dags/example_xcomargs.py
[2022-06-08 12:53:04,475] {processor.py:651} INFO - DAG(s) dict_keys(['example_xcom_args', 'example_xcom_args_with_operators']) retrieved from /home/james/airflowa/lib/python3.8/site-packages/airflow/example_dags/example_xcomargs.py
[2022-06-08 12:53:04,511] {logging_mixin.py:115} INFO - [2022-06-08 12:53:04,511] {dag.py:2379} INFO - Sync 2 DAGs
[2022-06-08 12:53:04,551] {logging_mixin.py:115} INFO - [2022-06-08 12:53:04,551] {dag.py:2927} INFO - Setting next_dagrun for example_xcom_args to None, run_after=None
[2022-06-08 12:53:04,552] {logging_mixin.py:115} INFO - [2022-06-08 12:53:04,552] {dag.py:2927} INFO - Setting next_dagrun for example_xcom_args_with_operators to None, run_after=None
[2022-06-08 12:53:04,583] {processor.py:161} INFO - Processing /home/james/airflowa/lib/python3.8/site-packages/airflow/example_dags/example_xcomargs.py took 0.161 seconds
[2022-06-08 12:53:46,128] {processor.py:153} INFO - Started process (PID=122056) to work on /home/james/airflowa/lib/python3.8/site-packages/airflow/example_dags/example_xcomargs.py
[2022-06-08 12:53:46,130] {processor.py:641} INFO - Processing file /home/james/airflowa/lib/python3.8/site-packages/airflow/example_dags/example_xcomargs.py for tasks to queue
[2022-06-08 12:53:46,131] {logging_mixin.py:115} INFO - [2022-06-08 12:53:46,131] {dagbag.py:507} INFO - Filling up the DagBag from /home/james/airflowa/lib/python3.8/site-packages/airflow/example_dags/example_xcomargs.py
[2022-06-08 12:53:46,184] {processor.py:651} INFO - DAG(s) dict_keys(['example_xcom_args', 'example_xcom_args_with_operators']) retrieved from /home/james/airflowa/lib/python3.8/site-packages/airflow/example_dags/example_xcomargs.py
[2022-06-08 12:53:46,300] {logging_mixin.py:115} INFO - [2022-06-08 12:53:46,300] {dag.py:2379} INFO - Sync 2 DAGs
[2022-06-08 12:53:46,350] {logging_mixin.py:115} INFO - [2022-06-08 12:53:46,349] {dag.py:2927} INFO - Setting next_dagrun for example_xcom_args to None, run_after=None
[2022-06-08 12:53:46,350] {logging_mixin.py:115} INFO - [2022-06-08 12:53:46,350] {dag.py:2927} INFO - Setting next_dagrun for example_xcom_args_with_operators to None, run_after=None
[2022-06-08 12:53:46,386] {processor.py:161} INFO - Processing /home/james/airflowa/lib/python3.8/site-packages/airflow/example_dags/example_xcomargs.py took 0.265 seconds
[2022-06-08 12:55:00,375] {processor.py:153} INFO - Started process (PID=122548) to work on /home/james/airflowa/lib/python3.8/site-packages/airflow/example_dags/example_xcomargs.py
[2022-06-08 12:55:00,384] {processor.py:641} INFO - Processing file /home/james/airflowa/lib/python3.8/site-packages/airflow/example_dags/example_xcomargs.py for tasks to queue
[2022-06-08 12:55:00,385] {logging_mixin.py:115} INFO - [2022-06-08 12:55:00,385] {dagbag.py:507} INFO - Filling up the DagBag from /home/james/airflowa/lib/python3.8/site-packages/airflow/example_dags/example_xcomargs.py
[2022-06-08 12:55:00,450] {processor.py:651} INFO - DAG(s) dict_keys(['example_xcom_args', 'example_xcom_args_with_operators']) retrieved from /home/james/airflowa/lib/python3.8/site-packages/airflow/example_dags/example_xcomargs.py
[2022-06-08 12:55:00,547] {logging_mixin.py:115} INFO - [2022-06-08 12:55:00,547] {dag.py:2379} INFO - Sync 2 DAGs
[2022-06-08 12:55:00,582] {logging_mixin.py:115} INFO - [2022-06-08 12:55:00,582] {dag.py:2927} INFO - Setting next_dagrun for example_xcom_args to None, run_after=None
[2022-06-08 12:55:00,583] {logging_mixin.py:115} INFO - [2022-06-08 12:55:00,583] {dag.py:2927} INFO - Setting next_dagrun for example_xcom_args_with_operators to None, run_after=None
[2022-06-08 12:55:00,608] {processor.py:161} INFO - Processing /home/james/airflowa/lib/python3.8/site-packages/airflow/example_dags/example_xcomargs.py took 0.241 seconds
[2022-06-08 12:56:12,192] {processor.py:153} INFO - Started process (PID=122957) to work on /home/james/airflowa/lib/python3.8/site-packages/airflow/example_dags/example_xcomargs.py
[2022-06-08 12:56:12,193] {processor.py:641} INFO - Processing file /home/james/airflowa/lib/python3.8/site-packages/airflow/example_dags/example_xcomargs.py for tasks to queue
[2022-06-08 12:56:12,194] {logging_mixin.py:115} INFO - [2022-06-08 12:56:12,194] {dagbag.py:507} INFO - Filling up the DagBag from /home/james/airflowa/lib/python3.8/site-packages/airflow/example_dags/example_xcomargs.py
[2022-06-08 12:56:12,213] {processor.py:651} INFO - DAG(s) dict_keys(['example_xcom_args', 'example_xcom_args_with_operators']) retrieved from /home/james/airflowa/lib/python3.8/site-packages/airflow/example_dags/example_xcomargs.py
[2022-06-08 12:56:12,228] {logging_mixin.py:115} INFO - [2022-06-08 12:56:12,228] {dag.py:2379} INFO - Sync 2 DAGs
[2022-06-08 12:56:12,242] {logging_mixin.py:115} INFO - [2022-06-08 12:56:12,242] {dag.py:2927} INFO - Setting next_dagrun for example_xcom_args to None, run_after=None
[2022-06-08 12:56:12,243] {logging_mixin.py:115} INFO - [2022-06-08 12:56:12,243] {dag.py:2927} INFO - Setting next_dagrun for example_xcom_args_with_operators to None, run_after=None
[2022-06-08 12:56:12,254] {processor.py:161} INFO - Processing /home/james/airflowa/lib/python3.8/site-packages/airflow/example_dags/example_xcomargs.py took 0.065 seconds
[2022-06-08 12:57:20,265] {processor.py:153} INFO - Started process (PID=123256) to work on /home/james/airflowa/lib/python3.8/site-packages/airflow/example_dags/example_xcomargs.py
[2022-06-08 12:57:20,266] {processor.py:641} INFO - Processing file /home/james/airflowa/lib/python3.8/site-packages/airflow/example_dags/example_xcomargs.py for tasks to queue
[2022-06-08 12:57:20,267] {logging_mixin.py:115} INFO - [2022-06-08 12:57:20,267] {dagbag.py:507} INFO - Filling up the DagBag from /home/james/airflowa/lib/python3.8/site-packages/airflow/example_dags/example_xcomargs.py
[2022-06-08 12:57:20,290] {processor.py:651} INFO - DAG(s) dict_keys(['example_xcom_args', 'example_xcom_args_with_operators']) retrieved from /home/james/airflowa/lib/python3.8/site-packages/airflow/example_dags/example_xcomargs.py
[2022-06-08 12:57:20,306] {logging_mixin.py:115} INFO - [2022-06-08 12:57:20,306] {dag.py:2379} INFO - Sync 2 DAGs
[2022-06-08 12:57:20,325] {logging_mixin.py:115} INFO - [2022-06-08 12:57:20,325] {dag.py:2927} INFO - Setting next_dagrun for example_xcom_args to None, run_after=None
[2022-06-08 12:57:20,325] {logging_mixin.py:115} INFO - [2022-06-08 12:57:20,325] {dag.py:2927} INFO - Setting next_dagrun for example_xcom_args_with_operators to None, run_after=None
[2022-06-08 12:57:20,338] {processor.py:161} INFO - Processing /home/james/airflowa/lib/python3.8/site-packages/airflow/example_dags/example_xcomargs.py took 0.076 seconds
[2022-06-08 12:58:07,660] {processor.py:153} INFO - Started process (PID=123509) to work on /home/james/airflowa/lib/python3.8/site-packages/airflow/example_dags/example_xcomargs.py
[2022-06-08 12:58:07,660] {processor.py:641} INFO - Processing file /home/james/airflowa/lib/python3.8/site-packages/airflow/example_dags/example_xcomargs.py for tasks to queue
[2022-06-08 12:58:07,661] {logging_mixin.py:115} INFO - [2022-06-08 12:58:07,661] {dagbag.py:507} INFO - Filling up the DagBag from /home/james/airflowa/lib/python3.8/site-packages/airflow/example_dags/example_xcomargs.py
[2022-06-08 12:58:07,677] {processor.py:651} INFO - DAG(s) dict_keys(['example_xcom_args', 'example_xcom_args_with_operators']) retrieved from /home/james/airflowa/lib/python3.8/site-packages/airflow/example_dags/example_xcomargs.py
[2022-06-08 12:58:07,691] {logging_mixin.py:115} INFO - [2022-06-08 12:58:07,691] {dag.py:2379} INFO - Sync 2 DAGs
[2022-06-08 12:58:07,709] {logging_mixin.py:115} INFO - [2022-06-08 12:58:07,709] {dag.py:2927} INFO - Setting next_dagrun for example_xcom_args to None, run_after=None
[2022-06-08 12:58:07,709] {logging_mixin.py:115} INFO - [2022-06-08 12:58:07,709] {dag.py:2927} INFO - Setting next_dagrun for example_xcom_args_with_operators to None, run_after=None
[2022-06-08 12:58:07,720] {processor.py:161} INFO - Processing /home/james/airflowa/lib/python3.8/site-packages/airflow/example_dags/example_xcomargs.py took 0.063 seconds
[2022-06-08 12:58:51,361] {processor.py:153} INFO - Started process (PID=123833) to work on /home/james/airflowa/lib/python3.8/site-packages/airflow/example_dags/example_xcomargs.py
[2022-06-08 12:58:51,362] {processor.py:641} INFO - Processing file /home/james/airflowa/lib/python3.8/site-packages/airflow/example_dags/example_xcomargs.py for tasks to queue
[2022-06-08 12:58:51,362] {logging_mixin.py:115} INFO - [2022-06-08 12:58:51,362] {dagbag.py:507} INFO - Filling up the DagBag from /home/james/airflowa/lib/python3.8/site-packages/airflow/example_dags/example_xcomargs.py
[2022-06-08 12:58:51,381] {processor.py:651} INFO - DAG(s) dict_keys(['example_xcom_args', 'example_xcom_args_with_operators']) retrieved from /home/james/airflowa/lib/python3.8/site-packages/airflow/example_dags/example_xcomargs.py
[2022-06-08 12:58:51,424] {logging_mixin.py:115} INFO - [2022-06-08 12:58:51,424] {dag.py:2379} INFO - Sync 2 DAGs
[2022-06-08 12:58:51,437] {logging_mixin.py:115} INFO - [2022-06-08 12:58:51,437] {dag.py:2927} INFO - Setting next_dagrun for example_xcom_args to None, run_after=None
[2022-06-08 12:58:51,438] {logging_mixin.py:115} INFO - [2022-06-08 12:58:51,438] {dag.py:2927} INFO - Setting next_dagrun for example_xcom_args_with_operators to None, run_after=None
[2022-06-08 12:58:51,449] {processor.py:161} INFO - Processing /home/james/airflowa/lib/python3.8/site-packages/airflow/example_dags/example_xcomargs.py took 0.091 seconds
[2022-06-08 12:59:32,954] {processor.py:153} INFO - Started process (PID=124075) to work on /home/james/airflowa/lib/python3.8/site-packages/airflow/example_dags/example_xcomargs.py
[2022-06-08 12:59:32,955] {processor.py:641} INFO - Processing file /home/james/airflowa/lib/python3.8/site-packages/airflow/example_dags/example_xcomargs.py for tasks to queue
[2022-06-08 12:59:32,956] {logging_mixin.py:115} INFO - [2022-06-08 12:59:32,956] {dagbag.py:507} INFO - Filling up the DagBag from /home/james/airflowa/lib/python3.8/site-packages/airflow/example_dags/example_xcomargs.py
[2022-06-08 12:59:32,976] {processor.py:651} INFO - DAG(s) dict_keys(['example_xcom_args', 'example_xcom_args_with_operators']) retrieved from /home/james/airflowa/lib/python3.8/site-packages/airflow/example_dags/example_xcomargs.py
[2022-06-08 12:59:32,995] {logging_mixin.py:115} INFO - [2022-06-08 12:59:32,994] {dag.py:2379} INFO - Sync 2 DAGs
[2022-06-08 12:59:33,012] {logging_mixin.py:115} INFO - [2022-06-08 12:59:33,012] {dag.py:2927} INFO - Setting next_dagrun for example_xcom_args to None, run_after=None
[2022-06-08 12:59:33,012] {logging_mixin.py:115} INFO - [2022-06-08 12:59:33,012] {dag.py:2927} INFO - Setting next_dagrun for example_xcom_args_with_operators to None, run_after=None
[2022-06-08 12:59:33,025] {processor.py:161} INFO - Processing /home/james/airflowa/lib/python3.8/site-packages/airflow/example_dags/example_xcomargs.py took 0.074 seconds
[2022-06-08 13:00:13,475] {processor.py:153} INFO - Started process (PID=124795) to work on /home/james/airflowa/lib/python3.8/site-packages/airflow/example_dags/example_xcomargs.py
[2022-06-08 13:00:13,475] {processor.py:641} INFO - Processing file /home/james/airflowa/lib/python3.8/site-packages/airflow/example_dags/example_xcomargs.py for tasks to queue
[2022-06-08 13:00:13,476] {logging_mixin.py:115} INFO - [2022-06-08 13:00:13,476] {dagbag.py:507} INFO - Filling up the DagBag from /home/james/airflowa/lib/python3.8/site-packages/airflow/example_dags/example_xcomargs.py
[2022-06-08 13:00:13,494] {processor.py:651} INFO - DAG(s) dict_keys(['example_xcom_args', 'example_xcom_args_with_operators']) retrieved from /home/james/airflowa/lib/python3.8/site-packages/airflow/example_dags/example_xcomargs.py
[2022-06-08 13:00:13,508] {logging_mixin.py:115} INFO - [2022-06-08 13:00:13,508] {dag.py:2379} INFO - Sync 2 DAGs
[2022-06-08 13:00:13,522] {logging_mixin.py:115} INFO - [2022-06-08 13:00:13,522] {dag.py:2927} INFO - Setting next_dagrun for example_xcom_args to None, run_after=None
[2022-06-08 13:00:13,523] {logging_mixin.py:115} INFO - [2022-06-08 13:00:13,523] {dag.py:2927} INFO - Setting next_dagrun for example_xcom_args_with_operators to None, run_after=None
[2022-06-08 13:00:13,534] {processor.py:161} INFO - Processing /home/james/airflowa/lib/python3.8/site-packages/airflow/example_dags/example_xcomargs.py took 0.061 seconds
[2022-06-08 13:00:57,584] {processor.py:153} INFO - Started process (PID=125033) to work on /home/james/airflowa/lib/python3.8/site-packages/airflow/example_dags/example_xcomargs.py
[2022-06-08 13:00:57,584] {processor.py:641} INFO - Processing file /home/james/airflowa/lib/python3.8/site-packages/airflow/example_dags/example_xcomargs.py for tasks to queue
[2022-06-08 13:00:57,585] {logging_mixin.py:115} INFO - [2022-06-08 13:00:57,585] {dagbag.py:507} INFO - Filling up the DagBag from /home/james/airflowa/lib/python3.8/site-packages/airflow/example_dags/example_xcomargs.py
[2022-06-08 13:00:57,607] {processor.py:651} INFO - DAG(s) dict_keys(['example_xcom_args', 'example_xcom_args_with_operators']) retrieved from /home/james/airflowa/lib/python3.8/site-packages/airflow/example_dags/example_xcomargs.py
[2022-06-08 13:00:57,627] {logging_mixin.py:115} INFO - [2022-06-08 13:00:57,627] {dag.py:2379} INFO - Sync 2 DAGs
[2022-06-08 13:00:57,647] {logging_mixin.py:115} INFO - [2022-06-08 13:00:57,647] {dag.py:2927} INFO - Setting next_dagrun for example_xcom_args to None, run_after=None
[2022-06-08 13:00:57,647] {logging_mixin.py:115} INFO - [2022-06-08 13:00:57,647] {dag.py:2927} INFO - Setting next_dagrun for example_xcom_args_with_operators to None, run_after=None
[2022-06-08 13:00:57,662] {processor.py:161} INFO - Processing /home/james/airflowa/lib/python3.8/site-packages/airflow/example_dags/example_xcomargs.py took 0.081 seconds
[2022-06-08 13:01:54,686] {processor.py:153} INFO - Started process (PID=125392) to work on /home/james/airflowa/lib/python3.8/site-packages/airflow/example_dags/example_xcomargs.py
[2022-06-08 13:01:54,687] {processor.py:641} INFO - Processing file /home/james/airflowa/lib/python3.8/site-packages/airflow/example_dags/example_xcomargs.py for tasks to queue
[2022-06-08 13:01:54,687] {logging_mixin.py:115} INFO - [2022-06-08 13:01:54,687] {dagbag.py:507} INFO - Filling up the DagBag from /home/james/airflowa/lib/python3.8/site-packages/airflow/example_dags/example_xcomargs.py
[2022-06-08 13:01:54,710] {processor.py:651} INFO - DAG(s) dict_keys(['example_xcom_args', 'example_xcom_args_with_operators']) retrieved from /home/james/airflowa/lib/python3.8/site-packages/airflow/example_dags/example_xcomargs.py
[2022-06-08 13:01:54,741] {logging_mixin.py:115} INFO - [2022-06-08 13:01:54,741] {dag.py:2379} INFO - Sync 2 DAGs
[2022-06-08 13:01:54,772] {logging_mixin.py:115} INFO - [2022-06-08 13:01:54,772] {dag.py:2927} INFO - Setting next_dagrun for example_xcom_args to None, run_after=None
[2022-06-08 13:01:54,773] {logging_mixin.py:115} INFO - [2022-06-08 13:01:54,773] {dag.py:2927} INFO - Setting next_dagrun for example_xcom_args_with_operators to None, run_after=None
[2022-06-08 13:01:54,804] {processor.py:161} INFO - Processing /home/james/airflowa/lib/python3.8/site-packages/airflow/example_dags/example_xcomargs.py took 0.121 seconds
[2022-06-08 13:02:52,766] {processor.py:153} INFO - Started process (PID=125691) to work on /home/james/airflowa/lib/python3.8/site-packages/airflow/example_dags/example_xcomargs.py
[2022-06-08 13:02:52,767] {processor.py:641} INFO - Processing file /home/james/airflowa/lib/python3.8/site-packages/airflow/example_dags/example_xcomargs.py for tasks to queue
[2022-06-08 13:02:52,768] {logging_mixin.py:115} INFO - [2022-06-08 13:02:52,768] {dagbag.py:507} INFO - Filling up the DagBag from /home/james/airflowa/lib/python3.8/site-packages/airflow/example_dags/example_xcomargs.py
[2022-06-08 13:02:52,783] {processor.py:651} INFO - DAG(s) dict_keys(['example_xcom_args', 'example_xcom_args_with_operators']) retrieved from /home/james/airflowa/lib/python3.8/site-packages/airflow/example_dags/example_xcomargs.py
[2022-06-08 13:02:52,798] {logging_mixin.py:115} INFO - [2022-06-08 13:02:52,798] {dag.py:2379} INFO - Sync 2 DAGs
[2022-06-08 13:02:52,817] {logging_mixin.py:115} INFO - [2022-06-08 13:02:52,817] {dag.py:2927} INFO - Setting next_dagrun for example_xcom_args to None, run_after=None
[2022-06-08 13:02:52,818] {logging_mixin.py:115} INFO - [2022-06-08 13:02:52,818] {dag.py:2927} INFO - Setting next_dagrun for example_xcom_args_with_operators to None, run_after=None
[2022-06-08 13:02:52,830] {processor.py:161} INFO - Processing /home/james/airflowa/lib/python3.8/site-packages/airflow/example_dags/example_xcomargs.py took 0.066 seconds
[2022-06-08 13:03:51,338] {processor.py:153} INFO - Started process (PID=126026) to work on /home/james/airflowa/lib/python3.8/site-packages/airflow/example_dags/example_xcomargs.py
[2022-06-08 13:03:51,338] {processor.py:641} INFO - Processing file /home/james/airflowa/lib/python3.8/site-packages/airflow/example_dags/example_xcomargs.py for tasks to queue
[2022-06-08 13:03:51,339] {logging_mixin.py:115} INFO - [2022-06-08 13:03:51,339] {dagbag.py:507} INFO - Filling up the DagBag from /home/james/airflowa/lib/python3.8/site-packages/airflow/example_dags/example_xcomargs.py
[2022-06-08 13:03:51,363] {processor.py:651} INFO - DAG(s) dict_keys(['example_xcom_args', 'example_xcom_args_with_operators']) retrieved from /home/james/airflowa/lib/python3.8/site-packages/airflow/example_dags/example_xcomargs.py
[2022-06-08 13:03:51,409] {logging_mixin.py:115} INFO - [2022-06-08 13:03:51,409] {dag.py:2379} INFO - Sync 2 DAGs
[2022-06-08 13:03:51,423] {logging_mixin.py:115} INFO - [2022-06-08 13:03:51,423] {dag.py:2927} INFO - Setting next_dagrun for example_xcom_args to None, run_after=None
[2022-06-08 13:03:51,423] {logging_mixin.py:115} INFO - [2022-06-08 13:03:51,423] {dag.py:2927} INFO - Setting next_dagrun for example_xcom_args_with_operators to None, run_after=None
[2022-06-08 13:03:51,435] {processor.py:161} INFO - Processing /home/james/airflowa/lib/python3.8/site-packages/airflow/example_dags/example_xcomargs.py took 0.101 seconds
[2022-06-08 13:04:26,394] {processor.py:153} INFO - Started process (PID=126361) to work on /home/james/airflowa/lib/python3.8/site-packages/airflow/example_dags/example_xcomargs.py
[2022-06-08 13:04:26,395] {processor.py:641} INFO - Processing file /home/james/airflowa/lib/python3.8/site-packages/airflow/example_dags/example_xcomargs.py for tasks to queue
[2022-06-08 13:04:26,395] {logging_mixin.py:115} INFO - [2022-06-08 13:04:26,395] {dagbag.py:507} INFO - Filling up the DagBag from /home/james/airflowa/lib/python3.8/site-packages/airflow/example_dags/example_xcomargs.py
[2022-06-08 13:04:26,410] {processor.py:651} INFO - DAG(s) dict_keys(['example_xcom_args', 'example_xcom_args_with_operators']) retrieved from /home/james/airflowa/lib/python3.8/site-packages/airflow/example_dags/example_xcomargs.py
[2022-06-08 13:04:26,449] {logging_mixin.py:115} INFO - [2022-06-08 13:04:26,449] {dag.py:2379} INFO - Sync 2 DAGs
[2022-06-08 13:04:26,463] {logging_mixin.py:115} INFO - [2022-06-08 13:04:26,463] {dag.py:2927} INFO - Setting next_dagrun for example_xcom_args to None, run_after=None
[2022-06-08 13:04:26,464] {logging_mixin.py:115} INFO - [2022-06-08 13:04:26,464] {dag.py:2927} INFO - Setting next_dagrun for example_xcom_args_with_operators to None, run_after=None
[2022-06-08 13:04:26,475] {processor.py:161} INFO - Processing /home/james/airflowa/lib/python3.8/site-packages/airflow/example_dags/example_xcomargs.py took 0.083 seconds
[2022-06-08 13:05:02,066] {processor.py:153} INFO - Started process (PID=126516) to work on /home/james/airflowa/lib/python3.8/site-packages/airflow/example_dags/example_xcomargs.py
[2022-06-08 13:05:02,070] {processor.py:641} INFO - Processing file /home/james/airflowa/lib/python3.8/site-packages/airflow/example_dags/example_xcomargs.py for tasks to queue
[2022-06-08 13:05:02,071] {logging_mixin.py:115} INFO - [2022-06-08 13:05:02,071] {dagbag.py:507} INFO - Filling up the DagBag from /home/james/airflowa/lib/python3.8/site-packages/airflow/example_dags/example_xcomargs.py
[2022-06-08 13:05:02,089] {processor.py:651} INFO - DAG(s) dict_keys(['example_xcom_args', 'example_xcom_args_with_operators']) retrieved from /home/james/airflowa/lib/python3.8/site-packages/airflow/example_dags/example_xcomargs.py
[2022-06-08 13:05:02,105] {logging_mixin.py:115} INFO - [2022-06-08 13:05:02,105] {dag.py:2379} INFO - Sync 2 DAGs
[2022-06-08 13:05:02,120] {logging_mixin.py:115} INFO - [2022-06-08 13:05:02,120] {dag.py:2927} INFO - Setting next_dagrun for example_xcom_args to None, run_after=None
[2022-06-08 13:05:02,120] {logging_mixin.py:115} INFO - [2022-06-08 13:05:02,120] {dag.py:2927} INFO - Setting next_dagrun for example_xcom_args_with_operators to None, run_after=None
[2022-06-08 13:05:02,131] {processor.py:161} INFO - Processing /home/james/airflowa/lib/python3.8/site-packages/airflow/example_dags/example_xcomargs.py took 0.068 seconds
[2022-06-08 13:05:52,179] {processor.py:153} INFO - Started process (PID=126701) to work on /home/james/airflowa/lib/python3.8/site-packages/airflow/example_dags/example_xcomargs.py
[2022-06-08 13:05:52,180] {processor.py:641} INFO - Processing file /home/james/airflowa/lib/python3.8/site-packages/airflow/example_dags/example_xcomargs.py for tasks to queue
[2022-06-08 13:05:52,180] {logging_mixin.py:115} INFO - [2022-06-08 13:05:52,180] {dagbag.py:507} INFO - Filling up the DagBag from /home/james/airflowa/lib/python3.8/site-packages/airflow/example_dags/example_xcomargs.py
[2022-06-08 13:05:52,196] {processor.py:651} INFO - DAG(s) dict_keys(['example_xcom_args', 'example_xcom_args_with_operators']) retrieved from /home/james/airflowa/lib/python3.8/site-packages/airflow/example_dags/example_xcomargs.py
[2022-06-08 13:05:52,211] {logging_mixin.py:115} INFO - [2022-06-08 13:05:52,211] {dag.py:2379} INFO - Sync 2 DAGs
[2022-06-08 13:05:52,225] {logging_mixin.py:115} INFO - [2022-06-08 13:05:52,225] {dag.py:2927} INFO - Setting next_dagrun for example_xcom_args to None, run_after=None
[2022-06-08 13:05:52,226] {logging_mixin.py:115} INFO - [2022-06-08 13:05:52,226] {dag.py:2927} INFO - Setting next_dagrun for example_xcom_args_with_operators to None, run_after=None
[2022-06-08 13:05:52,237] {processor.py:161} INFO - Processing /home/james/airflowa/lib/python3.8/site-packages/airflow/example_dags/example_xcomargs.py took 0.060 seconds
[2022-06-08 13:06:48,859] {processor.py:153} INFO - Started process (PID=126977) to work on /home/james/airflowa/lib/python3.8/site-packages/airflow/example_dags/example_xcomargs.py
[2022-06-08 13:06:48,860] {processor.py:641} INFO - Processing file /home/james/airflowa/lib/python3.8/site-packages/airflow/example_dags/example_xcomargs.py for tasks to queue
[2022-06-08 13:06:48,860] {logging_mixin.py:115} INFO - [2022-06-08 13:06:48,860] {dagbag.py:507} INFO - Filling up the DagBag from /home/james/airflowa/lib/python3.8/site-packages/airflow/example_dags/example_xcomargs.py
[2022-06-08 13:06:48,876] {processor.py:651} INFO - DAG(s) dict_keys(['example_xcom_args', 'example_xcom_args_with_operators']) retrieved from /home/james/airflowa/lib/python3.8/site-packages/airflow/example_dags/example_xcomargs.py
[2022-06-08 13:06:48,918] {logging_mixin.py:115} INFO - [2022-06-08 13:06:48,917] {dag.py:2379} INFO - Sync 2 DAGs
[2022-06-08 13:06:48,933] {logging_mixin.py:115} INFO - [2022-06-08 13:06:48,933] {dag.py:2927} INFO - Setting next_dagrun for example_xcom_args to None, run_after=None
[2022-06-08 13:06:48,933] {logging_mixin.py:115} INFO - [2022-06-08 13:06:48,933] {dag.py:2927} INFO - Setting next_dagrun for example_xcom_args_with_operators to None, run_after=None
[2022-06-08 13:06:48,946] {processor.py:161} INFO - Processing /home/james/airflowa/lib/python3.8/site-packages/airflow/example_dags/example_xcomargs.py took 0.089 seconds
