[2022-06-08 09:03:49,673] {processor.py:153} INFO - Started process (PID=23644) to work on /home/james/airflowa/lib/python3.8/site-packages/airflow/example_dags/example_trigger_target_dag.py
[2022-06-08 09:03:49,674] {processor.py:641} INFO - Processing file /home/james/airflowa/lib/python3.8/site-packages/airflow/example_dags/example_trigger_target_dag.py for tasks to queue
[2022-06-08 09:03:49,674] {logging_mixin.py:115} INFO - [2022-06-08 09:03:49,674] {dagbag.py:507} INFO - Filling up the DagBag from /home/james/airflowa/lib/python3.8/site-packages/airflow/example_dags/example_trigger_target_dag.py
[2022-06-08 09:03:49,693] {processor.py:651} INFO - DAG(s) dict_keys(['example_trigger_target_dag']) retrieved from /home/james/airflowa/lib/python3.8/site-packages/airflow/example_dags/example_trigger_target_dag.py
[2022-06-08 09:03:49,706] {logging_mixin.py:115} INFO - [2022-06-08 09:03:49,706] {dag.py:2379} INFO - Sync 1 DAGs
[2022-06-08 09:03:49,723] {logging_mixin.py:115} INFO - [2022-06-08 09:03:49,722] {dag.py:2927} INFO - Setting next_dagrun for example_trigger_target_dag to None, run_after=None
[2022-06-08 09:03:49,735] {processor.py:161} INFO - Processing /home/james/airflowa/lib/python3.8/site-packages/airflow/example_dags/example_trigger_target_dag.py took 0.067 seconds
[2022-06-08 09:04:23,277] {processor.py:153} INFO - Started process (PID=23840) to work on /home/james/airflowa/lib/python3.8/site-packages/airflow/example_dags/example_trigger_target_dag.py
[2022-06-08 09:04:23,277] {processor.py:641} INFO - Processing file /home/james/airflowa/lib/python3.8/site-packages/airflow/example_dags/example_trigger_target_dag.py for tasks to queue
[2022-06-08 09:04:23,278] {logging_mixin.py:115} INFO - [2022-06-08 09:04:23,277] {dagbag.py:507} INFO - Filling up the DagBag from /home/james/airflowa/lib/python3.8/site-packages/airflow/example_dags/example_trigger_target_dag.py
[2022-06-08 09:04:23,296] {processor.py:651} INFO - DAG(s) dict_keys(['example_trigger_target_dag']) retrieved from /home/james/airflowa/lib/python3.8/site-packages/airflow/example_dags/example_trigger_target_dag.py
[2022-06-08 09:04:23,312] {logging_mixin.py:115} INFO - [2022-06-08 09:04:23,312] {dag.py:2379} INFO - Sync 1 DAGs
[2022-06-08 09:04:23,349] {logging_mixin.py:115} INFO - [2022-06-08 09:04:23,349] {dag.py:2927} INFO - Setting next_dagrun for example_trigger_target_dag to None, run_after=None
[2022-06-08 09:04:23,384] {processor.py:161} INFO - Processing /home/james/airflowa/lib/python3.8/site-packages/airflow/example_dags/example_trigger_target_dag.py took 0.110 seconds
[2022-06-08 09:04:57,216] {processor.py:153} INFO - Started process (PID=23984) to work on /home/james/airflowa/lib/python3.8/site-packages/airflow/example_dags/example_trigger_target_dag.py
[2022-06-08 09:04:57,217] {processor.py:641} INFO - Processing file /home/james/airflowa/lib/python3.8/site-packages/airflow/example_dags/example_trigger_target_dag.py for tasks to queue
[2022-06-08 09:04:57,217] {logging_mixin.py:115} INFO - [2022-06-08 09:04:57,217] {dagbag.py:507} INFO - Filling up the DagBag from /home/james/airflowa/lib/python3.8/site-packages/airflow/example_dags/example_trigger_target_dag.py
[2022-06-08 09:04:57,231] {processor.py:651} INFO - DAG(s) dict_keys(['example_trigger_target_dag']) retrieved from /home/james/airflowa/lib/python3.8/site-packages/airflow/example_dags/example_trigger_target_dag.py
[2022-06-08 09:04:57,243] {logging_mixin.py:115} INFO - [2022-06-08 09:04:57,242] {dag.py:2379} INFO - Sync 1 DAGs
[2022-06-08 09:04:57,257] {logging_mixin.py:115} INFO - [2022-06-08 09:04:57,257] {dag.py:2927} INFO - Setting next_dagrun for example_trigger_target_dag to None, run_after=None
[2022-06-08 09:04:57,268] {processor.py:161} INFO - Processing /home/james/airflowa/lib/python3.8/site-packages/airflow/example_dags/example_trigger_target_dag.py took 0.056 seconds
[2022-06-08 09:05:42,522] {processor.py:153} INFO - Started process (PID=24454) to work on /home/james/airflowa/lib/python3.8/site-packages/airflow/example_dags/example_trigger_target_dag.py
[2022-06-08 09:05:42,523] {processor.py:641} INFO - Processing file /home/james/airflowa/lib/python3.8/site-packages/airflow/example_dags/example_trigger_target_dag.py for tasks to queue
[2022-06-08 09:05:42,523] {logging_mixin.py:115} INFO - [2022-06-08 09:05:42,523] {dagbag.py:507} INFO - Filling up the DagBag from /home/james/airflowa/lib/python3.8/site-packages/airflow/example_dags/example_trigger_target_dag.py
[2022-06-08 09:05:42,539] {processor.py:651} INFO - DAG(s) dict_keys(['example_trigger_target_dag']) retrieved from /home/james/airflowa/lib/python3.8/site-packages/airflow/example_dags/example_trigger_target_dag.py
[2022-06-08 09:05:42,551] {logging_mixin.py:115} INFO - [2022-06-08 09:05:42,551] {dag.py:2379} INFO - Sync 1 DAGs
[2022-06-08 09:05:42,567] {logging_mixin.py:115} INFO - [2022-06-08 09:05:42,567] {dag.py:2927} INFO - Setting next_dagrun for example_trigger_target_dag to None, run_after=None
[2022-06-08 09:05:42,578] {processor.py:161} INFO - Processing /home/james/airflowa/lib/python3.8/site-packages/airflow/example_dags/example_trigger_target_dag.py took 0.058 seconds
[2022-06-08 09:06:46,694] {processor.py:153} INFO - Started process (PID=24927) to work on /home/james/airflowa/lib/python3.8/site-packages/airflow/example_dags/example_trigger_target_dag.py
[2022-06-08 09:06:46,695] {processor.py:641} INFO - Processing file /home/james/airflowa/lib/python3.8/site-packages/airflow/example_dags/example_trigger_target_dag.py for tasks to queue
[2022-06-08 09:06:46,696] {logging_mixin.py:115} INFO - [2022-06-08 09:06:46,696] {dagbag.py:507} INFO - Filling up the DagBag from /home/james/airflowa/lib/python3.8/site-packages/airflow/example_dags/example_trigger_target_dag.py
[2022-06-08 09:06:46,722] {processor.py:651} INFO - DAG(s) dict_keys(['example_trigger_target_dag']) retrieved from /home/james/airflowa/lib/python3.8/site-packages/airflow/example_dags/example_trigger_target_dag.py
[2022-06-08 09:06:46,744] {logging_mixin.py:115} INFO - [2022-06-08 09:06:46,743] {dag.py:2379} INFO - Sync 1 DAGs
[2022-06-08 09:06:46,771] {logging_mixin.py:115} INFO - [2022-06-08 09:06:46,771] {dag.py:2927} INFO - Setting next_dagrun for example_trigger_target_dag to None, run_after=None
[2022-06-08 09:06:46,788] {processor.py:161} INFO - Processing /home/james/airflowa/lib/python3.8/site-packages/airflow/example_dags/example_trigger_target_dag.py took 0.098 seconds
[2022-06-08 09:07:38,046] {processor.py:153} INFO - Started process (PID=25272) to work on /home/james/airflowa/lib/python3.8/site-packages/airflow/example_dags/example_trigger_target_dag.py
[2022-06-08 09:07:38,046] {processor.py:641} INFO - Processing file /home/james/airflowa/lib/python3.8/site-packages/airflow/example_dags/example_trigger_target_dag.py for tasks to queue
[2022-06-08 09:07:38,048] {logging_mixin.py:115} INFO - [2022-06-08 09:07:38,047] {dagbag.py:507} INFO - Filling up the DagBag from /home/james/airflowa/lib/python3.8/site-packages/airflow/example_dags/example_trigger_target_dag.py
[2022-06-08 09:07:38,094] {processor.py:651} INFO - DAG(s) dict_keys(['example_trigger_target_dag']) retrieved from /home/james/airflowa/lib/python3.8/site-packages/airflow/example_dags/example_trigger_target_dag.py
[2022-06-08 09:07:38,127] {logging_mixin.py:115} INFO - [2022-06-08 09:07:38,127] {dag.py:2379} INFO - Sync 1 DAGs
[2022-06-08 09:07:38,171] {logging_mixin.py:115} INFO - [2022-06-08 09:07:38,170] {dag.py:2927} INFO - Setting next_dagrun for example_trigger_target_dag to None, run_after=None
[2022-06-08 09:07:38,202] {processor.py:161} INFO - Processing /home/james/airflowa/lib/python3.8/site-packages/airflow/example_dags/example_trigger_target_dag.py took 0.162 seconds
[2022-06-08 09:08:23,991] {processor.py:153} INFO - Started process (PID=25513) to work on /home/james/airflowa/lib/python3.8/site-packages/airflow/example_dags/example_trigger_target_dag.py
[2022-06-08 09:08:23,992] {processor.py:641} INFO - Processing file /home/james/airflowa/lib/python3.8/site-packages/airflow/example_dags/example_trigger_target_dag.py for tasks to queue
[2022-06-08 09:08:23,992] {logging_mixin.py:115} INFO - [2022-06-08 09:08:23,992] {dagbag.py:507} INFO - Filling up the DagBag from /home/james/airflowa/lib/python3.8/site-packages/airflow/example_dags/example_trigger_target_dag.py
[2022-06-08 09:08:24,017] {processor.py:651} INFO - DAG(s) dict_keys(['example_trigger_target_dag']) retrieved from /home/james/airflowa/lib/python3.8/site-packages/airflow/example_dags/example_trigger_target_dag.py
[2022-06-08 09:08:24,038] {logging_mixin.py:115} INFO - [2022-06-08 09:08:24,037] {dag.py:2379} INFO - Sync 1 DAGs
[2022-06-08 09:08:24,062] {logging_mixin.py:115} INFO - [2022-06-08 09:08:24,062] {dag.py:2927} INFO - Setting next_dagrun for example_trigger_target_dag to None, run_after=None
[2022-06-08 09:08:24,083] {processor.py:161} INFO - Processing /home/james/airflowa/lib/python3.8/site-packages/airflow/example_dags/example_trigger_target_dag.py took 0.098 seconds
[2022-06-08 09:09:12,302] {processor.py:153} INFO - Started process (PID=25845) to work on /home/james/airflowa/lib/python3.8/site-packages/airflow/example_dags/example_trigger_target_dag.py
[2022-06-08 09:09:12,303] {processor.py:641} INFO - Processing file /home/james/airflowa/lib/python3.8/site-packages/airflow/example_dags/example_trigger_target_dag.py for tasks to queue
[2022-06-08 09:09:12,304] {logging_mixin.py:115} INFO - [2022-06-08 09:09:12,303] {dagbag.py:507} INFO - Filling up the DagBag from /home/james/airflowa/lib/python3.8/site-packages/airflow/example_dags/example_trigger_target_dag.py
[2022-06-08 09:09:12,333] {processor.py:651} INFO - DAG(s) dict_keys(['example_trigger_target_dag']) retrieved from /home/james/airflowa/lib/python3.8/site-packages/airflow/example_dags/example_trigger_target_dag.py
[2022-06-08 09:09:12,357] {logging_mixin.py:115} INFO - [2022-06-08 09:09:12,356] {dag.py:2379} INFO - Sync 1 DAGs
[2022-06-08 09:09:12,385] {logging_mixin.py:115} INFO - [2022-06-08 09:09:12,385] {dag.py:2927} INFO - Setting next_dagrun for example_trigger_target_dag to None, run_after=None
[2022-06-08 09:09:12,404] {processor.py:161} INFO - Processing /home/james/airflowa/lib/python3.8/site-packages/airflow/example_dags/example_trigger_target_dag.py took 0.106 seconds
[2022-06-08 09:10:06,057] {processor.py:153} INFO - Started process (PID=26537) to work on /home/james/airflowa/lib/python3.8/site-packages/airflow/example_dags/example_trigger_target_dag.py
[2022-06-08 09:10:06,058] {processor.py:641} INFO - Processing file /home/james/airflowa/lib/python3.8/site-packages/airflow/example_dags/example_trigger_target_dag.py for tasks to queue
[2022-06-08 09:10:06,059] {logging_mixin.py:115} INFO - [2022-06-08 09:10:06,059] {dagbag.py:507} INFO - Filling up the DagBag from /home/james/airflowa/lib/python3.8/site-packages/airflow/example_dags/example_trigger_target_dag.py
[2022-06-08 09:10:06,088] {processor.py:651} INFO - DAG(s) dict_keys(['example_trigger_target_dag']) retrieved from /home/james/airflowa/lib/python3.8/site-packages/airflow/example_dags/example_trigger_target_dag.py
[2022-06-08 09:10:06,111] {logging_mixin.py:115} INFO - [2022-06-08 09:10:06,111] {dag.py:2379} INFO - Sync 1 DAGs
[2022-06-08 09:10:06,141] {logging_mixin.py:115} INFO - [2022-06-08 09:10:06,141] {dag.py:2927} INFO - Setting next_dagrun for example_trigger_target_dag to None, run_after=None
[2022-06-08 09:10:06,158] {processor.py:161} INFO - Processing /home/james/airflowa/lib/python3.8/site-packages/airflow/example_dags/example_trigger_target_dag.py took 0.106 seconds
[2022-06-08 09:11:07,006] {processor.py:153} INFO - Started process (PID=27023) to work on /home/james/airflowa/lib/python3.8/site-packages/airflow/example_dags/example_trigger_target_dag.py
[2022-06-08 09:11:07,007] {processor.py:641} INFO - Processing file /home/james/airflowa/lib/python3.8/site-packages/airflow/example_dags/example_trigger_target_dag.py for tasks to queue
[2022-06-08 09:11:07,008] {logging_mixin.py:115} INFO - [2022-06-08 09:11:07,008] {dagbag.py:507} INFO - Filling up the DagBag from /home/james/airflowa/lib/python3.8/site-packages/airflow/example_dags/example_trigger_target_dag.py
[2022-06-08 09:11:07,040] {processor.py:651} INFO - DAG(s) dict_keys(['example_trigger_target_dag']) retrieved from /home/james/airflowa/lib/python3.8/site-packages/airflow/example_dags/example_trigger_target_dag.py
[2022-06-08 09:11:07,069] {logging_mixin.py:115} INFO - [2022-06-08 09:11:07,069] {dag.py:2379} INFO - Sync 1 DAGs
[2022-06-08 09:11:07,104] {logging_mixin.py:115} INFO - [2022-06-08 09:11:07,104] {dag.py:2927} INFO - Setting next_dagrun for example_trigger_target_dag to None, run_after=None
[2022-06-08 09:11:07,124] {processor.py:161} INFO - Processing /home/james/airflowa/lib/python3.8/site-packages/airflow/example_dags/example_trigger_target_dag.py took 0.122 seconds
[2022-06-08 09:12:25,059] {processor.py:153} INFO - Started process (PID=27462) to work on /home/james/airflowa/lib/python3.8/site-packages/airflow/example_dags/example_trigger_target_dag.py
[2022-06-08 09:12:25,060] {processor.py:641} INFO - Processing file /home/james/airflowa/lib/python3.8/site-packages/airflow/example_dags/example_trigger_target_dag.py for tasks to queue
[2022-06-08 09:12:25,061] {logging_mixin.py:115} INFO - [2022-06-08 09:12:25,061] {dagbag.py:507} INFO - Filling up the DagBag from /home/james/airflowa/lib/python3.8/site-packages/airflow/example_dags/example_trigger_target_dag.py
[2022-06-08 09:12:25,103] {processor.py:651} INFO - DAG(s) dict_keys(['example_trigger_target_dag']) retrieved from /home/james/airflowa/lib/python3.8/site-packages/airflow/example_dags/example_trigger_target_dag.py
[2022-06-08 09:12:25,135] {logging_mixin.py:115} INFO - [2022-06-08 09:12:25,135] {dag.py:2379} INFO - Sync 1 DAGs
[2022-06-08 09:12:25,188] {logging_mixin.py:115} INFO - [2022-06-08 09:12:25,188] {dag.py:2927} INFO - Setting next_dagrun for example_trigger_target_dag to None, run_after=None
[2022-06-08 09:12:25,212] {processor.py:161} INFO - Processing /home/james/airflowa/lib/python3.8/site-packages/airflow/example_dags/example_trigger_target_dag.py took 0.160 seconds
[2022-06-08 09:14:13,767] {processor.py:153} INFO - Started process (PID=28092) to work on /home/james/airflowa/lib/python3.8/site-packages/airflow/example_dags/example_trigger_target_dag.py
[2022-06-08 09:14:13,768] {processor.py:641} INFO - Processing file /home/james/airflowa/lib/python3.8/site-packages/airflow/example_dags/example_trigger_target_dag.py for tasks to queue
[2022-06-08 09:14:13,770] {logging_mixin.py:115} INFO - [2022-06-08 09:14:13,770] {dagbag.py:507} INFO - Filling up the DagBag from /home/james/airflowa/lib/python3.8/site-packages/airflow/example_dags/example_trigger_target_dag.py
[2022-06-08 09:14:13,821] {processor.py:651} INFO - DAG(s) dict_keys(['example_trigger_target_dag']) retrieved from /home/james/airflowa/lib/python3.8/site-packages/airflow/example_dags/example_trigger_target_dag.py
[2022-06-08 09:14:13,871] {logging_mixin.py:115} INFO - [2022-06-08 09:14:13,870] {dag.py:2379} INFO - Sync 1 DAGs
[2022-06-08 09:14:13,924] {logging_mixin.py:115} INFO - [2022-06-08 09:14:13,924] {dag.py:2927} INFO - Setting next_dagrun for example_trigger_target_dag to None, run_after=None
[2022-06-08 09:14:13,955] {processor.py:161} INFO - Processing /home/james/airflowa/lib/python3.8/site-packages/airflow/example_dags/example_trigger_target_dag.py took 0.195 seconds
[2022-06-08 09:15:58,111] {processor.py:153} INFO - Started process (PID=28866) to work on /home/james/airflowa/lib/python3.8/site-packages/airflow/example_dags/example_trigger_target_dag.py
[2022-06-08 09:15:58,112] {processor.py:641} INFO - Processing file /home/james/airflowa/lib/python3.8/site-packages/airflow/example_dags/example_trigger_target_dag.py for tasks to queue
[2022-06-08 09:15:58,113] {logging_mixin.py:115} INFO - [2022-06-08 09:15:58,113] {dagbag.py:507} INFO - Filling up the DagBag from /home/james/airflowa/lib/python3.8/site-packages/airflow/example_dags/example_trigger_target_dag.py
[2022-06-08 09:15:58,150] {processor.py:651} INFO - DAG(s) dict_keys(['example_trigger_target_dag']) retrieved from /home/james/airflowa/lib/python3.8/site-packages/airflow/example_dags/example_trigger_target_dag.py
[2022-06-08 09:15:58,186] {logging_mixin.py:115} INFO - [2022-06-08 09:15:58,186] {dag.py:2379} INFO - Sync 1 DAGs
[2022-06-08 09:15:58,221] {logging_mixin.py:115} INFO - [2022-06-08 09:15:58,221] {dag.py:2927} INFO - Setting next_dagrun for example_trigger_target_dag to None, run_after=None
[2022-06-08 09:15:58,242] {processor.py:161} INFO - Processing /home/james/airflowa/lib/python3.8/site-packages/airflow/example_dags/example_trigger_target_dag.py took 0.136 seconds
[2022-06-08 09:17:46,542] {processor.py:153} INFO - Started process (PID=30414) to work on /home/james/airflowa/lib/python3.8/site-packages/airflow/example_dags/example_trigger_target_dag.py
[2022-06-08 09:17:46,545] {processor.py:641} INFO - Processing file /home/james/airflowa/lib/python3.8/site-packages/airflow/example_dags/example_trigger_target_dag.py for tasks to queue
[2022-06-08 09:17:46,546] {logging_mixin.py:115} INFO - [2022-06-08 09:17:46,545] {dagbag.py:507} INFO - Filling up the DagBag from /home/james/airflowa/lib/python3.8/site-packages/airflow/example_dags/example_trigger_target_dag.py
[2022-06-08 09:17:46,575] {processor.py:651} INFO - DAG(s) dict_keys(['example_trigger_target_dag']) retrieved from /home/james/airflowa/lib/python3.8/site-packages/airflow/example_dags/example_trigger_target_dag.py
[2022-06-08 09:17:46,601] {logging_mixin.py:115} INFO - [2022-06-08 09:17:46,601] {dag.py:2379} INFO - Sync 1 DAGs
[2022-06-08 09:17:46,633] {logging_mixin.py:115} INFO - [2022-06-08 09:17:46,633] {dag.py:2927} INFO - Setting next_dagrun for example_trigger_target_dag to None, run_after=None
[2022-06-08 09:17:46,650] {processor.py:161} INFO - Processing /home/james/airflowa/lib/python3.8/site-packages/airflow/example_dags/example_trigger_target_dag.py took 0.117 seconds
[2022-06-08 09:19:35,172] {processor.py:153} INFO - Started process (PID=31030) to work on /home/james/airflowa/lib/python3.8/site-packages/airflow/example_dags/example_trigger_target_dag.py
[2022-06-08 09:19:35,174] {processor.py:641} INFO - Processing file /home/james/airflowa/lib/python3.8/site-packages/airflow/example_dags/example_trigger_target_dag.py for tasks to queue
[2022-06-08 09:19:35,175] {logging_mixin.py:115} INFO - [2022-06-08 09:19:35,175] {dagbag.py:507} INFO - Filling up the DagBag from /home/james/airflowa/lib/python3.8/site-packages/airflow/example_dags/example_trigger_target_dag.py
[2022-06-08 09:19:35,206] {processor.py:651} INFO - DAG(s) dict_keys(['example_trigger_target_dag']) retrieved from /home/james/airflowa/lib/python3.8/site-packages/airflow/example_dags/example_trigger_target_dag.py
[2022-06-08 09:19:35,236] {logging_mixin.py:115} INFO - [2022-06-08 09:19:35,236] {dag.py:2379} INFO - Sync 1 DAGs
[2022-06-08 09:19:35,279] {logging_mixin.py:115} INFO - [2022-06-08 09:19:35,279] {dag.py:2927} INFO - Setting next_dagrun for example_trigger_target_dag to None, run_after=None
[2022-06-08 09:19:35,304] {processor.py:161} INFO - Processing /home/james/airflowa/lib/python3.8/site-packages/airflow/example_dags/example_trigger_target_dag.py took 0.138 seconds
[2022-06-08 09:21:54,705] {processor.py:153} INFO - Started process (PID=32714) to work on /home/james/airflowa/lib/python3.8/site-packages/airflow/example_dags/example_trigger_target_dag.py
[2022-06-08 09:21:54,708] {processor.py:641} INFO - Processing file /home/james/airflowa/lib/python3.8/site-packages/airflow/example_dags/example_trigger_target_dag.py for tasks to queue
[2022-06-08 09:21:54,709] {logging_mixin.py:115} INFO - [2022-06-08 09:21:54,709] {dagbag.py:507} INFO - Filling up the DagBag from /home/james/airflowa/lib/python3.8/site-packages/airflow/example_dags/example_trigger_target_dag.py
[2022-06-08 09:21:54,752] {processor.py:651} INFO - DAG(s) dict_keys(['example_trigger_target_dag']) retrieved from /home/james/airflowa/lib/python3.8/site-packages/airflow/example_dags/example_trigger_target_dag.py
[2022-06-08 09:21:54,785] {logging_mixin.py:115} INFO - [2022-06-08 09:21:54,785] {dag.py:2379} INFO - Sync 1 DAGs
[2022-06-08 09:21:54,822] {logging_mixin.py:115} INFO - [2022-06-08 09:21:54,822] {dag.py:2927} INFO - Setting next_dagrun for example_trigger_target_dag to None, run_after=None
[2022-06-08 09:21:54,844] {processor.py:161} INFO - Processing /home/james/airflowa/lib/python3.8/site-packages/airflow/example_dags/example_trigger_target_dag.py took 0.148 seconds
[2022-06-08 09:23:54,142] {processor.py:153} INFO - Started process (PID=33444) to work on /home/james/airflowa/lib/python3.8/site-packages/airflow/example_dags/example_trigger_target_dag.py
[2022-06-08 09:23:54,143] {processor.py:641} INFO - Processing file /home/james/airflowa/lib/python3.8/site-packages/airflow/example_dags/example_trigger_target_dag.py for tasks to queue
[2022-06-08 09:23:54,145] {logging_mixin.py:115} INFO - [2022-06-08 09:23:54,145] {dagbag.py:507} INFO - Filling up the DagBag from /home/james/airflowa/lib/python3.8/site-packages/airflow/example_dags/example_trigger_target_dag.py
[2022-06-08 09:23:54,182] {processor.py:651} INFO - DAG(s) dict_keys(['example_trigger_target_dag']) retrieved from /home/james/airflowa/lib/python3.8/site-packages/airflow/example_dags/example_trigger_target_dag.py
[2022-06-08 09:23:54,214] {logging_mixin.py:115} INFO - [2022-06-08 09:23:54,213] {dag.py:2379} INFO - Sync 1 DAGs
[2022-06-08 09:23:54,254] {logging_mixin.py:115} INFO - [2022-06-08 09:23:54,254] {dag.py:2927} INFO - Setting next_dagrun for example_trigger_target_dag to None, run_after=None
[2022-06-08 09:23:54,279] {processor.py:161} INFO - Processing /home/james/airflowa/lib/python3.8/site-packages/airflow/example_dags/example_trigger_target_dag.py took 0.145 seconds
[2022-06-08 09:26:02,728] {processor.py:153} INFO - Started process (PID=34213) to work on /home/james/airflowa/lib/python3.8/site-packages/airflow/example_dags/example_trigger_target_dag.py
[2022-06-08 09:26:02,729] {processor.py:641} INFO - Processing file /home/james/airflowa/lib/python3.8/site-packages/airflow/example_dags/example_trigger_target_dag.py for tasks to queue
[2022-06-08 09:26:02,730] {logging_mixin.py:115} INFO - [2022-06-08 09:26:02,730] {dagbag.py:507} INFO - Filling up the DagBag from /home/james/airflowa/lib/python3.8/site-packages/airflow/example_dags/example_trigger_target_dag.py
[2022-06-08 09:26:02,767] {processor.py:651} INFO - DAG(s) dict_keys(['example_trigger_target_dag']) retrieved from /home/james/airflowa/lib/python3.8/site-packages/airflow/example_dags/example_trigger_target_dag.py
[2022-06-08 09:26:02,803] {logging_mixin.py:115} INFO - [2022-06-08 09:26:02,803] {dag.py:2379} INFO - Sync 1 DAGs
[2022-06-08 09:26:02,848] {logging_mixin.py:115} INFO - [2022-06-08 09:26:02,848] {dag.py:2927} INFO - Setting next_dagrun for example_trigger_target_dag to None, run_after=None
[2022-06-08 09:26:02,881] {processor.py:161} INFO - Processing /home/james/airflowa/lib/python3.8/site-packages/airflow/example_dags/example_trigger_target_dag.py took 0.158 seconds
[2022-06-08 09:28:05,421] {processor.py:153} INFO - Started process (PID=34876) to work on /home/james/airflowa/lib/python3.8/site-packages/airflow/example_dags/example_trigger_target_dag.py
[2022-06-08 09:28:05,422] {processor.py:641} INFO - Processing file /home/james/airflowa/lib/python3.8/site-packages/airflow/example_dags/example_trigger_target_dag.py for tasks to queue
[2022-06-08 09:28:05,423] {logging_mixin.py:115} INFO - [2022-06-08 09:28:05,423] {dagbag.py:507} INFO - Filling up the DagBag from /home/james/airflowa/lib/python3.8/site-packages/airflow/example_dags/example_trigger_target_dag.py
[2022-06-08 09:28:05,467] {processor.py:651} INFO - DAG(s) dict_keys(['example_trigger_target_dag']) retrieved from /home/james/airflowa/lib/python3.8/site-packages/airflow/example_dags/example_trigger_target_dag.py
[2022-06-08 09:28:05,505] {logging_mixin.py:115} INFO - [2022-06-08 09:28:05,504] {dag.py:2379} INFO - Sync 1 DAGs
[2022-06-08 09:28:05,552] {logging_mixin.py:115} INFO - [2022-06-08 09:28:05,551] {dag.py:2927} INFO - Setting next_dagrun for example_trigger_target_dag to None, run_after=None
[2022-06-08 09:28:05,578] {processor.py:161} INFO - Processing /home/james/airflowa/lib/python3.8/site-packages/airflow/example_dags/example_trigger_target_dag.py took 0.164 seconds
[2022-06-08 11:27:32,912] {processor.py:153} INFO - Started process (PID=76492) to work on /home/james/airflowa/lib/python3.8/site-packages/airflow/example_dags/example_trigger_target_dag.py
[2022-06-08 11:27:32,913] {processor.py:641} INFO - Processing file /home/james/airflowa/lib/python3.8/site-packages/airflow/example_dags/example_trigger_target_dag.py for tasks to queue
[2022-06-08 11:27:32,913] {logging_mixin.py:115} INFO - [2022-06-08 11:27:32,913] {dagbag.py:507} INFO - Filling up the DagBag from /home/james/airflowa/lib/python3.8/site-packages/airflow/example_dags/example_trigger_target_dag.py
[2022-06-08 11:27:32,928] {processor.py:651} INFO - DAG(s) dict_keys(['example_trigger_target_dag']) retrieved from /home/james/airflowa/lib/python3.8/site-packages/airflow/example_dags/example_trigger_target_dag.py
[2022-06-08 11:27:32,940] {logging_mixin.py:115} INFO - [2022-06-08 11:27:32,940] {dag.py:2379} INFO - Sync 1 DAGs
[2022-06-08 11:27:32,955] {logging_mixin.py:115} INFO - [2022-06-08 11:27:32,955] {dag.py:2927} INFO - Setting next_dagrun for example_trigger_target_dag to None, run_after=None
[2022-06-08 11:27:32,965] {processor.py:161} INFO - Processing /home/james/airflowa/lib/python3.8/site-packages/airflow/example_dags/example_trigger_target_dag.py took 0.055 seconds
[2022-06-08 11:28:06,586] {processor.py:153} INFO - Started process (PID=76719) to work on /home/james/airflowa/lib/python3.8/site-packages/airflow/example_dags/example_trigger_target_dag.py
[2022-06-08 11:28:06,587] {processor.py:641} INFO - Processing file /home/james/airflowa/lib/python3.8/site-packages/airflow/example_dags/example_trigger_target_dag.py for tasks to queue
[2022-06-08 11:28:06,587] {logging_mixin.py:115} INFO - [2022-06-08 11:28:06,587] {dagbag.py:507} INFO - Filling up the DagBag from /home/james/airflowa/lib/python3.8/site-packages/airflow/example_dags/example_trigger_target_dag.py
[2022-06-08 11:28:06,604] {processor.py:651} INFO - DAG(s) dict_keys(['example_trigger_target_dag']) retrieved from /home/james/airflowa/lib/python3.8/site-packages/airflow/example_dags/example_trigger_target_dag.py
[2022-06-08 11:28:06,618] {logging_mixin.py:115} INFO - [2022-06-08 11:28:06,618] {dag.py:2379} INFO - Sync 1 DAGs
[2022-06-08 11:28:06,635] {logging_mixin.py:115} INFO - [2022-06-08 11:28:06,635] {dag.py:2927} INFO - Setting next_dagrun for example_trigger_target_dag to None, run_after=None
[2022-06-08 11:28:06,652] {processor.py:161} INFO - Processing /home/james/airflowa/lib/python3.8/site-packages/airflow/example_dags/example_trigger_target_dag.py took 0.068 seconds
[2022-06-08 11:28:45,218] {processor.py:153} INFO - Started process (PID=76980) to work on /home/james/airflowa/lib/python3.8/site-packages/airflow/example_dags/example_trigger_target_dag.py
[2022-06-08 11:28:45,219] {processor.py:641} INFO - Processing file /home/james/airflowa/lib/python3.8/site-packages/airflow/example_dags/example_trigger_target_dag.py for tasks to queue
[2022-06-08 11:28:45,219] {logging_mixin.py:115} INFO - [2022-06-08 11:28:45,219] {dagbag.py:507} INFO - Filling up the DagBag from /home/james/airflowa/lib/python3.8/site-packages/airflow/example_dags/example_trigger_target_dag.py
[2022-06-08 11:28:45,234] {processor.py:651} INFO - DAG(s) dict_keys(['example_trigger_target_dag']) retrieved from /home/james/airflowa/lib/python3.8/site-packages/airflow/example_dags/example_trigger_target_dag.py
[2022-06-08 11:28:45,246] {logging_mixin.py:115} INFO - [2022-06-08 11:28:45,246] {dag.py:2379} INFO - Sync 1 DAGs
[2022-06-08 11:28:45,260] {logging_mixin.py:115} INFO - [2022-06-08 11:28:45,260] {dag.py:2927} INFO - Setting next_dagrun for example_trigger_target_dag to None, run_after=None
[2022-06-08 11:28:45,272] {processor.py:161} INFO - Processing /home/james/airflowa/lib/python3.8/site-packages/airflow/example_dags/example_trigger_target_dag.py took 0.056 seconds
[2022-06-08 11:29:25,053] {processor.py:153} INFO - Started process (PID=77440) to work on /home/james/airflowa/lib/python3.8/site-packages/airflow/example_dags/example_trigger_target_dag.py
[2022-06-08 11:29:25,053] {processor.py:641} INFO - Processing file /home/james/airflowa/lib/python3.8/site-packages/airflow/example_dags/example_trigger_target_dag.py for tasks to queue
[2022-06-08 11:29:25,054] {logging_mixin.py:115} INFO - [2022-06-08 11:29:25,054] {dagbag.py:507} INFO - Filling up the DagBag from /home/james/airflowa/lib/python3.8/site-packages/airflow/example_dags/example_trigger_target_dag.py
[2022-06-08 11:29:25,067] {processor.py:651} INFO - DAG(s) dict_keys(['example_trigger_target_dag']) retrieved from /home/james/airflowa/lib/python3.8/site-packages/airflow/example_dags/example_trigger_target_dag.py
[2022-06-08 11:29:25,081] {logging_mixin.py:115} INFO - [2022-06-08 11:29:25,081] {dag.py:2379} INFO - Sync 1 DAGs
[2022-06-08 11:29:25,095] {logging_mixin.py:115} INFO - [2022-06-08 11:29:25,095] {dag.py:2927} INFO - Setting next_dagrun for example_trigger_target_dag to None, run_after=None
[2022-06-08 11:29:25,107] {processor.py:161} INFO - Processing /home/james/airflowa/lib/python3.8/site-packages/airflow/example_dags/example_trigger_target_dag.py took 0.056 seconds
[2022-06-08 11:30:48,906] {processor.py:153} INFO - Started process (PID=78269) to work on /home/james/airflowa/lib/python3.8/site-packages/airflow/example_dags/example_trigger_target_dag.py
[2022-06-08 11:30:48,906] {processor.py:641} INFO - Processing file /home/james/airflowa/lib/python3.8/site-packages/airflow/example_dags/example_trigger_target_dag.py for tasks to queue
[2022-06-08 11:30:48,907] {logging_mixin.py:115} INFO - [2022-06-08 11:30:48,907] {dagbag.py:507} INFO - Filling up the DagBag from /home/james/airflowa/lib/python3.8/site-packages/airflow/example_dags/example_trigger_target_dag.py
[2022-06-08 11:30:48,928] {processor.py:651} INFO - DAG(s) dict_keys(['example_trigger_target_dag']) retrieved from /home/james/airflowa/lib/python3.8/site-packages/airflow/example_dags/example_trigger_target_dag.py
[2022-06-08 11:30:48,946] {logging_mixin.py:115} INFO - [2022-06-08 11:30:48,946] {dag.py:2379} INFO - Sync 1 DAGs
[2022-06-08 11:30:48,967] {logging_mixin.py:115} INFO - [2022-06-08 11:30:48,967] {dag.py:2927} INFO - Setting next_dagrun for example_trigger_target_dag to None, run_after=None
[2022-06-08 11:30:48,982] {processor.py:161} INFO - Processing /home/james/airflowa/lib/python3.8/site-packages/airflow/example_dags/example_trigger_target_dag.py took 0.081 seconds
[2022-06-08 11:31:49,306] {processor.py:153} INFO - Started process (PID=78697) to work on /home/james/airflowa/lib/python3.8/site-packages/airflow/example_dags/example_trigger_target_dag.py
[2022-06-08 11:31:49,307] {processor.py:641} INFO - Processing file /home/james/airflowa/lib/python3.8/site-packages/airflow/example_dags/example_trigger_target_dag.py for tasks to queue
[2022-06-08 11:31:49,308] {logging_mixin.py:115} INFO - [2022-06-08 11:31:49,308] {dagbag.py:507} INFO - Filling up the DagBag from /home/james/airflowa/lib/python3.8/site-packages/airflow/example_dags/example_trigger_target_dag.py
[2022-06-08 11:31:49,334] {processor.py:651} INFO - DAG(s) dict_keys(['example_trigger_target_dag']) retrieved from /home/james/airflowa/lib/python3.8/site-packages/airflow/example_dags/example_trigger_target_dag.py
[2022-06-08 11:31:49,360] {logging_mixin.py:115} INFO - [2022-06-08 11:31:49,360] {dag.py:2379} INFO - Sync 1 DAGs
[2022-06-08 11:31:49,388] {logging_mixin.py:115} INFO - [2022-06-08 11:31:49,388] {dag.py:2927} INFO - Setting next_dagrun for example_trigger_target_dag to None, run_after=None
[2022-06-08 11:31:49,406] {processor.py:161} INFO - Processing /home/james/airflowa/lib/python3.8/site-packages/airflow/example_dags/example_trigger_target_dag.py took 0.105 seconds
[2022-06-08 11:32:37,856] {processor.py:153} INFO - Started process (PID=78938) to work on /home/james/airflowa/lib/python3.8/site-packages/airflow/example_dags/example_trigger_target_dag.py
[2022-06-08 11:32:37,858] {processor.py:641} INFO - Processing file /home/james/airflowa/lib/python3.8/site-packages/airflow/example_dags/example_trigger_target_dag.py for tasks to queue
[2022-06-08 11:32:37,858] {logging_mixin.py:115} INFO - [2022-06-08 11:32:37,858] {dagbag.py:507} INFO - Filling up the DagBag from /home/james/airflowa/lib/python3.8/site-packages/airflow/example_dags/example_trigger_target_dag.py
[2022-06-08 11:32:37,886] {processor.py:651} INFO - DAG(s) dict_keys(['example_trigger_target_dag']) retrieved from /home/james/airflowa/lib/python3.8/site-packages/airflow/example_dags/example_trigger_target_dag.py
[2022-06-08 11:32:37,905] {logging_mixin.py:115} INFO - [2022-06-08 11:32:37,905] {dag.py:2379} INFO - Sync 1 DAGs
[2022-06-08 11:32:37,933] {logging_mixin.py:115} INFO - [2022-06-08 11:32:37,932] {dag.py:2927} INFO - Setting next_dagrun for example_trigger_target_dag to None, run_after=None
[2022-06-08 11:32:37,948] {processor.py:161} INFO - Processing /home/james/airflowa/lib/python3.8/site-packages/airflow/example_dags/example_trigger_target_dag.py took 0.096 seconds
[2022-06-08 11:33:25,905] {processor.py:153} INFO - Started process (PID=79280) to work on /home/james/airflowa/lib/python3.8/site-packages/airflow/example_dags/example_trigger_target_dag.py
[2022-06-08 11:33:25,906] {processor.py:641} INFO - Processing file /home/james/airflowa/lib/python3.8/site-packages/airflow/example_dags/example_trigger_target_dag.py for tasks to queue
[2022-06-08 11:33:25,906] {logging_mixin.py:115} INFO - [2022-06-08 11:33:25,906] {dagbag.py:507} INFO - Filling up the DagBag from /home/james/airflowa/lib/python3.8/site-packages/airflow/example_dags/example_trigger_target_dag.py
[2022-06-08 11:33:25,932] {processor.py:651} INFO - DAG(s) dict_keys(['example_trigger_target_dag']) retrieved from /home/james/airflowa/lib/python3.8/site-packages/airflow/example_dags/example_trigger_target_dag.py
[2022-06-08 11:33:25,951] {logging_mixin.py:115} INFO - [2022-06-08 11:33:25,951] {dag.py:2379} INFO - Sync 1 DAGs
[2022-06-08 11:33:25,973] {logging_mixin.py:115} INFO - [2022-06-08 11:33:25,973] {dag.py:2927} INFO - Setting next_dagrun for example_trigger_target_dag to None, run_after=None
[2022-06-08 11:33:25,988] {processor.py:161} INFO - Processing /home/james/airflowa/lib/python3.8/site-packages/airflow/example_dags/example_trigger_target_dag.py took 0.087 seconds
[2022-06-08 11:34:15,272] {processor.py:153} INFO - Started process (PID=79680) to work on /home/james/airflowa/lib/python3.8/site-packages/airflow/example_dags/example_trigger_target_dag.py
[2022-06-08 11:34:15,274] {processor.py:641} INFO - Processing file /home/james/airflowa/lib/python3.8/site-packages/airflow/example_dags/example_trigger_target_dag.py for tasks to queue
[2022-06-08 11:34:15,274] {logging_mixin.py:115} INFO - [2022-06-08 11:34:15,274] {dagbag.py:507} INFO - Filling up the DagBag from /home/james/airflowa/lib/python3.8/site-packages/airflow/example_dags/example_trigger_target_dag.py
[2022-06-08 11:34:15,298] {processor.py:651} INFO - DAG(s) dict_keys(['example_trigger_target_dag']) retrieved from /home/james/airflowa/lib/python3.8/site-packages/airflow/example_dags/example_trigger_target_dag.py
[2022-06-08 11:34:15,321] {logging_mixin.py:115} INFO - [2022-06-08 11:34:15,321] {dag.py:2379} INFO - Sync 1 DAGs
[2022-06-08 11:34:15,362] {logging_mixin.py:115} INFO - [2022-06-08 11:34:15,362] {dag.py:2927} INFO - Setting next_dagrun for example_trigger_target_dag to None, run_after=None
[2022-06-08 11:34:15,392] {processor.py:161} INFO - Processing /home/james/airflowa/lib/python3.8/site-packages/airflow/example_dags/example_trigger_target_dag.py took 0.123 seconds
[2022-06-08 11:35:03,408] {processor.py:153} INFO - Started process (PID=80154) to work on /home/james/airflowa/lib/python3.8/site-packages/airflow/example_dags/example_trigger_target_dag.py
[2022-06-08 11:35:03,409] {processor.py:641} INFO - Processing file /home/james/airflowa/lib/python3.8/site-packages/airflow/example_dags/example_trigger_target_dag.py for tasks to queue
[2022-06-08 11:35:03,409] {logging_mixin.py:115} INFO - [2022-06-08 11:35:03,409] {dagbag.py:507} INFO - Filling up the DagBag from /home/james/airflowa/lib/python3.8/site-packages/airflow/example_dags/example_trigger_target_dag.py
[2022-06-08 11:35:03,425] {processor.py:651} INFO - DAG(s) dict_keys(['example_trigger_target_dag']) retrieved from /home/james/airflowa/lib/python3.8/site-packages/airflow/example_dags/example_trigger_target_dag.py
[2022-06-08 11:35:03,438] {logging_mixin.py:115} INFO - [2022-06-08 11:35:03,438] {dag.py:2379} INFO - Sync 1 DAGs
[2022-06-08 11:35:03,453] {logging_mixin.py:115} INFO - [2022-06-08 11:35:03,453] {dag.py:2927} INFO - Setting next_dagrun for example_trigger_target_dag to None, run_after=None
[2022-06-08 11:35:03,465] {processor.py:161} INFO - Processing /home/james/airflowa/lib/python3.8/site-packages/airflow/example_dags/example_trigger_target_dag.py took 0.060 seconds
[2022-06-08 12:18:36,594] {processor.py:153} INFO - Started process (PID=102853) to work on /home/james/airflowa/lib/python3.8/site-packages/airflow/example_dags/example_trigger_target_dag.py
[2022-06-08 12:18:36,595] {processor.py:641} INFO - Processing file /home/james/airflowa/lib/python3.8/site-packages/airflow/example_dags/example_trigger_target_dag.py for tasks to queue
[2022-06-08 12:18:36,596] {logging_mixin.py:115} INFO - [2022-06-08 12:18:36,595] {dagbag.py:507} INFO - Filling up the DagBag from /home/james/airflowa/lib/python3.8/site-packages/airflow/example_dags/example_trigger_target_dag.py
[2022-06-08 12:18:36,613] {processor.py:651} INFO - DAG(s) dict_keys(['example_trigger_target_dag']) retrieved from /home/james/airflowa/lib/python3.8/site-packages/airflow/example_dags/example_trigger_target_dag.py
[2022-06-08 12:18:36,627] {logging_mixin.py:115} INFO - [2022-06-08 12:18:36,627] {dag.py:2379} INFO - Sync 1 DAGs
[2022-06-08 12:18:36,642] {logging_mixin.py:115} INFO - [2022-06-08 12:18:36,642] {dag.py:2927} INFO - Setting next_dagrun for example_trigger_target_dag to None, run_after=None
[2022-06-08 12:18:36,654] {processor.py:161} INFO - Processing /home/james/airflowa/lib/python3.8/site-packages/airflow/example_dags/example_trigger_target_dag.py took 0.062 seconds
[2022-06-08 12:22:12,768] {processor.py:153} INFO - Started process (PID=104860) to work on /home/james/airflowa/lib/python3.8/site-packages/airflow/example_dags/example_trigger_target_dag.py
[2022-06-08 12:22:12,770] {processor.py:641} INFO - Processing file /home/james/airflowa/lib/python3.8/site-packages/airflow/example_dags/example_trigger_target_dag.py for tasks to queue
[2022-06-08 12:22:12,770] {logging_mixin.py:115} INFO - [2022-06-08 12:22:12,770] {dagbag.py:507} INFO - Filling up the DagBag from /home/james/airflowa/lib/python3.8/site-packages/airflow/example_dags/example_trigger_target_dag.py
[2022-06-08 12:22:12,794] {processor.py:651} INFO - DAG(s) dict_keys(['example_trigger_target_dag']) retrieved from /home/james/airflowa/lib/python3.8/site-packages/airflow/example_dags/example_trigger_target_dag.py
[2022-06-08 12:22:12,818] {logging_mixin.py:115} INFO - [2022-06-08 12:22:12,818] {dag.py:2379} INFO - Sync 1 DAGs
[2022-06-08 12:22:12,844] {logging_mixin.py:115} INFO - [2022-06-08 12:22:12,844] {dag.py:2927} INFO - Setting next_dagrun for example_trigger_target_dag to None, run_after=None
[2022-06-08 12:22:12,864] {processor.py:161} INFO - Processing /home/james/airflowa/lib/python3.8/site-packages/airflow/example_dags/example_trigger_target_dag.py took 0.099 seconds
[2022-06-08 12:22:50,729] {processor.py:153} INFO - Started process (PID=105080) to work on /home/james/airflowa/lib/python3.8/site-packages/airflow/example_dags/example_trigger_target_dag.py
[2022-06-08 12:22:50,731] {processor.py:641} INFO - Processing file /home/james/airflowa/lib/python3.8/site-packages/airflow/example_dags/example_trigger_target_dag.py for tasks to queue
[2022-06-08 12:22:50,731] {logging_mixin.py:115} INFO - [2022-06-08 12:22:50,731] {dagbag.py:507} INFO - Filling up the DagBag from /home/james/airflowa/lib/python3.8/site-packages/airflow/example_dags/example_trigger_target_dag.py
[2022-06-08 12:22:50,762] {processor.py:651} INFO - DAG(s) dict_keys(['example_trigger_target_dag']) retrieved from /home/james/airflowa/lib/python3.8/site-packages/airflow/example_dags/example_trigger_target_dag.py
[2022-06-08 12:22:50,791] {logging_mixin.py:115} INFO - [2022-06-08 12:22:50,791] {dag.py:2379} INFO - Sync 1 DAGs
[2022-06-08 12:22:50,824] {logging_mixin.py:115} INFO - [2022-06-08 12:22:50,824] {dag.py:2927} INFO - Setting next_dagrun for example_trigger_target_dag to None, run_after=None
[2022-06-08 12:22:50,845] {processor.py:161} INFO - Processing /home/james/airflowa/lib/python3.8/site-packages/airflow/example_dags/example_trigger_target_dag.py took 0.119 seconds
[2022-06-08 12:34:53,225] {processor.py:153} INFO - Started process (PID=111833) to work on /home/james/airflowa/lib/python3.8/site-packages/airflow/example_dags/example_trigger_target_dag.py
[2022-06-08 12:34:53,226] {processor.py:641} INFO - Processing file /home/james/airflowa/lib/python3.8/site-packages/airflow/example_dags/example_trigger_target_dag.py for tasks to queue
[2022-06-08 12:34:53,228] {logging_mixin.py:115} INFO - [2022-06-08 12:34:53,228] {dagbag.py:507} INFO - Filling up the DagBag from /home/james/airflowa/lib/python3.8/site-packages/airflow/example_dags/example_trigger_target_dag.py
[2022-06-08 12:34:53,292] {processor.py:651} INFO - DAG(s) dict_keys(['example_trigger_target_dag']) retrieved from /home/james/airflowa/lib/python3.8/site-packages/airflow/example_dags/example_trigger_target_dag.py
[2022-06-08 12:34:53,328] {logging_mixin.py:115} INFO - [2022-06-08 12:34:53,328] {dag.py:2379} INFO - Sync 1 DAGs
[2022-06-08 12:34:53,368] {logging_mixin.py:115} INFO - [2022-06-08 12:34:53,367] {dag.py:2927} INFO - Setting next_dagrun for example_trigger_target_dag to None, run_after=None
[2022-06-08 12:34:53,452] {processor.py:161} INFO - Processing /home/james/airflowa/lib/python3.8/site-packages/airflow/example_dags/example_trigger_target_dag.py took 0.234 seconds
[2022-06-08 12:38:26,428] {processor.py:153} INFO - Started process (PID=115183) to work on /home/james/airflowa/lib/python3.8/site-packages/airflow/example_dags/example_trigger_target_dag.py
[2022-06-08 12:38:26,432] {processor.py:641} INFO - Processing file /home/james/airflowa/lib/python3.8/site-packages/airflow/example_dags/example_trigger_target_dag.py for tasks to queue
[2022-06-08 12:38:26,440] {logging_mixin.py:115} INFO - [2022-06-08 12:38:26,439] {dagbag.py:507} INFO - Filling up the DagBag from /home/james/airflowa/lib/python3.8/site-packages/airflow/example_dags/example_trigger_target_dag.py
[2022-06-08 12:38:26,752] {processor.py:651} INFO - DAG(s) dict_keys(['example_trigger_target_dag']) retrieved from /home/james/airflowa/lib/python3.8/site-packages/airflow/example_dags/example_trigger_target_dag.py
[2022-06-08 12:38:27,020] {logging_mixin.py:115} INFO - [2022-06-08 12:38:27,020] {dag.py:2379} INFO - Sync 1 DAGs
[2022-06-08 12:38:27,172] {logging_mixin.py:115} INFO - [2022-06-08 12:38:27,171] {dag.py:2927} INFO - Setting next_dagrun for example_trigger_target_dag to None, run_after=None
[2022-06-08 12:38:27,315] {processor.py:161} INFO - Processing /home/james/airflowa/lib/python3.8/site-packages/airflow/example_dags/example_trigger_target_dag.py took 0.916 seconds
[2022-06-08 12:39:25,479] {processor.py:153} INFO - Started process (PID=115631) to work on /home/james/airflowa/lib/python3.8/site-packages/airflow/example_dags/example_trigger_target_dag.py
[2022-06-08 12:39:25,480] {processor.py:641} INFO - Processing file /home/james/airflowa/lib/python3.8/site-packages/airflow/example_dags/example_trigger_target_dag.py for tasks to queue
[2022-06-08 12:39:25,481] {logging_mixin.py:115} INFO - [2022-06-08 12:39:25,481] {dagbag.py:507} INFO - Filling up the DagBag from /home/james/airflowa/lib/python3.8/site-packages/airflow/example_dags/example_trigger_target_dag.py
[2022-06-08 12:39:25,519] {processor.py:651} INFO - DAG(s) dict_keys(['example_trigger_target_dag']) retrieved from /home/james/airflowa/lib/python3.8/site-packages/airflow/example_dags/example_trigger_target_dag.py
[2022-06-08 12:39:25,546] {logging_mixin.py:115} INFO - [2022-06-08 12:39:25,546] {dag.py:2379} INFO - Sync 1 DAGs
[2022-06-08 12:39:25,573] {logging_mixin.py:115} INFO - [2022-06-08 12:39:25,573] {dag.py:2927} INFO - Setting next_dagrun for example_trigger_target_dag to None, run_after=None
[2022-06-08 12:39:25,594] {processor.py:161} INFO - Processing /home/james/airflowa/lib/python3.8/site-packages/airflow/example_dags/example_trigger_target_dag.py took 0.120 seconds
[2022-06-08 12:40:16,689] {processor.py:153} INFO - Started process (PID=116393) to work on /home/james/airflowa/lib/python3.8/site-packages/airflow/example_dags/example_trigger_target_dag.py
[2022-06-08 12:40:16,690] {processor.py:641} INFO - Processing file /home/james/airflowa/lib/python3.8/site-packages/airflow/example_dags/example_trigger_target_dag.py for tasks to queue
[2022-06-08 12:40:16,690] {logging_mixin.py:115} INFO - [2022-06-08 12:40:16,690] {dagbag.py:507} INFO - Filling up the DagBag from /home/james/airflowa/lib/python3.8/site-packages/airflow/example_dags/example_trigger_target_dag.py
[2022-06-08 12:40:16,709] {processor.py:651} INFO - DAG(s) dict_keys(['example_trigger_target_dag']) retrieved from /home/james/airflowa/lib/python3.8/site-packages/airflow/example_dags/example_trigger_target_dag.py
[2022-06-08 12:40:16,722] {logging_mixin.py:115} INFO - [2022-06-08 12:40:16,722] {dag.py:2379} INFO - Sync 1 DAGs
[2022-06-08 12:40:16,735] {logging_mixin.py:115} INFO - [2022-06-08 12:40:16,735] {dag.py:2927} INFO - Setting next_dagrun for example_trigger_target_dag to None, run_after=None
[2022-06-08 12:40:16,748] {processor.py:161} INFO - Processing /home/james/airflowa/lib/python3.8/site-packages/airflow/example_dags/example_trigger_target_dag.py took 0.061 seconds
[2022-06-08 12:41:23,374] {processor.py:153} INFO - Started process (PID=116812) to work on /home/james/airflowa/lib/python3.8/site-packages/airflow/example_dags/example_trigger_target_dag.py
[2022-06-08 12:41:23,375] {processor.py:641} INFO - Processing file /home/james/airflowa/lib/python3.8/site-packages/airflow/example_dags/example_trigger_target_dag.py for tasks to queue
[2022-06-08 12:41:23,376] {logging_mixin.py:115} INFO - [2022-06-08 12:41:23,376] {dagbag.py:507} INFO - Filling up the DagBag from /home/james/airflowa/lib/python3.8/site-packages/airflow/example_dags/example_trigger_target_dag.py
[2022-06-08 12:41:23,411] {processor.py:651} INFO - DAG(s) dict_keys(['example_trigger_target_dag']) retrieved from /home/james/airflowa/lib/python3.8/site-packages/airflow/example_dags/example_trigger_target_dag.py
[2022-06-08 12:41:23,435] {logging_mixin.py:115} INFO - [2022-06-08 12:41:23,435] {dag.py:2379} INFO - Sync 1 DAGs
[2022-06-08 12:41:23,462] {logging_mixin.py:115} INFO - [2022-06-08 12:41:23,462] {dag.py:2927} INFO - Setting next_dagrun for example_trigger_target_dag to None, run_after=None
[2022-06-08 12:41:23,481] {processor.py:161} INFO - Processing /home/james/airflowa/lib/python3.8/site-packages/airflow/example_dags/example_trigger_target_dag.py took 0.111 seconds
[2022-06-08 12:44:28,013] {processor.py:153} INFO - Started process (PID=117837) to work on /home/james/airflowa/lib/python3.8/site-packages/airflow/example_dags/example_trigger_target_dag.py
[2022-06-08 12:44:28,014] {processor.py:641} INFO - Processing file /home/james/airflowa/lib/python3.8/site-packages/airflow/example_dags/example_trigger_target_dag.py for tasks to queue
[2022-06-08 12:44:28,015] {logging_mixin.py:115} INFO - [2022-06-08 12:44:28,015] {dagbag.py:507} INFO - Filling up the DagBag from /home/james/airflowa/lib/python3.8/site-packages/airflow/example_dags/example_trigger_target_dag.py
[2022-06-08 12:44:28,052] {processor.py:651} INFO - DAG(s) dict_keys(['example_trigger_target_dag']) retrieved from /home/james/airflowa/lib/python3.8/site-packages/airflow/example_dags/example_trigger_target_dag.py
[2022-06-08 12:44:28,074] {logging_mixin.py:115} INFO - [2022-06-08 12:44:28,074] {dag.py:2379} INFO - Sync 1 DAGs
[2022-06-08 12:44:28,101] {logging_mixin.py:115} INFO - [2022-06-08 12:44:28,101] {dag.py:2927} INFO - Setting next_dagrun for example_trigger_target_dag to None, run_after=None
[2022-06-08 12:44:28,120] {processor.py:161} INFO - Processing /home/james/airflowa/lib/python3.8/site-packages/airflow/example_dags/example_trigger_target_dag.py took 0.111 seconds
[2022-06-08 12:45:18,864] {processor.py:153} INFO - Started process (PID=118158) to work on /home/james/airflowa/lib/python3.8/site-packages/airflow/example_dags/example_trigger_target_dag.py
[2022-06-08 12:45:18,865] {processor.py:641} INFO - Processing file /home/james/airflowa/lib/python3.8/site-packages/airflow/example_dags/example_trigger_target_dag.py for tasks to queue
[2022-06-08 12:45:18,865] {logging_mixin.py:115} INFO - [2022-06-08 12:45:18,865] {dagbag.py:507} INFO - Filling up the DagBag from /home/james/airflowa/lib/python3.8/site-packages/airflow/example_dags/example_trigger_target_dag.py
[2022-06-08 12:45:18,893] {processor.py:651} INFO - DAG(s) dict_keys(['example_trigger_target_dag']) retrieved from /home/james/airflowa/lib/python3.8/site-packages/airflow/example_dags/example_trigger_target_dag.py
[2022-06-08 12:45:18,911] {logging_mixin.py:115} INFO - [2022-06-08 12:45:18,911] {dag.py:2379} INFO - Sync 1 DAGs
[2022-06-08 12:45:18,930] {logging_mixin.py:115} INFO - [2022-06-08 12:45:18,930] {dag.py:2927} INFO - Setting next_dagrun for example_trigger_target_dag to None, run_after=None
[2022-06-08 12:45:18,946] {processor.py:161} INFO - Processing /home/james/airflowa/lib/python3.8/site-packages/airflow/example_dags/example_trigger_target_dag.py took 0.086 seconds
[2022-06-08 12:45:58,198] {processor.py:153} INFO - Started process (PID=118419) to work on /home/james/airflowa/lib/python3.8/site-packages/airflow/example_dags/example_trigger_target_dag.py
[2022-06-08 12:45:58,199] {processor.py:641} INFO - Processing file /home/james/airflowa/lib/python3.8/site-packages/airflow/example_dags/example_trigger_target_dag.py for tasks to queue
[2022-06-08 12:45:58,199] {logging_mixin.py:115} INFO - [2022-06-08 12:45:58,199] {dagbag.py:507} INFO - Filling up the DagBag from /home/james/airflowa/lib/python3.8/site-packages/airflow/example_dags/example_trigger_target_dag.py
[2022-06-08 12:45:58,217] {processor.py:651} INFO - DAG(s) dict_keys(['example_trigger_target_dag']) retrieved from /home/james/airflowa/lib/python3.8/site-packages/airflow/example_dags/example_trigger_target_dag.py
[2022-06-08 12:45:58,229] {logging_mixin.py:115} INFO - [2022-06-08 12:45:58,228] {dag.py:2379} INFO - Sync 1 DAGs
[2022-06-08 12:45:58,241] {logging_mixin.py:115} INFO - [2022-06-08 12:45:58,241] {dag.py:2927} INFO - Setting next_dagrun for example_trigger_target_dag to None, run_after=None
[2022-06-08 12:45:58,252] {processor.py:161} INFO - Processing /home/james/airflowa/lib/python3.8/site-packages/airflow/example_dags/example_trigger_target_dag.py took 0.057 seconds
[2022-06-08 12:46:53,177] {processor.py:153} INFO - Started process (PID=118666) to work on /home/james/airflowa/lib/python3.8/site-packages/airflow/example_dags/example_trigger_target_dag.py
[2022-06-08 12:46:53,178] {processor.py:641} INFO - Processing file /home/james/airflowa/lib/python3.8/site-packages/airflow/example_dags/example_trigger_target_dag.py for tasks to queue
[2022-06-08 12:46:53,178] {logging_mixin.py:115} INFO - [2022-06-08 12:46:53,178] {dagbag.py:507} INFO - Filling up the DagBag from /home/james/airflowa/lib/python3.8/site-packages/airflow/example_dags/example_trigger_target_dag.py
[2022-06-08 12:46:53,198] {processor.py:651} INFO - DAG(s) dict_keys(['example_trigger_target_dag']) retrieved from /home/james/airflowa/lib/python3.8/site-packages/airflow/example_dags/example_trigger_target_dag.py
[2022-06-08 12:46:53,212] {logging_mixin.py:115} INFO - [2022-06-08 12:46:53,212] {dag.py:2379} INFO - Sync 1 DAGs
[2022-06-08 12:46:53,227] {logging_mixin.py:115} INFO - [2022-06-08 12:46:53,227] {dag.py:2927} INFO - Setting next_dagrun for example_trigger_target_dag to None, run_after=None
[2022-06-08 12:46:53,238] {processor.py:161} INFO - Processing /home/james/airflowa/lib/python3.8/site-packages/airflow/example_dags/example_trigger_target_dag.py took 0.063 seconds
[2022-06-08 12:48:13,144] {processor.py:153} INFO - Started process (PID=119595) to work on /home/james/airflowa/lib/python3.8/site-packages/airflow/example_dags/example_trigger_target_dag.py
[2022-06-08 12:48:13,145] {processor.py:641} INFO - Processing file /home/james/airflowa/lib/python3.8/site-packages/airflow/example_dags/example_trigger_target_dag.py for tasks to queue
[2022-06-08 12:48:13,146] {logging_mixin.py:115} INFO - [2022-06-08 12:48:13,146] {dagbag.py:507} INFO - Filling up the DagBag from /home/james/airflowa/lib/python3.8/site-packages/airflow/example_dags/example_trigger_target_dag.py
[2022-06-08 12:48:13,162] {processor.py:651} INFO - DAG(s) dict_keys(['example_trigger_target_dag']) retrieved from /home/james/airflowa/lib/python3.8/site-packages/airflow/example_dags/example_trigger_target_dag.py
[2022-06-08 12:48:13,176] {logging_mixin.py:115} INFO - [2022-06-08 12:48:13,176] {dag.py:2379} INFO - Sync 1 DAGs
[2022-06-08 12:48:13,197] {logging_mixin.py:115} INFO - [2022-06-08 12:48:13,197] {dag.py:2927} INFO - Setting next_dagrun for example_trigger_target_dag to None, run_after=None
[2022-06-08 12:48:13,211] {processor.py:161} INFO - Processing /home/james/airflowa/lib/python3.8/site-packages/airflow/example_dags/example_trigger_target_dag.py took 0.070 seconds
[2022-06-08 12:48:56,383] {processor.py:153} INFO - Started process (PID=119996) to work on /home/james/airflowa/lib/python3.8/site-packages/airflow/example_dags/example_trigger_target_dag.py
[2022-06-08 12:48:56,386] {processor.py:641} INFO - Processing file /home/james/airflowa/lib/python3.8/site-packages/airflow/example_dags/example_trigger_target_dag.py for tasks to queue
[2022-06-08 12:48:56,389] {logging_mixin.py:115} INFO - [2022-06-08 12:48:56,388] {dagbag.py:507} INFO - Filling up the DagBag from /home/james/airflowa/lib/python3.8/site-packages/airflow/example_dags/example_trigger_target_dag.py
[2022-06-08 12:48:56,415] {processor.py:651} INFO - DAG(s) dict_keys(['example_trigger_target_dag']) retrieved from /home/james/airflowa/lib/python3.8/site-packages/airflow/example_dags/example_trigger_target_dag.py
[2022-06-08 12:48:56,442] {logging_mixin.py:115} INFO - [2022-06-08 12:48:56,442] {dag.py:2379} INFO - Sync 1 DAGs
[2022-06-08 12:48:56,477] {logging_mixin.py:115} INFO - [2022-06-08 12:48:56,477] {dag.py:2927} INFO - Setting next_dagrun for example_trigger_target_dag to None, run_after=None
[2022-06-08 12:48:56,519] {processor.py:161} INFO - Processing /home/james/airflowa/lib/python3.8/site-packages/airflow/example_dags/example_trigger_target_dag.py took 0.140 seconds
[2022-06-08 12:50:14,294] {processor.py:153} INFO - Started process (PID=120842) to work on /home/james/airflowa/lib/python3.8/site-packages/airflow/example_dags/example_trigger_target_dag.py
[2022-06-08 12:50:14,296] {processor.py:641} INFO - Processing file /home/james/airflowa/lib/python3.8/site-packages/airflow/example_dags/example_trigger_target_dag.py for tasks to queue
[2022-06-08 12:50:14,297] {logging_mixin.py:115} INFO - [2022-06-08 12:50:14,297] {dagbag.py:507} INFO - Filling up the DagBag from /home/james/airflowa/lib/python3.8/site-packages/airflow/example_dags/example_trigger_target_dag.py
[2022-06-08 12:50:14,332] {processor.py:651} INFO - DAG(s) dict_keys(['example_trigger_target_dag']) retrieved from /home/james/airflowa/lib/python3.8/site-packages/airflow/example_dags/example_trigger_target_dag.py
[2022-06-08 12:50:14,369] {logging_mixin.py:115} INFO - [2022-06-08 12:50:14,369] {dag.py:2379} INFO - Sync 1 DAGs
[2022-06-08 12:50:14,412] {logging_mixin.py:115} INFO - [2022-06-08 12:50:14,412] {dag.py:2927} INFO - Setting next_dagrun for example_trigger_target_dag to None, run_after=None
[2022-06-08 12:50:14,434] {processor.py:161} INFO - Processing /home/james/airflowa/lib/python3.8/site-packages/airflow/example_dags/example_trigger_target_dag.py took 0.147 seconds
[2022-06-08 12:51:48,075] {processor.py:153} INFO - Started process (PID=121274) to work on /home/james/airflowa/lib/python3.8/site-packages/airflow/example_dags/example_trigger_target_dag.py
[2022-06-08 12:51:48,077] {processor.py:641} INFO - Processing file /home/james/airflowa/lib/python3.8/site-packages/airflow/example_dags/example_trigger_target_dag.py for tasks to queue
[2022-06-08 12:51:48,079] {logging_mixin.py:115} INFO - [2022-06-08 12:51:48,078] {dagbag.py:507} INFO - Filling up the DagBag from /home/james/airflowa/lib/python3.8/site-packages/airflow/example_dags/example_trigger_target_dag.py
[2022-06-08 12:51:48,117] {processor.py:651} INFO - DAG(s) dict_keys(['example_trigger_target_dag']) retrieved from /home/james/airflowa/lib/python3.8/site-packages/airflow/example_dags/example_trigger_target_dag.py
[2022-06-08 12:51:48,151] {logging_mixin.py:115} INFO - [2022-06-08 12:51:48,151] {dag.py:2379} INFO - Sync 1 DAGs
[2022-06-08 12:51:48,198] {logging_mixin.py:115} INFO - [2022-06-08 12:51:48,198] {dag.py:2927} INFO - Setting next_dagrun for example_trigger_target_dag to None, run_after=None
[2022-06-08 12:51:48,255] {processor.py:161} INFO - Processing /home/james/airflowa/lib/python3.8/site-packages/airflow/example_dags/example_trigger_target_dag.py took 0.187 seconds
[2022-06-08 12:53:00,146] {processor.py:153} INFO - Started process (PID=121688) to work on /home/james/airflowa/lib/python3.8/site-packages/airflow/example_dags/example_trigger_target_dag.py
[2022-06-08 12:53:00,147] {processor.py:641} INFO - Processing file /home/james/airflowa/lib/python3.8/site-packages/airflow/example_dags/example_trigger_target_dag.py for tasks to queue
[2022-06-08 12:53:00,149] {logging_mixin.py:115} INFO - [2022-06-08 12:53:00,148] {dagbag.py:507} INFO - Filling up the DagBag from /home/james/airflowa/lib/python3.8/site-packages/airflow/example_dags/example_trigger_target_dag.py
[2022-06-08 12:53:00,200] {processor.py:651} INFO - DAG(s) dict_keys(['example_trigger_target_dag']) retrieved from /home/james/airflowa/lib/python3.8/site-packages/airflow/example_dags/example_trigger_target_dag.py
[2022-06-08 12:53:00,240] {logging_mixin.py:115} INFO - [2022-06-08 12:53:00,240] {dag.py:2379} INFO - Sync 1 DAGs
[2022-06-08 12:53:00,290] {logging_mixin.py:115} INFO - [2022-06-08 12:53:00,290] {dag.py:2927} INFO - Setting next_dagrun for example_trigger_target_dag to None, run_after=None
[2022-06-08 12:53:00,323] {processor.py:161} INFO - Processing /home/james/airflowa/lib/python3.8/site-packages/airflow/example_dags/example_trigger_target_dag.py took 0.184 seconds
[2022-06-08 12:53:41,276] {processor.py:153} INFO - Started process (PID=121951) to work on /home/james/airflowa/lib/python3.8/site-packages/airflow/example_dags/example_trigger_target_dag.py
[2022-06-08 12:53:41,278] {processor.py:641} INFO - Processing file /home/james/airflowa/lib/python3.8/site-packages/airflow/example_dags/example_trigger_target_dag.py for tasks to queue
[2022-06-08 12:53:41,279] {logging_mixin.py:115} INFO - [2022-06-08 12:53:41,279] {dagbag.py:507} INFO - Filling up the DagBag from /home/james/airflowa/lib/python3.8/site-packages/airflow/example_dags/example_trigger_target_dag.py
[2022-06-08 12:53:41,325] {processor.py:651} INFO - DAG(s) dict_keys(['example_trigger_target_dag']) retrieved from /home/james/airflowa/lib/python3.8/site-packages/airflow/example_dags/example_trigger_target_dag.py
[2022-06-08 12:53:41,369] {logging_mixin.py:115} INFO - [2022-06-08 12:53:41,369] {dag.py:2379} INFO - Sync 1 DAGs
[2022-06-08 12:53:41,431] {logging_mixin.py:115} INFO - [2022-06-08 12:53:41,431] {dag.py:2927} INFO - Setting next_dagrun for example_trigger_target_dag to None, run_after=None
[2022-06-08 12:53:41,466] {processor.py:161} INFO - Processing /home/james/airflowa/lib/python3.8/site-packages/airflow/example_dags/example_trigger_target_dag.py took 0.197 seconds
[2022-06-08 12:54:56,892] {processor.py:153} INFO - Started process (PID=122518) to work on /home/james/airflowa/lib/python3.8/site-packages/airflow/example_dags/example_trigger_target_dag.py
[2022-06-08 12:54:56,894] {processor.py:641} INFO - Processing file /home/james/airflowa/lib/python3.8/site-packages/airflow/example_dags/example_trigger_target_dag.py for tasks to queue
[2022-06-08 12:54:56,895] {logging_mixin.py:115} INFO - [2022-06-08 12:54:56,895] {dagbag.py:507} INFO - Filling up the DagBag from /home/james/airflowa/lib/python3.8/site-packages/airflow/example_dags/example_trigger_target_dag.py
[2022-06-08 12:54:56,926] {processor.py:651} INFO - DAG(s) dict_keys(['example_trigger_target_dag']) retrieved from /home/james/airflowa/lib/python3.8/site-packages/airflow/example_dags/example_trigger_target_dag.py
[2022-06-08 12:54:56,956] {logging_mixin.py:115} INFO - [2022-06-08 12:54:56,955] {dag.py:2379} INFO - Sync 1 DAGs
[2022-06-08 12:54:57,018] {logging_mixin.py:115} INFO - [2022-06-08 12:54:57,018] {dag.py:2927} INFO - Setting next_dagrun for example_trigger_target_dag to None, run_after=None
[2022-06-08 12:54:57,062] {processor.py:161} INFO - Processing /home/james/airflowa/lib/python3.8/site-packages/airflow/example_dags/example_trigger_target_dag.py took 0.174 seconds
[2022-06-08 12:56:04,741] {processor.py:153} INFO - Started process (PID=122918) to work on /home/james/airflowa/lib/python3.8/site-packages/airflow/example_dags/example_trigger_target_dag.py
[2022-06-08 12:56:04,742] {processor.py:641} INFO - Processing file /home/james/airflowa/lib/python3.8/site-packages/airflow/example_dags/example_trigger_target_dag.py for tasks to queue
[2022-06-08 12:56:04,742] {logging_mixin.py:115} INFO - [2022-06-08 12:56:04,742] {dagbag.py:507} INFO - Filling up the DagBag from /home/james/airflowa/lib/python3.8/site-packages/airflow/example_dags/example_trigger_target_dag.py
[2022-06-08 12:56:04,757] {processor.py:651} INFO - DAG(s) dict_keys(['example_trigger_target_dag']) retrieved from /home/james/airflowa/lib/python3.8/site-packages/airflow/example_dags/example_trigger_target_dag.py
[2022-06-08 12:56:04,769] {logging_mixin.py:115} INFO - [2022-06-08 12:56:04,769] {dag.py:2379} INFO - Sync 1 DAGs
[2022-06-08 12:56:04,785] {logging_mixin.py:115} INFO - [2022-06-08 12:56:04,785] {dag.py:2927} INFO - Setting next_dagrun for example_trigger_target_dag to None, run_after=None
[2022-06-08 12:56:04,796] {processor.py:161} INFO - Processing /home/james/airflowa/lib/python3.8/site-packages/airflow/example_dags/example_trigger_target_dag.py took 0.058 seconds
[2022-06-08 12:57:17,258] {processor.py:153} INFO - Started process (PID=123229) to work on /home/james/airflowa/lib/python3.8/site-packages/airflow/example_dags/example_trigger_target_dag.py
[2022-06-08 12:57:17,259] {processor.py:641} INFO - Processing file /home/james/airflowa/lib/python3.8/site-packages/airflow/example_dags/example_trigger_target_dag.py for tasks to queue
[2022-06-08 12:57:17,260] {logging_mixin.py:115} INFO - [2022-06-08 12:57:17,260] {dagbag.py:507} INFO - Filling up the DagBag from /home/james/airflowa/lib/python3.8/site-packages/airflow/example_dags/example_trigger_target_dag.py
[2022-06-08 12:57:17,277] {processor.py:651} INFO - DAG(s) dict_keys(['example_trigger_target_dag']) retrieved from /home/james/airflowa/lib/python3.8/site-packages/airflow/example_dags/example_trigger_target_dag.py
[2022-06-08 12:57:17,295] {logging_mixin.py:115} INFO - [2022-06-08 12:57:17,295] {dag.py:2379} INFO - Sync 1 DAGs
[2022-06-08 12:57:17,317] {logging_mixin.py:115} INFO - [2022-06-08 12:57:17,317] {dag.py:2927} INFO - Setting next_dagrun for example_trigger_target_dag to None, run_after=None
[2022-06-08 12:57:17,333] {processor.py:161} INFO - Processing /home/james/airflowa/lib/python3.8/site-packages/airflow/example_dags/example_trigger_target_dag.py took 0.078 seconds
[2022-06-08 12:58:03,847] {processor.py:153} INFO - Started process (PID=123501) to work on /home/james/airflowa/lib/python3.8/site-packages/airflow/example_dags/example_trigger_target_dag.py
[2022-06-08 12:58:03,848] {processor.py:641} INFO - Processing file /home/james/airflowa/lib/python3.8/site-packages/airflow/example_dags/example_trigger_target_dag.py for tasks to queue
[2022-06-08 12:58:03,849] {logging_mixin.py:115} INFO - [2022-06-08 12:58:03,849] {dagbag.py:507} INFO - Filling up the DagBag from /home/james/airflowa/lib/python3.8/site-packages/airflow/example_dags/example_trigger_target_dag.py
[2022-06-08 12:58:03,879] {processor.py:651} INFO - DAG(s) dict_keys(['example_trigger_target_dag']) retrieved from /home/james/airflowa/lib/python3.8/site-packages/airflow/example_dags/example_trigger_target_dag.py
[2022-06-08 12:58:03,913] {logging_mixin.py:115} INFO - [2022-06-08 12:58:03,913] {dag.py:2379} INFO - Sync 1 DAGs
[2022-06-08 12:58:03,947] {logging_mixin.py:115} INFO - [2022-06-08 12:58:03,947] {dag.py:2927} INFO - Setting next_dagrun for example_trigger_target_dag to None, run_after=None
[2022-06-08 12:58:03,962] {processor.py:161} INFO - Processing /home/james/airflowa/lib/python3.8/site-packages/airflow/example_dags/example_trigger_target_dag.py took 0.120 seconds
[2022-06-08 12:58:48,559] {processor.py:153} INFO - Started process (PID=123814) to work on /home/james/airflowa/lib/python3.8/site-packages/airflow/example_dags/example_trigger_target_dag.py
[2022-06-08 12:58:48,560] {processor.py:641} INFO - Processing file /home/james/airflowa/lib/python3.8/site-packages/airflow/example_dags/example_trigger_target_dag.py for tasks to queue
[2022-06-08 12:58:48,560] {logging_mixin.py:115} INFO - [2022-06-08 12:58:48,560] {dagbag.py:507} INFO - Filling up the DagBag from /home/james/airflowa/lib/python3.8/site-packages/airflow/example_dags/example_trigger_target_dag.py
[2022-06-08 12:58:48,573] {processor.py:651} INFO - DAG(s) dict_keys(['example_trigger_target_dag']) retrieved from /home/james/airflowa/lib/python3.8/site-packages/airflow/example_dags/example_trigger_target_dag.py
[2022-06-08 12:58:48,589] {logging_mixin.py:115} INFO - [2022-06-08 12:58:48,589] {dag.py:2379} INFO - Sync 1 DAGs
[2022-06-08 12:58:48,605] {logging_mixin.py:115} INFO - [2022-06-08 12:58:48,604] {dag.py:2927} INFO - Setting next_dagrun for example_trigger_target_dag to None, run_after=None
[2022-06-08 12:58:48,616] {processor.py:161} INFO - Processing /home/james/airflowa/lib/python3.8/site-packages/airflow/example_dags/example_trigger_target_dag.py took 0.059 seconds
[2022-06-08 12:59:22,514] {processor.py:153} INFO - Started process (PID=124034) to work on /home/james/airflowa/lib/python3.8/site-packages/airflow/example_dags/example_trigger_target_dag.py
[2022-06-08 12:59:22,515] {processor.py:641} INFO - Processing file /home/james/airflowa/lib/python3.8/site-packages/airflow/example_dags/example_trigger_target_dag.py for tasks to queue
[2022-06-08 12:59:22,515] {logging_mixin.py:115} INFO - [2022-06-08 12:59:22,515] {dagbag.py:507} INFO - Filling up the DagBag from /home/james/airflowa/lib/python3.8/site-packages/airflow/example_dags/example_trigger_target_dag.py
[2022-06-08 12:59:22,532] {processor.py:651} INFO - DAG(s) dict_keys(['example_trigger_target_dag']) retrieved from /home/james/airflowa/lib/python3.8/site-packages/airflow/example_dags/example_trigger_target_dag.py
[2022-06-08 12:59:22,546] {logging_mixin.py:115} INFO - [2022-06-08 12:59:22,546] {dag.py:2379} INFO - Sync 1 DAGs
[2022-06-08 12:59:22,564] {logging_mixin.py:115} INFO - [2022-06-08 12:59:22,563] {dag.py:2927} INFO - Setting next_dagrun for example_trigger_target_dag to None, run_after=None
[2022-06-08 12:59:22,576] {processor.py:161} INFO - Processing /home/james/airflowa/lib/python3.8/site-packages/airflow/example_dags/example_trigger_target_dag.py took 0.064 seconds
[2022-06-08 13:00:00,758] {processor.py:153} INFO - Started process (PID=124290) to work on /home/james/airflowa/lib/python3.8/site-packages/airflow/example_dags/example_trigger_target_dag.py
[2022-06-08 13:00:00,759] {processor.py:641} INFO - Processing file /home/james/airflowa/lib/python3.8/site-packages/airflow/example_dags/example_trigger_target_dag.py for tasks to queue
[2022-06-08 13:00:00,760] {logging_mixin.py:115} INFO - [2022-06-08 13:00:00,759] {dagbag.py:507} INFO - Filling up the DagBag from /home/james/airflowa/lib/python3.8/site-packages/airflow/example_dags/example_trigger_target_dag.py
[2022-06-08 13:00:00,774] {processor.py:651} INFO - DAG(s) dict_keys(['example_trigger_target_dag']) retrieved from /home/james/airflowa/lib/python3.8/site-packages/airflow/example_dags/example_trigger_target_dag.py
[2022-06-08 13:00:00,786] {logging_mixin.py:115} INFO - [2022-06-08 13:00:00,786] {dag.py:2379} INFO - Sync 1 DAGs
[2022-06-08 13:00:00,800] {logging_mixin.py:115} INFO - [2022-06-08 13:00:00,800] {dag.py:2927} INFO - Setting next_dagrun for example_trigger_target_dag to None, run_after=None
[2022-06-08 13:00:00,810] {processor.py:161} INFO - Processing /home/james/airflowa/lib/python3.8/site-packages/airflow/example_dags/example_trigger_target_dag.py took 0.056 seconds
[2022-06-08 13:00:44,698] {processor.py:153} INFO - Started process (PID=124982) to work on /home/james/airflowa/lib/python3.8/site-packages/airflow/example_dags/example_trigger_target_dag.py
[2022-06-08 13:00:44,699] {processor.py:641} INFO - Processing file /home/james/airflowa/lib/python3.8/site-packages/airflow/example_dags/example_trigger_target_dag.py for tasks to queue
[2022-06-08 13:00:44,699] {logging_mixin.py:115} INFO - [2022-06-08 13:00:44,699] {dagbag.py:507} INFO - Filling up the DagBag from /home/james/airflowa/lib/python3.8/site-packages/airflow/example_dags/example_trigger_target_dag.py
[2022-06-08 13:00:44,712] {processor.py:651} INFO - DAG(s) dict_keys(['example_trigger_target_dag']) retrieved from /home/james/airflowa/lib/python3.8/site-packages/airflow/example_dags/example_trigger_target_dag.py
[2022-06-08 13:00:44,724] {logging_mixin.py:115} INFO - [2022-06-08 13:00:44,724] {dag.py:2379} INFO - Sync 1 DAGs
[2022-06-08 13:00:44,738] {logging_mixin.py:115} INFO - [2022-06-08 13:00:44,738] {dag.py:2927} INFO - Setting next_dagrun for example_trigger_target_dag to None, run_after=None
[2022-06-08 13:00:44,749] {processor.py:161} INFO - Processing /home/james/airflowa/lib/python3.8/site-packages/airflow/example_dags/example_trigger_target_dag.py took 0.053 seconds
[2022-06-08 13:01:25,997] {processor.py:153} INFO - Started process (PID=125210) to work on /home/james/airflowa/lib/python3.8/site-packages/airflow/example_dags/example_trigger_target_dag.py
[2022-06-08 13:01:25,998] {processor.py:641} INFO - Processing file /home/james/airflowa/lib/python3.8/site-packages/airflow/example_dags/example_trigger_target_dag.py for tasks to queue
[2022-06-08 13:01:25,998] {logging_mixin.py:115} INFO - [2022-06-08 13:01:25,998] {dagbag.py:507} INFO - Filling up the DagBag from /home/james/airflowa/lib/python3.8/site-packages/airflow/example_dags/example_trigger_target_dag.py
[2022-06-08 13:01:26,013] {processor.py:651} INFO - DAG(s) dict_keys(['example_trigger_target_dag']) retrieved from /home/james/airflowa/lib/python3.8/site-packages/airflow/example_dags/example_trigger_target_dag.py
[2022-06-08 13:01:26,029] {logging_mixin.py:115} INFO - [2022-06-08 13:01:26,029] {dag.py:2379} INFO - Sync 1 DAGs
[2022-06-08 13:01:26,046] {logging_mixin.py:115} INFO - [2022-06-08 13:01:26,046] {dag.py:2927} INFO - Setting next_dagrun for example_trigger_target_dag to None, run_after=None
[2022-06-08 13:01:26,062] {processor.py:161} INFO - Processing /home/james/airflowa/lib/python3.8/site-packages/airflow/example_dags/example_trigger_target_dag.py took 0.068 seconds
[2022-06-08 13:02:30,094] {processor.py:153} INFO - Started process (PID=125559) to work on /home/james/airflowa/lib/python3.8/site-packages/airflow/example_dags/example_trigger_target_dag.py
[2022-06-08 13:02:30,095] {processor.py:641} INFO - Processing file /home/james/airflowa/lib/python3.8/site-packages/airflow/example_dags/example_trigger_target_dag.py for tasks to queue
[2022-06-08 13:02:30,095] {logging_mixin.py:115} INFO - [2022-06-08 13:02:30,095] {dagbag.py:507} INFO - Filling up the DagBag from /home/james/airflowa/lib/python3.8/site-packages/airflow/example_dags/example_trigger_target_dag.py
[2022-06-08 13:02:30,108] {processor.py:651} INFO - DAG(s) dict_keys(['example_trigger_target_dag']) retrieved from /home/james/airflowa/lib/python3.8/site-packages/airflow/example_dags/example_trigger_target_dag.py
[2022-06-08 13:02:30,120] {logging_mixin.py:115} INFO - [2022-06-08 13:02:30,120] {dag.py:2379} INFO - Sync 1 DAGs
[2022-06-08 13:02:30,135] {logging_mixin.py:115} INFO - [2022-06-08 13:02:30,135] {dag.py:2927} INFO - Setting next_dagrun for example_trigger_target_dag to None, run_after=None
[2022-06-08 13:02:30,146] {processor.py:161} INFO - Processing /home/james/airflowa/lib/python3.8/site-packages/airflow/example_dags/example_trigger_target_dag.py took 0.055 seconds
[2022-06-08 13:03:23,670] {processor.py:153} INFO - Started process (PID=125854) to work on /home/james/airflowa/lib/python3.8/site-packages/airflow/example_dags/example_trigger_target_dag.py
[2022-06-08 13:03:23,671] {processor.py:641} INFO - Processing file /home/james/airflowa/lib/python3.8/site-packages/airflow/example_dags/example_trigger_target_dag.py for tasks to queue
[2022-06-08 13:03:23,671] {logging_mixin.py:115} INFO - [2022-06-08 13:03:23,671] {dagbag.py:507} INFO - Filling up the DagBag from /home/james/airflowa/lib/python3.8/site-packages/airflow/example_dags/example_trigger_target_dag.py
[2022-06-08 13:03:23,692] {processor.py:651} INFO - DAG(s) dict_keys(['example_trigger_target_dag']) retrieved from /home/james/airflowa/lib/python3.8/site-packages/airflow/example_dags/example_trigger_target_dag.py
[2022-06-08 13:03:23,709] {logging_mixin.py:115} INFO - [2022-06-08 13:03:23,709] {dag.py:2379} INFO - Sync 1 DAGs
[2022-06-08 13:03:23,731] {logging_mixin.py:115} INFO - [2022-06-08 13:03:23,730] {dag.py:2927} INFO - Setting next_dagrun for example_trigger_target_dag to None, run_after=None
[2022-06-08 13:03:23,749] {processor.py:161} INFO - Processing /home/james/airflowa/lib/python3.8/site-packages/airflow/example_dags/example_trigger_target_dag.py took 0.082 seconds
[2022-06-08 13:04:10,751] {processor.py:153} INFO - Started process (PID=126298) to work on /home/james/airflowa/lib/python3.8/site-packages/airflow/example_dags/example_trigger_target_dag.py
[2022-06-08 13:04:10,751] {processor.py:641} INFO - Processing file /home/james/airflowa/lib/python3.8/site-packages/airflow/example_dags/example_trigger_target_dag.py for tasks to queue
[2022-06-08 13:04:10,752] {logging_mixin.py:115} INFO - [2022-06-08 13:04:10,752] {dagbag.py:507} INFO - Filling up the DagBag from /home/james/airflowa/lib/python3.8/site-packages/airflow/example_dags/example_trigger_target_dag.py
[2022-06-08 13:04:10,766] {processor.py:651} INFO - DAG(s) dict_keys(['example_trigger_target_dag']) retrieved from /home/james/airflowa/lib/python3.8/site-packages/airflow/example_dags/example_trigger_target_dag.py
[2022-06-08 13:04:10,780] {logging_mixin.py:115} INFO - [2022-06-08 13:04:10,780] {dag.py:2379} INFO - Sync 1 DAGs
[2022-06-08 13:04:10,797] {logging_mixin.py:115} INFO - [2022-06-08 13:04:10,797] {dag.py:2927} INFO - Setting next_dagrun for example_trigger_target_dag to None, run_after=None
[2022-06-08 13:04:10,813] {processor.py:161} INFO - Processing /home/james/airflowa/lib/python3.8/site-packages/airflow/example_dags/example_trigger_target_dag.py took 0.065 seconds
[2022-06-08 13:04:51,388] {processor.py:153} INFO - Started process (PID=126443) to work on /home/james/airflowa/lib/python3.8/site-packages/airflow/example_dags/example_trigger_target_dag.py
[2022-06-08 13:04:51,389] {processor.py:641} INFO - Processing file /home/james/airflowa/lib/python3.8/site-packages/airflow/example_dags/example_trigger_target_dag.py for tasks to queue
[2022-06-08 13:04:51,390] {logging_mixin.py:115} INFO - [2022-06-08 13:04:51,390] {dagbag.py:507} INFO - Filling up the DagBag from /home/james/airflowa/lib/python3.8/site-packages/airflow/example_dags/example_trigger_target_dag.py
[2022-06-08 13:04:51,409] {processor.py:651} INFO - DAG(s) dict_keys(['example_trigger_target_dag']) retrieved from /home/james/airflowa/lib/python3.8/site-packages/airflow/example_dags/example_trigger_target_dag.py
[2022-06-08 13:04:51,423] {logging_mixin.py:115} INFO - [2022-06-08 13:04:51,423] {dag.py:2379} INFO - Sync 1 DAGs
[2022-06-08 13:04:51,443] {logging_mixin.py:115} INFO - [2022-06-08 13:04:51,442] {dag.py:2927} INFO - Setting next_dagrun for example_trigger_target_dag to None, run_after=None
[2022-06-08 13:04:51,455] {processor.py:161} INFO - Processing /home/james/airflowa/lib/python3.8/site-packages/airflow/example_dags/example_trigger_target_dag.py took 0.071 seconds
[2022-06-08 13:05:48,472] {processor.py:153} INFO - Started process (PID=126675) to work on /home/james/airflowa/lib/python3.8/site-packages/airflow/example_dags/example_trigger_target_dag.py
[2022-06-08 13:05:48,473] {processor.py:641} INFO - Processing file /home/james/airflowa/lib/python3.8/site-packages/airflow/example_dags/example_trigger_target_dag.py for tasks to queue
[2022-06-08 13:05:48,473] {logging_mixin.py:115} INFO - [2022-06-08 13:05:48,473] {dagbag.py:507} INFO - Filling up the DagBag from /home/james/airflowa/lib/python3.8/site-packages/airflow/example_dags/example_trigger_target_dag.py
[2022-06-08 13:05:48,487] {processor.py:651} INFO - DAG(s) dict_keys(['example_trigger_target_dag']) retrieved from /home/james/airflowa/lib/python3.8/site-packages/airflow/example_dags/example_trigger_target_dag.py
[2022-06-08 13:05:48,499] {logging_mixin.py:115} INFO - [2022-06-08 13:05:48,499] {dag.py:2379} INFO - Sync 1 DAGs
[2022-06-08 13:05:48,514] {logging_mixin.py:115} INFO - [2022-06-08 13:05:48,514] {dag.py:2927} INFO - Setting next_dagrun for example_trigger_target_dag to None, run_after=None
[2022-06-08 13:05:48,525] {processor.py:161} INFO - Processing /home/james/airflowa/lib/python3.8/site-packages/airflow/example_dags/example_trigger_target_dag.py took 0.056 seconds
[2022-06-08 13:06:45,227] {processor.py:153} INFO - Started process (PID=126966) to work on /home/james/airflowa/lib/python3.8/site-packages/airflow/example_dags/example_trigger_target_dag.py
[2022-06-08 13:06:45,228] {processor.py:641} INFO - Processing file /home/james/airflowa/lib/python3.8/site-packages/airflow/example_dags/example_trigger_target_dag.py for tasks to queue
[2022-06-08 13:06:45,228] {logging_mixin.py:115} INFO - [2022-06-08 13:06:45,228] {dagbag.py:507} INFO - Filling up the DagBag from /home/james/airflowa/lib/python3.8/site-packages/airflow/example_dags/example_trigger_target_dag.py
[2022-06-08 13:06:45,244] {processor.py:651} INFO - DAG(s) dict_keys(['example_trigger_target_dag']) retrieved from /home/james/airflowa/lib/python3.8/site-packages/airflow/example_dags/example_trigger_target_dag.py
[2022-06-08 13:06:45,256] {logging_mixin.py:115} INFO - [2022-06-08 13:06:45,256] {dag.py:2379} INFO - Sync 1 DAGs
[2022-06-08 13:06:45,270] {logging_mixin.py:115} INFO - [2022-06-08 13:06:45,270] {dag.py:2927} INFO - Setting next_dagrun for example_trigger_target_dag to None, run_after=None
[2022-06-08 13:06:45,282] {processor.py:161} INFO - Processing /home/james/airflowa/lib/python3.8/site-packages/airflow/example_dags/example_trigger_target_dag.py took 0.057 seconds
