[2022-06-08 09:03:56,361] {processor.py:153} INFO - Started process (PID=23662) to work on /home/james/airflowa/lib/python3.8/site-packages/airflow/example_dags/example_local_kubernetes_executor.py
[2022-06-08 09:03:56,361] {processor.py:641} INFO - Processing file /home/james/airflowa/lib/python3.8/site-packages/airflow/example_dags/example_local_kubernetes_executor.py for tasks to queue
[2022-06-08 09:03:56,362] {logging_mixin.py:115} INFO - [2022-06-08 09:03:56,362] {dagbag.py:507} INFO - Filling up the DagBag from /home/james/airflowa/lib/python3.8/site-packages/airflow/example_dags/example_local_kubernetes_executor.py
[2022-06-08 09:03:56,374] {logging_mixin.py:115} INFO - [2022-06-08 09:03:56,373] {example_local_kubernetes_executor.py:37} WARNING - Could not import DAGs in example_local_kubernetes_executor.py
Traceback (most recent call last):
  File "/home/james/airflowa/lib/python3.8/site-packages/airflow/example_dags/example_local_kubernetes_executor.py", line 35, in <module>
    from kubernetes.client import models as k8s
ModuleNotFoundError: No module named 'kubernetes'
[2022-06-08 09:03:56,374] {logging_mixin.py:115} INFO - [2022-06-08 09:03:56,374] {example_local_kubernetes_executor.py:38} WARNING - Install Kubernetes dependencies with: pip install apache-airflow[cncf.kubernetes]
[2022-06-08 09:03:56,374] {processor.py:653} WARNING - No viable dags retrieved from /home/james/airflowa/lib/python3.8/site-packages/airflow/example_dags/example_local_kubernetes_executor.py
[2022-06-08 09:03:56,383] {processor.py:161} INFO - Processing /home/james/airflowa/lib/python3.8/site-packages/airflow/example_dags/example_local_kubernetes_executor.py took 0.024 seconds
[2022-06-08 09:04:31,357] {processor.py:153} INFO - Started process (PID=23884) to work on /home/james/airflowa/lib/python3.8/site-packages/airflow/example_dags/example_local_kubernetes_executor.py
[2022-06-08 09:04:31,358] {processor.py:641} INFO - Processing file /home/james/airflowa/lib/python3.8/site-packages/airflow/example_dags/example_local_kubernetes_executor.py for tasks to queue
[2022-06-08 09:04:31,358] {logging_mixin.py:115} INFO - [2022-06-08 09:04:31,358] {dagbag.py:507} INFO - Filling up the DagBag from /home/james/airflowa/lib/python3.8/site-packages/airflow/example_dags/example_local_kubernetes_executor.py
[2022-06-08 09:04:31,374] {logging_mixin.py:115} INFO - [2022-06-08 09:04:31,374] {example_local_kubernetes_executor.py:37} WARNING - Could not import DAGs in example_local_kubernetes_executor.py
Traceback (most recent call last):
  File "/home/james/airflowa/lib/python3.8/site-packages/airflow/example_dags/example_local_kubernetes_executor.py", line 35, in <module>
    from kubernetes.client import models as k8s
ModuleNotFoundError: No module named 'kubernetes'
[2022-06-08 09:04:31,374] {logging_mixin.py:115} INFO - [2022-06-08 09:04:31,374] {example_local_kubernetes_executor.py:38} WARNING - Install Kubernetes dependencies with: pip install apache-airflow[cncf.kubernetes]
[2022-06-08 09:04:31,374] {processor.py:653} WARNING - No viable dags retrieved from /home/james/airflowa/lib/python3.8/site-packages/airflow/example_dags/example_local_kubernetes_executor.py
[2022-06-08 09:04:31,385] {processor.py:161} INFO - Processing /home/james/airflowa/lib/python3.8/site-packages/airflow/example_dags/example_local_kubernetes_executor.py took 0.030 seconds
[2022-06-08 09:05:08,154] {processor.py:153} INFO - Started process (PID=24047) to work on /home/james/airflowa/lib/python3.8/site-packages/airflow/example_dags/example_local_kubernetes_executor.py
[2022-06-08 09:05:08,155] {processor.py:641} INFO - Processing file /home/james/airflowa/lib/python3.8/site-packages/airflow/example_dags/example_local_kubernetes_executor.py for tasks to queue
[2022-06-08 09:05:08,155] {logging_mixin.py:115} INFO - [2022-06-08 09:05:08,155] {dagbag.py:507} INFO - Filling up the DagBag from /home/james/airflowa/lib/python3.8/site-packages/airflow/example_dags/example_local_kubernetes_executor.py
[2022-06-08 09:05:08,168] {logging_mixin.py:115} INFO - [2022-06-08 09:05:08,168] {example_local_kubernetes_executor.py:37} WARNING - Could not import DAGs in example_local_kubernetes_executor.py
Traceback (most recent call last):
  File "/home/james/airflowa/lib/python3.8/site-packages/airflow/example_dags/example_local_kubernetes_executor.py", line 35, in <module>
    from kubernetes.client import models as k8s
ModuleNotFoundError: No module named 'kubernetes'
[2022-06-08 09:05:08,168] {logging_mixin.py:115} INFO - [2022-06-08 09:05:08,168] {example_local_kubernetes_executor.py:38} WARNING - Install Kubernetes dependencies with: pip install apache-airflow[cncf.kubernetes]
[2022-06-08 09:05:08,168] {processor.py:653} WARNING - No viable dags retrieved from /home/james/airflowa/lib/python3.8/site-packages/airflow/example_dags/example_local_kubernetes_executor.py
[2022-06-08 09:05:08,178] {processor.py:161} INFO - Processing /home/james/airflowa/lib/python3.8/site-packages/airflow/example_dags/example_local_kubernetes_executor.py took 0.026 seconds
[2022-06-08 09:06:01,208] {processor.py:153} INFO - Started process (PID=24615) to work on /home/james/airflowa/lib/python3.8/site-packages/airflow/example_dags/example_local_kubernetes_executor.py
[2022-06-08 09:06:01,209] {processor.py:641} INFO - Processing file /home/james/airflowa/lib/python3.8/site-packages/airflow/example_dags/example_local_kubernetes_executor.py for tasks to queue
[2022-06-08 09:06:01,209] {logging_mixin.py:115} INFO - [2022-06-08 09:06:01,209] {dagbag.py:507} INFO - Filling up the DagBag from /home/james/airflowa/lib/python3.8/site-packages/airflow/example_dags/example_local_kubernetes_executor.py
[2022-06-08 09:06:01,223] {logging_mixin.py:115} INFO - [2022-06-08 09:06:01,222] {example_local_kubernetes_executor.py:37} WARNING - Could not import DAGs in example_local_kubernetes_executor.py
Traceback (most recent call last):
  File "/home/james/airflowa/lib/python3.8/site-packages/airflow/example_dags/example_local_kubernetes_executor.py", line 35, in <module>
    from kubernetes.client import models as k8s
ModuleNotFoundError: No module named 'kubernetes'
[2022-06-08 09:06:01,223] {logging_mixin.py:115} INFO - [2022-06-08 09:06:01,223] {example_local_kubernetes_executor.py:38} WARNING - Install Kubernetes dependencies with: pip install apache-airflow[cncf.kubernetes]
[2022-06-08 09:06:01,223] {processor.py:653} WARNING - No viable dags retrieved from /home/james/airflowa/lib/python3.8/site-packages/airflow/example_dags/example_local_kubernetes_executor.py
[2022-06-08 09:06:01,234] {processor.py:161} INFO - Processing /home/james/airflowa/lib/python3.8/site-packages/airflow/example_dags/example_local_kubernetes_executor.py took 0.028 seconds
[2022-06-08 09:07:06,759] {processor.py:153} INFO - Started process (PID=25047) to work on /home/james/airflowa/lib/python3.8/site-packages/airflow/example_dags/example_local_kubernetes_executor.py
[2022-06-08 09:07:06,759] {processor.py:641} INFO - Processing file /home/james/airflowa/lib/python3.8/site-packages/airflow/example_dags/example_local_kubernetes_executor.py for tasks to queue
[2022-06-08 09:07:06,760] {logging_mixin.py:115} INFO - [2022-06-08 09:07:06,760] {dagbag.py:507} INFO - Filling up the DagBag from /home/james/airflowa/lib/python3.8/site-packages/airflow/example_dags/example_local_kubernetes_executor.py
[2022-06-08 09:07:06,779] {logging_mixin.py:115} INFO - [2022-06-08 09:07:06,779] {example_local_kubernetes_executor.py:37} WARNING - Could not import DAGs in example_local_kubernetes_executor.py
Traceback (most recent call last):
  File "/home/james/airflowa/lib/python3.8/site-packages/airflow/example_dags/example_local_kubernetes_executor.py", line 35, in <module>
    from kubernetes.client import models as k8s
ModuleNotFoundError: No module named 'kubernetes'
[2022-06-08 09:07:06,779] {logging_mixin.py:115} INFO - [2022-06-08 09:07:06,779] {example_local_kubernetes_executor.py:38} WARNING - Install Kubernetes dependencies with: pip install apache-airflow[cncf.kubernetes]
[2022-06-08 09:07:06,779] {processor.py:653} WARNING - No viable dags retrieved from /home/james/airflowa/lib/python3.8/site-packages/airflow/example_dags/example_local_kubernetes_executor.py
[2022-06-08 09:07:06,792] {processor.py:161} INFO - Processing /home/james/airflowa/lib/python3.8/site-packages/airflow/example_dags/example_local_kubernetes_executor.py took 0.036 seconds
[2022-06-08 09:08:42,295] {processor.py:153} INFO - Started process (PID=25633) to work on /home/james/airflowa/lib/python3.8/site-packages/airflow/example_dags/example_local_kubernetes_executor.py
[2022-06-08 09:08:42,296] {processor.py:641} INFO - Processing file /home/james/airflowa/lib/python3.8/site-packages/airflow/example_dags/example_local_kubernetes_executor.py for tasks to queue
[2022-06-08 09:08:42,297] {logging_mixin.py:115} INFO - [2022-06-08 09:08:42,297] {dagbag.py:507} INFO - Filling up the DagBag from /home/james/airflowa/lib/python3.8/site-packages/airflow/example_dags/example_local_kubernetes_executor.py
[2022-06-08 09:08:42,317] {logging_mixin.py:115} INFO - [2022-06-08 09:08:42,317] {example_local_kubernetes_executor.py:37} WARNING - Could not import DAGs in example_local_kubernetes_executor.py
Traceback (most recent call last):
  File "/home/james/airflowa/lib/python3.8/site-packages/airflow/example_dags/example_local_kubernetes_executor.py", line 35, in <module>
    from kubernetes.client import models as k8s
ModuleNotFoundError: No module named 'kubernetes'
[2022-06-08 09:08:42,318] {logging_mixin.py:115} INFO - [2022-06-08 09:08:42,317] {example_local_kubernetes_executor.py:38} WARNING - Install Kubernetes dependencies with: pip install apache-airflow[cncf.kubernetes]
[2022-06-08 09:08:42,318] {processor.py:653} WARNING - No viable dags retrieved from /home/james/airflowa/lib/python3.8/site-packages/airflow/example_dags/example_local_kubernetes_executor.py
[2022-06-08 09:08:42,330] {processor.py:161} INFO - Processing /home/james/airflowa/lib/python3.8/site-packages/airflow/example_dags/example_local_kubernetes_executor.py took 0.039 seconds
[2022-06-08 09:10:26,463] {processor.py:153} INFO - Started process (PID=26626) to work on /home/james/airflowa/lib/python3.8/site-packages/airflow/example_dags/example_local_kubernetes_executor.py
[2022-06-08 09:10:26,464] {processor.py:641} INFO - Processing file /home/james/airflowa/lib/python3.8/site-packages/airflow/example_dags/example_local_kubernetes_executor.py for tasks to queue
[2022-06-08 09:10:26,465] {logging_mixin.py:115} INFO - [2022-06-08 09:10:26,465] {dagbag.py:507} INFO - Filling up the DagBag from /home/james/airflowa/lib/python3.8/site-packages/airflow/example_dags/example_local_kubernetes_executor.py
[2022-06-08 09:10:26,510] {logging_mixin.py:115} INFO - [2022-06-08 09:10:26,509] {example_local_kubernetes_executor.py:37} WARNING - Could not import DAGs in example_local_kubernetes_executor.py
Traceback (most recent call last):
  File "/home/james/airflowa/lib/python3.8/site-packages/airflow/example_dags/example_local_kubernetes_executor.py", line 35, in <module>
    from kubernetes.client import models as k8s
ModuleNotFoundError: No module named 'kubernetes'
[2022-06-08 09:10:26,511] {logging_mixin.py:115} INFO - [2022-06-08 09:10:26,511] {example_local_kubernetes_executor.py:38} WARNING - Install Kubernetes dependencies with: pip install apache-airflow[cncf.kubernetes]
[2022-06-08 09:10:26,511] {processor.py:653} WARNING - No viable dags retrieved from /home/james/airflowa/lib/python3.8/site-packages/airflow/example_dags/example_local_kubernetes_executor.py
[2022-06-08 09:10:26,526] {processor.py:161} INFO - Processing /home/james/airflowa/lib/python3.8/site-packages/airflow/example_dags/example_local_kubernetes_executor.py took 0.067 seconds
[2022-06-08 09:12:54,676] {processor.py:153} INFO - Started process (PID=27573) to work on /home/james/airflowa/lib/python3.8/site-packages/airflow/example_dags/example_local_kubernetes_executor.py
[2022-06-08 09:12:54,677] {processor.py:641} INFO - Processing file /home/james/airflowa/lib/python3.8/site-packages/airflow/example_dags/example_local_kubernetes_executor.py for tasks to queue
[2022-06-08 09:12:54,678] {logging_mixin.py:115} INFO - [2022-06-08 09:12:54,678] {dagbag.py:507} INFO - Filling up the DagBag from /home/james/airflowa/lib/python3.8/site-packages/airflow/example_dags/example_local_kubernetes_executor.py
[2022-06-08 09:12:54,714] {logging_mixin.py:115} INFO - [2022-06-08 09:12:54,714] {example_local_kubernetes_executor.py:37} WARNING - Could not import DAGs in example_local_kubernetes_executor.py
Traceback (most recent call last):
  File "/home/james/airflowa/lib/python3.8/site-packages/airflow/example_dags/example_local_kubernetes_executor.py", line 35, in <module>
    from kubernetes.client import models as k8s
ModuleNotFoundError: No module named 'kubernetes'
[2022-06-08 09:12:54,715] {logging_mixin.py:115} INFO - [2022-06-08 09:12:54,715] {example_local_kubernetes_executor.py:38} WARNING - Install Kubernetes dependencies with: pip install apache-airflow[cncf.kubernetes]
[2022-06-08 09:12:54,715] {processor.py:653} WARNING - No viable dags retrieved from /home/james/airflowa/lib/python3.8/site-packages/airflow/example_dags/example_local_kubernetes_executor.py
[2022-06-08 09:12:54,737] {processor.py:161} INFO - Processing /home/james/airflowa/lib/python3.8/site-packages/airflow/example_dags/example_local_kubernetes_executor.py took 0.068 seconds
[2022-06-08 09:14:41,761] {processor.py:153} INFO - Started process (PID=28207) to work on /home/james/airflowa/lib/python3.8/site-packages/airflow/example_dags/example_local_kubernetes_executor.py
[2022-06-08 09:14:41,762] {processor.py:641} INFO - Processing file /home/james/airflowa/lib/python3.8/site-packages/airflow/example_dags/example_local_kubernetes_executor.py for tasks to queue
[2022-06-08 09:14:41,763] {logging_mixin.py:115} INFO - [2022-06-08 09:14:41,763] {dagbag.py:507} INFO - Filling up the DagBag from /home/james/airflowa/lib/python3.8/site-packages/airflow/example_dags/example_local_kubernetes_executor.py
[2022-06-08 09:14:41,794] {logging_mixin.py:115} INFO - [2022-06-08 09:14:41,793] {example_local_kubernetes_executor.py:37} WARNING - Could not import DAGs in example_local_kubernetes_executor.py
Traceback (most recent call last):
  File "/home/james/airflowa/lib/python3.8/site-packages/airflow/example_dags/example_local_kubernetes_executor.py", line 35, in <module>
    from kubernetes.client import models as k8s
ModuleNotFoundError: No module named 'kubernetes'
[2022-06-08 09:14:41,795] {logging_mixin.py:115} INFO - [2022-06-08 09:14:41,795] {example_local_kubernetes_executor.py:38} WARNING - Install Kubernetes dependencies with: pip install apache-airflow[cncf.kubernetes]
[2022-06-08 09:14:41,795] {processor.py:653} WARNING - No viable dags retrieved from /home/james/airflowa/lib/python3.8/site-packages/airflow/example_dags/example_local_kubernetes_executor.py
[2022-06-08 09:14:41,817] {processor.py:161} INFO - Processing /home/james/airflowa/lib/python3.8/site-packages/airflow/example_dags/example_local_kubernetes_executor.py took 0.061 seconds
[2022-06-08 09:16:22,335] {processor.py:153} INFO - Started process (PID=29429) to work on /home/james/airflowa/lib/python3.8/site-packages/airflow/example_dags/example_local_kubernetes_executor.py
[2022-06-08 09:16:22,337] {processor.py:641} INFO - Processing file /home/james/airflowa/lib/python3.8/site-packages/airflow/example_dags/example_local_kubernetes_executor.py for tasks to queue
[2022-06-08 09:16:22,338] {logging_mixin.py:115} INFO - [2022-06-08 09:16:22,338] {dagbag.py:507} INFO - Filling up the DagBag from /home/james/airflowa/lib/python3.8/site-packages/airflow/example_dags/example_local_kubernetes_executor.py
[2022-06-08 09:16:22,390] {logging_mixin.py:115} INFO - [2022-06-08 09:16:22,389] {example_local_kubernetes_executor.py:37} WARNING - Could not import DAGs in example_local_kubernetes_executor.py
Traceback (most recent call last):
  File "/home/james/airflowa/lib/python3.8/site-packages/airflow/example_dags/example_local_kubernetes_executor.py", line 35, in <module>
    from kubernetes.client import models as k8s
ModuleNotFoundError: No module named 'kubernetes'
[2022-06-08 09:16:22,390] {logging_mixin.py:115} INFO - [2022-06-08 09:16:22,390] {example_local_kubernetes_executor.py:38} WARNING - Install Kubernetes dependencies with: pip install apache-airflow[cncf.kubernetes]
[2022-06-08 09:16:22,391] {processor.py:653} WARNING - No viable dags retrieved from /home/james/airflowa/lib/python3.8/site-packages/airflow/example_dags/example_local_kubernetes_executor.py
[2022-06-08 09:16:22,415] {processor.py:161} INFO - Processing /home/james/airflowa/lib/python3.8/site-packages/airflow/example_dags/example_local_kubernetes_executor.py took 0.088 seconds
[2022-06-08 09:18:15,402] {processor.py:153} INFO - Started process (PID=30601) to work on /home/james/airflowa/lib/python3.8/site-packages/airflow/example_dags/example_local_kubernetes_executor.py
[2022-06-08 09:18:15,403] {processor.py:641} INFO - Processing file /home/james/airflowa/lib/python3.8/site-packages/airflow/example_dags/example_local_kubernetes_executor.py for tasks to queue
[2022-06-08 09:18:15,405] {logging_mixin.py:115} INFO - [2022-06-08 09:18:15,404] {dagbag.py:507} INFO - Filling up the DagBag from /home/james/airflowa/lib/python3.8/site-packages/airflow/example_dags/example_local_kubernetes_executor.py
[2022-06-08 09:18:15,438] {logging_mixin.py:115} INFO - [2022-06-08 09:18:15,437] {example_local_kubernetes_executor.py:37} WARNING - Could not import DAGs in example_local_kubernetes_executor.py
Traceback (most recent call last):
  File "/home/james/airflowa/lib/python3.8/site-packages/airflow/example_dags/example_local_kubernetes_executor.py", line 35, in <module>
    from kubernetes.client import models as k8s
ModuleNotFoundError: No module named 'kubernetes'
[2022-06-08 09:18:15,438] {logging_mixin.py:115} INFO - [2022-06-08 09:18:15,438] {example_local_kubernetes_executor.py:38} WARNING - Install Kubernetes dependencies with: pip install apache-airflow[cncf.kubernetes]
[2022-06-08 09:18:15,439] {processor.py:653} WARNING - No viable dags retrieved from /home/james/airflowa/lib/python3.8/site-packages/airflow/example_dags/example_local_kubernetes_executor.py
[2022-06-08 09:18:15,455] {processor.py:161} INFO - Processing /home/james/airflowa/lib/python3.8/site-packages/airflow/example_dags/example_local_kubernetes_executor.py took 0.058 seconds
[2022-06-08 09:20:22,809] {processor.py:153} INFO - Started process (PID=31745) to work on /home/james/airflowa/lib/python3.8/site-packages/airflow/example_dags/example_local_kubernetes_executor.py
[2022-06-08 09:20:22,810] {processor.py:641} INFO - Processing file /home/james/airflowa/lib/python3.8/site-packages/airflow/example_dags/example_local_kubernetes_executor.py for tasks to queue
[2022-06-08 09:20:22,811] {logging_mixin.py:115} INFO - [2022-06-08 09:20:22,811] {dagbag.py:507} INFO - Filling up the DagBag from /home/james/airflowa/lib/python3.8/site-packages/airflow/example_dags/example_local_kubernetes_executor.py
[2022-06-08 09:20:22,844] {logging_mixin.py:115} INFO - [2022-06-08 09:20:22,843] {example_local_kubernetes_executor.py:37} WARNING - Could not import DAGs in example_local_kubernetes_executor.py
Traceback (most recent call last):
  File "/home/james/airflowa/lib/python3.8/site-packages/airflow/example_dags/example_local_kubernetes_executor.py", line 35, in <module>
    from kubernetes.client import models as k8s
ModuleNotFoundError: No module named 'kubernetes'
[2022-06-08 09:20:22,844] {logging_mixin.py:115} INFO - [2022-06-08 09:20:22,844] {example_local_kubernetes_executor.py:38} WARNING - Install Kubernetes dependencies with: pip install apache-airflow[cncf.kubernetes]
[2022-06-08 09:20:22,844] {processor.py:653} WARNING - No viable dags retrieved from /home/james/airflowa/lib/python3.8/site-packages/airflow/example_dags/example_local_kubernetes_executor.py
[2022-06-08 09:20:22,867] {processor.py:161} INFO - Processing /home/james/airflowa/lib/python3.8/site-packages/airflow/example_dags/example_local_kubernetes_executor.py took 0.063 seconds
[2022-06-08 09:22:24,314] {processor.py:153} INFO - Started process (PID=32931) to work on /home/james/airflowa/lib/python3.8/site-packages/airflow/example_dags/example_local_kubernetes_executor.py
[2022-06-08 09:22:24,315] {processor.py:641} INFO - Processing file /home/james/airflowa/lib/python3.8/site-packages/airflow/example_dags/example_local_kubernetes_executor.py for tasks to queue
[2022-06-08 09:22:24,316] {logging_mixin.py:115} INFO - [2022-06-08 09:22:24,316] {dagbag.py:507} INFO - Filling up the DagBag from /home/james/airflowa/lib/python3.8/site-packages/airflow/example_dags/example_local_kubernetes_executor.py
[2022-06-08 09:22:24,347] {logging_mixin.py:115} INFO - [2022-06-08 09:22:24,347] {example_local_kubernetes_executor.py:37} WARNING - Could not import DAGs in example_local_kubernetes_executor.py
Traceback (most recent call last):
  File "/home/james/airflowa/lib/python3.8/site-packages/airflow/example_dags/example_local_kubernetes_executor.py", line 35, in <module>
    from kubernetes.client import models as k8s
ModuleNotFoundError: No module named 'kubernetes'
[2022-06-08 09:22:24,348] {logging_mixin.py:115} INFO - [2022-06-08 09:22:24,348] {example_local_kubernetes_executor.py:38} WARNING - Install Kubernetes dependencies with: pip install apache-airflow[cncf.kubernetes]
[2022-06-08 09:22:24,348] {processor.py:653} WARNING - No viable dags retrieved from /home/james/airflowa/lib/python3.8/site-packages/airflow/example_dags/example_local_kubernetes_executor.py
[2022-06-08 09:22:24,368] {processor.py:161} INFO - Processing /home/james/airflowa/lib/python3.8/site-packages/airflow/example_dags/example_local_kubernetes_executor.py took 0.060 seconds
[2022-06-08 09:24:29,653] {processor.py:153} INFO - Started process (PID=33661) to work on /home/james/airflowa/lib/python3.8/site-packages/airflow/example_dags/example_local_kubernetes_executor.py
[2022-06-08 09:24:29,654] {processor.py:641} INFO - Processing file /home/james/airflowa/lib/python3.8/site-packages/airflow/example_dags/example_local_kubernetes_executor.py for tasks to queue
[2022-06-08 09:24:29,655] {logging_mixin.py:115} INFO - [2022-06-08 09:24:29,655] {dagbag.py:507} INFO - Filling up the DagBag from /home/james/airflowa/lib/python3.8/site-packages/airflow/example_dags/example_local_kubernetes_executor.py
[2022-06-08 09:24:29,689] {logging_mixin.py:115} INFO - [2022-06-08 09:24:29,689] {example_local_kubernetes_executor.py:37} WARNING - Could not import DAGs in example_local_kubernetes_executor.py
Traceback (most recent call last):
  File "/home/james/airflowa/lib/python3.8/site-packages/airflow/example_dags/example_local_kubernetes_executor.py", line 35, in <module>
    from kubernetes.client import models as k8s
ModuleNotFoundError: No module named 'kubernetes'
[2022-06-08 09:24:29,690] {logging_mixin.py:115} INFO - [2022-06-08 09:24:29,690] {example_local_kubernetes_executor.py:38} WARNING - Install Kubernetes dependencies with: pip install apache-airflow[cncf.kubernetes]
[2022-06-08 09:24:29,690] {processor.py:653} WARNING - No viable dags retrieved from /home/james/airflowa/lib/python3.8/site-packages/airflow/example_dags/example_local_kubernetes_executor.py
[2022-06-08 09:24:29,710] {processor.py:161} INFO - Processing /home/james/airflowa/lib/python3.8/site-packages/airflow/example_dags/example_local_kubernetes_executor.py took 0.064 seconds
[2022-06-08 09:26:37,502] {processor.py:153} INFO - Started process (PID=34487) to work on /home/james/airflowa/lib/python3.8/site-packages/airflow/example_dags/example_local_kubernetes_executor.py
[2022-06-08 09:26:37,502] {processor.py:641} INFO - Processing file /home/james/airflowa/lib/python3.8/site-packages/airflow/example_dags/example_local_kubernetes_executor.py for tasks to queue
[2022-06-08 09:26:37,503] {logging_mixin.py:115} INFO - [2022-06-08 09:26:37,503] {dagbag.py:507} INFO - Filling up the DagBag from /home/james/airflowa/lib/python3.8/site-packages/airflow/example_dags/example_local_kubernetes_executor.py
[2022-06-08 09:26:37,521] {logging_mixin.py:115} INFO - [2022-06-08 09:26:37,521] {example_local_kubernetes_executor.py:37} WARNING - Could not import DAGs in example_local_kubernetes_executor.py
Traceback (most recent call last):
  File "/home/james/airflowa/lib/python3.8/site-packages/airflow/example_dags/example_local_kubernetes_executor.py", line 35, in <module>
    from kubernetes.client import models as k8s
ModuleNotFoundError: No module named 'kubernetes'
[2022-06-08 09:26:37,521] {logging_mixin.py:115} INFO - [2022-06-08 09:26:37,521] {example_local_kubernetes_executor.py:38} WARNING - Install Kubernetes dependencies with: pip install apache-airflow[cncf.kubernetes]
[2022-06-08 09:26:37,521] {processor.py:653} WARNING - No viable dags retrieved from /home/james/airflowa/lib/python3.8/site-packages/airflow/example_dags/example_local_kubernetes_executor.py
[2022-06-08 09:26:37,530] {processor.py:161} INFO - Processing /home/james/airflowa/lib/python3.8/site-packages/airflow/example_dags/example_local_kubernetes_executor.py took 0.033 seconds
[2022-06-08 09:28:34,880] {processor.py:153} INFO - Started process (PID=34987) to work on /home/james/airflowa/lib/python3.8/site-packages/airflow/example_dags/example_local_kubernetes_executor.py
[2022-06-08 09:28:34,881] {processor.py:641} INFO - Processing file /home/james/airflowa/lib/python3.8/site-packages/airflow/example_dags/example_local_kubernetes_executor.py for tasks to queue
[2022-06-08 09:28:34,882] {logging_mixin.py:115} INFO - [2022-06-08 09:28:34,882] {dagbag.py:507} INFO - Filling up the DagBag from /home/james/airflowa/lib/python3.8/site-packages/airflow/example_dags/example_local_kubernetes_executor.py
[2022-06-08 09:28:34,919] {logging_mixin.py:115} INFO - [2022-06-08 09:28:34,918] {example_local_kubernetes_executor.py:37} WARNING - Could not import DAGs in example_local_kubernetes_executor.py
Traceback (most recent call last):
  File "/home/james/airflowa/lib/python3.8/site-packages/airflow/example_dags/example_local_kubernetes_executor.py", line 35, in <module>
    from kubernetes.client import models as k8s
ModuleNotFoundError: No module named 'kubernetes'
[2022-06-08 09:28:34,920] {logging_mixin.py:115} INFO - [2022-06-08 09:28:34,919] {example_local_kubernetes_executor.py:38} WARNING - Install Kubernetes dependencies with: pip install apache-airflow[cncf.kubernetes]
[2022-06-08 09:28:34,920] {processor.py:653} WARNING - No viable dags retrieved from /home/james/airflowa/lib/python3.8/site-packages/airflow/example_dags/example_local_kubernetes_executor.py
[2022-06-08 09:28:34,940] {processor.py:161} INFO - Processing /home/james/airflowa/lib/python3.8/site-packages/airflow/example_dags/example_local_kubernetes_executor.py took 0.065 seconds
[2022-06-08 11:27:39,705] {processor.py:153} INFO - Started process (PID=76535) to work on /home/james/airflowa/lib/python3.8/site-packages/airflow/example_dags/example_local_kubernetes_executor.py
[2022-06-08 11:27:39,705] {processor.py:641} INFO - Processing file /home/james/airflowa/lib/python3.8/site-packages/airflow/example_dags/example_local_kubernetes_executor.py for tasks to queue
[2022-06-08 11:27:39,706] {logging_mixin.py:115} INFO - [2022-06-08 11:27:39,706] {dagbag.py:507} INFO - Filling up the DagBag from /home/james/airflowa/lib/python3.8/site-packages/airflow/example_dags/example_local_kubernetes_executor.py
[2022-06-08 11:27:39,718] {logging_mixin.py:115} INFO - [2022-06-08 11:27:39,717] {example_local_kubernetes_executor.py:37} WARNING - Could not import DAGs in example_local_kubernetes_executor.py
Traceback (most recent call last):
  File "/home/james/airflowa/lib/python3.8/site-packages/airflow/example_dags/example_local_kubernetes_executor.py", line 35, in <module>
    from kubernetes.client import models as k8s
ModuleNotFoundError: No module named 'kubernetes'
[2022-06-08 11:27:39,718] {logging_mixin.py:115} INFO - [2022-06-08 11:27:39,718] {example_local_kubernetes_executor.py:38} WARNING - Install Kubernetes dependencies with: pip install apache-airflow[cncf.kubernetes]
[2022-06-08 11:27:39,718] {processor.py:653} WARNING - No viable dags retrieved from /home/james/airflowa/lib/python3.8/site-packages/airflow/example_dags/example_local_kubernetes_executor.py
[2022-06-08 11:27:39,726] {processor.py:161} INFO - Processing /home/james/airflowa/lib/python3.8/site-packages/airflow/example_dags/example_local_kubernetes_executor.py took 0.024 seconds
[2022-06-08 11:28:17,002] {processor.py:153} INFO - Started process (PID=76796) to work on /home/james/airflowa/lib/python3.8/site-packages/airflow/example_dags/example_local_kubernetes_executor.py
[2022-06-08 11:28:17,003] {processor.py:641} INFO - Processing file /home/james/airflowa/lib/python3.8/site-packages/airflow/example_dags/example_local_kubernetes_executor.py for tasks to queue
[2022-06-08 11:28:17,003] {logging_mixin.py:115} INFO - [2022-06-08 11:28:17,003] {dagbag.py:507} INFO - Filling up the DagBag from /home/james/airflowa/lib/python3.8/site-packages/airflow/example_dags/example_local_kubernetes_executor.py
[2022-06-08 11:28:17,015] {logging_mixin.py:115} INFO - [2022-06-08 11:28:17,014] {example_local_kubernetes_executor.py:37} WARNING - Could not import DAGs in example_local_kubernetes_executor.py
Traceback (most recent call last):
  File "/home/james/airflowa/lib/python3.8/site-packages/airflow/example_dags/example_local_kubernetes_executor.py", line 35, in <module>
    from kubernetes.client import models as k8s
ModuleNotFoundError: No module named 'kubernetes'
[2022-06-08 11:28:17,015] {logging_mixin.py:115} INFO - [2022-06-08 11:28:17,015] {example_local_kubernetes_executor.py:38} WARNING - Install Kubernetes dependencies with: pip install apache-airflow[cncf.kubernetes]
[2022-06-08 11:28:17,015] {processor.py:653} WARNING - No viable dags retrieved from /home/james/airflowa/lib/python3.8/site-packages/airflow/example_dags/example_local_kubernetes_executor.py
[2022-06-08 11:28:17,026] {processor.py:161} INFO - Processing /home/james/airflowa/lib/python3.8/site-packages/airflow/example_dags/example_local_kubernetes_executor.py took 0.026 seconds
[2022-06-08 11:28:54,170] {processor.py:153} INFO - Started process (PID=77033) to work on /home/james/airflowa/lib/python3.8/site-packages/airflow/example_dags/example_local_kubernetes_executor.py
[2022-06-08 11:28:54,170] {processor.py:641} INFO - Processing file /home/james/airflowa/lib/python3.8/site-packages/airflow/example_dags/example_local_kubernetes_executor.py for tasks to queue
[2022-06-08 11:28:54,171] {logging_mixin.py:115} INFO - [2022-06-08 11:28:54,171] {dagbag.py:507} INFO - Filling up the DagBag from /home/james/airflowa/lib/python3.8/site-packages/airflow/example_dags/example_local_kubernetes_executor.py
[2022-06-08 11:28:54,185] {logging_mixin.py:115} INFO - [2022-06-08 11:28:54,185] {example_local_kubernetes_executor.py:37} WARNING - Could not import DAGs in example_local_kubernetes_executor.py
Traceback (most recent call last):
  File "/home/james/airflowa/lib/python3.8/site-packages/airflow/example_dags/example_local_kubernetes_executor.py", line 35, in <module>
    from kubernetes.client import models as k8s
ModuleNotFoundError: No module named 'kubernetes'
[2022-06-08 11:28:54,185] {logging_mixin.py:115} INFO - [2022-06-08 11:28:54,185] {example_local_kubernetes_executor.py:38} WARNING - Install Kubernetes dependencies with: pip install apache-airflow[cncf.kubernetes]
[2022-06-08 11:28:54,185] {processor.py:653} WARNING - No viable dags retrieved from /home/james/airflowa/lib/python3.8/site-packages/airflow/example_dags/example_local_kubernetes_executor.py
[2022-06-08 11:28:54,197] {processor.py:161} INFO - Processing /home/james/airflowa/lib/python3.8/site-packages/airflow/example_dags/example_local_kubernetes_executor.py took 0.030 seconds
[2022-06-08 11:29:33,169] {processor.py:153} INFO - Started process (PID=77479) to work on /home/james/airflowa/lib/python3.8/site-packages/airflow/example_dags/example_local_kubernetes_executor.py
[2022-06-08 11:29:33,170] {processor.py:641} INFO - Processing file /home/james/airflowa/lib/python3.8/site-packages/airflow/example_dags/example_local_kubernetes_executor.py for tasks to queue
[2022-06-08 11:29:33,170] {logging_mixin.py:115} INFO - [2022-06-08 11:29:33,170] {dagbag.py:507} INFO - Filling up the DagBag from /home/james/airflowa/lib/python3.8/site-packages/airflow/example_dags/example_local_kubernetes_executor.py
[2022-06-08 11:29:33,183] {logging_mixin.py:115} INFO - [2022-06-08 11:29:33,183] {example_local_kubernetes_executor.py:37} WARNING - Could not import DAGs in example_local_kubernetes_executor.py
Traceback (most recent call last):
  File "/home/james/airflowa/lib/python3.8/site-packages/airflow/example_dags/example_local_kubernetes_executor.py", line 35, in <module>
    from kubernetes.client import models as k8s
ModuleNotFoundError: No module named 'kubernetes'
[2022-06-08 11:29:33,183] {logging_mixin.py:115} INFO - [2022-06-08 11:29:33,183] {example_local_kubernetes_executor.py:38} WARNING - Install Kubernetes dependencies with: pip install apache-airflow[cncf.kubernetes]
[2022-06-08 11:29:33,184] {processor.py:653} WARNING - No viable dags retrieved from /home/james/airflowa/lib/python3.8/site-packages/airflow/example_dags/example_local_kubernetes_executor.py
[2022-06-08 11:29:33,192] {processor.py:161} INFO - Processing /home/james/airflowa/lib/python3.8/site-packages/airflow/example_dags/example_local_kubernetes_executor.py took 0.025 seconds
[2022-06-08 11:31:16,074] {processor.py:153} INFO - Started process (PID=78392) to work on /home/james/airflowa/lib/python3.8/site-packages/airflow/example_dags/example_local_kubernetes_executor.py
[2022-06-08 11:31:16,075] {processor.py:641} INFO - Processing file /home/james/airflowa/lib/python3.8/site-packages/airflow/example_dags/example_local_kubernetes_executor.py for tasks to queue
[2022-06-08 11:31:16,075] {logging_mixin.py:115} INFO - [2022-06-08 11:31:16,075] {dagbag.py:507} INFO - Filling up the DagBag from /home/james/airflowa/lib/python3.8/site-packages/airflow/example_dags/example_local_kubernetes_executor.py
[2022-06-08 11:31:16,090] {logging_mixin.py:115} INFO - [2022-06-08 11:31:16,090] {example_local_kubernetes_executor.py:37} WARNING - Could not import DAGs in example_local_kubernetes_executor.py
Traceback (most recent call last):
  File "/home/james/airflowa/lib/python3.8/site-packages/airflow/example_dags/example_local_kubernetes_executor.py", line 35, in <module>
    from kubernetes.client import models as k8s
ModuleNotFoundError: No module named 'kubernetes'
[2022-06-08 11:31:16,090] {logging_mixin.py:115} INFO - [2022-06-08 11:31:16,090] {example_local_kubernetes_executor.py:38} WARNING - Install Kubernetes dependencies with: pip install apache-airflow[cncf.kubernetes]
[2022-06-08 11:31:16,090] {processor.py:653} WARNING - No viable dags retrieved from /home/james/airflowa/lib/python3.8/site-packages/airflow/example_dags/example_local_kubernetes_executor.py
[2022-06-08 11:31:16,098] {processor.py:161} INFO - Processing /home/james/airflowa/lib/python3.8/site-packages/airflow/example_dags/example_local_kubernetes_executor.py took 0.026 seconds
[2022-06-08 11:32:01,606] {processor.py:153} INFO - Started process (PID=78741) to work on /home/james/airflowa/lib/python3.8/site-packages/airflow/example_dags/example_local_kubernetes_executor.py
[2022-06-08 11:32:01,607] {processor.py:641} INFO - Processing file /home/james/airflowa/lib/python3.8/site-packages/airflow/example_dags/example_local_kubernetes_executor.py for tasks to queue
[2022-06-08 11:32:01,608] {logging_mixin.py:115} INFO - [2022-06-08 11:32:01,608] {dagbag.py:507} INFO - Filling up the DagBag from /home/james/airflowa/lib/python3.8/site-packages/airflow/example_dags/example_local_kubernetes_executor.py
[2022-06-08 11:32:01,634] {logging_mixin.py:115} INFO - [2022-06-08 11:32:01,634] {example_local_kubernetes_executor.py:37} WARNING - Could not import DAGs in example_local_kubernetes_executor.py
Traceback (most recent call last):
  File "/home/james/airflowa/lib/python3.8/site-packages/airflow/example_dags/example_local_kubernetes_executor.py", line 35, in <module>
    from kubernetes.client import models as k8s
ModuleNotFoundError: No module named 'kubernetes'
[2022-06-08 11:32:01,635] {logging_mixin.py:115} INFO - [2022-06-08 11:32:01,634] {example_local_kubernetes_executor.py:38} WARNING - Install Kubernetes dependencies with: pip install apache-airflow[cncf.kubernetes]
[2022-06-08 11:32:01,635] {processor.py:653} WARNING - No viable dags retrieved from /home/james/airflowa/lib/python3.8/site-packages/airflow/example_dags/example_local_kubernetes_executor.py
[2022-06-08 11:32:01,651] {processor.py:161} INFO - Processing /home/james/airflowa/lib/python3.8/site-packages/airflow/example_dags/example_local_kubernetes_executor.py took 0.049 seconds
[2022-06-08 11:32:47,410] {processor.py:153} INFO - Started process (PID=78997) to work on /home/james/airflowa/lib/python3.8/site-packages/airflow/example_dags/example_local_kubernetes_executor.py
[2022-06-08 11:32:47,412] {processor.py:641} INFO - Processing file /home/james/airflowa/lib/python3.8/site-packages/airflow/example_dags/example_local_kubernetes_executor.py for tasks to queue
[2022-06-08 11:32:47,412] {logging_mixin.py:115} INFO - [2022-06-08 11:32:47,412] {dagbag.py:507} INFO - Filling up the DagBag from /home/james/airflowa/lib/python3.8/site-packages/airflow/example_dags/example_local_kubernetes_executor.py
[2022-06-08 11:32:47,436] {logging_mixin.py:115} INFO - [2022-06-08 11:32:47,435] {example_local_kubernetes_executor.py:37} WARNING - Could not import DAGs in example_local_kubernetes_executor.py
Traceback (most recent call last):
  File "/home/james/airflowa/lib/python3.8/site-packages/airflow/example_dags/example_local_kubernetes_executor.py", line 35, in <module>
    from kubernetes.client import models as k8s
ModuleNotFoundError: No module named 'kubernetes'
[2022-06-08 11:32:47,436] {logging_mixin.py:115} INFO - [2022-06-08 11:32:47,436] {example_local_kubernetes_executor.py:38} WARNING - Install Kubernetes dependencies with: pip install apache-airflow[cncf.kubernetes]
[2022-06-08 11:32:47,437] {processor.py:653} WARNING - No viable dags retrieved from /home/james/airflowa/lib/python3.8/site-packages/airflow/example_dags/example_local_kubernetes_executor.py
[2022-06-08 11:32:47,450] {processor.py:161} INFO - Processing /home/james/airflowa/lib/python3.8/site-packages/airflow/example_dags/example_local_kubernetes_executor.py took 0.043 seconds
[2022-06-08 11:33:34,442] {processor.py:153} INFO - Started process (PID=79314) to work on /home/james/airflowa/lib/python3.8/site-packages/airflow/example_dags/example_local_kubernetes_executor.py
[2022-06-08 11:33:34,443] {processor.py:641} INFO - Processing file /home/james/airflowa/lib/python3.8/site-packages/airflow/example_dags/example_local_kubernetes_executor.py for tasks to queue
[2022-06-08 11:33:34,444] {logging_mixin.py:115} INFO - [2022-06-08 11:33:34,443] {dagbag.py:507} INFO - Filling up the DagBag from /home/james/airflowa/lib/python3.8/site-packages/airflow/example_dags/example_local_kubernetes_executor.py
[2022-06-08 11:33:34,472] {logging_mixin.py:115} INFO - [2022-06-08 11:33:34,471] {example_local_kubernetes_executor.py:37} WARNING - Could not import DAGs in example_local_kubernetes_executor.py
Traceback (most recent call last):
  File "/home/james/airflowa/lib/python3.8/site-packages/airflow/example_dags/example_local_kubernetes_executor.py", line 35, in <module>
    from kubernetes.client import models as k8s
ModuleNotFoundError: No module named 'kubernetes'
[2022-06-08 11:33:34,472] {logging_mixin.py:115} INFO - [2022-06-08 11:33:34,472] {example_local_kubernetes_executor.py:38} WARNING - Install Kubernetes dependencies with: pip install apache-airflow[cncf.kubernetes]
[2022-06-08 11:33:34,472] {processor.py:653} WARNING - No viable dags retrieved from /home/james/airflowa/lib/python3.8/site-packages/airflow/example_dags/example_local_kubernetes_executor.py
[2022-06-08 11:33:34,485] {processor.py:161} INFO - Processing /home/james/airflowa/lib/python3.8/site-packages/airflow/example_dags/example_local_kubernetes_executor.py took 0.047 seconds
[2022-06-08 11:34:26,051] {processor.py:153} INFO - Started process (PID=79748) to work on /home/james/airflowa/lib/python3.8/site-packages/airflow/example_dags/example_local_kubernetes_executor.py
[2022-06-08 11:34:26,052] {processor.py:641} INFO - Processing file /home/james/airflowa/lib/python3.8/site-packages/airflow/example_dags/example_local_kubernetes_executor.py for tasks to queue
[2022-06-08 11:34:26,053] {logging_mixin.py:115} INFO - [2022-06-08 11:34:26,053] {dagbag.py:507} INFO - Filling up the DagBag from /home/james/airflowa/lib/python3.8/site-packages/airflow/example_dags/example_local_kubernetes_executor.py
[2022-06-08 11:34:26,076] {logging_mixin.py:115} INFO - [2022-06-08 11:34:26,075] {example_local_kubernetes_executor.py:37} WARNING - Could not import DAGs in example_local_kubernetes_executor.py
Traceback (most recent call last):
  File "/home/james/airflowa/lib/python3.8/site-packages/airflow/example_dags/example_local_kubernetes_executor.py", line 35, in <module>
    from kubernetes.client import models as k8s
ModuleNotFoundError: No module named 'kubernetes'
[2022-06-08 11:34:26,076] {logging_mixin.py:115} INFO - [2022-06-08 11:34:26,076] {example_local_kubernetes_executor.py:38} WARNING - Install Kubernetes dependencies with: pip install apache-airflow[cncf.kubernetes]
[2022-06-08 11:34:26,076] {processor.py:653} WARNING - No viable dags retrieved from /home/james/airflowa/lib/python3.8/site-packages/airflow/example_dags/example_local_kubernetes_executor.py
[2022-06-08 11:34:26,088] {processor.py:161} INFO - Processing /home/james/airflowa/lib/python3.8/site-packages/airflow/example_dags/example_local_kubernetes_executor.py took 0.042 seconds
[2022-06-08 11:35:14,872] {processor.py:153} INFO - Started process (PID=80210) to work on /home/james/airflowa/lib/python3.8/site-packages/airflow/example_dags/example_local_kubernetes_executor.py
[2022-06-08 11:35:14,872] {processor.py:641} INFO - Processing file /home/james/airflowa/lib/python3.8/site-packages/airflow/example_dags/example_local_kubernetes_executor.py for tasks to queue
[2022-06-08 11:35:14,873] {logging_mixin.py:115} INFO - [2022-06-08 11:35:14,873] {dagbag.py:507} INFO - Filling up the DagBag from /home/james/airflowa/lib/python3.8/site-packages/airflow/example_dags/example_local_kubernetes_executor.py
[2022-06-08 11:35:14,890] {logging_mixin.py:115} INFO - [2022-06-08 11:35:14,889] {example_local_kubernetes_executor.py:37} WARNING - Could not import DAGs in example_local_kubernetes_executor.py
Traceback (most recent call last):
  File "/home/james/airflowa/lib/python3.8/site-packages/airflow/example_dags/example_local_kubernetes_executor.py", line 35, in <module>
    from kubernetes.client import models as k8s
ModuleNotFoundError: No module named 'kubernetes'
[2022-06-08 11:35:14,890] {logging_mixin.py:115} INFO - [2022-06-08 11:35:14,890] {example_local_kubernetes_executor.py:38} WARNING - Install Kubernetes dependencies with: pip install apache-airflow[cncf.kubernetes]
[2022-06-08 11:35:14,890] {processor.py:653} WARNING - No viable dags retrieved from /home/james/airflowa/lib/python3.8/site-packages/airflow/example_dags/example_local_kubernetes_executor.py
[2022-06-08 11:35:14,901] {processor.py:161} INFO - Processing /home/james/airflowa/lib/python3.8/site-packages/airflow/example_dags/example_local_kubernetes_executor.py took 0.032 seconds
[2022-06-08 12:21:02,717] {processor.py:153} INFO - Started process (PID=104464) to work on /home/james/airflowa/lib/python3.8/site-packages/airflow/example_dags/example_local_kubernetes_executor.py
[2022-06-08 12:21:02,718] {processor.py:641} INFO - Processing file /home/james/airflowa/lib/python3.8/site-packages/airflow/example_dags/example_local_kubernetes_executor.py for tasks to queue
[2022-06-08 12:21:02,719] {logging_mixin.py:115} INFO - [2022-06-08 12:21:02,719] {dagbag.py:507} INFO - Filling up the DagBag from /home/james/airflowa/lib/python3.8/site-packages/airflow/example_dags/example_local_kubernetes_executor.py
[2022-06-08 12:21:02,752] {logging_mixin.py:115} INFO - [2022-06-08 12:21:02,751] {example_local_kubernetes_executor.py:37} WARNING - Could not import DAGs in example_local_kubernetes_executor.py
Traceback (most recent call last):
  File "/home/james/airflowa/lib/python3.8/site-packages/airflow/example_dags/example_local_kubernetes_executor.py", line 35, in <module>
    from kubernetes.client import models as k8s
ModuleNotFoundError: No module named 'kubernetes'
[2022-06-08 12:21:02,752] {logging_mixin.py:115} INFO - [2022-06-08 12:21:02,752] {example_local_kubernetes_executor.py:38} WARNING - Install Kubernetes dependencies with: pip install apache-airflow[cncf.kubernetes]
[2022-06-08 12:21:02,752] {processor.py:653} WARNING - No viable dags retrieved from /home/james/airflowa/lib/python3.8/site-packages/airflow/example_dags/example_local_kubernetes_executor.py
[2022-06-08 12:21:02,768] {processor.py:161} INFO - Processing /home/james/airflowa/lib/python3.8/site-packages/airflow/example_dags/example_local_kubernetes_executor.py took 0.056 seconds
[2022-06-08 12:22:23,579] {processor.py:153} INFO - Started process (PID=104904) to work on /home/james/airflowa/lib/python3.8/site-packages/airflow/example_dags/example_local_kubernetes_executor.py
[2022-06-08 12:22:23,580] {processor.py:641} INFO - Processing file /home/james/airflowa/lib/python3.8/site-packages/airflow/example_dags/example_local_kubernetes_executor.py for tasks to queue
[2022-06-08 12:22:23,581] {logging_mixin.py:115} INFO - [2022-06-08 12:22:23,581] {dagbag.py:507} INFO - Filling up the DagBag from /home/james/airflowa/lib/python3.8/site-packages/airflow/example_dags/example_local_kubernetes_executor.py
[2022-06-08 12:22:23,604] {logging_mixin.py:115} INFO - [2022-06-08 12:22:23,603] {example_local_kubernetes_executor.py:37} WARNING - Could not import DAGs in example_local_kubernetes_executor.py
Traceback (most recent call last):
  File "/home/james/airflowa/lib/python3.8/site-packages/airflow/example_dags/example_local_kubernetes_executor.py", line 35, in <module>
    from kubernetes.client import models as k8s
ModuleNotFoundError: No module named 'kubernetes'
[2022-06-08 12:22:23,604] {logging_mixin.py:115} INFO - [2022-06-08 12:22:23,604] {example_local_kubernetes_executor.py:38} WARNING - Install Kubernetes dependencies with: pip install apache-airflow[cncf.kubernetes]
[2022-06-08 12:22:23,604] {processor.py:653} WARNING - No viable dags retrieved from /home/james/airflowa/lib/python3.8/site-packages/airflow/example_dags/example_local_kubernetes_executor.py
[2022-06-08 12:22:23,616] {processor.py:161} INFO - Processing /home/james/airflowa/lib/python3.8/site-packages/airflow/example_dags/example_local_kubernetes_executor.py took 0.040 seconds
[2022-06-08 12:23:08,736] {processor.py:153} INFO - Started process (PID=105249) to work on /home/james/airflowa/lib/python3.8/site-packages/airflow/example_dags/example_local_kubernetes_executor.py
[2022-06-08 12:23:08,737] {processor.py:641} INFO - Processing file /home/james/airflowa/lib/python3.8/site-packages/airflow/example_dags/example_local_kubernetes_executor.py for tasks to queue
[2022-06-08 12:23:08,738] {logging_mixin.py:115} INFO - [2022-06-08 12:23:08,738] {dagbag.py:507} INFO - Filling up the DagBag from /home/james/airflowa/lib/python3.8/site-packages/airflow/example_dags/example_local_kubernetes_executor.py
[2022-06-08 12:23:08,764] {logging_mixin.py:115} INFO - [2022-06-08 12:23:08,764] {example_local_kubernetes_executor.py:37} WARNING - Could not import DAGs in example_local_kubernetes_executor.py
Traceback (most recent call last):
  File "/home/james/airflowa/lib/python3.8/site-packages/airflow/example_dags/example_local_kubernetes_executor.py", line 35, in <module>
    from kubernetes.client import models as k8s
ModuleNotFoundError: No module named 'kubernetes'
[2022-06-08 12:23:08,764] {logging_mixin.py:115} INFO - [2022-06-08 12:23:08,764] {example_local_kubernetes_executor.py:38} WARNING - Install Kubernetes dependencies with: pip install apache-airflow[cncf.kubernetes]
[2022-06-08 12:23:08,764] {processor.py:653} WARNING - No viable dags retrieved from /home/james/airflowa/lib/python3.8/site-packages/airflow/example_dags/example_local_kubernetes_executor.py
[2022-06-08 12:23:08,776] {processor.py:161} INFO - Processing /home/james/airflowa/lib/python3.8/site-packages/airflow/example_dags/example_local_kubernetes_executor.py took 0.045 seconds
[2022-06-08 12:35:05,771] {processor.py:153} INFO - Started process (PID=111893) to work on /home/james/airflowa/lib/python3.8/site-packages/airflow/example_dags/example_local_kubernetes_executor.py
[2022-06-08 12:35:05,773] {processor.py:641} INFO - Processing file /home/james/airflowa/lib/python3.8/site-packages/airflow/example_dags/example_local_kubernetes_executor.py for tasks to queue
[2022-06-08 12:35:05,779] {logging_mixin.py:115} INFO - [2022-06-08 12:35:05,779] {dagbag.py:507} INFO - Filling up the DagBag from /home/james/airflowa/lib/python3.8/site-packages/airflow/example_dags/example_local_kubernetes_executor.py
[2022-06-08 12:35:05,848] {logging_mixin.py:115} INFO - [2022-06-08 12:35:05,846] {example_local_kubernetes_executor.py:37} WARNING - Could not import DAGs in example_local_kubernetes_executor.py
Traceback (most recent call last):
  File "/home/james/airflowa/lib/python3.8/site-packages/airflow/example_dags/example_local_kubernetes_executor.py", line 35, in <module>
    from kubernetes.client import models as k8s
ModuleNotFoundError: No module named 'kubernetes'
[2022-06-08 12:35:05,848] {logging_mixin.py:115} INFO - [2022-06-08 12:35:05,848] {example_local_kubernetes_executor.py:38} WARNING - Install Kubernetes dependencies with: pip install apache-airflow[cncf.kubernetes]
[2022-06-08 12:35:05,849] {processor.py:653} WARNING - No viable dags retrieved from /home/james/airflowa/lib/python3.8/site-packages/airflow/example_dags/example_local_kubernetes_executor.py
[2022-06-08 12:35:05,875] {processor.py:161} INFO - Processing /home/james/airflowa/lib/python3.8/site-packages/airflow/example_dags/example_local_kubernetes_executor.py took 0.117 seconds
[2022-06-08 12:38:46,270] {processor.py:153} INFO - Started process (PID=115275) to work on /home/james/airflowa/lib/python3.8/site-packages/airflow/example_dags/example_local_kubernetes_executor.py
[2022-06-08 12:38:46,275] {processor.py:641} INFO - Processing file /home/james/airflowa/lib/python3.8/site-packages/airflow/example_dags/example_local_kubernetes_executor.py for tasks to queue
[2022-06-08 12:38:46,278] {logging_mixin.py:115} INFO - [2022-06-08 12:38:46,278] {dagbag.py:507} INFO - Filling up the DagBag from /home/james/airflowa/lib/python3.8/site-packages/airflow/example_dags/example_local_kubernetes_executor.py
[2022-06-08 12:38:46,386] {logging_mixin.py:115} INFO - [2022-06-08 12:38:46,384] {example_local_kubernetes_executor.py:37} WARNING - Could not import DAGs in example_local_kubernetes_executor.py
Traceback (most recent call last):
  File "/home/james/airflowa/lib/python3.8/site-packages/airflow/example_dags/example_local_kubernetes_executor.py", line 35, in <module>
    from kubernetes.client import models as k8s
ModuleNotFoundError: No module named 'kubernetes'
[2022-06-08 12:38:46,386] {logging_mixin.py:115} INFO - [2022-06-08 12:38:46,386] {example_local_kubernetes_executor.py:38} WARNING - Install Kubernetes dependencies with: pip install apache-airflow[cncf.kubernetes]
[2022-06-08 12:38:46,387] {processor.py:653} WARNING - No viable dags retrieved from /home/james/airflowa/lib/python3.8/site-packages/airflow/example_dags/example_local_kubernetes_executor.py
[2022-06-08 12:38:46,432] {processor.py:161} INFO - Processing /home/james/airflowa/lib/python3.8/site-packages/airflow/example_dags/example_local_kubernetes_executor.py took 0.180 seconds
[2022-06-08 12:39:35,535] {processor.py:153} INFO - Started process (PID=115726) to work on /home/james/airflowa/lib/python3.8/site-packages/airflow/example_dags/example_local_kubernetes_executor.py
[2022-06-08 12:39:35,537] {processor.py:641} INFO - Processing file /home/james/airflowa/lib/python3.8/site-packages/airflow/example_dags/example_local_kubernetes_executor.py for tasks to queue
[2022-06-08 12:39:35,538] {logging_mixin.py:115} INFO - [2022-06-08 12:39:35,537] {dagbag.py:507} INFO - Filling up the DagBag from /home/james/airflowa/lib/python3.8/site-packages/airflow/example_dags/example_local_kubernetes_executor.py
[2022-06-08 12:39:35,566] {logging_mixin.py:115} INFO - [2022-06-08 12:39:35,565] {example_local_kubernetes_executor.py:37} WARNING - Could not import DAGs in example_local_kubernetes_executor.py
Traceback (most recent call last):
  File "/home/james/airflowa/lib/python3.8/site-packages/airflow/example_dags/example_local_kubernetes_executor.py", line 35, in <module>
    from kubernetes.client import models as k8s
ModuleNotFoundError: No module named 'kubernetes'
[2022-06-08 12:39:35,567] {logging_mixin.py:115} INFO - [2022-06-08 12:39:35,566] {example_local_kubernetes_executor.py:38} WARNING - Install Kubernetes dependencies with: pip install apache-airflow[cncf.kubernetes]
[2022-06-08 12:39:35,567] {processor.py:653} WARNING - No viable dags retrieved from /home/james/airflowa/lib/python3.8/site-packages/airflow/example_dags/example_local_kubernetes_executor.py
[2022-06-08 12:39:35,592] {processor.py:161} INFO - Processing /home/james/airflowa/lib/python3.8/site-packages/airflow/example_dags/example_local_kubernetes_executor.py took 0.063 seconds
[2022-06-08 12:40:28,182] {processor.py:153} INFO - Started process (PID=116456) to work on /home/james/airflowa/lib/python3.8/site-packages/airflow/example_dags/example_local_kubernetes_executor.py
[2022-06-08 12:40:28,183] {processor.py:641} INFO - Processing file /home/james/airflowa/lib/python3.8/site-packages/airflow/example_dags/example_local_kubernetes_executor.py for tasks to queue
[2022-06-08 12:40:28,183] {logging_mixin.py:115} INFO - [2022-06-08 12:40:28,183] {dagbag.py:507} INFO - Filling up the DagBag from /home/james/airflowa/lib/python3.8/site-packages/airflow/example_dags/example_local_kubernetes_executor.py
[2022-06-08 12:40:28,195] {logging_mixin.py:115} INFO - [2022-06-08 12:40:28,195] {example_local_kubernetes_executor.py:37} WARNING - Could not import DAGs in example_local_kubernetes_executor.py
Traceback (most recent call last):
  File "/home/james/airflowa/lib/python3.8/site-packages/airflow/example_dags/example_local_kubernetes_executor.py", line 35, in <module>
    from kubernetes.client import models as k8s
ModuleNotFoundError: No module named 'kubernetes'
[2022-06-08 12:40:28,195] {logging_mixin.py:115} INFO - [2022-06-08 12:40:28,195] {example_local_kubernetes_executor.py:38} WARNING - Install Kubernetes dependencies with: pip install apache-airflow[cncf.kubernetes]
[2022-06-08 12:40:28,195] {processor.py:653} WARNING - No viable dags retrieved from /home/james/airflowa/lib/python3.8/site-packages/airflow/example_dags/example_local_kubernetes_executor.py
[2022-06-08 12:40:28,206] {processor.py:161} INFO - Processing /home/james/airflowa/lib/python3.8/site-packages/airflow/example_dags/example_local_kubernetes_executor.py took 0.026 seconds
[2022-06-08 12:43:07,920] {processor.py:153} INFO - Started process (PID=117211) to work on /home/james/airflowa/lib/python3.8/site-packages/airflow/example_dags/example_local_kubernetes_executor.py
[2022-06-08 12:43:07,921] {processor.py:641} INFO - Processing file /home/james/airflowa/lib/python3.8/site-packages/airflow/example_dags/example_local_kubernetes_executor.py for tasks to queue
[2022-06-08 12:43:07,922] {logging_mixin.py:115} INFO - [2022-06-08 12:43:07,922] {dagbag.py:507} INFO - Filling up the DagBag from /home/james/airflowa/lib/python3.8/site-packages/airflow/example_dags/example_local_kubernetes_executor.py
[2022-06-08 12:43:07,951] {logging_mixin.py:115} INFO - [2022-06-08 12:43:07,950] {example_local_kubernetes_executor.py:37} WARNING - Could not import DAGs in example_local_kubernetes_executor.py
Traceback (most recent call last):
  File "/home/james/airflowa/lib/python3.8/site-packages/airflow/example_dags/example_local_kubernetes_executor.py", line 35, in <module>
    from kubernetes.client import models as k8s
ModuleNotFoundError: No module named 'kubernetes'
[2022-06-08 12:43:07,951] {logging_mixin.py:115} INFO - [2022-06-08 12:43:07,951] {example_local_kubernetes_executor.py:38} WARNING - Install Kubernetes dependencies with: pip install apache-airflow[cncf.kubernetes]
[2022-06-08 12:43:07,951] {processor.py:653} WARNING - No viable dags retrieved from /home/james/airflowa/lib/python3.8/site-packages/airflow/example_dags/example_local_kubernetes_executor.py
[2022-06-08 12:43:07,971] {processor.py:161} INFO - Processing /home/james/airflowa/lib/python3.8/site-packages/airflow/example_dags/example_local_kubernetes_executor.py took 0.058 seconds
[2022-06-08 12:44:55,972] {processor.py:153} INFO - Started process (PID=118061) to work on /home/james/airflowa/lib/python3.8/site-packages/airflow/example_dags/example_local_kubernetes_executor.py
[2022-06-08 12:44:55,973] {processor.py:641} INFO - Processing file /home/james/airflowa/lib/python3.8/site-packages/airflow/example_dags/example_local_kubernetes_executor.py for tasks to queue
[2022-06-08 12:44:55,974] {logging_mixin.py:115} INFO - [2022-06-08 12:44:55,973] {dagbag.py:507} INFO - Filling up the DagBag from /home/james/airflowa/lib/python3.8/site-packages/airflow/example_dags/example_local_kubernetes_executor.py
[2022-06-08 12:44:55,999] {logging_mixin.py:115} INFO - [2022-06-08 12:44:55,998] {example_local_kubernetes_executor.py:37} WARNING - Could not import DAGs in example_local_kubernetes_executor.py
Traceback (most recent call last):
  File "/home/james/airflowa/lib/python3.8/site-packages/airflow/example_dags/example_local_kubernetes_executor.py", line 35, in <module>
    from kubernetes.client import models as k8s
ModuleNotFoundError: No module named 'kubernetes'
[2022-06-08 12:44:55,999] {logging_mixin.py:115} INFO - [2022-06-08 12:44:55,999] {example_local_kubernetes_executor.py:38} WARNING - Install Kubernetes dependencies with: pip install apache-airflow[cncf.kubernetes]
[2022-06-08 12:44:55,999] {processor.py:653} WARNING - No viable dags retrieved from /home/james/airflowa/lib/python3.8/site-packages/airflow/example_dags/example_local_kubernetes_executor.py
[2022-06-08 12:44:56,012] {processor.py:161} INFO - Processing /home/james/airflowa/lib/python3.8/site-packages/airflow/example_dags/example_local_kubernetes_executor.py took 0.044 seconds
[2022-06-08 12:45:40,887] {processor.py:153} INFO - Started process (PID=118286) to work on /home/james/airflowa/lib/python3.8/site-packages/airflow/example_dags/example_local_kubernetes_executor.py
[2022-06-08 12:45:40,888] {processor.py:641} INFO - Processing file /home/james/airflowa/lib/python3.8/site-packages/airflow/example_dags/example_local_kubernetes_executor.py for tasks to queue
[2022-06-08 12:45:40,888] {logging_mixin.py:115} INFO - [2022-06-08 12:45:40,888] {dagbag.py:507} INFO - Filling up the DagBag from /home/james/airflowa/lib/python3.8/site-packages/airflow/example_dags/example_local_kubernetes_executor.py
[2022-06-08 12:45:40,905] {logging_mixin.py:115} INFO - [2022-06-08 12:45:40,904] {example_local_kubernetes_executor.py:37} WARNING - Could not import DAGs in example_local_kubernetes_executor.py
Traceback (most recent call last):
  File "/home/james/airflowa/lib/python3.8/site-packages/airflow/example_dags/example_local_kubernetes_executor.py", line 35, in <module>
    from kubernetes.client import models as k8s
ModuleNotFoundError: No module named 'kubernetes'
[2022-06-08 12:45:40,905] {logging_mixin.py:115} INFO - [2022-06-08 12:45:40,905] {example_local_kubernetes_executor.py:38} WARNING - Install Kubernetes dependencies with: pip install apache-airflow[cncf.kubernetes]
[2022-06-08 12:45:40,905] {processor.py:653} WARNING - No viable dags retrieved from /home/james/airflowa/lib/python3.8/site-packages/airflow/example_dags/example_local_kubernetes_executor.py
[2022-06-08 12:45:40,913] {processor.py:161} INFO - Processing /home/james/airflowa/lib/python3.8/site-packages/airflow/example_dags/example_local_kubernetes_executor.py took 0.028 seconds
[2022-06-08 12:47:04,067] {processor.py:153} INFO - Started process (PID=119244) to work on /home/james/airflowa/lib/python3.8/site-packages/airflow/example_dags/example_local_kubernetes_executor.py
[2022-06-08 12:47:04,081] {processor.py:641} INFO - Processing file /home/james/airflowa/lib/python3.8/site-packages/airflow/example_dags/example_local_kubernetes_executor.py for tasks to queue
[2022-06-08 12:47:04,082] {logging_mixin.py:115} INFO - [2022-06-08 12:47:04,082] {dagbag.py:507} INFO - Filling up the DagBag from /home/james/airflowa/lib/python3.8/site-packages/airflow/example_dags/example_local_kubernetes_executor.py
[2022-06-08 12:47:04,217] {logging_mixin.py:115} INFO - [2022-06-08 12:47:04,216] {example_local_kubernetes_executor.py:37} WARNING - Could not import DAGs in example_local_kubernetes_executor.py
Traceback (most recent call last):
  File "/home/james/airflowa/lib/python3.8/site-packages/airflow/example_dags/example_local_kubernetes_executor.py", line 35, in <module>
    from kubernetes.client import models as k8s
ModuleNotFoundError: No module named 'kubernetes'
[2022-06-08 12:47:04,217] {logging_mixin.py:115} INFO - [2022-06-08 12:47:04,217] {example_local_kubernetes_executor.py:38} WARNING - Install Kubernetes dependencies with: pip install apache-airflow[cncf.kubernetes]
[2022-06-08 12:47:04,218] {processor.py:653} WARNING - No viable dags retrieved from /home/james/airflowa/lib/python3.8/site-packages/airflow/example_dags/example_local_kubernetes_executor.py
[2022-06-08 12:47:04,273] {processor.py:161} INFO - Processing /home/james/airflowa/lib/python3.8/site-packages/airflow/example_dags/example_local_kubernetes_executor.py took 0.214 seconds
[2022-06-08 12:48:23,072] {processor.py:153} INFO - Started process (PID=119630) to work on /home/james/airflowa/lib/python3.8/site-packages/airflow/example_dags/example_local_kubernetes_executor.py
[2022-06-08 12:48:23,073] {processor.py:641} INFO - Processing file /home/james/airflowa/lib/python3.8/site-packages/airflow/example_dags/example_local_kubernetes_executor.py for tasks to queue
[2022-06-08 12:48:23,073] {logging_mixin.py:115} INFO - [2022-06-08 12:48:23,073] {dagbag.py:507} INFO - Filling up the DagBag from /home/james/airflowa/lib/python3.8/site-packages/airflow/example_dags/example_local_kubernetes_executor.py
[2022-06-08 12:48:23,090] {logging_mixin.py:115} INFO - [2022-06-08 12:48:23,090] {example_local_kubernetes_executor.py:37} WARNING - Could not import DAGs in example_local_kubernetes_executor.py
Traceback (most recent call last):
  File "/home/james/airflowa/lib/python3.8/site-packages/airflow/example_dags/example_local_kubernetes_executor.py", line 35, in <module>
    from kubernetes.client import models as k8s
ModuleNotFoundError: No module named 'kubernetes'
[2022-06-08 12:48:23,090] {logging_mixin.py:115} INFO - [2022-06-08 12:48:23,090] {example_local_kubernetes_executor.py:38} WARNING - Install Kubernetes dependencies with: pip install apache-airflow[cncf.kubernetes]
[2022-06-08 12:48:23,091] {processor.py:653} WARNING - No viable dags retrieved from /home/james/airflowa/lib/python3.8/site-packages/airflow/example_dags/example_local_kubernetes_executor.py
[2022-06-08 12:48:23,098] {processor.py:161} INFO - Processing /home/james/airflowa/lib/python3.8/site-packages/airflow/example_dags/example_local_kubernetes_executor.py took 0.029 seconds
[2022-06-08 12:49:13,681] {processor.py:153} INFO - Started process (PID=120138) to work on /home/james/airflowa/lib/python3.8/site-packages/airflow/example_dags/example_local_kubernetes_executor.py
[2022-06-08 12:49:13,683] {processor.py:641} INFO - Processing file /home/james/airflowa/lib/python3.8/site-packages/airflow/example_dags/example_local_kubernetes_executor.py for tasks to queue
[2022-06-08 12:49:13,684] {logging_mixin.py:115} INFO - [2022-06-08 12:49:13,683] {dagbag.py:507} INFO - Filling up the DagBag from /home/james/airflowa/lib/python3.8/site-packages/airflow/example_dags/example_local_kubernetes_executor.py
[2022-06-08 12:49:13,707] {logging_mixin.py:115} INFO - [2022-06-08 12:49:13,706] {example_local_kubernetes_executor.py:37} WARNING - Could not import DAGs in example_local_kubernetes_executor.py
Traceback (most recent call last):
  File "/home/james/airflowa/lib/python3.8/site-packages/airflow/example_dags/example_local_kubernetes_executor.py", line 35, in <module>
    from kubernetes.client import models as k8s
ModuleNotFoundError: No module named 'kubernetes'
[2022-06-08 12:49:13,707] {logging_mixin.py:115} INFO - [2022-06-08 12:49:13,707] {example_local_kubernetes_executor.py:38} WARNING - Install Kubernetes dependencies with: pip install apache-airflow[cncf.kubernetes]
[2022-06-08 12:49:13,707] {processor.py:653} WARNING - No viable dags retrieved from /home/james/airflowa/lib/python3.8/site-packages/airflow/example_dags/example_local_kubernetes_executor.py
[2022-06-08 12:49:13,722] {processor.py:161} INFO - Processing /home/james/airflowa/lib/python3.8/site-packages/airflow/example_dags/example_local_kubernetes_executor.py took 0.044 seconds
[2022-06-08 12:52:08,002] {processor.py:153} INFO - Started process (PID=121365) to work on /home/james/airflowa/lib/python3.8/site-packages/airflow/example_dags/example_local_kubernetes_executor.py
[2022-06-08 12:52:08,003] {processor.py:641} INFO - Processing file /home/james/airflowa/lib/python3.8/site-packages/airflow/example_dags/example_local_kubernetes_executor.py for tasks to queue
[2022-06-08 12:52:08,005] {logging_mixin.py:115} INFO - [2022-06-08 12:52:08,005] {dagbag.py:507} INFO - Filling up the DagBag from /home/james/airflowa/lib/python3.8/site-packages/airflow/example_dags/example_local_kubernetes_executor.py
[2022-06-08 12:52:08,052] {logging_mixin.py:115} INFO - [2022-06-08 12:52:08,052] {example_local_kubernetes_executor.py:37} WARNING - Could not import DAGs in example_local_kubernetes_executor.py
Traceback (most recent call last):
  File "/home/james/airflowa/lib/python3.8/site-packages/airflow/example_dags/example_local_kubernetes_executor.py", line 35, in <module>
    from kubernetes.client import models as k8s
ModuleNotFoundError: No module named 'kubernetes'
[2022-06-08 12:52:08,053] {logging_mixin.py:115} INFO - [2022-06-08 12:52:08,053] {example_local_kubernetes_executor.py:38} WARNING - Install Kubernetes dependencies with: pip install apache-airflow[cncf.kubernetes]
[2022-06-08 12:52:08,053] {processor.py:653} WARNING - No viable dags retrieved from /home/james/airflowa/lib/python3.8/site-packages/airflow/example_dags/example_local_kubernetes_executor.py
[2022-06-08 12:52:08,075] {processor.py:161} INFO - Processing /home/james/airflowa/lib/python3.8/site-packages/airflow/example_dags/example_local_kubernetes_executor.py took 0.083 seconds
[2022-06-08 12:53:10,451] {processor.py:153} INFO - Started process (PID=121730) to work on /home/james/airflowa/lib/python3.8/site-packages/airflow/example_dags/example_local_kubernetes_executor.py
[2022-06-08 12:53:10,452] {processor.py:641} INFO - Processing file /home/james/airflowa/lib/python3.8/site-packages/airflow/example_dags/example_local_kubernetes_executor.py for tasks to queue
[2022-06-08 12:53:10,453] {logging_mixin.py:115} INFO - [2022-06-08 12:53:10,453] {dagbag.py:507} INFO - Filling up the DagBag from /home/james/airflowa/lib/python3.8/site-packages/airflow/example_dags/example_local_kubernetes_executor.py
[2022-06-08 12:53:10,488] {logging_mixin.py:115} INFO - [2022-06-08 12:53:10,487] {example_local_kubernetes_executor.py:37} WARNING - Could not import DAGs in example_local_kubernetes_executor.py
Traceback (most recent call last):
  File "/home/james/airflowa/lib/python3.8/site-packages/airflow/example_dags/example_local_kubernetes_executor.py", line 35, in <module>
    from kubernetes.client import models as k8s
ModuleNotFoundError: No module named 'kubernetes'
[2022-06-08 12:53:10,488] {logging_mixin.py:115} INFO - [2022-06-08 12:53:10,488] {example_local_kubernetes_executor.py:38} WARNING - Install Kubernetes dependencies with: pip install apache-airflow[cncf.kubernetes]
[2022-06-08 12:53:10,488] {processor.py:653} WARNING - No viable dags retrieved from /home/james/airflowa/lib/python3.8/site-packages/airflow/example_dags/example_local_kubernetes_executor.py
[2022-06-08 12:53:10,511] {processor.py:161} INFO - Processing /home/james/airflowa/lib/python3.8/site-packages/airflow/example_dags/example_local_kubernetes_executor.py took 0.066 seconds
[2022-06-08 12:54:01,390] {processor.py:153} INFO - Started process (PID=122214) to work on /home/james/airflowa/lib/python3.8/site-packages/airflow/example_dags/example_local_kubernetes_executor.py
[2022-06-08 12:54:01,391] {processor.py:641} INFO - Processing file /home/james/airflowa/lib/python3.8/site-packages/airflow/example_dags/example_local_kubernetes_executor.py for tasks to queue
[2022-06-08 12:54:01,392] {logging_mixin.py:115} INFO - [2022-06-08 12:54:01,392] {dagbag.py:507} INFO - Filling up the DagBag from /home/james/airflowa/lib/python3.8/site-packages/airflow/example_dags/example_local_kubernetes_executor.py
[2022-06-08 12:54:01,429] {logging_mixin.py:115} INFO - [2022-06-08 12:54:01,428] {example_local_kubernetes_executor.py:37} WARNING - Could not import DAGs in example_local_kubernetes_executor.py
Traceback (most recent call last):
  File "/home/james/airflowa/lib/python3.8/site-packages/airflow/example_dags/example_local_kubernetes_executor.py", line 35, in <module>
    from kubernetes.client import models as k8s
ModuleNotFoundError: No module named 'kubernetes'
[2022-06-08 12:54:01,429] {logging_mixin.py:115} INFO - [2022-06-08 12:54:01,429] {example_local_kubernetes_executor.py:38} WARNING - Install Kubernetes dependencies with: pip install apache-airflow[cncf.kubernetes]
[2022-06-08 12:54:01,430] {processor.py:653} WARNING - No viable dags retrieved from /home/james/airflowa/lib/python3.8/site-packages/airflow/example_dags/example_local_kubernetes_executor.py
[2022-06-08 12:54:01,456] {processor.py:161} INFO - Processing /home/james/airflowa/lib/python3.8/site-packages/airflow/example_dags/example_local_kubernetes_executor.py took 0.072 seconds
[2022-06-08 12:55:45,185] {processor.py:153} INFO - Started process (PID=122779) to work on /home/james/airflowa/lib/python3.8/site-packages/airflow/example_dags/example_local_kubernetes_executor.py
[2022-06-08 12:55:45,187] {processor.py:641} INFO - Processing file /home/james/airflowa/lib/python3.8/site-packages/airflow/example_dags/example_local_kubernetes_executor.py for tasks to queue
[2022-06-08 12:55:45,188] {logging_mixin.py:115} INFO - [2022-06-08 12:55:45,188] {dagbag.py:507} INFO - Filling up the DagBag from /home/james/airflowa/lib/python3.8/site-packages/airflow/example_dags/example_local_kubernetes_executor.py
[2022-06-08 12:55:45,217] {logging_mixin.py:115} INFO - [2022-06-08 12:55:45,216] {example_local_kubernetes_executor.py:37} WARNING - Could not import DAGs in example_local_kubernetes_executor.py
Traceback (most recent call last):
  File "/home/james/airflowa/lib/python3.8/site-packages/airflow/example_dags/example_local_kubernetes_executor.py", line 35, in <module>
    from kubernetes.client import models as k8s
ModuleNotFoundError: No module named 'kubernetes'
[2022-06-08 12:55:45,217] {logging_mixin.py:115} INFO - [2022-06-08 12:55:45,217] {example_local_kubernetes_executor.py:38} WARNING - Install Kubernetes dependencies with: pip install apache-airflow[cncf.kubernetes]
[2022-06-08 12:55:45,218] {processor.py:653} WARNING - No viable dags retrieved from /home/james/airflowa/lib/python3.8/site-packages/airflow/example_dags/example_local_kubernetes_executor.py
[2022-06-08 12:55:45,236] {processor.py:161} INFO - Processing /home/james/airflowa/lib/python3.8/site-packages/airflow/example_dags/example_local_kubernetes_executor.py took 0.055 seconds
[2022-06-08 12:56:55,892] {processor.py:153} INFO - Started process (PID=123127) to work on /home/james/airflowa/lib/python3.8/site-packages/airflow/example_dags/example_local_kubernetes_executor.py
[2022-06-08 12:56:55,894] {processor.py:641} INFO - Processing file /home/james/airflowa/lib/python3.8/site-packages/airflow/example_dags/example_local_kubernetes_executor.py for tasks to queue
[2022-06-08 12:56:55,894] {logging_mixin.py:115} INFO - [2022-06-08 12:56:55,894] {dagbag.py:507} INFO - Filling up the DagBag from /home/james/airflowa/lib/python3.8/site-packages/airflow/example_dags/example_local_kubernetes_executor.py
[2022-06-08 12:56:55,914] {logging_mixin.py:115} INFO - [2022-06-08 12:56:55,913] {example_local_kubernetes_executor.py:37} WARNING - Could not import DAGs in example_local_kubernetes_executor.py
Traceback (most recent call last):
  File "/home/james/airflowa/lib/python3.8/site-packages/airflow/example_dags/example_local_kubernetes_executor.py", line 35, in <module>
    from kubernetes.client import models as k8s
ModuleNotFoundError: No module named 'kubernetes'
[2022-06-08 12:56:55,914] {logging_mixin.py:115} INFO - [2022-06-08 12:56:55,914] {example_local_kubernetes_executor.py:38} WARNING - Install Kubernetes dependencies with: pip install apache-airflow[cncf.kubernetes]
[2022-06-08 12:56:55,914] {processor.py:653} WARNING - No viable dags retrieved from /home/james/airflowa/lib/python3.8/site-packages/airflow/example_dags/example_local_kubernetes_executor.py
[2022-06-08 12:56:55,925] {processor.py:161} INFO - Processing /home/james/airflowa/lib/python3.8/site-packages/airflow/example_dags/example_local_kubernetes_executor.py took 0.036 seconds
[2022-06-08 12:58:12,741] {processor.py:153} INFO - Started process (PID=123531) to work on /home/james/airflowa/lib/python3.8/site-packages/airflow/example_dags/example_local_kubernetes_executor.py
[2022-06-08 12:58:12,742] {processor.py:641} INFO - Processing file /home/james/airflowa/lib/python3.8/site-packages/airflow/example_dags/example_local_kubernetes_executor.py for tasks to queue
[2022-06-08 12:58:12,742] {logging_mixin.py:115} INFO - [2022-06-08 12:58:12,742] {dagbag.py:507} INFO - Filling up the DagBag from /home/james/airflowa/lib/python3.8/site-packages/airflow/example_dags/example_local_kubernetes_executor.py
[2022-06-08 12:58:12,755] {logging_mixin.py:115} INFO - [2022-06-08 12:58:12,754] {example_local_kubernetes_executor.py:37} WARNING - Could not import DAGs in example_local_kubernetes_executor.py
Traceback (most recent call last):
  File "/home/james/airflowa/lib/python3.8/site-packages/airflow/example_dags/example_local_kubernetes_executor.py", line 35, in <module>
    from kubernetes.client import models as k8s
ModuleNotFoundError: No module named 'kubernetes'
[2022-06-08 12:58:12,755] {logging_mixin.py:115} INFO - [2022-06-08 12:58:12,755] {example_local_kubernetes_executor.py:38} WARNING - Install Kubernetes dependencies with: pip install apache-airflow[cncf.kubernetes]
[2022-06-08 12:58:12,755] {processor.py:653} WARNING - No viable dags retrieved from /home/james/airflowa/lib/python3.8/site-packages/airflow/example_dags/example_local_kubernetes_executor.py
[2022-06-08 12:58:12,763] {processor.py:161} INFO - Processing /home/james/airflowa/lib/python3.8/site-packages/airflow/example_dags/example_local_kubernetes_executor.py took 0.024 seconds
[2022-06-08 12:58:56,353] {processor.py:153} INFO - Started process (PID=123885) to work on /home/james/airflowa/lib/python3.8/site-packages/airflow/example_dags/example_local_kubernetes_executor.py
[2022-06-08 12:58:56,353] {processor.py:641} INFO - Processing file /home/james/airflowa/lib/python3.8/site-packages/airflow/example_dags/example_local_kubernetes_executor.py for tasks to queue
[2022-06-08 12:58:56,354] {logging_mixin.py:115} INFO - [2022-06-08 12:58:56,354] {dagbag.py:507} INFO - Filling up the DagBag from /home/james/airflowa/lib/python3.8/site-packages/airflow/example_dags/example_local_kubernetes_executor.py
[2022-06-08 12:58:56,370] {logging_mixin.py:115} INFO - [2022-06-08 12:58:56,370] {example_local_kubernetes_executor.py:37} WARNING - Could not import DAGs in example_local_kubernetes_executor.py
Traceback (most recent call last):
  File "/home/james/airflowa/lib/python3.8/site-packages/airflow/example_dags/example_local_kubernetes_executor.py", line 35, in <module>
    from kubernetes.client import models as k8s
ModuleNotFoundError: No module named 'kubernetes'
[2022-06-08 12:58:56,371] {logging_mixin.py:115} INFO - [2022-06-08 12:58:56,370] {example_local_kubernetes_executor.py:38} WARNING - Install Kubernetes dependencies with: pip install apache-airflow[cncf.kubernetes]
[2022-06-08 12:58:56,371] {processor.py:653} WARNING - No viable dags retrieved from /home/james/airflowa/lib/python3.8/site-packages/airflow/example_dags/example_local_kubernetes_executor.py
[2022-06-08 12:58:56,381] {processor.py:161} INFO - Processing /home/james/airflowa/lib/python3.8/site-packages/airflow/example_dags/example_local_kubernetes_executor.py took 0.030 seconds
[2022-06-08 12:59:37,206] {processor.py:153} INFO - Started process (PID=124137) to work on /home/james/airflowa/lib/python3.8/site-packages/airflow/example_dags/example_local_kubernetes_executor.py
[2022-06-08 12:59:37,207] {processor.py:641} INFO - Processing file /home/james/airflowa/lib/python3.8/site-packages/airflow/example_dags/example_local_kubernetes_executor.py for tasks to queue
[2022-06-08 12:59:37,208] {logging_mixin.py:115} INFO - [2022-06-08 12:59:37,207] {dagbag.py:507} INFO - Filling up the DagBag from /home/james/airflowa/lib/python3.8/site-packages/airflow/example_dags/example_local_kubernetes_executor.py
[2022-06-08 12:59:37,221] {logging_mixin.py:115} INFO - [2022-06-08 12:59:37,220] {example_local_kubernetes_executor.py:37} WARNING - Could not import DAGs in example_local_kubernetes_executor.py
Traceback (most recent call last):
  File "/home/james/airflowa/lib/python3.8/site-packages/airflow/example_dags/example_local_kubernetes_executor.py", line 35, in <module>
    from kubernetes.client import models as k8s
ModuleNotFoundError: No module named 'kubernetes'
[2022-06-08 12:59:37,221] {logging_mixin.py:115} INFO - [2022-06-08 12:59:37,221] {example_local_kubernetes_executor.py:38} WARNING - Install Kubernetes dependencies with: pip install apache-airflow[cncf.kubernetes]
[2022-06-08 12:59:37,221] {processor.py:653} WARNING - No viable dags retrieved from /home/james/airflowa/lib/python3.8/site-packages/airflow/example_dags/example_local_kubernetes_executor.py
[2022-06-08 12:59:37,229] {processor.py:161} INFO - Processing /home/james/airflowa/lib/python3.8/site-packages/airflow/example_dags/example_local_kubernetes_executor.py took 0.027 seconds
[2022-06-08 13:00:18,688] {processor.py:153} INFO - Started process (PID=124862) to work on /home/james/airflowa/lib/python3.8/site-packages/airflow/example_dags/example_local_kubernetes_executor.py
[2022-06-08 13:00:18,689] {processor.py:641} INFO - Processing file /home/james/airflowa/lib/python3.8/site-packages/airflow/example_dags/example_local_kubernetes_executor.py for tasks to queue
[2022-06-08 13:00:18,690] {logging_mixin.py:115} INFO - [2022-06-08 13:00:18,690] {dagbag.py:507} INFO - Filling up the DagBag from /home/james/airflowa/lib/python3.8/site-packages/airflow/example_dags/example_local_kubernetes_executor.py
[2022-06-08 13:00:18,702] {logging_mixin.py:115} INFO - [2022-06-08 13:00:18,702] {example_local_kubernetes_executor.py:37} WARNING - Could not import DAGs in example_local_kubernetes_executor.py
Traceback (most recent call last):
  File "/home/james/airflowa/lib/python3.8/site-packages/airflow/example_dags/example_local_kubernetes_executor.py", line 35, in <module>
    from kubernetes.client import models as k8s
ModuleNotFoundError: No module named 'kubernetes'
[2022-06-08 13:00:18,702] {logging_mixin.py:115} INFO - [2022-06-08 13:00:18,702] {example_local_kubernetes_executor.py:38} WARNING - Install Kubernetes dependencies with: pip install apache-airflow[cncf.kubernetes]
[2022-06-08 13:00:18,702] {processor.py:653} WARNING - No viable dags retrieved from /home/james/airflowa/lib/python3.8/site-packages/airflow/example_dags/example_local_kubernetes_executor.py
[2022-06-08 13:00:18,711] {processor.py:161} INFO - Processing /home/james/airflowa/lib/python3.8/site-packages/airflow/example_dags/example_local_kubernetes_executor.py took 0.024 seconds
[2022-06-08 13:01:03,991] {processor.py:153} INFO - Started process (PID=125076) to work on /home/james/airflowa/lib/python3.8/site-packages/airflow/example_dags/example_local_kubernetes_executor.py
[2022-06-08 13:01:03,992] {processor.py:641} INFO - Processing file /home/james/airflowa/lib/python3.8/site-packages/airflow/example_dags/example_local_kubernetes_executor.py for tasks to queue
[2022-06-08 13:01:03,992] {logging_mixin.py:115} INFO - [2022-06-08 13:01:03,992] {dagbag.py:507} INFO - Filling up the DagBag from /home/james/airflowa/lib/python3.8/site-packages/airflow/example_dags/example_local_kubernetes_executor.py
[2022-06-08 13:01:04,005] {logging_mixin.py:115} INFO - [2022-06-08 13:01:04,005] {example_local_kubernetes_executor.py:37} WARNING - Could not import DAGs in example_local_kubernetes_executor.py
Traceback (most recent call last):
  File "/home/james/airflowa/lib/python3.8/site-packages/airflow/example_dags/example_local_kubernetes_executor.py", line 35, in <module>
    from kubernetes.client import models as k8s
ModuleNotFoundError: No module named 'kubernetes'
[2022-06-08 13:01:04,006] {logging_mixin.py:115} INFO - [2022-06-08 13:01:04,005] {example_local_kubernetes_executor.py:38} WARNING - Install Kubernetes dependencies with: pip install apache-airflow[cncf.kubernetes]
[2022-06-08 13:01:04,006] {processor.py:653} WARNING - No viable dags retrieved from /home/james/airflowa/lib/python3.8/site-packages/airflow/example_dags/example_local_kubernetes_executor.py
[2022-06-08 13:01:04,013] {processor.py:161} INFO - Processing /home/james/airflowa/lib/python3.8/site-packages/airflow/example_dags/example_local_kubernetes_executor.py took 0.025 seconds
[2022-06-08 13:02:00,966] {processor.py:153} INFO - Started process (PID=125435) to work on /home/james/airflowa/lib/python3.8/site-packages/airflow/example_dags/example_local_kubernetes_executor.py
[2022-06-08 13:02:00,967] {processor.py:641} INFO - Processing file /home/james/airflowa/lib/python3.8/site-packages/airflow/example_dags/example_local_kubernetes_executor.py for tasks to queue
[2022-06-08 13:02:00,967] {logging_mixin.py:115} INFO - [2022-06-08 13:02:00,967] {dagbag.py:507} INFO - Filling up the DagBag from /home/james/airflowa/lib/python3.8/site-packages/airflow/example_dags/example_local_kubernetes_executor.py
[2022-06-08 13:02:00,983] {logging_mixin.py:115} INFO - [2022-06-08 13:02:00,983] {example_local_kubernetes_executor.py:37} WARNING - Could not import DAGs in example_local_kubernetes_executor.py
Traceback (most recent call last):
  File "/home/james/airflowa/lib/python3.8/site-packages/airflow/example_dags/example_local_kubernetes_executor.py", line 35, in <module>
    from kubernetes.client import models as k8s
ModuleNotFoundError: No module named 'kubernetes'
[2022-06-08 13:02:00,983] {logging_mixin.py:115} INFO - [2022-06-08 13:02:00,983] {example_local_kubernetes_executor.py:38} WARNING - Install Kubernetes dependencies with: pip install apache-airflow[cncf.kubernetes]
[2022-06-08 13:02:00,984] {processor.py:653} WARNING - No viable dags retrieved from /home/james/airflowa/lib/python3.8/site-packages/airflow/example_dags/example_local_kubernetes_executor.py
[2022-06-08 13:02:00,991] {processor.py:161} INFO - Processing /home/james/airflowa/lib/python3.8/site-packages/airflow/example_dags/example_local_kubernetes_executor.py took 0.027 seconds
[2022-06-08 13:03:00,033] {processor.py:153} INFO - Started process (PID=125725) to work on /home/james/airflowa/lib/python3.8/site-packages/airflow/example_dags/example_local_kubernetes_executor.py
[2022-06-08 13:03:00,034] {processor.py:641} INFO - Processing file /home/james/airflowa/lib/python3.8/site-packages/airflow/example_dags/example_local_kubernetes_executor.py for tasks to queue
[2022-06-08 13:03:00,035] {logging_mixin.py:115} INFO - [2022-06-08 13:03:00,035] {dagbag.py:507} INFO - Filling up the DagBag from /home/james/airflowa/lib/python3.8/site-packages/airflow/example_dags/example_local_kubernetes_executor.py
[2022-06-08 13:03:00,050] {logging_mixin.py:115} INFO - [2022-06-08 13:03:00,050] {example_local_kubernetes_executor.py:37} WARNING - Could not import DAGs in example_local_kubernetes_executor.py
Traceback (most recent call last):
  File "/home/james/airflowa/lib/python3.8/site-packages/airflow/example_dags/example_local_kubernetes_executor.py", line 35, in <module>
    from kubernetes.client import models as k8s
ModuleNotFoundError: No module named 'kubernetes'
[2022-06-08 13:03:00,050] {logging_mixin.py:115} INFO - [2022-06-08 13:03:00,050] {example_local_kubernetes_executor.py:38} WARNING - Install Kubernetes dependencies with: pip install apache-airflow[cncf.kubernetes]
[2022-06-08 13:03:00,050] {processor.py:653} WARNING - No viable dags retrieved from /home/james/airflowa/lib/python3.8/site-packages/airflow/example_dags/example_local_kubernetes_executor.py
[2022-06-08 13:03:00,060] {processor.py:161} INFO - Processing /home/james/airflowa/lib/python3.8/site-packages/airflow/example_dags/example_local_kubernetes_executor.py took 0.030 seconds
[2022-06-08 13:03:58,798] {processor.py:153} INFO - Started process (PID=126182) to work on /home/james/airflowa/lib/python3.8/site-packages/airflow/example_dags/example_local_kubernetes_executor.py
[2022-06-08 13:03:58,799] {processor.py:641} INFO - Processing file /home/james/airflowa/lib/python3.8/site-packages/airflow/example_dags/example_local_kubernetes_executor.py for tasks to queue
[2022-06-08 13:03:58,800] {logging_mixin.py:115} INFO - [2022-06-08 13:03:58,800] {dagbag.py:507} INFO - Filling up the DagBag from /home/james/airflowa/lib/python3.8/site-packages/airflow/example_dags/example_local_kubernetes_executor.py
[2022-06-08 13:03:58,813] {logging_mixin.py:115} INFO - [2022-06-08 13:03:58,812] {example_local_kubernetes_executor.py:37} WARNING - Could not import DAGs in example_local_kubernetes_executor.py
Traceback (most recent call last):
  File "/home/james/airflowa/lib/python3.8/site-packages/airflow/example_dags/example_local_kubernetes_executor.py", line 35, in <module>
    from kubernetes.client import models as k8s
ModuleNotFoundError: No module named 'kubernetes'
[2022-06-08 13:03:58,813] {logging_mixin.py:115} INFO - [2022-06-08 13:03:58,813] {example_local_kubernetes_executor.py:38} WARNING - Install Kubernetes dependencies with: pip install apache-airflow[cncf.kubernetes]
[2022-06-08 13:03:58,813] {processor.py:653} WARNING - No viable dags retrieved from /home/james/airflowa/lib/python3.8/site-packages/airflow/example_dags/example_local_kubernetes_executor.py
[2022-06-08 13:03:58,821] {processor.py:161} INFO - Processing /home/james/airflowa/lib/python3.8/site-packages/airflow/example_dags/example_local_kubernetes_executor.py took 0.026 seconds
[2022-06-08 13:04:35,920] {processor.py:153} INFO - Started process (PID=126397) to work on /home/james/airflowa/lib/python3.8/site-packages/airflow/example_dags/example_local_kubernetes_executor.py
[2022-06-08 13:04:35,921] {processor.py:641} INFO - Processing file /home/james/airflowa/lib/python3.8/site-packages/airflow/example_dags/example_local_kubernetes_executor.py for tasks to queue
[2022-06-08 13:04:35,921] {logging_mixin.py:115} INFO - [2022-06-08 13:04:35,921] {dagbag.py:507} INFO - Filling up the DagBag from /home/james/airflowa/lib/python3.8/site-packages/airflow/example_dags/example_local_kubernetes_executor.py
[2022-06-08 13:04:35,932] {logging_mixin.py:115} INFO - [2022-06-08 13:04:35,932] {example_local_kubernetes_executor.py:37} WARNING - Could not import DAGs in example_local_kubernetes_executor.py
Traceback (most recent call last):
  File "/home/james/airflowa/lib/python3.8/site-packages/airflow/example_dags/example_local_kubernetes_executor.py", line 35, in <module>
    from kubernetes.client import models as k8s
ModuleNotFoundError: No module named 'kubernetes'
[2022-06-08 13:04:35,932] {logging_mixin.py:115} INFO - [2022-06-08 13:04:35,932] {example_local_kubernetes_executor.py:38} WARNING - Install Kubernetes dependencies with: pip install apache-airflow[cncf.kubernetes]
[2022-06-08 13:04:35,932] {processor.py:653} WARNING - No viable dags retrieved from /home/james/airflowa/lib/python3.8/site-packages/airflow/example_dags/example_local_kubernetes_executor.py
[2022-06-08 13:04:35,940] {processor.py:161} INFO - Processing /home/james/airflowa/lib/python3.8/site-packages/airflow/example_dags/example_local_kubernetes_executor.py took 0.023 seconds
[2022-06-08 13:05:33,390] {processor.py:153} INFO - Started process (PID=126620) to work on /home/james/airflowa/lib/python3.8/site-packages/airflow/example_dags/example_local_kubernetes_executor.py
[2022-06-08 13:05:33,391] {processor.py:641} INFO - Processing file /home/james/airflowa/lib/python3.8/site-packages/airflow/example_dags/example_local_kubernetes_executor.py for tasks to queue
[2022-06-08 13:05:33,391] {logging_mixin.py:115} INFO - [2022-06-08 13:05:33,391] {dagbag.py:507} INFO - Filling up the DagBag from /home/james/airflowa/lib/python3.8/site-packages/airflow/example_dags/example_local_kubernetes_executor.py
[2022-06-08 13:05:33,407] {logging_mixin.py:115} INFO - [2022-06-08 13:05:33,406] {example_local_kubernetes_executor.py:37} WARNING - Could not import DAGs in example_local_kubernetes_executor.py
Traceback (most recent call last):
  File "/home/james/airflowa/lib/python3.8/site-packages/airflow/example_dags/example_local_kubernetes_executor.py", line 35, in <module>
    from kubernetes.client import models as k8s
ModuleNotFoundError: No module named 'kubernetes'
[2022-06-08 13:05:33,407] {logging_mixin.py:115} INFO - [2022-06-08 13:05:33,407] {example_local_kubernetes_executor.py:38} WARNING - Install Kubernetes dependencies with: pip install apache-airflow[cncf.kubernetes]
[2022-06-08 13:05:33,407] {processor.py:653} WARNING - No viable dags retrieved from /home/james/airflowa/lib/python3.8/site-packages/airflow/example_dags/example_local_kubernetes_executor.py
[2022-06-08 13:05:33,415] {processor.py:161} INFO - Processing /home/james/airflowa/lib/python3.8/site-packages/airflow/example_dags/example_local_kubernetes_executor.py took 0.029 seconds
[2022-06-08 13:06:15,771] {processor.py:153} INFO - Started process (PID=126840) to work on /home/james/airflowa/lib/python3.8/site-packages/airflow/example_dags/example_local_kubernetes_executor.py
[2022-06-08 13:06:15,771] {processor.py:641} INFO - Processing file /home/james/airflowa/lib/python3.8/site-packages/airflow/example_dags/example_local_kubernetes_executor.py for tasks to queue
[2022-06-08 13:06:15,772] {logging_mixin.py:115} INFO - [2022-06-08 13:06:15,772] {dagbag.py:507} INFO - Filling up the DagBag from /home/james/airflowa/lib/python3.8/site-packages/airflow/example_dags/example_local_kubernetes_executor.py
[2022-06-08 13:06:15,784] {logging_mixin.py:115} INFO - [2022-06-08 13:06:15,783] {example_local_kubernetes_executor.py:37} WARNING - Could not import DAGs in example_local_kubernetes_executor.py
Traceback (most recent call last):
  File "/home/james/airflowa/lib/python3.8/site-packages/airflow/example_dags/example_local_kubernetes_executor.py", line 35, in <module>
    from kubernetes.client import models as k8s
ModuleNotFoundError: No module named 'kubernetes'
[2022-06-08 13:06:15,784] {logging_mixin.py:115} INFO - [2022-06-08 13:06:15,784] {example_local_kubernetes_executor.py:38} WARNING - Install Kubernetes dependencies with: pip install apache-airflow[cncf.kubernetes]
[2022-06-08 13:06:15,784] {processor.py:653} WARNING - No viable dags retrieved from /home/james/airflowa/lib/python3.8/site-packages/airflow/example_dags/example_local_kubernetes_executor.py
[2022-06-08 13:06:15,792] {processor.py:161} INFO - Processing /home/james/airflowa/lib/python3.8/site-packages/airflow/example_dags/example_local_kubernetes_executor.py took 0.023 seconds
[2022-06-08 13:06:59,669] {processor.py:153} INFO - Started process (PID=127036) to work on /home/james/airflowa/lib/python3.8/site-packages/airflow/example_dags/example_local_kubernetes_executor.py
[2022-06-08 13:06:59,670] {processor.py:641} INFO - Processing file /home/james/airflowa/lib/python3.8/site-packages/airflow/example_dags/example_local_kubernetes_executor.py for tasks to queue
[2022-06-08 13:06:59,671] {logging_mixin.py:115} INFO - [2022-06-08 13:06:59,671] {dagbag.py:507} INFO - Filling up the DagBag from /home/james/airflowa/lib/python3.8/site-packages/airflow/example_dags/example_local_kubernetes_executor.py
[2022-06-08 13:06:59,687] {logging_mixin.py:115} INFO - [2022-06-08 13:06:59,687] {example_local_kubernetes_executor.py:37} WARNING - Could not import DAGs in example_local_kubernetes_executor.py
Traceback (most recent call last):
  File "/home/james/airflowa/lib/python3.8/site-packages/airflow/example_dags/example_local_kubernetes_executor.py", line 35, in <module>
    from kubernetes.client import models as k8s
ModuleNotFoundError: No module named 'kubernetes'
[2022-06-08 13:06:59,687] {logging_mixin.py:115} INFO - [2022-06-08 13:06:59,687] {example_local_kubernetes_executor.py:38} WARNING - Install Kubernetes dependencies with: pip install apache-airflow[cncf.kubernetes]
[2022-06-08 13:06:59,688] {processor.py:653} WARNING - No viable dags retrieved from /home/james/airflowa/lib/python3.8/site-packages/airflow/example_dags/example_local_kubernetes_executor.py
[2022-06-08 13:06:59,698] {processor.py:161} INFO - Processing /home/james/airflowa/lib/python3.8/site-packages/airflow/example_dags/example_local_kubernetes_executor.py took 0.032 seconds
