[2022-06-08 09:04:05,053] {processor.py:153} INFO - Started process (PID=23766) to work on /home/james/airflowa/lib/python3.8/site-packages/airflow/example_dags/example_sla_dag.py
[2022-06-08 09:04:05,053] {processor.py:641} INFO - Processing file /home/james/airflowa/lib/python3.8/site-packages/airflow/example_dags/example_sla_dag.py for tasks to queue
[2022-06-08 09:04:05,054] {logging_mixin.py:115} INFO - [2022-06-08 09:04:05,053] {dagbag.py:507} INFO - Filling up the DagBag from /home/james/airflowa/lib/python3.8/site-packages/airflow/example_dags/example_sla_dag.py
[2022-06-08 09:04:05,077] {processor.py:651} INFO - DAG(s) dict_keys(['example_sla_dag']) retrieved from /home/james/airflowa/lib/python3.8/site-packages/airflow/example_dags/example_sla_dag.py
[2022-06-08 09:04:05,093] {logging_mixin.py:115} INFO - [2022-06-08 09:04:05,093] {dag.py:2379} INFO - Sync 1 DAGs
[2022-06-08 09:04:05,112] {logging_mixin.py:115} INFO - [2022-06-08 09:04:05,112] {dag.py:2927} INFO - Setting next_dagrun for example_sla_dag to 2022-06-08T06:02:00+00:00, run_after=2022-06-08T06:04:00+00:00
[2022-06-08 09:04:05,122] {processor.py:161} INFO - Processing /home/james/airflowa/lib/python3.8/site-packages/airflow/example_dags/example_sla_dag.py took 0.072 seconds
[2022-06-08 09:04:39,936] {processor.py:153} INFO - Started process (PID=23920) to work on /home/james/airflowa/lib/python3.8/site-packages/airflow/example_dags/example_sla_dag.py
[2022-06-08 09:04:39,936] {processor.py:641} INFO - Processing file /home/james/airflowa/lib/python3.8/site-packages/airflow/example_dags/example_sla_dag.py for tasks to queue
[2022-06-08 09:04:39,937] {logging_mixin.py:115} INFO - [2022-06-08 09:04:39,937] {dagbag.py:507} INFO - Filling up the DagBag from /home/james/airflowa/lib/python3.8/site-packages/airflow/example_dags/example_sla_dag.py
[2022-06-08 09:04:39,951] {processor.py:651} INFO - DAG(s) dict_keys(['example_sla_dag']) retrieved from /home/james/airflowa/lib/python3.8/site-packages/airflow/example_dags/example_sla_dag.py
[2022-06-08 09:04:39,963] {logging_mixin.py:115} INFO - [2022-06-08 09:04:39,963] {dag.py:2379} INFO - Sync 1 DAGs
[2022-06-08 09:04:39,980] {logging_mixin.py:115} INFO - [2022-06-08 09:04:39,980] {dag.py:2927} INFO - Setting next_dagrun for example_sla_dag to 2022-06-08T06:02:00+00:00, run_after=2022-06-08T06:04:00+00:00
[2022-06-08 09:04:39,990] {processor.py:161} INFO - Processing /home/james/airflowa/lib/python3.8/site-packages/airflow/example_dags/example_sla_dag.py took 0.056 seconds
[2022-06-08 09:05:19,524] {processor.py:153} INFO - Started process (PID=24096) to work on /home/james/airflowa/lib/python3.8/site-packages/airflow/example_dags/example_sla_dag.py
[2022-06-08 09:05:19,525] {processor.py:641} INFO - Processing file /home/james/airflowa/lib/python3.8/site-packages/airflow/example_dags/example_sla_dag.py for tasks to queue
[2022-06-08 09:05:19,525] {logging_mixin.py:115} INFO - [2022-06-08 09:05:19,525] {dagbag.py:507} INFO - Filling up the DagBag from /home/james/airflowa/lib/python3.8/site-packages/airflow/example_dags/example_sla_dag.py
[2022-06-08 09:05:19,540] {processor.py:651} INFO - DAG(s) dict_keys(['example_sla_dag']) retrieved from /home/james/airflowa/lib/python3.8/site-packages/airflow/example_dags/example_sla_dag.py
[2022-06-08 09:05:19,552] {logging_mixin.py:115} INFO - [2022-06-08 09:05:19,552] {dag.py:2379} INFO - Sync 1 DAGs
[2022-06-08 09:05:19,569] {logging_mixin.py:115} INFO - [2022-06-08 09:05:19,569] {dag.py:2927} INFO - Setting next_dagrun for example_sla_dag to 2022-06-08T06:02:00+00:00, run_after=2022-06-08T06:04:00+00:00
[2022-06-08 09:05:19,579] {processor.py:161} INFO - Processing /home/james/airflowa/lib/python3.8/site-packages/airflow/example_dags/example_sla_dag.py took 0.058 seconds
[2022-06-08 09:06:17,411] {processor.py:153} INFO - Started process (PID=24794) to work on /home/james/airflowa/lib/python3.8/site-packages/airflow/example_dags/example_sla_dag.py
[2022-06-08 09:06:17,412] {processor.py:641} INFO - Processing file /home/james/airflowa/lib/python3.8/site-packages/airflow/example_dags/example_sla_dag.py for tasks to queue
[2022-06-08 09:06:17,412] {logging_mixin.py:115} INFO - [2022-06-08 09:06:17,412] {dagbag.py:507} INFO - Filling up the DagBag from /home/james/airflowa/lib/python3.8/site-packages/airflow/example_dags/example_sla_dag.py
[2022-06-08 09:06:17,440] {processor.py:651} INFO - DAG(s) dict_keys(['example_sla_dag']) retrieved from /home/james/airflowa/lib/python3.8/site-packages/airflow/example_dags/example_sla_dag.py
[2022-06-08 09:06:17,463] {logging_mixin.py:115} INFO - [2022-06-08 09:06:17,463] {dag.py:2379} INFO - Sync 1 DAGs
[2022-06-08 09:06:17,500] {logging_mixin.py:115} INFO - [2022-06-08 09:06:17,500] {dag.py:2927} INFO - Setting next_dagrun for example_sla_dag to 2022-06-08T06:04:00+00:00, run_after=2022-06-08T06:06:00+00:00
[2022-06-08 09:06:17,516] {processor.py:161} INFO - Processing /home/james/airflowa/lib/python3.8/site-packages/airflow/example_dags/example_sla_dag.py took 0.109 seconds
[2022-06-08 09:07:58,484] {processor.py:153} INFO - Started process (PID=25378) to work on /home/james/airflowa/lib/python3.8/site-packages/airflow/example_dags/example_sla_dag.py
[2022-06-08 09:07:58,484] {processor.py:641} INFO - Processing file /home/james/airflowa/lib/python3.8/site-packages/airflow/example_dags/example_sla_dag.py for tasks to queue
[2022-06-08 09:07:58,485] {logging_mixin.py:115} INFO - [2022-06-08 09:07:58,485] {dagbag.py:507} INFO - Filling up the DagBag from /home/james/airflowa/lib/python3.8/site-packages/airflow/example_dags/example_sla_dag.py
[2022-06-08 09:07:58,519] {processor.py:651} INFO - DAG(s) dict_keys(['example_sla_dag']) retrieved from /home/james/airflowa/lib/python3.8/site-packages/airflow/example_dags/example_sla_dag.py
[2022-06-08 09:07:58,541] {logging_mixin.py:115} INFO - [2022-06-08 09:07:58,541] {dag.py:2379} INFO - Sync 1 DAGs
[2022-06-08 09:07:58,570] {logging_mixin.py:115} INFO - [2022-06-08 09:07:58,570] {dag.py:2927} INFO - Setting next_dagrun for example_sla_dag to 2022-06-08T06:04:00+00:00, run_after=2022-06-08T06:06:00+00:00
[2022-06-08 09:07:58,584] {processor.py:161} INFO - Processing /home/james/airflowa/lib/python3.8/site-packages/airflow/example_dags/example_sla_dag.py took 0.104 seconds
[2022-06-08 09:09:35,756] {processor.py:153} INFO - Started process (PID=26002) to work on /home/james/airflowa/lib/python3.8/site-packages/airflow/example_dags/example_sla_dag.py
[2022-06-08 09:09:35,757] {processor.py:641} INFO - Processing file /home/james/airflowa/lib/python3.8/site-packages/airflow/example_dags/example_sla_dag.py for tasks to queue
[2022-06-08 09:09:35,757] {logging_mixin.py:115} INFO - [2022-06-08 09:09:35,757] {dagbag.py:507} INFO - Filling up the DagBag from /home/james/airflowa/lib/python3.8/site-packages/airflow/example_dags/example_sla_dag.py
[2022-06-08 09:09:35,785] {processor.py:651} INFO - DAG(s) dict_keys(['example_sla_dag']) retrieved from /home/james/airflowa/lib/python3.8/site-packages/airflow/example_dags/example_sla_dag.py
[2022-06-08 09:09:35,810] {logging_mixin.py:115} INFO - [2022-06-08 09:09:35,809] {dag.py:2379} INFO - Sync 1 DAGs
[2022-06-08 09:09:35,847] {logging_mixin.py:115} INFO - [2022-06-08 09:09:35,847] {dag.py:2927} INFO - Setting next_dagrun for example_sla_dag to 2022-06-08T06:06:00+00:00, run_after=2022-06-08T06:08:00+00:00
[2022-06-08 09:09:35,865] {processor.py:161} INFO - Processing /home/james/airflowa/lib/python3.8/site-packages/airflow/example_dags/example_sla_dag.py took 0.116 seconds
[2022-06-08 09:11:41,079] {processor.py:153} INFO - Started process (PID=27301) to work on /home/james/airflowa/lib/python3.8/site-packages/airflow/example_dags/example_sla_dag.py
[2022-06-08 09:11:41,080] {processor.py:641} INFO - Processing file /home/james/airflowa/lib/python3.8/site-packages/airflow/example_dags/example_sla_dag.py for tasks to queue
[2022-06-08 09:11:41,081] {logging_mixin.py:115} INFO - [2022-06-08 09:11:41,081] {dagbag.py:507} INFO - Filling up the DagBag from /home/james/airflowa/lib/python3.8/site-packages/airflow/example_dags/example_sla_dag.py
[2022-06-08 09:11:41,127] {processor.py:651} INFO - DAG(s) dict_keys(['example_sla_dag']) retrieved from /home/james/airflowa/lib/python3.8/site-packages/airflow/example_dags/example_sla_dag.py
[2022-06-08 09:11:41,173] {logging_mixin.py:115} INFO - [2022-06-08 09:11:41,173] {dag.py:2379} INFO - Sync 1 DAGs
[2022-06-08 09:11:41,241] {logging_mixin.py:115} INFO - [2022-06-08 09:11:41,241] {dag.py:2927} INFO - Setting next_dagrun for example_sla_dag to 2022-06-08T06:08:00+00:00, run_after=2022-06-08T06:10:00+00:00
[2022-06-08 09:11:41,274] {processor.py:161} INFO - Processing /home/james/airflowa/lib/python3.8/site-packages/airflow/example_dags/example_sla_dag.py took 0.201 seconds
[2022-06-08 09:15:15,252] {processor.py:153} INFO - Started process (PID=28415) to work on /home/james/airflowa/lib/python3.8/site-packages/airflow/example_dags/example_sla_dag.py
[2022-06-08 09:15:15,254] {processor.py:641} INFO - Processing file /home/james/airflowa/lib/python3.8/site-packages/airflow/example_dags/example_sla_dag.py for tasks to queue
[2022-06-08 09:15:15,255] {logging_mixin.py:115} INFO - [2022-06-08 09:15:15,255] {dagbag.py:507} INFO - Filling up the DagBag from /home/james/airflowa/lib/python3.8/site-packages/airflow/example_dags/example_sla_dag.py
[2022-06-08 09:15:15,377] {processor.py:651} INFO - DAG(s) dict_keys(['example_sla_dag']) retrieved from /home/james/airflowa/lib/python3.8/site-packages/airflow/example_dags/example_sla_dag.py
[2022-06-08 09:15:15,428] {logging_mixin.py:115} INFO - [2022-06-08 09:15:15,423] {dag.py:2379} INFO - Sync 1 DAGs
[2022-06-08 09:15:15,500] {logging_mixin.py:115} INFO - [2022-06-08 09:15:15,500] {dag.py:2927} INFO - Setting next_dagrun for example_sla_dag to 2022-06-08T06:12:00+00:00, run_after=2022-06-08T06:14:00+00:00
[2022-06-08 09:15:15,549] {processor.py:161} INFO - Processing /home/james/airflowa/lib/python3.8/site-packages/airflow/example_dags/example_sla_dag.py took 0.320 seconds
[2022-06-08 09:18:47,064] {processor.py:153} INFO - Started process (PID=30755) to work on /home/james/airflowa/lib/python3.8/site-packages/airflow/example_dags/example_sla_dag.py
[2022-06-08 09:18:47,065] {processor.py:641} INFO - Processing file /home/james/airflowa/lib/python3.8/site-packages/airflow/example_dags/example_sla_dag.py for tasks to queue
[2022-06-08 09:18:47,066] {logging_mixin.py:115} INFO - [2022-06-08 09:18:47,065] {dagbag.py:507} INFO - Filling up the DagBag from /home/james/airflowa/lib/python3.8/site-packages/airflow/example_dags/example_sla_dag.py
[2022-06-08 09:18:47,107] {processor.py:651} INFO - DAG(s) dict_keys(['example_sla_dag']) retrieved from /home/james/airflowa/lib/python3.8/site-packages/airflow/example_dags/example_sla_dag.py
[2022-06-08 09:18:47,139] {logging_mixin.py:115} INFO - [2022-06-08 09:18:47,138] {dag.py:2379} INFO - Sync 1 DAGs
[2022-06-08 09:18:47,184] {logging_mixin.py:115} INFO - [2022-06-08 09:18:47,184] {dag.py:2927} INFO - Setting next_dagrun for example_sla_dag to 2022-06-08T06:16:00+00:00, run_after=2022-06-08T06:18:00+00:00
[2022-06-08 09:18:47,211] {processor.py:161} INFO - Processing /home/james/airflowa/lib/python3.8/site-packages/airflow/example_dags/example_sla_dag.py took 0.152 seconds
[2022-06-08 09:22:52,463] {processor.py:153} INFO - Started process (PID=33063) to work on /home/james/airflowa/lib/python3.8/site-packages/airflow/example_dags/example_sla_dag.py
[2022-06-08 09:22:52,465] {processor.py:641} INFO - Processing file /home/james/airflowa/lib/python3.8/site-packages/airflow/example_dags/example_sla_dag.py for tasks to queue
[2022-06-08 09:22:52,466] {logging_mixin.py:115} INFO - [2022-06-08 09:22:52,466] {dagbag.py:507} INFO - Filling up the DagBag from /home/james/airflowa/lib/python3.8/site-packages/airflow/example_dags/example_sla_dag.py
[2022-06-08 09:22:52,504] {processor.py:651} INFO - DAG(s) dict_keys(['example_sla_dag']) retrieved from /home/james/airflowa/lib/python3.8/site-packages/airflow/example_dags/example_sla_dag.py
[2022-06-08 09:22:52,537] {logging_mixin.py:115} INFO - [2022-06-08 09:22:52,537] {dag.py:2379} INFO - Sync 1 DAGs
[2022-06-08 09:22:52,587] {logging_mixin.py:115} INFO - [2022-06-08 09:22:52,586] {dag.py:2927} INFO - Setting next_dagrun for example_sla_dag to 2022-06-08T06:20:00+00:00, run_after=2022-06-08T06:22:00+00:00
[2022-06-08 09:22:52,610] {processor.py:161} INFO - Processing /home/james/airflowa/lib/python3.8/site-packages/airflow/example_dags/example_sla_dag.py took 0.153 seconds
[2022-06-08 09:25:02,100] {processor.py:153} INFO - Started process (PID=33853) to work on /home/james/airflowa/lib/python3.8/site-packages/airflow/example_dags/example_sla_dag.py
[2022-06-08 09:25:02,104] {processor.py:641} INFO - Processing file /home/james/airflowa/lib/python3.8/site-packages/airflow/example_dags/example_sla_dag.py for tasks to queue
[2022-06-08 09:25:02,106] {logging_mixin.py:115} INFO - [2022-06-08 09:25:02,105] {dagbag.py:507} INFO - Filling up the DagBag from /home/james/airflowa/lib/python3.8/site-packages/airflow/example_dags/example_sla_dag.py
[2022-06-08 09:25:02,168] {processor.py:651} INFO - DAG(s) dict_keys(['example_sla_dag']) retrieved from /home/james/airflowa/lib/python3.8/site-packages/airflow/example_dags/example_sla_dag.py
[2022-06-08 09:25:02,219] {logging_mixin.py:115} INFO - [2022-06-08 09:25:02,218] {dag.py:2379} INFO - Sync 1 DAGs
[2022-06-08 09:25:02,302] {logging_mixin.py:115} INFO - [2022-06-08 09:25:02,302] {dag.py:2927} INFO - Setting next_dagrun for example_sla_dag to 2022-06-08T06:22:00+00:00, run_after=2022-06-08T06:24:00+00:00
[2022-06-08 09:25:02,359] {processor.py:161} INFO - Processing /home/james/airflowa/lib/python3.8/site-packages/airflow/example_dags/example_sla_dag.py took 0.277 seconds
[2022-06-08 09:27:11,327] {processor.py:153} INFO - Started process (PID=34623) to work on /home/james/airflowa/lib/python3.8/site-packages/airflow/example_dags/example_sla_dag.py
[2022-06-08 09:27:11,328] {processor.py:641} INFO - Processing file /home/james/airflowa/lib/python3.8/site-packages/airflow/example_dags/example_sla_dag.py for tasks to queue
[2022-06-08 09:27:11,329] {logging_mixin.py:115} INFO - [2022-06-08 09:27:11,328] {dagbag.py:507} INFO - Filling up the DagBag from /home/james/airflowa/lib/python3.8/site-packages/airflow/example_dags/example_sla_dag.py
[2022-06-08 09:27:11,358] {processor.py:651} INFO - DAG(s) dict_keys(['example_sla_dag']) retrieved from /home/james/airflowa/lib/python3.8/site-packages/airflow/example_dags/example_sla_dag.py
[2022-06-08 09:27:11,384] {logging_mixin.py:115} INFO - [2022-06-08 09:27:11,383] {dag.py:2379} INFO - Sync 1 DAGs
[2022-06-08 09:27:11,426] {logging_mixin.py:115} INFO - [2022-06-08 09:27:11,425] {dag.py:2927} INFO - Setting next_dagrun for example_sla_dag to 2022-06-08T06:24:00+00:00, run_after=2022-06-08T06:26:00+00:00
[2022-06-08 09:27:11,447] {processor.py:161} INFO - Processing /home/james/airflowa/lib/python3.8/site-packages/airflow/example_dags/example_sla_dag.py took 0.124 seconds
[2022-06-08 11:27:47,127] {processor.py:153} INFO - Started process (PID=76565) to work on /home/james/airflowa/lib/python3.8/site-packages/airflow/example_dags/example_sla_dag.py
[2022-06-08 11:27:47,128] {processor.py:641} INFO - Processing file /home/james/airflowa/lib/python3.8/site-packages/airflow/example_dags/example_sla_dag.py for tasks to queue
[2022-06-08 11:27:47,129] {logging_mixin.py:115} INFO - [2022-06-08 11:27:47,128] {dagbag.py:507} INFO - Filling up the DagBag from /home/james/airflowa/lib/python3.8/site-packages/airflow/example_dags/example_sla_dag.py
[2022-06-08 11:27:47,145] {processor.py:651} INFO - DAG(s) dict_keys(['example_sla_dag']) retrieved from /home/james/airflowa/lib/python3.8/site-packages/airflow/example_dags/example_sla_dag.py
[2022-06-08 11:27:47,156] {logging_mixin.py:115} INFO - [2022-06-08 11:27:47,156] {dag.py:2379} INFO - Sync 1 DAGs
[2022-06-08 11:27:47,173] {logging_mixin.py:115} INFO - [2022-06-08 11:27:47,173] {dag.py:2927} INFO - Setting next_dagrun for example_sla_dag to 2022-06-08T08:24:00+00:00, run_after=2022-06-08T08:26:00+00:00
[2022-06-08 11:27:47,184] {processor.py:161} INFO - Processing /home/james/airflowa/lib/python3.8/site-packages/airflow/example_dags/example_sla_dag.py took 0.059 seconds
[2022-06-08 11:28:26,172] {processor.py:153} INFO - Started process (PID=76839) to work on /home/james/airflowa/lib/python3.8/site-packages/airflow/example_dags/example_sla_dag.py
[2022-06-08 11:28:26,174] {processor.py:641} INFO - Processing file /home/james/airflowa/lib/python3.8/site-packages/airflow/example_dags/example_sla_dag.py for tasks to queue
[2022-06-08 11:28:26,174] {logging_mixin.py:115} INFO - [2022-06-08 11:28:26,174] {dagbag.py:507} INFO - Filling up the DagBag from /home/james/airflowa/lib/python3.8/site-packages/airflow/example_dags/example_sla_dag.py
[2022-06-08 11:28:26,191] {processor.py:651} INFO - DAG(s) dict_keys(['example_sla_dag']) retrieved from /home/james/airflowa/lib/python3.8/site-packages/airflow/example_dags/example_sla_dag.py
[2022-06-08 11:28:26,203] {logging_mixin.py:115} INFO - [2022-06-08 11:28:26,203] {dag.py:2379} INFO - Sync 1 DAGs
[2022-06-08 11:28:26,221] {logging_mixin.py:115} INFO - [2022-06-08 11:28:26,221] {dag.py:2927} INFO - Setting next_dagrun for example_sla_dag to 2022-06-08T08:26:00+00:00, run_after=2022-06-08T08:28:00+00:00
[2022-06-08 11:28:26,232] {processor.py:161} INFO - Processing /home/james/airflowa/lib/python3.8/site-packages/airflow/example_dags/example_sla_dag.py took 0.063 seconds
[2022-06-08 11:29:03,330] {processor.py:153} INFO - Started process (PID=77135) to work on /home/james/airflowa/lib/python3.8/site-packages/airflow/example_dags/example_sla_dag.py
[2022-06-08 11:29:03,331] {processor.py:641} INFO - Processing file /home/james/airflowa/lib/python3.8/site-packages/airflow/example_dags/example_sla_dag.py for tasks to queue
[2022-06-08 11:29:03,331] {logging_mixin.py:115} INFO - [2022-06-08 11:29:03,331] {dagbag.py:507} INFO - Filling up the DagBag from /home/james/airflowa/lib/python3.8/site-packages/airflow/example_dags/example_sla_dag.py
[2022-06-08 11:29:03,354] {processor.py:651} INFO - DAG(s) dict_keys(['example_sla_dag']) retrieved from /home/james/airflowa/lib/python3.8/site-packages/airflow/example_dags/example_sla_dag.py
[2022-06-08 11:29:03,371] {logging_mixin.py:115} INFO - [2022-06-08 11:29:03,371] {dag.py:2379} INFO - Sync 1 DAGs
[2022-06-08 11:29:03,397] {logging_mixin.py:115} INFO - [2022-06-08 11:29:03,397] {dag.py:2927} INFO - Setting next_dagrun for example_sla_dag to 2022-06-08T08:26:00+00:00, run_after=2022-06-08T08:28:00+00:00
[2022-06-08 11:29:03,410] {processor.py:161} INFO - Processing /home/james/airflowa/lib/python3.8/site-packages/airflow/example_dags/example_sla_dag.py took 0.082 seconds
[2022-06-08 11:29:42,320] {processor.py:153} INFO - Started process (PID=77518) to work on /home/james/airflowa/lib/python3.8/site-packages/airflow/example_dags/example_sla_dag.py
[2022-06-08 11:29:42,321] {processor.py:641} INFO - Processing file /home/james/airflowa/lib/python3.8/site-packages/airflow/example_dags/example_sla_dag.py for tasks to queue
[2022-06-08 11:29:42,321] {logging_mixin.py:115} INFO - [2022-06-08 11:29:42,321] {dagbag.py:507} INFO - Filling up the DagBag from /home/james/airflowa/lib/python3.8/site-packages/airflow/example_dags/example_sla_dag.py
[2022-06-08 11:29:42,337] {processor.py:651} INFO - DAG(s) dict_keys(['example_sla_dag']) retrieved from /home/james/airflowa/lib/python3.8/site-packages/airflow/example_dags/example_sla_dag.py
[2022-06-08 11:29:42,349] {logging_mixin.py:115} INFO - [2022-06-08 11:29:42,349] {dag.py:2379} INFO - Sync 1 DAGs
[2022-06-08 11:29:42,368] {logging_mixin.py:115} INFO - [2022-06-08 11:29:42,368] {dag.py:2927} INFO - Setting next_dagrun for example_sla_dag to 2022-06-08T08:26:00+00:00, run_after=2022-06-08T08:28:00+00:00
[2022-06-08 11:29:42,379] {processor.py:161} INFO - Processing /home/james/airflowa/lib/python3.8/site-packages/airflow/example_dags/example_sla_dag.py took 0.060 seconds
[2022-06-08 11:31:25,630] {processor.py:153} INFO - Started process (PID=78514) to work on /home/james/airflowa/lib/python3.8/site-packages/airflow/example_dags/example_sla_dag.py
[2022-06-08 11:31:25,631] {processor.py:641} INFO - Processing file /home/james/airflowa/lib/python3.8/site-packages/airflow/example_dags/example_sla_dag.py for tasks to queue
[2022-06-08 11:31:25,632] {logging_mixin.py:115} INFO - [2022-06-08 11:31:25,632] {dagbag.py:507} INFO - Filling up the DagBag from /home/james/airflowa/lib/python3.8/site-packages/airflow/example_dags/example_sla_dag.py
[2022-06-08 11:31:25,662] {processor.py:651} INFO - DAG(s) dict_keys(['example_sla_dag']) retrieved from /home/james/airflowa/lib/python3.8/site-packages/airflow/example_dags/example_sla_dag.py
[2022-06-08 11:31:25,686] {logging_mixin.py:115} INFO - [2022-06-08 11:31:25,685] {dag.py:2379} INFO - Sync 1 DAGs
[2022-06-08 11:31:25,714] {logging_mixin.py:115} INFO - [2022-06-08 11:31:25,714] {dag.py:2927} INFO - Setting next_dagrun for example_sla_dag to 2022-06-08T08:28:00+00:00, run_after=2022-06-08T08:30:00+00:00
[2022-06-08 11:31:25,735] {processor.py:161} INFO - Processing /home/james/airflowa/lib/python3.8/site-packages/airflow/example_dags/example_sla_dag.py took 0.110 seconds
[2022-06-08 11:32:11,410] {processor.py:153} INFO - Started process (PID=78805) to work on /home/james/airflowa/lib/python3.8/site-packages/airflow/example_dags/example_sla_dag.py
[2022-06-08 11:32:11,411] {processor.py:641} INFO - Processing file /home/james/airflowa/lib/python3.8/site-packages/airflow/example_dags/example_sla_dag.py for tasks to queue
[2022-06-08 11:32:11,411] {logging_mixin.py:115} INFO - [2022-06-08 11:32:11,411] {dagbag.py:507} INFO - Filling up the DagBag from /home/james/airflowa/lib/python3.8/site-packages/airflow/example_dags/example_sla_dag.py
[2022-06-08 11:32:11,436] {processor.py:651} INFO - DAG(s) dict_keys(['example_sla_dag']) retrieved from /home/james/airflowa/lib/python3.8/site-packages/airflow/example_dags/example_sla_dag.py
[2022-06-08 11:32:11,454] {logging_mixin.py:115} INFO - [2022-06-08 11:32:11,454] {dag.py:2379} INFO - Sync 1 DAGs
[2022-06-08 11:32:11,483] {logging_mixin.py:115} INFO - [2022-06-08 11:32:11,483] {dag.py:2927} INFO - Setting next_dagrun for example_sla_dag to 2022-06-08T08:30:00+00:00, run_after=2022-06-08T08:32:00+00:00
[2022-06-08 11:32:11,498] {processor.py:161} INFO - Processing /home/james/airflowa/lib/python3.8/site-packages/airflow/example_dags/example_sla_dag.py took 0.091 seconds
[2022-06-08 11:32:59,256] {processor.py:153} INFO - Started process (PID=79085) to work on /home/james/airflowa/lib/python3.8/site-packages/airflow/example_dags/example_sla_dag.py
[2022-06-08 11:32:59,257] {processor.py:641} INFO - Processing file /home/james/airflowa/lib/python3.8/site-packages/airflow/example_dags/example_sla_dag.py for tasks to queue
[2022-06-08 11:32:59,257] {logging_mixin.py:115} INFO - [2022-06-08 11:32:59,257] {dagbag.py:507} INFO - Filling up the DagBag from /home/james/airflowa/lib/python3.8/site-packages/airflow/example_dags/example_sla_dag.py
[2022-06-08 11:32:59,285] {processor.py:651} INFO - DAG(s) dict_keys(['example_sla_dag']) retrieved from /home/james/airflowa/lib/python3.8/site-packages/airflow/example_dags/example_sla_dag.py
[2022-06-08 11:32:59,305] {logging_mixin.py:115} INFO - [2022-06-08 11:32:59,305] {dag.py:2379} INFO - Sync 1 DAGs
[2022-06-08 11:32:59,336] {logging_mixin.py:115} INFO - [2022-06-08 11:32:59,336] {dag.py:2927} INFO - Setting next_dagrun for example_sla_dag to 2022-06-08T08:30:00+00:00, run_after=2022-06-08T08:32:00+00:00
[2022-06-08 11:32:59,355] {processor.py:161} INFO - Processing /home/james/airflowa/lib/python3.8/site-packages/airflow/example_dags/example_sla_dag.py took 0.104 seconds
[2022-06-08 11:33:48,598] {processor.py:153} INFO - Started process (PID=79378) to work on /home/james/airflowa/lib/python3.8/site-packages/airflow/example_dags/example_sla_dag.py
[2022-06-08 11:33:48,600] {processor.py:641} INFO - Processing file /home/james/airflowa/lib/python3.8/site-packages/airflow/example_dags/example_sla_dag.py for tasks to queue
[2022-06-08 11:33:48,602] {logging_mixin.py:115} INFO - [2022-06-08 11:33:48,601] {dagbag.py:507} INFO - Filling up the DagBag from /home/james/airflowa/lib/python3.8/site-packages/airflow/example_dags/example_sla_dag.py
[2022-06-08 11:33:48,650] {processor.py:651} INFO - DAG(s) dict_keys(['example_sla_dag']) retrieved from /home/james/airflowa/lib/python3.8/site-packages/airflow/example_dags/example_sla_dag.py
[2022-06-08 11:33:48,680] {logging_mixin.py:115} INFO - [2022-06-08 11:33:48,680] {dag.py:2379} INFO - Sync 1 DAGs
[2022-06-08 11:33:48,731] {logging_mixin.py:115} INFO - [2022-06-08 11:33:48,731] {dag.py:2927} INFO - Setting next_dagrun for example_sla_dag to 2022-06-08T08:30:00+00:00, run_after=2022-06-08T08:32:00+00:00
[2022-06-08 11:33:48,761] {processor.py:161} INFO - Processing /home/james/airflowa/lib/python3.8/site-packages/airflow/example_dags/example_sla_dag.py took 0.167 seconds
[2022-06-08 11:34:38,651] {processor.py:153} INFO - Started process (PID=80007) to work on /home/james/airflowa/lib/python3.8/site-packages/airflow/example_dags/example_sla_dag.py
[2022-06-08 11:34:38,652] {processor.py:641} INFO - Processing file /home/james/airflowa/lib/python3.8/site-packages/airflow/example_dags/example_sla_dag.py for tasks to queue
[2022-06-08 11:34:38,652] {logging_mixin.py:115} INFO - [2022-06-08 11:34:38,652] {dagbag.py:507} INFO - Filling up the DagBag from /home/james/airflowa/lib/python3.8/site-packages/airflow/example_dags/example_sla_dag.py
[2022-06-08 11:34:38,676] {processor.py:651} INFO - DAG(s) dict_keys(['example_sla_dag']) retrieved from /home/james/airflowa/lib/python3.8/site-packages/airflow/example_dags/example_sla_dag.py
[2022-06-08 11:34:38,698] {logging_mixin.py:115} INFO - [2022-06-08 11:34:38,698] {dag.py:2379} INFO - Sync 1 DAGs
[2022-06-08 11:34:38,734] {logging_mixin.py:115} INFO - [2022-06-08 11:34:38,733] {dag.py:2927} INFO - Setting next_dagrun for example_sla_dag to 2022-06-08T08:32:00+00:00, run_after=2022-06-08T08:34:00+00:00
[2022-06-08 11:34:38,753] {processor.py:161} INFO - Processing /home/james/airflowa/lib/python3.8/site-packages/airflow/example_dags/example_sla_dag.py took 0.106 seconds
[2022-06-08 12:21:49,080] {processor.py:153} INFO - Started process (PID=104735) to work on /home/james/airflowa/lib/python3.8/site-packages/airflow/example_dags/example_sla_dag.py
[2022-06-08 12:21:49,082] {processor.py:641} INFO - Processing file /home/james/airflowa/lib/python3.8/site-packages/airflow/example_dags/example_sla_dag.py for tasks to queue
[2022-06-08 12:21:49,083] {logging_mixin.py:115} INFO - [2022-06-08 12:21:49,083] {dagbag.py:507} INFO - Filling up the DagBag from /home/james/airflowa/lib/python3.8/site-packages/airflow/example_dags/example_sla_dag.py
[2022-06-08 12:21:49,113] {processor.py:651} INFO - DAG(s) dict_keys(['example_sla_dag']) retrieved from /home/james/airflowa/lib/python3.8/site-packages/airflow/example_dags/example_sla_dag.py
[2022-06-08 12:21:49,133] {logging_mixin.py:115} INFO - [2022-06-08 12:21:49,133] {dag.py:2379} INFO - Sync 1 DAGs
[2022-06-08 12:21:49,165] {logging_mixin.py:115} INFO - [2022-06-08 12:21:49,165] {dag.py:2927} INFO - Setting next_dagrun for example_sla_dag to 2022-06-08T09:18:00+00:00, run_after=2022-06-08T09:20:00+00:00
[2022-06-08 12:21:49,183] {processor.py:161} INFO - Processing /home/james/airflowa/lib/python3.8/site-packages/airflow/example_dags/example_sla_dag.py took 0.108 seconds
[2022-06-08 12:22:34,669] {processor.py:153} INFO - Started process (PID=104949) to work on /home/james/airflowa/lib/python3.8/site-packages/airflow/example_dags/example_sla_dag.py
[2022-06-08 12:22:34,670] {processor.py:641} INFO - Processing file /home/james/airflowa/lib/python3.8/site-packages/airflow/example_dags/example_sla_dag.py for tasks to queue
[2022-06-08 12:22:34,671] {logging_mixin.py:115} INFO - [2022-06-08 12:22:34,671] {dagbag.py:507} INFO - Filling up the DagBag from /home/james/airflowa/lib/python3.8/site-packages/airflow/example_dags/example_sla_dag.py
[2022-06-08 12:22:34,701] {processor.py:651} INFO - DAG(s) dict_keys(['example_sla_dag']) retrieved from /home/james/airflowa/lib/python3.8/site-packages/airflow/example_dags/example_sla_dag.py
[2022-06-08 12:22:34,727] {logging_mixin.py:115} INFO - [2022-06-08 12:22:34,727] {dag.py:2379} INFO - Sync 1 DAGs
[2022-06-08 12:22:34,771] {logging_mixin.py:115} INFO - [2022-06-08 12:22:34,771] {dag.py:2927} INFO - Setting next_dagrun for example_sla_dag to 2022-06-08T09:20:00+00:00, run_after=2022-06-08T09:22:00+00:00
[2022-06-08 12:22:34,788] {processor.py:161} INFO - Processing /home/james/airflowa/lib/python3.8/site-packages/airflow/example_dags/example_sla_dag.py took 0.122 seconds
[2022-06-08 12:36:28,326] {processor.py:153} INFO - Started process (PID=112460) to work on /home/james/airflowa/lib/python3.8/site-packages/airflow/example_dags/example_sla_dag.py
[2022-06-08 12:36:28,327] {processor.py:641} INFO - Processing file /home/james/airflowa/lib/python3.8/site-packages/airflow/example_dags/example_sla_dag.py for tasks to queue
[2022-06-08 12:36:28,328] {logging_mixin.py:115} INFO - [2022-06-08 12:36:28,327] {dagbag.py:507} INFO - Filling up the DagBag from /home/james/airflowa/lib/python3.8/site-packages/airflow/example_dags/example_sla_dag.py
[2022-06-08 12:36:28,355] {processor.py:651} INFO - DAG(s) dict_keys(['example_sla_dag']) retrieved from /home/james/airflowa/lib/python3.8/site-packages/airflow/example_dags/example_sla_dag.py
[2022-06-08 12:36:28,369] {logging_mixin.py:115} INFO - [2022-06-08 12:36:28,369] {dag.py:2379} INFO - Sync 1 DAGs
[2022-06-08 12:36:28,386] {logging_mixin.py:115} INFO - [2022-06-08 12:36:28,386] {dag.py:2927} INFO - Setting next_dagrun for example_sla_dag to 2022-06-08T09:34:00+00:00, run_after=2022-06-08T09:36:00+00:00
[2022-06-08 12:36:28,404] {processor.py:161} INFO - Processing /home/james/airflowa/lib/python3.8/site-packages/airflow/example_dags/example_sla_dag.py took 0.081 seconds
[2022-06-08 12:39:07,991] {processor.py:153} INFO - Started process (PID=115502) to work on /home/james/airflowa/lib/python3.8/site-packages/airflow/example_dags/example_sla_dag.py
[2022-06-08 12:39:07,993] {processor.py:641} INFO - Processing file /home/james/airflowa/lib/python3.8/site-packages/airflow/example_dags/example_sla_dag.py for tasks to queue
[2022-06-08 12:39:07,994] {logging_mixin.py:115} INFO - [2022-06-08 12:39:07,994] {dagbag.py:507} INFO - Filling up the DagBag from /home/james/airflowa/lib/python3.8/site-packages/airflow/example_dags/example_sla_dag.py
[2022-06-08 12:39:08,095] {processor.py:651} INFO - DAG(s) dict_keys(['example_sla_dag']) retrieved from /home/james/airflowa/lib/python3.8/site-packages/airflow/example_dags/example_sla_dag.py
[2022-06-08 12:39:08,134] {logging_mixin.py:115} INFO - [2022-06-08 12:39:08,134] {dag.py:2379} INFO - Sync 1 DAGs
[2022-06-08 12:39:08,197] {logging_mixin.py:115} INFO - [2022-06-08 12:39:08,196] {dag.py:2927} INFO - Setting next_dagrun for example_sla_dag to 2022-06-08T09:36:00+00:00, run_after=2022-06-08T09:38:00+00:00
[2022-06-08 12:39:08,240] {processor.py:161} INFO - Processing /home/james/airflowa/lib/python3.8/site-packages/airflow/example_dags/example_sla_dag.py took 0.258 seconds
[2022-06-08 12:40:05,400] {processor.py:153} INFO - Started process (PID=116319) to work on /home/james/airflowa/lib/python3.8/site-packages/airflow/example_dags/example_sla_dag.py
[2022-06-08 12:40:05,401] {processor.py:641} INFO - Processing file /home/james/airflowa/lib/python3.8/site-packages/airflow/example_dags/example_sla_dag.py for tasks to queue
[2022-06-08 12:40:05,401] {logging_mixin.py:115} INFO - [2022-06-08 12:40:05,401] {dagbag.py:507} INFO - Filling up the DagBag from /home/james/airflowa/lib/python3.8/site-packages/airflow/example_dags/example_sla_dag.py
[2022-06-08 12:40:05,419] {processor.py:651} INFO - DAG(s) dict_keys(['example_sla_dag']) retrieved from /home/james/airflowa/lib/python3.8/site-packages/airflow/example_dags/example_sla_dag.py
[2022-06-08 12:40:05,431] {logging_mixin.py:115} INFO - [2022-06-08 12:40:05,431] {dag.py:2379} INFO - Sync 1 DAGs
[2022-06-08 12:40:05,446] {logging_mixin.py:115} INFO - [2022-06-08 12:40:05,446] {dag.py:2927} INFO - Setting next_dagrun for example_sla_dag to 2022-06-08T09:38:00+00:00, run_after=2022-06-08T09:40:00+00:00
[2022-06-08 12:40:05,456] {processor.py:161} INFO - Processing /home/james/airflowa/lib/python3.8/site-packages/airflow/example_dags/example_sla_dag.py took 0.058 seconds
[2022-06-08 12:41:03,816] {processor.py:153} INFO - Started process (PID=116685) to work on /home/james/airflowa/lib/python3.8/site-packages/airflow/example_dags/example_sla_dag.py
[2022-06-08 12:41:03,817] {processor.py:641} INFO - Processing file /home/james/airflowa/lib/python3.8/site-packages/airflow/example_dags/example_sla_dag.py for tasks to queue
[2022-06-08 12:41:03,818] {logging_mixin.py:115} INFO - [2022-06-08 12:41:03,817] {dagbag.py:507} INFO - Filling up the DagBag from /home/james/airflowa/lib/python3.8/site-packages/airflow/example_dags/example_sla_dag.py
[2022-06-08 12:41:03,874] {processor.py:651} INFO - DAG(s) dict_keys(['example_sla_dag']) retrieved from /home/james/airflowa/lib/python3.8/site-packages/airflow/example_dags/example_sla_dag.py
[2022-06-08 12:41:03,900] {logging_mixin.py:115} INFO - [2022-06-08 12:41:03,900] {dag.py:2379} INFO - Sync 1 DAGs
[2022-06-08 12:41:03,934] {logging_mixin.py:115} INFO - [2022-06-08 12:41:03,934] {dag.py:2927} INFO - Setting next_dagrun for example_sla_dag to 2022-06-08T09:38:00+00:00, run_after=2022-06-08T09:40:00+00:00
[2022-06-08 12:41:03,955] {processor.py:161} INFO - Processing /home/james/airflowa/lib/python3.8/site-packages/airflow/example_dags/example_sla_dag.py took 0.143 seconds
[2022-06-08 12:45:03,627] {processor.py:153} INFO - Started process (PID=118098) to work on /home/james/airflowa/lib/python3.8/site-packages/airflow/example_dags/example_sla_dag.py
[2022-06-08 12:45:03,628] {processor.py:641} INFO - Processing file /home/james/airflowa/lib/python3.8/site-packages/airflow/example_dags/example_sla_dag.py for tasks to queue
[2022-06-08 12:45:03,629] {logging_mixin.py:115} INFO - [2022-06-08 12:45:03,629] {dagbag.py:507} INFO - Filling up the DagBag from /home/james/airflowa/lib/python3.8/site-packages/airflow/example_dags/example_sla_dag.py
[2022-06-08 12:45:03,659] {processor.py:651} INFO - DAG(s) dict_keys(['example_sla_dag']) retrieved from /home/james/airflowa/lib/python3.8/site-packages/airflow/example_dags/example_sla_dag.py
[2022-06-08 12:45:03,678] {logging_mixin.py:115} INFO - [2022-06-08 12:45:03,678] {dag.py:2379} INFO - Sync 1 DAGs
[2022-06-08 12:45:03,704] {logging_mixin.py:115} INFO - [2022-06-08 12:45:03,704] {dag.py:2927} INFO - Setting next_dagrun for example_sla_dag to 2022-06-08T09:42:00+00:00, run_after=2022-06-08T09:44:00+00:00
[2022-06-08 12:45:03,718] {processor.py:161} INFO - Processing /home/james/airflowa/lib/python3.8/site-packages/airflow/example_dags/example_sla_dag.py took 0.095 seconds
[2022-06-08 12:45:49,199] {processor.py:153} INFO - Started process (PID=118327) to work on /home/james/airflowa/lib/python3.8/site-packages/airflow/example_dags/example_sla_dag.py
[2022-06-08 12:45:49,200] {processor.py:641} INFO - Processing file /home/james/airflowa/lib/python3.8/site-packages/airflow/example_dags/example_sla_dag.py for tasks to queue
[2022-06-08 12:45:49,200] {logging_mixin.py:115} INFO - [2022-06-08 12:45:49,200] {dagbag.py:507} INFO - Filling up the DagBag from /home/james/airflowa/lib/python3.8/site-packages/airflow/example_dags/example_sla_dag.py
[2022-06-08 12:45:49,218] {processor.py:651} INFO - DAG(s) dict_keys(['example_sla_dag']) retrieved from /home/james/airflowa/lib/python3.8/site-packages/airflow/example_dags/example_sla_dag.py
[2022-06-08 12:45:49,230] {logging_mixin.py:115} INFO - [2022-06-08 12:45:49,230] {dag.py:2379} INFO - Sync 1 DAGs
[2022-06-08 12:45:49,246] {logging_mixin.py:115} INFO - [2022-06-08 12:45:49,246] {dag.py:2927} INFO - Setting next_dagrun for example_sla_dag to 2022-06-08T09:42:00+00:00, run_after=2022-06-08T09:44:00+00:00
[2022-06-08 12:45:49,257] {processor.py:161} INFO - Processing /home/james/airflowa/lib/python3.8/site-packages/airflow/example_dags/example_sla_dag.py took 0.060 seconds
[2022-06-08 12:47:13,090] {processor.py:153} INFO - Started process (PID=119325) to work on /home/james/airflowa/lib/python3.8/site-packages/airflow/example_dags/example_sla_dag.py
[2022-06-08 12:47:13,092] {processor.py:641} INFO - Processing file /home/james/airflowa/lib/python3.8/site-packages/airflow/example_dags/example_sla_dag.py for tasks to queue
[2022-06-08 12:47:13,092] {logging_mixin.py:115} INFO - [2022-06-08 12:47:13,092] {dagbag.py:507} INFO - Filling up the DagBag from /home/james/airflowa/lib/python3.8/site-packages/airflow/example_dags/example_sla_dag.py
[2022-06-08 12:47:13,274] {processor.py:651} INFO - DAG(s) dict_keys(['example_sla_dag']) retrieved from /home/james/airflowa/lib/python3.8/site-packages/airflow/example_dags/example_sla_dag.py
[2022-06-08 12:47:13,308] {logging_mixin.py:115} INFO - [2022-06-08 12:47:13,308] {dag.py:2379} INFO - Sync 1 DAGs
[2022-06-08 12:47:13,356] {logging_mixin.py:115} INFO - [2022-06-08 12:47:13,356] {dag.py:2927} INFO - Setting next_dagrun for example_sla_dag to 2022-06-08T09:44:00+00:00, run_after=2022-06-08T09:46:00+00:00
[2022-06-08 12:47:13,389] {processor.py:161} INFO - Processing /home/james/airflowa/lib/python3.8/site-packages/airflow/example_dags/example_sla_dag.py took 0.305 seconds
[2022-06-08 12:48:31,302] {processor.py:153} INFO - Started process (PID=119724) to work on /home/james/airflowa/lib/python3.8/site-packages/airflow/example_dags/example_sla_dag.py
[2022-06-08 12:48:31,303] {processor.py:641} INFO - Processing file /home/james/airflowa/lib/python3.8/site-packages/airflow/example_dags/example_sla_dag.py for tasks to queue
[2022-06-08 12:48:31,304] {logging_mixin.py:115} INFO - [2022-06-08 12:48:31,304] {dagbag.py:507} INFO - Filling up the DagBag from /home/james/airflowa/lib/python3.8/site-packages/airflow/example_dags/example_sla_dag.py
[2022-06-08 12:48:31,325] {processor.py:651} INFO - DAG(s) dict_keys(['example_sla_dag']) retrieved from /home/james/airflowa/lib/python3.8/site-packages/airflow/example_dags/example_sla_dag.py
[2022-06-08 12:48:31,340] {logging_mixin.py:115} INFO - [2022-06-08 12:48:31,340] {dag.py:2379} INFO - Sync 1 DAGs
[2022-06-08 12:48:31,358] {logging_mixin.py:115} INFO - [2022-06-08 12:48:31,358] {dag.py:2927} INFO - Setting next_dagrun for example_sla_dag to 2022-06-08T09:46:00+00:00, run_after=2022-06-08T09:48:00+00:00
[2022-06-08 12:48:31,369] {processor.py:161} INFO - Processing /home/james/airflowa/lib/python3.8/site-packages/airflow/example_dags/example_sla_dag.py took 0.069 seconds
[2022-06-08 12:50:22,108] {processor.py:153} INFO - Started process (PID=120862) to work on /home/james/airflowa/lib/python3.8/site-packages/airflow/example_dags/example_sla_dag.py
[2022-06-08 12:50:22,110] {processor.py:641} INFO - Processing file /home/james/airflowa/lib/python3.8/site-packages/airflow/example_dags/example_sla_dag.py for tasks to queue
[2022-06-08 12:50:22,111] {logging_mixin.py:115} INFO - [2022-06-08 12:50:22,111] {dagbag.py:507} INFO - Filling up the DagBag from /home/james/airflowa/lib/python3.8/site-packages/airflow/example_dags/example_sla_dag.py
[2022-06-08 12:50:22,152] {processor.py:651} INFO - DAG(s) dict_keys(['example_sla_dag']) retrieved from /home/james/airflowa/lib/python3.8/site-packages/airflow/example_dags/example_sla_dag.py
[2022-06-08 12:50:22,182] {logging_mixin.py:115} INFO - [2022-06-08 12:50:22,182] {dag.py:2379} INFO - Sync 1 DAGs
[2022-06-08 12:50:22,253] {logging_mixin.py:115} INFO - [2022-06-08 12:50:22,253] {dag.py:2927} INFO - Setting next_dagrun for example_sla_dag to 2022-06-08T09:48:00+00:00, run_after=2022-06-08T09:50:00+00:00
[2022-06-08 12:50:22,283] {processor.py:161} INFO - Processing /home/james/airflowa/lib/python3.8/site-packages/airflow/example_dags/example_sla_dag.py took 0.181 seconds
[2022-06-08 12:52:33,165] {processor.py:153} INFO - Started process (PID=121552) to work on /home/james/airflowa/lib/python3.8/site-packages/airflow/example_dags/example_sla_dag.py
[2022-06-08 12:52:33,166] {processor.py:641} INFO - Processing file /home/james/airflowa/lib/python3.8/site-packages/airflow/example_dags/example_sla_dag.py for tasks to queue
[2022-06-08 12:52:33,167] {logging_mixin.py:115} INFO - [2022-06-08 12:52:33,167] {dagbag.py:507} INFO - Filling up the DagBag from /home/james/airflowa/lib/python3.8/site-packages/airflow/example_dags/example_sla_dag.py
[2022-06-08 12:52:33,207] {processor.py:651} INFO - DAG(s) dict_keys(['example_sla_dag']) retrieved from /home/james/airflowa/lib/python3.8/site-packages/airflow/example_dags/example_sla_dag.py
[2022-06-08 12:52:33,241] {logging_mixin.py:115} INFO - [2022-06-08 12:52:33,240] {dag.py:2379} INFO - Sync 1 DAGs
[2022-06-08 12:52:33,288] {logging_mixin.py:115} INFO - [2022-06-08 12:52:33,288] {dag.py:2927} INFO - Setting next_dagrun for example_sla_dag to 2022-06-08T09:50:00+00:00, run_after=2022-06-08T09:52:00+00:00
[2022-06-08 12:52:33,312] {processor.py:161} INFO - Processing /home/james/airflowa/lib/python3.8/site-packages/airflow/example_dags/example_sla_dag.py took 0.153 seconds
[2022-06-08 12:53:47,807] {processor.py:153} INFO - Started process (PID=122089) to work on /home/james/airflowa/lib/python3.8/site-packages/airflow/example_dags/example_sla_dag.py
[2022-06-08 12:53:47,810] {processor.py:641} INFO - Processing file /home/james/airflowa/lib/python3.8/site-packages/airflow/example_dags/example_sla_dag.py for tasks to queue
[2022-06-08 12:53:47,811] {logging_mixin.py:115} INFO - [2022-06-08 12:53:47,811] {dagbag.py:507} INFO - Filling up the DagBag from /home/james/airflowa/lib/python3.8/site-packages/airflow/example_dags/example_sla_dag.py
[2022-06-08 12:53:47,853] {processor.py:651} INFO - DAG(s) dict_keys(['example_sla_dag']) retrieved from /home/james/airflowa/lib/python3.8/site-packages/airflow/example_dags/example_sla_dag.py
[2022-06-08 12:53:47,894] {logging_mixin.py:115} INFO - [2022-06-08 12:53:47,893] {dag.py:2379} INFO - Sync 1 DAGs
[2022-06-08 12:53:47,944] {logging_mixin.py:115} INFO - [2022-06-08 12:53:47,944] {dag.py:2927} INFO - Setting next_dagrun for example_sla_dag to 2022-06-08T09:50:00+00:00, run_after=2022-06-08T09:52:00+00:00
[2022-06-08 12:53:47,969] {processor.py:161} INFO - Processing /home/james/airflowa/lib/python3.8/site-packages/airflow/example_dags/example_sla_dag.py took 0.168 seconds
[2022-06-08 12:55:03,450] {processor.py:153} INFO - Started process (PID=122563) to work on /home/james/airflowa/lib/python3.8/site-packages/airflow/example_dags/example_sla_dag.py
[2022-06-08 12:55:03,451] {processor.py:641} INFO - Processing file /home/james/airflowa/lib/python3.8/site-packages/airflow/example_dags/example_sla_dag.py for tasks to queue
[2022-06-08 12:55:03,453] {logging_mixin.py:115} INFO - [2022-06-08 12:55:03,452] {dagbag.py:507} INFO - Filling up the DagBag from /home/james/airflowa/lib/python3.8/site-packages/airflow/example_dags/example_sla_dag.py
[2022-06-08 12:55:03,532] {processor.py:651} INFO - DAG(s) dict_keys(['example_sla_dag']) retrieved from /home/james/airflowa/lib/python3.8/site-packages/airflow/example_dags/example_sla_dag.py
[2022-06-08 12:55:03,571] {logging_mixin.py:115} INFO - [2022-06-08 12:55:03,571] {dag.py:2379} INFO - Sync 1 DAGs
[2022-06-08 12:55:03,618] {logging_mixin.py:115} INFO - [2022-06-08 12:55:03,618] {dag.py:2927} INFO - Setting next_dagrun for example_sla_dag to 2022-06-08T09:52:00+00:00, run_after=2022-06-08T09:54:00+00:00
[2022-06-08 12:55:03,639] {processor.py:161} INFO - Processing /home/james/airflowa/lib/python3.8/site-packages/airflow/example_dags/example_sla_dag.py took 0.198 seconds
[2022-06-08 12:56:14,604] {processor.py:153} INFO - Started process (PID=122961) to work on /home/james/airflowa/lib/python3.8/site-packages/airflow/example_dags/example_sla_dag.py
[2022-06-08 12:56:14,605] {processor.py:641} INFO - Processing file /home/james/airflowa/lib/python3.8/site-packages/airflow/example_dags/example_sla_dag.py for tasks to queue
[2022-06-08 12:56:14,605] {logging_mixin.py:115} INFO - [2022-06-08 12:56:14,605] {dagbag.py:507} INFO - Filling up the DagBag from /home/james/airflowa/lib/python3.8/site-packages/airflow/example_dags/example_sla_dag.py
[2022-06-08 12:56:14,622] {processor.py:651} INFO - DAG(s) dict_keys(['example_sla_dag']) retrieved from /home/james/airflowa/lib/python3.8/site-packages/airflow/example_dags/example_sla_dag.py
[2022-06-08 12:56:14,634] {logging_mixin.py:115} INFO - [2022-06-08 12:56:14,634] {dag.py:2379} INFO - Sync 1 DAGs
[2022-06-08 12:56:14,652] {logging_mixin.py:115} INFO - [2022-06-08 12:56:14,652] {dag.py:2927} INFO - Setting next_dagrun for example_sla_dag to 2022-06-08T09:54:00+00:00, run_after=2022-06-08T09:56:00+00:00
[2022-06-08 12:56:14,662] {processor.py:161} INFO - Processing /home/james/airflowa/lib/python3.8/site-packages/airflow/example_dags/example_sla_dag.py took 0.061 seconds
[2022-06-08 12:57:24,219] {processor.py:153} INFO - Started process (PID=123271) to work on /home/james/airflowa/lib/python3.8/site-packages/airflow/example_dags/example_sla_dag.py
[2022-06-08 12:57:24,220] {processor.py:641} INFO - Processing file /home/james/airflowa/lib/python3.8/site-packages/airflow/example_dags/example_sla_dag.py for tasks to queue
[2022-06-08 12:57:24,220] {logging_mixin.py:115} INFO - [2022-06-08 12:57:24,220] {dagbag.py:507} INFO - Filling up the DagBag from /home/james/airflowa/lib/python3.8/site-packages/airflow/example_dags/example_sla_dag.py
[2022-06-08 12:57:24,235] {processor.py:651} INFO - DAG(s) dict_keys(['example_sla_dag']) retrieved from /home/james/airflowa/lib/python3.8/site-packages/airflow/example_dags/example_sla_dag.py
[2022-06-08 12:57:24,248] {logging_mixin.py:115} INFO - [2022-06-08 12:57:24,248] {dag.py:2379} INFO - Sync 1 DAGs
[2022-06-08 12:57:24,266] {logging_mixin.py:115} INFO - [2022-06-08 12:57:24,266] {dag.py:2927} INFO - Setting next_dagrun for example_sla_dag to 2022-06-08T09:54:00+00:00, run_after=2022-06-08T09:56:00+00:00
[2022-06-08 12:57:24,280] {processor.py:161} INFO - Processing /home/james/airflowa/lib/python3.8/site-packages/airflow/example_dags/example_sla_dag.py took 0.064 seconds
[2022-06-08 12:58:34,977] {processor.py:153} INFO - Started process (PID=123629) to work on /home/james/airflowa/lib/python3.8/site-packages/airflow/example_dags/example_sla_dag.py
[2022-06-08 12:58:34,980] {processor.py:641} INFO - Processing file /home/james/airflowa/lib/python3.8/site-packages/airflow/example_dags/example_sla_dag.py for tasks to queue
[2022-06-08 12:58:34,981] {logging_mixin.py:115} INFO - [2022-06-08 12:58:34,981] {dagbag.py:507} INFO - Filling up the DagBag from /home/james/airflowa/lib/python3.8/site-packages/airflow/example_dags/example_sla_dag.py
[2022-06-08 12:58:35,003] {processor.py:651} INFO - DAG(s) dict_keys(['example_sla_dag']) retrieved from /home/james/airflowa/lib/python3.8/site-packages/airflow/example_dags/example_sla_dag.py
[2022-06-08 12:58:35,019] {logging_mixin.py:115} INFO - [2022-06-08 12:58:35,019] {dag.py:2379} INFO - Sync 1 DAGs
[2022-06-08 12:58:35,039] {logging_mixin.py:115} INFO - [2022-06-08 12:58:35,039] {dag.py:2927} INFO - Setting next_dagrun for example_sla_dag to 2022-06-08T09:56:00+00:00, run_after=2022-06-08T09:58:00+00:00
[2022-06-08 12:58:35,060] {processor.py:161} INFO - Processing /home/james/airflowa/lib/python3.8/site-packages/airflow/example_dags/example_sla_dag.py took 0.087 seconds
[2022-06-08 12:59:14,940] {processor.py:153} INFO - Started process (PID=124003) to work on /home/james/airflowa/lib/python3.8/site-packages/airflow/example_dags/example_sla_dag.py
[2022-06-08 12:59:14,941] {processor.py:641} INFO - Processing file /home/james/airflowa/lib/python3.8/site-packages/airflow/example_dags/example_sla_dag.py for tasks to queue
[2022-06-08 12:59:14,942] {logging_mixin.py:115} INFO - [2022-06-08 12:59:14,942] {dagbag.py:507} INFO - Filling up the DagBag from /home/james/airflowa/lib/python3.8/site-packages/airflow/example_dags/example_sla_dag.py
[2022-06-08 12:59:14,963] {processor.py:651} INFO - DAG(s) dict_keys(['example_sla_dag']) retrieved from /home/james/airflowa/lib/python3.8/site-packages/airflow/example_dags/example_sla_dag.py
[2022-06-08 12:59:14,981] {logging_mixin.py:115} INFO - [2022-06-08 12:59:14,981] {dag.py:2379} INFO - Sync 1 DAGs
[2022-06-08 12:59:15,005] {logging_mixin.py:115} INFO - [2022-06-08 12:59:15,005] {dag.py:2927} INFO - Setting next_dagrun for example_sla_dag to 2022-06-08T09:56:00+00:00, run_after=2022-06-08T09:58:00+00:00
[2022-06-08 12:59:15,015] {processor.py:161} INFO - Processing /home/james/airflowa/lib/python3.8/site-packages/airflow/example_dags/example_sla_dag.py took 0.077 seconds
[2022-06-08 13:00:04,372] {processor.py:153} INFO - Started process (PID=124711) to work on /home/james/airflowa/lib/python3.8/site-packages/airflow/example_dags/example_sla_dag.py
[2022-06-08 13:00:04,372] {processor.py:641} INFO - Processing file /home/james/airflowa/lib/python3.8/site-packages/airflow/example_dags/example_sla_dag.py for tasks to queue
[2022-06-08 13:00:04,373] {logging_mixin.py:115} INFO - [2022-06-08 13:00:04,373] {dagbag.py:507} INFO - Filling up the DagBag from /home/james/airflowa/lib/python3.8/site-packages/airflow/example_dags/example_sla_dag.py
[2022-06-08 13:00:04,387] {processor.py:651} INFO - DAG(s) dict_keys(['example_sla_dag']) retrieved from /home/james/airflowa/lib/python3.8/site-packages/airflow/example_dags/example_sla_dag.py
[2022-06-08 13:00:04,399] {logging_mixin.py:115} INFO - [2022-06-08 13:00:04,399] {dag.py:2379} INFO - Sync 1 DAGs
[2022-06-08 13:00:04,417] {logging_mixin.py:115} INFO - [2022-06-08 13:00:04,417] {dag.py:2927} INFO - Setting next_dagrun for example_sla_dag to 2022-06-08T09:58:00+00:00, run_after=2022-06-08T10:00:00+00:00
[2022-06-08 13:00:04,429] {processor.py:161} INFO - Processing /home/james/airflowa/lib/python3.8/site-packages/airflow/example_dags/example_sla_dag.py took 0.059 seconds
[2022-06-08 13:00:48,372] {processor.py:153} INFO - Started process (PID=124997) to work on /home/james/airflowa/lib/python3.8/site-packages/airflow/example_dags/example_sla_dag.py
[2022-06-08 13:00:48,373] {processor.py:641} INFO - Processing file /home/james/airflowa/lib/python3.8/site-packages/airflow/example_dags/example_sla_dag.py for tasks to queue
[2022-06-08 13:00:48,374] {logging_mixin.py:115} INFO - [2022-06-08 13:00:48,374] {dagbag.py:507} INFO - Filling up the DagBag from /home/james/airflowa/lib/python3.8/site-packages/airflow/example_dags/example_sla_dag.py
[2022-06-08 13:00:48,389] {processor.py:651} INFO - DAG(s) dict_keys(['example_sla_dag']) retrieved from /home/james/airflowa/lib/python3.8/site-packages/airflow/example_dags/example_sla_dag.py
[2022-06-08 13:00:48,401] {logging_mixin.py:115} INFO - [2022-06-08 13:00:48,401] {dag.py:2379} INFO - Sync 1 DAGs
[2022-06-08 13:00:48,420] {logging_mixin.py:115} INFO - [2022-06-08 13:00:48,420] {dag.py:2927} INFO - Setting next_dagrun for example_sla_dag to 2022-06-08T09:58:00+00:00, run_after=2022-06-08T10:00:00+00:00
[2022-06-08 13:00:48,431] {processor.py:161} INFO - Processing /home/james/airflowa/lib/python3.8/site-packages/airflow/example_dags/example_sla_dag.py took 0.061 seconds
[2022-06-08 13:02:04,970] {processor.py:153} INFO - Started process (PID=125445) to work on /home/james/airflowa/lib/python3.8/site-packages/airflow/example_dags/example_sla_dag.py
[2022-06-08 13:02:04,971] {processor.py:641} INFO - Processing file /home/james/airflowa/lib/python3.8/site-packages/airflow/example_dags/example_sla_dag.py for tasks to queue
[2022-06-08 13:02:04,971] {logging_mixin.py:115} INFO - [2022-06-08 13:02:04,971] {dagbag.py:507} INFO - Filling up the DagBag from /home/james/airflowa/lib/python3.8/site-packages/airflow/example_dags/example_sla_dag.py
[2022-06-08 13:02:04,991] {processor.py:651} INFO - DAG(s) dict_keys(['example_sla_dag']) retrieved from /home/james/airflowa/lib/python3.8/site-packages/airflow/example_dags/example_sla_dag.py
[2022-06-08 13:02:05,011] {logging_mixin.py:115} INFO - [2022-06-08 13:02:05,011] {dag.py:2379} INFO - Sync 1 DAGs
[2022-06-08 13:02:05,038] {logging_mixin.py:115} INFO - [2022-06-08 13:02:05,038] {dag.py:2927} INFO - Setting next_dagrun for example_sla_dag to 2022-06-08T10:00:00+00:00, run_after=2022-06-08T10:02:00+00:00
[2022-06-08 13:02:05,055] {processor.py:161} INFO - Processing /home/james/airflowa/lib/python3.8/site-packages/airflow/example_dags/example_sla_dag.py took 0.088 seconds
[2022-06-08 13:03:07,834] {processor.py:153} INFO - Started process (PID=125770) to work on /home/james/airflowa/lib/python3.8/site-packages/airflow/example_dags/example_sla_dag.py
[2022-06-08 13:03:07,835] {processor.py:641} INFO - Processing file /home/james/airflowa/lib/python3.8/site-packages/airflow/example_dags/example_sla_dag.py for tasks to queue
[2022-06-08 13:03:07,836] {logging_mixin.py:115} INFO - [2022-06-08 13:03:07,836] {dagbag.py:507} INFO - Filling up the DagBag from /home/james/airflowa/lib/python3.8/site-packages/airflow/example_dags/example_sla_dag.py
[2022-06-08 13:03:07,860] {processor.py:651} INFO - DAG(s) dict_keys(['example_sla_dag']) retrieved from /home/james/airflowa/lib/python3.8/site-packages/airflow/example_dags/example_sla_dag.py
[2022-06-08 13:03:07,877] {logging_mixin.py:115} INFO - [2022-06-08 13:03:07,876] {dag.py:2379} INFO - Sync 1 DAGs
[2022-06-08 13:03:07,903] {logging_mixin.py:115} INFO - [2022-06-08 13:03:07,903] {dag.py:2927} INFO - Setting next_dagrun for example_sla_dag to 2022-06-08T10:00:00+00:00, run_after=2022-06-08T10:02:00+00:00
[2022-06-08 13:03:07,919] {processor.py:161} INFO - Processing /home/james/airflowa/lib/python3.8/site-packages/airflow/example_dags/example_sla_dag.py took 0.088 seconds
[2022-06-08 13:04:02,735] {processor.py:153} INFO - Started process (PID=126277) to work on /home/james/airflowa/lib/python3.8/site-packages/airflow/example_dags/example_sla_dag.py
[2022-06-08 13:04:02,736] {processor.py:641} INFO - Processing file /home/james/airflowa/lib/python3.8/site-packages/airflow/example_dags/example_sla_dag.py for tasks to queue
[2022-06-08 13:04:02,736] {logging_mixin.py:115} INFO - [2022-06-08 13:04:02,736] {dagbag.py:507} INFO - Filling up the DagBag from /home/james/airflowa/lib/python3.8/site-packages/airflow/example_dags/example_sla_dag.py
[2022-06-08 13:04:02,750] {processor.py:651} INFO - DAG(s) dict_keys(['example_sla_dag']) retrieved from /home/james/airflowa/lib/python3.8/site-packages/airflow/example_dags/example_sla_dag.py
[2022-06-08 13:04:02,763] {logging_mixin.py:115} INFO - [2022-06-08 13:04:02,763] {dag.py:2379} INFO - Sync 1 DAGs
[2022-06-08 13:04:02,782] {logging_mixin.py:115} INFO - [2022-06-08 13:04:02,782] {dag.py:2927} INFO - Setting next_dagrun for example_sla_dag to 2022-06-08T10:02:00+00:00, run_after=2022-06-08T10:04:00+00:00
[2022-06-08 13:04:02,792] {processor.py:161} INFO - Processing /home/james/airflowa/lib/python3.8/site-packages/airflow/example_dags/example_sla_dag.py took 0.060 seconds
[2022-06-08 13:04:41,141] {processor.py:153} INFO - Started process (PID=126402) to work on /home/james/airflowa/lib/python3.8/site-packages/airflow/example_dags/example_sla_dag.py
[2022-06-08 13:04:41,142] {processor.py:641} INFO - Processing file /home/james/airflowa/lib/python3.8/site-packages/airflow/example_dags/example_sla_dag.py for tasks to queue
[2022-06-08 13:04:41,142] {logging_mixin.py:115} INFO - [2022-06-08 13:04:41,142] {dagbag.py:507} INFO - Filling up the DagBag from /home/james/airflowa/lib/python3.8/site-packages/airflow/example_dags/example_sla_dag.py
[2022-06-08 13:04:41,156] {processor.py:651} INFO - DAG(s) dict_keys(['example_sla_dag']) retrieved from /home/james/airflowa/lib/python3.8/site-packages/airflow/example_dags/example_sla_dag.py
[2022-06-08 13:04:41,168] {logging_mixin.py:115} INFO - [2022-06-08 13:04:41,168] {dag.py:2379} INFO - Sync 1 DAGs
[2022-06-08 13:04:41,185] {logging_mixin.py:115} INFO - [2022-06-08 13:04:41,185] {dag.py:2927} INFO - Setting next_dagrun for example_sla_dag to 2022-06-08T10:02:00+00:00, run_after=2022-06-08T10:04:00+00:00
[2022-06-08 13:04:41,197] {processor.py:161} INFO - Processing /home/james/airflowa/lib/python3.8/site-packages/airflow/example_dags/example_sla_dag.py took 0.060 seconds
[2022-06-08 13:05:58,113] {processor.py:153} INFO - Started process (PID=126770) to work on /home/james/airflowa/lib/python3.8/site-packages/airflow/example_dags/example_sla_dag.py
[2022-06-08 13:05:58,113] {processor.py:641} INFO - Processing file /home/james/airflowa/lib/python3.8/site-packages/airflow/example_dags/example_sla_dag.py for tasks to queue
[2022-06-08 13:05:58,114] {logging_mixin.py:115} INFO - [2022-06-08 13:05:58,114] {dagbag.py:507} INFO - Filling up the DagBag from /home/james/airflowa/lib/python3.8/site-packages/airflow/example_dags/example_sla_dag.py
[2022-06-08 13:05:58,130] {processor.py:651} INFO - DAG(s) dict_keys(['example_sla_dag']) retrieved from /home/james/airflowa/lib/python3.8/site-packages/airflow/example_dags/example_sla_dag.py
[2022-06-08 13:05:58,143] {logging_mixin.py:115} INFO - [2022-06-08 13:05:58,143] {dag.py:2379} INFO - Sync 1 DAGs
[2022-06-08 13:05:58,160] {logging_mixin.py:115} INFO - [2022-06-08 13:05:58,160] {dag.py:2927} INFO - Setting next_dagrun for example_sla_dag to 2022-06-08T10:02:00+00:00, run_after=2022-06-08T10:04:00+00:00
[2022-06-08 13:05:58,204] {processor.py:161} INFO - Processing /home/james/airflowa/lib/python3.8/site-packages/airflow/example_dags/example_sla_dag.py took 0.093 seconds
