[2022-06-08 09:03:47,396] {processor.py:153} INFO - Started process (PID=23642) to work on /home/james/airflowa/lib/python3.8/site-packages/airflow/example_dags/tutorial.py
[2022-06-08 09:03:47,397] {processor.py:641} INFO - Processing file /home/james/airflowa/lib/python3.8/site-packages/airflow/example_dags/tutorial.py for tasks to queue
[2022-06-08 09:03:47,397] {logging_mixin.py:115} INFO - [2022-06-08 09:03:47,397] {dagbag.py:507} INFO - Filling up the DagBag from /home/james/airflowa/lib/python3.8/site-packages/airflow/example_dags/tutorial.py
[2022-06-08 09:03:47,403] {processor.py:651} INFO - DAG(s) dict_keys(['tutorial']) retrieved from /home/james/airflowa/lib/python3.8/site-packages/airflow/example_dags/tutorial.py
[2022-06-08 09:03:47,416] {logging_mixin.py:115} INFO - [2022-06-08 09:03:47,415] {dag.py:2379} INFO - Sync 1 DAGs
[2022-06-08 09:03:47,431] {logging_mixin.py:115} INFO - [2022-06-08 09:03:47,431] {dag.py:2927} INFO - Setting next_dagrun for tutorial to 2022-06-07T06:03:47.430867+00:00, run_after=2022-06-08T06:03:47.430867+00:00
[2022-06-08 09:03:47,447] {processor.py:161} INFO - Processing /home/james/airflowa/lib/python3.8/site-packages/airflow/example_dags/tutorial.py took 0.053 seconds
[2022-06-08 09:04:20,954] {processor.py:153} INFO - Started process (PID=23838) to work on /home/james/airflowa/lib/python3.8/site-packages/airflow/example_dags/tutorial.py
[2022-06-08 09:04:20,955] {processor.py:641} INFO - Processing file /home/james/airflowa/lib/python3.8/site-packages/airflow/example_dags/tutorial.py for tasks to queue
[2022-06-08 09:04:20,955] {logging_mixin.py:115} INFO - [2022-06-08 09:04:20,955] {dagbag.py:507} INFO - Filling up the DagBag from /home/james/airflowa/lib/python3.8/site-packages/airflow/example_dags/tutorial.py
[2022-06-08 09:04:20,960] {processor.py:651} INFO - DAG(s) dict_keys(['tutorial']) retrieved from /home/james/airflowa/lib/python3.8/site-packages/airflow/example_dags/tutorial.py
[2022-06-08 09:04:20,973] {logging_mixin.py:115} INFO - [2022-06-08 09:04:20,973] {dag.py:2379} INFO - Sync 1 DAGs
[2022-06-08 09:04:20,989] {logging_mixin.py:115} INFO - [2022-06-08 09:04:20,988] {dag.py:2927} INFO - Setting next_dagrun for tutorial to 2022-06-07T06:04:20.988643+00:00, run_after=2022-06-08T06:04:20.988643+00:00
[2022-06-08 09:04:21,000] {processor.py:161} INFO - Processing /home/james/airflowa/lib/python3.8/site-packages/airflow/example_dags/tutorial.py took 0.049 seconds
[2022-06-08 09:04:55,903] {processor.py:153} INFO - Started process (PID=23972) to work on /home/james/airflowa/lib/python3.8/site-packages/airflow/example_dags/tutorial.py
[2022-06-08 09:04:55,904] {processor.py:641} INFO - Processing file /home/james/airflowa/lib/python3.8/site-packages/airflow/example_dags/tutorial.py for tasks to queue
[2022-06-08 09:04:55,905] {logging_mixin.py:115} INFO - [2022-06-08 09:04:55,905] {dagbag.py:507} INFO - Filling up the DagBag from /home/james/airflowa/lib/python3.8/site-packages/airflow/example_dags/tutorial.py
[2022-06-08 09:04:55,912] {processor.py:651} INFO - DAG(s) dict_keys(['tutorial']) retrieved from /home/james/airflowa/lib/python3.8/site-packages/airflow/example_dags/tutorial.py
[2022-06-08 09:04:55,929] {logging_mixin.py:115} INFO - [2022-06-08 09:04:55,929] {dag.py:2379} INFO - Sync 1 DAGs
[2022-06-08 09:04:55,946] {logging_mixin.py:115} INFO - [2022-06-08 09:04:55,946] {dag.py:2927} INFO - Setting next_dagrun for tutorial to 2022-06-07T06:04:55.945900+00:00, run_after=2022-06-08T06:04:55.945900+00:00
[2022-06-08 09:04:55,957] {processor.py:161} INFO - Processing /home/james/airflowa/lib/python3.8/site-packages/airflow/example_dags/tutorial.py took 0.056 seconds
[2022-06-08 09:05:39,010] {processor.py:153} INFO - Started process (PID=24445) to work on /home/james/airflowa/lib/python3.8/site-packages/airflow/example_dags/tutorial.py
[2022-06-08 09:05:39,011] {processor.py:641} INFO - Processing file /home/james/airflowa/lib/python3.8/site-packages/airflow/example_dags/tutorial.py for tasks to queue
[2022-06-08 09:05:39,011] {logging_mixin.py:115} INFO - [2022-06-08 09:05:39,011] {dagbag.py:507} INFO - Filling up the DagBag from /home/james/airflowa/lib/python3.8/site-packages/airflow/example_dags/tutorial.py
[2022-06-08 09:05:39,018] {processor.py:651} INFO - DAG(s) dict_keys(['tutorial']) retrieved from /home/james/airflowa/lib/python3.8/site-packages/airflow/example_dags/tutorial.py
[2022-06-08 09:05:39,032] {logging_mixin.py:115} INFO - [2022-06-08 09:05:39,032] {dag.py:2379} INFO - Sync 1 DAGs
[2022-06-08 09:05:39,047] {logging_mixin.py:115} INFO - [2022-06-08 09:05:39,047] {dag.py:2927} INFO - Setting next_dagrun for tutorial to 2022-06-07T06:05:39.046929+00:00, run_after=2022-06-08T06:05:39.046929+00:00
[2022-06-08 09:05:39,057] {processor.py:161} INFO - Processing /home/james/airflowa/lib/python3.8/site-packages/airflow/example_dags/tutorial.py took 0.051 seconds
[2022-06-08 09:06:42,532] {processor.py:153} INFO - Started process (PID=24922) to work on /home/james/airflowa/lib/python3.8/site-packages/airflow/example_dags/tutorial.py
[2022-06-08 09:06:42,533] {processor.py:641} INFO - Processing file /home/james/airflowa/lib/python3.8/site-packages/airflow/example_dags/tutorial.py for tasks to queue
[2022-06-08 09:06:42,534] {logging_mixin.py:115} INFO - [2022-06-08 09:06:42,534] {dagbag.py:507} INFO - Filling up the DagBag from /home/james/airflowa/lib/python3.8/site-packages/airflow/example_dags/tutorial.py
[2022-06-08 09:06:42,542] {processor.py:651} INFO - DAG(s) dict_keys(['tutorial']) retrieved from /home/james/airflowa/lib/python3.8/site-packages/airflow/example_dags/tutorial.py
[2022-06-08 09:06:42,565] {logging_mixin.py:115} INFO - [2022-06-08 09:06:42,565] {dag.py:2379} INFO - Sync 1 DAGs
[2022-06-08 09:06:42,592] {logging_mixin.py:115} INFO - [2022-06-08 09:06:42,592] {dag.py:2927} INFO - Setting next_dagrun for tutorial to 2022-06-07T06:06:42.592024+00:00, run_after=2022-06-08T06:06:42.592024+00:00
[2022-06-08 09:06:42,616] {processor.py:161} INFO - Processing /home/james/airflowa/lib/python3.8/site-packages/airflow/example_dags/tutorial.py took 0.090 seconds
[2022-06-08 09:07:32,909] {processor.py:153} INFO - Started process (PID=25260) to work on /home/james/airflowa/lib/python3.8/site-packages/airflow/example_dags/tutorial.py
[2022-06-08 09:07:32,910] {processor.py:641} INFO - Processing file /home/james/airflowa/lib/python3.8/site-packages/airflow/example_dags/tutorial.py for tasks to queue
[2022-06-08 09:07:32,910] {logging_mixin.py:115} INFO - [2022-06-08 09:07:32,910] {dagbag.py:507} INFO - Filling up the DagBag from /home/james/airflowa/lib/python3.8/site-packages/airflow/example_dags/tutorial.py
[2022-06-08 09:07:32,917] {processor.py:651} INFO - DAG(s) dict_keys(['tutorial']) retrieved from /home/james/airflowa/lib/python3.8/site-packages/airflow/example_dags/tutorial.py
[2022-06-08 09:07:32,937] {logging_mixin.py:115} INFO - [2022-06-08 09:07:32,937] {dag.py:2379} INFO - Sync 1 DAGs
[2022-06-08 09:07:32,959] {logging_mixin.py:115} INFO - [2022-06-08 09:07:32,959] {dag.py:2927} INFO - Setting next_dagrun for tutorial to 2022-06-07T06:07:32.959366+00:00, run_after=2022-06-08T06:07:32.959366+00:00
[2022-06-08 09:07:32,974] {processor.py:161} INFO - Processing /home/james/airflowa/lib/python3.8/site-packages/airflow/example_dags/tutorial.py took 0.068 seconds
[2022-06-08 09:08:18,678] {processor.py:153} INFO - Started process (PID=25497) to work on /home/james/airflowa/lib/python3.8/site-packages/airflow/example_dags/tutorial.py
[2022-06-08 09:08:18,679] {processor.py:641} INFO - Processing file /home/james/airflowa/lib/python3.8/site-packages/airflow/example_dags/tutorial.py for tasks to queue
[2022-06-08 09:08:18,679] {logging_mixin.py:115} INFO - [2022-06-08 09:08:18,679] {dagbag.py:507} INFO - Filling up the DagBag from /home/james/airflowa/lib/python3.8/site-packages/airflow/example_dags/tutorial.py
[2022-06-08 09:08:18,686] {processor.py:651} INFO - DAG(s) dict_keys(['tutorial']) retrieved from /home/james/airflowa/lib/python3.8/site-packages/airflow/example_dags/tutorial.py
[2022-06-08 09:08:18,706] {logging_mixin.py:115} INFO - [2022-06-08 09:08:18,706] {dag.py:2379} INFO - Sync 1 DAGs
[2022-06-08 09:08:18,729] {logging_mixin.py:115} INFO - [2022-06-08 09:08:18,728] {dag.py:2927} INFO - Setting next_dagrun for tutorial to 2022-06-07T06:08:18.728609+00:00, run_after=2022-06-08T06:08:18.728609+00:00
[2022-06-08 09:08:18,744] {processor.py:161} INFO - Processing /home/james/airflowa/lib/python3.8/site-packages/airflow/example_dags/tutorial.py took 0.069 seconds
[2022-06-08 09:09:06,566] {processor.py:153} INFO - Started process (PID=25810) to work on /home/james/airflowa/lib/python3.8/site-packages/airflow/example_dags/tutorial.py
[2022-06-08 09:09:06,567] {processor.py:641} INFO - Processing file /home/james/airflowa/lib/python3.8/site-packages/airflow/example_dags/tutorial.py for tasks to queue
[2022-06-08 09:09:06,567] {logging_mixin.py:115} INFO - [2022-06-08 09:09:06,567] {dagbag.py:507} INFO - Filling up the DagBag from /home/james/airflowa/lib/python3.8/site-packages/airflow/example_dags/tutorial.py
[2022-06-08 09:09:06,574] {processor.py:651} INFO - DAG(s) dict_keys(['tutorial']) retrieved from /home/james/airflowa/lib/python3.8/site-packages/airflow/example_dags/tutorial.py
[2022-06-08 09:09:06,593] {logging_mixin.py:115} INFO - [2022-06-08 09:09:06,593] {dag.py:2379} INFO - Sync 1 DAGs
[2022-06-08 09:09:06,616] {logging_mixin.py:115} INFO - [2022-06-08 09:09:06,616] {dag.py:2927} INFO - Setting next_dagrun for tutorial to 2022-06-07T06:09:06.615688+00:00, run_after=2022-06-08T06:09:06.615688+00:00
[2022-06-08 09:09:06,630] {processor.py:161} INFO - Processing /home/james/airflowa/lib/python3.8/site-packages/airflow/example_dags/tutorial.py took 0.068 seconds
[2022-06-08 09:09:59,463] {processor.py:153} INFO - Started process (PID=26104) to work on /home/james/airflowa/lib/python3.8/site-packages/airflow/example_dags/tutorial.py
[2022-06-08 09:09:59,464] {processor.py:641} INFO - Processing file /home/james/airflowa/lib/python3.8/site-packages/airflow/example_dags/tutorial.py for tasks to queue
[2022-06-08 09:09:59,465] {logging_mixin.py:115} INFO - [2022-06-08 09:09:59,465] {dagbag.py:507} INFO - Filling up the DagBag from /home/james/airflowa/lib/python3.8/site-packages/airflow/example_dags/tutorial.py
[2022-06-08 09:09:59,473] {processor.py:651} INFO - DAG(s) dict_keys(['tutorial']) retrieved from /home/james/airflowa/lib/python3.8/site-packages/airflow/example_dags/tutorial.py
[2022-06-08 09:09:59,496] {logging_mixin.py:115} INFO - [2022-06-08 09:09:59,496] {dag.py:2379} INFO - Sync 1 DAGs
[2022-06-08 09:09:59,527] {logging_mixin.py:115} INFO - [2022-06-08 09:09:59,526] {dag.py:2927} INFO - Setting next_dagrun for tutorial to 2022-06-07T06:09:59.526593+00:00, run_after=2022-06-08T06:09:59.526593+00:00
[2022-06-08 09:09:59,546] {processor.py:161} INFO - Processing /home/james/airflowa/lib/python3.8/site-packages/airflow/example_dags/tutorial.py took 0.087 seconds
[2022-06-08 09:11:02,489] {processor.py:153} INFO - Started process (PID=27014) to work on /home/james/airflowa/lib/python3.8/site-packages/airflow/example_dags/tutorial.py
[2022-06-08 09:11:02,490] {processor.py:641} INFO - Processing file /home/james/airflowa/lib/python3.8/site-packages/airflow/example_dags/tutorial.py for tasks to queue
[2022-06-08 09:11:02,490] {logging_mixin.py:115} INFO - [2022-06-08 09:11:02,490] {dagbag.py:507} INFO - Filling up the DagBag from /home/james/airflowa/lib/python3.8/site-packages/airflow/example_dags/tutorial.py
[2022-06-08 09:11:02,498] {processor.py:651} INFO - DAG(s) dict_keys(['tutorial']) retrieved from /home/james/airflowa/lib/python3.8/site-packages/airflow/example_dags/tutorial.py
[2022-06-08 09:11:02,522] {logging_mixin.py:115} INFO - [2022-06-08 09:11:02,522] {dag.py:2379} INFO - Sync 1 DAGs
[2022-06-08 09:11:02,557] {logging_mixin.py:115} INFO - [2022-06-08 09:11:02,557] {dag.py:2927} INFO - Setting next_dagrun for tutorial to 2022-06-07T06:11:02.556933+00:00, run_after=2022-06-08T06:11:02.556933+00:00
[2022-06-08 09:11:02,588] {processor.py:161} INFO - Processing /home/james/airflowa/lib/python3.8/site-packages/airflow/example_dags/tutorial.py took 0.103 seconds
[2022-06-08 09:12:18,902] {processor.py:153} INFO - Started process (PID=27434) to work on /home/james/airflowa/lib/python3.8/site-packages/airflow/example_dags/tutorial.py
[2022-06-08 09:12:18,904] {processor.py:641} INFO - Processing file /home/james/airflowa/lib/python3.8/site-packages/airflow/example_dags/tutorial.py for tasks to queue
[2022-06-08 09:12:18,905] {logging_mixin.py:115} INFO - [2022-06-08 09:12:18,905] {dagbag.py:507} INFO - Filling up the DagBag from /home/james/airflowa/lib/python3.8/site-packages/airflow/example_dags/tutorial.py
[2022-06-08 09:12:18,919] {processor.py:651} INFO - DAG(s) dict_keys(['tutorial']) retrieved from /home/james/airflowa/lib/python3.8/site-packages/airflow/example_dags/tutorial.py
[2022-06-08 09:12:18,965] {logging_mixin.py:115} INFO - [2022-06-08 09:12:18,965] {dag.py:2379} INFO - Sync 1 DAGs
[2022-06-08 09:12:19,010] {logging_mixin.py:115} INFO - [2022-06-08 09:12:19,010] {dag.py:2927} INFO - Setting next_dagrun for tutorial to 2022-06-07T06:12:19.009592+00:00, run_after=2022-06-08T06:12:19.009592+00:00
[2022-06-08 09:12:19,040] {processor.py:161} INFO - Processing /home/james/airflowa/lib/python3.8/site-packages/airflow/example_dags/tutorial.py took 0.145 seconds
[2022-06-08 09:14:08,532] {processor.py:153} INFO - Started process (PID=28065) to work on /home/james/airflowa/lib/python3.8/site-packages/airflow/example_dags/tutorial.py
[2022-06-08 09:14:08,534] {processor.py:641} INFO - Processing file /home/james/airflowa/lib/python3.8/site-packages/airflow/example_dags/tutorial.py for tasks to queue
[2022-06-08 09:14:08,536] {logging_mixin.py:115} INFO - [2022-06-08 09:14:08,536] {dagbag.py:507} INFO - Filling up the DagBag from /home/james/airflowa/lib/python3.8/site-packages/airflow/example_dags/tutorial.py
[2022-06-08 09:14:08,552] {processor.py:651} INFO - DAG(s) dict_keys(['tutorial']) retrieved from /home/james/airflowa/lib/python3.8/site-packages/airflow/example_dags/tutorial.py
[2022-06-08 09:14:08,599] {logging_mixin.py:115} INFO - [2022-06-08 09:14:08,599] {dag.py:2379} INFO - Sync 1 DAGs
[2022-06-08 09:14:08,655] {logging_mixin.py:115} INFO - [2022-06-08 09:14:08,655] {dag.py:2927} INFO - Setting next_dagrun for tutorial to 2022-06-07T06:14:08.654838+00:00, run_after=2022-06-08T06:14:08.654838+00:00
[2022-06-08 09:14:08,704] {processor.py:161} INFO - Processing /home/james/airflowa/lib/python3.8/site-packages/airflow/example_dags/tutorial.py took 0.180 seconds
[2022-06-08 09:15:49,670] {processor.py:153} INFO - Started process (PID=28614) to work on /home/james/airflowa/lib/python3.8/site-packages/airflow/example_dags/tutorial.py
[2022-06-08 09:15:49,671] {processor.py:641} INFO - Processing file /home/james/airflowa/lib/python3.8/site-packages/airflow/example_dags/tutorial.py for tasks to queue
[2022-06-08 09:15:49,672] {logging_mixin.py:115} INFO - [2022-06-08 09:15:49,672] {dagbag.py:507} INFO - Filling up the DagBag from /home/james/airflowa/lib/python3.8/site-packages/airflow/example_dags/tutorial.py
[2022-06-08 09:15:49,683] {processor.py:651} INFO - DAG(s) dict_keys(['tutorial']) retrieved from /home/james/airflowa/lib/python3.8/site-packages/airflow/example_dags/tutorial.py
[2022-06-08 09:15:49,712] {logging_mixin.py:115} INFO - [2022-06-08 09:15:49,712] {dag.py:2379} INFO - Sync 1 DAGs
[2022-06-08 09:15:49,750] {logging_mixin.py:115} INFO - [2022-06-08 09:15:49,750] {dag.py:2927} INFO - Setting next_dagrun for tutorial to 2022-06-07T06:15:49.749606+00:00, run_after=2022-06-08T06:15:49.749606+00:00
[2022-06-08 09:15:49,772] {processor.py:161} INFO - Processing /home/james/airflowa/lib/python3.8/site-packages/airflow/example_dags/tutorial.py took 0.108 seconds
[2022-06-08 09:17:38,236] {processor.py:153} INFO - Started process (PID=30253) to work on /home/james/airflowa/lib/python3.8/site-packages/airflow/example_dags/tutorial.py
[2022-06-08 09:17:38,237] {processor.py:641} INFO - Processing file /home/james/airflowa/lib/python3.8/site-packages/airflow/example_dags/tutorial.py for tasks to queue
[2022-06-08 09:17:38,238] {logging_mixin.py:115} INFO - [2022-06-08 09:17:38,238] {dagbag.py:507} INFO - Filling up the DagBag from /home/james/airflowa/lib/python3.8/site-packages/airflow/example_dags/tutorial.py
[2022-06-08 09:17:38,250] {processor.py:651} INFO - DAG(s) dict_keys(['tutorial']) retrieved from /home/james/airflowa/lib/python3.8/site-packages/airflow/example_dags/tutorial.py
[2022-06-08 09:17:38,277] {logging_mixin.py:115} INFO - [2022-06-08 09:17:38,277] {dag.py:2379} INFO - Sync 1 DAGs
[2022-06-08 09:17:38,312] {logging_mixin.py:115} INFO - [2022-06-08 09:17:38,312] {dag.py:2927} INFO - Setting next_dagrun for tutorial to 2022-06-07T06:17:38.312257+00:00, run_after=2022-06-08T06:17:38.312257+00:00
[2022-06-08 09:17:38,338] {processor.py:161} INFO - Processing /home/james/airflowa/lib/python3.8/site-packages/airflow/example_dags/tutorial.py took 0.107 seconds
[2022-06-08 09:19:22,111] {processor.py:153} INFO - Started process (PID=30992) to work on /home/james/airflowa/lib/python3.8/site-packages/airflow/example_dags/tutorial.py
[2022-06-08 09:19:22,112] {processor.py:641} INFO - Processing file /home/james/airflowa/lib/python3.8/site-packages/airflow/example_dags/tutorial.py for tasks to queue
[2022-06-08 09:19:22,113] {logging_mixin.py:115} INFO - [2022-06-08 09:19:22,113] {dagbag.py:507} INFO - Filling up the DagBag from /home/james/airflowa/lib/python3.8/site-packages/airflow/example_dags/tutorial.py
[2022-06-08 09:19:22,123] {processor.py:651} INFO - DAG(s) dict_keys(['tutorial']) retrieved from /home/james/airflowa/lib/python3.8/site-packages/airflow/example_dags/tutorial.py
[2022-06-08 09:19:22,154] {logging_mixin.py:115} INFO - [2022-06-08 09:19:22,154] {dag.py:2379} INFO - Sync 1 DAGs
[2022-06-08 09:19:22,202] {logging_mixin.py:115} INFO - [2022-06-08 09:19:22,201] {dag.py:2927} INFO - Setting next_dagrun for tutorial to 2022-06-07T06:19:22.200869+00:00, run_after=2022-06-08T06:19:22.200869+00:00
[2022-06-08 09:19:22,236] {processor.py:161} INFO - Processing /home/james/airflowa/lib/python3.8/site-packages/airflow/example_dags/tutorial.py took 0.130 seconds
[2022-06-08 09:21:46,302] {processor.py:153} INFO - Started process (PID=32674) to work on /home/james/airflowa/lib/python3.8/site-packages/airflow/example_dags/tutorial.py
[2022-06-08 09:21:46,303] {processor.py:641} INFO - Processing file /home/james/airflowa/lib/python3.8/site-packages/airflow/example_dags/tutorial.py for tasks to queue
[2022-06-08 09:21:46,304] {logging_mixin.py:115} INFO - [2022-06-08 09:21:46,304] {dagbag.py:507} INFO - Filling up the DagBag from /home/james/airflowa/lib/python3.8/site-packages/airflow/example_dags/tutorial.py
[2022-06-08 09:21:46,319] {processor.py:651} INFO - DAG(s) dict_keys(['tutorial']) retrieved from /home/james/airflowa/lib/python3.8/site-packages/airflow/example_dags/tutorial.py
[2022-06-08 09:21:46,359] {logging_mixin.py:115} INFO - [2022-06-08 09:21:46,359] {dag.py:2379} INFO - Sync 1 DAGs
[2022-06-08 09:21:46,409] {logging_mixin.py:115} INFO - [2022-06-08 09:21:46,408] {dag.py:2927} INFO - Setting next_dagrun for tutorial to 2022-06-07T06:21:46.407849+00:00, run_after=2022-06-08T06:21:46.407849+00:00
[2022-06-08 09:21:46,437] {processor.py:161} INFO - Processing /home/james/airflowa/lib/python3.8/site-packages/airflow/example_dags/tutorial.py took 0.142 seconds
[2022-06-08 09:23:44,024] {processor.py:153} INFO - Started process (PID=33361) to work on /home/james/airflowa/lib/python3.8/site-packages/airflow/example_dags/tutorial.py
[2022-06-08 09:23:44,025] {processor.py:641} INFO - Processing file /home/james/airflowa/lib/python3.8/site-packages/airflow/example_dags/tutorial.py for tasks to queue
[2022-06-08 09:23:44,026] {logging_mixin.py:115} INFO - [2022-06-08 09:23:44,026] {dagbag.py:507} INFO - Filling up the DagBag from /home/james/airflowa/lib/python3.8/site-packages/airflow/example_dags/tutorial.py
[2022-06-08 09:23:44,037] {processor.py:651} INFO - DAG(s) dict_keys(['tutorial']) retrieved from /home/james/airflowa/lib/python3.8/site-packages/airflow/example_dags/tutorial.py
[2022-06-08 09:23:44,074] {logging_mixin.py:115} INFO - [2022-06-08 09:23:44,073] {dag.py:2379} INFO - Sync 1 DAGs
[2022-06-08 09:23:44,117] {logging_mixin.py:115} INFO - [2022-06-08 09:23:44,116] {dag.py:2927} INFO - Setting next_dagrun for tutorial to 2022-06-07T06:23:44.116240+00:00, run_after=2022-06-08T06:23:44.116240+00:00
[2022-06-08 09:23:44,153] {processor.py:161} INFO - Processing /home/james/airflowa/lib/python3.8/site-packages/airflow/example_dags/tutorial.py took 0.134 seconds
[2022-06-08 09:25:44,406] {processor.py:153} INFO - Started process (PID=34033) to work on /home/james/airflowa/lib/python3.8/site-packages/airflow/example_dags/tutorial.py
[2022-06-08 09:25:44,407] {processor.py:641} INFO - Processing file /home/james/airflowa/lib/python3.8/site-packages/airflow/example_dags/tutorial.py for tasks to queue
[2022-06-08 09:25:44,408] {logging_mixin.py:115} INFO - [2022-06-08 09:25:44,408] {dagbag.py:507} INFO - Filling up the DagBag from /home/james/airflowa/lib/python3.8/site-packages/airflow/example_dags/tutorial.py
[2022-06-08 09:25:44,422] {processor.py:651} INFO - DAG(s) dict_keys(['tutorial']) retrieved from /home/james/airflowa/lib/python3.8/site-packages/airflow/example_dags/tutorial.py
[2022-06-08 09:25:44,458] {logging_mixin.py:115} INFO - [2022-06-08 09:25:44,458] {dag.py:2379} INFO - Sync 1 DAGs
[2022-06-08 09:25:44,499] {logging_mixin.py:115} INFO - [2022-06-08 09:25:44,499] {dag.py:2927} INFO - Setting next_dagrun for tutorial to 2022-06-07T06:25:44.498703+00:00, run_after=2022-06-08T06:25:44.498703+00:00
[2022-06-08 09:25:44,520] {processor.py:161} INFO - Processing /home/james/airflowa/lib/python3.8/site-packages/airflow/example_dags/tutorial.py took 0.121 seconds
[2022-06-08 09:27:57,337] {processor.py:153} INFO - Started process (PID=34846) to work on /home/james/airflowa/lib/python3.8/site-packages/airflow/example_dags/tutorial.py
[2022-06-08 09:27:57,338] {processor.py:641} INFO - Processing file /home/james/airflowa/lib/python3.8/site-packages/airflow/example_dags/tutorial.py for tasks to queue
[2022-06-08 09:27:57,339] {logging_mixin.py:115} INFO - [2022-06-08 09:27:57,339] {dagbag.py:507} INFO - Filling up the DagBag from /home/james/airflowa/lib/python3.8/site-packages/airflow/example_dags/tutorial.py
[2022-06-08 09:27:57,350] {processor.py:651} INFO - DAG(s) dict_keys(['tutorial']) retrieved from /home/james/airflowa/lib/python3.8/site-packages/airflow/example_dags/tutorial.py
[2022-06-08 09:27:57,386] {logging_mixin.py:115} INFO - [2022-06-08 09:27:57,385] {dag.py:2379} INFO - Sync 1 DAGs
[2022-06-08 09:27:57,422] {logging_mixin.py:115} INFO - [2022-06-08 09:27:57,421] {dag.py:2927} INFO - Setting next_dagrun for tutorial to 2022-06-07T06:27:57.421294+00:00, run_after=2022-06-08T06:27:57.421294+00:00
[2022-06-08 09:27:57,444] {processor.py:161} INFO - Processing /home/james/airflowa/lib/python3.8/site-packages/airflow/example_dags/tutorial.py took 0.112 seconds
[2022-06-08 11:27:30,639] {processor.py:153} INFO - Started process (PID=76490) to work on /home/james/airflowa/lib/python3.8/site-packages/airflow/example_dags/tutorial.py
[2022-06-08 11:27:30,640] {processor.py:641} INFO - Processing file /home/james/airflowa/lib/python3.8/site-packages/airflow/example_dags/tutorial.py for tasks to queue
[2022-06-08 11:27:30,641] {logging_mixin.py:115} INFO - [2022-06-08 11:27:30,641] {dagbag.py:507} INFO - Filling up the DagBag from /home/james/airflowa/lib/python3.8/site-packages/airflow/example_dags/tutorial.py
[2022-06-08 11:27:30,647] {processor.py:651} INFO - DAG(s) dict_keys(['tutorial']) retrieved from /home/james/airflowa/lib/python3.8/site-packages/airflow/example_dags/tutorial.py
[2022-06-08 11:27:30,662] {logging_mixin.py:115} INFO - [2022-06-08 11:27:30,662] {dag.py:2379} INFO - Sync 1 DAGs
[2022-06-08 11:27:30,677] {logging_mixin.py:115} INFO - [2022-06-08 11:27:30,677] {dag.py:2927} INFO - Setting next_dagrun for tutorial to 2022-06-07T08:27:30.676805+00:00, run_after=2022-06-08T08:27:30.676805+00:00
[2022-06-08 11:27:30,690] {processor.py:161} INFO - Processing /home/james/airflowa/lib/python3.8/site-packages/airflow/example_dags/tutorial.py took 0.053 seconds
[2022-06-08 11:28:03,710] {processor.py:153} INFO - Started process (PID=76645) to work on /home/james/airflowa/lib/python3.8/site-packages/airflow/example_dags/tutorial.py
[2022-06-08 11:28:03,710] {processor.py:641} INFO - Processing file /home/james/airflowa/lib/python3.8/site-packages/airflow/example_dags/tutorial.py for tasks to queue
[2022-06-08 11:28:03,710] {logging_mixin.py:115} INFO - [2022-06-08 11:28:03,710] {dagbag.py:507} INFO - Filling up the DagBag from /home/james/airflowa/lib/python3.8/site-packages/airflow/example_dags/tutorial.py
[2022-06-08 11:28:03,715] {processor.py:651} INFO - DAG(s) dict_keys(['tutorial']) retrieved from /home/james/airflowa/lib/python3.8/site-packages/airflow/example_dags/tutorial.py
[2022-06-08 11:28:03,729] {logging_mixin.py:115} INFO - [2022-06-08 11:28:03,729] {dag.py:2379} INFO - Sync 1 DAGs
[2022-06-08 11:28:03,744] {logging_mixin.py:115} INFO - [2022-06-08 11:28:03,744] {dag.py:2927} INFO - Setting next_dagrun for tutorial to 2022-06-07T08:28:03.744202+00:00, run_after=2022-06-08T08:28:03.744202+00:00
[2022-06-08 11:28:03,755] {processor.py:161} INFO - Processing /home/james/airflowa/lib/python3.8/site-packages/airflow/example_dags/tutorial.py took 0.047 seconds
[2022-06-08 11:28:37,566] {processor.py:153} INFO - Started process (PID=76933) to work on /home/james/airflowa/lib/python3.8/site-packages/airflow/example_dags/tutorial.py
[2022-06-08 11:28:37,567] {processor.py:641} INFO - Processing file /home/james/airflowa/lib/python3.8/site-packages/airflow/example_dags/tutorial.py for tasks to queue
[2022-06-08 11:28:37,567] {logging_mixin.py:115} INFO - [2022-06-08 11:28:37,567] {dagbag.py:507} INFO - Filling up the DagBag from /home/james/airflowa/lib/python3.8/site-packages/airflow/example_dags/tutorial.py
[2022-06-08 11:28:37,572] {processor.py:651} INFO - DAG(s) dict_keys(['tutorial']) retrieved from /home/james/airflowa/lib/python3.8/site-packages/airflow/example_dags/tutorial.py
[2022-06-08 11:28:37,584] {logging_mixin.py:115} INFO - [2022-06-08 11:28:37,584] {dag.py:2379} INFO - Sync 1 DAGs
[2022-06-08 11:28:37,599] {logging_mixin.py:115} INFO - [2022-06-08 11:28:37,599] {dag.py:2927} INFO - Setting next_dagrun for tutorial to 2022-06-07T08:28:37.599239+00:00, run_after=2022-06-08T08:28:37.599239+00:00
[2022-06-08 11:28:37,611] {processor.py:161} INFO - Processing /home/james/airflowa/lib/python3.8/site-packages/airflow/example_dags/tutorial.py took 0.047 seconds
[2022-06-08 11:29:15,509] {processor.py:153} INFO - Started process (PID=77190) to work on /home/james/airflowa/lib/python3.8/site-packages/airflow/example_dags/tutorial.py
[2022-06-08 11:29:15,510] {processor.py:641} INFO - Processing file /home/james/airflowa/lib/python3.8/site-packages/airflow/example_dags/tutorial.py for tasks to queue
[2022-06-08 11:29:15,510] {logging_mixin.py:115} INFO - [2022-06-08 11:29:15,510] {dagbag.py:507} INFO - Filling up the DagBag from /home/james/airflowa/lib/python3.8/site-packages/airflow/example_dags/tutorial.py
[2022-06-08 11:29:15,515] {processor.py:651} INFO - DAG(s) dict_keys(['tutorial']) retrieved from /home/james/airflowa/lib/python3.8/site-packages/airflow/example_dags/tutorial.py
[2022-06-08 11:29:15,528] {logging_mixin.py:115} INFO - [2022-06-08 11:29:15,527] {dag.py:2379} INFO - Sync 1 DAGs
[2022-06-08 11:29:15,543] {logging_mixin.py:115} INFO - [2022-06-08 11:29:15,543] {dag.py:2927} INFO - Setting next_dagrun for tutorial to 2022-06-07T08:29:15.543493+00:00, run_after=2022-06-08T08:29:15.543493+00:00
[2022-06-08 11:29:15,554] {processor.py:161} INFO - Processing /home/james/airflowa/lib/python3.8/site-packages/airflow/example_dags/tutorial.py took 0.050 seconds
[2022-06-08 11:29:48,610] {processor.py:153} INFO - Started process (PID=77553) to work on /home/james/airflowa/lib/python3.8/site-packages/airflow/example_dags/tutorial.py
[2022-06-08 11:29:48,611] {processor.py:641} INFO - Processing file /home/james/airflowa/lib/python3.8/site-packages/airflow/example_dags/tutorial.py for tasks to queue
[2022-06-08 11:29:48,611] {logging_mixin.py:115} INFO - [2022-06-08 11:29:48,611] {dagbag.py:507} INFO - Filling up the DagBag from /home/james/airflowa/lib/python3.8/site-packages/airflow/example_dags/tutorial.py
[2022-06-08 11:29:48,617] {processor.py:651} INFO - DAG(s) dict_keys(['tutorial']) retrieved from /home/james/airflowa/lib/python3.8/site-packages/airflow/example_dags/tutorial.py
[2022-06-08 11:29:48,632] {logging_mixin.py:115} INFO - [2022-06-08 11:29:48,632] {dag.py:2379} INFO - Sync 1 DAGs
[2022-06-08 11:29:48,651] {logging_mixin.py:115} INFO - [2022-06-08 11:29:48,651] {dag.py:2927} INFO - Setting next_dagrun for tutorial to 2022-06-07T08:29:48.651171+00:00, run_after=2022-06-08T08:29:48.651171+00:00
[2022-06-08 11:29:48,666] {processor.py:161} INFO - Processing /home/james/airflowa/lib/python3.8/site-packages/airflow/example_dags/tutorial.py took 0.058 seconds
[2022-06-08 11:30:38,759] {processor.py:153} INFO - Started process (PID=78222) to work on /home/james/airflowa/lib/python3.8/site-packages/airflow/example_dags/tutorial.py
[2022-06-08 11:30:38,760] {processor.py:641} INFO - Processing file /home/james/airflowa/lib/python3.8/site-packages/airflow/example_dags/tutorial.py for tasks to queue
[2022-06-08 11:30:38,760] {logging_mixin.py:115} INFO - [2022-06-08 11:30:38,760] {dagbag.py:507} INFO - Filling up the DagBag from /home/james/airflowa/lib/python3.8/site-packages/airflow/example_dags/tutorial.py
[2022-06-08 11:30:38,766] {processor.py:651} INFO - DAG(s) dict_keys(['tutorial']) retrieved from /home/james/airflowa/lib/python3.8/site-packages/airflow/example_dags/tutorial.py
[2022-06-08 11:30:38,785] {logging_mixin.py:115} INFO - [2022-06-08 11:30:38,784] {dag.py:2379} INFO - Sync 1 DAGs
[2022-06-08 11:30:38,805] {logging_mixin.py:115} INFO - [2022-06-08 11:30:38,805] {dag.py:2927} INFO - Setting next_dagrun for tutorial to 2022-06-07T08:30:38.805227+00:00, run_after=2022-06-08T08:30:38.805227+00:00
[2022-06-08 11:30:38,818] {processor.py:161} INFO - Processing /home/james/airflowa/lib/python3.8/site-packages/airflow/example_dags/tutorial.py took 0.062 seconds
[2022-06-08 11:31:47,052] {processor.py:153} INFO - Started process (PID=78670) to work on /home/james/airflowa/lib/python3.8/site-packages/airflow/example_dags/tutorial.py
[2022-06-08 11:31:47,053] {processor.py:641} INFO - Processing file /home/james/airflowa/lib/python3.8/site-packages/airflow/example_dags/tutorial.py for tasks to queue
[2022-06-08 11:31:47,054] {logging_mixin.py:115} INFO - [2022-06-08 11:31:47,054] {dagbag.py:507} INFO - Filling up the DagBag from /home/james/airflowa/lib/python3.8/site-packages/airflow/example_dags/tutorial.py
[2022-06-08 11:31:47,066] {processor.py:651} INFO - DAG(s) dict_keys(['tutorial']) retrieved from /home/james/airflowa/lib/python3.8/site-packages/airflow/example_dags/tutorial.py
[2022-06-08 11:31:47,112] {logging_mixin.py:115} INFO - [2022-06-08 11:31:47,111] {dag.py:2379} INFO - Sync 1 DAGs
[2022-06-08 11:31:47,155] {logging_mixin.py:115} INFO - [2022-06-08 11:31:47,154] {dag.py:2927} INFO - Setting next_dagrun for tutorial to 2022-06-07T08:31:47.154157+00:00, run_after=2022-06-08T08:31:47.154157+00:00
[2022-06-08 11:31:47,191] {processor.py:161} INFO - Processing /home/james/airflowa/lib/python3.8/site-packages/airflow/example_dags/tutorial.py took 0.144 seconds
[2022-06-08 11:32:35,354] {processor.py:153} INFO - Started process (PID=78936) to work on /home/james/airflowa/lib/python3.8/site-packages/airflow/example_dags/tutorial.py
[2022-06-08 11:32:35,355] {processor.py:641} INFO - Processing file /home/james/airflowa/lib/python3.8/site-packages/airflow/example_dags/tutorial.py for tasks to queue
[2022-06-08 11:32:35,356] {logging_mixin.py:115} INFO - [2022-06-08 11:32:35,356] {dagbag.py:507} INFO - Filling up the DagBag from /home/james/airflowa/lib/python3.8/site-packages/airflow/example_dags/tutorial.py
[2022-06-08 11:32:35,365] {processor.py:651} INFO - DAG(s) dict_keys(['tutorial']) retrieved from /home/james/airflowa/lib/python3.8/site-packages/airflow/example_dags/tutorial.py
[2022-06-08 11:32:35,384] {logging_mixin.py:115} INFO - [2022-06-08 11:32:35,384] {dag.py:2379} INFO - Sync 1 DAGs
[2022-06-08 11:32:35,409] {logging_mixin.py:115} INFO - [2022-06-08 11:32:35,408] {dag.py:2927} INFO - Setting next_dagrun for tutorial to 2022-06-07T08:32:35.408521+00:00, run_after=2022-06-08T08:32:35.408521+00:00
[2022-06-08 11:32:35,424] {processor.py:161} INFO - Processing /home/james/airflowa/lib/python3.8/site-packages/airflow/example_dags/tutorial.py took 0.073 seconds
[2022-06-08 11:33:08,999] {processor.py:153} INFO - Started process (PID=79141) to work on /home/james/airflowa/lib/python3.8/site-packages/airflow/example_dags/tutorial.py
[2022-06-08 11:33:09,000] {processor.py:641} INFO - Processing file /home/james/airflowa/lib/python3.8/site-packages/airflow/example_dags/tutorial.py for tasks to queue
[2022-06-08 11:33:09,001] {logging_mixin.py:115} INFO - [2022-06-08 11:33:09,000] {dagbag.py:507} INFO - Filling up the DagBag from /home/james/airflowa/lib/python3.8/site-packages/airflow/example_dags/tutorial.py
[2022-06-08 11:33:09,012] {processor.py:651} INFO - DAG(s) dict_keys(['tutorial']) retrieved from /home/james/airflowa/lib/python3.8/site-packages/airflow/example_dags/tutorial.py
[2022-06-08 11:33:09,043] {logging_mixin.py:115} INFO - [2022-06-08 11:33:09,043] {dag.py:2379} INFO - Sync 1 DAGs
[2022-06-08 11:33:09,084] {logging_mixin.py:115} INFO - [2022-06-08 11:33:09,084] {dag.py:2927} INFO - Setting next_dagrun for tutorial to 2022-06-07T08:33:09.083633+00:00, run_after=2022-06-08T08:33:09.083633+00:00
[2022-06-08 11:33:09,106] {processor.py:161} INFO - Processing /home/james/airflowa/lib/python3.8/site-packages/airflow/example_dags/tutorial.py took 0.113 seconds
[2022-06-08 11:33:56,352] {processor.py:153} INFO - Started process (PID=79446) to work on /home/james/airflowa/lib/python3.8/site-packages/airflow/example_dags/tutorial.py
[2022-06-08 11:33:56,355] {processor.py:641} INFO - Processing file /home/james/airflowa/lib/python3.8/site-packages/airflow/example_dags/tutorial.py for tasks to queue
[2022-06-08 11:33:56,356] {logging_mixin.py:115} INFO - [2022-06-08 11:33:56,356] {dagbag.py:507} INFO - Filling up the DagBag from /home/james/airflowa/lib/python3.8/site-packages/airflow/example_dags/tutorial.py
[2022-06-08 11:33:56,371] {processor.py:651} INFO - DAG(s) dict_keys(['tutorial']) retrieved from /home/james/airflowa/lib/python3.8/site-packages/airflow/example_dags/tutorial.py
[2022-06-08 11:33:56,403] {logging_mixin.py:115} INFO - [2022-06-08 11:33:56,403] {dag.py:2379} INFO - Sync 1 DAGs
[2022-06-08 11:33:56,442] {logging_mixin.py:115} INFO - [2022-06-08 11:33:56,442] {dag.py:2927} INFO - Setting next_dagrun for tutorial to 2022-06-07T08:33:56.442107+00:00, run_after=2022-06-08T08:33:56.442107+00:00
[2022-06-08 11:33:56,472] {processor.py:161} INFO - Processing /home/james/airflowa/lib/python3.8/site-packages/airflow/example_dags/tutorial.py took 0.125 seconds
[2022-06-08 11:34:30,700] {processor.py:153} INFO - Started process (PID=79915) to work on /home/james/airflowa/lib/python3.8/site-packages/airflow/example_dags/tutorial.py
[2022-06-08 11:34:30,701] {processor.py:641} INFO - Processing file /home/james/airflowa/lib/python3.8/site-packages/airflow/example_dags/tutorial.py for tasks to queue
[2022-06-08 11:34:30,701] {logging_mixin.py:115} INFO - [2022-06-08 11:34:30,701] {dagbag.py:507} INFO - Filling up the DagBag from /home/james/airflowa/lib/python3.8/site-packages/airflow/example_dags/tutorial.py
[2022-06-08 11:34:30,709] {processor.py:651} INFO - DAG(s) dict_keys(['tutorial']) retrieved from /home/james/airflowa/lib/python3.8/site-packages/airflow/example_dags/tutorial.py
[2022-06-08 11:34:30,730] {logging_mixin.py:115} INFO - [2022-06-08 11:34:30,730] {dag.py:2379} INFO - Sync 1 DAGs
[2022-06-08 11:34:30,755] {logging_mixin.py:115} INFO - [2022-06-08 11:34:30,755] {dag.py:2927} INFO - Setting next_dagrun for tutorial to 2022-06-07T08:34:30.755375+00:00, run_after=2022-06-08T08:34:30.755375+00:00
[2022-06-08 11:34:30,774] {processor.py:161} INFO - Processing /home/james/airflowa/lib/python3.8/site-packages/airflow/example_dags/tutorial.py took 0.077 seconds
[2022-06-08 11:35:44,361] {processor.py:153} INFO - Started process (PID=80684) to work on /home/james/airflowa/lib/python3.8/site-packages/airflow/example_dags/tutorial.py
[2022-06-08 11:35:44,370] {processor.py:641} INFO - Processing file /home/james/airflowa/lib/python3.8/site-packages/airflow/example_dags/tutorial.py for tasks to queue
[2022-06-08 11:35:44,372] {logging_mixin.py:115} INFO - [2022-06-08 11:35:44,372] {dagbag.py:507} INFO - Filling up the DagBag from /home/james/airflowa/lib/python3.8/site-packages/airflow/example_dags/tutorial.py
[2022-06-08 11:35:44,387] {processor.py:651} INFO - DAG(s) dict_keys(['tutorial']) retrieved from /home/james/airflowa/lib/python3.8/site-packages/airflow/example_dags/tutorial.py
[2022-06-08 11:35:44,432] {logging_mixin.py:115} INFO - [2022-06-08 11:35:44,431] {dag.py:2379} INFO - Sync 1 DAGs
[2022-06-08 11:35:44,485] {logging_mixin.py:115} INFO - [2022-06-08 11:35:44,484] {dag.py:2927} INFO - Setting next_dagrun for tutorial to 2022-06-07T08:35:44.483896+00:00, run_after=2022-06-08T08:35:44.483896+00:00
[2022-06-08 11:35:44,536] {processor.py:161} INFO - Processing /home/james/airflowa/lib/python3.8/site-packages/airflow/example_dags/tutorial.py took 0.192 seconds
[2022-06-08 12:18:34,260] {processor.py:153} INFO - Started process (PID=102833) to work on /home/james/airflowa/lib/python3.8/site-packages/airflow/example_dags/tutorial.py
[2022-06-08 12:18:34,262] {processor.py:641} INFO - Processing file /home/james/airflowa/lib/python3.8/site-packages/airflow/example_dags/tutorial.py for tasks to queue
[2022-06-08 12:18:34,263] {logging_mixin.py:115} INFO - [2022-06-08 12:18:34,263] {dagbag.py:507} INFO - Filling up the DagBag from /home/james/airflowa/lib/python3.8/site-packages/airflow/example_dags/tutorial.py
[2022-06-08 12:18:34,268] {processor.py:651} INFO - DAG(s) dict_keys(['tutorial']) retrieved from /home/james/airflowa/lib/python3.8/site-packages/airflow/example_dags/tutorial.py
[2022-06-08 12:18:34,286] {logging_mixin.py:115} INFO - [2022-06-08 12:18:34,286] {dag.py:2379} INFO - Sync 1 DAGs
[2022-06-08 12:18:34,310] {logging_mixin.py:115} INFO - [2022-06-08 12:18:34,309] {dag.py:2927} INFO - Setting next_dagrun for tutorial to 2022-06-07T09:18:34.309712+00:00, run_after=2022-06-08T09:18:34.309712+00:00
[2022-06-08 12:18:34,325] {processor.py:161} INFO - Processing /home/james/airflowa/lib/python3.8/site-packages/airflow/example_dags/tutorial.py took 0.067 seconds
[2022-06-08 12:22:10,055] {processor.py:153} INFO - Started process (PID=104831) to work on /home/james/airflowa/lib/python3.8/site-packages/airflow/example_dags/tutorial.py
[2022-06-08 12:22:10,056] {processor.py:641} INFO - Processing file /home/james/airflowa/lib/python3.8/site-packages/airflow/example_dags/tutorial.py for tasks to queue
[2022-06-08 12:22:10,056] {logging_mixin.py:115} INFO - [2022-06-08 12:22:10,056] {dagbag.py:507} INFO - Filling up the DagBag from /home/james/airflowa/lib/python3.8/site-packages/airflow/example_dags/tutorial.py
[2022-06-08 12:22:10,065] {processor.py:651} INFO - DAG(s) dict_keys(['tutorial']) retrieved from /home/james/airflowa/lib/python3.8/site-packages/airflow/example_dags/tutorial.py
[2022-06-08 12:22:10,090] {logging_mixin.py:115} INFO - [2022-06-08 12:22:10,090] {dag.py:2379} INFO - Sync 1 DAGs
[2022-06-08 12:22:10,121] {logging_mixin.py:115} INFO - [2022-06-08 12:22:10,121] {dag.py:2927} INFO - Setting next_dagrun for tutorial to 2022-06-07T09:22:10.120972+00:00, run_after=2022-06-08T09:22:10.120972+00:00
[2022-06-08 12:22:10,140] {processor.py:161} INFO - Processing /home/james/airflowa/lib/python3.8/site-packages/airflow/example_dags/tutorial.py took 0.089 seconds
[2022-06-08 12:22:48,043] {processor.py:153} INFO - Started process (PID=105020) to work on /home/james/airflowa/lib/python3.8/site-packages/airflow/example_dags/tutorial.py
[2022-06-08 12:22:48,044] {processor.py:641} INFO - Processing file /home/james/airflowa/lib/python3.8/site-packages/airflow/example_dags/tutorial.py for tasks to queue
[2022-06-08 12:22:48,045] {logging_mixin.py:115} INFO - [2022-06-08 12:22:48,045] {dagbag.py:507} INFO - Filling up the DagBag from /home/james/airflowa/lib/python3.8/site-packages/airflow/example_dags/tutorial.py
[2022-06-08 12:22:48,053] {processor.py:651} INFO - DAG(s) dict_keys(['tutorial']) retrieved from /home/james/airflowa/lib/python3.8/site-packages/airflow/example_dags/tutorial.py
[2022-06-08 12:22:48,077] {logging_mixin.py:115} INFO - [2022-06-08 12:22:48,077] {dag.py:2379} INFO - Sync 1 DAGs
[2022-06-08 12:22:48,107] {logging_mixin.py:115} INFO - [2022-06-08 12:22:48,107] {dag.py:2927} INFO - Setting next_dagrun for tutorial to 2022-06-07T09:22:48.107024+00:00, run_after=2022-06-08T09:22:48.107024+00:00
[2022-06-08 12:22:48,126] {processor.py:161} INFO - Processing /home/james/airflowa/lib/python3.8/site-packages/airflow/example_dags/tutorial.py took 0.087 seconds
[2022-06-08 12:34:50,558] {processor.py:153} INFO - Started process (PID=111790) to work on /home/james/airflowa/lib/python3.8/site-packages/airflow/example_dags/tutorial.py
[2022-06-08 12:34:50,559] {processor.py:641} INFO - Processing file /home/james/airflowa/lib/python3.8/site-packages/airflow/example_dags/tutorial.py for tasks to queue
[2022-06-08 12:34:50,560] {logging_mixin.py:115} INFO - [2022-06-08 12:34:50,560] {dagbag.py:507} INFO - Filling up the DagBag from /home/james/airflowa/lib/python3.8/site-packages/airflow/example_dags/tutorial.py
[2022-06-08 12:34:50,573] {processor.py:651} INFO - DAG(s) dict_keys(['tutorial']) retrieved from /home/james/airflowa/lib/python3.8/site-packages/airflow/example_dags/tutorial.py
[2022-06-08 12:34:50,603] {logging_mixin.py:115} INFO - [2022-06-08 12:34:50,603] {dag.py:2379} INFO - Sync 1 DAGs
[2022-06-08 12:34:50,640] {logging_mixin.py:115} INFO - [2022-06-08 12:34:50,640] {dag.py:2927} INFO - Setting next_dagrun for tutorial to 2022-06-07T09:34:50.639331+00:00, run_after=2022-06-08T09:34:50.639331+00:00
[2022-06-08 12:34:50,675] {processor.py:161} INFO - Processing /home/james/airflowa/lib/python3.8/site-packages/airflow/example_dags/tutorial.py took 0.122 seconds
[2022-06-08 12:38:21,706] {processor.py:153} INFO - Started process (PID=114908) to work on /home/james/airflowa/lib/python3.8/site-packages/airflow/example_dags/tutorial.py
[2022-06-08 12:38:21,712] {processor.py:641} INFO - Processing file /home/james/airflowa/lib/python3.8/site-packages/airflow/example_dags/tutorial.py for tasks to queue
[2022-06-08 12:38:21,717] {logging_mixin.py:115} INFO - [2022-06-08 12:38:21,716] {dagbag.py:507} INFO - Filling up the DagBag from /home/james/airflowa/lib/python3.8/site-packages/airflow/example_dags/tutorial.py
[2022-06-08 12:38:21,756] {processor.py:651} INFO - DAG(s) dict_keys(['tutorial']) retrieved from /home/james/airflowa/lib/python3.8/site-packages/airflow/example_dags/tutorial.py
[2022-06-08 12:38:21,825] {logging_mixin.py:115} INFO - [2022-06-08 12:38:21,824] {dag.py:2379} INFO - Sync 1 DAGs
[2022-06-08 12:38:22,026] {logging_mixin.py:115} INFO - [2022-06-08 12:38:22,025] {dag.py:2927} INFO - Setting next_dagrun for tutorial to 2022-06-07T09:38:22.019853+00:00, run_after=2022-06-08T09:38:22.019853+00:00
[2022-06-08 12:38:22,162] {processor.py:161} INFO - Processing /home/james/airflowa/lib/python3.8/site-packages/airflow/example_dags/tutorial.py took 0.479 seconds
[2022-06-08 12:39:22,983] {processor.py:153} INFO - Started process (PID=115628) to work on /home/james/airflowa/lib/python3.8/site-packages/airflow/example_dags/tutorial.py
[2022-06-08 12:39:22,984] {processor.py:641} INFO - Processing file /home/james/airflowa/lib/python3.8/site-packages/airflow/example_dags/tutorial.py for tasks to queue
[2022-06-08 12:39:22,985] {logging_mixin.py:115} INFO - [2022-06-08 12:39:22,985] {dagbag.py:507} INFO - Filling up the DagBag from /home/james/airflowa/lib/python3.8/site-packages/airflow/example_dags/tutorial.py
[2022-06-08 12:39:22,996] {processor.py:651} INFO - DAG(s) dict_keys(['tutorial']) retrieved from /home/james/airflowa/lib/python3.8/site-packages/airflow/example_dags/tutorial.py
[2022-06-08 12:39:23,024] {logging_mixin.py:115} INFO - [2022-06-08 12:39:23,024] {dag.py:2379} INFO - Sync 1 DAGs
[2022-06-08 12:39:23,057] {logging_mixin.py:115} INFO - [2022-06-08 12:39:23,057] {dag.py:2927} INFO - Setting next_dagrun for tutorial to 2022-06-07T09:39:23.057043+00:00, run_after=2022-06-08T09:39:23.057043+00:00
[2022-06-08 12:39:23,081] {processor.py:161} INFO - Processing /home/james/airflowa/lib/python3.8/site-packages/airflow/example_dags/tutorial.py took 0.103 seconds
[2022-06-08 12:40:14,710] {processor.py:153} INFO - Started process (PID=116387) to work on /home/james/airflowa/lib/python3.8/site-packages/airflow/example_dags/tutorial.py
[2022-06-08 12:40:14,710] {processor.py:641} INFO - Processing file /home/james/airflowa/lib/python3.8/site-packages/airflow/example_dags/tutorial.py for tasks to queue
[2022-06-08 12:40:14,711] {logging_mixin.py:115} INFO - [2022-06-08 12:40:14,711] {dagbag.py:507} INFO - Filling up the DagBag from /home/james/airflowa/lib/python3.8/site-packages/airflow/example_dags/tutorial.py
[2022-06-08 12:40:14,715] {processor.py:651} INFO - DAG(s) dict_keys(['tutorial']) retrieved from /home/james/airflowa/lib/python3.8/site-packages/airflow/example_dags/tutorial.py
[2022-06-08 12:40:14,728] {logging_mixin.py:115} INFO - [2022-06-08 12:40:14,728] {dag.py:2379} INFO - Sync 1 DAGs
[2022-06-08 12:40:14,743] {logging_mixin.py:115} INFO - [2022-06-08 12:40:14,743] {dag.py:2927} INFO - Setting next_dagrun for tutorial to 2022-06-07T09:40:14.743442+00:00, run_after=2022-06-08T09:40:14.743442+00:00
[2022-06-08 12:40:14,754] {processor.py:161} INFO - Processing /home/james/airflowa/lib/python3.8/site-packages/airflow/example_dags/tutorial.py took 0.047 seconds
[2022-06-08 12:41:21,147] {processor.py:153} INFO - Started process (PID=116800) to work on /home/james/airflowa/lib/python3.8/site-packages/airflow/example_dags/tutorial.py
[2022-06-08 12:41:21,147] {processor.py:641} INFO - Processing file /home/james/airflowa/lib/python3.8/site-packages/airflow/example_dags/tutorial.py for tasks to queue
[2022-06-08 12:41:21,148] {logging_mixin.py:115} INFO - [2022-06-08 12:41:21,148] {dagbag.py:507} INFO - Filling up the DagBag from /home/james/airflowa/lib/python3.8/site-packages/airflow/example_dags/tutorial.py
[2022-06-08 12:41:21,155] {processor.py:651} INFO - DAG(s) dict_keys(['tutorial']) retrieved from /home/james/airflowa/lib/python3.8/site-packages/airflow/example_dags/tutorial.py
[2022-06-08 12:41:21,176] {logging_mixin.py:115} INFO - [2022-06-08 12:41:21,176] {dag.py:2379} INFO - Sync 1 DAGs
[2022-06-08 12:41:21,204] {logging_mixin.py:115} INFO - [2022-06-08 12:41:21,204] {dag.py:2927} INFO - Setting next_dagrun for tutorial to 2022-06-07T09:41:21.203750+00:00, run_after=2022-06-08T09:41:21.203750+00:00
[2022-06-08 12:41:21,221] {processor.py:161} INFO - Processing /home/james/airflowa/lib/python3.8/site-packages/airflow/example_dags/tutorial.py took 0.078 seconds
[2022-06-08 12:44:19,706] {processor.py:153} INFO - Started process (PID=117801) to work on /home/james/airflowa/lib/python3.8/site-packages/airflow/example_dags/tutorial.py
[2022-06-08 12:44:19,707] {processor.py:641} INFO - Processing file /home/james/airflowa/lib/python3.8/site-packages/airflow/example_dags/tutorial.py for tasks to queue
[2022-06-08 12:44:19,708] {logging_mixin.py:115} INFO - [2022-06-08 12:44:19,708] {dagbag.py:507} INFO - Filling up the DagBag from /home/james/airflowa/lib/python3.8/site-packages/airflow/example_dags/tutorial.py
[2022-06-08 12:44:19,715] {processor.py:651} INFO - DAG(s) dict_keys(['tutorial']) retrieved from /home/james/airflowa/lib/python3.8/site-packages/airflow/example_dags/tutorial.py
[2022-06-08 12:44:19,740] {logging_mixin.py:115} INFO - [2022-06-08 12:44:19,739] {dag.py:2379} INFO - Sync 1 DAGs
[2022-06-08 12:44:19,768] {logging_mixin.py:115} INFO - [2022-06-08 12:44:19,768] {dag.py:2927} INFO - Setting next_dagrun for tutorial to 2022-06-07T09:44:19.767536+00:00, run_after=2022-06-08T09:44:19.767536+00:00
[2022-06-08 12:44:19,788] {processor.py:161} INFO - Processing /home/james/airflowa/lib/python3.8/site-packages/airflow/example_dags/tutorial.py took 0.086 seconds
[2022-06-08 12:45:16,342] {processor.py:153} INFO - Started process (PID=118149) to work on /home/james/airflowa/lib/python3.8/site-packages/airflow/example_dags/tutorial.py
[2022-06-08 12:45:16,343] {processor.py:641} INFO - Processing file /home/james/airflowa/lib/python3.8/site-packages/airflow/example_dags/tutorial.py for tasks to queue
[2022-06-08 12:45:16,344] {logging_mixin.py:115} INFO - [2022-06-08 12:45:16,344] {dagbag.py:507} INFO - Filling up the DagBag from /home/james/airflowa/lib/python3.8/site-packages/airflow/example_dags/tutorial.py
[2022-06-08 12:45:16,351] {processor.py:651} INFO - DAG(s) dict_keys(['tutorial']) retrieved from /home/james/airflowa/lib/python3.8/site-packages/airflow/example_dags/tutorial.py
[2022-06-08 12:45:16,377] {logging_mixin.py:115} INFO - [2022-06-08 12:45:16,377] {dag.py:2379} INFO - Sync 1 DAGs
[2022-06-08 12:45:16,396] {logging_mixin.py:115} INFO - [2022-06-08 12:45:16,396] {dag.py:2927} INFO - Setting next_dagrun for tutorial to 2022-06-07T09:45:16.396191+00:00, run_after=2022-06-08T09:45:16.396191+00:00
[2022-06-08 12:45:16,411] {processor.py:161} INFO - Processing /home/james/airflowa/lib/python3.8/site-packages/airflow/example_dags/tutorial.py took 0.072 seconds
[2022-06-08 12:45:56,409] {processor.py:153} INFO - Started process (PID=118406) to work on /home/james/airflowa/lib/python3.8/site-packages/airflow/example_dags/tutorial.py
[2022-06-08 12:45:56,410] {processor.py:641} INFO - Processing file /home/james/airflowa/lib/python3.8/site-packages/airflow/example_dags/tutorial.py for tasks to queue
[2022-06-08 12:45:56,410] {logging_mixin.py:115} INFO - [2022-06-08 12:45:56,410] {dagbag.py:507} INFO - Filling up the DagBag from /home/james/airflowa/lib/python3.8/site-packages/airflow/example_dags/tutorial.py
[2022-06-08 12:45:56,417] {processor.py:651} INFO - DAG(s) dict_keys(['tutorial']) retrieved from /home/james/airflowa/lib/python3.8/site-packages/airflow/example_dags/tutorial.py
[2022-06-08 12:45:56,438] {logging_mixin.py:115} INFO - [2022-06-08 12:45:56,438] {dag.py:2379} INFO - Sync 1 DAGs
[2022-06-08 12:45:56,456] {logging_mixin.py:115} INFO - [2022-06-08 12:45:56,455] {dag.py:2927} INFO - Setting next_dagrun for tutorial to 2022-06-07T09:45:56.455572+00:00, run_after=2022-06-08T09:45:56.455572+00:00
[2022-06-08 12:45:56,470] {processor.py:161} INFO - Processing /home/james/airflowa/lib/python3.8/site-packages/airflow/example_dags/tutorial.py took 0.064 seconds
[2022-06-08 12:46:50,737] {processor.py:153} INFO - Started process (PID=118648) to work on /home/james/airflowa/lib/python3.8/site-packages/airflow/example_dags/tutorial.py
[2022-06-08 12:46:50,737] {processor.py:641} INFO - Processing file /home/james/airflowa/lib/python3.8/site-packages/airflow/example_dags/tutorial.py for tasks to queue
[2022-06-08 12:46:50,738] {logging_mixin.py:115} INFO - [2022-06-08 12:46:50,738] {dagbag.py:507} INFO - Filling up the DagBag from /home/james/airflowa/lib/python3.8/site-packages/airflow/example_dags/tutorial.py
[2022-06-08 12:46:50,743] {processor.py:651} INFO - DAG(s) dict_keys(['tutorial']) retrieved from /home/james/airflowa/lib/python3.8/site-packages/airflow/example_dags/tutorial.py
[2022-06-08 12:46:50,761] {logging_mixin.py:115} INFO - [2022-06-08 12:46:50,761] {dag.py:2379} INFO - Sync 1 DAGs
[2022-06-08 12:46:50,774] {logging_mixin.py:115} INFO - [2022-06-08 12:46:50,774] {dag.py:2927} INFO - Setting next_dagrun for tutorial to 2022-06-07T09:46:50.773935+00:00, run_after=2022-06-08T09:46:50.773935+00:00
[2022-06-08 12:46:50,786] {processor.py:161} INFO - Processing /home/james/airflowa/lib/python3.8/site-packages/airflow/example_dags/tutorial.py took 0.052 seconds
[2022-06-08 12:47:26,235] {processor.py:153} INFO - Started process (PID=119399) to work on /home/james/airflowa/lib/python3.8/site-packages/airflow/example_dags/tutorial.py
[2022-06-08 12:47:26,236] {processor.py:641} INFO - Processing file /home/james/airflowa/lib/python3.8/site-packages/airflow/example_dags/tutorial.py for tasks to queue
[2022-06-08 12:47:26,237] {logging_mixin.py:115} INFO - [2022-06-08 12:47:26,237] {dagbag.py:507} INFO - Filling up the DagBag from /home/james/airflowa/lib/python3.8/site-packages/airflow/example_dags/tutorial.py
[2022-06-08 12:47:26,246] {processor.py:651} INFO - DAG(s) dict_keys(['tutorial']) retrieved from /home/james/airflowa/lib/python3.8/site-packages/airflow/example_dags/tutorial.py
[2022-06-08 12:47:26,270] {logging_mixin.py:115} INFO - [2022-06-08 12:47:26,270] {dag.py:2379} INFO - Sync 1 DAGs
[2022-06-08 12:47:26,290] {logging_mixin.py:115} INFO - [2022-06-08 12:47:26,290] {dag.py:2927} INFO - Setting next_dagrun for tutorial to 2022-06-07T09:47:26.290287+00:00, run_after=2022-06-08T09:47:26.290287+00:00
[2022-06-08 12:47:26,308] {processor.py:161} INFO - Processing /home/james/airflowa/lib/python3.8/site-packages/airflow/example_dags/tutorial.py took 0.077 seconds
[2022-06-08 12:48:11,153] {processor.py:153} INFO - Started process (PID=119587) to work on /home/james/airflowa/lib/python3.8/site-packages/airflow/example_dags/tutorial.py
[2022-06-08 12:48:11,154] {processor.py:641} INFO - Processing file /home/james/airflowa/lib/python3.8/site-packages/airflow/example_dags/tutorial.py for tasks to queue
[2022-06-08 12:48:11,155] {logging_mixin.py:115} INFO - [2022-06-08 12:48:11,155] {dagbag.py:507} INFO - Filling up the DagBag from /home/james/airflowa/lib/python3.8/site-packages/airflow/example_dags/tutorial.py
[2022-06-08 12:48:11,160] {processor.py:651} INFO - DAG(s) dict_keys(['tutorial']) retrieved from /home/james/airflowa/lib/python3.8/site-packages/airflow/example_dags/tutorial.py
[2022-06-08 12:48:11,173] {logging_mixin.py:115} INFO - [2022-06-08 12:48:11,172] {dag.py:2379} INFO - Sync 1 DAGs
[2022-06-08 12:48:11,188] {logging_mixin.py:115} INFO - [2022-06-08 12:48:11,188] {dag.py:2927} INFO - Setting next_dagrun for tutorial to 2022-06-07T09:48:11.188195+00:00, run_after=2022-06-08T09:48:11.188195+00:00
[2022-06-08 12:48:11,199] {processor.py:161} INFO - Processing /home/james/airflowa/lib/python3.8/site-packages/airflow/example_dags/tutorial.py took 0.048 seconds
[2022-06-08 12:48:53,841] {processor.py:153} INFO - Started process (PID=119980) to work on /home/james/airflowa/lib/python3.8/site-packages/airflow/example_dags/tutorial.py
[2022-06-08 12:48:53,842] {processor.py:641} INFO - Processing file /home/james/airflowa/lib/python3.8/site-packages/airflow/example_dags/tutorial.py for tasks to queue
[2022-06-08 12:48:53,843] {logging_mixin.py:115} INFO - [2022-06-08 12:48:53,843] {dagbag.py:507} INFO - Filling up the DagBag from /home/james/airflowa/lib/python3.8/site-packages/airflow/example_dags/tutorial.py
[2022-06-08 12:48:53,850] {processor.py:651} INFO - DAG(s) dict_keys(['tutorial']) retrieved from /home/james/airflowa/lib/python3.8/site-packages/airflow/example_dags/tutorial.py
[2022-06-08 12:48:53,865] {logging_mixin.py:115} INFO - [2022-06-08 12:48:53,865] {dag.py:2379} INFO - Sync 1 DAGs
[2022-06-08 12:48:53,884] {logging_mixin.py:115} INFO - [2022-06-08 12:48:53,884] {dag.py:2927} INFO - Setting next_dagrun for tutorial to 2022-06-07T09:48:53.884190+00:00, run_after=2022-06-08T09:48:53.884190+00:00
[2022-06-08 12:48:53,901] {processor.py:161} INFO - Processing /home/james/airflowa/lib/python3.8/site-packages/airflow/example_dags/tutorial.py took 0.063 seconds
[2022-06-08 12:50:00,783] {processor.py:153} INFO - Started process (PID=120374) to work on /home/james/airflowa/lib/python3.8/site-packages/airflow/example_dags/tutorial.py
[2022-06-08 12:50:00,784] {processor.py:641} INFO - Processing file /home/james/airflowa/lib/python3.8/site-packages/airflow/example_dags/tutorial.py for tasks to queue
[2022-06-08 12:50:00,786] {logging_mixin.py:115} INFO - [2022-06-08 12:50:00,786] {dagbag.py:507} INFO - Filling up the DagBag from /home/james/airflowa/lib/python3.8/site-packages/airflow/example_dags/tutorial.py
[2022-06-08 12:50:00,798] {processor.py:651} INFO - DAG(s) dict_keys(['tutorial']) retrieved from /home/james/airflowa/lib/python3.8/site-packages/airflow/example_dags/tutorial.py
[2022-06-08 12:50:00,832] {logging_mixin.py:115} INFO - [2022-06-08 12:50:00,832] {dag.py:2379} INFO - Sync 1 DAGs
[2022-06-08 12:50:00,883] {logging_mixin.py:115} INFO - [2022-06-08 12:50:00,882] {dag.py:2927} INFO - Setting next_dagrun for tutorial to 2022-06-07T09:50:00.882040+00:00, run_after=2022-06-08T09:50:00.882040+00:00
[2022-06-08 12:50:00,908] {processor.py:161} INFO - Processing /home/james/airflowa/lib/python3.8/site-packages/airflow/example_dags/tutorial.py took 0.132 seconds
[2022-06-08 12:51:30,290] {processor.py:153} INFO - Started process (PID=121110) to work on /home/james/airflowa/lib/python3.8/site-packages/airflow/example_dags/tutorial.py
[2022-06-08 12:51:30,293] {processor.py:641} INFO - Processing file /home/james/airflowa/lib/python3.8/site-packages/airflow/example_dags/tutorial.py for tasks to queue
[2022-06-08 12:51:30,295] {logging_mixin.py:115} INFO - [2022-06-08 12:51:30,294] {dagbag.py:507} INFO - Filling up the DagBag from /home/james/airflowa/lib/python3.8/site-packages/airflow/example_dags/tutorial.py
[2022-06-08 12:51:30,310] {processor.py:651} INFO - DAG(s) dict_keys(['tutorial']) retrieved from /home/james/airflowa/lib/python3.8/site-packages/airflow/example_dags/tutorial.py
[2022-06-08 12:51:30,348] {logging_mixin.py:115} INFO - [2022-06-08 12:51:30,348] {dag.py:2379} INFO - Sync 1 DAGs
[2022-06-08 12:51:30,389] {logging_mixin.py:115} INFO - [2022-06-08 12:51:30,389] {dag.py:2927} INFO - Setting next_dagrun for tutorial to 2022-06-07T09:51:30.388590+00:00, run_after=2022-06-08T09:51:30.388590+00:00
[2022-06-08 12:51:30,421] {processor.py:161} INFO - Processing /home/james/airflowa/lib/python3.8/site-packages/airflow/example_dags/tutorial.py took 0.137 seconds
[2022-06-08 12:52:57,156] {processor.py:153} INFO - Started process (PID=121676) to work on /home/james/airflowa/lib/python3.8/site-packages/airflow/example_dags/tutorial.py
[2022-06-08 12:52:57,157] {processor.py:641} INFO - Processing file /home/james/airflowa/lib/python3.8/site-packages/airflow/example_dags/tutorial.py for tasks to queue
[2022-06-08 12:52:57,158] {logging_mixin.py:115} INFO - [2022-06-08 12:52:57,158] {dagbag.py:507} INFO - Filling up the DagBag from /home/james/airflowa/lib/python3.8/site-packages/airflow/example_dags/tutorial.py
[2022-06-08 12:52:57,170] {processor.py:651} INFO - DAG(s) dict_keys(['tutorial']) retrieved from /home/james/airflowa/lib/python3.8/site-packages/airflow/example_dags/tutorial.py
[2022-06-08 12:52:57,203] {logging_mixin.py:115} INFO - [2022-06-08 12:52:57,202] {dag.py:2379} INFO - Sync 1 DAGs
[2022-06-08 12:52:57,245] {logging_mixin.py:115} INFO - [2022-06-08 12:52:57,245] {dag.py:2927} INFO - Setting next_dagrun for tutorial to 2022-06-07T09:52:57.244418+00:00, run_after=2022-06-08T09:52:57.244418+00:00
[2022-06-08 12:52:57,272] {processor.py:161} INFO - Processing /home/james/airflowa/lib/python3.8/site-packages/airflow/example_dags/tutorial.py took 0.124 seconds
[2022-06-08 12:53:38,806] {processor.py:153} INFO - Started process (PID=121928) to work on /home/james/airflowa/lib/python3.8/site-packages/airflow/example_dags/tutorial.py
[2022-06-08 12:53:38,807] {processor.py:641} INFO - Processing file /home/james/airflowa/lib/python3.8/site-packages/airflow/example_dags/tutorial.py for tasks to queue
[2022-06-08 12:53:38,809] {logging_mixin.py:115} INFO - [2022-06-08 12:53:38,808] {dagbag.py:507} INFO - Filling up the DagBag from /home/james/airflowa/lib/python3.8/site-packages/airflow/example_dags/tutorial.py
[2022-06-08 12:53:38,823] {processor.py:651} INFO - DAG(s) dict_keys(['tutorial']) retrieved from /home/james/airflowa/lib/python3.8/site-packages/airflow/example_dags/tutorial.py
[2022-06-08 12:53:38,861] {logging_mixin.py:115} INFO - [2022-06-08 12:53:38,860] {dag.py:2379} INFO - Sync 1 DAGs
[2022-06-08 12:53:38,903] {logging_mixin.py:115} INFO - [2022-06-08 12:53:38,902] {dag.py:2927} INFO - Setting next_dagrun for tutorial to 2022-06-07T09:53:38.902470+00:00, run_after=2022-06-08T09:53:38.902470+00:00
[2022-06-08 12:53:38,927] {processor.py:161} INFO - Processing /home/james/airflowa/lib/python3.8/site-packages/airflow/example_dags/tutorial.py took 0.128 seconds
[2022-06-08 12:54:45,495] {processor.py:153} INFO - Started process (PID=122463) to work on /home/james/airflowa/lib/python3.8/site-packages/airflow/example_dags/tutorial.py
[2022-06-08 12:54:45,497] {processor.py:641} INFO - Processing file /home/james/airflowa/lib/python3.8/site-packages/airflow/example_dags/tutorial.py for tasks to queue
[2022-06-08 12:54:45,498] {logging_mixin.py:115} INFO - [2022-06-08 12:54:45,498] {dagbag.py:507} INFO - Filling up the DagBag from /home/james/airflowa/lib/python3.8/site-packages/airflow/example_dags/tutorial.py
[2022-06-08 12:54:45,513] {processor.py:651} INFO - DAG(s) dict_keys(['tutorial']) retrieved from /home/james/airflowa/lib/python3.8/site-packages/airflow/example_dags/tutorial.py
[2022-06-08 12:54:45,551] {logging_mixin.py:115} INFO - [2022-06-08 12:54:45,551] {dag.py:2379} INFO - Sync 1 DAGs
[2022-06-08 12:54:45,612] {logging_mixin.py:115} INFO - [2022-06-08 12:54:45,612] {dag.py:2927} INFO - Setting next_dagrun for tutorial to 2022-06-07T09:54:45.611475+00:00, run_after=2022-06-08T09:54:45.611475+00:00
[2022-06-08 12:54:45,647] {processor.py:161} INFO - Processing /home/james/airflowa/lib/python3.8/site-packages/airflow/example_dags/tutorial.py took 0.158 seconds
[2022-06-08 12:55:29,124] {processor.py:153} INFO - Started process (PID=122734) to work on /home/james/airflowa/lib/python3.8/site-packages/airflow/example_dags/tutorial.py
[2022-06-08 12:55:29,126] {processor.py:641} INFO - Processing file /home/james/airflowa/lib/python3.8/site-packages/airflow/example_dags/tutorial.py for tasks to queue
[2022-06-08 12:55:29,127] {logging_mixin.py:115} INFO - [2022-06-08 12:55:29,127] {dagbag.py:507} INFO - Filling up the DagBag from /home/james/airflowa/lib/python3.8/site-packages/airflow/example_dags/tutorial.py
[2022-06-08 12:55:29,140] {processor.py:651} INFO - DAG(s) dict_keys(['tutorial']) retrieved from /home/james/airflowa/lib/python3.8/site-packages/airflow/example_dags/tutorial.py
[2022-06-08 12:55:29,173] {logging_mixin.py:115} INFO - [2022-06-08 12:55:29,172] {dag.py:2379} INFO - Sync 1 DAGs
[2022-06-08 12:55:29,212] {logging_mixin.py:115} INFO - [2022-06-08 12:55:29,212] {dag.py:2927} INFO - Setting next_dagrun for tutorial to 2022-06-07T09:55:29.211549+00:00, run_after=2022-06-08T09:55:29.211549+00:00
[2022-06-08 12:55:29,243] {processor.py:161} INFO - Processing /home/james/airflowa/lib/python3.8/site-packages/airflow/example_dags/tutorial.py took 0.124 seconds
[2022-06-08 12:56:31,511] {processor.py:153} INFO - Started process (PID=123041) to work on /home/james/airflowa/lib/python3.8/site-packages/airflow/example_dags/tutorial.py
[2022-06-08 12:56:31,512] {processor.py:641} INFO - Processing file /home/james/airflowa/lib/python3.8/site-packages/airflow/example_dags/tutorial.py for tasks to queue
[2022-06-08 12:56:31,513] {logging_mixin.py:115} INFO - [2022-06-08 12:56:31,513] {dagbag.py:507} INFO - Filling up the DagBag from /home/james/airflowa/lib/python3.8/site-packages/airflow/example_dags/tutorial.py
[2022-06-08 12:56:31,521] {processor.py:651} INFO - DAG(s) dict_keys(['tutorial']) retrieved from /home/james/airflowa/lib/python3.8/site-packages/airflow/example_dags/tutorial.py
[2022-06-08 12:56:31,545] {logging_mixin.py:115} INFO - [2022-06-08 12:56:31,544] {dag.py:2379} INFO - Sync 1 DAGs
[2022-06-08 12:56:31,567] {logging_mixin.py:115} INFO - [2022-06-08 12:56:31,567] {dag.py:2927} INFO - Setting next_dagrun for tutorial to 2022-06-07T09:56:31.567147+00:00, run_after=2022-06-08T09:56:31.567147+00:00
[2022-06-08 12:56:31,583] {processor.py:161} INFO - Processing /home/james/airflowa/lib/python3.8/site-packages/airflow/example_dags/tutorial.py took 0.077 seconds
[2022-06-08 12:57:13,972] {processor.py:153} INFO - Started process (PID=123221) to work on /home/james/airflowa/lib/python3.8/site-packages/airflow/example_dags/tutorial.py
[2022-06-08 12:57:13,973] {processor.py:641} INFO - Processing file /home/james/airflowa/lib/python3.8/site-packages/airflow/example_dags/tutorial.py for tasks to queue
[2022-06-08 12:57:13,974] {logging_mixin.py:115} INFO - [2022-06-08 12:57:13,974] {dagbag.py:507} INFO - Filling up the DagBag from /home/james/airflowa/lib/python3.8/site-packages/airflow/example_dags/tutorial.py
[2022-06-08 12:57:13,979] {processor.py:651} INFO - DAG(s) dict_keys(['tutorial']) retrieved from /home/james/airflowa/lib/python3.8/site-packages/airflow/example_dags/tutorial.py
[2022-06-08 12:57:13,993] {logging_mixin.py:115} INFO - [2022-06-08 12:57:13,993] {dag.py:2379} INFO - Sync 1 DAGs
[2022-06-08 12:57:14,010] {logging_mixin.py:115} INFO - [2022-06-08 12:57:14,009] {dag.py:2927} INFO - Setting next_dagrun for tutorial to 2022-06-07T09:57:14.009710+00:00, run_after=2022-06-08T09:57:14.009710+00:00
[2022-06-08 12:57:14,021] {processor.py:161} INFO - Processing /home/james/airflowa/lib/python3.8/site-packages/airflow/example_dags/tutorial.py took 0.051 seconds
[2022-06-08 12:57:59,961] {processor.py:153} INFO - Started process (PID=123485) to work on /home/james/airflowa/lib/python3.8/site-packages/airflow/example_dags/tutorial.py
[2022-06-08 12:57:59,962] {processor.py:641} INFO - Processing file /home/james/airflowa/lib/python3.8/site-packages/airflow/example_dags/tutorial.py for tasks to queue
[2022-06-08 12:57:59,962] {logging_mixin.py:115} INFO - [2022-06-08 12:57:59,962] {dagbag.py:507} INFO - Filling up the DagBag from /home/james/airflowa/lib/python3.8/site-packages/airflow/example_dags/tutorial.py
[2022-06-08 12:57:59,969] {processor.py:651} INFO - DAG(s) dict_keys(['tutorial']) retrieved from /home/james/airflowa/lib/python3.8/site-packages/airflow/example_dags/tutorial.py
[2022-06-08 12:57:59,988] {logging_mixin.py:115} INFO - [2022-06-08 12:57:59,988] {dag.py:2379} INFO - Sync 1 DAGs
[2022-06-08 12:58:00,017] {logging_mixin.py:115} INFO - [2022-06-08 12:58:00,016] {dag.py:2927} INFO - Setting next_dagrun for tutorial to 2022-06-07T09:58:00.016628+00:00, run_after=2022-06-08T09:58:00.016628+00:00
[2022-06-08 12:58:00,037] {processor.py:161} INFO - Processing /home/james/airflowa/lib/python3.8/site-packages/airflow/example_dags/tutorial.py took 0.080 seconds
[2022-06-08 12:58:33,236] {processor.py:153} INFO - Started process (PID=123618) to work on /home/james/airflowa/lib/python3.8/site-packages/airflow/example_dags/tutorial.py
[2022-06-08 12:58:33,237] {processor.py:641} INFO - Processing file /home/james/airflowa/lib/python3.8/site-packages/airflow/example_dags/tutorial.py for tasks to queue
[2022-06-08 12:58:33,237] {logging_mixin.py:115} INFO - [2022-06-08 12:58:33,237] {dagbag.py:507} INFO - Filling up the DagBag from /home/james/airflowa/lib/python3.8/site-packages/airflow/example_dags/tutorial.py
[2022-06-08 12:58:33,243] {processor.py:651} INFO - DAG(s) dict_keys(['tutorial']) retrieved from /home/james/airflowa/lib/python3.8/site-packages/airflow/example_dags/tutorial.py
[2022-06-08 12:58:33,262] {logging_mixin.py:115} INFO - [2022-06-08 12:58:33,262] {dag.py:2379} INFO - Sync 1 DAGs
[2022-06-08 12:58:33,284] {logging_mixin.py:115} INFO - [2022-06-08 12:58:33,284] {dag.py:2927} INFO - Setting next_dagrun for tutorial to 2022-06-07T09:58:33.284142+00:00, run_after=2022-06-08T09:58:33.284142+00:00
[2022-06-08 12:58:33,299] {processor.py:161} INFO - Processing /home/james/airflowa/lib/python3.8/site-packages/airflow/example_dags/tutorial.py took 0.066 seconds
[2022-06-08 12:59:12,524] {processor.py:153} INFO - Started process (PID=123994) to work on /home/james/airflowa/lib/python3.8/site-packages/airflow/example_dags/tutorial.py
[2022-06-08 12:59:12,525] {processor.py:641} INFO - Processing file /home/james/airflowa/lib/python3.8/site-packages/airflow/example_dags/tutorial.py for tasks to queue
[2022-06-08 12:59:12,526] {logging_mixin.py:115} INFO - [2022-06-08 12:59:12,526] {dagbag.py:507} INFO - Filling up the DagBag from /home/james/airflowa/lib/python3.8/site-packages/airflow/example_dags/tutorial.py
[2022-06-08 12:59:12,531] {processor.py:651} INFO - DAG(s) dict_keys(['tutorial']) retrieved from /home/james/airflowa/lib/python3.8/site-packages/airflow/example_dags/tutorial.py
[2022-06-08 12:59:12,545] {logging_mixin.py:115} INFO - [2022-06-08 12:59:12,545] {dag.py:2379} INFO - Sync 1 DAGs
[2022-06-08 12:59:12,560] {logging_mixin.py:115} INFO - [2022-06-08 12:59:12,560] {dag.py:2927} INFO - Setting next_dagrun for tutorial to 2022-06-07T09:59:12.560352+00:00, run_after=2022-06-08T09:59:12.560352+00:00
[2022-06-08 12:59:12,572] {processor.py:161} INFO - Processing /home/james/airflowa/lib/python3.8/site-packages/airflow/example_dags/tutorial.py took 0.049 seconds
[2022-06-08 12:59:58,327] {processor.py:153} INFO - Started process (PID=124270) to work on /home/james/airflowa/lib/python3.8/site-packages/airflow/example_dags/tutorial.py
[2022-06-08 12:59:58,328] {processor.py:641} INFO - Processing file /home/james/airflowa/lib/python3.8/site-packages/airflow/example_dags/tutorial.py for tasks to queue
[2022-06-08 12:59:58,328] {logging_mixin.py:115} INFO - [2022-06-08 12:59:58,328] {dagbag.py:507} INFO - Filling up the DagBag from /home/james/airflowa/lib/python3.8/site-packages/airflow/example_dags/tutorial.py
[2022-06-08 12:59:58,334] {processor.py:651} INFO - DAG(s) dict_keys(['tutorial']) retrieved from /home/james/airflowa/lib/python3.8/site-packages/airflow/example_dags/tutorial.py
[2022-06-08 12:59:58,355] {logging_mixin.py:115} INFO - [2022-06-08 12:59:58,355] {dag.py:2379} INFO - Sync 1 DAGs
[2022-06-08 12:59:58,377] {logging_mixin.py:115} INFO - [2022-06-08 12:59:58,377] {dag.py:2927} INFO - Setting next_dagrun for tutorial to 2022-06-07T09:59:58.376964+00:00, run_after=2022-06-08T09:59:58.376964+00:00
[2022-06-08 12:59:58,392] {processor.py:161} INFO - Processing /home/james/airflowa/lib/python3.8/site-packages/airflow/example_dags/tutorial.py took 0.068 seconds
[2022-06-08 13:00:31,980] {processor.py:153} INFO - Started process (PID=124931) to work on /home/james/airflowa/lib/python3.8/site-packages/airflow/example_dags/tutorial.py
[2022-06-08 13:00:31,980] {processor.py:641} INFO - Processing file /home/james/airflowa/lib/python3.8/site-packages/airflow/example_dags/tutorial.py for tasks to queue
[2022-06-08 13:00:31,981] {logging_mixin.py:115} INFO - [2022-06-08 13:00:31,981] {dagbag.py:507} INFO - Filling up the DagBag from /home/james/airflowa/lib/python3.8/site-packages/airflow/example_dags/tutorial.py
[2022-06-08 13:00:31,985] {processor.py:651} INFO - DAG(s) dict_keys(['tutorial']) retrieved from /home/james/airflowa/lib/python3.8/site-packages/airflow/example_dags/tutorial.py
[2022-06-08 13:00:32,000] {logging_mixin.py:115} INFO - [2022-06-08 13:00:32,000] {dag.py:2379} INFO - Sync 1 DAGs
[2022-06-08 13:00:32,016] {logging_mixin.py:115} INFO - [2022-06-08 13:00:32,016] {dag.py:2927} INFO - Setting next_dagrun for tutorial to 2022-06-07T10:00:32.016150+00:00, run_after=2022-06-08T10:00:32.016150+00:00
[2022-06-08 13:00:32,027] {processor.py:161} INFO - Processing /home/james/airflowa/lib/python3.8/site-packages/airflow/example_dags/tutorial.py took 0.050 seconds
[2022-06-08 13:01:21,772] {processor.py:153} INFO - Started process (PID=125195) to work on /home/james/airflowa/lib/python3.8/site-packages/airflow/example_dags/tutorial.py
[2022-06-08 13:01:21,773] {processor.py:641} INFO - Processing file /home/james/airflowa/lib/python3.8/site-packages/airflow/example_dags/tutorial.py for tasks to queue
[2022-06-08 13:01:21,774] {logging_mixin.py:115} INFO - [2022-06-08 13:01:21,774] {dagbag.py:507} INFO - Filling up the DagBag from /home/james/airflowa/lib/python3.8/site-packages/airflow/example_dags/tutorial.py
[2022-06-08 13:01:21,779] {processor.py:651} INFO - DAG(s) dict_keys(['tutorial']) retrieved from /home/james/airflowa/lib/python3.8/site-packages/airflow/example_dags/tutorial.py
[2022-06-08 13:01:21,792] {logging_mixin.py:115} INFO - [2022-06-08 13:01:21,792] {dag.py:2379} INFO - Sync 1 DAGs
[2022-06-08 13:01:21,807] {logging_mixin.py:115} INFO - [2022-06-08 13:01:21,807] {dag.py:2927} INFO - Setting next_dagrun for tutorial to 2022-06-07T10:01:21.807383+00:00, run_after=2022-06-08T10:01:21.807383+00:00
[2022-06-08 13:01:21,818] {processor.py:161} INFO - Processing /home/james/airflowa/lib/python3.8/site-packages/airflow/example_dags/tutorial.py took 0.049 seconds
[2022-06-08 13:02:28,601] {processor.py:153} INFO - Started process (PID=125557) to work on /home/james/airflowa/lib/python3.8/site-packages/airflow/example_dags/tutorial.py
[2022-06-08 13:02:28,602] {processor.py:641} INFO - Processing file /home/james/airflowa/lib/python3.8/site-packages/airflow/example_dags/tutorial.py for tasks to queue
[2022-06-08 13:02:28,602] {logging_mixin.py:115} INFO - [2022-06-08 13:02:28,602] {dagbag.py:507} INFO - Filling up the DagBag from /home/james/airflowa/lib/python3.8/site-packages/airflow/example_dags/tutorial.py
[2022-06-08 13:02:28,607] {processor.py:651} INFO - DAG(s) dict_keys(['tutorial']) retrieved from /home/james/airflowa/lib/python3.8/site-packages/airflow/example_dags/tutorial.py
[2022-06-08 13:02:28,619] {logging_mixin.py:115} INFO - [2022-06-08 13:02:28,619] {dag.py:2379} INFO - Sync 1 DAGs
[2022-06-08 13:02:28,634] {logging_mixin.py:115} INFO - [2022-06-08 13:02:28,634] {dag.py:2927} INFO - Setting next_dagrun for tutorial to 2022-06-07T10:02:28.633976+00:00, run_after=2022-06-08T10:02:28.633976+00:00
[2022-06-08 13:02:28,645] {processor.py:161} INFO - Processing /home/james/airflowa/lib/python3.8/site-packages/airflow/example_dags/tutorial.py took 0.049 seconds
[2022-06-08 13:03:18,416] {processor.py:153} INFO - Started process (PID=125816) to work on /home/james/airflowa/lib/python3.8/site-packages/airflow/example_dags/tutorial.py
[2022-06-08 13:03:18,416] {processor.py:641} INFO - Processing file /home/james/airflowa/lib/python3.8/site-packages/airflow/example_dags/tutorial.py for tasks to queue
[2022-06-08 13:03:18,417] {logging_mixin.py:115} INFO - [2022-06-08 13:03:18,417] {dagbag.py:507} INFO - Filling up the DagBag from /home/james/airflowa/lib/python3.8/site-packages/airflow/example_dags/tutorial.py
[2022-06-08 13:03:18,423] {processor.py:651} INFO - DAG(s) dict_keys(['tutorial']) retrieved from /home/james/airflowa/lib/python3.8/site-packages/airflow/example_dags/tutorial.py
[2022-06-08 13:03:18,437] {logging_mixin.py:115} INFO - [2022-06-08 13:03:18,437] {dag.py:2379} INFO - Sync 1 DAGs
[2022-06-08 13:03:18,452] {logging_mixin.py:115} INFO - [2022-06-08 13:03:18,452] {dag.py:2927} INFO - Setting next_dagrun for tutorial to 2022-06-07T10:03:18.452510+00:00, run_after=2022-06-08T10:03:18.452510+00:00
[2022-06-08 13:03:18,464] {processor.py:161} INFO - Processing /home/james/airflowa/lib/python3.8/site-packages/airflow/example_dags/tutorial.py took 0.051 seconds
[2022-06-08 13:04:09,328] {processor.py:153} INFO - Started process (PID=126296) to work on /home/james/airflowa/lib/python3.8/site-packages/airflow/example_dags/tutorial.py
[2022-06-08 13:04:09,329] {processor.py:641} INFO - Processing file /home/james/airflowa/lib/python3.8/site-packages/airflow/example_dags/tutorial.py for tasks to queue
[2022-06-08 13:04:09,329] {logging_mixin.py:115} INFO - [2022-06-08 13:04:09,329] {dagbag.py:507} INFO - Filling up the DagBag from /home/james/airflowa/lib/python3.8/site-packages/airflow/example_dags/tutorial.py
[2022-06-08 13:04:09,336] {processor.py:651} INFO - DAG(s) dict_keys(['tutorial']) retrieved from /home/james/airflowa/lib/python3.8/site-packages/airflow/example_dags/tutorial.py
[2022-06-08 13:04:09,352] {logging_mixin.py:115} INFO - [2022-06-08 13:04:09,352] {dag.py:2379} INFO - Sync 1 DAGs
[2022-06-08 13:04:09,367] {logging_mixin.py:115} INFO - [2022-06-08 13:04:09,367] {dag.py:2927} INFO - Setting next_dagrun for tutorial to 2022-06-07T10:04:09.367292+00:00, run_after=2022-06-08T10:04:09.367292+00:00
[2022-06-08 13:04:09,378] {processor.py:161} INFO - Processing /home/james/airflowa/lib/python3.8/site-packages/airflow/example_dags/tutorial.py took 0.054 seconds
[2022-06-08 13:04:49,259] {processor.py:153} INFO - Started process (PID=126438) to work on /home/james/airflowa/lib/python3.8/site-packages/airflow/example_dags/tutorial.py
[2022-06-08 13:04:49,260] {processor.py:641} INFO - Processing file /home/james/airflowa/lib/python3.8/site-packages/airflow/example_dags/tutorial.py for tasks to queue
[2022-06-08 13:04:49,260] {logging_mixin.py:115} INFO - [2022-06-08 13:04:49,260] {dagbag.py:507} INFO - Filling up the DagBag from /home/james/airflowa/lib/python3.8/site-packages/airflow/example_dags/tutorial.py
[2022-06-08 13:04:49,265] {processor.py:651} INFO - DAG(s) dict_keys(['tutorial']) retrieved from /home/james/airflowa/lib/python3.8/site-packages/airflow/example_dags/tutorial.py
[2022-06-08 13:04:49,279] {logging_mixin.py:115} INFO - [2022-06-08 13:04:49,279] {dag.py:2379} INFO - Sync 1 DAGs
[2022-06-08 13:04:49,294] {logging_mixin.py:115} INFO - [2022-06-08 13:04:49,294] {dag.py:2927} INFO - Setting next_dagrun for tutorial to 2022-06-07T10:04:49.294165+00:00, run_after=2022-06-08T10:04:49.294165+00:00
[2022-06-08 13:04:49,306] {processor.py:161} INFO - Processing /home/james/airflowa/lib/python3.8/site-packages/airflow/example_dags/tutorial.py took 0.049 seconds
[2022-06-08 13:05:43,470] {processor.py:153} INFO - Started process (PID=126657) to work on /home/james/airflowa/lib/python3.8/site-packages/airflow/example_dags/tutorial.py
[2022-06-08 13:05:43,470] {processor.py:641} INFO - Processing file /home/james/airflowa/lib/python3.8/site-packages/airflow/example_dags/tutorial.py for tasks to queue
[2022-06-08 13:05:43,471] {logging_mixin.py:115} INFO - [2022-06-08 13:05:43,471] {dagbag.py:507} INFO - Filling up the DagBag from /home/james/airflowa/lib/python3.8/site-packages/airflow/example_dags/tutorial.py
[2022-06-08 13:05:43,476] {processor.py:651} INFO - DAG(s) dict_keys(['tutorial']) retrieved from /home/james/airflowa/lib/python3.8/site-packages/airflow/example_dags/tutorial.py
[2022-06-08 13:05:43,491] {logging_mixin.py:115} INFO - [2022-06-08 13:05:43,491] {dag.py:2379} INFO - Sync 1 DAGs
[2022-06-08 13:05:43,506] {logging_mixin.py:115} INFO - [2022-06-08 13:05:43,506] {dag.py:2927} INFO - Setting next_dagrun for tutorial to 2022-06-07T10:05:43.506299+00:00, run_after=2022-06-08T10:05:43.506299+00:00
[2022-06-08 13:05:43,517] {processor.py:161} INFO - Processing /home/james/airflowa/lib/python3.8/site-packages/airflow/example_dags/tutorial.py took 0.050 seconds
[2022-06-08 13:06:41,870] {processor.py:153} INFO - Started process (PID=126940) to work on /home/james/airflowa/lib/python3.8/site-packages/airflow/example_dags/tutorial.py
[2022-06-08 13:06:41,870] {processor.py:641} INFO - Processing file /home/james/airflowa/lib/python3.8/site-packages/airflow/example_dags/tutorial.py for tasks to queue
[2022-06-08 13:06:41,871] {logging_mixin.py:115} INFO - [2022-06-08 13:06:41,871] {dagbag.py:507} INFO - Filling up the DagBag from /home/james/airflowa/lib/python3.8/site-packages/airflow/example_dags/tutorial.py
[2022-06-08 13:06:41,876] {processor.py:651} INFO - DAG(s) dict_keys(['tutorial']) retrieved from /home/james/airflowa/lib/python3.8/site-packages/airflow/example_dags/tutorial.py
[2022-06-08 13:06:41,888] {logging_mixin.py:115} INFO - [2022-06-08 13:06:41,887] {dag.py:2379} INFO - Sync 1 DAGs
[2022-06-08 13:06:41,903] {logging_mixin.py:115} INFO - [2022-06-08 13:06:41,902] {dag.py:2927} INFO - Setting next_dagrun for tutorial to 2022-06-07T10:06:41.902627+00:00, run_after=2022-06-08T10:06:41.902627+00:00
[2022-06-08 13:06:41,916] {processor.py:161} INFO - Processing /home/james/airflowa/lib/python3.8/site-packages/airflow/example_dags/tutorial.py took 0.048 seconds
