[2022-06-08 09:03:51,216] {processor.py:153} INFO - Started process (PID=23648) to work on /home/james/airflowa/lib/python3.8/site-packages/airflow/example_dags/tutorial_taskflow_api_etl.py
[2022-06-08 09:03:51,216] {processor.py:641} INFO - Processing file /home/james/airflowa/lib/python3.8/site-packages/airflow/example_dags/tutorial_taskflow_api_etl.py for tasks to queue
[2022-06-08 09:03:51,217] {logging_mixin.py:115} INFO - [2022-06-08 09:03:51,217] {dagbag.py:507} INFO - Filling up the DagBag from /home/james/airflowa/lib/python3.8/site-packages/airflow/example_dags/tutorial_taskflow_api_etl.py
[2022-06-08 09:03:51,233] {processor.py:651} INFO - DAG(s) dict_keys(['tutorial_taskflow_api_etl']) retrieved from /home/james/airflowa/lib/python3.8/site-packages/airflow/example_dags/tutorial_taskflow_api_etl.py
[2022-06-08 09:03:51,272] {logging_mixin.py:115} INFO - [2022-06-08 09:03:51,272] {dag.py:2379} INFO - Sync 1 DAGs
[2022-06-08 09:03:51,286] {logging_mixin.py:115} INFO - [2022-06-08 09:03:51,286] {dag.py:2927} INFO - Setting next_dagrun for tutorial_taskflow_api_etl to None, run_after=None
[2022-06-08 09:03:51,302] {processor.py:161} INFO - Processing /home/james/airflowa/lib/python3.8/site-packages/airflow/example_dags/tutorial_taskflow_api_etl.py took 0.089 seconds
[2022-06-08 09:04:25,376] {processor.py:153} INFO - Started process (PID=23848) to work on /home/james/airflowa/lib/python3.8/site-packages/airflow/example_dags/tutorial_taskflow_api_etl.py
[2022-06-08 09:04:25,377] {processor.py:641} INFO - Processing file /home/james/airflowa/lib/python3.8/site-packages/airflow/example_dags/tutorial_taskflow_api_etl.py for tasks to queue
[2022-06-08 09:04:25,377] {logging_mixin.py:115} INFO - [2022-06-08 09:04:25,377] {dagbag.py:507} INFO - Filling up the DagBag from /home/james/airflowa/lib/python3.8/site-packages/airflow/example_dags/tutorial_taskflow_api_etl.py
[2022-06-08 09:04:25,394] {processor.py:651} INFO - DAG(s) dict_keys(['tutorial_taskflow_api_etl']) retrieved from /home/james/airflowa/lib/python3.8/site-packages/airflow/example_dags/tutorial_taskflow_api_etl.py
[2022-06-08 09:04:25,440] {logging_mixin.py:115} INFO - [2022-06-08 09:04:25,440] {dag.py:2379} INFO - Sync 1 DAGs
[2022-06-08 09:04:25,455] {logging_mixin.py:115} INFO - [2022-06-08 09:04:25,455] {dag.py:2927} INFO - Setting next_dagrun for tutorial_taskflow_api_etl to None, run_after=None
[2022-06-08 09:04:25,472] {processor.py:161} INFO - Processing /home/james/airflowa/lib/python3.8/site-packages/airflow/example_dags/tutorial_taskflow_api_etl.py took 0.098 seconds
[2022-06-08 09:04:59,515] {processor.py:153} INFO - Started process (PID=24005) to work on /home/james/airflowa/lib/python3.8/site-packages/airflow/example_dags/tutorial_taskflow_api_etl.py
[2022-06-08 09:04:59,516] {processor.py:641} INFO - Processing file /home/james/airflowa/lib/python3.8/site-packages/airflow/example_dags/tutorial_taskflow_api_etl.py for tasks to queue
[2022-06-08 09:04:59,516] {logging_mixin.py:115} INFO - [2022-06-08 09:04:59,516] {dagbag.py:507} INFO - Filling up the DagBag from /home/james/airflowa/lib/python3.8/site-packages/airflow/example_dags/tutorial_taskflow_api_etl.py
[2022-06-08 09:04:59,532] {processor.py:651} INFO - DAG(s) dict_keys(['tutorial_taskflow_api_etl']) retrieved from /home/james/airflowa/lib/python3.8/site-packages/airflow/example_dags/tutorial_taskflow_api_etl.py
[2022-06-08 09:04:59,544] {logging_mixin.py:115} INFO - [2022-06-08 09:04:59,544] {dag.py:2379} INFO - Sync 1 DAGs
[2022-06-08 09:04:59,559] {logging_mixin.py:115} INFO - [2022-06-08 09:04:59,559] {dag.py:2927} INFO - Setting next_dagrun for tutorial_taskflow_api_etl to None, run_after=None
[2022-06-08 09:04:59,569] {processor.py:161} INFO - Processing /home/james/airflowa/lib/python3.8/site-packages/airflow/example_dags/tutorial_taskflow_api_etl.py took 0.056 seconds
[2022-06-08 09:05:45,375] {processor.py:153} INFO - Started process (PID=24460) to work on /home/james/airflowa/lib/python3.8/site-packages/airflow/example_dags/tutorial_taskflow_api_etl.py
[2022-06-08 09:05:45,376] {processor.py:641} INFO - Processing file /home/james/airflowa/lib/python3.8/site-packages/airflow/example_dags/tutorial_taskflow_api_etl.py for tasks to queue
[2022-06-08 09:05:45,376] {logging_mixin.py:115} INFO - [2022-06-08 09:05:45,376] {dagbag.py:507} INFO - Filling up the DagBag from /home/james/airflowa/lib/python3.8/site-packages/airflow/example_dags/tutorial_taskflow_api_etl.py
[2022-06-08 09:05:45,390] {processor.py:651} INFO - DAG(s) dict_keys(['tutorial_taskflow_api_etl']) retrieved from /home/james/airflowa/lib/python3.8/site-packages/airflow/example_dags/tutorial_taskflow_api_etl.py
[2022-06-08 09:05:45,403] {logging_mixin.py:115} INFO - [2022-06-08 09:05:45,403] {dag.py:2379} INFO - Sync 1 DAGs
[2022-06-08 09:05:45,418] {logging_mixin.py:115} INFO - [2022-06-08 09:05:45,418] {dag.py:2927} INFO - Setting next_dagrun for tutorial_taskflow_api_etl to None, run_after=None
[2022-06-08 09:05:45,428] {processor.py:161} INFO - Processing /home/james/airflowa/lib/python3.8/site-packages/airflow/example_dags/tutorial_taskflow_api_etl.py took 0.056 seconds
[2022-06-08 09:06:51,047] {processor.py:153} INFO - Started process (PID=24976) to work on /home/james/airflowa/lib/python3.8/site-packages/airflow/example_dags/tutorial_taskflow_api_etl.py
[2022-06-08 09:06:51,048] {processor.py:641} INFO - Processing file /home/james/airflowa/lib/python3.8/site-packages/airflow/example_dags/tutorial_taskflow_api_etl.py for tasks to queue
[2022-06-08 09:06:51,049] {logging_mixin.py:115} INFO - [2022-06-08 09:06:51,049] {dagbag.py:507} INFO - Filling up the DagBag from /home/james/airflowa/lib/python3.8/site-packages/airflow/example_dags/tutorial_taskflow_api_etl.py
[2022-06-08 09:06:51,075] {processor.py:651} INFO - DAG(s) dict_keys(['tutorial_taskflow_api_etl']) retrieved from /home/james/airflowa/lib/python3.8/site-packages/airflow/example_dags/tutorial_taskflow_api_etl.py
[2022-06-08 09:06:51,144] {logging_mixin.py:115} INFO - [2022-06-08 09:06:51,144] {dag.py:2379} INFO - Sync 1 DAGs
[2022-06-08 09:06:51,173] {logging_mixin.py:115} INFO - [2022-06-08 09:06:51,173] {dag.py:2927} INFO - Setting next_dagrun for tutorial_taskflow_api_etl to None, run_after=None
[2022-06-08 09:06:51,208] {processor.py:161} INFO - Processing /home/james/airflowa/lib/python3.8/site-packages/airflow/example_dags/tutorial_taskflow_api_etl.py took 0.164 seconds
[2022-06-08 09:07:41,596] {processor.py:153} INFO - Started process (PID=25301) to work on /home/james/airflowa/lib/python3.8/site-packages/airflow/example_dags/tutorial_taskflow_api_etl.py
[2022-06-08 09:07:41,597] {processor.py:641} INFO - Processing file /home/james/airflowa/lib/python3.8/site-packages/airflow/example_dags/tutorial_taskflow_api_etl.py for tasks to queue
[2022-06-08 09:07:41,598] {logging_mixin.py:115} INFO - [2022-06-08 09:07:41,598] {dagbag.py:507} INFO - Filling up the DagBag from /home/james/airflowa/lib/python3.8/site-packages/airflow/example_dags/tutorial_taskflow_api_etl.py
[2022-06-08 09:07:41,620] {processor.py:651} INFO - DAG(s) dict_keys(['tutorial_taskflow_api_etl']) retrieved from /home/james/airflowa/lib/python3.8/site-packages/airflow/example_dags/tutorial_taskflow_api_etl.py
[2022-06-08 09:07:41,686] {logging_mixin.py:115} INFO - [2022-06-08 09:07:41,686] {dag.py:2379} INFO - Sync 1 DAGs
[2022-06-08 09:07:41,726] {logging_mixin.py:115} INFO - [2022-06-08 09:07:41,726] {dag.py:2927} INFO - Setting next_dagrun for tutorial_taskflow_api_etl to None, run_after=None
[2022-06-08 09:07:41,749] {processor.py:161} INFO - Processing /home/james/airflowa/lib/python3.8/site-packages/airflow/example_dags/tutorial_taskflow_api_etl.py took 0.157 seconds
[2022-06-08 09:08:28,626] {processor.py:153} INFO - Started process (PID=25551) to work on /home/james/airflowa/lib/python3.8/site-packages/airflow/example_dags/tutorial_taskflow_api_etl.py
[2022-06-08 09:08:28,627] {processor.py:641} INFO - Processing file /home/james/airflowa/lib/python3.8/site-packages/airflow/example_dags/tutorial_taskflow_api_etl.py for tasks to queue
[2022-06-08 09:08:28,628] {logging_mixin.py:115} INFO - [2022-06-08 09:08:28,628] {dagbag.py:507} INFO - Filling up the DagBag from /home/james/airflowa/lib/python3.8/site-packages/airflow/example_dags/tutorial_taskflow_api_etl.py
[2022-06-08 09:08:28,658] {processor.py:651} INFO - DAG(s) dict_keys(['tutorial_taskflow_api_etl']) retrieved from /home/james/airflowa/lib/python3.8/site-packages/airflow/example_dags/tutorial_taskflow_api_etl.py
[2022-06-08 09:08:28,687] {logging_mixin.py:115} INFO - [2022-06-08 09:08:28,687] {dag.py:2379} INFO - Sync 1 DAGs
[2022-06-08 09:08:28,720] {logging_mixin.py:115} INFO - [2022-06-08 09:08:28,720] {dag.py:2927} INFO - Setting next_dagrun for tutorial_taskflow_api_etl to None, run_after=None
[2022-06-08 09:08:28,738] {processor.py:161} INFO - Processing /home/james/airflowa/lib/python3.8/site-packages/airflow/example_dags/tutorial_taskflow_api_etl.py took 0.116 seconds
[2022-06-08 09:09:16,645] {processor.py:153} INFO - Started process (PID=25877) to work on /home/james/airflowa/lib/python3.8/site-packages/airflow/example_dags/tutorial_taskflow_api_etl.py
[2022-06-08 09:09:16,646] {processor.py:641} INFO - Processing file /home/james/airflowa/lib/python3.8/site-packages/airflow/example_dags/tutorial_taskflow_api_etl.py for tasks to queue
[2022-06-08 09:09:16,647] {logging_mixin.py:115} INFO - [2022-06-08 09:09:16,647] {dagbag.py:507} INFO - Filling up the DagBag from /home/james/airflowa/lib/python3.8/site-packages/airflow/example_dags/tutorial_taskflow_api_etl.py
[2022-06-08 09:09:16,686] {processor.py:651} INFO - DAG(s) dict_keys(['tutorial_taskflow_api_etl']) retrieved from /home/james/airflowa/lib/python3.8/site-packages/airflow/example_dags/tutorial_taskflow_api_etl.py
[2022-06-08 09:09:16,767] {logging_mixin.py:115} INFO - [2022-06-08 09:09:16,767] {dag.py:2379} INFO - Sync 1 DAGs
[2022-06-08 09:09:16,792] {logging_mixin.py:115} INFO - [2022-06-08 09:09:16,791] {dag.py:2927} INFO - Setting next_dagrun for tutorial_taskflow_api_etl to None, run_after=None
[2022-06-08 09:09:16,822] {processor.py:161} INFO - Processing /home/james/airflowa/lib/python3.8/site-packages/airflow/example_dags/tutorial_taskflow_api_etl.py took 0.182 seconds
[2022-06-08 09:10:10,583] {processor.py:153} INFO - Started process (PID=26558) to work on /home/james/airflowa/lib/python3.8/site-packages/airflow/example_dags/tutorial_taskflow_api_etl.py
[2022-06-08 09:10:10,584] {processor.py:641} INFO - Processing file /home/james/airflowa/lib/python3.8/site-packages/airflow/example_dags/tutorial_taskflow_api_etl.py for tasks to queue
[2022-06-08 09:10:10,584] {logging_mixin.py:115} INFO - [2022-06-08 09:10:10,584] {dagbag.py:507} INFO - Filling up the DagBag from /home/james/airflowa/lib/python3.8/site-packages/airflow/example_dags/tutorial_taskflow_api_etl.py
[2022-06-08 09:10:10,611] {processor.py:651} INFO - DAG(s) dict_keys(['tutorial_taskflow_api_etl']) retrieved from /home/james/airflowa/lib/python3.8/site-packages/airflow/example_dags/tutorial_taskflow_api_etl.py
[2022-06-08 09:10:10,685] {logging_mixin.py:115} INFO - [2022-06-08 09:10:10,684] {dag.py:2379} INFO - Sync 1 DAGs
[2022-06-08 09:10:10,712] {logging_mixin.py:115} INFO - [2022-06-08 09:10:10,711] {dag.py:2927} INFO - Setting next_dagrun for tutorial_taskflow_api_etl to None, run_after=None
[2022-06-08 09:10:10,731] {processor.py:161} INFO - Processing /home/james/airflowa/lib/python3.8/site-packages/airflow/example_dags/tutorial_taskflow_api_etl.py took 0.152 seconds
[2022-06-08 09:11:11,684] {processor.py:153} INFO - Started process (PID=27055) to work on /home/james/airflowa/lib/python3.8/site-packages/airflow/example_dags/tutorial_taskflow_api_etl.py
[2022-06-08 09:11:11,685] {processor.py:641} INFO - Processing file /home/james/airflowa/lib/python3.8/site-packages/airflow/example_dags/tutorial_taskflow_api_etl.py for tasks to queue
[2022-06-08 09:11:11,685] {logging_mixin.py:115} INFO - [2022-06-08 09:11:11,685] {dagbag.py:507} INFO - Filling up the DagBag from /home/james/airflowa/lib/python3.8/site-packages/airflow/example_dags/tutorial_taskflow_api_etl.py
[2022-06-08 09:11:11,717] {processor.py:651} INFO - DAG(s) dict_keys(['tutorial_taskflow_api_etl']) retrieved from /home/james/airflowa/lib/python3.8/site-packages/airflow/example_dags/tutorial_taskflow_api_etl.py
[2022-06-08 09:11:11,790] {logging_mixin.py:115} INFO - [2022-06-08 09:11:11,790] {dag.py:2379} INFO - Sync 1 DAGs
[2022-06-08 09:11:11,821] {logging_mixin.py:115} INFO - [2022-06-08 09:11:11,820] {dag.py:2927} INFO - Setting next_dagrun for tutorial_taskflow_api_etl to None, run_after=None
[2022-06-08 09:11:11,842] {processor.py:161} INFO - Processing /home/james/airflowa/lib/python3.8/site-packages/airflow/example_dags/tutorial_taskflow_api_etl.py took 0.161 seconds
[2022-06-08 09:12:31,100] {processor.py:153} INFO - Started process (PID=27491) to work on /home/james/airflowa/lib/python3.8/site-packages/airflow/example_dags/tutorial_taskflow_api_etl.py
[2022-06-08 09:12:31,102] {processor.py:641} INFO - Processing file /home/james/airflowa/lib/python3.8/site-packages/airflow/example_dags/tutorial_taskflow_api_etl.py for tasks to queue
[2022-06-08 09:12:31,104] {logging_mixin.py:115} INFO - [2022-06-08 09:12:31,103] {dagbag.py:507} INFO - Filling up the DagBag from /home/james/airflowa/lib/python3.8/site-packages/airflow/example_dags/tutorial_taskflow_api_etl.py
[2022-06-08 09:12:31,164] {processor.py:651} INFO - DAG(s) dict_keys(['tutorial_taskflow_api_etl']) retrieved from /home/james/airflowa/lib/python3.8/site-packages/airflow/example_dags/tutorial_taskflow_api_etl.py
[2022-06-08 09:12:31,204] {logging_mixin.py:115} INFO - [2022-06-08 09:12:31,203] {dag.py:2379} INFO - Sync 1 DAGs
[2022-06-08 09:12:31,254] {logging_mixin.py:115} INFO - [2022-06-08 09:12:31,254] {dag.py:2927} INFO - Setting next_dagrun for tutorial_taskflow_api_etl to None, run_after=None
[2022-06-08 09:12:31,282] {processor.py:161} INFO - Processing /home/james/airflowa/lib/python3.8/site-packages/airflow/example_dags/tutorial_taskflow_api_etl.py took 0.190 seconds
[2022-06-08 09:14:20,447] {processor.py:153} INFO - Started process (PID=28122) to work on /home/james/airflowa/lib/python3.8/site-packages/airflow/example_dags/tutorial_taskflow_api_etl.py
[2022-06-08 09:14:20,449] {processor.py:641} INFO - Processing file /home/james/airflowa/lib/python3.8/site-packages/airflow/example_dags/tutorial_taskflow_api_etl.py for tasks to queue
[2022-06-08 09:14:20,450] {logging_mixin.py:115} INFO - [2022-06-08 09:14:20,450] {dagbag.py:507} INFO - Filling up the DagBag from /home/james/airflowa/lib/python3.8/site-packages/airflow/example_dags/tutorial_taskflow_api_etl.py
[2022-06-08 09:14:20,499] {processor.py:651} INFO - DAG(s) dict_keys(['tutorial_taskflow_api_etl']) retrieved from /home/james/airflowa/lib/python3.8/site-packages/airflow/example_dags/tutorial_taskflow_api_etl.py
[2022-06-08 09:14:20,619] {logging_mixin.py:115} INFO - [2022-06-08 09:14:20,618] {dag.py:2379} INFO - Sync 1 DAGs
[2022-06-08 09:14:20,664] {logging_mixin.py:115} INFO - [2022-06-08 09:14:20,664] {dag.py:2927} INFO - Setting next_dagrun for tutorial_taskflow_api_etl to None, run_after=None
[2022-06-08 09:14:20,718] {processor.py:161} INFO - Processing /home/james/airflowa/lib/python3.8/site-packages/airflow/example_dags/tutorial_taskflow_api_etl.py took 0.278 seconds
[2022-06-08 09:16:03,162] {processor.py:153} INFO - Started process (PID=29299) to work on /home/james/airflowa/lib/python3.8/site-packages/airflow/example_dags/tutorial_taskflow_api_etl.py
[2022-06-08 09:16:03,163] {processor.py:641} INFO - Processing file /home/james/airflowa/lib/python3.8/site-packages/airflow/example_dags/tutorial_taskflow_api_etl.py for tasks to queue
[2022-06-08 09:16:03,164] {logging_mixin.py:115} INFO - [2022-06-08 09:16:03,164] {dagbag.py:507} INFO - Filling up the DagBag from /home/james/airflowa/lib/python3.8/site-packages/airflow/example_dags/tutorial_taskflow_api_etl.py
[2022-06-08 09:16:03,200] {processor.py:651} INFO - DAG(s) dict_keys(['tutorial_taskflow_api_etl']) retrieved from /home/james/airflowa/lib/python3.8/site-packages/airflow/example_dags/tutorial_taskflow_api_etl.py
[2022-06-08 09:16:03,228] {logging_mixin.py:115} INFO - [2022-06-08 09:16:03,227] {dag.py:2379} INFO - Sync 1 DAGs
[2022-06-08 09:16:03,263] {logging_mixin.py:115} INFO - [2022-06-08 09:16:03,263] {dag.py:2927} INFO - Setting next_dagrun for tutorial_taskflow_api_etl to None, run_after=None
[2022-06-08 09:16:03,284] {processor.py:161} INFO - Processing /home/james/airflowa/lib/python3.8/site-packages/airflow/example_dags/tutorial_taskflow_api_etl.py took 0.127 seconds
[2022-06-08 09:17:51,364] {processor.py:153} INFO - Started process (PID=30464) to work on /home/james/airflowa/lib/python3.8/site-packages/airflow/example_dags/tutorial_taskflow_api_etl.py
[2022-06-08 09:17:51,366] {processor.py:641} INFO - Processing file /home/james/airflowa/lib/python3.8/site-packages/airflow/example_dags/tutorial_taskflow_api_etl.py for tasks to queue
[2022-06-08 09:17:51,367] {logging_mixin.py:115} INFO - [2022-06-08 09:17:51,367] {dagbag.py:507} INFO - Filling up the DagBag from /home/james/airflowa/lib/python3.8/site-packages/airflow/example_dags/tutorial_taskflow_api_etl.py
[2022-06-08 09:17:51,445] {processor.py:651} INFO - DAG(s) dict_keys(['tutorial_taskflow_api_etl']) retrieved from /home/james/airflowa/lib/python3.8/site-packages/airflow/example_dags/tutorial_taskflow_api_etl.py
[2022-06-08 09:17:51,526] {logging_mixin.py:115} INFO - [2022-06-08 09:17:51,525] {dag.py:2379} INFO - Sync 1 DAGs
[2022-06-08 09:17:51,575] {logging_mixin.py:115} INFO - [2022-06-08 09:17:51,575] {dag.py:2927} INFO - Setting next_dagrun for tutorial_taskflow_api_etl to None, run_after=None
[2022-06-08 09:17:51,594] {processor.py:161} INFO - Processing /home/james/airflowa/lib/python3.8/site-packages/airflow/example_dags/tutorial_taskflow_api_etl.py took 0.237 seconds
[2022-06-08 09:19:43,775] {processor.py:153} INFO - Started process (PID=31142) to work on /home/james/airflowa/lib/python3.8/site-packages/airflow/example_dags/tutorial_taskflow_api_etl.py
[2022-06-08 09:19:43,778] {processor.py:641} INFO - Processing file /home/james/airflowa/lib/python3.8/site-packages/airflow/example_dags/tutorial_taskflow_api_etl.py for tasks to queue
[2022-06-08 09:19:43,781] {logging_mixin.py:115} INFO - [2022-06-08 09:19:43,781] {dagbag.py:507} INFO - Filling up the DagBag from /home/james/airflowa/lib/python3.8/site-packages/airflow/example_dags/tutorial_taskflow_api_etl.py
[2022-06-08 09:19:43,880] {processor.py:651} INFO - DAG(s) dict_keys(['tutorial_taskflow_api_etl']) retrieved from /home/james/airflowa/lib/python3.8/site-packages/airflow/example_dags/tutorial_taskflow_api_etl.py
[2022-06-08 09:19:44,084] {logging_mixin.py:115} INFO - [2022-06-08 09:19:44,084] {dag.py:2379} INFO - Sync 1 DAGs
[2022-06-08 09:19:44,182] {logging_mixin.py:115} INFO - [2022-06-08 09:19:44,181] {dag.py:2927} INFO - Setting next_dagrun for tutorial_taskflow_api_etl to None, run_after=None
[2022-06-08 09:19:44,251] {processor.py:161} INFO - Processing /home/james/airflowa/lib/python3.8/site-packages/airflow/example_dags/tutorial_taskflow_api_etl.py took 0.484 seconds
[2022-06-08 09:21:59,308] {processor.py:153} INFO - Started process (PID=32810) to work on /home/james/airflowa/lib/python3.8/site-packages/airflow/example_dags/tutorial_taskflow_api_etl.py
[2022-06-08 09:21:59,309] {processor.py:641} INFO - Processing file /home/james/airflowa/lib/python3.8/site-packages/airflow/example_dags/tutorial_taskflow_api_etl.py for tasks to queue
[2022-06-08 09:21:59,310] {logging_mixin.py:115} INFO - [2022-06-08 09:21:59,310] {dagbag.py:507} INFO - Filling up the DagBag from /home/james/airflowa/lib/python3.8/site-packages/airflow/example_dags/tutorial_taskflow_api_etl.py
[2022-06-08 09:21:59,352] {processor.py:651} INFO - DAG(s) dict_keys(['tutorial_taskflow_api_etl']) retrieved from /home/james/airflowa/lib/python3.8/site-packages/airflow/example_dags/tutorial_taskflow_api_etl.py
[2022-06-08 09:21:59,447] {logging_mixin.py:115} INFO - [2022-06-08 09:21:59,447] {dag.py:2379} INFO - Sync 1 DAGs
[2022-06-08 09:21:59,483] {logging_mixin.py:115} INFO - [2022-06-08 09:21:59,483] {dag.py:2927} INFO - Setting next_dagrun for tutorial_taskflow_api_etl to None, run_after=None
[2022-06-08 09:21:59,507] {processor.py:161} INFO - Processing /home/james/airflowa/lib/python3.8/site-packages/airflow/example_dags/tutorial_taskflow_api_etl.py took 0.205 seconds
[2022-06-08 09:24:00,672] {processor.py:153} INFO - Started process (PID=33509) to work on /home/james/airflowa/lib/python3.8/site-packages/airflow/example_dags/tutorial_taskflow_api_etl.py
[2022-06-08 09:24:00,673] {processor.py:641} INFO - Processing file /home/james/airflowa/lib/python3.8/site-packages/airflow/example_dags/tutorial_taskflow_api_etl.py for tasks to queue
[2022-06-08 09:24:00,674] {logging_mixin.py:115} INFO - [2022-06-08 09:24:00,674] {dagbag.py:507} INFO - Filling up the DagBag from /home/james/airflowa/lib/python3.8/site-packages/airflow/example_dags/tutorial_taskflow_api_etl.py
[2022-06-08 09:24:00,716] {processor.py:651} INFO - DAG(s) dict_keys(['tutorial_taskflow_api_etl']) retrieved from /home/james/airflowa/lib/python3.8/site-packages/airflow/example_dags/tutorial_taskflow_api_etl.py
[2022-06-08 09:24:00,847] {logging_mixin.py:115} INFO - [2022-06-08 09:24:00,846] {dag.py:2379} INFO - Sync 1 DAGs
[2022-06-08 09:24:00,902] {logging_mixin.py:115} INFO - [2022-06-08 09:24:00,901] {dag.py:2927} INFO - Setting next_dagrun for tutorial_taskflow_api_etl to None, run_after=None
[2022-06-08 09:24:00,940] {processor.py:161} INFO - Processing /home/james/airflowa/lib/python3.8/site-packages/airflow/example_dags/tutorial_taskflow_api_etl.py took 0.273 seconds
[2022-06-08 09:26:26,964] {processor.py:153} INFO - Started process (PID=34419) to work on /home/james/airflowa/lib/python3.8/site-packages/airflow/example_dags/tutorial_taskflow_api_etl.py
[2022-06-08 09:26:26,965] {processor.py:641} INFO - Processing file /home/james/airflowa/lib/python3.8/site-packages/airflow/example_dags/tutorial_taskflow_api_etl.py for tasks to queue
[2022-06-08 09:26:26,965] {logging_mixin.py:115} INFO - [2022-06-08 09:26:26,965] {dagbag.py:507} INFO - Filling up the DagBag from /home/james/airflowa/lib/python3.8/site-packages/airflow/example_dags/tutorial_taskflow_api_etl.py
[2022-06-08 09:26:26,982] {processor.py:651} INFO - DAG(s) dict_keys(['tutorial_taskflow_api_etl']) retrieved from /home/james/airflowa/lib/python3.8/site-packages/airflow/example_dags/tutorial_taskflow_api_etl.py
[2022-06-08 09:26:27,019] {logging_mixin.py:115} INFO - [2022-06-08 09:26:27,019] {dag.py:2379} INFO - Sync 1 DAGs
[2022-06-08 09:26:27,033] {logging_mixin.py:115} INFO - [2022-06-08 09:26:27,033] {dag.py:2927} INFO - Setting next_dagrun for tutorial_taskflow_api_etl to None, run_after=None
[2022-06-08 09:26:27,044] {processor.py:161} INFO - Processing /home/james/airflowa/lib/python3.8/site-packages/airflow/example_dags/tutorial_taskflow_api_etl.py took 0.082 seconds
[2022-06-08 09:28:10,364] {processor.py:153} INFO - Started process (PID=34891) to work on /home/james/airflowa/lib/python3.8/site-packages/airflow/example_dags/tutorial_taskflow_api_etl.py
[2022-06-08 09:28:10,366] {processor.py:641} INFO - Processing file /home/james/airflowa/lib/python3.8/site-packages/airflow/example_dags/tutorial_taskflow_api_etl.py for tasks to queue
[2022-06-08 09:28:10,366] {logging_mixin.py:115} INFO - [2022-06-08 09:28:10,366] {dagbag.py:507} INFO - Filling up the DagBag from /home/james/airflowa/lib/python3.8/site-packages/airflow/example_dags/tutorial_taskflow_api_etl.py
[2022-06-08 09:28:10,400] {processor.py:651} INFO - DAG(s) dict_keys(['tutorial_taskflow_api_etl']) retrieved from /home/james/airflowa/lib/python3.8/site-packages/airflow/example_dags/tutorial_taskflow_api_etl.py
[2022-06-08 09:28:10,483] {logging_mixin.py:115} INFO - [2022-06-08 09:28:10,483] {dag.py:2379} INFO - Sync 1 DAGs
[2022-06-08 09:28:10,518] {logging_mixin.py:115} INFO - [2022-06-08 09:28:10,518] {dag.py:2927} INFO - Setting next_dagrun for tutorial_taskflow_api_etl to None, run_after=None
[2022-06-08 09:28:10,563] {processor.py:161} INFO - Processing /home/james/airflowa/lib/python3.8/site-packages/airflow/example_dags/tutorial_taskflow_api_etl.py took 0.204 seconds
[2022-06-08 11:27:34,556] {processor.py:153} INFO - Started process (PID=76505) to work on /home/james/airflowa/lib/python3.8/site-packages/airflow/example_dags/tutorial_taskflow_api_etl.py
[2022-06-08 11:27:34,557] {processor.py:641} INFO - Processing file /home/james/airflowa/lib/python3.8/site-packages/airflow/example_dags/tutorial_taskflow_api_etl.py for tasks to queue
[2022-06-08 11:27:34,557] {logging_mixin.py:115} INFO - [2022-06-08 11:27:34,557] {dagbag.py:507} INFO - Filling up the DagBag from /home/james/airflowa/lib/python3.8/site-packages/airflow/example_dags/tutorial_taskflow_api_etl.py
[2022-06-08 11:27:34,571] {processor.py:651} INFO - DAG(s) dict_keys(['tutorial_taskflow_api_etl']) retrieved from /home/james/airflowa/lib/python3.8/site-packages/airflow/example_dags/tutorial_taskflow_api_etl.py
[2022-06-08 11:27:34,605] {logging_mixin.py:115} INFO - [2022-06-08 11:27:34,605] {dag.py:2379} INFO - Sync 1 DAGs
[2022-06-08 11:27:34,618] {logging_mixin.py:115} INFO - [2022-06-08 11:27:34,618] {dag.py:2927} INFO - Setting next_dagrun for tutorial_taskflow_api_etl to None, run_after=None
[2022-06-08 11:27:34,632] {processor.py:161} INFO - Processing /home/james/airflowa/lib/python3.8/site-packages/airflow/example_dags/tutorial_taskflow_api_etl.py took 0.079 seconds
[2022-06-08 11:28:08,725] {processor.py:153} INFO - Started process (PID=76731) to work on /home/james/airflowa/lib/python3.8/site-packages/airflow/example_dags/tutorial_taskflow_api_etl.py
[2022-06-08 11:28:08,725] {processor.py:641} INFO - Processing file /home/james/airflowa/lib/python3.8/site-packages/airflow/example_dags/tutorial_taskflow_api_etl.py for tasks to queue
[2022-06-08 11:28:08,726] {logging_mixin.py:115} INFO - [2022-06-08 11:28:08,726] {dagbag.py:507} INFO - Filling up the DagBag from /home/james/airflowa/lib/python3.8/site-packages/airflow/example_dags/tutorial_taskflow_api_etl.py
[2022-06-08 11:28:08,740] {processor.py:651} INFO - DAG(s) dict_keys(['tutorial_taskflow_api_etl']) retrieved from /home/james/airflowa/lib/python3.8/site-packages/airflow/example_dags/tutorial_taskflow_api_etl.py
[2022-06-08 11:28:08,782] {logging_mixin.py:115} INFO - [2022-06-08 11:28:08,782] {dag.py:2379} INFO - Sync 1 DAGs
[2022-06-08 11:28:08,796] {logging_mixin.py:115} INFO - [2022-06-08 11:28:08,795] {dag.py:2927} INFO - Setting next_dagrun for tutorial_taskflow_api_etl to None, run_after=None
[2022-06-08 11:28:08,809] {processor.py:161} INFO - Processing /home/james/airflowa/lib/python3.8/site-packages/airflow/example_dags/tutorial_taskflow_api_etl.py took 0.086 seconds
[2022-06-08 11:28:46,729] {processor.py:153} INFO - Started process (PID=76992) to work on /home/james/airflowa/lib/python3.8/site-packages/airflow/example_dags/tutorial_taskflow_api_etl.py
[2022-06-08 11:28:46,730] {processor.py:641} INFO - Processing file /home/james/airflowa/lib/python3.8/site-packages/airflow/example_dags/tutorial_taskflow_api_etl.py for tasks to queue
[2022-06-08 11:28:46,730] {logging_mixin.py:115} INFO - [2022-06-08 11:28:46,730] {dagbag.py:507} INFO - Filling up the DagBag from /home/james/airflowa/lib/python3.8/site-packages/airflow/example_dags/tutorial_taskflow_api_etl.py
[2022-06-08 11:28:46,745] {processor.py:651} INFO - DAG(s) dict_keys(['tutorial_taskflow_api_etl']) retrieved from /home/james/airflowa/lib/python3.8/site-packages/airflow/example_dags/tutorial_taskflow_api_etl.py
[2022-06-08 11:28:46,798] {logging_mixin.py:115} INFO - [2022-06-08 11:28:46,798] {dag.py:2379} INFO - Sync 1 DAGs
[2022-06-08 11:28:46,821] {logging_mixin.py:115} INFO - [2022-06-08 11:28:46,821] {dag.py:2927} INFO - Setting next_dagrun for tutorial_taskflow_api_etl to None, run_after=None
[2022-06-08 11:28:46,835] {processor.py:161} INFO - Processing /home/james/airflowa/lib/python3.8/site-packages/airflow/example_dags/tutorial_taskflow_api_etl.py took 0.108 seconds
[2022-06-08 11:29:26,776] {processor.py:153} INFO - Started process (PID=77452) to work on /home/james/airflowa/lib/python3.8/site-packages/airflow/example_dags/tutorial_taskflow_api_etl.py
[2022-06-08 11:29:26,776] {processor.py:641} INFO - Processing file /home/james/airflowa/lib/python3.8/site-packages/airflow/example_dags/tutorial_taskflow_api_etl.py for tasks to queue
[2022-06-08 11:29:26,777] {logging_mixin.py:115} INFO - [2022-06-08 11:29:26,777] {dagbag.py:507} INFO - Filling up the DagBag from /home/james/airflowa/lib/python3.8/site-packages/airflow/example_dags/tutorial_taskflow_api_etl.py
[2022-06-08 11:29:26,792] {processor.py:651} INFO - DAG(s) dict_keys(['tutorial_taskflow_api_etl']) retrieved from /home/james/airflowa/lib/python3.8/site-packages/airflow/example_dags/tutorial_taskflow_api_etl.py
[2022-06-08 11:29:26,838] {logging_mixin.py:115} INFO - [2022-06-08 11:29:26,838] {dag.py:2379} INFO - Sync 1 DAGs
[2022-06-08 11:29:26,863] {logging_mixin.py:115} INFO - [2022-06-08 11:29:26,863] {dag.py:2927} INFO - Setting next_dagrun for tutorial_taskflow_api_etl to None, run_after=None
[2022-06-08 11:29:26,879] {processor.py:161} INFO - Processing /home/james/airflowa/lib/python3.8/site-packages/airflow/example_dags/tutorial_taskflow_api_etl.py took 0.105 seconds
[2022-06-08 11:30:57,226] {processor.py:153} INFO - Started process (PID=78307) to work on /home/james/airflowa/lib/python3.8/site-packages/airflow/example_dags/tutorial_taskflow_api_etl.py
[2022-06-08 11:30:57,227] {processor.py:641} INFO - Processing file /home/james/airflowa/lib/python3.8/site-packages/airflow/example_dags/tutorial_taskflow_api_etl.py for tasks to queue
[2022-06-08 11:30:57,227] {logging_mixin.py:115} INFO - [2022-06-08 11:30:57,227] {dagbag.py:507} INFO - Filling up the DagBag from /home/james/airflowa/lib/python3.8/site-packages/airflow/example_dags/tutorial_taskflow_api_etl.py
[2022-06-08 11:30:57,250] {processor.py:651} INFO - DAG(s) dict_keys(['tutorial_taskflow_api_etl']) retrieved from /home/james/airflowa/lib/python3.8/site-packages/airflow/example_dags/tutorial_taskflow_api_etl.py
[2022-06-08 11:30:57,309] {logging_mixin.py:115} INFO - [2022-06-08 11:30:57,309] {dag.py:2379} INFO - Sync 1 DAGs
[2022-06-08 11:30:57,326] {logging_mixin.py:115} INFO - [2022-06-08 11:30:57,326] {dag.py:2927} INFO - Setting next_dagrun for tutorial_taskflow_api_etl to None, run_after=None
[2022-06-08 11:30:57,339] {processor.py:161} INFO - Processing /home/james/airflowa/lib/python3.8/site-packages/airflow/example_dags/tutorial_taskflow_api_etl.py took 0.117 seconds
[2022-06-08 11:31:52,233] {processor.py:153} INFO - Started process (PID=78706) to work on /home/james/airflowa/lib/python3.8/site-packages/airflow/example_dags/tutorial_taskflow_api_etl.py
[2022-06-08 11:31:52,235] {processor.py:641} INFO - Processing file /home/james/airflowa/lib/python3.8/site-packages/airflow/example_dags/tutorial_taskflow_api_etl.py for tasks to queue
[2022-06-08 11:31:52,236] {logging_mixin.py:115} INFO - [2022-06-08 11:31:52,236] {dagbag.py:507} INFO - Filling up the DagBag from /home/james/airflowa/lib/python3.8/site-packages/airflow/example_dags/tutorial_taskflow_api_etl.py
[2022-06-08 11:31:52,272] {processor.py:651} INFO - DAG(s) dict_keys(['tutorial_taskflow_api_etl']) retrieved from /home/james/airflowa/lib/python3.8/site-packages/airflow/example_dags/tutorial_taskflow_api_etl.py
[2022-06-08 11:31:52,389] {logging_mixin.py:115} INFO - [2022-06-08 11:31:52,389] {dag.py:2379} INFO - Sync 1 DAGs
[2022-06-08 11:31:52,432] {logging_mixin.py:115} INFO - [2022-06-08 11:31:52,432] {dag.py:2927} INFO - Setting next_dagrun for tutorial_taskflow_api_etl to None, run_after=None
[2022-06-08 11:31:52,461] {processor.py:161} INFO - Processing /home/james/airflowa/lib/python3.8/site-packages/airflow/example_dags/tutorial_taskflow_api_etl.py took 0.233 seconds
[2022-06-08 11:32:39,895] {processor.py:153} INFO - Started process (PID=78969) to work on /home/james/airflowa/lib/python3.8/site-packages/airflow/example_dags/tutorial_taskflow_api_etl.py
[2022-06-08 11:32:39,896] {processor.py:641} INFO - Processing file /home/james/airflowa/lib/python3.8/site-packages/airflow/example_dags/tutorial_taskflow_api_etl.py for tasks to queue
[2022-06-08 11:32:39,896] {logging_mixin.py:115} INFO - [2022-06-08 11:32:39,896] {dagbag.py:507} INFO - Filling up the DagBag from /home/james/airflowa/lib/python3.8/site-packages/airflow/example_dags/tutorial_taskflow_api_etl.py
[2022-06-08 11:32:39,931] {processor.py:651} INFO - DAG(s) dict_keys(['tutorial_taskflow_api_etl']) retrieved from /home/james/airflowa/lib/python3.8/site-packages/airflow/example_dags/tutorial_taskflow_api_etl.py
[2022-06-08 11:32:40,022] {logging_mixin.py:115} INFO - [2022-06-08 11:32:40,022] {dag.py:2379} INFO - Sync 1 DAGs
[2022-06-08 11:32:40,056] {logging_mixin.py:115} INFO - [2022-06-08 11:32:40,056] {dag.py:2927} INFO - Setting next_dagrun for tutorial_taskflow_api_etl to None, run_after=None
[2022-06-08 11:32:40,087] {processor.py:161} INFO - Processing /home/james/airflowa/lib/python3.8/site-packages/airflow/example_dags/tutorial_taskflow_api_etl.py took 0.196 seconds
[2022-06-08 11:33:28,605] {processor.py:153} INFO - Started process (PID=79292) to work on /home/james/airflowa/lib/python3.8/site-packages/airflow/example_dags/tutorial_taskflow_api_etl.py
[2022-06-08 11:33:28,606] {processor.py:641} INFO - Processing file /home/james/airflowa/lib/python3.8/site-packages/airflow/example_dags/tutorial_taskflow_api_etl.py for tasks to queue
[2022-06-08 11:33:28,607] {logging_mixin.py:115} INFO - [2022-06-08 11:33:28,607] {dagbag.py:507} INFO - Filling up the DagBag from /home/james/airflowa/lib/python3.8/site-packages/airflow/example_dags/tutorial_taskflow_api_etl.py
[2022-06-08 11:33:28,633] {processor.py:651} INFO - DAG(s) dict_keys(['tutorial_taskflow_api_etl']) retrieved from /home/james/airflowa/lib/python3.8/site-packages/airflow/example_dags/tutorial_taskflow_api_etl.py
[2022-06-08 11:33:28,698] {logging_mixin.py:115} INFO - [2022-06-08 11:33:28,697] {dag.py:2379} INFO - Sync 1 DAGs
[2022-06-08 11:33:28,723] {logging_mixin.py:115} INFO - [2022-06-08 11:33:28,723] {dag.py:2927} INFO - Setting next_dagrun for tutorial_taskflow_api_etl to None, run_after=None
[2022-06-08 11:33:28,745] {processor.py:161} INFO - Processing /home/james/airflowa/lib/python3.8/site-packages/airflow/example_dags/tutorial_taskflow_api_etl.py took 0.144 seconds
[2022-06-08 11:34:17,996] {processor.py:153} INFO - Started process (PID=79721) to work on /home/james/airflowa/lib/python3.8/site-packages/airflow/example_dags/tutorial_taskflow_api_etl.py
[2022-06-08 11:34:17,997] {processor.py:641} INFO - Processing file /home/james/airflowa/lib/python3.8/site-packages/airflow/example_dags/tutorial_taskflow_api_etl.py for tasks to queue
[2022-06-08 11:34:17,998] {logging_mixin.py:115} INFO - [2022-06-08 11:34:17,998] {dagbag.py:507} INFO - Filling up the DagBag from /home/james/airflowa/lib/python3.8/site-packages/airflow/example_dags/tutorial_taskflow_api_etl.py
[2022-06-08 11:34:18,039] {processor.py:651} INFO - DAG(s) dict_keys(['tutorial_taskflow_api_etl']) retrieved from /home/james/airflowa/lib/python3.8/site-packages/airflow/example_dags/tutorial_taskflow_api_etl.py
[2022-06-08 11:34:18,127] {logging_mixin.py:115} INFO - [2022-06-08 11:34:18,127] {dag.py:2379} INFO - Sync 1 DAGs
[2022-06-08 11:34:18,154] {logging_mixin.py:115} INFO - [2022-06-08 11:34:18,154] {dag.py:2927} INFO - Setting next_dagrun for tutorial_taskflow_api_etl to None, run_after=None
[2022-06-08 11:34:18,184] {processor.py:161} INFO - Processing /home/james/airflowa/lib/python3.8/site-packages/airflow/example_dags/tutorial_taskflow_api_etl.py took 0.193 seconds
[2022-06-08 11:35:08,649] {processor.py:153} INFO - Started process (PID=80180) to work on /home/james/airflowa/lib/python3.8/site-packages/airflow/example_dags/tutorial_taskflow_api_etl.py
[2022-06-08 11:35:08,649] {processor.py:641} INFO - Processing file /home/james/airflowa/lib/python3.8/site-packages/airflow/example_dags/tutorial_taskflow_api_etl.py for tasks to queue
[2022-06-08 11:35:08,650] {logging_mixin.py:115} INFO - [2022-06-08 11:35:08,650] {dagbag.py:507} INFO - Filling up the DagBag from /home/james/airflowa/lib/python3.8/site-packages/airflow/example_dags/tutorial_taskflow_api_etl.py
[2022-06-08 11:35:08,676] {processor.py:651} INFO - DAG(s) dict_keys(['tutorial_taskflow_api_etl']) retrieved from /home/james/airflowa/lib/python3.8/site-packages/airflow/example_dags/tutorial_taskflow_api_etl.py
[2022-06-08 11:35:08,698] {logging_mixin.py:115} INFO - [2022-06-08 11:35:08,698] {dag.py:2379} INFO - Sync 1 DAGs
[2022-06-08 11:35:08,717] {logging_mixin.py:115} INFO - [2022-06-08 11:35:08,717] {dag.py:2927} INFO - Setting next_dagrun for tutorial_taskflow_api_etl to None, run_after=None
[2022-06-08 11:35:08,729] {processor.py:161} INFO - Processing /home/james/airflowa/lib/python3.8/site-packages/airflow/example_dags/tutorial_taskflow_api_etl.py took 0.083 seconds
[2022-06-08 12:18:42,489] {processor.py:153} INFO - Started process (PID=102914) to work on /home/james/airflowa/lib/python3.8/site-packages/airflow/example_dags/tutorial_taskflow_api_etl.py
[2022-06-08 12:18:42,490] {processor.py:641} INFO - Processing file /home/james/airflowa/lib/python3.8/site-packages/airflow/example_dags/tutorial_taskflow_api_etl.py for tasks to queue
[2022-06-08 12:18:42,491] {logging_mixin.py:115} INFO - [2022-06-08 12:18:42,491] {dagbag.py:507} INFO - Filling up the DagBag from /home/james/airflowa/lib/python3.8/site-packages/airflow/example_dags/tutorial_taskflow_api_etl.py
[2022-06-08 12:18:42,523] {processor.py:651} INFO - DAG(s) dict_keys(['tutorial_taskflow_api_etl']) retrieved from /home/james/airflowa/lib/python3.8/site-packages/airflow/example_dags/tutorial_taskflow_api_etl.py
[2022-06-08 12:18:42,579] {logging_mixin.py:115} INFO - [2022-06-08 12:18:42,579] {dag.py:2379} INFO - Sync 1 DAGs
[2022-06-08 12:18:42,600] {logging_mixin.py:115} INFO - [2022-06-08 12:18:42,600] {dag.py:2927} INFO - Setting next_dagrun for tutorial_taskflow_api_etl to None, run_after=None
[2022-06-08 12:18:42,621] {processor.py:161} INFO - Processing /home/james/airflowa/lib/python3.8/site-packages/airflow/example_dags/tutorial_taskflow_api_etl.py took 0.135 seconds
[2022-06-08 12:22:15,589] {processor.py:153} INFO - Started process (PID=104889) to work on /home/james/airflowa/lib/python3.8/site-packages/airflow/example_dags/tutorial_taskflow_api_etl.py
[2022-06-08 12:22:15,590] {processor.py:641} INFO - Processing file /home/james/airflowa/lib/python3.8/site-packages/airflow/example_dags/tutorial_taskflow_api_etl.py for tasks to queue
[2022-06-08 12:22:15,591] {logging_mixin.py:115} INFO - [2022-06-08 12:22:15,591] {dagbag.py:507} INFO - Filling up the DagBag from /home/james/airflowa/lib/python3.8/site-packages/airflow/example_dags/tutorial_taskflow_api_etl.py
[2022-06-08 12:22:15,612] {processor.py:651} INFO - DAG(s) dict_keys(['tutorial_taskflow_api_etl']) retrieved from /home/james/airflowa/lib/python3.8/site-packages/airflow/example_dags/tutorial_taskflow_api_etl.py
[2022-06-08 12:22:15,670] {logging_mixin.py:115} INFO - [2022-06-08 12:22:15,670] {dag.py:2379} INFO - Sync 1 DAGs
[2022-06-08 12:22:15,694] {logging_mixin.py:115} INFO - [2022-06-08 12:22:15,693] {dag.py:2927} INFO - Setting next_dagrun for tutorial_taskflow_api_etl to None, run_after=None
[2022-06-08 12:22:15,710] {processor.py:161} INFO - Processing /home/james/airflowa/lib/python3.8/site-packages/airflow/example_dags/tutorial_taskflow_api_etl.py took 0.124 seconds
[2022-06-08 12:23:01,495] {processor.py:153} INFO - Started process (PID=105193) to work on /home/james/airflowa/lib/python3.8/site-packages/airflow/example_dags/tutorial_taskflow_api_etl.py
[2022-06-08 12:23:01,496] {processor.py:641} INFO - Processing file /home/james/airflowa/lib/python3.8/site-packages/airflow/example_dags/tutorial_taskflow_api_etl.py for tasks to queue
[2022-06-08 12:23:01,497] {logging_mixin.py:115} INFO - [2022-06-08 12:23:01,496] {dagbag.py:507} INFO - Filling up the DagBag from /home/james/airflowa/lib/python3.8/site-packages/airflow/example_dags/tutorial_taskflow_api_etl.py
[2022-06-08 12:23:01,522] {processor.py:651} INFO - DAG(s) dict_keys(['tutorial_taskflow_api_etl']) retrieved from /home/james/airflowa/lib/python3.8/site-packages/airflow/example_dags/tutorial_taskflow_api_etl.py
[2022-06-08 12:23:01,587] {logging_mixin.py:115} INFO - [2022-06-08 12:23:01,586] {dag.py:2379} INFO - Sync 1 DAGs
[2022-06-08 12:23:01,610] {logging_mixin.py:115} INFO - [2022-06-08 12:23:01,610] {dag.py:2927} INFO - Setting next_dagrun for tutorial_taskflow_api_etl to None, run_after=None
[2022-06-08 12:23:01,627] {processor.py:161} INFO - Processing /home/james/airflowa/lib/python3.8/site-packages/airflow/example_dags/tutorial_taskflow_api_etl.py took 0.135 seconds
[2022-06-08 12:34:56,226] {processor.py:153} INFO - Started process (PID=111851) to work on /home/james/airflowa/lib/python3.8/site-packages/airflow/example_dags/tutorial_taskflow_api_etl.py
[2022-06-08 12:34:56,228] {processor.py:641} INFO - Processing file /home/james/airflowa/lib/python3.8/site-packages/airflow/example_dags/tutorial_taskflow_api_etl.py for tasks to queue
[2022-06-08 12:34:56,229] {logging_mixin.py:115} INFO - [2022-06-08 12:34:56,229] {dagbag.py:507} INFO - Filling up the DagBag from /home/james/airflowa/lib/python3.8/site-packages/airflow/example_dags/tutorial_taskflow_api_etl.py
[2022-06-08 12:34:56,275] {processor.py:651} INFO - DAG(s) dict_keys(['tutorial_taskflow_api_etl']) retrieved from /home/james/airflowa/lib/python3.8/site-packages/airflow/example_dags/tutorial_taskflow_api_etl.py
[2022-06-08 12:34:56,596] {logging_mixin.py:115} INFO - [2022-06-08 12:34:56,596] {dag.py:2379} INFO - Sync 1 DAGs
[2022-06-08 12:34:56,694] {logging_mixin.py:115} INFO - [2022-06-08 12:34:56,694] {dag.py:2927} INFO - Setting next_dagrun for tutorial_taskflow_api_etl to None, run_after=None
[2022-06-08 12:34:56,766] {processor.py:161} INFO - Processing /home/james/airflowa/lib/python3.8/site-packages/airflow/example_dags/tutorial_taskflow_api_etl.py took 0.547 seconds
[2022-06-08 12:38:34,238] {processor.py:153} INFO - Started process (PID=115227) to work on /home/james/airflowa/lib/python3.8/site-packages/airflow/example_dags/tutorial_taskflow_api_etl.py
[2022-06-08 12:38:34,244] {processor.py:641} INFO - Processing file /home/james/airflowa/lib/python3.8/site-packages/airflow/example_dags/tutorial_taskflow_api_etl.py for tasks to queue
[2022-06-08 12:38:34,258] {logging_mixin.py:115} INFO - [2022-06-08 12:38:34,246] {dagbag.py:507} INFO - Filling up the DagBag from /home/james/airflowa/lib/python3.8/site-packages/airflow/example_dags/tutorial_taskflow_api_etl.py
[2022-06-08 12:38:34,382] {processor.py:651} INFO - DAG(s) dict_keys(['tutorial_taskflow_api_etl']) retrieved from /home/james/airflowa/lib/python3.8/site-packages/airflow/example_dags/tutorial_taskflow_api_etl.py
[2022-06-08 12:38:34,610] {logging_mixin.py:115} INFO - [2022-06-08 12:38:34,610] {dag.py:2379} INFO - Sync 1 DAGs
[2022-06-08 12:38:34,655] {logging_mixin.py:115} INFO - [2022-06-08 12:38:34,655] {dag.py:2927} INFO - Setting next_dagrun for tutorial_taskflow_api_etl to None, run_after=None
[2022-06-08 12:38:34,696] {processor.py:161} INFO - Processing /home/james/airflowa/lib/python3.8/site-packages/airflow/example_dags/tutorial_taskflow_api_etl.py took 0.465 seconds
[2022-06-08 12:39:28,339] {processor.py:153} INFO - Started process (PID=115645) to work on /home/james/airflowa/lib/python3.8/site-packages/airflow/example_dags/tutorial_taskflow_api_etl.py
[2022-06-08 12:39:28,342] {processor.py:641} INFO - Processing file /home/james/airflowa/lib/python3.8/site-packages/airflow/example_dags/tutorial_taskflow_api_etl.py for tasks to queue
[2022-06-08 12:39:28,343] {logging_mixin.py:115} INFO - [2022-06-08 12:39:28,343] {dagbag.py:507} INFO - Filling up the DagBag from /home/james/airflowa/lib/python3.8/site-packages/airflow/example_dags/tutorial_taskflow_api_etl.py
[2022-06-08 12:39:28,400] {processor.py:651} INFO - DAG(s) dict_keys(['tutorial_taskflow_api_etl']) retrieved from /home/james/airflowa/lib/python3.8/site-packages/airflow/example_dags/tutorial_taskflow_api_etl.py
[2022-06-08 12:39:28,542] {logging_mixin.py:115} INFO - [2022-06-08 12:39:28,542] {dag.py:2379} INFO - Sync 1 DAGs
[2022-06-08 12:39:28,586] {logging_mixin.py:115} INFO - [2022-06-08 12:39:28,586] {dag.py:2927} INFO - Setting next_dagrun for tutorial_taskflow_api_etl to None, run_after=None
[2022-06-08 12:39:28,610] {processor.py:161} INFO - Processing /home/james/airflowa/lib/python3.8/site-packages/airflow/example_dags/tutorial_taskflow_api_etl.py took 0.277 seconds
[2022-06-08 12:40:18,445] {processor.py:153} INFO - Started process (PID=116395) to work on /home/james/airflowa/lib/python3.8/site-packages/airflow/example_dags/tutorial_taskflow_api_etl.py
[2022-06-08 12:40:18,445] {processor.py:641} INFO - Processing file /home/james/airflowa/lib/python3.8/site-packages/airflow/example_dags/tutorial_taskflow_api_etl.py for tasks to queue
[2022-06-08 12:40:18,446] {logging_mixin.py:115} INFO - [2022-06-08 12:40:18,446] {dagbag.py:507} INFO - Filling up the DagBag from /home/james/airflowa/lib/python3.8/site-packages/airflow/example_dags/tutorial_taskflow_api_etl.py
[2022-06-08 12:40:18,467] {processor.py:651} INFO - DAG(s) dict_keys(['tutorial_taskflow_api_etl']) retrieved from /home/james/airflowa/lib/python3.8/site-packages/airflow/example_dags/tutorial_taskflow_api_etl.py
[2022-06-08 12:40:18,511] {logging_mixin.py:115} INFO - [2022-06-08 12:40:18,511] {dag.py:2379} INFO - Sync 1 DAGs
[2022-06-08 12:40:18,521] {logging_mixin.py:115} INFO - [2022-06-08 12:40:18,521] {dag.py:2927} INFO - Setting next_dagrun for tutorial_taskflow_api_etl to None, run_after=None
[2022-06-08 12:40:18,531] {processor.py:161} INFO - Processing /home/james/airflowa/lib/python3.8/site-packages/airflow/example_dags/tutorial_taskflow_api_etl.py took 0.089 seconds
[2022-06-08 12:41:26,185] {processor.py:153} INFO - Started process (PID=116814) to work on /home/james/airflowa/lib/python3.8/site-packages/airflow/example_dags/tutorial_taskflow_api_etl.py
[2022-06-08 12:41:26,186] {processor.py:641} INFO - Processing file /home/james/airflowa/lib/python3.8/site-packages/airflow/example_dags/tutorial_taskflow_api_etl.py for tasks to queue
[2022-06-08 12:41:26,187] {logging_mixin.py:115} INFO - [2022-06-08 12:41:26,187] {dagbag.py:507} INFO - Filling up the DagBag from /home/james/airflowa/lib/python3.8/site-packages/airflow/example_dags/tutorial_taskflow_api_etl.py
[2022-06-08 12:41:26,225] {processor.py:651} INFO - DAG(s) dict_keys(['tutorial_taskflow_api_etl']) retrieved from /home/james/airflowa/lib/python3.8/site-packages/airflow/example_dags/tutorial_taskflow_api_etl.py
[2022-06-08 12:41:26,249] {logging_mixin.py:115} INFO - [2022-06-08 12:41:26,249] {dag.py:2379} INFO - Sync 1 DAGs
[2022-06-08 12:41:26,277] {logging_mixin.py:115} INFO - [2022-06-08 12:41:26,277] {dag.py:2927} INFO - Setting next_dagrun for tutorial_taskflow_api_etl to None, run_after=None
[2022-06-08 12:41:26,300] {processor.py:161} INFO - Processing /home/james/airflowa/lib/python3.8/site-packages/airflow/example_dags/tutorial_taskflow_api_etl.py took 0.119 seconds
[2022-06-08 12:44:36,448] {processor.py:153} INFO - Started process (PID=117905) to work on /home/james/airflowa/lib/python3.8/site-packages/airflow/example_dags/tutorial_taskflow_api_etl.py
[2022-06-08 12:44:36,456] {processor.py:641} INFO - Processing file /home/james/airflowa/lib/python3.8/site-packages/airflow/example_dags/tutorial_taskflow_api_etl.py for tasks to queue
[2022-06-08 12:44:36,458] {logging_mixin.py:115} INFO - [2022-06-08 12:44:36,457] {dagbag.py:507} INFO - Filling up the DagBag from /home/james/airflowa/lib/python3.8/site-packages/airflow/example_dags/tutorial_taskflow_api_etl.py
[2022-06-08 12:44:36,494] {processor.py:651} INFO - DAG(s) dict_keys(['tutorial_taskflow_api_etl']) retrieved from /home/james/airflowa/lib/python3.8/site-packages/airflow/example_dags/tutorial_taskflow_api_etl.py
[2022-06-08 12:44:36,571] {logging_mixin.py:115} INFO - [2022-06-08 12:44:36,571] {dag.py:2379} INFO - Sync 1 DAGs
[2022-06-08 12:44:36,591] {logging_mixin.py:115} INFO - [2022-06-08 12:44:36,591] {dag.py:2927} INFO - Setting next_dagrun for tutorial_taskflow_api_etl to None, run_after=None
[2022-06-08 12:44:36,611] {processor.py:161} INFO - Processing /home/james/airflowa/lib/python3.8/site-packages/airflow/example_dags/tutorial_taskflow_api_etl.py took 0.168 seconds
[2022-06-08 12:45:21,343] {processor.py:153} INFO - Started process (PID=118166) to work on /home/james/airflowa/lib/python3.8/site-packages/airflow/example_dags/tutorial_taskflow_api_etl.py
[2022-06-08 12:45:21,344] {processor.py:641} INFO - Processing file /home/james/airflowa/lib/python3.8/site-packages/airflow/example_dags/tutorial_taskflow_api_etl.py for tasks to queue
[2022-06-08 12:45:21,344] {logging_mixin.py:115} INFO - [2022-06-08 12:45:21,344] {dagbag.py:507} INFO - Filling up the DagBag from /home/james/airflowa/lib/python3.8/site-packages/airflow/example_dags/tutorial_taskflow_api_etl.py
[2022-06-08 12:45:21,374] {processor.py:651} INFO - DAG(s) dict_keys(['tutorial_taskflow_api_etl']) retrieved from /home/james/airflowa/lib/python3.8/site-packages/airflow/example_dags/tutorial_taskflow_api_etl.py
[2022-06-08 12:45:21,432] {logging_mixin.py:115} INFO - [2022-06-08 12:45:21,432] {dag.py:2379} INFO - Sync 1 DAGs
[2022-06-08 12:45:21,449] {logging_mixin.py:115} INFO - [2022-06-08 12:45:21,449] {dag.py:2927} INFO - Setting next_dagrun for tutorial_taskflow_api_etl to None, run_after=None
[2022-06-08 12:45:21,465] {processor.py:161} INFO - Processing /home/james/airflowa/lib/python3.8/site-packages/airflow/example_dags/tutorial_taskflow_api_etl.py took 0.126 seconds
[2022-06-08 12:46:30,068] {processor.py:153} INFO - Started process (PID=118524) to work on /home/james/airflowa/lib/python3.8/site-packages/airflow/example_dags/tutorial_taskflow_api_etl.py
[2022-06-08 12:46:30,069] {processor.py:641} INFO - Processing file /home/james/airflowa/lib/python3.8/site-packages/airflow/example_dags/tutorial_taskflow_api_etl.py for tasks to queue
[2022-06-08 12:46:30,070] {logging_mixin.py:115} INFO - [2022-06-08 12:46:30,070] {dagbag.py:507} INFO - Filling up the DagBag from /home/james/airflowa/lib/python3.8/site-packages/airflow/example_dags/tutorial_taskflow_api_etl.py
[2022-06-08 12:46:30,089] {processor.py:651} INFO - DAG(s) dict_keys(['tutorial_taskflow_api_etl']) retrieved from /home/james/airflowa/lib/python3.8/site-packages/airflow/example_dags/tutorial_taskflow_api_etl.py
[2022-06-08 12:46:30,124] {logging_mixin.py:115} INFO - [2022-06-08 12:46:30,124] {dag.py:2379} INFO - Sync 1 DAGs
[2022-06-08 12:46:30,135] {logging_mixin.py:115} INFO - [2022-06-08 12:46:30,135] {dag.py:2927} INFO - Setting next_dagrun for tutorial_taskflow_api_etl to None, run_after=None
[2022-06-08 12:46:30,146] {processor.py:161} INFO - Processing /home/james/airflowa/lib/python3.8/site-packages/airflow/example_dags/tutorial_taskflow_api_etl.py took 0.081 seconds
[2022-06-08 12:47:28,818] {processor.py:153} INFO - Started process (PID=119406) to work on /home/james/airflowa/lib/python3.8/site-packages/airflow/example_dags/tutorial_taskflow_api_etl.py
[2022-06-08 12:47:28,819] {processor.py:641} INFO - Processing file /home/james/airflowa/lib/python3.8/site-packages/airflow/example_dags/tutorial_taskflow_api_etl.py for tasks to queue
[2022-06-08 12:47:28,820] {logging_mixin.py:115} INFO - [2022-06-08 12:47:28,820] {dagbag.py:507} INFO - Filling up the DagBag from /home/james/airflowa/lib/python3.8/site-packages/airflow/example_dags/tutorial_taskflow_api_etl.py
[2022-06-08 12:47:28,868] {processor.py:651} INFO - DAG(s) dict_keys(['tutorial_taskflow_api_etl']) retrieved from /home/james/airflowa/lib/python3.8/site-packages/airflow/example_dags/tutorial_taskflow_api_etl.py
[2022-06-08 12:47:28,902] {logging_mixin.py:115} INFO - [2022-06-08 12:47:28,902] {dag.py:2379} INFO - Sync 1 DAGs
[2022-06-08 12:47:28,933] {logging_mixin.py:115} INFO - [2022-06-08 12:47:28,933] {dag.py:2927} INFO - Setting next_dagrun for tutorial_taskflow_api_etl to None, run_after=None
[2022-06-08 12:47:28,951] {processor.py:161} INFO - Processing /home/james/airflowa/lib/python3.8/site-packages/airflow/example_dags/tutorial_taskflow_api_etl.py took 0.137 seconds
[2022-06-08 12:48:15,670] {processor.py:153} INFO - Started process (PID=119613) to work on /home/james/airflowa/lib/python3.8/site-packages/airflow/example_dags/tutorial_taskflow_api_etl.py
[2022-06-08 12:48:15,671] {processor.py:641} INFO - Processing file /home/james/airflowa/lib/python3.8/site-packages/airflow/example_dags/tutorial_taskflow_api_etl.py for tasks to queue
[2022-06-08 12:48:15,672] {logging_mixin.py:115} INFO - [2022-06-08 12:48:15,672] {dagbag.py:507} INFO - Filling up the DagBag from /home/james/airflowa/lib/python3.8/site-packages/airflow/example_dags/tutorial_taskflow_api_etl.py
[2022-06-08 12:48:15,686] {processor.py:651} INFO - DAG(s) dict_keys(['tutorial_taskflow_api_etl']) retrieved from /home/james/airflowa/lib/python3.8/site-packages/airflow/example_dags/tutorial_taskflow_api_etl.py
[2022-06-08 12:48:15,725] {logging_mixin.py:115} INFO - [2022-06-08 12:48:15,725] {dag.py:2379} INFO - Sync 1 DAGs
[2022-06-08 12:48:15,739] {logging_mixin.py:115} INFO - [2022-06-08 12:48:15,739] {dag.py:2927} INFO - Setting next_dagrun for tutorial_taskflow_api_etl to None, run_after=None
[2022-06-08 12:48:15,751] {processor.py:161} INFO - Processing /home/james/airflowa/lib/python3.8/site-packages/airflow/example_dags/tutorial_taskflow_api_etl.py took 0.083 seconds
[2022-06-08 12:49:04,602] {processor.py:153} INFO - Started process (PID=120067) to work on /home/james/airflowa/lib/python3.8/site-packages/airflow/example_dags/tutorial_taskflow_api_etl.py
[2022-06-08 12:49:04,604] {processor.py:641} INFO - Processing file /home/james/airflowa/lib/python3.8/site-packages/airflow/example_dags/tutorial_taskflow_api_etl.py for tasks to queue
[2022-06-08 12:49:04,606] {logging_mixin.py:115} INFO - [2022-06-08 12:49:04,606] {dagbag.py:507} INFO - Filling up the DagBag from /home/james/airflowa/lib/python3.8/site-packages/airflow/example_dags/tutorial_taskflow_api_etl.py
[2022-06-08 12:49:04,749] {processor.py:651} INFO - DAG(s) dict_keys(['tutorial_taskflow_api_etl']) retrieved from /home/james/airflowa/lib/python3.8/site-packages/airflow/example_dags/tutorial_taskflow_api_etl.py
[2022-06-08 12:49:04,938] {logging_mixin.py:115} INFO - [2022-06-08 12:49:04,938] {dag.py:2379} INFO - Sync 1 DAGs
[2022-06-08 12:49:05,011] {logging_mixin.py:115} INFO - [2022-06-08 12:49:05,010] {dag.py:2927} INFO - Setting next_dagrun for tutorial_taskflow_api_etl to None, run_after=None
[2022-06-08 12:49:05,176] {processor.py:161} INFO - Processing /home/james/airflowa/lib/python3.8/site-packages/airflow/example_dags/tutorial_taskflow_api_etl.py took 0.583 seconds
[2022-06-08 12:50:17,055] {processor.py:153} INFO - Started process (PID=120850) to work on /home/james/airflowa/lib/python3.8/site-packages/airflow/example_dags/tutorial_taskflow_api_etl.py
[2022-06-08 12:50:17,056] {processor.py:641} INFO - Processing file /home/james/airflowa/lib/python3.8/site-packages/airflow/example_dags/tutorial_taskflow_api_etl.py for tasks to queue
[2022-06-08 12:50:17,057] {logging_mixin.py:115} INFO - [2022-06-08 12:50:17,057] {dagbag.py:507} INFO - Filling up the DagBag from /home/james/airflowa/lib/python3.8/site-packages/airflow/example_dags/tutorial_taskflow_api_etl.py
[2022-06-08 12:50:17,110] {processor.py:651} INFO - DAG(s) dict_keys(['tutorial_taskflow_api_etl']) retrieved from /home/james/airflowa/lib/python3.8/site-packages/airflow/example_dags/tutorial_taskflow_api_etl.py
[2022-06-08 12:50:17,158] {logging_mixin.py:115} INFO - [2022-06-08 12:50:17,157] {dag.py:2379} INFO - Sync 1 DAGs
[2022-06-08 12:50:17,202] {logging_mixin.py:115} INFO - [2022-06-08 12:50:17,202] {dag.py:2927} INFO - Setting next_dagrun for tutorial_taskflow_api_etl to None, run_after=None
[2022-06-08 12:50:17,230] {processor.py:161} INFO - Processing /home/james/airflowa/lib/python3.8/site-packages/airflow/example_dags/tutorial_taskflow_api_etl.py took 0.181 seconds
[2022-06-08 12:52:00,196] {processor.py:153} INFO - Started process (PID=121324) to work on /home/james/airflowa/lib/python3.8/site-packages/airflow/example_dags/tutorial_taskflow_api_etl.py
[2022-06-08 12:52:00,198] {processor.py:641} INFO - Processing file /home/james/airflowa/lib/python3.8/site-packages/airflow/example_dags/tutorial_taskflow_api_etl.py for tasks to queue
[2022-06-08 12:52:00,199] {logging_mixin.py:115} INFO - [2022-06-08 12:52:00,199] {dagbag.py:507} INFO - Filling up the DagBag from /home/james/airflowa/lib/python3.8/site-packages/airflow/example_dags/tutorial_taskflow_api_etl.py
[2022-06-08 12:52:00,245] {processor.py:651} INFO - DAG(s) dict_keys(['tutorial_taskflow_api_etl']) retrieved from /home/james/airflowa/lib/python3.8/site-packages/airflow/example_dags/tutorial_taskflow_api_etl.py
[2022-06-08 12:52:00,364] {logging_mixin.py:115} INFO - [2022-06-08 12:52:00,364] {dag.py:2379} INFO - Sync 1 DAGs
[2022-06-08 12:52:00,414] {logging_mixin.py:115} INFO - [2022-06-08 12:52:00,413] {dag.py:2927} INFO - Setting next_dagrun for tutorial_taskflow_api_etl to None, run_after=None
[2022-06-08 12:52:00,457] {processor.py:161} INFO - Processing /home/james/airflowa/lib/python3.8/site-packages/airflow/example_dags/tutorial_taskflow_api_etl.py took 0.268 seconds
[2022-06-08 12:53:02,689] {processor.py:153} INFO - Started process (PID=121691) to work on /home/james/airflowa/lib/python3.8/site-packages/airflow/example_dags/tutorial_taskflow_api_etl.py
[2022-06-08 12:53:02,718] {processor.py:641} INFO - Processing file /home/james/airflowa/lib/python3.8/site-packages/airflow/example_dags/tutorial_taskflow_api_etl.py for tasks to queue
[2022-06-08 12:53:02,720] {logging_mixin.py:115} INFO - [2022-06-08 12:53:02,720] {dagbag.py:507} INFO - Filling up the DagBag from /home/james/airflowa/lib/python3.8/site-packages/airflow/example_dags/tutorial_taskflow_api_etl.py
[2022-06-08 12:53:02,819] {processor.py:651} INFO - DAG(s) dict_keys(['tutorial_taskflow_api_etl']) retrieved from /home/james/airflowa/lib/python3.8/site-packages/airflow/example_dags/tutorial_taskflow_api_etl.py
[2022-06-08 12:53:02,902] {logging_mixin.py:115} INFO - [2022-06-08 12:53:02,902] {dag.py:2379} INFO - Sync 1 DAGs
[2022-06-08 12:53:03,045] {logging_mixin.py:115} INFO - [2022-06-08 12:53:03,044] {dag.py:2927} INFO - Setting next_dagrun for tutorial_taskflow_api_etl to None, run_after=None
[2022-06-08 12:53:03,097] {processor.py:161} INFO - Processing /home/james/airflowa/lib/python3.8/site-packages/airflow/example_dags/tutorial_taskflow_api_etl.py took 0.428 seconds
[2022-06-08 12:53:44,509] {processor.py:153} INFO - Started process (PID=122015) to work on /home/james/airflowa/lib/python3.8/site-packages/airflow/example_dags/tutorial_taskflow_api_etl.py
[2022-06-08 12:53:44,511] {processor.py:641} INFO - Processing file /home/james/airflowa/lib/python3.8/site-packages/airflow/example_dags/tutorial_taskflow_api_etl.py for tasks to queue
[2022-06-08 12:53:44,512] {logging_mixin.py:115} INFO - [2022-06-08 12:53:44,512] {dagbag.py:507} INFO - Filling up the DagBag from /home/james/airflowa/lib/python3.8/site-packages/airflow/example_dags/tutorial_taskflow_api_etl.py
[2022-06-08 12:53:44,553] {processor.py:651} INFO - DAG(s) dict_keys(['tutorial_taskflow_api_etl']) retrieved from /home/james/airflowa/lib/python3.8/site-packages/airflow/example_dags/tutorial_taskflow_api_etl.py
[2022-06-08 12:53:44,678] {logging_mixin.py:115} INFO - [2022-06-08 12:53:44,678] {dag.py:2379} INFO - Sync 1 DAGs
[2022-06-08 12:53:44,727] {logging_mixin.py:115} INFO - [2022-06-08 12:53:44,727] {dag.py:2927} INFO - Setting next_dagrun for tutorial_taskflow_api_etl to None, run_after=None
[2022-06-08 12:53:44,756] {processor.py:161} INFO - Processing /home/james/airflowa/lib/python3.8/site-packages/airflow/example_dags/tutorial_taskflow_api_etl.py took 0.254 seconds
[2022-06-08 12:54:58,914] {processor.py:153} INFO - Started process (PID=122545) to work on /home/james/airflowa/lib/python3.8/site-packages/airflow/example_dags/tutorial_taskflow_api_etl.py
[2022-06-08 12:54:58,915] {processor.py:641} INFO - Processing file /home/james/airflowa/lib/python3.8/site-packages/airflow/example_dags/tutorial_taskflow_api_etl.py for tasks to queue
[2022-06-08 12:54:58,916] {logging_mixin.py:115} INFO - [2022-06-08 12:54:58,916] {dagbag.py:507} INFO - Filling up the DagBag from /home/james/airflowa/lib/python3.8/site-packages/airflow/example_dags/tutorial_taskflow_api_etl.py
[2022-06-08 12:54:58,962] {processor.py:651} INFO - DAG(s) dict_keys(['tutorial_taskflow_api_etl']) retrieved from /home/james/airflowa/lib/python3.8/site-packages/airflow/example_dags/tutorial_taskflow_api_etl.py
[2022-06-08 12:54:59,000] {logging_mixin.py:115} INFO - [2022-06-08 12:54:59,000] {dag.py:2379} INFO - Sync 1 DAGs
[2022-06-08 12:54:59,047] {logging_mixin.py:115} INFO - [2022-06-08 12:54:59,047] {dag.py:2927} INFO - Setting next_dagrun for tutorial_taskflow_api_etl to None, run_after=None
[2022-06-08 12:54:59,077] {processor.py:161} INFO - Processing /home/james/airflowa/lib/python3.8/site-packages/airflow/example_dags/tutorial_taskflow_api_etl.py took 0.169 seconds
[2022-06-08 12:56:10,855] {processor.py:153} INFO - Started process (PID=122956) to work on /home/james/airflowa/lib/python3.8/site-packages/airflow/example_dags/tutorial_taskflow_api_etl.py
[2022-06-08 12:56:10,856] {processor.py:641} INFO - Processing file /home/james/airflowa/lib/python3.8/site-packages/airflow/example_dags/tutorial_taskflow_api_etl.py for tasks to queue
[2022-06-08 12:56:10,856] {logging_mixin.py:115} INFO - [2022-06-08 12:56:10,856] {dagbag.py:507} INFO - Filling up the DagBag from /home/james/airflowa/lib/python3.8/site-packages/airflow/example_dags/tutorial_taskflow_api_etl.py
[2022-06-08 12:56:10,877] {processor.py:651} INFO - DAG(s) dict_keys(['tutorial_taskflow_api_etl']) retrieved from /home/james/airflowa/lib/python3.8/site-packages/airflow/example_dags/tutorial_taskflow_api_etl.py
[2022-06-08 12:56:10,920] {logging_mixin.py:115} INFO - [2022-06-08 12:56:10,919] {dag.py:2379} INFO - Sync 1 DAGs
[2022-06-08 12:56:10,938] {logging_mixin.py:115} INFO - [2022-06-08 12:56:10,938] {dag.py:2927} INFO - Setting next_dagrun for tutorial_taskflow_api_etl to None, run_after=None
[2022-06-08 12:56:10,951] {processor.py:161} INFO - Processing /home/james/airflowa/lib/python3.8/site-packages/airflow/example_dags/tutorial_taskflow_api_etl.py took 0.100 seconds
[2022-06-08 12:57:18,971] {processor.py:153} INFO - Started process (PID=123238) to work on /home/james/airflowa/lib/python3.8/site-packages/airflow/example_dags/tutorial_taskflow_api_etl.py
[2022-06-08 12:57:18,971] {processor.py:641} INFO - Processing file /home/james/airflowa/lib/python3.8/site-packages/airflow/example_dags/tutorial_taskflow_api_etl.py for tasks to queue
[2022-06-08 12:57:18,972] {logging_mixin.py:115} INFO - [2022-06-08 12:57:18,972] {dagbag.py:507} INFO - Filling up the DagBag from /home/james/airflowa/lib/python3.8/site-packages/airflow/example_dags/tutorial_taskflow_api_etl.py
[2022-06-08 12:57:18,990] {processor.py:651} INFO - DAG(s) dict_keys(['tutorial_taskflow_api_etl']) retrieved from /home/james/airflowa/lib/python3.8/site-packages/airflow/example_dags/tutorial_taskflow_api_etl.py
[2022-06-08 12:57:19,003] {logging_mixin.py:115} INFO - [2022-06-08 12:57:19,003] {dag.py:2379} INFO - Sync 1 DAGs
[2022-06-08 12:57:19,018] {logging_mixin.py:115} INFO - [2022-06-08 12:57:19,018] {dag.py:2927} INFO - Setting next_dagrun for tutorial_taskflow_api_etl to None, run_after=None
[2022-06-08 12:57:19,030] {processor.py:161} INFO - Processing /home/james/airflowa/lib/python3.8/site-packages/airflow/example_dags/tutorial_taskflow_api_etl.py took 0.062 seconds
[2022-06-08 12:58:06,322] {processor.py:153} INFO - Started process (PID=123508) to work on /home/james/airflowa/lib/python3.8/site-packages/airflow/example_dags/tutorial_taskflow_api_etl.py
[2022-06-08 12:58:06,323] {processor.py:641} INFO - Processing file /home/james/airflowa/lib/python3.8/site-packages/airflow/example_dags/tutorial_taskflow_api_etl.py for tasks to queue
[2022-06-08 12:58:06,323] {logging_mixin.py:115} INFO - [2022-06-08 12:58:06,323] {dagbag.py:507} INFO - Filling up the DagBag from /home/james/airflowa/lib/python3.8/site-packages/airflow/example_dags/tutorial_taskflow_api_etl.py
[2022-06-08 12:58:06,358] {processor.py:651} INFO - DAG(s) dict_keys(['tutorial_taskflow_api_etl']) retrieved from /home/james/airflowa/lib/python3.8/site-packages/airflow/example_dags/tutorial_taskflow_api_etl.py
[2022-06-08 12:58:06,426] {logging_mixin.py:115} INFO - [2022-06-08 12:58:06,426] {dag.py:2379} INFO - Sync 1 DAGs
[2022-06-08 12:58:06,459] {logging_mixin.py:115} INFO - [2022-06-08 12:58:06,459] {dag.py:2927} INFO - Setting next_dagrun for tutorial_taskflow_api_etl to None, run_after=None
[2022-06-08 12:58:06,483] {processor.py:161} INFO - Processing /home/james/airflowa/lib/python3.8/site-packages/airflow/example_dags/tutorial_taskflow_api_etl.py took 0.164 seconds
[2022-06-08 12:58:50,152] {processor.py:153} INFO - Started process (PID=123832) to work on /home/james/airflowa/lib/python3.8/site-packages/airflow/example_dags/tutorial_taskflow_api_etl.py
[2022-06-08 12:58:50,153] {processor.py:641} INFO - Processing file /home/james/airflowa/lib/python3.8/site-packages/airflow/example_dags/tutorial_taskflow_api_etl.py for tasks to queue
[2022-06-08 12:58:50,154] {logging_mixin.py:115} INFO - [2022-06-08 12:58:50,153] {dagbag.py:507} INFO - Filling up the DagBag from /home/james/airflowa/lib/python3.8/site-packages/airflow/example_dags/tutorial_taskflow_api_etl.py
[2022-06-08 12:58:50,168] {processor.py:651} INFO - DAG(s) dict_keys(['tutorial_taskflow_api_etl']) retrieved from /home/james/airflowa/lib/python3.8/site-packages/airflow/example_dags/tutorial_taskflow_api_etl.py
[2022-06-08 12:58:50,209] {logging_mixin.py:115} INFO - [2022-06-08 12:58:50,209] {dag.py:2379} INFO - Sync 1 DAGs
[2022-06-08 12:58:50,225] {logging_mixin.py:115} INFO - [2022-06-08 12:58:50,225] {dag.py:2927} INFO - Setting next_dagrun for tutorial_taskflow_api_etl to None, run_after=None
[2022-06-08 12:58:50,237] {processor.py:161} INFO - Processing /home/james/airflowa/lib/python3.8/site-packages/airflow/example_dags/tutorial_taskflow_api_etl.py took 0.087 seconds
[2022-06-08 12:59:31,724] {processor.py:153} INFO - Started process (PID=124074) to work on /home/james/airflowa/lib/python3.8/site-packages/airflow/example_dags/tutorial_taskflow_api_etl.py
[2022-06-08 12:59:31,724] {processor.py:641} INFO - Processing file /home/james/airflowa/lib/python3.8/site-packages/airflow/example_dags/tutorial_taskflow_api_etl.py for tasks to queue
[2022-06-08 12:59:31,725] {logging_mixin.py:115} INFO - [2022-06-08 12:59:31,725] {dagbag.py:507} INFO - Filling up the DagBag from /home/james/airflowa/lib/python3.8/site-packages/airflow/example_dags/tutorial_taskflow_api_etl.py
[2022-06-08 12:59:31,742] {processor.py:651} INFO - DAG(s) dict_keys(['tutorial_taskflow_api_etl']) retrieved from /home/james/airflowa/lib/python3.8/site-packages/airflow/example_dags/tutorial_taskflow_api_etl.py
[2022-06-08 12:59:31,755] {logging_mixin.py:115} INFO - [2022-06-08 12:59:31,755] {dag.py:2379} INFO - Sync 1 DAGs
[2022-06-08 12:59:31,774] {logging_mixin.py:115} INFO - [2022-06-08 12:59:31,774] {dag.py:2927} INFO - Setting next_dagrun for tutorial_taskflow_api_etl to None, run_after=None
[2022-06-08 12:59:31,788] {processor.py:161} INFO - Processing /home/james/airflowa/lib/python3.8/site-packages/airflow/example_dags/tutorial_taskflow_api_etl.py took 0.067 seconds
[2022-06-08 13:00:12,281] {processor.py:153} INFO - Started process (PID=124794) to work on /home/james/airflowa/lib/python3.8/site-packages/airflow/example_dags/tutorial_taskflow_api_etl.py
[2022-06-08 13:00:12,282] {processor.py:641} INFO - Processing file /home/james/airflowa/lib/python3.8/site-packages/airflow/example_dags/tutorial_taskflow_api_etl.py for tasks to queue
[2022-06-08 13:00:12,283] {logging_mixin.py:115} INFO - [2022-06-08 13:00:12,283] {dagbag.py:507} INFO - Filling up the DagBag from /home/james/airflowa/lib/python3.8/site-packages/airflow/example_dags/tutorial_taskflow_api_etl.py
[2022-06-08 13:00:12,297] {processor.py:651} INFO - DAG(s) dict_keys(['tutorial_taskflow_api_etl']) retrieved from /home/james/airflowa/lib/python3.8/site-packages/airflow/example_dags/tutorial_taskflow_api_etl.py
[2022-06-08 13:00:12,309] {logging_mixin.py:115} INFO - [2022-06-08 13:00:12,309] {dag.py:2379} INFO - Sync 1 DAGs
[2022-06-08 13:00:12,324] {logging_mixin.py:115} INFO - [2022-06-08 13:00:12,324] {dag.py:2927} INFO - Setting next_dagrun for tutorial_taskflow_api_etl to None, run_after=None
[2022-06-08 13:00:12,335] {processor.py:161} INFO - Processing /home/james/airflowa/lib/python3.8/site-packages/airflow/example_dags/tutorial_taskflow_api_etl.py took 0.058 seconds
[2022-06-08 13:00:56,381] {processor.py:153} INFO - Started process (PID=125025) to work on /home/james/airflowa/lib/python3.8/site-packages/airflow/example_dags/tutorial_taskflow_api_etl.py
[2022-06-08 13:00:56,382] {processor.py:641} INFO - Processing file /home/james/airflowa/lib/python3.8/site-packages/airflow/example_dags/tutorial_taskflow_api_etl.py for tasks to queue
[2022-06-08 13:00:56,383] {logging_mixin.py:115} INFO - [2022-06-08 13:00:56,383] {dagbag.py:507} INFO - Filling up the DagBag from /home/james/airflowa/lib/python3.8/site-packages/airflow/example_dags/tutorial_taskflow_api_etl.py
[2022-06-08 13:00:56,399] {processor.py:651} INFO - DAG(s) dict_keys(['tutorial_taskflow_api_etl']) retrieved from /home/james/airflowa/lib/python3.8/site-packages/airflow/example_dags/tutorial_taskflow_api_etl.py
[2022-06-08 13:00:56,412] {logging_mixin.py:115} INFO - [2022-06-08 13:00:56,412] {dag.py:2379} INFO - Sync 1 DAGs
[2022-06-08 13:00:56,431] {logging_mixin.py:115} INFO - [2022-06-08 13:00:56,431] {dag.py:2927} INFO - Setting next_dagrun for tutorial_taskflow_api_etl to None, run_after=None
[2022-06-08 13:00:56,446] {processor.py:161} INFO - Processing /home/james/airflowa/lib/python3.8/site-packages/airflow/example_dags/tutorial_taskflow_api_etl.py took 0.068 seconds
[2022-06-08 13:01:53,476] {processor.py:153} INFO - Started process (PID=125390) to work on /home/james/airflowa/lib/python3.8/site-packages/airflow/example_dags/tutorial_taskflow_api_etl.py
[2022-06-08 13:01:53,477] {processor.py:641} INFO - Processing file /home/james/airflowa/lib/python3.8/site-packages/airflow/example_dags/tutorial_taskflow_api_etl.py for tasks to queue
[2022-06-08 13:01:53,478] {logging_mixin.py:115} INFO - [2022-06-08 13:01:53,478] {dagbag.py:507} INFO - Filling up the DagBag from /home/james/airflowa/lib/python3.8/site-packages/airflow/example_dags/tutorial_taskflow_api_etl.py
[2022-06-08 13:01:53,498] {processor.py:651} INFO - DAG(s) dict_keys(['tutorial_taskflow_api_etl']) retrieved from /home/james/airflowa/lib/python3.8/site-packages/airflow/example_dags/tutorial_taskflow_api_etl.py
[2022-06-08 13:01:53,511] {logging_mixin.py:115} INFO - [2022-06-08 13:01:53,511] {dag.py:2379} INFO - Sync 1 DAGs
[2022-06-08 13:01:53,527] {logging_mixin.py:115} INFO - [2022-06-08 13:01:53,527] {dag.py:2927} INFO - Setting next_dagrun for tutorial_taskflow_api_etl to None, run_after=None
[2022-06-08 13:01:53,541] {processor.py:161} INFO - Processing /home/james/airflowa/lib/python3.8/site-packages/airflow/example_dags/tutorial_taskflow_api_etl.py took 0.069 seconds
[2022-06-08 13:02:51,562] {processor.py:153} INFO - Started process (PID=125682) to work on /home/james/airflowa/lib/python3.8/site-packages/airflow/example_dags/tutorial_taskflow_api_etl.py
[2022-06-08 13:02:51,563] {processor.py:641} INFO - Processing file /home/james/airflowa/lib/python3.8/site-packages/airflow/example_dags/tutorial_taskflow_api_etl.py for tasks to queue
[2022-06-08 13:02:51,563] {logging_mixin.py:115} INFO - [2022-06-08 13:02:51,563] {dagbag.py:507} INFO - Filling up the DagBag from /home/james/airflowa/lib/python3.8/site-packages/airflow/example_dags/tutorial_taskflow_api_etl.py
[2022-06-08 13:02:51,576] {processor.py:651} INFO - DAG(s) dict_keys(['tutorial_taskflow_api_etl']) retrieved from /home/james/airflowa/lib/python3.8/site-packages/airflow/example_dags/tutorial_taskflow_api_etl.py
[2022-06-08 13:02:51,588] {logging_mixin.py:115} INFO - [2022-06-08 13:02:51,588] {dag.py:2379} INFO - Sync 1 DAGs
[2022-06-08 13:02:51,603] {logging_mixin.py:115} INFO - [2022-06-08 13:02:51,603] {dag.py:2927} INFO - Setting next_dagrun for tutorial_taskflow_api_etl to None, run_after=None
[2022-06-08 13:02:51,614] {processor.py:161} INFO - Processing /home/james/airflowa/lib/python3.8/site-packages/airflow/example_dags/tutorial_taskflow_api_etl.py took 0.054 seconds
[2022-06-08 13:03:49,105] {processor.py:153} INFO - Started process (PID=126016) to work on /home/james/airflowa/lib/python3.8/site-packages/airflow/example_dags/tutorial_taskflow_api_etl.py
[2022-06-08 13:03:49,106] {processor.py:641} INFO - Processing file /home/james/airflowa/lib/python3.8/site-packages/airflow/example_dags/tutorial_taskflow_api_etl.py for tasks to queue
[2022-06-08 13:03:49,107] {logging_mixin.py:115} INFO - [2022-06-08 13:03:49,106] {dagbag.py:507} INFO - Filling up the DagBag from /home/james/airflowa/lib/python3.8/site-packages/airflow/example_dags/tutorial_taskflow_api_etl.py
[2022-06-08 13:03:49,120] {processor.py:651} INFO - DAG(s) dict_keys(['tutorial_taskflow_api_etl']) retrieved from /home/james/airflowa/lib/python3.8/site-packages/airflow/example_dags/tutorial_taskflow_api_etl.py
[2022-06-08 13:03:49,159] {logging_mixin.py:115} INFO - [2022-06-08 13:03:49,158] {dag.py:2379} INFO - Sync 1 DAGs
[2022-06-08 13:03:49,173] {logging_mixin.py:115} INFO - [2022-06-08 13:03:49,173] {dag.py:2927} INFO - Setting next_dagrun for tutorial_taskflow_api_etl to None, run_after=None
[2022-06-08 13:03:49,185] {processor.py:161} INFO - Processing /home/james/airflowa/lib/python3.8/site-packages/airflow/example_dags/tutorial_taskflow_api_etl.py took 0.082 seconds
[2022-06-08 13:04:25,181] {processor.py:153} INFO - Started process (PID=126360) to work on /home/james/airflowa/lib/python3.8/site-packages/airflow/example_dags/tutorial_taskflow_api_etl.py
[2022-06-08 13:04:25,182] {processor.py:641} INFO - Processing file /home/james/airflowa/lib/python3.8/site-packages/airflow/example_dags/tutorial_taskflow_api_etl.py for tasks to queue
[2022-06-08 13:04:25,182] {logging_mixin.py:115} INFO - [2022-06-08 13:04:25,182] {dagbag.py:507} INFO - Filling up the DagBag from /home/james/airflowa/lib/python3.8/site-packages/airflow/example_dags/tutorial_taskflow_api_etl.py
[2022-06-08 13:04:25,196] {processor.py:651} INFO - DAG(s) dict_keys(['tutorial_taskflow_api_etl']) retrieved from /home/james/airflowa/lib/python3.8/site-packages/airflow/example_dags/tutorial_taskflow_api_etl.py
[2022-06-08 13:04:25,235] {logging_mixin.py:115} INFO - [2022-06-08 13:04:25,235] {dag.py:2379} INFO - Sync 1 DAGs
[2022-06-08 13:04:25,249] {logging_mixin.py:115} INFO - [2022-06-08 13:04:25,249] {dag.py:2927} INFO - Setting next_dagrun for tutorial_taskflow_api_etl to None, run_after=None
[2022-06-08 13:04:25,261] {processor.py:161} INFO - Processing /home/james/airflowa/lib/python3.8/site-packages/airflow/example_dags/tutorial_taskflow_api_etl.py took 0.083 seconds
[2022-06-08 13:04:58,832] {processor.py:153} INFO - Started process (PID=126488) to work on /home/james/airflowa/lib/python3.8/site-packages/airflow/example_dags/tutorial_taskflow_api_etl.py
[2022-06-08 13:04:58,833] {processor.py:641} INFO - Processing file /home/james/airflowa/lib/python3.8/site-packages/airflow/example_dags/tutorial_taskflow_api_etl.py for tasks to queue
[2022-06-08 13:04:58,833] {logging_mixin.py:115} INFO - [2022-06-08 13:04:58,833] {dagbag.py:507} INFO - Filling up the DagBag from /home/james/airflowa/lib/python3.8/site-packages/airflow/example_dags/tutorial_taskflow_api_etl.py
[2022-06-08 13:04:58,857] {processor.py:651} INFO - DAG(s) dict_keys(['tutorial_taskflow_api_etl']) retrieved from /home/james/airflowa/lib/python3.8/site-packages/airflow/example_dags/tutorial_taskflow_api_etl.py
[2022-06-08 13:04:58,871] {logging_mixin.py:115} INFO - [2022-06-08 13:04:58,871] {dag.py:2379} INFO - Sync 1 DAGs
[2022-06-08 13:04:58,893] {logging_mixin.py:115} INFO - [2022-06-08 13:04:58,893] {dag.py:2927} INFO - Setting next_dagrun for tutorial_taskflow_api_etl to None, run_after=None
[2022-06-08 13:04:58,908] {processor.py:161} INFO - Processing /home/james/airflowa/lib/python3.8/site-packages/airflow/example_dags/tutorial_taskflow_api_etl.py took 0.079 seconds
[2022-06-08 13:05:50,965] {processor.py:153} INFO - Started process (PID=126684) to work on /home/james/airflowa/lib/python3.8/site-packages/airflow/example_dags/tutorial_taskflow_api_etl.py
[2022-06-08 13:05:50,966] {processor.py:641} INFO - Processing file /home/james/airflowa/lib/python3.8/site-packages/airflow/example_dags/tutorial_taskflow_api_etl.py for tasks to queue
[2022-06-08 13:05:50,966] {logging_mixin.py:115} INFO - [2022-06-08 13:05:50,966] {dagbag.py:507} INFO - Filling up the DagBag from /home/james/airflowa/lib/python3.8/site-packages/airflow/example_dags/tutorial_taskflow_api_etl.py
[2022-06-08 13:05:50,981] {processor.py:651} INFO - DAG(s) dict_keys(['tutorial_taskflow_api_etl']) retrieved from /home/james/airflowa/lib/python3.8/site-packages/airflow/example_dags/tutorial_taskflow_api_etl.py
[2022-06-08 13:05:50,997] {logging_mixin.py:115} INFO - [2022-06-08 13:05:50,996] {dag.py:2379} INFO - Sync 1 DAGs
[2022-06-08 13:05:51,011] {logging_mixin.py:115} INFO - [2022-06-08 13:05:51,011] {dag.py:2927} INFO - Setting next_dagrun for tutorial_taskflow_api_etl to None, run_after=None
[2022-06-08 13:05:51,023] {processor.py:161} INFO - Processing /home/james/airflowa/lib/python3.8/site-packages/airflow/example_dags/tutorial_taskflow_api_etl.py took 0.060 seconds
[2022-06-08 13:06:47,657] {processor.py:153} INFO - Started process (PID=126968) to work on /home/james/airflowa/lib/python3.8/site-packages/airflow/example_dags/tutorial_taskflow_api_etl.py
[2022-06-08 13:06:47,658] {processor.py:641} INFO - Processing file /home/james/airflowa/lib/python3.8/site-packages/airflow/example_dags/tutorial_taskflow_api_etl.py for tasks to queue
[2022-06-08 13:06:47,658] {logging_mixin.py:115} INFO - [2022-06-08 13:06:47,658] {dagbag.py:507} INFO - Filling up the DagBag from /home/james/airflowa/lib/python3.8/site-packages/airflow/example_dags/tutorial_taskflow_api_etl.py
[2022-06-08 13:06:47,672] {processor.py:651} INFO - DAG(s) dict_keys(['tutorial_taskflow_api_etl']) retrieved from /home/james/airflowa/lib/python3.8/site-packages/airflow/example_dags/tutorial_taskflow_api_etl.py
[2022-06-08 13:06:47,711] {logging_mixin.py:115} INFO - [2022-06-08 13:06:47,711] {dag.py:2379} INFO - Sync 1 DAGs
[2022-06-08 13:06:47,724] {logging_mixin.py:115} INFO - [2022-06-08 13:06:47,724] {dag.py:2927} INFO - Setting next_dagrun for tutorial_taskflow_api_etl to None, run_after=None
[2022-06-08 13:06:47,737] {processor.py:161} INFO - Processing /home/james/airflowa/lib/python3.8/site-packages/airflow/example_dags/tutorial_taskflow_api_etl.py took 0.082 seconds
