[2022-06-08 09:03:48,532] {processor.py:153} INFO - Started process (PID=23643) to work on /home/james/airflowa/lib/python3.8/site-packages/airflow/example_dags/tutorial_etl_dag.py
[2022-06-08 09:03:48,532] {processor.py:641} INFO - Processing file /home/james/airflowa/lib/python3.8/site-packages/airflow/example_dags/tutorial_etl_dag.py for tasks to queue
[2022-06-08 09:03:48,533] {logging_mixin.py:115} INFO - [2022-06-08 09:03:48,533] {dagbag.py:507} INFO - Filling up the DagBag from /home/james/airflowa/lib/python3.8/site-packages/airflow/example_dags/tutorial_etl_dag.py
[2022-06-08 09:03:48,539] {processor.py:651} INFO - DAG(s) dict_keys(['tutorial_etl_dag']) retrieved from /home/james/airflowa/lib/python3.8/site-packages/airflow/example_dags/tutorial_etl_dag.py
[2022-06-08 09:03:48,552] {logging_mixin.py:115} INFO - [2022-06-08 09:03:48,552] {dag.py:2379} INFO - Sync 1 DAGs
[2022-06-08 09:03:48,568] {logging_mixin.py:115} INFO - [2022-06-08 09:03:48,567] {dag.py:2927} INFO - Setting next_dagrun for tutorial_etl_dag to None, run_after=None
[2022-06-08 09:03:48,579] {processor.py:161} INFO - Processing /home/james/airflowa/lib/python3.8/site-packages/airflow/example_dags/tutorial_etl_dag.py took 0.049 seconds
[2022-06-08 09:04:22,106] {processor.py:153} INFO - Started process (PID=23839) to work on /home/james/airflowa/lib/python3.8/site-packages/airflow/example_dags/tutorial_etl_dag.py
[2022-06-08 09:04:22,107] {processor.py:641} INFO - Processing file /home/james/airflowa/lib/python3.8/site-packages/airflow/example_dags/tutorial_etl_dag.py for tasks to queue
[2022-06-08 09:04:22,107] {logging_mixin.py:115} INFO - [2022-06-08 09:04:22,107] {dagbag.py:507} INFO - Filling up the DagBag from /home/james/airflowa/lib/python3.8/site-packages/airflow/example_dags/tutorial_etl_dag.py
[2022-06-08 09:04:22,113] {processor.py:651} INFO - DAG(s) dict_keys(['tutorial_etl_dag']) retrieved from /home/james/airflowa/lib/python3.8/site-packages/airflow/example_dags/tutorial_etl_dag.py
[2022-06-08 09:04:22,132] {logging_mixin.py:115} INFO - [2022-06-08 09:04:22,131] {dag.py:2379} INFO - Sync 1 DAGs
[2022-06-08 09:04:22,156] {logging_mixin.py:115} INFO - [2022-06-08 09:04:22,156] {dag.py:2927} INFO - Setting next_dagrun for tutorial_etl_dag to None, run_after=None
[2022-06-08 09:04:22,186] {processor.py:161} INFO - Processing /home/james/airflowa/lib/python3.8/site-packages/airflow/example_dags/tutorial_etl_dag.py took 0.082 seconds
[2022-06-08 09:04:57,045] {processor.py:153} INFO - Started process (PID=23975) to work on /home/james/airflowa/lib/python3.8/site-packages/airflow/example_dags/tutorial_etl_dag.py
[2022-06-08 09:04:57,046] {processor.py:641} INFO - Processing file /home/james/airflowa/lib/python3.8/site-packages/airflow/example_dags/tutorial_etl_dag.py for tasks to queue
[2022-06-08 09:04:57,046] {logging_mixin.py:115} INFO - [2022-06-08 09:04:57,046] {dagbag.py:507} INFO - Filling up the DagBag from /home/james/airflowa/lib/python3.8/site-packages/airflow/example_dags/tutorial_etl_dag.py
[2022-06-08 09:04:57,052] {processor.py:651} INFO - DAG(s) dict_keys(['tutorial_etl_dag']) retrieved from /home/james/airflowa/lib/python3.8/site-packages/airflow/example_dags/tutorial_etl_dag.py
[2022-06-08 09:04:57,068] {logging_mixin.py:115} INFO - [2022-06-08 09:04:57,068] {dag.py:2379} INFO - Sync 1 DAGs
[2022-06-08 09:04:57,085] {logging_mixin.py:115} INFO - [2022-06-08 09:04:57,085] {dag.py:2927} INFO - Setting next_dagrun for tutorial_etl_dag to None, run_after=None
[2022-06-08 09:04:57,096] {processor.py:161} INFO - Processing /home/james/airflowa/lib/python3.8/site-packages/airflow/example_dags/tutorial_etl_dag.py took 0.053 seconds
[2022-06-08 09:05:40,750] {processor.py:153} INFO - Started process (PID=24450) to work on /home/james/airflowa/lib/python3.8/site-packages/airflow/example_dags/tutorial_etl_dag.py
[2022-06-08 09:05:40,751] {processor.py:641} INFO - Processing file /home/james/airflowa/lib/python3.8/site-packages/airflow/example_dags/tutorial_etl_dag.py for tasks to queue
[2022-06-08 09:05:40,751] {logging_mixin.py:115} INFO - [2022-06-08 09:05:40,751] {dagbag.py:507} INFO - Filling up the DagBag from /home/james/airflowa/lib/python3.8/site-packages/airflow/example_dags/tutorial_etl_dag.py
[2022-06-08 09:05:40,757] {processor.py:651} INFO - DAG(s) dict_keys(['tutorial_etl_dag']) retrieved from /home/james/airflowa/lib/python3.8/site-packages/airflow/example_dags/tutorial_etl_dag.py
[2022-06-08 09:05:40,770] {logging_mixin.py:115} INFO - [2022-06-08 09:05:40,770] {dag.py:2379} INFO - Sync 1 DAGs
[2022-06-08 09:05:40,786] {logging_mixin.py:115} INFO - [2022-06-08 09:05:40,785] {dag.py:2927} INFO - Setting next_dagrun for tutorial_etl_dag to None, run_after=None
[2022-06-08 09:05:40,797] {processor.py:161} INFO - Processing /home/james/airflowa/lib/python3.8/site-packages/airflow/example_dags/tutorial_etl_dag.py took 0.049 seconds
[2022-06-08 09:06:43,709] {processor.py:153} INFO - Started process (PID=24923) to work on /home/james/airflowa/lib/python3.8/site-packages/airflow/example_dags/tutorial_etl_dag.py
[2022-06-08 09:06:43,709] {processor.py:641} INFO - Processing file /home/james/airflowa/lib/python3.8/site-packages/airflow/example_dags/tutorial_etl_dag.py for tasks to queue
[2022-06-08 09:06:43,710] {logging_mixin.py:115} INFO - [2022-06-08 09:06:43,710] {dagbag.py:507} INFO - Filling up the DagBag from /home/james/airflowa/lib/python3.8/site-packages/airflow/example_dags/tutorial_etl_dag.py
[2022-06-08 09:06:43,721] {processor.py:651} INFO - DAG(s) dict_keys(['tutorial_etl_dag']) retrieved from /home/james/airflowa/lib/python3.8/site-packages/airflow/example_dags/tutorial_etl_dag.py
[2022-06-08 09:06:43,743] {logging_mixin.py:115} INFO - [2022-06-08 09:06:43,743] {dag.py:2379} INFO - Sync 1 DAGs
[2022-06-08 09:06:43,771] {logging_mixin.py:115} INFO - [2022-06-08 09:06:43,770] {dag.py:2927} INFO - Setting next_dagrun for tutorial_etl_dag to None, run_after=None
[2022-06-08 09:06:43,787] {processor.py:161} INFO - Processing /home/james/airflowa/lib/python3.8/site-packages/airflow/example_dags/tutorial_etl_dag.py took 0.081 seconds
[2022-06-08 09:07:35,374] {processor.py:153} INFO - Started process (PID=25265) to work on /home/james/airflowa/lib/python3.8/site-packages/airflow/example_dags/tutorial_etl_dag.py
[2022-06-08 09:07:35,375] {processor.py:641} INFO - Processing file /home/james/airflowa/lib/python3.8/site-packages/airflow/example_dags/tutorial_etl_dag.py for tasks to queue
[2022-06-08 09:07:35,375] {logging_mixin.py:115} INFO - [2022-06-08 09:07:35,375] {dagbag.py:507} INFO - Filling up the DagBag from /home/james/airflowa/lib/python3.8/site-packages/airflow/example_dags/tutorial_etl_dag.py
[2022-06-08 09:07:35,386] {processor.py:651} INFO - DAG(s) dict_keys(['tutorial_etl_dag']) retrieved from /home/james/airflowa/lib/python3.8/site-packages/airflow/example_dags/tutorial_etl_dag.py
[2022-06-08 09:07:35,405] {logging_mixin.py:115} INFO - [2022-06-08 09:07:35,405] {dag.py:2379} INFO - Sync 1 DAGs
[2022-06-08 09:07:35,428] {logging_mixin.py:115} INFO - [2022-06-08 09:07:35,428] {dag.py:2927} INFO - Setting next_dagrun for tutorial_etl_dag to None, run_after=None
[2022-06-08 09:07:35,444] {processor.py:161} INFO - Processing /home/james/airflowa/lib/python3.8/site-packages/airflow/example_dags/tutorial_etl_dag.py took 0.074 seconds
[2022-06-08 09:08:21,231] {processor.py:153} INFO - Started process (PID=25501) to work on /home/james/airflowa/lib/python3.8/site-packages/airflow/example_dags/tutorial_etl_dag.py
[2022-06-08 09:08:21,232] {processor.py:641} INFO - Processing file /home/james/airflowa/lib/python3.8/site-packages/airflow/example_dags/tutorial_etl_dag.py for tasks to queue
[2022-06-08 09:08:21,232] {logging_mixin.py:115} INFO - [2022-06-08 09:08:21,232] {dagbag.py:507} INFO - Filling up the DagBag from /home/james/airflowa/lib/python3.8/site-packages/airflow/example_dags/tutorial_etl_dag.py
[2022-06-08 09:08:21,243] {processor.py:651} INFO - DAG(s) dict_keys(['tutorial_etl_dag']) retrieved from /home/james/airflowa/lib/python3.8/site-packages/airflow/example_dags/tutorial_etl_dag.py
[2022-06-08 09:08:21,267] {logging_mixin.py:115} INFO - [2022-06-08 09:08:21,267] {dag.py:2379} INFO - Sync 1 DAGs
[2022-06-08 09:08:21,292] {logging_mixin.py:115} INFO - [2022-06-08 09:08:21,292] {dag.py:2927} INFO - Setting next_dagrun for tutorial_etl_dag to None, run_after=None
[2022-06-08 09:08:21,306] {processor.py:161} INFO - Processing /home/james/airflowa/lib/python3.8/site-packages/airflow/example_dags/tutorial_etl_dag.py took 0.080 seconds
[2022-06-08 09:09:09,050] {processor.py:153} INFO - Started process (PID=25830) to work on /home/james/airflowa/lib/python3.8/site-packages/airflow/example_dags/tutorial_etl_dag.py
[2022-06-08 09:09:09,051] {processor.py:641} INFO - Processing file /home/james/airflowa/lib/python3.8/site-packages/airflow/example_dags/tutorial_etl_dag.py for tasks to queue
[2022-06-08 09:09:09,051] {logging_mixin.py:115} INFO - [2022-06-08 09:09:09,051] {dagbag.py:507} INFO - Filling up the DagBag from /home/james/airflowa/lib/python3.8/site-packages/airflow/example_dags/tutorial_etl_dag.py
[2022-06-08 09:09:09,060] {processor.py:651} INFO - DAG(s) dict_keys(['tutorial_etl_dag']) retrieved from /home/james/airflowa/lib/python3.8/site-packages/airflow/example_dags/tutorial_etl_dag.py
[2022-06-08 09:09:09,081] {logging_mixin.py:115} INFO - [2022-06-08 09:09:09,081] {dag.py:2379} INFO - Sync 1 DAGs
[2022-06-08 09:09:09,106] {logging_mixin.py:115} INFO - [2022-06-08 09:09:09,105] {dag.py:2927} INFO - Setting next_dagrun for tutorial_etl_dag to None, run_after=None
[2022-06-08 09:09:09,124] {processor.py:161} INFO - Processing /home/james/airflowa/lib/python3.8/site-packages/airflow/example_dags/tutorial_etl_dag.py took 0.077 seconds
[2022-06-08 09:10:03,130] {processor.py:153} INFO - Started process (PID=26522) to work on /home/james/airflowa/lib/python3.8/site-packages/airflow/example_dags/tutorial_etl_dag.py
[2022-06-08 09:10:03,131] {processor.py:641} INFO - Processing file /home/james/airflowa/lib/python3.8/site-packages/airflow/example_dags/tutorial_etl_dag.py for tasks to queue
[2022-06-08 09:10:03,132] {logging_mixin.py:115} INFO - [2022-06-08 09:10:03,132] {dagbag.py:507} INFO - Filling up the DagBag from /home/james/airflowa/lib/python3.8/site-packages/airflow/example_dags/tutorial_etl_dag.py
[2022-06-08 09:10:03,142] {processor.py:651} INFO - DAG(s) dict_keys(['tutorial_etl_dag']) retrieved from /home/james/airflowa/lib/python3.8/site-packages/airflow/example_dags/tutorial_etl_dag.py
[2022-06-08 09:10:03,171] {logging_mixin.py:115} INFO - [2022-06-08 09:10:03,171] {dag.py:2379} INFO - Sync 1 DAGs
[2022-06-08 09:10:03,202] {logging_mixin.py:115} INFO - [2022-06-08 09:10:03,201] {dag.py:2927} INFO - Setting next_dagrun for tutorial_etl_dag to None, run_after=None
[2022-06-08 09:10:03,219] {processor.py:161} INFO - Processing /home/james/airflowa/lib/python3.8/site-packages/airflow/example_dags/tutorial_etl_dag.py took 0.095 seconds
[2022-06-08 09:11:03,765] {processor.py:153} INFO - Started process (PID=27016) to work on /home/james/airflowa/lib/python3.8/site-packages/airflow/example_dags/tutorial_etl_dag.py
[2022-06-08 09:11:03,766] {processor.py:641} INFO - Processing file /home/james/airflowa/lib/python3.8/site-packages/airflow/example_dags/tutorial_etl_dag.py for tasks to queue
[2022-06-08 09:11:03,767] {logging_mixin.py:115} INFO - [2022-06-08 09:11:03,767] {dagbag.py:507} INFO - Filling up the DagBag from /home/james/airflowa/lib/python3.8/site-packages/airflow/example_dags/tutorial_etl_dag.py
[2022-06-08 09:11:03,776] {processor.py:651} INFO - DAG(s) dict_keys(['tutorial_etl_dag']) retrieved from /home/james/airflowa/lib/python3.8/site-packages/airflow/example_dags/tutorial_etl_dag.py
[2022-06-08 09:11:03,799] {logging_mixin.py:115} INFO - [2022-06-08 09:11:03,799] {dag.py:2379} INFO - Sync 1 DAGs
[2022-06-08 09:11:03,827] {logging_mixin.py:115} INFO - [2022-06-08 09:11:03,827] {dag.py:2927} INFO - Setting next_dagrun for tutorial_etl_dag to None, run_after=None
[2022-06-08 09:11:03,849] {processor.py:161} INFO - Processing /home/james/airflowa/lib/python3.8/site-packages/airflow/example_dags/tutorial_etl_dag.py took 0.088 seconds
[2022-06-08 09:12:20,220] {processor.py:153} INFO - Started process (PID=27435) to work on /home/james/airflowa/lib/python3.8/site-packages/airflow/example_dags/tutorial_etl_dag.py
[2022-06-08 09:12:20,221] {processor.py:641} INFO - Processing file /home/james/airflowa/lib/python3.8/site-packages/airflow/example_dags/tutorial_etl_dag.py for tasks to queue
[2022-06-08 09:12:20,223] {logging_mixin.py:115} INFO - [2022-06-08 09:12:20,222] {dagbag.py:507} INFO - Filling up the DagBag from /home/james/airflowa/lib/python3.8/site-packages/airflow/example_dags/tutorial_etl_dag.py
[2022-06-08 09:12:20,239] {processor.py:651} INFO - DAG(s) dict_keys(['tutorial_etl_dag']) retrieved from /home/james/airflowa/lib/python3.8/site-packages/airflow/example_dags/tutorial_etl_dag.py
[2022-06-08 09:12:20,275] {logging_mixin.py:115} INFO - [2022-06-08 09:12:20,274] {dag.py:2379} INFO - Sync 1 DAGs
[2022-06-08 09:12:20,325] {logging_mixin.py:115} INFO - [2022-06-08 09:12:20,325] {dag.py:2927} INFO - Setting next_dagrun for tutorial_etl_dag to None, run_after=None
[2022-06-08 09:12:20,354] {processor.py:161} INFO - Processing /home/james/airflowa/lib/python3.8/site-packages/airflow/example_dags/tutorial_etl_dag.py took 0.140 seconds
[2022-06-08 09:14:08,914] {processor.py:153} INFO - Started process (PID=28066) to work on /home/james/airflowa/lib/python3.8/site-packages/airflow/example_dags/tutorial_etl_dag.py
[2022-06-08 09:14:08,916] {processor.py:641} INFO - Processing file /home/james/airflowa/lib/python3.8/site-packages/airflow/example_dags/tutorial_etl_dag.py for tasks to queue
[2022-06-08 09:14:08,918] {logging_mixin.py:115} INFO - [2022-06-08 09:14:08,917] {dagbag.py:507} INFO - Filling up the DagBag from /home/james/airflowa/lib/python3.8/site-packages/airflow/example_dags/tutorial_etl_dag.py
[2022-06-08 09:14:08,935] {processor.py:651} INFO - DAG(s) dict_keys(['tutorial_etl_dag']) retrieved from /home/james/airflowa/lib/python3.8/site-packages/airflow/example_dags/tutorial_etl_dag.py
[2022-06-08 09:14:08,977] {logging_mixin.py:115} INFO - [2022-06-08 09:14:08,977] {dag.py:2379} INFO - Sync 1 DAGs
[2022-06-08 09:14:09,032] {logging_mixin.py:115} INFO - [2022-06-08 09:14:09,032] {dag.py:2927} INFO - Setting next_dagrun for tutorial_etl_dag to None, run_after=None
[2022-06-08 09:14:09,062] {processor.py:161} INFO - Processing /home/james/airflowa/lib/python3.8/site-packages/airflow/example_dags/tutorial_etl_dag.py took 0.154 seconds
[2022-06-08 09:15:53,897] {processor.py:153} INFO - Started process (PID=28691) to work on /home/james/airflowa/lib/python3.8/site-packages/airflow/example_dags/tutorial_etl_dag.py
[2022-06-08 09:15:53,898] {processor.py:641} INFO - Processing file /home/james/airflowa/lib/python3.8/site-packages/airflow/example_dags/tutorial_etl_dag.py for tasks to queue
[2022-06-08 09:15:53,898] {logging_mixin.py:115} INFO - [2022-06-08 09:15:53,898] {dagbag.py:507} INFO - Filling up the DagBag from /home/james/airflowa/lib/python3.8/site-packages/airflow/example_dags/tutorial_etl_dag.py
[2022-06-08 09:15:53,914] {processor.py:651} INFO - DAG(s) dict_keys(['tutorial_etl_dag']) retrieved from /home/james/airflowa/lib/python3.8/site-packages/airflow/example_dags/tutorial_etl_dag.py
[2022-06-08 09:15:53,959] {logging_mixin.py:115} INFO - [2022-06-08 09:15:53,959] {dag.py:2379} INFO - Sync 1 DAGs
[2022-06-08 09:15:54,013] {logging_mixin.py:115} INFO - [2022-06-08 09:15:54,013] {dag.py:2927} INFO - Setting next_dagrun for tutorial_etl_dag to None, run_after=None
[2022-06-08 09:15:54,046] {processor.py:161} INFO - Processing /home/james/airflowa/lib/python3.8/site-packages/airflow/example_dags/tutorial_etl_dag.py took 0.154 seconds
[2022-06-08 09:17:42,443] {processor.py:153} INFO - Started process (PID=30373) to work on /home/james/airflowa/lib/python3.8/site-packages/airflow/example_dags/tutorial_etl_dag.py
[2022-06-08 09:17:42,444] {processor.py:641} INFO - Processing file /home/james/airflowa/lib/python3.8/site-packages/airflow/example_dags/tutorial_etl_dag.py for tasks to queue
[2022-06-08 09:17:42,445] {logging_mixin.py:115} INFO - [2022-06-08 09:17:42,445] {dagbag.py:507} INFO - Filling up the DagBag from /home/james/airflowa/lib/python3.8/site-packages/airflow/example_dags/tutorial_etl_dag.py
[2022-06-08 09:17:42,457] {processor.py:651} INFO - DAG(s) dict_keys(['tutorial_etl_dag']) retrieved from /home/james/airflowa/lib/python3.8/site-packages/airflow/example_dags/tutorial_etl_dag.py
[2022-06-08 09:17:42,487] {logging_mixin.py:115} INFO - [2022-06-08 09:17:42,487] {dag.py:2379} INFO - Sync 1 DAGs
[2022-06-08 09:17:42,523] {logging_mixin.py:115} INFO - [2022-06-08 09:17:42,523] {dag.py:2927} INFO - Setting next_dagrun for tutorial_etl_dag to None, run_after=None
[2022-06-08 09:17:42,547] {processor.py:161} INFO - Processing /home/james/airflowa/lib/python3.8/site-packages/airflow/example_dags/tutorial_etl_dag.py took 0.110 seconds
[2022-06-08 09:19:30,920] {processor.py:153} INFO - Started process (PID=31022) to work on /home/james/airflowa/lib/python3.8/site-packages/airflow/example_dags/tutorial_etl_dag.py
[2022-06-08 09:19:30,921] {processor.py:641} INFO - Processing file /home/james/airflowa/lib/python3.8/site-packages/airflow/example_dags/tutorial_etl_dag.py for tasks to queue
[2022-06-08 09:19:30,922] {logging_mixin.py:115} INFO - [2022-06-08 09:19:30,922] {dagbag.py:507} INFO - Filling up the DagBag from /home/james/airflowa/lib/python3.8/site-packages/airflow/example_dags/tutorial_etl_dag.py
[2022-06-08 09:19:30,935] {processor.py:651} INFO - DAG(s) dict_keys(['tutorial_etl_dag']) retrieved from /home/james/airflowa/lib/python3.8/site-packages/airflow/example_dags/tutorial_etl_dag.py
[2022-06-08 09:19:30,964] {logging_mixin.py:115} INFO - [2022-06-08 09:19:30,964] {dag.py:2379} INFO - Sync 1 DAGs
[2022-06-08 09:19:31,004] {logging_mixin.py:115} INFO - [2022-06-08 09:19:31,004] {dag.py:2927} INFO - Setting next_dagrun for tutorial_etl_dag to None, run_after=None
[2022-06-08 09:19:31,024] {processor.py:161} INFO - Processing /home/james/airflowa/lib/python3.8/site-packages/airflow/example_dags/tutorial_etl_dag.py took 0.109 seconds
[2022-06-08 09:21:50,790] {processor.py:153} INFO - Started process (PID=32701) to work on /home/james/airflowa/lib/python3.8/site-packages/airflow/example_dags/tutorial_etl_dag.py
[2022-06-08 09:21:50,791] {processor.py:641} INFO - Processing file /home/james/airflowa/lib/python3.8/site-packages/airflow/example_dags/tutorial_etl_dag.py for tasks to queue
[2022-06-08 09:21:50,792] {logging_mixin.py:115} INFO - [2022-06-08 09:21:50,792] {dagbag.py:507} INFO - Filling up the DagBag from /home/james/airflowa/lib/python3.8/site-packages/airflow/example_dags/tutorial_etl_dag.py
[2022-06-08 09:21:50,805] {processor.py:651} INFO - DAG(s) dict_keys(['tutorial_etl_dag']) retrieved from /home/james/airflowa/lib/python3.8/site-packages/airflow/example_dags/tutorial_etl_dag.py
[2022-06-08 09:21:50,834] {logging_mixin.py:115} INFO - [2022-06-08 09:21:50,833] {dag.py:2379} INFO - Sync 1 DAGs
[2022-06-08 09:21:50,872] {logging_mixin.py:115} INFO - [2022-06-08 09:21:50,872] {dag.py:2927} INFO - Setting next_dagrun for tutorial_etl_dag to None, run_after=None
[2022-06-08 09:21:50,894] {processor.py:161} INFO - Processing /home/james/airflowa/lib/python3.8/site-packages/airflow/example_dags/tutorial_etl_dag.py took 0.109 seconds
[2022-06-08 09:23:49,567] {processor.py:153} INFO - Started process (PID=33428) to work on /home/james/airflowa/lib/python3.8/site-packages/airflow/example_dags/tutorial_etl_dag.py
[2022-06-08 09:23:49,569] {processor.py:641} INFO - Processing file /home/james/airflowa/lib/python3.8/site-packages/airflow/example_dags/tutorial_etl_dag.py for tasks to queue
[2022-06-08 09:23:49,570] {logging_mixin.py:115} INFO - [2022-06-08 09:23:49,570] {dagbag.py:507} INFO - Filling up the DagBag from /home/james/airflowa/lib/python3.8/site-packages/airflow/example_dags/tutorial_etl_dag.py
[2022-06-08 09:23:49,584] {processor.py:651} INFO - DAG(s) dict_keys(['tutorial_etl_dag']) retrieved from /home/james/airflowa/lib/python3.8/site-packages/airflow/example_dags/tutorial_etl_dag.py
[2022-06-08 09:23:49,627] {logging_mixin.py:115} INFO - [2022-06-08 09:23:49,626] {dag.py:2379} INFO - Sync 1 DAGs
[2022-06-08 09:23:49,684] {logging_mixin.py:115} INFO - [2022-06-08 09:23:49,684] {dag.py:2927} INFO - Setting next_dagrun for tutorial_etl_dag to None, run_after=None
[2022-06-08 09:23:49,715] {processor.py:161} INFO - Processing /home/james/airflowa/lib/python3.8/site-packages/airflow/example_dags/tutorial_etl_dag.py took 0.153 seconds
[2022-06-08 09:25:58,359] {processor.py:153} INFO - Started process (PID=34113) to work on /home/james/airflowa/lib/python3.8/site-packages/airflow/example_dags/tutorial_etl_dag.py
[2022-06-08 09:25:58,360] {processor.py:641} INFO - Processing file /home/james/airflowa/lib/python3.8/site-packages/airflow/example_dags/tutorial_etl_dag.py for tasks to queue
[2022-06-08 09:25:58,361] {logging_mixin.py:115} INFO - [2022-06-08 09:25:58,361] {dagbag.py:507} INFO - Filling up the DagBag from /home/james/airflowa/lib/python3.8/site-packages/airflow/example_dags/tutorial_etl_dag.py
[2022-06-08 09:25:58,375] {processor.py:651} INFO - DAG(s) dict_keys(['tutorial_etl_dag']) retrieved from /home/james/airflowa/lib/python3.8/site-packages/airflow/example_dags/tutorial_etl_dag.py
[2022-06-08 09:25:58,403] {logging_mixin.py:115} INFO - [2022-06-08 09:25:58,403] {dag.py:2379} INFO - Sync 1 DAGs
[2022-06-08 09:25:58,446] {logging_mixin.py:115} INFO - [2022-06-08 09:25:58,446] {dag.py:2927} INFO - Setting next_dagrun for tutorial_etl_dag to None, run_after=None
[2022-06-08 09:25:58,476] {processor.py:161} INFO - Processing /home/james/airflowa/lib/python3.8/site-packages/airflow/example_dags/tutorial_etl_dag.py took 0.122 seconds
[2022-06-08 09:28:01,384] {processor.py:153} INFO - Started process (PID=34852) to work on /home/james/airflowa/lib/python3.8/site-packages/airflow/example_dags/tutorial_etl_dag.py
[2022-06-08 09:28:01,385] {processor.py:641} INFO - Processing file /home/james/airflowa/lib/python3.8/site-packages/airflow/example_dags/tutorial_etl_dag.py for tasks to queue
[2022-06-08 09:28:01,387] {logging_mixin.py:115} INFO - [2022-06-08 09:28:01,387] {dagbag.py:507} INFO - Filling up the DagBag from /home/james/airflowa/lib/python3.8/site-packages/airflow/example_dags/tutorial_etl_dag.py
[2022-06-08 09:28:01,407] {processor.py:651} INFO - DAG(s) dict_keys(['tutorial_etl_dag']) retrieved from /home/james/airflowa/lib/python3.8/site-packages/airflow/example_dags/tutorial_etl_dag.py
[2022-06-08 09:28:01,442] {logging_mixin.py:115} INFO - [2022-06-08 09:28:01,442] {dag.py:2379} INFO - Sync 1 DAGs
[2022-06-08 09:28:01,488] {logging_mixin.py:115} INFO - [2022-06-08 09:28:01,488] {dag.py:2927} INFO - Setting next_dagrun for tutorial_etl_dag to None, run_after=None
[2022-06-08 09:28:01,536] {processor.py:161} INFO - Processing /home/james/airflowa/lib/python3.8/site-packages/airflow/example_dags/tutorial_etl_dag.py took 0.159 seconds
[2022-06-08 11:27:31,775] {processor.py:153} INFO - Started process (PID=76491) to work on /home/james/airflowa/lib/python3.8/site-packages/airflow/example_dags/tutorial_etl_dag.py
[2022-06-08 11:27:31,776] {processor.py:641} INFO - Processing file /home/james/airflowa/lib/python3.8/site-packages/airflow/example_dags/tutorial_etl_dag.py for tasks to queue
[2022-06-08 11:27:31,776] {logging_mixin.py:115} INFO - [2022-06-08 11:27:31,776] {dagbag.py:507} INFO - Filling up the DagBag from /home/james/airflowa/lib/python3.8/site-packages/airflow/example_dags/tutorial_etl_dag.py
[2022-06-08 11:27:31,784] {processor.py:651} INFO - DAG(s) dict_keys(['tutorial_etl_dag']) retrieved from /home/james/airflowa/lib/python3.8/site-packages/airflow/example_dags/tutorial_etl_dag.py
[2022-06-08 11:27:31,800] {logging_mixin.py:115} INFO - [2022-06-08 11:27:31,800] {dag.py:2379} INFO - Sync 1 DAGs
[2022-06-08 11:27:31,816] {logging_mixin.py:115} INFO - [2022-06-08 11:27:31,816] {dag.py:2927} INFO - Setting next_dagrun for tutorial_etl_dag to None, run_after=None
[2022-06-08 11:27:31,827] {processor.py:161} INFO - Processing /home/james/airflowa/lib/python3.8/site-packages/airflow/example_dags/tutorial_etl_dag.py took 0.054 seconds
[2022-06-08 11:28:04,302] {processor.py:153} INFO - Started process (PID=76656) to work on /home/james/airflowa/lib/python3.8/site-packages/airflow/example_dags/tutorial_etl_dag.py
[2022-06-08 11:28:04,302] {processor.py:641} INFO - Processing file /home/james/airflowa/lib/python3.8/site-packages/airflow/example_dags/tutorial_etl_dag.py for tasks to queue
[2022-06-08 11:28:04,303] {logging_mixin.py:115} INFO - [2022-06-08 11:28:04,303] {dagbag.py:507} INFO - Filling up the DagBag from /home/james/airflowa/lib/python3.8/site-packages/airflow/example_dags/tutorial_etl_dag.py
[2022-06-08 11:28:04,309] {processor.py:651} INFO - DAG(s) dict_keys(['tutorial_etl_dag']) retrieved from /home/james/airflowa/lib/python3.8/site-packages/airflow/example_dags/tutorial_etl_dag.py
[2022-06-08 11:28:04,321] {logging_mixin.py:115} INFO - [2022-06-08 11:28:04,321] {dag.py:2379} INFO - Sync 1 DAGs
[2022-06-08 11:28:04,336] {logging_mixin.py:115} INFO - [2022-06-08 11:28:04,336] {dag.py:2927} INFO - Setting next_dagrun for tutorial_etl_dag to None, run_after=None
[2022-06-08 11:28:04,349] {processor.py:161} INFO - Processing /home/james/airflowa/lib/python3.8/site-packages/airflow/example_dags/tutorial_etl_dag.py took 0.049 seconds
[2022-06-08 11:28:38,705] {processor.py:153} INFO - Started process (PID=76938) to work on /home/james/airflowa/lib/python3.8/site-packages/airflow/example_dags/tutorial_etl_dag.py
[2022-06-08 11:28:38,705] {processor.py:641} INFO - Processing file /home/james/airflowa/lib/python3.8/site-packages/airflow/example_dags/tutorial_etl_dag.py for tasks to queue
[2022-06-08 11:28:38,706] {logging_mixin.py:115} INFO - [2022-06-08 11:28:38,706] {dagbag.py:507} INFO - Filling up the DagBag from /home/james/airflowa/lib/python3.8/site-packages/airflow/example_dags/tutorial_etl_dag.py
[2022-06-08 11:28:38,712] {processor.py:651} INFO - DAG(s) dict_keys(['tutorial_etl_dag']) retrieved from /home/james/airflowa/lib/python3.8/site-packages/airflow/example_dags/tutorial_etl_dag.py
[2022-06-08 11:28:38,726] {logging_mixin.py:115} INFO - [2022-06-08 11:28:38,726] {dag.py:2379} INFO - Sync 1 DAGs
[2022-06-08 11:28:38,741] {logging_mixin.py:115} INFO - [2022-06-08 11:28:38,741] {dag.py:2927} INFO - Setting next_dagrun for tutorial_etl_dag to None, run_after=None
[2022-06-08 11:28:38,753] {processor.py:161} INFO - Processing /home/james/airflowa/lib/python3.8/site-packages/airflow/example_dags/tutorial_etl_dag.py took 0.050 seconds
[2022-06-08 11:29:16,485] {processor.py:153} INFO - Started process (PID=77201) to work on /home/james/airflowa/lib/python3.8/site-packages/airflow/example_dags/tutorial_etl_dag.py
[2022-06-08 11:29:16,486] {processor.py:641} INFO - Processing file /home/james/airflowa/lib/python3.8/site-packages/airflow/example_dags/tutorial_etl_dag.py for tasks to queue
[2022-06-08 11:29:16,486] {logging_mixin.py:115} INFO - [2022-06-08 11:29:16,486] {dagbag.py:507} INFO - Filling up the DagBag from /home/james/airflowa/lib/python3.8/site-packages/airflow/example_dags/tutorial_etl_dag.py
[2022-06-08 11:29:16,492] {processor.py:651} INFO - DAG(s) dict_keys(['tutorial_etl_dag']) retrieved from /home/james/airflowa/lib/python3.8/site-packages/airflow/example_dags/tutorial_etl_dag.py
[2022-06-08 11:29:16,504] {logging_mixin.py:115} INFO - [2022-06-08 11:29:16,504] {dag.py:2379} INFO - Sync 1 DAGs
[2022-06-08 11:29:16,519] {logging_mixin.py:115} INFO - [2022-06-08 11:29:16,519] {dag.py:2927} INFO - Setting next_dagrun for tutorial_etl_dag to None, run_after=None
[2022-06-08 11:29:16,531] {processor.py:161} INFO - Processing /home/james/airflowa/lib/python3.8/site-packages/airflow/example_dags/tutorial_etl_dag.py took 0.049 seconds
[2022-06-08 11:29:49,744] {processor.py:153} INFO - Started process (PID=77554) to work on /home/james/airflowa/lib/python3.8/site-packages/airflow/example_dags/tutorial_etl_dag.py
[2022-06-08 11:29:49,745] {processor.py:641} INFO - Processing file /home/james/airflowa/lib/python3.8/site-packages/airflow/example_dags/tutorial_etl_dag.py for tasks to queue
[2022-06-08 11:29:49,745] {logging_mixin.py:115} INFO - [2022-06-08 11:29:49,745] {dagbag.py:507} INFO - Filling up the DagBag from /home/james/airflowa/lib/python3.8/site-packages/airflow/example_dags/tutorial_etl_dag.py
[2022-06-08 11:29:49,752] {processor.py:651} INFO - DAG(s) dict_keys(['tutorial_etl_dag']) retrieved from /home/james/airflowa/lib/python3.8/site-packages/airflow/example_dags/tutorial_etl_dag.py
[2022-06-08 11:29:49,766] {logging_mixin.py:115} INFO - [2022-06-08 11:29:49,766] {dag.py:2379} INFO - Sync 1 DAGs
[2022-06-08 11:29:49,784] {logging_mixin.py:115} INFO - [2022-06-08 11:29:49,784] {dag.py:2927} INFO - Setting next_dagrun for tutorial_etl_dag to None, run_after=None
[2022-06-08 11:29:49,799] {processor.py:161} INFO - Processing /home/james/airflowa/lib/python3.8/site-packages/airflow/example_dags/tutorial_etl_dag.py took 0.058 seconds
[2022-06-08 11:30:46,237] {processor.py:153} INFO - Started process (PID=78231) to work on /home/james/airflowa/lib/python3.8/site-packages/airflow/example_dags/tutorial_etl_dag.py
[2022-06-08 11:30:46,238] {processor.py:641} INFO - Processing file /home/james/airflowa/lib/python3.8/site-packages/airflow/example_dags/tutorial_etl_dag.py for tasks to queue
[2022-06-08 11:30:46,238] {logging_mixin.py:115} INFO - [2022-06-08 11:30:46,238] {dagbag.py:507} INFO - Filling up the DagBag from /home/james/airflowa/lib/python3.8/site-packages/airflow/example_dags/tutorial_etl_dag.py
[2022-06-08 11:30:46,244] {processor.py:651} INFO - DAG(s) dict_keys(['tutorial_etl_dag']) retrieved from /home/james/airflowa/lib/python3.8/site-packages/airflow/example_dags/tutorial_etl_dag.py
[2022-06-08 11:30:46,256] {logging_mixin.py:115} INFO - [2022-06-08 11:30:46,256] {dag.py:2379} INFO - Sync 1 DAGs
[2022-06-08 11:30:46,272] {logging_mixin.py:115} INFO - [2022-06-08 11:30:46,272] {dag.py:2927} INFO - Setting next_dagrun for tutorial_etl_dag to None, run_after=None
[2022-06-08 11:30:46,283] {processor.py:161} INFO - Processing /home/james/airflowa/lib/python3.8/site-packages/airflow/example_dags/tutorial_etl_dag.py took 0.049 seconds
[2022-06-08 11:31:48,589] {processor.py:153} INFO - Started process (PID=78695) to work on /home/james/airflowa/lib/python3.8/site-packages/airflow/example_dags/tutorial_etl_dag.py
[2022-06-08 11:31:48,590] {processor.py:641} INFO - Processing file /home/james/airflowa/lib/python3.8/site-packages/airflow/example_dags/tutorial_etl_dag.py for tasks to queue
[2022-06-08 11:31:48,591] {logging_mixin.py:115} INFO - [2022-06-08 11:31:48,591] {dagbag.py:507} INFO - Filling up the DagBag from /home/james/airflowa/lib/python3.8/site-packages/airflow/example_dags/tutorial_etl_dag.py
[2022-06-08 11:31:48,604] {processor.py:651} INFO - DAG(s) dict_keys(['tutorial_etl_dag']) retrieved from /home/james/airflowa/lib/python3.8/site-packages/airflow/example_dags/tutorial_etl_dag.py
[2022-06-08 11:31:48,634] {logging_mixin.py:115} INFO - [2022-06-08 11:31:48,634] {dag.py:2379} INFO - Sync 1 DAGs
[2022-06-08 11:31:48,673] {logging_mixin.py:115} INFO - [2022-06-08 11:31:48,673] {dag.py:2927} INFO - Setting next_dagrun for tutorial_etl_dag to None, run_after=None
[2022-06-08 11:31:48,704] {processor.py:161} INFO - Processing /home/james/airflowa/lib/python3.8/site-packages/airflow/example_dags/tutorial_etl_dag.py took 0.120 seconds
[2022-06-08 11:32:36,599] {processor.py:153} INFO - Started process (PID=78937) to work on /home/james/airflowa/lib/python3.8/site-packages/airflow/example_dags/tutorial_etl_dag.py
[2022-06-08 11:32:36,600] {processor.py:641} INFO - Processing file /home/james/airflowa/lib/python3.8/site-packages/airflow/example_dags/tutorial_etl_dag.py for tasks to queue
[2022-06-08 11:32:36,601] {logging_mixin.py:115} INFO - [2022-06-08 11:32:36,601] {dagbag.py:507} INFO - Filling up the DagBag from /home/james/airflowa/lib/python3.8/site-packages/airflow/example_dags/tutorial_etl_dag.py
[2022-06-08 11:32:36,610] {processor.py:651} INFO - DAG(s) dict_keys(['tutorial_etl_dag']) retrieved from /home/james/airflowa/lib/python3.8/site-packages/airflow/example_dags/tutorial_etl_dag.py
[2022-06-08 11:32:36,629] {logging_mixin.py:115} INFO - [2022-06-08 11:32:36,629] {dag.py:2379} INFO - Sync 1 DAGs
[2022-06-08 11:32:36,652] {logging_mixin.py:115} INFO - [2022-06-08 11:32:36,651] {dag.py:2927} INFO - Setting next_dagrun for tutorial_etl_dag to None, run_after=None
[2022-06-08 11:32:36,667] {processor.py:161} INFO - Processing /home/james/airflowa/lib/python3.8/site-packages/airflow/example_dags/tutorial_etl_dag.py took 0.071 seconds
[2022-06-08 11:33:25,019] {processor.py:153} INFO - Started process (PID=79259) to work on /home/james/airflowa/lib/python3.8/site-packages/airflow/example_dags/tutorial_etl_dag.py
[2022-06-08 11:33:25,020] {processor.py:641} INFO - Processing file /home/james/airflowa/lib/python3.8/site-packages/airflow/example_dags/tutorial_etl_dag.py for tasks to queue
[2022-06-08 11:33:25,020] {logging_mixin.py:115} INFO - [2022-06-08 11:33:25,020] {dagbag.py:507} INFO - Filling up the DagBag from /home/james/airflowa/lib/python3.8/site-packages/airflow/example_dags/tutorial_etl_dag.py
[2022-06-08 11:33:25,040] {processor.py:651} INFO - DAG(s) dict_keys(['tutorial_etl_dag']) retrieved from /home/james/airflowa/lib/python3.8/site-packages/airflow/example_dags/tutorial_etl_dag.py
[2022-06-08 11:33:25,067] {logging_mixin.py:115} INFO - [2022-06-08 11:33:25,067] {dag.py:2379} INFO - Sync 1 DAGs
[2022-06-08 11:33:25,126] {logging_mixin.py:115} INFO - [2022-06-08 11:33:25,126] {dag.py:2927} INFO - Setting next_dagrun for tutorial_etl_dag to None, run_after=None
[2022-06-08 11:33:25,146] {processor.py:161} INFO - Processing /home/james/airflowa/lib/python3.8/site-packages/airflow/example_dags/tutorial_etl_dag.py took 0.132 seconds
[2022-06-08 11:34:14,022] {processor.py:153} INFO - Started process (PID=79650) to work on /home/james/airflowa/lib/python3.8/site-packages/airflow/example_dags/tutorial_etl_dag.py
[2022-06-08 11:34:14,023] {processor.py:641} INFO - Processing file /home/james/airflowa/lib/python3.8/site-packages/airflow/example_dags/tutorial_etl_dag.py for tasks to queue
[2022-06-08 11:34:14,024] {logging_mixin.py:115} INFO - [2022-06-08 11:34:14,024] {dagbag.py:507} INFO - Filling up the DagBag from /home/james/airflowa/lib/python3.8/site-packages/airflow/example_dags/tutorial_etl_dag.py
[2022-06-08 11:34:14,036] {processor.py:651} INFO - DAG(s) dict_keys(['tutorial_etl_dag']) retrieved from /home/james/airflowa/lib/python3.8/site-packages/airflow/example_dags/tutorial_etl_dag.py
[2022-06-08 11:34:14,056] {logging_mixin.py:115} INFO - [2022-06-08 11:34:14,056] {dag.py:2379} INFO - Sync 1 DAGs
[2022-06-08 11:34:14,083] {logging_mixin.py:115} INFO - [2022-06-08 11:34:14,083] {dag.py:2927} INFO - Setting next_dagrun for tutorial_etl_dag to None, run_after=None
[2022-06-08 11:34:14,098] {processor.py:161} INFO - Processing /home/james/airflowa/lib/python3.8/site-packages/airflow/example_dags/tutorial_etl_dag.py took 0.080 seconds
[2022-06-08 11:34:47,645] {processor.py:153} INFO - Started process (PID=80058) to work on /home/james/airflowa/lib/python3.8/site-packages/airflow/example_dags/tutorial_etl_dag.py
[2022-06-08 11:34:47,647] {processor.py:641} INFO - Processing file /home/james/airflowa/lib/python3.8/site-packages/airflow/example_dags/tutorial_etl_dag.py for tasks to queue
[2022-06-08 11:34:47,647] {logging_mixin.py:115} INFO - [2022-06-08 11:34:47,647] {dagbag.py:507} INFO - Filling up the DagBag from /home/james/airflowa/lib/python3.8/site-packages/airflow/example_dags/tutorial_etl_dag.py
[2022-06-08 11:34:47,657] {processor.py:651} INFO - DAG(s) dict_keys(['tutorial_etl_dag']) retrieved from /home/james/airflowa/lib/python3.8/site-packages/airflow/example_dags/tutorial_etl_dag.py
[2022-06-08 11:34:47,675] {logging_mixin.py:115} INFO - [2022-06-08 11:34:47,675] {dag.py:2379} INFO - Sync 1 DAGs
[2022-06-08 11:34:47,698] {logging_mixin.py:115} INFO - [2022-06-08 11:34:47,698] {dag.py:2927} INFO - Setting next_dagrun for tutorial_etl_dag to None, run_after=None
[2022-06-08 11:34:47,713] {processor.py:161} INFO - Processing /home/james/airflowa/lib/python3.8/site-packages/airflow/example_dags/tutorial_etl_dag.py took 0.071 seconds
[2022-06-08 11:36:08,268] {processor.py:153} INFO - Started process (PID=80835) to work on /home/james/airflowa/lib/python3.8/site-packages/airflow/example_dags/tutorial_etl_dag.py
[2022-06-08 11:36:08,270] {processor.py:641} INFO - Processing file /home/james/airflowa/lib/python3.8/site-packages/airflow/example_dags/tutorial_etl_dag.py for tasks to queue
[2022-06-08 11:36:08,271] {logging_mixin.py:115} INFO - [2022-06-08 11:36:08,271] {dagbag.py:507} INFO - Filling up the DagBag from /home/james/airflowa/lib/python3.8/site-packages/airflow/example_dags/tutorial_etl_dag.py
[2022-06-08 11:36:08,287] {processor.py:651} INFO - DAG(s) dict_keys(['tutorial_etl_dag']) retrieved from /home/james/airflowa/lib/python3.8/site-packages/airflow/example_dags/tutorial_etl_dag.py
[2022-06-08 11:36:08,320] {logging_mixin.py:115} INFO - [2022-06-08 11:36:08,320] {dag.py:2379} INFO - Sync 1 DAGs
[2022-06-08 11:36:08,356] {logging_mixin.py:115} INFO - [2022-06-08 11:36:08,356] {dag.py:2927} INFO - Setting next_dagrun for tutorial_etl_dag to None, run_after=None
[2022-06-08 11:36:08,380] {processor.py:161} INFO - Processing /home/james/airflowa/lib/python3.8/site-packages/airflow/example_dags/tutorial_etl_dag.py took 0.119 seconds
[2022-06-08 12:18:35,430] {processor.py:153} INFO - Started process (PID=102844) to work on /home/james/airflowa/lib/python3.8/site-packages/airflow/example_dags/tutorial_etl_dag.py
[2022-06-08 12:18:35,432] {processor.py:641} INFO - Processing file /home/james/airflowa/lib/python3.8/site-packages/airflow/example_dags/tutorial_etl_dag.py for tasks to queue
[2022-06-08 12:18:35,432] {logging_mixin.py:115} INFO - [2022-06-08 12:18:35,432] {dagbag.py:507} INFO - Filling up the DagBag from /home/james/airflowa/lib/python3.8/site-packages/airflow/example_dags/tutorial_etl_dag.py
[2022-06-08 12:18:35,441] {processor.py:651} INFO - DAG(s) dict_keys(['tutorial_etl_dag']) retrieved from /home/james/airflowa/lib/python3.8/site-packages/airflow/example_dags/tutorial_etl_dag.py
[2022-06-08 12:18:35,459] {logging_mixin.py:115} INFO - [2022-06-08 12:18:35,459] {dag.py:2379} INFO - Sync 1 DAGs
[2022-06-08 12:18:35,485] {logging_mixin.py:115} INFO - [2022-06-08 12:18:35,485] {dag.py:2927} INFO - Setting next_dagrun for tutorial_etl_dag to None, run_after=None
[2022-06-08 12:18:35,501] {processor.py:161} INFO - Processing /home/james/airflowa/lib/python3.8/site-packages/airflow/example_dags/tutorial_etl_dag.py took 0.074 seconds
[2022-06-08 12:22:11,404] {processor.py:153} INFO - Started process (PID=104855) to work on /home/james/airflowa/lib/python3.8/site-packages/airflow/example_dags/tutorial_etl_dag.py
[2022-06-08 12:22:11,407] {processor.py:641} INFO - Processing file /home/james/airflowa/lib/python3.8/site-packages/airflow/example_dags/tutorial_etl_dag.py for tasks to queue
[2022-06-08 12:22:11,409] {logging_mixin.py:115} INFO - [2022-06-08 12:22:11,408] {dagbag.py:507} INFO - Filling up the DagBag from /home/james/airflowa/lib/python3.8/site-packages/airflow/example_dags/tutorial_etl_dag.py
[2022-06-08 12:22:11,464] {processor.py:651} INFO - DAG(s) dict_keys(['tutorial_etl_dag']) retrieved from /home/james/airflowa/lib/python3.8/site-packages/airflow/example_dags/tutorial_etl_dag.py
[2022-06-08 12:22:11,494] {logging_mixin.py:115} INFO - [2022-06-08 12:22:11,494] {dag.py:2379} INFO - Sync 1 DAGs
[2022-06-08 12:22:11,548] {logging_mixin.py:115} INFO - [2022-06-08 12:22:11,548] {dag.py:2927} INFO - Setting next_dagrun for tutorial_etl_dag to None, run_after=None
[2022-06-08 12:22:11,588] {processor.py:161} INFO - Processing /home/james/airflowa/lib/python3.8/site-packages/airflow/example_dags/tutorial_etl_dag.py took 0.194 seconds
[2022-06-08 12:22:49,333] {processor.py:153} INFO - Started process (PID=105050) to work on /home/james/airflowa/lib/python3.8/site-packages/airflow/example_dags/tutorial_etl_dag.py
[2022-06-08 12:22:49,334] {processor.py:641} INFO - Processing file /home/james/airflowa/lib/python3.8/site-packages/airflow/example_dags/tutorial_etl_dag.py for tasks to queue
[2022-06-08 12:22:49,336] {logging_mixin.py:115} INFO - [2022-06-08 12:22:49,336] {dagbag.py:507} INFO - Filling up the DagBag from /home/james/airflowa/lib/python3.8/site-packages/airflow/example_dags/tutorial_etl_dag.py
[2022-06-08 12:22:49,349] {processor.py:651} INFO - DAG(s) dict_keys(['tutorial_etl_dag']) retrieved from /home/james/airflowa/lib/python3.8/site-packages/airflow/example_dags/tutorial_etl_dag.py
[2022-06-08 12:22:49,401] {logging_mixin.py:115} INFO - [2022-06-08 12:22:49,401] {dag.py:2379} INFO - Sync 1 DAGs
[2022-06-08 12:22:49,454] {logging_mixin.py:115} INFO - [2022-06-08 12:22:49,454] {dag.py:2927} INFO - Setting next_dagrun for tutorial_etl_dag to None, run_after=None
[2022-06-08 12:22:49,489] {processor.py:161} INFO - Processing /home/james/airflowa/lib/python3.8/site-packages/airflow/example_dags/tutorial_etl_dag.py took 0.161 seconds
[2022-06-08 12:34:51,865] {processor.py:153} INFO - Started process (PID=111802) to work on /home/james/airflowa/lib/python3.8/site-packages/airflow/example_dags/tutorial_etl_dag.py
[2022-06-08 12:34:51,867] {processor.py:641} INFO - Processing file /home/james/airflowa/lib/python3.8/site-packages/airflow/example_dags/tutorial_etl_dag.py for tasks to queue
[2022-06-08 12:34:51,868] {logging_mixin.py:115} INFO - [2022-06-08 12:34:51,868] {dagbag.py:507} INFO - Filling up the DagBag from /home/james/airflowa/lib/python3.8/site-packages/airflow/example_dags/tutorial_etl_dag.py
[2022-06-08 12:34:51,884] {processor.py:651} INFO - DAG(s) dict_keys(['tutorial_etl_dag']) retrieved from /home/james/airflowa/lib/python3.8/site-packages/airflow/example_dags/tutorial_etl_dag.py
[2022-06-08 12:34:51,924] {logging_mixin.py:115} INFO - [2022-06-08 12:34:51,923] {dag.py:2379} INFO - Sync 1 DAGs
[2022-06-08 12:34:51,960] {logging_mixin.py:115} INFO - [2022-06-08 12:34:51,959] {dag.py:2927} INFO - Setting next_dagrun for tutorial_etl_dag to None, run_after=None
[2022-06-08 12:34:51,986] {processor.py:161} INFO - Processing /home/james/airflowa/lib/python3.8/site-packages/airflow/example_dags/tutorial_etl_dag.py took 0.126 seconds
[2022-06-08 12:38:24,272] {processor.py:153} INFO - Started process (PID=115107) to work on /home/james/airflowa/lib/python3.8/site-packages/airflow/example_dags/tutorial_etl_dag.py
[2022-06-08 12:38:24,295] {processor.py:641} INFO - Processing file /home/james/airflowa/lib/python3.8/site-packages/airflow/example_dags/tutorial_etl_dag.py for tasks to queue
[2022-06-08 12:38:24,296] {logging_mixin.py:115} INFO - [2022-06-08 12:38:24,296] {dagbag.py:507} INFO - Filling up the DagBag from /home/james/airflowa/lib/python3.8/site-packages/airflow/example_dags/tutorial_etl_dag.py
[2022-06-08 12:38:24,477] {processor.py:651} INFO - DAG(s) dict_keys(['tutorial_etl_dag']) retrieved from /home/james/airflowa/lib/python3.8/site-packages/airflow/example_dags/tutorial_etl_dag.py
[2022-06-08 12:38:24,527] {logging_mixin.py:115} INFO - [2022-06-08 12:38:24,527] {dag.py:2379} INFO - Sync 1 DAGs
[2022-06-08 12:38:24,666] {logging_mixin.py:115} INFO - [2022-06-08 12:38:24,665] {dag.py:2927} INFO - Setting next_dagrun for tutorial_etl_dag to None, run_after=None
[2022-06-08 12:38:24,751] {processor.py:161} INFO - Processing /home/james/airflowa/lib/python3.8/site-packages/airflow/example_dags/tutorial_etl_dag.py took 0.501 seconds
[2022-06-08 12:39:24,042] {processor.py:153} INFO - Started process (PID=115629) to work on /home/james/airflowa/lib/python3.8/site-packages/airflow/example_dags/tutorial_etl_dag.py
[2022-06-08 12:39:24,043] {processor.py:641} INFO - Processing file /home/james/airflowa/lib/python3.8/site-packages/airflow/example_dags/tutorial_etl_dag.py for tasks to queue
[2022-06-08 12:39:24,044] {logging_mixin.py:115} INFO - [2022-06-08 12:39:24,044] {dagbag.py:507} INFO - Filling up the DagBag from /home/james/airflowa/lib/python3.8/site-packages/airflow/example_dags/tutorial_etl_dag.py
[2022-06-08 12:39:24,058] {processor.py:651} INFO - DAG(s) dict_keys(['tutorial_etl_dag']) retrieved from /home/james/airflowa/lib/python3.8/site-packages/airflow/example_dags/tutorial_etl_dag.py
[2022-06-08 12:39:24,090] {logging_mixin.py:115} INFO - [2022-06-08 12:39:24,090] {dag.py:2379} INFO - Sync 1 DAGs
[2022-06-08 12:39:24,126] {logging_mixin.py:115} INFO - [2022-06-08 12:39:24,126] {dag.py:2927} INFO - Setting next_dagrun for tutorial_etl_dag to None, run_after=None
[2022-06-08 12:39:24,151] {processor.py:161} INFO - Processing /home/james/airflowa/lib/python3.8/site-packages/airflow/example_dags/tutorial_etl_dag.py took 0.114 seconds
[2022-06-08 12:40:15,480] {processor.py:153} INFO - Started process (PID=116392) to work on /home/james/airflowa/lib/python3.8/site-packages/airflow/example_dags/tutorial_etl_dag.py
[2022-06-08 12:40:15,480] {processor.py:641} INFO - Processing file /home/james/airflowa/lib/python3.8/site-packages/airflow/example_dags/tutorial_etl_dag.py for tasks to queue
[2022-06-08 12:40:15,481] {logging_mixin.py:115} INFO - [2022-06-08 12:40:15,481] {dagbag.py:507} INFO - Filling up the DagBag from /home/james/airflowa/lib/python3.8/site-packages/airflow/example_dags/tutorial_etl_dag.py
[2022-06-08 12:40:15,488] {processor.py:651} INFO - DAG(s) dict_keys(['tutorial_etl_dag']) retrieved from /home/james/airflowa/lib/python3.8/site-packages/airflow/example_dags/tutorial_etl_dag.py
[2022-06-08 12:40:15,506] {logging_mixin.py:115} INFO - [2022-06-08 12:40:15,506] {dag.py:2379} INFO - Sync 1 DAGs
[2022-06-08 12:40:15,518] {logging_mixin.py:115} INFO - [2022-06-08 12:40:15,518] {dag.py:2927} INFO - Setting next_dagrun for tutorial_etl_dag to None, run_after=None
[2022-06-08 12:40:15,529] {processor.py:161} INFO - Processing /home/james/airflowa/lib/python3.8/site-packages/airflow/example_dags/tutorial_etl_dag.py took 0.052 seconds
[2022-06-08 12:41:21,889] {processor.py:153} INFO - Started process (PID=116809) to work on /home/james/airflowa/lib/python3.8/site-packages/airflow/example_dags/tutorial_etl_dag.py
[2022-06-08 12:41:21,890] {processor.py:641} INFO - Processing file /home/james/airflowa/lib/python3.8/site-packages/airflow/example_dags/tutorial_etl_dag.py for tasks to queue
[2022-06-08 12:41:21,891] {logging_mixin.py:115} INFO - [2022-06-08 12:41:21,890] {dagbag.py:507} INFO - Filling up the DagBag from /home/james/airflowa/lib/python3.8/site-packages/airflow/example_dags/tutorial_etl_dag.py
[2022-06-08 12:41:21,904] {processor.py:651} INFO - DAG(s) dict_keys(['tutorial_etl_dag']) retrieved from /home/james/airflowa/lib/python3.8/site-packages/airflow/example_dags/tutorial_etl_dag.py
[2022-06-08 12:41:21,940] {logging_mixin.py:115} INFO - [2022-06-08 12:41:21,940] {dag.py:2379} INFO - Sync 1 DAGs
[2022-06-08 12:41:21,972] {logging_mixin.py:115} INFO - [2022-06-08 12:41:21,971] {dag.py:2927} INFO - Setting next_dagrun for tutorial_etl_dag to None, run_after=None
[2022-06-08 12:41:21,991] {processor.py:161} INFO - Processing /home/james/airflowa/lib/python3.8/site-packages/airflow/example_dags/tutorial_etl_dag.py took 0.106 seconds
[2022-06-08 12:44:23,664] {processor.py:153} INFO - Started process (PID=117818) to work on /home/james/airflowa/lib/python3.8/site-packages/airflow/example_dags/tutorial_etl_dag.py
[2022-06-08 12:44:23,665] {processor.py:641} INFO - Processing file /home/james/airflowa/lib/python3.8/site-packages/airflow/example_dags/tutorial_etl_dag.py for tasks to queue
[2022-06-08 12:44:23,666] {logging_mixin.py:115} INFO - [2022-06-08 12:44:23,666] {dagbag.py:507} INFO - Filling up the DagBag from /home/james/airflowa/lib/python3.8/site-packages/airflow/example_dags/tutorial_etl_dag.py
[2022-06-08 12:44:23,677] {processor.py:651} INFO - DAG(s) dict_keys(['tutorial_etl_dag']) retrieved from /home/james/airflowa/lib/python3.8/site-packages/airflow/example_dags/tutorial_etl_dag.py
[2022-06-08 12:44:23,708] {logging_mixin.py:115} INFO - [2022-06-08 12:44:23,708] {dag.py:2379} INFO - Sync 1 DAGs
[2022-06-08 12:44:23,736] {logging_mixin.py:115} INFO - [2022-06-08 12:44:23,735] {dag.py:2927} INFO - Setting next_dagrun for tutorial_etl_dag to None, run_after=None
[2022-06-08 12:44:23,752] {processor.py:161} INFO - Processing /home/james/airflowa/lib/python3.8/site-packages/airflow/example_dags/tutorial_etl_dag.py took 0.092 seconds
[2022-06-08 12:45:17,606] {processor.py:153} INFO - Started process (PID=118157) to work on /home/james/airflowa/lib/python3.8/site-packages/airflow/example_dags/tutorial_etl_dag.py
[2022-06-08 12:45:17,607] {processor.py:641} INFO - Processing file /home/james/airflowa/lib/python3.8/site-packages/airflow/example_dags/tutorial_etl_dag.py for tasks to queue
[2022-06-08 12:45:17,607] {logging_mixin.py:115} INFO - [2022-06-08 12:45:17,607] {dagbag.py:507} INFO - Filling up the DagBag from /home/james/airflowa/lib/python3.8/site-packages/airflow/example_dags/tutorial_etl_dag.py
[2022-06-08 12:45:17,616] {processor.py:651} INFO - DAG(s) dict_keys(['tutorial_etl_dag']) retrieved from /home/james/airflowa/lib/python3.8/site-packages/airflow/example_dags/tutorial_etl_dag.py
[2022-06-08 12:45:17,638] {logging_mixin.py:115} INFO - [2022-06-08 12:45:17,638] {dag.py:2379} INFO - Sync 1 DAGs
[2022-06-08 12:45:17,658] {logging_mixin.py:115} INFO - [2022-06-08 12:45:17,658] {dag.py:2927} INFO - Setting next_dagrun for tutorial_etl_dag to None, run_after=None
[2022-06-08 12:45:17,674] {processor.py:161} INFO - Processing /home/james/airflowa/lib/python3.8/site-packages/airflow/example_dags/tutorial_etl_dag.py took 0.072 seconds
[2022-06-08 12:45:56,965] {processor.py:153} INFO - Started process (PID=118409) to work on /home/james/airflowa/lib/python3.8/site-packages/airflow/example_dags/tutorial_etl_dag.py
[2022-06-08 12:45:56,966] {processor.py:641} INFO - Processing file /home/james/airflowa/lib/python3.8/site-packages/airflow/example_dags/tutorial_etl_dag.py for tasks to queue
[2022-06-08 12:45:56,966] {logging_mixin.py:115} INFO - [2022-06-08 12:45:56,966] {dagbag.py:507} INFO - Filling up the DagBag from /home/james/airflowa/lib/python3.8/site-packages/airflow/example_dags/tutorial_etl_dag.py
[2022-06-08 12:45:56,972] {processor.py:651} INFO - DAG(s) dict_keys(['tutorial_etl_dag']) retrieved from /home/james/airflowa/lib/python3.8/site-packages/airflow/example_dags/tutorial_etl_dag.py
[2022-06-08 12:45:56,990] {logging_mixin.py:115} INFO - [2022-06-08 12:45:56,990] {dag.py:2379} INFO - Sync 1 DAGs
[2022-06-08 12:45:57,004] {logging_mixin.py:115} INFO - [2022-06-08 12:45:57,004] {dag.py:2927} INFO - Setting next_dagrun for tutorial_etl_dag to None, run_after=None
[2022-06-08 12:45:57,017] {processor.py:161} INFO - Processing /home/james/airflowa/lib/python3.8/site-packages/airflow/example_dags/tutorial_etl_dag.py took 0.055 seconds
[2022-06-08 12:46:51,974] {processor.py:153} INFO - Started process (PID=118657) to work on /home/james/airflowa/lib/python3.8/site-packages/airflow/example_dags/tutorial_etl_dag.py
[2022-06-08 12:46:51,975] {processor.py:641} INFO - Processing file /home/james/airflowa/lib/python3.8/site-packages/airflow/example_dags/tutorial_etl_dag.py for tasks to queue
[2022-06-08 12:46:51,975] {logging_mixin.py:115} INFO - [2022-06-08 12:46:51,975] {dagbag.py:507} INFO - Filling up the DagBag from /home/james/airflowa/lib/python3.8/site-packages/airflow/example_dags/tutorial_etl_dag.py
[2022-06-08 12:46:51,982] {processor.py:651} INFO - DAG(s) dict_keys(['tutorial_etl_dag']) retrieved from /home/james/airflowa/lib/python3.8/site-packages/airflow/example_dags/tutorial_etl_dag.py
[2022-06-08 12:46:52,001] {logging_mixin.py:115} INFO - [2022-06-08 12:46:52,001] {dag.py:2379} INFO - Sync 1 DAGs
[2022-06-08 12:46:52,015] {logging_mixin.py:115} INFO - [2022-06-08 12:46:52,015] {dag.py:2927} INFO - Setting next_dagrun for tutorial_etl_dag to None, run_after=None
[2022-06-08 12:46:52,027] {processor.py:161} INFO - Processing /home/james/airflowa/lib/python3.8/site-packages/airflow/example_dags/tutorial_etl_dag.py took 0.055 seconds
[2022-06-08 12:47:27,554] {processor.py:153} INFO - Started process (PID=119403) to work on /home/james/airflowa/lib/python3.8/site-packages/airflow/example_dags/tutorial_etl_dag.py
[2022-06-08 12:47:27,555] {processor.py:641} INFO - Processing file /home/james/airflowa/lib/python3.8/site-packages/airflow/example_dags/tutorial_etl_dag.py for tasks to queue
[2022-06-08 12:47:27,556] {logging_mixin.py:115} INFO - [2022-06-08 12:47:27,555] {dagbag.py:507} INFO - Filling up the DagBag from /home/james/airflowa/lib/python3.8/site-packages/airflow/example_dags/tutorial_etl_dag.py
[2022-06-08 12:47:27,566] {processor.py:651} INFO - DAG(s) dict_keys(['tutorial_etl_dag']) retrieved from /home/james/airflowa/lib/python3.8/site-packages/airflow/example_dags/tutorial_etl_dag.py
[2022-06-08 12:47:27,596] {logging_mixin.py:115} INFO - [2022-06-08 12:47:27,596] {dag.py:2379} INFO - Sync 1 DAGs
[2022-06-08 12:47:27,617] {logging_mixin.py:115} INFO - [2022-06-08 12:47:27,616] {dag.py:2927} INFO - Setting next_dagrun for tutorial_etl_dag to None, run_after=None
[2022-06-08 12:47:27,631] {processor.py:161} INFO - Processing /home/james/airflowa/lib/python3.8/site-packages/airflow/example_dags/tutorial_etl_dag.py took 0.081 seconds
[2022-06-08 12:48:12,351] {processor.py:153} INFO - Started process (PID=119588) to work on /home/james/airflowa/lib/python3.8/site-packages/airflow/example_dags/tutorial_etl_dag.py
[2022-06-08 12:48:12,352] {processor.py:641} INFO - Processing file /home/james/airflowa/lib/python3.8/site-packages/airflow/example_dags/tutorial_etl_dag.py for tasks to queue
[2022-06-08 12:48:12,352] {logging_mixin.py:115} INFO - [2022-06-08 12:48:12,352] {dagbag.py:507} INFO - Filling up the DagBag from /home/james/airflowa/lib/python3.8/site-packages/airflow/example_dags/tutorial_etl_dag.py
[2022-06-08 12:48:12,358] {processor.py:651} INFO - DAG(s) dict_keys(['tutorial_etl_dag']) retrieved from /home/james/airflowa/lib/python3.8/site-packages/airflow/example_dags/tutorial_etl_dag.py
[2022-06-08 12:48:12,370] {logging_mixin.py:115} INFO - [2022-06-08 12:48:12,370] {dag.py:2379} INFO - Sync 1 DAGs
[2022-06-08 12:48:12,384] {logging_mixin.py:115} INFO - [2022-06-08 12:48:12,384] {dag.py:2927} INFO - Setting next_dagrun for tutorial_etl_dag to None, run_after=None
[2022-06-08 12:48:12,397] {processor.py:161} INFO - Processing /home/james/airflowa/lib/python3.8/site-packages/airflow/example_dags/tutorial_etl_dag.py took 0.048 seconds
[2022-06-08 12:48:55,086] {processor.py:153} INFO - Started process (PID=119994) to work on /home/james/airflowa/lib/python3.8/site-packages/airflow/example_dags/tutorial_etl_dag.py
[2022-06-08 12:48:55,087] {processor.py:641} INFO - Processing file /home/james/airflowa/lib/python3.8/site-packages/airflow/example_dags/tutorial_etl_dag.py for tasks to queue
[2022-06-08 12:48:55,088] {logging_mixin.py:115} INFO - [2022-06-08 12:48:55,088] {dagbag.py:507} INFO - Filling up the DagBag from /home/james/airflowa/lib/python3.8/site-packages/airflow/example_dags/tutorial_etl_dag.py
[2022-06-08 12:48:55,100] {processor.py:651} INFO - DAG(s) dict_keys(['tutorial_etl_dag']) retrieved from /home/james/airflowa/lib/python3.8/site-packages/airflow/example_dags/tutorial_etl_dag.py
[2022-06-08 12:48:55,125] {logging_mixin.py:115} INFO - [2022-06-08 12:48:55,125] {dag.py:2379} INFO - Sync 1 DAGs
[2022-06-08 12:48:55,152] {logging_mixin.py:115} INFO - [2022-06-08 12:48:55,152] {dag.py:2927} INFO - Setting next_dagrun for tutorial_etl_dag to None, run_after=None
[2022-06-08 12:48:55,168] {processor.py:161} INFO - Processing /home/james/airflowa/lib/python3.8/site-packages/airflow/example_dags/tutorial_etl_dag.py took 0.087 seconds
[2022-06-08 12:50:12,894] {processor.py:153} INFO - Started process (PID=120831) to work on /home/james/airflowa/lib/python3.8/site-packages/airflow/example_dags/tutorial_etl_dag.py
[2022-06-08 12:50:12,896] {processor.py:641} INFO - Processing file /home/james/airflowa/lib/python3.8/site-packages/airflow/example_dags/tutorial_etl_dag.py for tasks to queue
[2022-06-08 12:50:12,897] {logging_mixin.py:115} INFO - [2022-06-08 12:50:12,897] {dagbag.py:507} INFO - Filling up the DagBag from /home/james/airflowa/lib/python3.8/site-packages/airflow/example_dags/tutorial_etl_dag.py
[2022-06-08 12:50:12,917] {processor.py:651} INFO - DAG(s) dict_keys(['tutorial_etl_dag']) retrieved from /home/james/airflowa/lib/python3.8/site-packages/airflow/example_dags/tutorial_etl_dag.py
[2022-06-08 12:50:12,950] {logging_mixin.py:115} INFO - [2022-06-08 12:50:12,950] {dag.py:2379} INFO - Sync 1 DAGs
[2022-06-08 12:50:12,998] {logging_mixin.py:115} INFO - [2022-06-08 12:50:12,998] {dag.py:2927} INFO - Setting next_dagrun for tutorial_etl_dag to None, run_after=None
[2022-06-08 12:50:13,029] {processor.py:161} INFO - Processing /home/james/airflowa/lib/python3.8/site-packages/airflow/example_dags/tutorial_etl_dag.py took 0.141 seconds
[2022-06-08 12:51:41,564] {processor.py:153} INFO - Started process (PID=121148) to work on /home/james/airflowa/lib/python3.8/site-packages/airflow/example_dags/tutorial_etl_dag.py
[2022-06-08 12:51:41,565] {processor.py:641} INFO - Processing file /home/james/airflowa/lib/python3.8/site-packages/airflow/example_dags/tutorial_etl_dag.py for tasks to queue
[2022-06-08 12:51:41,566] {logging_mixin.py:115} INFO - [2022-06-08 12:51:41,566] {dagbag.py:507} INFO - Filling up the DagBag from /home/james/airflowa/lib/python3.8/site-packages/airflow/example_dags/tutorial_etl_dag.py
[2022-06-08 12:51:41,581] {processor.py:651} INFO - DAG(s) dict_keys(['tutorial_etl_dag']) retrieved from /home/james/airflowa/lib/python3.8/site-packages/airflow/example_dags/tutorial_etl_dag.py
[2022-06-08 12:51:41,613] {logging_mixin.py:115} INFO - [2022-06-08 12:51:41,613] {dag.py:2379} INFO - Sync 1 DAGs
[2022-06-08 12:51:41,654] {logging_mixin.py:115} INFO - [2022-06-08 12:51:41,654] {dag.py:2927} INFO - Setting next_dagrun for tutorial_etl_dag to None, run_after=None
[2022-06-08 12:51:41,680] {processor.py:161} INFO - Processing /home/james/airflowa/lib/python3.8/site-packages/airflow/example_dags/tutorial_etl_dag.py took 0.122 seconds
[2022-06-08 12:52:58,653] {processor.py:153} INFO - Started process (PID=121685) to work on /home/james/airflowa/lib/python3.8/site-packages/airflow/example_dags/tutorial_etl_dag.py
[2022-06-08 12:52:58,655] {processor.py:641} INFO - Processing file /home/james/airflowa/lib/python3.8/site-packages/airflow/example_dags/tutorial_etl_dag.py for tasks to queue
[2022-06-08 12:52:58,656] {logging_mixin.py:115} INFO - [2022-06-08 12:52:58,656] {dagbag.py:507} INFO - Filling up the DagBag from /home/james/airflowa/lib/python3.8/site-packages/airflow/example_dags/tutorial_etl_dag.py
[2022-06-08 12:52:58,673] {processor.py:651} INFO - DAG(s) dict_keys(['tutorial_etl_dag']) retrieved from /home/james/airflowa/lib/python3.8/site-packages/airflow/example_dags/tutorial_etl_dag.py
[2022-06-08 12:52:58,712] {logging_mixin.py:115} INFO - [2022-06-08 12:52:58,712] {dag.py:2379} INFO - Sync 1 DAGs
[2022-06-08 12:52:58,756] {logging_mixin.py:115} INFO - [2022-06-08 12:52:58,756] {dag.py:2927} INFO - Setting next_dagrun for tutorial_etl_dag to None, run_after=None
[2022-06-08 12:52:58,784] {processor.py:161} INFO - Processing /home/james/airflowa/lib/python3.8/site-packages/airflow/example_dags/tutorial_etl_dag.py took 0.138 seconds
[2022-06-08 12:53:40,256] {processor.py:153} INFO - Started process (PID=121929) to work on /home/james/airflowa/lib/python3.8/site-packages/airflow/example_dags/tutorial_etl_dag.py
[2022-06-08 12:53:40,257] {processor.py:641} INFO - Processing file /home/james/airflowa/lib/python3.8/site-packages/airflow/example_dags/tutorial_etl_dag.py for tasks to queue
[2022-06-08 12:53:40,258] {logging_mixin.py:115} INFO - [2022-06-08 12:53:40,258] {dagbag.py:507} INFO - Filling up the DagBag from /home/james/airflowa/lib/python3.8/site-packages/airflow/example_dags/tutorial_etl_dag.py
[2022-06-08 12:53:40,273] {processor.py:651} INFO - DAG(s) dict_keys(['tutorial_etl_dag']) retrieved from /home/james/airflowa/lib/python3.8/site-packages/airflow/example_dags/tutorial_etl_dag.py
[2022-06-08 12:53:40,305] {logging_mixin.py:115} INFO - [2022-06-08 12:53:40,305] {dag.py:2379} INFO - Sync 1 DAGs
[2022-06-08 12:53:40,353] {logging_mixin.py:115} INFO - [2022-06-08 12:53:40,353] {dag.py:2927} INFO - Setting next_dagrun for tutorial_etl_dag to None, run_after=None
[2022-06-08 12:53:40,385] {processor.py:161} INFO - Processing /home/james/airflowa/lib/python3.8/site-packages/airflow/example_dags/tutorial_etl_dag.py took 0.135 seconds
[2022-06-08 12:54:47,056] {processor.py:153} INFO - Started process (PID=122466) to work on /home/james/airflowa/lib/python3.8/site-packages/airflow/example_dags/tutorial_etl_dag.py
[2022-06-08 12:54:47,059] {processor.py:641} INFO - Processing file /home/james/airflowa/lib/python3.8/site-packages/airflow/example_dags/tutorial_etl_dag.py for tasks to queue
[2022-06-08 12:54:47,061] {logging_mixin.py:115} INFO - [2022-06-08 12:54:47,061] {dagbag.py:507} INFO - Filling up the DagBag from /home/james/airflowa/lib/python3.8/site-packages/airflow/example_dags/tutorial_etl_dag.py
[2022-06-08 12:54:47,132] {processor.py:651} INFO - DAG(s) dict_keys(['tutorial_etl_dag']) retrieved from /home/james/airflowa/lib/python3.8/site-packages/airflow/example_dags/tutorial_etl_dag.py
[2022-06-08 12:54:47,223] {logging_mixin.py:115} INFO - [2022-06-08 12:54:47,223] {dag.py:2379} INFO - Sync 1 DAGs
[2022-06-08 12:54:47,339] {logging_mixin.py:115} INFO - [2022-06-08 12:54:47,339] {dag.py:2927} INFO - Setting next_dagrun for tutorial_etl_dag to None, run_after=None
[2022-06-08 12:54:47,388] {processor.py:161} INFO - Processing /home/james/airflowa/lib/python3.8/site-packages/airflow/example_dags/tutorial_etl_dag.py took 0.340 seconds
[2022-06-08 12:55:29,819] {processor.py:153} INFO - Started process (PID=122735) to work on /home/james/airflowa/lib/python3.8/site-packages/airflow/example_dags/tutorial_etl_dag.py
[2022-06-08 12:55:29,820] {processor.py:641} INFO - Processing file /home/james/airflowa/lib/python3.8/site-packages/airflow/example_dags/tutorial_etl_dag.py for tasks to queue
[2022-06-08 12:55:29,821] {logging_mixin.py:115} INFO - [2022-06-08 12:55:29,821] {dagbag.py:507} INFO - Filling up the DagBag from /home/james/airflowa/lib/python3.8/site-packages/airflow/example_dags/tutorial_etl_dag.py
[2022-06-08 12:55:29,835] {processor.py:651} INFO - DAG(s) dict_keys(['tutorial_etl_dag']) retrieved from /home/james/airflowa/lib/python3.8/site-packages/airflow/example_dags/tutorial_etl_dag.py
[2022-06-08 12:55:29,870] {logging_mixin.py:115} INFO - [2022-06-08 12:55:29,870] {dag.py:2379} INFO - Sync 1 DAGs
[2022-06-08 12:55:29,906] {logging_mixin.py:115} INFO - [2022-06-08 12:55:29,906] {dag.py:2927} INFO - Setting next_dagrun for tutorial_etl_dag to None, run_after=None
[2022-06-08 12:55:29,946] {processor.py:161} INFO - Processing /home/james/airflowa/lib/python3.8/site-packages/airflow/example_dags/tutorial_etl_dag.py took 0.132 seconds
[2022-06-08 12:56:41,872] {processor.py:153} INFO - Started process (PID=123078) to work on /home/james/airflowa/lib/python3.8/site-packages/airflow/example_dags/tutorial_etl_dag.py
[2022-06-08 12:56:41,873] {processor.py:641} INFO - Processing file /home/james/airflowa/lib/python3.8/site-packages/airflow/example_dags/tutorial_etl_dag.py for tasks to queue
[2022-06-08 12:56:41,874] {logging_mixin.py:115} INFO - [2022-06-08 12:56:41,874] {dagbag.py:507} INFO - Filling up the DagBag from /home/james/airflowa/lib/python3.8/site-packages/airflow/example_dags/tutorial_etl_dag.py
[2022-06-08 12:56:41,883] {processor.py:651} INFO - DAG(s) dict_keys(['tutorial_etl_dag']) retrieved from /home/james/airflowa/lib/python3.8/site-packages/airflow/example_dags/tutorial_etl_dag.py
[2022-06-08 12:56:41,903] {logging_mixin.py:115} INFO - [2022-06-08 12:56:41,903] {dag.py:2379} INFO - Sync 1 DAGs
[2022-06-08 12:56:41,926] {logging_mixin.py:115} INFO - [2022-06-08 12:56:41,926] {dag.py:2927} INFO - Setting next_dagrun for tutorial_etl_dag to None, run_after=None
[2022-06-08 12:56:41,941] {processor.py:161} INFO - Processing /home/james/airflowa/lib/python3.8/site-packages/airflow/example_dags/tutorial_etl_dag.py took 0.071 seconds
[2022-06-08 12:58:03,152] {processor.py:153} INFO - Started process (PID=123500) to work on /home/james/airflowa/lib/python3.8/site-packages/airflow/example_dags/tutorial_etl_dag.py
[2022-06-08 12:58:03,153] {processor.py:641} INFO - Processing file /home/james/airflowa/lib/python3.8/site-packages/airflow/example_dags/tutorial_etl_dag.py for tasks to queue
[2022-06-08 12:58:03,154] {logging_mixin.py:115} INFO - [2022-06-08 12:58:03,154] {dagbag.py:507} INFO - Filling up the DagBag from /home/james/airflowa/lib/python3.8/site-packages/airflow/example_dags/tutorial_etl_dag.py
[2022-06-08 12:58:03,163] {processor.py:651} INFO - DAG(s) dict_keys(['tutorial_etl_dag']) retrieved from /home/james/airflowa/lib/python3.8/site-packages/airflow/example_dags/tutorial_etl_dag.py
[2022-06-08 12:58:03,183] {logging_mixin.py:115} INFO - [2022-06-08 12:58:03,183] {dag.py:2379} INFO - Sync 1 DAGs
[2022-06-08 12:58:03,206] {logging_mixin.py:115} INFO - [2022-06-08 12:58:03,206] {dag.py:2927} INFO - Setting next_dagrun for tutorial_etl_dag to None, run_after=None
[2022-06-08 12:58:03,222] {processor.py:161} INFO - Processing /home/james/airflowa/lib/python3.8/site-packages/airflow/example_dags/tutorial_etl_dag.py took 0.074 seconds
[2022-06-08 12:58:47,356] {processor.py:153} INFO - Started process (PID=123813) to work on /home/james/airflowa/lib/python3.8/site-packages/airflow/example_dags/tutorial_etl_dag.py
[2022-06-08 12:58:47,357] {processor.py:641} INFO - Processing file /home/james/airflowa/lib/python3.8/site-packages/airflow/example_dags/tutorial_etl_dag.py for tasks to queue
[2022-06-08 12:58:47,357] {logging_mixin.py:115} INFO - [2022-06-08 12:58:47,357] {dagbag.py:507} INFO - Filling up the DagBag from /home/james/airflowa/lib/python3.8/site-packages/airflow/example_dags/tutorial_etl_dag.py
[2022-06-08 12:58:47,363] {processor.py:651} INFO - DAG(s) dict_keys(['tutorial_etl_dag']) retrieved from /home/james/airflowa/lib/python3.8/site-packages/airflow/example_dags/tutorial_etl_dag.py
[2022-06-08 12:58:47,376] {logging_mixin.py:115} INFO - [2022-06-08 12:58:47,376] {dag.py:2379} INFO - Sync 1 DAGs
[2022-06-08 12:58:47,391] {logging_mixin.py:115} INFO - [2022-06-08 12:58:47,391] {dag.py:2927} INFO - Setting next_dagrun for tutorial_etl_dag to None, run_after=None
[2022-06-08 12:58:47,403] {processor.py:161} INFO - Processing /home/james/airflowa/lib/python3.8/site-packages/airflow/example_dags/tutorial_etl_dag.py took 0.049 seconds
[2022-06-08 12:59:20,539] {processor.py:153} INFO - Started process (PID=124028) to work on /home/james/airflowa/lib/python3.8/site-packages/airflow/example_dags/tutorial_etl_dag.py
[2022-06-08 12:59:20,540] {processor.py:641} INFO - Processing file /home/james/airflowa/lib/python3.8/site-packages/airflow/example_dags/tutorial_etl_dag.py for tasks to queue
[2022-06-08 12:59:20,540] {logging_mixin.py:115} INFO - [2022-06-08 12:59:20,540] {dagbag.py:507} INFO - Filling up the DagBag from /home/james/airflowa/lib/python3.8/site-packages/airflow/example_dags/tutorial_etl_dag.py
[2022-06-08 12:59:20,548] {processor.py:651} INFO - DAG(s) dict_keys(['tutorial_etl_dag']) retrieved from /home/james/airflowa/lib/python3.8/site-packages/airflow/example_dags/tutorial_etl_dag.py
[2022-06-08 12:59:20,565] {logging_mixin.py:115} INFO - [2022-06-08 12:59:20,564] {dag.py:2379} INFO - Sync 1 DAGs
[2022-06-08 12:59:20,586] {logging_mixin.py:115} INFO - [2022-06-08 12:59:20,586] {dag.py:2927} INFO - Setting next_dagrun for tutorial_etl_dag to None, run_after=None
[2022-06-08 12:59:21,303] {processor.py:161} INFO - Processing /home/james/airflowa/lib/python3.8/site-packages/airflow/example_dags/tutorial_etl_dag.py took 0.767 seconds
[2022-06-08 12:59:59,534] {processor.py:153} INFO - Started process (PID=124273) to work on /home/james/airflowa/lib/python3.8/site-packages/airflow/example_dags/tutorial_etl_dag.py
[2022-06-08 12:59:59,550] {processor.py:641} INFO - Processing file /home/james/airflowa/lib/python3.8/site-packages/airflow/example_dags/tutorial_etl_dag.py for tasks to queue
[2022-06-08 12:59:59,550] {logging_mixin.py:115} INFO - [2022-06-08 12:59:59,550] {dagbag.py:507} INFO - Filling up the DagBag from /home/james/airflowa/lib/python3.8/site-packages/airflow/example_dags/tutorial_etl_dag.py
[2022-06-08 12:59:59,558] {processor.py:651} INFO - DAG(s) dict_keys(['tutorial_etl_dag']) retrieved from /home/james/airflowa/lib/python3.8/site-packages/airflow/example_dags/tutorial_etl_dag.py
[2022-06-08 12:59:59,573] {logging_mixin.py:115} INFO - [2022-06-08 12:59:59,573] {dag.py:2379} INFO - Sync 1 DAGs
[2022-06-08 12:59:59,588] {logging_mixin.py:115} INFO - [2022-06-08 12:59:59,588] {dag.py:2927} INFO - Setting next_dagrun for tutorial_etl_dag to None, run_after=None
[2022-06-08 12:59:59,599] {processor.py:161} INFO - Processing /home/james/airflowa/lib/python3.8/site-packages/airflow/example_dags/tutorial_etl_dag.py took 0.068 seconds
[2022-06-08 13:00:43,528] {processor.py:153} INFO - Started process (PID=124981) to work on /home/james/airflowa/lib/python3.8/site-packages/airflow/example_dags/tutorial_etl_dag.py
[2022-06-08 13:00:43,528] {processor.py:641} INFO - Processing file /home/james/airflowa/lib/python3.8/site-packages/airflow/example_dags/tutorial_etl_dag.py for tasks to queue
[2022-06-08 13:00:43,529] {logging_mixin.py:115} INFO - [2022-06-08 13:00:43,529] {dagbag.py:507} INFO - Filling up the DagBag from /home/james/airflowa/lib/python3.8/site-packages/airflow/example_dags/tutorial_etl_dag.py
[2022-06-08 13:00:43,534] {processor.py:651} INFO - DAG(s) dict_keys(['tutorial_etl_dag']) retrieved from /home/james/airflowa/lib/python3.8/site-packages/airflow/example_dags/tutorial_etl_dag.py
[2022-06-08 13:00:43,547] {logging_mixin.py:115} INFO - [2022-06-08 13:00:43,547] {dag.py:2379} INFO - Sync 1 DAGs
[2022-06-08 13:00:43,561] {logging_mixin.py:115} INFO - [2022-06-08 13:00:43,561] {dag.py:2927} INFO - Setting next_dagrun for tutorial_etl_dag to None, run_after=None
[2022-06-08 13:00:43,572] {processor.py:161} INFO - Processing /home/james/airflowa/lib/python3.8/site-packages/airflow/example_dags/tutorial_etl_dag.py took 0.046 seconds
[2022-06-08 13:01:24,780] {processor.py:153} INFO - Started process (PID=125209) to work on /home/james/airflowa/lib/python3.8/site-packages/airflow/example_dags/tutorial_etl_dag.py
[2022-06-08 13:01:24,781] {processor.py:641} INFO - Processing file /home/james/airflowa/lib/python3.8/site-packages/airflow/example_dags/tutorial_etl_dag.py for tasks to queue
[2022-06-08 13:01:24,781] {logging_mixin.py:115} INFO - [2022-06-08 13:01:24,781] {dagbag.py:507} INFO - Filling up the DagBag from /home/james/airflowa/lib/python3.8/site-packages/airflow/example_dags/tutorial_etl_dag.py
[2022-06-08 13:01:24,787] {processor.py:651} INFO - DAG(s) dict_keys(['tutorial_etl_dag']) retrieved from /home/james/airflowa/lib/python3.8/site-packages/airflow/example_dags/tutorial_etl_dag.py
[2022-06-08 13:01:24,800] {logging_mixin.py:115} INFO - [2022-06-08 13:01:24,800] {dag.py:2379} INFO - Sync 1 DAGs
[2022-06-08 13:01:24,814] {logging_mixin.py:115} INFO - [2022-06-08 13:01:24,814] {dag.py:2927} INFO - Setting next_dagrun for tutorial_etl_dag to None, run_after=None
[2022-06-08 13:01:24,829] {processor.py:161} INFO - Processing /home/james/airflowa/lib/python3.8/site-packages/airflow/example_dags/tutorial_etl_dag.py took 0.052 seconds
[2022-06-08 13:02:28,890] {processor.py:153} INFO - Started process (PID=125558) to work on /home/james/airflowa/lib/python3.8/site-packages/airflow/example_dags/tutorial_etl_dag.py
[2022-06-08 13:02:28,890] {processor.py:641} INFO - Processing file /home/james/airflowa/lib/python3.8/site-packages/airflow/example_dags/tutorial_etl_dag.py for tasks to queue
[2022-06-08 13:02:28,891] {logging_mixin.py:115} INFO - [2022-06-08 13:02:28,891] {dagbag.py:507} INFO - Filling up the DagBag from /home/james/airflowa/lib/python3.8/site-packages/airflow/example_dags/tutorial_etl_dag.py
[2022-06-08 13:02:28,897] {processor.py:651} INFO - DAG(s) dict_keys(['tutorial_etl_dag']) retrieved from /home/james/airflowa/lib/python3.8/site-packages/airflow/example_dags/tutorial_etl_dag.py
[2022-06-08 13:02:28,909] {logging_mixin.py:115} INFO - [2022-06-08 13:02:28,909] {dag.py:2379} INFO - Sync 1 DAGs
[2022-06-08 13:02:28,923] {logging_mixin.py:115} INFO - [2022-06-08 13:02:28,923] {dag.py:2927} INFO - Setting next_dagrun for tutorial_etl_dag to None, run_after=None
[2022-06-08 13:02:28,934] {processor.py:161} INFO - Processing /home/james/airflowa/lib/python3.8/site-packages/airflow/example_dags/tutorial_etl_dag.py took 0.046 seconds
[2022-06-08 13:03:21,080] {processor.py:153} INFO - Started process (PID=125823) to work on /home/james/airflowa/lib/python3.8/site-packages/airflow/example_dags/tutorial_etl_dag.py
[2022-06-08 13:03:21,081] {processor.py:641} INFO - Processing file /home/james/airflowa/lib/python3.8/site-packages/airflow/example_dags/tutorial_etl_dag.py for tasks to queue
[2022-06-08 13:03:21,082] {logging_mixin.py:115} INFO - [2022-06-08 13:03:21,081] {dagbag.py:507} INFO - Filling up the DagBag from /home/james/airflowa/lib/python3.8/site-packages/airflow/example_dags/tutorial_etl_dag.py
[2022-06-08 13:03:21,087] {processor.py:651} INFO - DAG(s) dict_keys(['tutorial_etl_dag']) retrieved from /home/james/airflowa/lib/python3.8/site-packages/airflow/example_dags/tutorial_etl_dag.py
[2022-06-08 13:03:21,099] {logging_mixin.py:115} INFO - [2022-06-08 13:03:21,099] {dag.py:2379} INFO - Sync 1 DAGs
[2022-06-08 13:03:21,114] {logging_mixin.py:115} INFO - [2022-06-08 13:03:21,114] {dag.py:2927} INFO - Setting next_dagrun for tutorial_etl_dag to None, run_after=None
[2022-06-08 13:03:21,125] {processor.py:161} INFO - Processing /home/james/airflowa/lib/python3.8/site-packages/airflow/example_dags/tutorial_etl_dag.py took 0.047 seconds
[2022-06-08 13:04:09,532] {processor.py:153} INFO - Started process (PID=126297) to work on /home/james/airflowa/lib/python3.8/site-packages/airflow/example_dags/tutorial_etl_dag.py
[2022-06-08 13:04:09,533] {processor.py:641} INFO - Processing file /home/james/airflowa/lib/python3.8/site-packages/airflow/example_dags/tutorial_etl_dag.py for tasks to queue
[2022-06-08 13:04:09,533] {logging_mixin.py:115} INFO - [2022-06-08 13:04:09,533] {dagbag.py:507} INFO - Filling up the DagBag from /home/james/airflowa/lib/python3.8/site-packages/airflow/example_dags/tutorial_etl_dag.py
[2022-06-08 13:04:09,539] {processor.py:651} INFO - DAG(s) dict_keys(['tutorial_etl_dag']) retrieved from /home/james/airflowa/lib/python3.8/site-packages/airflow/example_dags/tutorial_etl_dag.py
[2022-06-08 13:04:09,551] {logging_mixin.py:115} INFO - [2022-06-08 13:04:09,551] {dag.py:2379} INFO - Sync 1 DAGs
[2022-06-08 13:04:09,566] {logging_mixin.py:115} INFO - [2022-06-08 13:04:09,566] {dag.py:2927} INFO - Setting next_dagrun for tutorial_etl_dag to None, run_after=None
[2022-06-08 13:04:09,577] {processor.py:161} INFO - Processing /home/james/airflowa/lib/python3.8/site-packages/airflow/example_dags/tutorial_etl_dag.py took 0.047 seconds
[2022-06-08 13:04:50,182] {processor.py:153} INFO - Started process (PID=126439) to work on /home/james/airflowa/lib/python3.8/site-packages/airflow/example_dags/tutorial_etl_dag.py
[2022-06-08 13:04:50,183] {processor.py:641} INFO - Processing file /home/james/airflowa/lib/python3.8/site-packages/airflow/example_dags/tutorial_etl_dag.py for tasks to queue
[2022-06-08 13:04:50,184] {logging_mixin.py:115} INFO - [2022-06-08 13:04:50,183] {dagbag.py:507} INFO - Filling up the DagBag from /home/james/airflowa/lib/python3.8/site-packages/airflow/example_dags/tutorial_etl_dag.py
[2022-06-08 13:04:50,192] {processor.py:651} INFO - DAG(s) dict_keys(['tutorial_etl_dag']) retrieved from /home/james/airflowa/lib/python3.8/site-packages/airflow/example_dags/tutorial_etl_dag.py
[2022-06-08 13:04:50,208] {logging_mixin.py:115} INFO - [2022-06-08 13:04:50,208] {dag.py:2379} INFO - Sync 1 DAGs
[2022-06-08 13:04:50,231] {logging_mixin.py:115} INFO - [2022-06-08 13:04:50,231] {dag.py:2927} INFO - Setting next_dagrun for tutorial_etl_dag to None, run_after=None
[2022-06-08 13:04:50,244] {processor.py:161} INFO - Processing /home/james/airflowa/lib/python3.8/site-packages/airflow/example_dags/tutorial_etl_dag.py took 0.065 seconds
[2022-06-08 13:05:48,226] {processor.py:153} INFO - Started process (PID=126674) to work on /home/james/airflowa/lib/python3.8/site-packages/airflow/example_dags/tutorial_etl_dag.py
[2022-06-08 13:05:48,227] {processor.py:641} INFO - Processing file /home/james/airflowa/lib/python3.8/site-packages/airflow/example_dags/tutorial_etl_dag.py for tasks to queue
[2022-06-08 13:05:48,228] {logging_mixin.py:115} INFO - [2022-06-08 13:05:48,228] {dagbag.py:507} INFO - Filling up the DagBag from /home/james/airflowa/lib/python3.8/site-packages/airflow/example_dags/tutorial_etl_dag.py
[2022-06-08 13:05:48,233] {processor.py:651} INFO - DAG(s) dict_keys(['tutorial_etl_dag']) retrieved from /home/james/airflowa/lib/python3.8/site-packages/airflow/example_dags/tutorial_etl_dag.py
[2022-06-08 13:05:48,248] {logging_mixin.py:115} INFO - [2022-06-08 13:05:48,247] {dag.py:2379} INFO - Sync 1 DAGs
[2022-06-08 13:05:48,262] {logging_mixin.py:115} INFO - [2022-06-08 13:05:48,262] {dag.py:2927} INFO - Setting next_dagrun for tutorial_etl_dag to None, run_after=None
[2022-06-08 13:05:48,274] {processor.py:161} INFO - Processing /home/james/airflowa/lib/python3.8/site-packages/airflow/example_dags/tutorial_etl_dag.py took 0.050 seconds
[2022-06-08 13:06:43,102] {processor.py:153} INFO - Started process (PID=126957) to work on /home/james/airflowa/lib/python3.8/site-packages/airflow/example_dags/tutorial_etl_dag.py
[2022-06-08 13:06:43,102] {processor.py:641} INFO - Processing file /home/james/airflowa/lib/python3.8/site-packages/airflow/example_dags/tutorial_etl_dag.py for tasks to queue
[2022-06-08 13:06:43,103] {logging_mixin.py:115} INFO - [2022-06-08 13:06:43,103] {dagbag.py:507} INFO - Filling up the DagBag from /home/james/airflowa/lib/python3.8/site-packages/airflow/example_dags/tutorial_etl_dag.py
[2022-06-08 13:06:43,108] {processor.py:651} INFO - DAG(s) dict_keys(['tutorial_etl_dag']) retrieved from /home/james/airflowa/lib/python3.8/site-packages/airflow/example_dags/tutorial_etl_dag.py
[2022-06-08 13:06:43,124] {logging_mixin.py:115} INFO - [2022-06-08 13:06:43,124] {dag.py:2379} INFO - Sync 1 DAGs
[2022-06-08 13:06:43,142] {logging_mixin.py:115} INFO - [2022-06-08 13:06:43,142] {dag.py:2927} INFO - Setting next_dagrun for tutorial_etl_dag to None, run_after=None
[2022-06-08 13:06:43,153] {processor.py:161} INFO - Processing /home/james/airflowa/lib/python3.8/site-packages/airflow/example_dags/tutorial_etl_dag.py took 0.054 seconds
