[2022-06-08 09:03:50,063] {processor.py:153} INFO - Started process (PID=23645) to work on /home/james/airflowa/lib/python3.8/site-packages/airflow/example_dags/tutorial_taskflow_api_etl_virtualenv.py
[2022-06-08 09:03:50,063] {processor.py:641} INFO - Processing file /home/james/airflowa/lib/python3.8/site-packages/airflow/example_dags/tutorial_taskflow_api_etl_virtualenv.py for tasks to queue
[2022-06-08 09:03:50,064] {logging_mixin.py:115} INFO - [2022-06-08 09:03:50,064] {dagbag.py:507} INFO - Filling up the DagBag from /home/james/airflowa/lib/python3.8/site-packages/airflow/example_dags/tutorial_taskflow_api_etl_virtualenv.py
[2022-06-08 09:03:50,081] {processor.py:651} INFO - DAG(s) dict_keys(['tutorial_taskflow_api_etl_virtualenv']) retrieved from /home/james/airflowa/lib/python3.8/site-packages/airflow/example_dags/tutorial_taskflow_api_etl_virtualenv.py
[2022-06-08 09:03:50,119] {logging_mixin.py:115} INFO - [2022-06-08 09:03:50,119] {dag.py:2379} INFO - Sync 1 DAGs
[2022-06-08 09:03:50,131] {logging_mixin.py:115} INFO - [2022-06-08 09:03:50,131] {dag.py:2927} INFO - Setting next_dagrun for tutorial_taskflow_api_etl_virtualenv to None, run_after=None
[2022-06-08 09:03:50,145] {processor.py:161} INFO - Processing /home/james/airflowa/lib/python3.8/site-packages/airflow/example_dags/tutorial_taskflow_api_etl_virtualenv.py took 0.084 seconds
[2022-06-08 09:04:24,527] {processor.py:153} INFO - Started process (PID=23847) to work on /home/james/airflowa/lib/python3.8/site-packages/airflow/example_dags/tutorial_taskflow_api_etl_virtualenv.py
[2022-06-08 09:04:24,527] {processor.py:641} INFO - Processing file /home/james/airflowa/lib/python3.8/site-packages/airflow/example_dags/tutorial_taskflow_api_etl_virtualenv.py for tasks to queue
[2022-06-08 09:04:24,528] {logging_mixin.py:115} INFO - [2022-06-08 09:04:24,528] {dagbag.py:507} INFO - Filling up the DagBag from /home/james/airflowa/lib/python3.8/site-packages/airflow/example_dags/tutorial_taskflow_api_etl_virtualenv.py
[2022-06-08 09:04:24,553] {processor.py:651} INFO - DAG(s) dict_keys(['tutorial_taskflow_api_etl_virtualenv']) retrieved from /home/james/airflowa/lib/python3.8/site-packages/airflow/example_dags/tutorial_taskflow_api_etl_virtualenv.py
[2022-06-08 09:04:24,598] {logging_mixin.py:115} INFO - [2022-06-08 09:04:24,597] {dag.py:2379} INFO - Sync 1 DAGs
[2022-06-08 09:04:24,612] {logging_mixin.py:115} INFO - [2022-06-08 09:04:24,612] {dag.py:2927} INFO - Setting next_dagrun for tutorial_taskflow_api_etl_virtualenv to None, run_after=None
[2022-06-08 09:04:24,628] {processor.py:161} INFO - Processing /home/james/airflowa/lib/python3.8/site-packages/airflow/example_dags/tutorial_taskflow_api_etl_virtualenv.py took 0.103 seconds
[2022-06-08 09:04:58,379] {processor.py:153} INFO - Started process (PID=24002) to work on /home/james/airflowa/lib/python3.8/site-packages/airflow/example_dags/tutorial_taskflow_api_etl_virtualenv.py
[2022-06-08 09:04:58,379] {processor.py:641} INFO - Processing file /home/james/airflowa/lib/python3.8/site-packages/airflow/example_dags/tutorial_taskflow_api_etl_virtualenv.py for tasks to queue
[2022-06-08 09:04:58,380] {logging_mixin.py:115} INFO - [2022-06-08 09:04:58,380] {dagbag.py:507} INFO - Filling up the DagBag from /home/james/airflowa/lib/python3.8/site-packages/airflow/example_dags/tutorial_taskflow_api_etl_virtualenv.py
[2022-06-08 09:04:58,397] {processor.py:651} INFO - DAG(s) dict_keys(['tutorial_taskflow_api_etl_virtualenv']) retrieved from /home/james/airflowa/lib/python3.8/site-packages/airflow/example_dags/tutorial_taskflow_api_etl_virtualenv.py
[2022-06-08 09:04:58,410] {logging_mixin.py:115} INFO - [2022-06-08 09:04:58,409] {dag.py:2379} INFO - Sync 1 DAGs
[2022-06-08 09:04:58,425] {logging_mixin.py:115} INFO - [2022-06-08 09:04:58,425] {dag.py:2927} INFO - Setting next_dagrun for tutorial_taskflow_api_etl_virtualenv to None, run_after=None
[2022-06-08 09:04:58,436] {processor.py:161} INFO - Processing /home/james/airflowa/lib/python3.8/site-packages/airflow/example_dags/tutorial_taskflow_api_etl_virtualenv.py took 0.061 seconds
[2022-06-08 09:05:43,673] {processor.py:153} INFO - Started process (PID=24455) to work on /home/james/airflowa/lib/python3.8/site-packages/airflow/example_dags/tutorial_taskflow_api_etl_virtualenv.py
[2022-06-08 09:05:43,674] {processor.py:641} INFO - Processing file /home/james/airflowa/lib/python3.8/site-packages/airflow/example_dags/tutorial_taskflow_api_etl_virtualenv.py for tasks to queue
[2022-06-08 09:05:43,674] {logging_mixin.py:115} INFO - [2022-06-08 09:05:43,674] {dagbag.py:507} INFO - Filling up the DagBag from /home/james/airflowa/lib/python3.8/site-packages/airflow/example_dags/tutorial_taskflow_api_etl_virtualenv.py
[2022-06-08 09:05:43,688] {processor.py:651} INFO - DAG(s) dict_keys(['tutorial_taskflow_api_etl_virtualenv']) retrieved from /home/james/airflowa/lib/python3.8/site-packages/airflow/example_dags/tutorial_taskflow_api_etl_virtualenv.py
[2022-06-08 09:05:43,701] {logging_mixin.py:115} INFO - [2022-06-08 09:05:43,700] {dag.py:2379} INFO - Sync 1 DAGs
[2022-06-08 09:05:43,715] {logging_mixin.py:115} INFO - [2022-06-08 09:05:43,715] {dag.py:2927} INFO - Setting next_dagrun for tutorial_taskflow_api_etl_virtualenv to None, run_after=None
[2022-06-08 09:05:43,725] {processor.py:161} INFO - Processing /home/james/airflowa/lib/python3.8/site-packages/airflow/example_dags/tutorial_taskflow_api_etl_virtualenv.py took 0.054 seconds
[2022-06-08 09:06:49,778] {processor.py:153} INFO - Started process (PID=24955) to work on /home/james/airflowa/lib/python3.8/site-packages/airflow/example_dags/tutorial_taskflow_api_etl_virtualenv.py
[2022-06-08 09:06:49,778] {processor.py:641} INFO - Processing file /home/james/airflowa/lib/python3.8/site-packages/airflow/example_dags/tutorial_taskflow_api_etl_virtualenv.py for tasks to queue
[2022-06-08 09:06:49,779] {logging_mixin.py:115} INFO - [2022-06-08 09:06:49,779] {dagbag.py:507} INFO - Filling up the DagBag from /home/james/airflowa/lib/python3.8/site-packages/airflow/example_dags/tutorial_taskflow_api_etl_virtualenv.py
[2022-06-08 09:06:49,805] {processor.py:651} INFO - DAG(s) dict_keys(['tutorial_taskflow_api_etl_virtualenv']) retrieved from /home/james/airflowa/lib/python3.8/site-packages/airflow/example_dags/tutorial_taskflow_api_etl_virtualenv.py
[2022-06-08 09:06:49,867] {logging_mixin.py:115} INFO - [2022-06-08 09:06:49,867] {dag.py:2379} INFO - Sync 1 DAGs
[2022-06-08 09:06:49,889] {logging_mixin.py:115} INFO - [2022-06-08 09:06:49,889] {dag.py:2927} INFO - Setting next_dagrun for tutorial_taskflow_api_etl_virtualenv to None, run_after=None
[2022-06-08 09:06:49,907] {processor.py:161} INFO - Processing /home/james/airflowa/lib/python3.8/site-packages/airflow/example_dags/tutorial_taskflow_api_etl_virtualenv.py took 0.133 seconds
[2022-06-08 09:07:39,008] {processor.py:153} INFO - Started process (PID=25296) to work on /home/james/airflowa/lib/python3.8/site-packages/airflow/example_dags/tutorial_taskflow_api_etl_virtualenv.py
[2022-06-08 09:07:39,009] {processor.py:641} INFO - Processing file /home/james/airflowa/lib/python3.8/site-packages/airflow/example_dags/tutorial_taskflow_api_etl_virtualenv.py for tasks to queue
[2022-06-08 09:07:39,009] {logging_mixin.py:115} INFO - [2022-06-08 09:07:39,009] {dagbag.py:507} INFO - Filling up the DagBag from /home/james/airflowa/lib/python3.8/site-packages/airflow/example_dags/tutorial_taskflow_api_etl_virtualenv.py
[2022-06-08 09:07:39,034] {processor.py:651} INFO - DAG(s) dict_keys(['tutorial_taskflow_api_etl_virtualenv']) retrieved from /home/james/airflowa/lib/python3.8/site-packages/airflow/example_dags/tutorial_taskflow_api_etl_virtualenv.py
[2022-06-08 09:07:39,092] {logging_mixin.py:115} INFO - [2022-06-08 09:07:39,092] {dag.py:2379} INFO - Sync 1 DAGs
[2022-06-08 09:07:39,112] {logging_mixin.py:115} INFO - [2022-06-08 09:07:39,112] {dag.py:2927} INFO - Setting next_dagrun for tutorial_taskflow_api_etl_virtualenv to None, run_after=None
[2022-06-08 09:07:39,133] {processor.py:161} INFO - Processing /home/james/airflowa/lib/python3.8/site-packages/airflow/example_dags/tutorial_taskflow_api_etl_virtualenv.py took 0.128 seconds
[2022-06-08 09:08:25,272] {processor.py:153} INFO - Started process (PID=25515) to work on /home/james/airflowa/lib/python3.8/site-packages/airflow/example_dags/tutorial_taskflow_api_etl_virtualenv.py
[2022-06-08 09:08:25,273] {processor.py:641} INFO - Processing file /home/james/airflowa/lib/python3.8/site-packages/airflow/example_dags/tutorial_taskflow_api_etl_virtualenv.py for tasks to queue
[2022-06-08 09:08:25,274] {logging_mixin.py:115} INFO - [2022-06-08 09:08:25,274] {dagbag.py:507} INFO - Filling up the DagBag from /home/james/airflowa/lib/python3.8/site-packages/airflow/example_dags/tutorial_taskflow_api_etl_virtualenv.py
[2022-06-08 09:08:25,307] {processor.py:651} INFO - DAG(s) dict_keys(['tutorial_taskflow_api_etl_virtualenv']) retrieved from /home/james/airflowa/lib/python3.8/site-packages/airflow/example_dags/tutorial_taskflow_api_etl_virtualenv.py
[2022-06-08 09:08:25,333] {logging_mixin.py:115} INFO - [2022-06-08 09:08:25,333] {dag.py:2379} INFO - Sync 1 DAGs
[2022-06-08 09:08:25,361] {logging_mixin.py:115} INFO - [2022-06-08 09:08:25,361] {dag.py:2927} INFO - Setting next_dagrun for tutorial_taskflow_api_etl_virtualenv to None, run_after=None
[2022-06-08 09:08:25,375] {processor.py:161} INFO - Processing /home/james/airflowa/lib/python3.8/site-packages/airflow/example_dags/tutorial_taskflow_api_etl_virtualenv.py took 0.108 seconds
[2022-06-08 09:09:12,621] {processor.py:153} INFO - Started process (PID=25858) to work on /home/james/airflowa/lib/python3.8/site-packages/airflow/example_dags/tutorial_taskflow_api_etl_virtualenv.py
[2022-06-08 09:09:12,622] {processor.py:641} INFO - Processing file /home/james/airflowa/lib/python3.8/site-packages/airflow/example_dags/tutorial_taskflow_api_etl_virtualenv.py for tasks to queue
[2022-06-08 09:09:12,624] {logging_mixin.py:115} INFO - [2022-06-08 09:09:12,623] {dagbag.py:507} INFO - Filling up the DagBag from /home/james/airflowa/lib/python3.8/site-packages/airflow/example_dags/tutorial_taskflow_api_etl_virtualenv.py
[2022-06-08 09:09:12,653] {processor.py:651} INFO - DAG(s) dict_keys(['tutorial_taskflow_api_etl_virtualenv']) retrieved from /home/james/airflowa/lib/python3.8/site-packages/airflow/example_dags/tutorial_taskflow_api_etl_virtualenv.py
[2022-06-08 09:09:12,733] {logging_mixin.py:115} INFO - [2022-06-08 09:09:12,733] {dag.py:2379} INFO - Sync 1 DAGs
[2022-06-08 09:09:12,762] {logging_mixin.py:115} INFO - [2022-06-08 09:09:12,762] {dag.py:2927} INFO - Setting next_dagrun for tutorial_taskflow_api_etl_virtualenv to None, run_after=None
[2022-06-08 09:09:12,783] {processor.py:161} INFO - Processing /home/james/airflowa/lib/python3.8/site-packages/airflow/example_dags/tutorial_taskflow_api_etl_virtualenv.py took 0.166 seconds
[2022-06-08 09:10:07,345] {processor.py:153} INFO - Started process (PID=26538) to work on /home/james/airflowa/lib/python3.8/site-packages/airflow/example_dags/tutorial_taskflow_api_etl_virtualenv.py
[2022-06-08 09:10:07,346] {processor.py:641} INFO - Processing file /home/james/airflowa/lib/python3.8/site-packages/airflow/example_dags/tutorial_taskflow_api_etl_virtualenv.py for tasks to queue
[2022-06-08 09:10:07,347] {logging_mixin.py:115} INFO - [2022-06-08 09:10:07,347] {dagbag.py:507} INFO - Filling up the DagBag from /home/james/airflowa/lib/python3.8/site-packages/airflow/example_dags/tutorial_taskflow_api_etl_virtualenv.py
[2022-06-08 09:10:07,405] {processor.py:651} INFO - DAG(s) dict_keys(['tutorial_taskflow_api_etl_virtualenv']) retrieved from /home/james/airflowa/lib/python3.8/site-packages/airflow/example_dags/tutorial_taskflow_api_etl_virtualenv.py
[2022-06-08 09:10:07,546] {logging_mixin.py:115} INFO - [2022-06-08 09:10:07,546] {dag.py:2379} INFO - Sync 1 DAGs
[2022-06-08 09:10:07,587] {logging_mixin.py:115} INFO - [2022-06-08 09:10:07,587] {dag.py:2927} INFO - Setting next_dagrun for tutorial_taskflow_api_etl_virtualenv to None, run_after=None
[2022-06-08 09:10:07,615] {processor.py:161} INFO - Processing /home/james/airflowa/lib/python3.8/site-packages/airflow/example_dags/tutorial_taskflow_api_etl_virtualenv.py took 0.281 seconds
[2022-06-08 09:11:10,392] {processor.py:153} INFO - Started process (PID=27050) to work on /home/james/airflowa/lib/python3.8/site-packages/airflow/example_dags/tutorial_taskflow_api_etl_virtualenv.py
[2022-06-08 09:11:10,393] {processor.py:641} INFO - Processing file /home/james/airflowa/lib/python3.8/site-packages/airflow/example_dags/tutorial_taskflow_api_etl_virtualenv.py for tasks to queue
[2022-06-08 09:11:10,394] {logging_mixin.py:115} INFO - [2022-06-08 09:11:10,394] {dagbag.py:507} INFO - Filling up the DagBag from /home/james/airflowa/lib/python3.8/site-packages/airflow/example_dags/tutorial_taskflow_api_etl_virtualenv.py
[2022-06-08 09:11:10,423] {processor.py:651} INFO - DAG(s) dict_keys(['tutorial_taskflow_api_etl_virtualenv']) retrieved from /home/james/airflowa/lib/python3.8/site-packages/airflow/example_dags/tutorial_taskflow_api_etl_virtualenv.py
[2022-06-08 09:11:10,491] {logging_mixin.py:115} INFO - [2022-06-08 09:11:10,491] {dag.py:2379} INFO - Sync 1 DAGs
[2022-06-08 09:11:10,524] {logging_mixin.py:115} INFO - [2022-06-08 09:11:10,524] {dag.py:2927} INFO - Setting next_dagrun for tutorial_taskflow_api_etl_virtualenv to None, run_after=None
[2022-06-08 09:11:10,549] {processor.py:161} INFO - Processing /home/james/airflowa/lib/python3.8/site-packages/airflow/example_dags/tutorial_taskflow_api_etl_virtualenv.py took 0.162 seconds
[2022-06-08 09:12:29,769] {processor.py:153} INFO - Started process (PID=27469) to work on /home/james/airflowa/lib/python3.8/site-packages/airflow/example_dags/tutorial_taskflow_api_etl_virtualenv.py
[2022-06-08 09:12:29,771] {processor.py:641} INFO - Processing file /home/james/airflowa/lib/python3.8/site-packages/airflow/example_dags/tutorial_taskflow_api_etl_virtualenv.py for tasks to queue
[2022-06-08 09:12:29,773] {logging_mixin.py:115} INFO - [2022-06-08 09:12:29,772] {dagbag.py:507} INFO - Filling up the DagBag from /home/james/airflowa/lib/python3.8/site-packages/airflow/example_dags/tutorial_taskflow_api_etl_virtualenv.py
[2022-06-08 09:12:29,822] {processor.py:651} INFO - DAG(s) dict_keys(['tutorial_taskflow_api_etl_virtualenv']) retrieved from /home/james/airflowa/lib/python3.8/site-packages/airflow/example_dags/tutorial_taskflow_api_etl_virtualenv.py
[2022-06-08 09:12:29,861] {logging_mixin.py:115} INFO - [2022-06-08 09:12:29,860] {dag.py:2379} INFO - Sync 1 DAGs
[2022-06-08 09:12:29,903] {logging_mixin.py:115} INFO - [2022-06-08 09:12:29,903] {dag.py:2927} INFO - Setting next_dagrun for tutorial_taskflow_api_etl_virtualenv to None, run_after=None
[2022-06-08 09:12:29,936] {processor.py:161} INFO - Processing /home/james/airflowa/lib/python3.8/site-packages/airflow/example_dags/tutorial_taskflow_api_etl_virtualenv.py took 0.174 seconds
[2022-06-08 09:14:19,064] {processor.py:153} INFO - Started process (PID=28103) to work on /home/james/airflowa/lib/python3.8/site-packages/airflow/example_dags/tutorial_taskflow_api_etl_virtualenv.py
[2022-06-08 09:14:19,065] {processor.py:641} INFO - Processing file /home/james/airflowa/lib/python3.8/site-packages/airflow/example_dags/tutorial_taskflow_api_etl_virtualenv.py for tasks to queue
[2022-06-08 09:14:19,066] {logging_mixin.py:115} INFO - [2022-06-08 09:14:19,066] {dagbag.py:507} INFO - Filling up the DagBag from /home/james/airflowa/lib/python3.8/site-packages/airflow/example_dags/tutorial_taskflow_api_etl_virtualenv.py
[2022-06-08 09:14:19,113] {processor.py:651} INFO - DAG(s) dict_keys(['tutorial_taskflow_api_etl_virtualenv']) retrieved from /home/james/airflowa/lib/python3.8/site-packages/airflow/example_dags/tutorial_taskflow_api_etl_virtualenv.py
[2022-06-08 09:14:19,208] {logging_mixin.py:115} INFO - [2022-06-08 09:14:19,208] {dag.py:2379} INFO - Sync 1 DAGs
[2022-06-08 09:14:19,242] {logging_mixin.py:115} INFO - [2022-06-08 09:14:19,242] {dag.py:2927} INFO - Setting next_dagrun for tutorial_taskflow_api_etl_virtualenv to None, run_after=None
[2022-06-08 09:14:19,269] {processor.py:161} INFO - Processing /home/james/airflowa/lib/python3.8/site-packages/airflow/example_dags/tutorial_taskflow_api_etl_virtualenv.py took 0.210 seconds
[2022-06-08 09:15:58,907] {processor.py:153} INFO - Started process (PID=28868) to work on /home/james/airflowa/lib/python3.8/site-packages/airflow/example_dags/tutorial_taskflow_api_etl_virtualenv.py
[2022-06-08 09:15:58,908] {processor.py:641} INFO - Processing file /home/james/airflowa/lib/python3.8/site-packages/airflow/example_dags/tutorial_taskflow_api_etl_virtualenv.py for tasks to queue
[2022-06-08 09:15:58,910] {logging_mixin.py:115} INFO - [2022-06-08 09:15:58,910] {dagbag.py:507} INFO - Filling up the DagBag from /home/james/airflowa/lib/python3.8/site-packages/airflow/example_dags/tutorial_taskflow_api_etl_virtualenv.py
[2022-06-08 09:15:58,945] {processor.py:651} INFO - DAG(s) dict_keys(['tutorial_taskflow_api_etl_virtualenv']) retrieved from /home/james/airflowa/lib/python3.8/site-packages/airflow/example_dags/tutorial_taskflow_api_etl_virtualenv.py
[2022-06-08 09:15:58,972] {logging_mixin.py:115} INFO - [2022-06-08 09:15:58,972] {dag.py:2379} INFO - Sync 1 DAGs
[2022-06-08 09:15:59,006] {logging_mixin.py:115} INFO - [2022-06-08 09:15:59,006] {dag.py:2927} INFO - Setting next_dagrun for tutorial_taskflow_api_etl_virtualenv to None, run_after=None
[2022-06-08 09:15:59,033] {processor.py:161} INFO - Processing /home/james/airflowa/lib/python3.8/site-packages/airflow/example_dags/tutorial_taskflow_api_etl_virtualenv.py took 0.132 seconds
[2022-06-08 09:17:47,430] {processor.py:153} INFO - Started process (PID=30425) to work on /home/james/airflowa/lib/python3.8/site-packages/airflow/example_dags/tutorial_taskflow_api_etl_virtualenv.py
[2022-06-08 09:17:47,431] {processor.py:641} INFO - Processing file /home/james/airflowa/lib/python3.8/site-packages/airflow/example_dags/tutorial_taskflow_api_etl_virtualenv.py for tasks to queue
[2022-06-08 09:17:47,431] {logging_mixin.py:115} INFO - [2022-06-08 09:17:47,431] {dagbag.py:507} INFO - Filling up the DagBag from /home/james/airflowa/lib/python3.8/site-packages/airflow/example_dags/tutorial_taskflow_api_etl_virtualenv.py
[2022-06-08 09:17:47,461] {processor.py:651} INFO - DAG(s) dict_keys(['tutorial_taskflow_api_etl_virtualenv']) retrieved from /home/james/airflowa/lib/python3.8/site-packages/airflow/example_dags/tutorial_taskflow_api_etl_virtualenv.py
[2022-06-08 09:17:47,482] {logging_mixin.py:115} INFO - [2022-06-08 09:17:47,481] {dag.py:2379} INFO - Sync 1 DAGs
[2022-06-08 09:17:47,510] {logging_mixin.py:115} INFO - [2022-06-08 09:17:47,510] {dag.py:2927} INFO - Setting next_dagrun for tutorial_taskflow_api_etl_virtualenv to None, run_after=None
[2022-06-08 09:17:47,531] {processor.py:161} INFO - Processing /home/james/airflowa/lib/python3.8/site-packages/airflow/example_dags/tutorial_taskflow_api_etl_virtualenv.py took 0.106 seconds
[2022-06-08 09:19:35,816] {processor.py:153} INFO - Started process (PID=31042) to work on /home/james/airflowa/lib/python3.8/site-packages/airflow/example_dags/tutorial_taskflow_api_etl_virtualenv.py
[2022-06-08 09:19:35,818] {processor.py:641} INFO - Processing file /home/james/airflowa/lib/python3.8/site-packages/airflow/example_dags/tutorial_taskflow_api_etl_virtualenv.py for tasks to queue
[2022-06-08 09:19:35,819] {logging_mixin.py:115} INFO - [2022-06-08 09:19:35,819] {dagbag.py:507} INFO - Filling up the DagBag from /home/james/airflowa/lib/python3.8/site-packages/airflow/example_dags/tutorial_taskflow_api_etl_virtualenv.py
[2022-06-08 09:19:35,864] {processor.py:651} INFO - DAG(s) dict_keys(['tutorial_taskflow_api_etl_virtualenv']) retrieved from /home/james/airflowa/lib/python3.8/site-packages/airflow/example_dags/tutorial_taskflow_api_etl_virtualenv.py
[2022-06-08 09:19:35,977] {logging_mixin.py:115} INFO - [2022-06-08 09:19:35,976] {dag.py:2379} INFO - Sync 1 DAGs
[2022-06-08 09:19:36,030] {logging_mixin.py:115} INFO - [2022-06-08 09:19:36,029] {dag.py:2927} INFO - Setting next_dagrun for tutorial_taskflow_api_etl_virtualenv to None, run_after=None
[2022-06-08 09:19:36,130] {processor.py:161} INFO - Processing /home/james/airflowa/lib/python3.8/site-packages/airflow/example_dags/tutorial_taskflow_api_etl_virtualenv.py took 0.320 seconds
[2022-06-08 09:21:54,989] {processor.py:153} INFO - Started process (PID=32716) to work on /home/james/airflowa/lib/python3.8/site-packages/airflow/example_dags/tutorial_taskflow_api_etl_virtualenv.py
[2022-06-08 09:21:54,990] {processor.py:641} INFO - Processing file /home/james/airflowa/lib/python3.8/site-packages/airflow/example_dags/tutorial_taskflow_api_etl_virtualenv.py for tasks to queue
[2022-06-08 09:21:54,991] {logging_mixin.py:115} INFO - [2022-06-08 09:21:54,991] {dagbag.py:507} INFO - Filling up the DagBag from /home/james/airflowa/lib/python3.8/site-packages/airflow/example_dags/tutorial_taskflow_api_etl_virtualenv.py
[2022-06-08 09:21:55,034] {processor.py:651} INFO - DAG(s) dict_keys(['tutorial_taskflow_api_etl_virtualenv']) retrieved from /home/james/airflowa/lib/python3.8/site-packages/airflow/example_dags/tutorial_taskflow_api_etl_virtualenv.py
[2022-06-08 09:21:55,143] {logging_mixin.py:115} INFO - [2022-06-08 09:21:55,143] {dag.py:2379} INFO - Sync 1 DAGs
[2022-06-08 09:21:55,184] {logging_mixin.py:115} INFO - [2022-06-08 09:21:55,183] {dag.py:2927} INFO - Setting next_dagrun for tutorial_taskflow_api_etl_virtualenv to None, run_after=None
[2022-06-08 09:21:55,213] {processor.py:161} INFO - Processing /home/james/airflowa/lib/python3.8/site-packages/airflow/example_dags/tutorial_taskflow_api_etl_virtualenv.py took 0.229 seconds
[2022-06-08 09:23:54,562] {processor.py:153} INFO - Started process (PID=33445) to work on /home/james/airflowa/lib/python3.8/site-packages/airflow/example_dags/tutorial_taskflow_api_etl_virtualenv.py
[2022-06-08 09:23:54,563] {processor.py:641} INFO - Processing file /home/james/airflowa/lib/python3.8/site-packages/airflow/example_dags/tutorial_taskflow_api_etl_virtualenv.py for tasks to queue
[2022-06-08 09:23:54,563] {logging_mixin.py:115} INFO - [2022-06-08 09:23:54,563] {dagbag.py:507} INFO - Filling up the DagBag from /home/james/airflowa/lib/python3.8/site-packages/airflow/example_dags/tutorial_taskflow_api_etl_virtualenv.py
[2022-06-08 09:23:54,605] {processor.py:651} INFO - DAG(s) dict_keys(['tutorial_taskflow_api_etl_virtualenv']) retrieved from /home/james/airflowa/lib/python3.8/site-packages/airflow/example_dags/tutorial_taskflow_api_etl_virtualenv.py
[2022-06-08 09:23:54,707] {logging_mixin.py:115} INFO - [2022-06-08 09:23:54,707] {dag.py:2379} INFO - Sync 1 DAGs
[2022-06-08 09:23:54,752] {logging_mixin.py:115} INFO - [2022-06-08 09:23:54,752] {dag.py:2927} INFO - Setting next_dagrun for tutorial_taskflow_api_etl_virtualenv to None, run_after=None
[2022-06-08 09:23:54,778] {processor.py:161} INFO - Processing /home/james/airflowa/lib/python3.8/site-packages/airflow/example_dags/tutorial_taskflow_api_etl_virtualenv.py took 0.222 seconds
[2022-06-08 09:26:03,349] {processor.py:153} INFO - Started process (PID=34221) to work on /home/james/airflowa/lib/python3.8/site-packages/airflow/example_dags/tutorial_taskflow_api_etl_virtualenv.py
[2022-06-08 09:26:03,350] {processor.py:641} INFO - Processing file /home/james/airflowa/lib/python3.8/site-packages/airflow/example_dags/tutorial_taskflow_api_etl_virtualenv.py for tasks to queue
[2022-06-08 09:26:03,351] {logging_mixin.py:115} INFO - [2022-06-08 09:26:03,351] {dagbag.py:507} INFO - Filling up the DagBag from /home/james/airflowa/lib/python3.8/site-packages/airflow/example_dags/tutorial_taskflow_api_etl_virtualenv.py
[2022-06-08 09:26:03,398] {processor.py:651} INFO - DAG(s) dict_keys(['tutorial_taskflow_api_etl_virtualenv']) retrieved from /home/james/airflowa/lib/python3.8/site-packages/airflow/example_dags/tutorial_taskflow_api_etl_virtualenv.py
[2022-06-08 09:26:03,511] {logging_mixin.py:115} INFO - [2022-06-08 09:26:03,511] {dag.py:2379} INFO - Sync 1 DAGs
[2022-06-08 09:26:03,560] {logging_mixin.py:115} INFO - [2022-06-08 09:26:03,560] {dag.py:2927} INFO - Setting next_dagrun for tutorial_taskflow_api_etl_virtualenv to None, run_after=None
[2022-06-08 09:26:03,585] {processor.py:161} INFO - Processing /home/james/airflowa/lib/python3.8/site-packages/airflow/example_dags/tutorial_taskflow_api_etl_virtualenv.py took 0.243 seconds
[2022-06-08 09:28:06,380] {processor.py:153} INFO - Started process (PID=34877) to work on /home/james/airflowa/lib/python3.8/site-packages/airflow/example_dags/tutorial_taskflow_api_etl_virtualenv.py
[2022-06-08 09:28:06,382] {processor.py:641} INFO - Processing file /home/james/airflowa/lib/python3.8/site-packages/airflow/example_dags/tutorial_taskflow_api_etl_virtualenv.py for tasks to queue
[2022-06-08 09:28:06,383] {logging_mixin.py:115} INFO - [2022-06-08 09:28:06,383] {dagbag.py:507} INFO - Filling up the DagBag from /home/james/airflowa/lib/python3.8/site-packages/airflow/example_dags/tutorial_taskflow_api_etl_virtualenv.py
[2022-06-08 09:28:06,417] {processor.py:651} INFO - DAG(s) dict_keys(['tutorial_taskflow_api_etl_virtualenv']) retrieved from /home/james/airflowa/lib/python3.8/site-packages/airflow/example_dags/tutorial_taskflow_api_etl_virtualenv.py
[2022-06-08 09:28:06,507] {logging_mixin.py:115} INFO - [2022-06-08 09:28:06,507] {dag.py:2379} INFO - Sync 1 DAGs
[2022-06-08 09:28:06,539] {logging_mixin.py:115} INFO - [2022-06-08 09:28:06,539] {dag.py:2927} INFO - Setting next_dagrun for tutorial_taskflow_api_etl_virtualenv to None, run_after=None
[2022-06-08 09:28:06,561] {processor.py:161} INFO - Processing /home/james/airflowa/lib/python3.8/site-packages/airflow/example_dags/tutorial_taskflow_api_etl_virtualenv.py took 0.186 seconds
[2022-06-08 11:27:33,300] {processor.py:153} INFO - Started process (PID=76493) to work on /home/james/airflowa/lib/python3.8/site-packages/airflow/example_dags/tutorial_taskflow_api_etl_virtualenv.py
[2022-06-08 11:27:33,301] {processor.py:641} INFO - Processing file /home/james/airflowa/lib/python3.8/site-packages/airflow/example_dags/tutorial_taskflow_api_etl_virtualenv.py for tasks to queue
[2022-06-08 11:27:33,301] {logging_mixin.py:115} INFO - [2022-06-08 11:27:33,301] {dagbag.py:507} INFO - Filling up the DagBag from /home/james/airflowa/lib/python3.8/site-packages/airflow/example_dags/tutorial_taskflow_api_etl_virtualenv.py
[2022-06-08 11:27:33,316] {processor.py:651} INFO - DAG(s) dict_keys(['tutorial_taskflow_api_etl_virtualenv']) retrieved from /home/james/airflowa/lib/python3.8/site-packages/airflow/example_dags/tutorial_taskflow_api_etl_virtualenv.py
[2022-06-08 11:27:33,362] {logging_mixin.py:115} INFO - [2022-06-08 11:27:33,362] {dag.py:2379} INFO - Sync 1 DAGs
[2022-06-08 11:27:33,379] {logging_mixin.py:115} INFO - [2022-06-08 11:27:33,379] {dag.py:2927} INFO - Setting next_dagrun for tutorial_taskflow_api_etl_virtualenv to None, run_after=None
[2022-06-08 11:27:33,396] {processor.py:161} INFO - Processing /home/james/airflowa/lib/python3.8/site-packages/airflow/example_dags/tutorial_taskflow_api_etl_virtualenv.py took 0.098 seconds
[2022-06-08 11:28:07,725] {processor.py:153} INFO - Started process (PID=76730) to work on /home/james/airflowa/lib/python3.8/site-packages/airflow/example_dags/tutorial_taskflow_api_etl_virtualenv.py
[2022-06-08 11:28:07,726] {processor.py:641} INFO - Processing file /home/james/airflowa/lib/python3.8/site-packages/airflow/example_dags/tutorial_taskflow_api_etl_virtualenv.py for tasks to queue
[2022-06-08 11:28:07,727] {logging_mixin.py:115} INFO - [2022-06-08 11:28:07,727] {dagbag.py:507} INFO - Filling up the DagBag from /home/james/airflowa/lib/python3.8/site-packages/airflow/example_dags/tutorial_taskflow_api_etl_virtualenv.py
[2022-06-08 11:28:07,742] {processor.py:651} INFO - DAG(s) dict_keys(['tutorial_taskflow_api_etl_virtualenv']) retrieved from /home/james/airflowa/lib/python3.8/site-packages/airflow/example_dags/tutorial_taskflow_api_etl_virtualenv.py
[2022-06-08 11:28:07,776] {logging_mixin.py:115} INFO - [2022-06-08 11:28:07,776] {dag.py:2379} INFO - Sync 1 DAGs
[2022-06-08 11:28:07,790] {logging_mixin.py:115} INFO - [2022-06-08 11:28:07,790] {dag.py:2927} INFO - Setting next_dagrun for tutorial_taskflow_api_etl_virtualenv to None, run_after=None
[2022-06-08 11:28:07,803] {processor.py:161} INFO - Processing /home/james/airflowa/lib/python3.8/site-packages/airflow/example_dags/tutorial_taskflow_api_etl_virtualenv.py took 0.081 seconds
[2022-06-08 11:28:45,578] {processor.py:153} INFO - Started process (PID=76981) to work on /home/james/airflowa/lib/python3.8/site-packages/airflow/example_dags/tutorial_taskflow_api_etl_virtualenv.py
[2022-06-08 11:28:45,579] {processor.py:641} INFO - Processing file /home/james/airflowa/lib/python3.8/site-packages/airflow/example_dags/tutorial_taskflow_api_etl_virtualenv.py for tasks to queue
[2022-06-08 11:28:45,579] {logging_mixin.py:115} INFO - [2022-06-08 11:28:45,579] {dagbag.py:507} INFO - Filling up the DagBag from /home/james/airflowa/lib/python3.8/site-packages/airflow/example_dags/tutorial_taskflow_api_etl_virtualenv.py
[2022-06-08 11:28:45,593] {processor.py:651} INFO - DAG(s) dict_keys(['tutorial_taskflow_api_etl_virtualenv']) retrieved from /home/james/airflowa/lib/python3.8/site-packages/airflow/example_dags/tutorial_taskflow_api_etl_virtualenv.py
[2022-06-08 11:28:45,628] {logging_mixin.py:115} INFO - [2022-06-08 11:28:45,628] {dag.py:2379} INFO - Sync 1 DAGs
[2022-06-08 11:28:45,644] {logging_mixin.py:115} INFO - [2022-06-08 11:28:45,644] {dag.py:2927} INFO - Setting next_dagrun for tutorial_taskflow_api_etl_virtualenv to None, run_after=None
[2022-06-08 11:28:45,656] {processor.py:161} INFO - Processing /home/james/airflowa/lib/python3.8/site-packages/airflow/example_dags/tutorial_taskflow_api_etl_virtualenv.py took 0.082 seconds
[2022-06-08 11:29:26,191] {processor.py:153} INFO - Started process (PID=77449) to work on /home/james/airflowa/lib/python3.8/site-packages/airflow/example_dags/tutorial_taskflow_api_etl_virtualenv.py
[2022-06-08 11:29:26,192] {processor.py:641} INFO - Processing file /home/james/airflowa/lib/python3.8/site-packages/airflow/example_dags/tutorial_taskflow_api_etl_virtualenv.py for tasks to queue
[2022-06-08 11:29:26,192] {logging_mixin.py:115} INFO - [2022-06-08 11:29:26,192] {dagbag.py:507} INFO - Filling up the DagBag from /home/james/airflowa/lib/python3.8/site-packages/airflow/example_dags/tutorial_taskflow_api_etl_virtualenv.py
[2022-06-08 11:29:26,208] {processor.py:651} INFO - DAG(s) dict_keys(['tutorial_taskflow_api_etl_virtualenv']) retrieved from /home/james/airflowa/lib/python3.8/site-packages/airflow/example_dags/tutorial_taskflow_api_etl_virtualenv.py
[2022-06-08 11:29:26,247] {logging_mixin.py:115} INFO - [2022-06-08 11:29:26,247] {dag.py:2379} INFO - Sync 1 DAGs
[2022-06-08 11:29:26,263] {logging_mixin.py:115} INFO - [2022-06-08 11:29:26,263] {dag.py:2927} INFO - Setting next_dagrun for tutorial_taskflow_api_etl_virtualenv to None, run_after=None
[2022-06-08 11:29:26,277] {processor.py:161} INFO - Processing /home/james/airflowa/lib/python3.8/site-packages/airflow/example_dags/tutorial_taskflow_api_etl_virtualenv.py took 0.089 seconds
[2022-06-08 11:30:53,012] {processor.py:153} INFO - Started process (PID=78297) to work on /home/james/airflowa/lib/python3.8/site-packages/airflow/example_dags/tutorial_taskflow_api_etl_virtualenv.py
[2022-06-08 11:30:53,013] {processor.py:641} INFO - Processing file /home/james/airflowa/lib/python3.8/site-packages/airflow/example_dags/tutorial_taskflow_api_etl_virtualenv.py for tasks to queue
[2022-06-08 11:30:53,014] {logging_mixin.py:115} INFO - [2022-06-08 11:30:53,014] {dagbag.py:507} INFO - Filling up the DagBag from /home/james/airflowa/lib/python3.8/site-packages/airflow/example_dags/tutorial_taskflow_api_etl_virtualenv.py
[2022-06-08 11:30:53,044] {processor.py:651} INFO - DAG(s) dict_keys(['tutorial_taskflow_api_etl_virtualenv']) retrieved from /home/james/airflowa/lib/python3.8/site-packages/airflow/example_dags/tutorial_taskflow_api_etl_virtualenv.py
[2022-06-08 11:30:53,158] {logging_mixin.py:115} INFO - [2022-06-08 11:30:53,158] {dag.py:2379} INFO - Sync 1 DAGs
[2022-06-08 11:30:53,191] {logging_mixin.py:115} INFO - [2022-06-08 11:30:53,191] {dag.py:2927} INFO - Setting next_dagrun for tutorial_taskflow_api_etl_virtualenv to None, run_after=None
[2022-06-08 11:30:53,223] {processor.py:161} INFO - Processing /home/james/airflowa/lib/python3.8/site-packages/airflow/example_dags/tutorial_taskflow_api_etl_virtualenv.py took 0.214 seconds
[2022-06-08 11:31:50,698] {processor.py:153} INFO - Started process (PID=78705) to work on /home/james/airflowa/lib/python3.8/site-packages/airflow/example_dags/tutorial_taskflow_api_etl_virtualenv.py
[2022-06-08 11:31:50,701] {processor.py:641} INFO - Processing file /home/james/airflowa/lib/python3.8/site-packages/airflow/example_dags/tutorial_taskflow_api_etl_virtualenv.py for tasks to queue
[2022-06-08 11:31:50,702] {logging_mixin.py:115} INFO - [2022-06-08 11:31:50,702] {dagbag.py:507} INFO - Filling up the DagBag from /home/james/airflowa/lib/python3.8/site-packages/airflow/example_dags/tutorial_taskflow_api_etl_virtualenv.py
[2022-06-08 11:31:50,737] {processor.py:651} INFO - DAG(s) dict_keys(['tutorial_taskflow_api_etl_virtualenv']) retrieved from /home/james/airflowa/lib/python3.8/site-packages/airflow/example_dags/tutorial_taskflow_api_etl_virtualenv.py
[2022-06-08 11:31:50,826] {logging_mixin.py:115} INFO - [2022-06-08 11:31:50,826] {dag.py:2379} INFO - Sync 1 DAGs
[2022-06-08 11:31:50,863] {logging_mixin.py:115} INFO - [2022-06-08 11:31:50,863] {dag.py:2927} INFO - Setting next_dagrun for tutorial_taskflow_api_etl_virtualenv to None, run_after=None
[2022-06-08 11:31:50,890] {processor.py:161} INFO - Processing /home/james/airflowa/lib/python3.8/site-packages/airflow/example_dags/tutorial_taskflow_api_etl_virtualenv.py took 0.200 seconds
[2022-06-08 11:32:39,207] {processor.py:153} INFO - Started process (PID=78957) to work on /home/james/airflowa/lib/python3.8/site-packages/airflow/example_dags/tutorial_taskflow_api_etl_virtualenv.py
[2022-06-08 11:32:39,223] {processor.py:641} INFO - Processing file /home/james/airflowa/lib/python3.8/site-packages/airflow/example_dags/tutorial_taskflow_api_etl_virtualenv.py for tasks to queue
[2022-06-08 11:32:39,225] {logging_mixin.py:115} INFO - [2022-06-08 11:32:39,225] {dagbag.py:507} INFO - Filling up the DagBag from /home/james/airflowa/lib/python3.8/site-packages/airflow/example_dags/tutorial_taskflow_api_etl_virtualenv.py
[2022-06-08 11:32:39,279] {processor.py:651} INFO - DAG(s) dict_keys(['tutorial_taskflow_api_etl_virtualenv']) retrieved from /home/james/airflowa/lib/python3.8/site-packages/airflow/example_dags/tutorial_taskflow_api_etl_virtualenv.py
[2022-06-08 11:32:39,357] {logging_mixin.py:115} INFO - [2022-06-08 11:32:39,357] {dag.py:2379} INFO - Sync 1 DAGs
[2022-06-08 11:32:39,380] {logging_mixin.py:115} INFO - [2022-06-08 11:32:39,380] {dag.py:2927} INFO - Setting next_dagrun for tutorial_taskflow_api_etl_virtualenv to None, run_after=None
[2022-06-08 11:32:39,399] {processor.py:161} INFO - Processing /home/james/airflowa/lib/python3.8/site-packages/airflow/example_dags/tutorial_taskflow_api_etl_virtualenv.py took 0.197 seconds
[2022-06-08 11:33:27,178] {processor.py:153} INFO - Started process (PID=79283) to work on /home/james/airflowa/lib/python3.8/site-packages/airflow/example_dags/tutorial_taskflow_api_etl_virtualenv.py
[2022-06-08 11:33:27,179] {processor.py:641} INFO - Processing file /home/james/airflowa/lib/python3.8/site-packages/airflow/example_dags/tutorial_taskflow_api_etl_virtualenv.py for tasks to queue
[2022-06-08 11:33:27,180] {logging_mixin.py:115} INFO - [2022-06-08 11:33:27,180] {dagbag.py:507} INFO - Filling up the DagBag from /home/james/airflowa/lib/python3.8/site-packages/airflow/example_dags/tutorial_taskflow_api_etl_virtualenv.py
[2022-06-08 11:33:27,206] {processor.py:651} INFO - DAG(s) dict_keys(['tutorial_taskflow_api_etl_virtualenv']) retrieved from /home/james/airflowa/lib/python3.8/site-packages/airflow/example_dags/tutorial_taskflow_api_etl_virtualenv.py
[2022-06-08 11:33:27,290] {logging_mixin.py:115} INFO - [2022-06-08 11:33:27,290] {dag.py:2379} INFO - Sync 1 DAGs
[2022-06-08 11:33:27,329] {logging_mixin.py:115} INFO - [2022-06-08 11:33:27,329] {dag.py:2927} INFO - Setting next_dagrun for tutorial_taskflow_api_etl_virtualenv to None, run_after=None
[2022-06-08 11:33:27,354] {processor.py:161} INFO - Processing /home/james/airflowa/lib/python3.8/site-packages/airflow/example_dags/tutorial_taskflow_api_etl_virtualenv.py took 0.179 seconds
[2022-06-08 11:34:16,501] {processor.py:153} INFO - Started process (PID=79708) to work on /home/james/airflowa/lib/python3.8/site-packages/airflow/example_dags/tutorial_taskflow_api_etl_virtualenv.py
[2022-06-08 11:34:16,502] {processor.py:641} INFO - Processing file /home/james/airflowa/lib/python3.8/site-packages/airflow/example_dags/tutorial_taskflow_api_etl_virtualenv.py for tasks to queue
[2022-06-08 11:34:16,504] {logging_mixin.py:115} INFO - [2022-06-08 11:34:16,503] {dagbag.py:507} INFO - Filling up the DagBag from /home/james/airflowa/lib/python3.8/site-packages/airflow/example_dags/tutorial_taskflow_api_etl_virtualenv.py
[2022-06-08 11:34:16,537] {processor.py:651} INFO - DAG(s) dict_keys(['tutorial_taskflow_api_etl_virtualenv']) retrieved from /home/james/airflowa/lib/python3.8/site-packages/airflow/example_dags/tutorial_taskflow_api_etl_virtualenv.py
[2022-06-08 11:34:16,630] {logging_mixin.py:115} INFO - [2022-06-08 11:34:16,630] {dag.py:2379} INFO - Sync 1 DAGs
[2022-06-08 11:34:16,663] {logging_mixin.py:115} INFO - [2022-06-08 11:34:16,662] {dag.py:2927} INFO - Setting next_dagrun for tutorial_taskflow_api_etl_virtualenv to None, run_after=None
[2022-06-08 11:34:16,698] {processor.py:161} INFO - Processing /home/james/airflowa/lib/python3.8/site-packages/airflow/example_dags/tutorial_taskflow_api_etl_virtualenv.py took 0.202 seconds
[2022-06-08 11:35:05,952] {processor.py:153} INFO - Started process (PID=80164) to work on /home/james/airflowa/lib/python3.8/site-packages/airflow/example_dags/tutorial_taskflow_api_etl_virtualenv.py
[2022-06-08 11:35:05,954] {processor.py:641} INFO - Processing file /home/james/airflowa/lib/python3.8/site-packages/airflow/example_dags/tutorial_taskflow_api_etl_virtualenv.py for tasks to queue
[2022-06-08 11:35:05,954] {logging_mixin.py:115} INFO - [2022-06-08 11:35:05,954] {dagbag.py:507} INFO - Filling up the DagBag from /home/james/airflowa/lib/python3.8/site-packages/airflow/example_dags/tutorial_taskflow_api_etl_virtualenv.py
[2022-06-08 11:35:05,971] {processor.py:651} INFO - DAG(s) dict_keys(['tutorial_taskflow_api_etl_virtualenv']) retrieved from /home/james/airflowa/lib/python3.8/site-packages/airflow/example_dags/tutorial_taskflow_api_etl_virtualenv.py
[2022-06-08 11:35:06,011] {logging_mixin.py:115} INFO - [2022-06-08 11:35:06,011] {dag.py:2379} INFO - Sync 1 DAGs
[2022-06-08 11:35:06,025] {logging_mixin.py:115} INFO - [2022-06-08 11:35:06,025] {dag.py:2927} INFO - Setting next_dagrun for tutorial_taskflow_api_etl_virtualenv to None, run_after=None
[2022-06-08 11:35:06,036] {processor.py:161} INFO - Processing /home/james/airflowa/lib/python3.8/site-packages/airflow/example_dags/tutorial_taskflow_api_etl_virtualenv.py took 0.087 seconds
[2022-06-08 12:18:37,743] {processor.py:153} INFO - Started process (PID=102854) to work on /home/james/airflowa/lib/python3.8/site-packages/airflow/example_dags/tutorial_taskflow_api_etl_virtualenv.py
[2022-06-08 12:18:37,747] {processor.py:641} INFO - Processing file /home/james/airflowa/lib/python3.8/site-packages/airflow/example_dags/tutorial_taskflow_api_etl_virtualenv.py for tasks to queue
[2022-06-08 12:18:37,748] {logging_mixin.py:115} INFO - [2022-06-08 12:18:37,748] {dagbag.py:507} INFO - Filling up the DagBag from /home/james/airflowa/lib/python3.8/site-packages/airflow/example_dags/tutorial_taskflow_api_etl_virtualenv.py
[2022-06-08 12:18:37,798] {processor.py:651} INFO - DAG(s) dict_keys(['tutorial_taskflow_api_etl_virtualenv']) retrieved from /home/james/airflowa/lib/python3.8/site-packages/airflow/example_dags/tutorial_taskflow_api_etl_virtualenv.py
[2022-06-08 12:18:37,887] {logging_mixin.py:115} INFO - [2022-06-08 12:18:37,886] {dag.py:2379} INFO - Sync 1 DAGs
[2022-06-08 12:18:37,923] {logging_mixin.py:115} INFO - [2022-06-08 12:18:37,923] {dag.py:2927} INFO - Setting next_dagrun for tutorial_taskflow_api_etl_virtualenv to None, run_after=None
[2022-06-08 12:18:37,943] {processor.py:161} INFO - Processing /home/james/airflowa/lib/python3.8/site-packages/airflow/example_dags/tutorial_taskflow_api_etl_virtualenv.py took 0.203 seconds
[2022-06-08 12:22:14,231] {processor.py:153} INFO - Started process (PID=104861) to work on /home/james/airflowa/lib/python3.8/site-packages/airflow/example_dags/tutorial_taskflow_api_etl_virtualenv.py
[2022-06-08 12:22:14,232] {processor.py:641} INFO - Processing file /home/james/airflowa/lib/python3.8/site-packages/airflow/example_dags/tutorial_taskflow_api_etl_virtualenv.py for tasks to queue
[2022-06-08 12:22:14,233] {logging_mixin.py:115} INFO - [2022-06-08 12:22:14,233] {dagbag.py:507} INFO - Filling up the DagBag from /home/james/airflowa/lib/python3.8/site-packages/airflow/example_dags/tutorial_taskflow_api_etl_virtualenv.py
[2022-06-08 12:22:14,261] {processor.py:651} INFO - DAG(s) dict_keys(['tutorial_taskflow_api_etl_virtualenv']) retrieved from /home/james/airflowa/lib/python3.8/site-packages/airflow/example_dags/tutorial_taskflow_api_etl_virtualenv.py
[2022-06-08 12:22:14,320] {logging_mixin.py:115} INFO - [2022-06-08 12:22:14,320] {dag.py:2379} INFO - Sync 1 DAGs
[2022-06-08 12:22:14,344] {logging_mixin.py:115} INFO - [2022-06-08 12:22:14,344] {dag.py:2927} INFO - Setting next_dagrun for tutorial_taskflow_api_etl_virtualenv to None, run_after=None
[2022-06-08 12:22:14,360] {processor.py:161} INFO - Processing /home/james/airflowa/lib/python3.8/site-packages/airflow/example_dags/tutorial_taskflow_api_etl_virtualenv.py took 0.132 seconds
[2022-06-08 12:22:52,122] {processor.py:153} INFO - Started process (PID=105088) to work on /home/james/airflowa/lib/python3.8/site-packages/airflow/example_dags/tutorial_taskflow_api_etl_virtualenv.py
[2022-06-08 12:22:52,124] {processor.py:641} INFO - Processing file /home/james/airflowa/lib/python3.8/site-packages/airflow/example_dags/tutorial_taskflow_api_etl_virtualenv.py for tasks to queue
[2022-06-08 12:22:52,125] {logging_mixin.py:115} INFO - [2022-06-08 12:22:52,124] {dagbag.py:507} INFO - Filling up the DagBag from /home/james/airflowa/lib/python3.8/site-packages/airflow/example_dags/tutorial_taskflow_api_etl_virtualenv.py
[2022-06-08 12:22:52,162] {processor.py:651} INFO - DAG(s) dict_keys(['tutorial_taskflow_api_etl_virtualenv']) retrieved from /home/james/airflowa/lib/python3.8/site-packages/airflow/example_dags/tutorial_taskflow_api_etl_virtualenv.py
[2022-06-08 12:22:52,236] {logging_mixin.py:115} INFO - [2022-06-08 12:22:52,236] {dag.py:2379} INFO - Sync 1 DAGs
[2022-06-08 12:22:52,261] {logging_mixin.py:115} INFO - [2022-06-08 12:22:52,261] {dag.py:2927} INFO - Setting next_dagrun for tutorial_taskflow_api_etl_virtualenv to None, run_after=None
[2022-06-08 12:22:52,277] {processor.py:161} INFO - Processing /home/james/airflowa/lib/python3.8/site-packages/airflow/example_dags/tutorial_taskflow_api_etl_virtualenv.py took 0.169 seconds
[2022-06-08 12:34:54,124] {processor.py:153} INFO - Started process (PID=111837) to work on /home/james/airflowa/lib/python3.8/site-packages/airflow/example_dags/tutorial_taskflow_api_etl_virtualenv.py
[2022-06-08 12:34:54,128] {processor.py:641} INFO - Processing file /home/james/airflowa/lib/python3.8/site-packages/airflow/example_dags/tutorial_taskflow_api_etl_virtualenv.py for tasks to queue
[2022-06-08 12:34:54,129] {logging_mixin.py:115} INFO - [2022-06-08 12:34:54,128] {dagbag.py:507} INFO - Filling up the DagBag from /home/james/airflowa/lib/python3.8/site-packages/airflow/example_dags/tutorial_taskflow_api_etl_virtualenv.py
[2022-06-08 12:34:54,295] {processor.py:651} INFO - DAG(s) dict_keys(['tutorial_taskflow_api_etl_virtualenv']) retrieved from /home/james/airflowa/lib/python3.8/site-packages/airflow/example_dags/tutorial_taskflow_api_etl_virtualenv.py
[2022-06-08 12:34:54,527] {logging_mixin.py:115} INFO - [2022-06-08 12:34:54,526] {dag.py:2379} INFO - Sync 1 DAGs
[2022-06-08 12:34:54,582] {logging_mixin.py:115} INFO - [2022-06-08 12:34:54,582] {dag.py:2927} INFO - Setting next_dagrun for tutorial_taskflow_api_etl_virtualenv to None, run_after=None
[2022-06-08 12:34:54,668] {processor.py:161} INFO - Processing /home/james/airflowa/lib/python3.8/site-packages/airflow/example_dags/tutorial_taskflow_api_etl_virtualenv.py took 0.548 seconds
[2022-06-08 12:38:30,863] {processor.py:153} INFO - Started process (PID=115195) to work on /home/james/airflowa/lib/python3.8/site-packages/airflow/example_dags/tutorial_taskflow_api_etl_virtualenv.py
[2022-06-08 12:38:30,891] {processor.py:641} INFO - Processing file /home/james/airflowa/lib/python3.8/site-packages/airflow/example_dags/tutorial_taskflow_api_etl_virtualenv.py for tasks to queue
[2022-06-08 12:38:30,894] {logging_mixin.py:115} INFO - [2022-06-08 12:38:30,894] {dagbag.py:507} INFO - Filling up the DagBag from /home/james/airflowa/lib/python3.8/site-packages/airflow/example_dags/tutorial_taskflow_api_etl_virtualenv.py
[2022-06-08 12:38:31,228] {processor.py:651} INFO - DAG(s) dict_keys(['tutorial_taskflow_api_etl_virtualenv']) retrieved from /home/james/airflowa/lib/python3.8/site-packages/airflow/example_dags/tutorial_taskflow_api_etl_virtualenv.py
[2022-06-08 12:38:32,066] {logging_mixin.py:115} INFO - [2022-06-08 12:38:32,066] {dag.py:2379} INFO - Sync 1 DAGs
[2022-06-08 12:38:32,161] {logging_mixin.py:115} INFO - [2022-06-08 12:38:32,160] {dag.py:2927} INFO - Setting next_dagrun for tutorial_taskflow_api_etl_virtualenv to None, run_after=None
[2022-06-08 12:38:32,286] {processor.py:161} INFO - Processing /home/james/airflowa/lib/python3.8/site-packages/airflow/example_dags/tutorial_taskflow_api_etl_virtualenv.py took 1.451 seconds
[2022-06-08 12:39:26,898] {processor.py:153} INFO - Started process (PID=115634) to work on /home/james/airflowa/lib/python3.8/site-packages/airflow/example_dags/tutorial_taskflow_api_etl_virtualenv.py
[2022-06-08 12:39:26,899] {processor.py:641} INFO - Processing file /home/james/airflowa/lib/python3.8/site-packages/airflow/example_dags/tutorial_taskflow_api_etl_virtualenv.py for tasks to queue
[2022-06-08 12:39:26,900] {logging_mixin.py:115} INFO - [2022-06-08 12:39:26,900] {dagbag.py:507} INFO - Filling up the DagBag from /home/james/airflowa/lib/python3.8/site-packages/airflow/example_dags/tutorial_taskflow_api_etl_virtualenv.py
[2022-06-08 12:39:26,943] {processor.py:651} INFO - DAG(s) dict_keys(['tutorial_taskflow_api_etl_virtualenv']) retrieved from /home/james/airflowa/lib/python3.8/site-packages/airflow/example_dags/tutorial_taskflow_api_etl_virtualenv.py
[2022-06-08 12:39:27,027] {logging_mixin.py:115} INFO - [2022-06-08 12:39:27,027] {dag.py:2379} INFO - Sync 1 DAGs
[2022-06-08 12:39:27,051] {logging_mixin.py:115} INFO - [2022-06-08 12:39:27,051] {dag.py:2927} INFO - Setting next_dagrun for tutorial_taskflow_api_etl_virtualenv to None, run_after=None
[2022-06-08 12:39:27,080] {processor.py:161} INFO - Processing /home/james/airflowa/lib/python3.8/site-packages/airflow/example_dags/tutorial_taskflow_api_etl_virtualenv.py took 0.188 seconds
[2022-06-08 12:40:17,922] {processor.py:153} INFO - Started process (PID=116394) to work on /home/james/airflowa/lib/python3.8/site-packages/airflow/example_dags/tutorial_taskflow_api_etl_virtualenv.py
[2022-06-08 12:40:17,923] {processor.py:641} INFO - Processing file /home/james/airflowa/lib/python3.8/site-packages/airflow/example_dags/tutorial_taskflow_api_etl_virtualenv.py for tasks to queue
[2022-06-08 12:40:17,923] {logging_mixin.py:115} INFO - [2022-06-08 12:40:17,923] {dagbag.py:507} INFO - Filling up the DagBag from /home/james/airflowa/lib/python3.8/site-packages/airflow/example_dags/tutorial_taskflow_api_etl_virtualenv.py
[2022-06-08 12:40:17,940] {processor.py:651} INFO - DAG(s) dict_keys(['tutorial_taskflow_api_etl_virtualenv']) retrieved from /home/james/airflowa/lib/python3.8/site-packages/airflow/example_dags/tutorial_taskflow_api_etl_virtualenv.py
[2022-06-08 12:40:17,978] {logging_mixin.py:115} INFO - [2022-06-08 12:40:17,978] {dag.py:2379} INFO - Sync 1 DAGs
[2022-06-08 12:40:17,988] {logging_mixin.py:115} INFO - [2022-06-08 12:40:17,988] {dag.py:2927} INFO - Setting next_dagrun for tutorial_taskflow_api_etl_virtualenv to None, run_after=None
[2022-06-08 12:40:18,000] {processor.py:161} INFO - Processing /home/james/airflowa/lib/python3.8/site-packages/airflow/example_dags/tutorial_taskflow_api_etl_virtualenv.py took 0.080 seconds
[2022-06-08 12:41:24,790] {processor.py:153} INFO - Started process (PID=116813) to work on /home/james/airflowa/lib/python3.8/site-packages/airflow/example_dags/tutorial_taskflow_api_etl_virtualenv.py
[2022-06-08 12:41:24,791] {processor.py:641} INFO - Processing file /home/james/airflowa/lib/python3.8/site-packages/airflow/example_dags/tutorial_taskflow_api_etl_virtualenv.py for tasks to queue
[2022-06-08 12:41:24,792] {logging_mixin.py:115} INFO - [2022-06-08 12:41:24,792] {dagbag.py:507} INFO - Filling up the DagBag from /home/james/airflowa/lib/python3.8/site-packages/airflow/example_dags/tutorial_taskflow_api_etl_virtualenv.py
[2022-06-08 12:41:24,830] {processor.py:651} INFO - DAG(s) dict_keys(['tutorial_taskflow_api_etl_virtualenv']) retrieved from /home/james/airflowa/lib/python3.8/site-packages/airflow/example_dags/tutorial_taskflow_api_etl_virtualenv.py
[2022-06-08 12:41:24,857] {logging_mixin.py:115} INFO - [2022-06-08 12:41:24,857] {dag.py:2379} INFO - Sync 1 DAGs
[2022-06-08 12:41:24,888] {logging_mixin.py:115} INFO - [2022-06-08 12:41:24,888] {dag.py:2927} INFO - Setting next_dagrun for tutorial_taskflow_api_etl_virtualenv to None, run_after=None
[2022-06-08 12:41:24,908] {processor.py:161} INFO - Processing /home/james/airflowa/lib/python3.8/site-packages/airflow/example_dags/tutorial_taskflow_api_etl_virtualenv.py took 0.123 seconds
[2022-06-08 12:44:32,265] {processor.py:153} INFO - Started process (PID=117854) to work on /home/james/airflowa/lib/python3.8/site-packages/airflow/example_dags/tutorial_taskflow_api_etl_virtualenv.py
[2022-06-08 12:44:32,266] {processor.py:641} INFO - Processing file /home/james/airflowa/lib/python3.8/site-packages/airflow/example_dags/tutorial_taskflow_api_etl_virtualenv.py for tasks to queue
[2022-06-08 12:44:32,267] {logging_mixin.py:115} INFO - [2022-06-08 12:44:32,267] {dagbag.py:507} INFO - Filling up the DagBag from /home/james/airflowa/lib/python3.8/site-packages/airflow/example_dags/tutorial_taskflow_api_etl_virtualenv.py
[2022-06-08 12:44:32,299] {processor.py:651} INFO - DAG(s) dict_keys(['tutorial_taskflow_api_etl_virtualenv']) retrieved from /home/james/airflowa/lib/python3.8/site-packages/airflow/example_dags/tutorial_taskflow_api_etl_virtualenv.py
[2022-06-08 12:44:32,371] {logging_mixin.py:115} INFO - [2022-06-08 12:44:32,371] {dag.py:2379} INFO - Sync 1 DAGs
[2022-06-08 12:44:32,391] {logging_mixin.py:115} INFO - [2022-06-08 12:44:32,390] {dag.py:2927} INFO - Setting next_dagrun for tutorial_taskflow_api_etl_virtualenv to None, run_after=None
[2022-06-08 12:44:32,414] {processor.py:161} INFO - Processing /home/james/airflowa/lib/python3.8/site-packages/airflow/example_dags/tutorial_taskflow_api_etl_virtualenv.py took 0.153 seconds
[2022-06-08 12:45:19,982] {processor.py:153} INFO - Started process (PID=118159) to work on /home/james/airflowa/lib/python3.8/site-packages/airflow/example_dags/tutorial_taskflow_api_etl_virtualenv.py
[2022-06-08 12:45:19,983] {processor.py:641} INFO - Processing file /home/james/airflowa/lib/python3.8/site-packages/airflow/example_dags/tutorial_taskflow_api_etl_virtualenv.py for tasks to queue
[2022-06-08 12:45:19,983] {logging_mixin.py:115} INFO - [2022-06-08 12:45:19,983] {dagbag.py:507} INFO - Filling up the DagBag from /home/james/airflowa/lib/python3.8/site-packages/airflow/example_dags/tutorial_taskflow_api_etl_virtualenv.py
[2022-06-08 12:45:20,010] {processor.py:651} INFO - DAG(s) dict_keys(['tutorial_taskflow_api_etl_virtualenv']) retrieved from /home/james/airflowa/lib/python3.8/site-packages/airflow/example_dags/tutorial_taskflow_api_etl_virtualenv.py
[2022-06-08 12:45:20,066] {logging_mixin.py:115} INFO - [2022-06-08 12:45:20,066] {dag.py:2379} INFO - Sync 1 DAGs
[2022-06-08 12:45:20,085] {logging_mixin.py:115} INFO - [2022-06-08 12:45:20,085] {dag.py:2927} INFO - Setting next_dagrun for tutorial_taskflow_api_etl_virtualenv to None, run_after=None
[2022-06-08 12:45:20,101] {processor.py:161} INFO - Processing /home/james/airflowa/lib/python3.8/site-packages/airflow/example_dags/tutorial_taskflow_api_etl_virtualenv.py took 0.122 seconds
[2022-06-08 12:45:59,411] {processor.py:153} INFO - Started process (PID=118422) to work on /home/james/airflowa/lib/python3.8/site-packages/airflow/example_dags/tutorial_taskflow_api_etl_virtualenv.py
[2022-06-08 12:45:59,412] {processor.py:641} INFO - Processing file /home/james/airflowa/lib/python3.8/site-packages/airflow/example_dags/tutorial_taskflow_api_etl_virtualenv.py for tasks to queue
[2022-06-08 12:45:59,412] {logging_mixin.py:115} INFO - [2022-06-08 12:45:59,412] {dagbag.py:507} INFO - Filling up the DagBag from /home/james/airflowa/lib/python3.8/site-packages/airflow/example_dags/tutorial_taskflow_api_etl_virtualenv.py
[2022-06-08 12:45:59,432] {processor.py:651} INFO - DAG(s) dict_keys(['tutorial_taskflow_api_etl_virtualenv']) retrieved from /home/james/airflowa/lib/python3.8/site-packages/airflow/example_dags/tutorial_taskflow_api_etl_virtualenv.py
[2022-06-08 12:45:59,469] {logging_mixin.py:115} INFO - [2022-06-08 12:45:59,469] {dag.py:2379} INFO - Sync 1 DAGs
[2022-06-08 12:45:59,481] {logging_mixin.py:115} INFO - [2022-06-08 12:45:59,481] {dag.py:2927} INFO - Setting next_dagrun for tutorial_taskflow_api_etl_virtualenv to None, run_after=None
[2022-06-08 12:45:59,492] {processor.py:161} INFO - Processing /home/james/airflowa/lib/python3.8/site-packages/airflow/example_dags/tutorial_taskflow_api_etl_virtualenv.py took 0.084 seconds
[2022-06-08 12:46:54,532] {processor.py:153} INFO - Started process (PID=118719) to work on /home/james/airflowa/lib/python3.8/site-packages/airflow/example_dags/tutorial_taskflow_api_etl_virtualenv.py
[2022-06-08 12:46:54,538] {processor.py:641} INFO - Processing file /home/james/airflowa/lib/python3.8/site-packages/airflow/example_dags/tutorial_taskflow_api_etl_virtualenv.py for tasks to queue
[2022-06-08 12:46:54,538] {logging_mixin.py:115} INFO - [2022-06-08 12:46:54,538] {dagbag.py:507} INFO - Filling up the DagBag from /home/james/airflowa/lib/python3.8/site-packages/airflow/example_dags/tutorial_taskflow_api_etl_virtualenv.py
[2022-06-08 12:46:54,562] {processor.py:651} INFO - DAG(s) dict_keys(['tutorial_taskflow_api_etl_virtualenv']) retrieved from /home/james/airflowa/lib/python3.8/site-packages/airflow/example_dags/tutorial_taskflow_api_etl_virtualenv.py
[2022-06-08 12:46:54,576] {logging_mixin.py:115} INFO - [2022-06-08 12:46:54,576] {dag.py:2379} INFO - Sync 1 DAGs
[2022-06-08 12:46:54,593] {logging_mixin.py:115} INFO - [2022-06-08 12:46:54,593] {dag.py:2927} INFO - Setting next_dagrun for tutorial_taskflow_api_etl_virtualenv to None, run_after=None
[2022-06-08 12:46:54,607] {processor.py:161} INFO - Processing /home/james/airflowa/lib/python3.8/site-packages/airflow/example_dags/tutorial_taskflow_api_etl_virtualenv.py took 0.078 seconds
[2022-06-08 12:48:14,381] {processor.py:153} INFO - Started process (PID=119611) to work on /home/james/airflowa/lib/python3.8/site-packages/airflow/example_dags/tutorial_taskflow_api_etl_virtualenv.py
[2022-06-08 12:48:14,382] {processor.py:641} INFO - Processing file /home/james/airflowa/lib/python3.8/site-packages/airflow/example_dags/tutorial_taskflow_api_etl_virtualenv.py for tasks to queue
[2022-06-08 12:48:14,383] {logging_mixin.py:115} INFO - [2022-06-08 12:48:14,383] {dagbag.py:507} INFO - Filling up the DagBag from /home/james/airflowa/lib/python3.8/site-packages/airflow/example_dags/tutorial_taskflow_api_etl_virtualenv.py
[2022-06-08 12:48:14,408] {processor.py:651} INFO - DAG(s) dict_keys(['tutorial_taskflow_api_etl_virtualenv']) retrieved from /home/james/airflowa/lib/python3.8/site-packages/airflow/example_dags/tutorial_taskflow_api_etl_virtualenv.py
[2022-06-08 12:48:14,451] {logging_mixin.py:115} INFO - [2022-06-08 12:48:14,451] {dag.py:2379} INFO - Sync 1 DAGs
[2022-06-08 12:48:14,471] {logging_mixin.py:115} INFO - [2022-06-08 12:48:14,471] {dag.py:2927} INFO - Setting next_dagrun for tutorial_taskflow_api_etl_virtualenv to None, run_after=None
[2022-06-08 12:48:14,486] {processor.py:161} INFO - Processing /home/james/airflowa/lib/python3.8/site-packages/airflow/example_dags/tutorial_taskflow_api_etl_virtualenv.py took 0.107 seconds
[2022-06-08 12:48:57,828] {processor.py:153} INFO - Started process (PID=119999) to work on /home/james/airflowa/lib/python3.8/site-packages/airflow/example_dags/tutorial_taskflow_api_etl_virtualenv.py
[2022-06-08 12:48:57,830] {processor.py:641} INFO - Processing file /home/james/airflowa/lib/python3.8/site-packages/airflow/example_dags/tutorial_taskflow_api_etl_virtualenv.py for tasks to queue
[2022-06-08 12:48:57,831] {logging_mixin.py:115} INFO - [2022-06-08 12:48:57,831] {dagbag.py:507} INFO - Filling up the DagBag from /home/james/airflowa/lib/python3.8/site-packages/airflow/example_dags/tutorial_taskflow_api_etl_virtualenv.py
[2022-06-08 12:48:57,865] {processor.py:651} INFO - DAG(s) dict_keys(['tutorial_taskflow_api_etl_virtualenv']) retrieved from /home/james/airflowa/lib/python3.8/site-packages/airflow/example_dags/tutorial_taskflow_api_etl_virtualenv.py
[2022-06-08 12:48:57,981] {logging_mixin.py:115} INFO - [2022-06-08 12:48:57,981] {dag.py:2379} INFO - Sync 1 DAGs
[2022-06-08 12:48:58,035] {logging_mixin.py:115} INFO - [2022-06-08 12:48:58,035] {dag.py:2927} INFO - Setting next_dagrun for tutorial_taskflow_api_etl_virtualenv to None, run_after=None
[2022-06-08 12:48:58,065] {processor.py:161} INFO - Processing /home/james/airflowa/lib/python3.8/site-packages/airflow/example_dags/tutorial_taskflow_api_etl_virtualenv.py took 0.241 seconds
[2022-06-08 12:50:15,676] {processor.py:153} INFO - Started process (PID=120849) to work on /home/james/airflowa/lib/python3.8/site-packages/airflow/example_dags/tutorial_taskflow_api_etl_virtualenv.py
[2022-06-08 12:50:15,678] {processor.py:641} INFO - Processing file /home/james/airflowa/lib/python3.8/site-packages/airflow/example_dags/tutorial_taskflow_api_etl_virtualenv.py for tasks to queue
[2022-06-08 12:50:15,680] {logging_mixin.py:115} INFO - [2022-06-08 12:50:15,680] {dagbag.py:507} INFO - Filling up the DagBag from /home/james/airflowa/lib/python3.8/site-packages/airflow/example_dags/tutorial_taskflow_api_etl_virtualenv.py
[2022-06-08 12:50:15,732] {processor.py:651} INFO - DAG(s) dict_keys(['tutorial_taskflow_api_etl_virtualenv']) retrieved from /home/james/airflowa/lib/python3.8/site-packages/airflow/example_dags/tutorial_taskflow_api_etl_virtualenv.py
[2022-06-08 12:50:15,775] {logging_mixin.py:115} INFO - [2022-06-08 12:50:15,774] {dag.py:2379} INFO - Sync 1 DAGs
[2022-06-08 12:50:15,820] {logging_mixin.py:115} INFO - [2022-06-08 12:50:15,819] {dag.py:2927} INFO - Setting next_dagrun for tutorial_taskflow_api_etl_virtualenv to None, run_after=None
[2022-06-08 12:50:15,854] {processor.py:161} INFO - Processing /home/james/airflowa/lib/python3.8/site-packages/airflow/example_dags/tutorial_taskflow_api_etl_virtualenv.py took 0.187 seconds
[2022-06-08 12:51:53,971] {processor.py:153} INFO - Started process (PID=121284) to work on /home/james/airflowa/lib/python3.8/site-packages/airflow/example_dags/tutorial_taskflow_api_etl_virtualenv.py
[2022-06-08 12:51:53,973] {processor.py:641} INFO - Processing file /home/james/airflowa/lib/python3.8/site-packages/airflow/example_dags/tutorial_taskflow_api_etl_virtualenv.py for tasks to queue
[2022-06-08 12:51:53,975] {logging_mixin.py:115} INFO - [2022-06-08 12:51:53,975] {dagbag.py:507} INFO - Filling up the DagBag from /home/james/airflowa/lib/python3.8/site-packages/airflow/example_dags/tutorial_taskflow_api_etl_virtualenv.py
[2022-06-08 12:51:54,013] {processor.py:651} INFO - DAG(s) dict_keys(['tutorial_taskflow_api_etl_virtualenv']) retrieved from /home/james/airflowa/lib/python3.8/site-packages/airflow/example_dags/tutorial_taskflow_api_etl_virtualenv.py
[2022-06-08 12:51:54,129] {logging_mixin.py:115} INFO - [2022-06-08 12:51:54,129] {dag.py:2379} INFO - Sync 1 DAGs
[2022-06-08 12:51:54,173] {logging_mixin.py:115} INFO - [2022-06-08 12:51:54,173] {dag.py:2927} INFO - Setting next_dagrun for tutorial_taskflow_api_etl_virtualenv to None, run_after=None
[2022-06-08 12:51:54,202] {processor.py:161} INFO - Processing /home/james/airflowa/lib/python3.8/site-packages/airflow/example_dags/tutorial_taskflow_api_etl_virtualenv.py took 0.237 seconds
[2022-06-08 12:53:01,658] {processor.py:153} INFO - Started process (PID=121690) to work on /home/james/airflowa/lib/python3.8/site-packages/airflow/example_dags/tutorial_taskflow_api_etl_virtualenv.py
[2022-06-08 12:53:01,659] {processor.py:641} INFO - Processing file /home/james/airflowa/lib/python3.8/site-packages/airflow/example_dags/tutorial_taskflow_api_etl_virtualenv.py for tasks to queue
[2022-06-08 12:53:01,660] {logging_mixin.py:115} INFO - [2022-06-08 12:53:01,660] {dagbag.py:507} INFO - Filling up the DagBag from /home/james/airflowa/lib/python3.8/site-packages/airflow/example_dags/tutorial_taskflow_api_etl_virtualenv.py
[2022-06-08 12:53:01,712] {processor.py:651} INFO - DAG(s) dict_keys(['tutorial_taskflow_api_etl_virtualenv']) retrieved from /home/james/airflowa/lib/python3.8/site-packages/airflow/example_dags/tutorial_taskflow_api_etl_virtualenv.py
[2022-06-08 12:53:01,756] {logging_mixin.py:115} INFO - [2022-06-08 12:53:01,756] {dag.py:2379} INFO - Sync 1 DAGs
[2022-06-08 12:53:01,816] {logging_mixin.py:115} INFO - [2022-06-08 12:53:01,815] {dag.py:2927} INFO - Setting next_dagrun for tutorial_taskflow_api_etl_virtualenv to None, run_after=None
[2022-06-08 12:53:01,908] {processor.py:161} INFO - Processing /home/james/airflowa/lib/python3.8/site-packages/airflow/example_dags/tutorial_taskflow_api_etl_virtualenv.py took 0.256 seconds
[2022-06-08 12:53:42,922] {processor.py:153} INFO - Started process (PID=122013) to work on /home/james/airflowa/lib/python3.8/site-packages/airflow/example_dags/tutorial_taskflow_api_etl_virtualenv.py
[2022-06-08 12:53:42,924] {processor.py:641} INFO - Processing file /home/james/airflowa/lib/python3.8/site-packages/airflow/example_dags/tutorial_taskflow_api_etl_virtualenv.py for tasks to queue
[2022-06-08 12:53:42,926] {logging_mixin.py:115} INFO - [2022-06-08 12:53:42,925] {dagbag.py:507} INFO - Filling up the DagBag from /home/james/airflowa/lib/python3.8/site-packages/airflow/example_dags/tutorial_taskflow_api_etl_virtualenv.py
[2022-06-08 12:53:42,974] {processor.py:651} INFO - DAG(s) dict_keys(['tutorial_taskflow_api_etl_virtualenv']) retrieved from /home/james/airflowa/lib/python3.8/site-packages/airflow/example_dags/tutorial_taskflow_api_etl_virtualenv.py
[2022-06-08 12:53:43,078] {logging_mixin.py:115} INFO - [2022-06-08 12:53:43,078] {dag.py:2379} INFO - Sync 1 DAGs
[2022-06-08 12:53:43,123] {logging_mixin.py:115} INFO - [2022-06-08 12:53:43,123] {dag.py:2927} INFO - Setting next_dagrun for tutorial_taskflow_api_etl_virtualenv to None, run_after=None
[2022-06-08 12:53:43,156] {processor.py:161} INFO - Processing /home/james/airflowa/lib/python3.8/site-packages/airflow/example_dags/tutorial_taskflow_api_etl_virtualenv.py took 0.239 seconds
[2022-06-08 12:54:58,356] {processor.py:153} INFO - Started process (PID=122538) to work on /home/james/airflowa/lib/python3.8/site-packages/airflow/example_dags/tutorial_taskflow_api_etl_virtualenv.py
[2022-06-08 12:54:58,358] {processor.py:641} INFO - Processing file /home/james/airflowa/lib/python3.8/site-packages/airflow/example_dags/tutorial_taskflow_api_etl_virtualenv.py for tasks to queue
[2022-06-08 12:54:58,360] {logging_mixin.py:115} INFO - [2022-06-08 12:54:58,359] {dagbag.py:507} INFO - Filling up the DagBag from /home/james/airflowa/lib/python3.8/site-packages/airflow/example_dags/tutorial_taskflow_api_etl_virtualenv.py
[2022-06-08 12:54:58,411] {processor.py:651} INFO - DAG(s) dict_keys(['tutorial_taskflow_api_etl_virtualenv']) retrieved from /home/james/airflowa/lib/python3.8/site-packages/airflow/example_dags/tutorial_taskflow_api_etl_virtualenv.py
[2022-06-08 12:54:58,451] {logging_mixin.py:115} INFO - [2022-06-08 12:54:58,451] {dag.py:2379} INFO - Sync 1 DAGs
[2022-06-08 12:54:58,505] {logging_mixin.py:115} INFO - [2022-06-08 12:54:58,504] {dag.py:2927} INFO - Setting next_dagrun for tutorial_taskflow_api_etl_virtualenv to None, run_after=None
[2022-06-08 12:54:58,536] {processor.py:161} INFO - Processing /home/james/airflowa/lib/python3.8/site-packages/airflow/example_dags/tutorial_taskflow_api_etl_virtualenv.py took 0.190 seconds
[2022-06-08 12:56:07,894] {processor.py:153} INFO - Started process (PID=122925) to work on /home/james/airflowa/lib/python3.8/site-packages/airflow/example_dags/tutorial_taskflow_api_etl_virtualenv.py
[2022-06-08 12:56:07,895] {processor.py:641} INFO - Processing file /home/james/airflowa/lib/python3.8/site-packages/airflow/example_dags/tutorial_taskflow_api_etl_virtualenv.py for tasks to queue
[2022-06-08 12:56:07,896] {logging_mixin.py:115} INFO - [2022-06-08 12:56:07,895] {dagbag.py:507} INFO - Filling up the DagBag from /home/james/airflowa/lib/python3.8/site-packages/airflow/example_dags/tutorial_taskflow_api_etl_virtualenv.py
[2022-06-08 12:56:07,917] {processor.py:651} INFO - DAG(s) dict_keys(['tutorial_taskflow_api_etl_virtualenv']) retrieved from /home/james/airflowa/lib/python3.8/site-packages/airflow/example_dags/tutorial_taskflow_api_etl_virtualenv.py
[2022-06-08 12:56:07,971] {logging_mixin.py:115} INFO - [2022-06-08 12:56:07,970] {dag.py:2379} INFO - Sync 1 DAGs
[2022-06-08 12:56:07,993] {logging_mixin.py:115} INFO - [2022-06-08 12:56:07,992] {dag.py:2927} INFO - Setting next_dagrun for tutorial_taskflow_api_etl_virtualenv to None, run_after=None
[2022-06-08 12:56:08,008] {processor.py:161} INFO - Processing /home/james/airflowa/lib/python3.8/site-packages/airflow/example_dags/tutorial_taskflow_api_etl_virtualenv.py took 0.117 seconds
[2022-06-08 12:57:18,602] {processor.py:153} INFO - Started process (PID=123233) to work on /home/james/airflowa/lib/python3.8/site-packages/airflow/example_dags/tutorial_taskflow_api_etl_virtualenv.py
[2022-06-08 12:57:18,605] {processor.py:641} INFO - Processing file /home/james/airflowa/lib/python3.8/site-packages/airflow/example_dags/tutorial_taskflow_api_etl_virtualenv.py for tasks to queue
[2022-06-08 12:57:18,606] {logging_mixin.py:115} INFO - [2022-06-08 12:57:18,606] {dagbag.py:507} INFO - Filling up the DagBag from /home/james/airflowa/lib/python3.8/site-packages/airflow/example_dags/tutorial_taskflow_api_etl_virtualenv.py
[2022-06-08 12:57:18,632] {processor.py:651} INFO - DAG(s) dict_keys(['tutorial_taskflow_api_etl_virtualenv']) retrieved from /home/james/airflowa/lib/python3.8/site-packages/airflow/example_dags/tutorial_taskflow_api_etl_virtualenv.py
[2022-06-08 12:57:18,650] {logging_mixin.py:115} INFO - [2022-06-08 12:57:18,649] {dag.py:2379} INFO - Sync 1 DAGs
[2022-06-08 12:57:18,679] {logging_mixin.py:115} INFO - [2022-06-08 12:57:18,679] {dag.py:2927} INFO - Setting next_dagrun for tutorial_taskflow_api_etl_virtualenv to None, run_after=None
[2022-06-08 12:57:18,700] {processor.py:161} INFO - Processing /home/james/airflowa/lib/python3.8/site-packages/airflow/example_dags/tutorial_taskflow_api_etl_virtualenv.py took 0.101 seconds
[2022-06-08 12:58:04,964] {processor.py:153} INFO - Started process (PID=123507) to work on /home/james/airflowa/lib/python3.8/site-packages/airflow/example_dags/tutorial_taskflow_api_etl_virtualenv.py
[2022-06-08 12:58:04,966] {processor.py:641} INFO - Processing file /home/james/airflowa/lib/python3.8/site-packages/airflow/example_dags/tutorial_taskflow_api_etl_virtualenv.py for tasks to queue
[2022-06-08 12:58:04,966] {logging_mixin.py:115} INFO - [2022-06-08 12:58:04,966] {dagbag.py:507} INFO - Filling up the DagBag from /home/james/airflowa/lib/python3.8/site-packages/airflow/example_dags/tutorial_taskflow_api_etl_virtualenv.py
[2022-06-08 12:58:04,994] {processor.py:651} INFO - DAG(s) dict_keys(['tutorial_taskflow_api_etl_virtualenv']) retrieved from /home/james/airflowa/lib/python3.8/site-packages/airflow/example_dags/tutorial_taskflow_api_etl_virtualenv.py
[2022-06-08 12:58:05,016] {logging_mixin.py:115} INFO - [2022-06-08 12:58:05,016] {dag.py:2379} INFO - Sync 1 DAGs
[2022-06-08 12:58:05,045] {logging_mixin.py:115} INFO - [2022-06-08 12:58:05,045] {dag.py:2927} INFO - Setting next_dagrun for tutorial_taskflow_api_etl_virtualenv to None, run_after=None
[2022-06-08 12:58:05,064] {processor.py:161} INFO - Processing /home/james/airflowa/lib/python3.8/site-packages/airflow/example_dags/tutorial_taskflow_api_etl_virtualenv.py took 0.104 seconds
[2022-06-08 12:58:48,939] {processor.py:153} INFO - Started process (PID=123815) to work on /home/james/airflowa/lib/python3.8/site-packages/airflow/example_dags/tutorial_taskflow_api_etl_virtualenv.py
[2022-06-08 12:58:48,939] {processor.py:641} INFO - Processing file /home/james/airflowa/lib/python3.8/site-packages/airflow/example_dags/tutorial_taskflow_api_etl_virtualenv.py for tasks to queue
[2022-06-08 12:58:48,940] {logging_mixin.py:115} INFO - [2022-06-08 12:58:48,940] {dagbag.py:507} INFO - Filling up the DagBag from /home/james/airflowa/lib/python3.8/site-packages/airflow/example_dags/tutorial_taskflow_api_etl_virtualenv.py
[2022-06-08 12:58:48,960] {processor.py:651} INFO - DAG(s) dict_keys(['tutorial_taskflow_api_etl_virtualenv']) retrieved from /home/james/airflowa/lib/python3.8/site-packages/airflow/example_dags/tutorial_taskflow_api_etl_virtualenv.py
[2022-06-08 12:58:49,000] {logging_mixin.py:115} INFO - [2022-06-08 12:58:49,000] {dag.py:2379} INFO - Sync 1 DAGs
[2022-06-08 12:58:49,015] {logging_mixin.py:115} INFO - [2022-06-08 12:58:49,015] {dag.py:2927} INFO - Setting next_dagrun for tutorial_taskflow_api_etl_virtualenv to None, run_after=None
[2022-06-08 12:58:49,026] {processor.py:161} INFO - Processing /home/james/airflowa/lib/python3.8/site-packages/airflow/example_dags/tutorial_taskflow_api_etl_virtualenv.py took 0.090 seconds
[2022-06-08 12:59:23,719] {processor.py:153} INFO - Started process (PID=124041) to work on /home/james/airflowa/lib/python3.8/site-packages/airflow/example_dags/tutorial_taskflow_api_etl_virtualenv.py
[2022-06-08 12:59:23,720] {processor.py:641} INFO - Processing file /home/james/airflowa/lib/python3.8/site-packages/airflow/example_dags/tutorial_taskflow_api_etl_virtualenv.py for tasks to queue
[2022-06-08 12:59:23,720] {logging_mixin.py:115} INFO - [2022-06-08 12:59:23,720] {dagbag.py:507} INFO - Filling up the DagBag from /home/james/airflowa/lib/python3.8/site-packages/airflow/example_dags/tutorial_taskflow_api_etl_virtualenv.py
[2022-06-08 12:59:23,735] {processor.py:651} INFO - DAG(s) dict_keys(['tutorial_taskflow_api_etl_virtualenv']) retrieved from /home/james/airflowa/lib/python3.8/site-packages/airflow/example_dags/tutorial_taskflow_api_etl_virtualenv.py
[2022-06-08 12:59:23,749] {logging_mixin.py:115} INFO - [2022-06-08 12:59:23,749] {dag.py:2379} INFO - Sync 1 DAGs
[2022-06-08 12:59:23,768] {logging_mixin.py:115} INFO - [2022-06-08 12:59:23,767] {dag.py:2927} INFO - Setting next_dagrun for tutorial_taskflow_api_etl_virtualenv to None, run_after=None
[2022-06-08 12:59:23,779] {processor.py:161} INFO - Processing /home/james/airflowa/lib/python3.8/site-packages/airflow/example_dags/tutorial_taskflow_api_etl_virtualenv.py took 0.063 seconds
[2022-06-08 13:00:01,952] {processor.py:153} INFO - Started process (PID=124705) to work on /home/james/airflowa/lib/python3.8/site-packages/airflow/example_dags/tutorial_taskflow_api_etl_virtualenv.py
[2022-06-08 13:00:01,953] {processor.py:641} INFO - Processing file /home/james/airflowa/lib/python3.8/site-packages/airflow/example_dags/tutorial_taskflow_api_etl_virtualenv.py for tasks to queue
[2022-06-08 13:00:01,954] {logging_mixin.py:115} INFO - [2022-06-08 13:00:01,954] {dagbag.py:507} INFO - Filling up the DagBag from /home/james/airflowa/lib/python3.8/site-packages/airflow/example_dags/tutorial_taskflow_api_etl_virtualenv.py
[2022-06-08 13:00:01,968] {processor.py:651} INFO - DAG(s) dict_keys(['tutorial_taskflow_api_etl_virtualenv']) retrieved from /home/james/airflowa/lib/python3.8/site-packages/airflow/example_dags/tutorial_taskflow_api_etl_virtualenv.py
[2022-06-08 13:00:01,982] {logging_mixin.py:115} INFO - [2022-06-08 13:00:01,982] {dag.py:2379} INFO - Sync 1 DAGs
[2022-06-08 13:00:02,000] {logging_mixin.py:115} INFO - [2022-06-08 13:00:02,000] {dag.py:2927} INFO - Setting next_dagrun for tutorial_taskflow_api_etl_virtualenv to None, run_after=None
[2022-06-08 13:00:02,016] {processor.py:161} INFO - Processing /home/james/airflowa/lib/python3.8/site-packages/airflow/example_dags/tutorial_taskflow_api_etl_virtualenv.py took 0.067 seconds
[2022-06-08 13:00:45,917] {processor.py:153} INFO - Started process (PID=124985) to work on /home/james/airflowa/lib/python3.8/site-packages/airflow/example_dags/tutorial_taskflow_api_etl_virtualenv.py
[2022-06-08 13:00:45,918] {processor.py:641} INFO - Processing file /home/james/airflowa/lib/python3.8/site-packages/airflow/example_dags/tutorial_taskflow_api_etl_virtualenv.py for tasks to queue
[2022-06-08 13:00:45,918] {logging_mixin.py:115} INFO - [2022-06-08 13:00:45,918] {dagbag.py:507} INFO - Filling up the DagBag from /home/james/airflowa/lib/python3.8/site-packages/airflow/example_dags/tutorial_taskflow_api_etl_virtualenv.py
[2022-06-08 13:00:45,932] {processor.py:651} INFO - DAG(s) dict_keys(['tutorial_taskflow_api_etl_virtualenv']) retrieved from /home/james/airflowa/lib/python3.8/site-packages/airflow/example_dags/tutorial_taskflow_api_etl_virtualenv.py
[2022-06-08 13:00:45,947] {logging_mixin.py:115} INFO - [2022-06-08 13:00:45,947] {dag.py:2379} INFO - Sync 1 DAGs
[2022-06-08 13:00:45,961] {logging_mixin.py:115} INFO - [2022-06-08 13:00:45,961] {dag.py:2927} INFO - Setting next_dagrun for tutorial_taskflow_api_etl_virtualenv to None, run_after=None
[2022-06-08 13:00:45,972] {processor.py:161} INFO - Processing /home/james/airflowa/lib/python3.8/site-packages/airflow/example_dags/tutorial_taskflow_api_etl_virtualenv.py took 0.058 seconds
[2022-06-08 13:01:43,576] {processor.py:153} INFO - Started process (PID=125303) to work on /home/james/airflowa/lib/python3.8/site-packages/airflow/example_dags/tutorial_taskflow_api_etl_virtualenv.py
[2022-06-08 13:01:43,577] {processor.py:641} INFO - Processing file /home/james/airflowa/lib/python3.8/site-packages/airflow/example_dags/tutorial_taskflow_api_etl_virtualenv.py for tasks to queue
[2022-06-08 13:01:43,578] {logging_mixin.py:115} INFO - [2022-06-08 13:01:43,578] {dagbag.py:507} INFO - Filling up the DagBag from /home/james/airflowa/lib/python3.8/site-packages/airflow/example_dags/tutorial_taskflow_api_etl_virtualenv.py
[2022-06-08 13:01:43,599] {processor.py:651} INFO - DAG(s) dict_keys(['tutorial_taskflow_api_etl_virtualenv']) retrieved from /home/james/airflowa/lib/python3.8/site-packages/airflow/example_dags/tutorial_taskflow_api_etl_virtualenv.py
[2022-06-08 13:01:43,614] {logging_mixin.py:115} INFO - [2022-06-08 13:01:43,614] {dag.py:2379} INFO - Sync 1 DAGs
[2022-06-08 13:01:43,634] {logging_mixin.py:115} INFO - [2022-06-08 13:01:43,634] {dag.py:2927} INFO - Setting next_dagrun for tutorial_taskflow_api_etl_virtualenv to None, run_after=None
[2022-06-08 13:01:43,649] {processor.py:161} INFO - Processing /home/james/airflowa/lib/python3.8/site-packages/airflow/example_dags/tutorial_taskflow_api_etl_virtualenv.py took 0.076 seconds
[2022-06-08 13:02:31,302] {processor.py:153} INFO - Started process (PID=125580) to work on /home/james/airflowa/lib/python3.8/site-packages/airflow/example_dags/tutorial_taskflow_api_etl_virtualenv.py
[2022-06-08 13:02:31,303] {processor.py:641} INFO - Processing file /home/james/airflowa/lib/python3.8/site-packages/airflow/example_dags/tutorial_taskflow_api_etl_virtualenv.py for tasks to queue
[2022-06-08 13:02:31,303] {logging_mixin.py:115} INFO - [2022-06-08 13:02:31,303] {dagbag.py:507} INFO - Filling up the DagBag from /home/james/airflowa/lib/python3.8/site-packages/airflow/example_dags/tutorial_taskflow_api_etl_virtualenv.py
[2022-06-08 13:02:31,319] {processor.py:651} INFO - DAG(s) dict_keys(['tutorial_taskflow_api_etl_virtualenv']) retrieved from /home/james/airflowa/lib/python3.8/site-packages/airflow/example_dags/tutorial_taskflow_api_etl_virtualenv.py
[2022-06-08 13:02:31,334] {logging_mixin.py:115} INFO - [2022-06-08 13:02:31,334] {dag.py:2379} INFO - Sync 1 DAGs
[2022-06-08 13:02:31,351] {logging_mixin.py:115} INFO - [2022-06-08 13:02:31,351] {dag.py:2927} INFO - Setting next_dagrun for tutorial_taskflow_api_etl_virtualenv to None, run_after=None
[2022-06-08 13:02:31,367] {processor.py:161} INFO - Processing /home/james/airflowa/lib/python3.8/site-packages/airflow/example_dags/tutorial_taskflow_api_etl_virtualenv.py took 0.067 seconds
[2022-06-08 13:03:26,240] {processor.py:153} INFO - Started process (PID=125866) to work on /home/james/airflowa/lib/python3.8/site-packages/airflow/example_dags/tutorial_taskflow_api_etl_virtualenv.py
[2022-06-08 13:03:26,241] {processor.py:641} INFO - Processing file /home/james/airflowa/lib/python3.8/site-packages/airflow/example_dags/tutorial_taskflow_api_etl_virtualenv.py for tasks to queue
[2022-06-08 13:03:26,241] {logging_mixin.py:115} INFO - [2022-06-08 13:03:26,241] {dagbag.py:507} INFO - Filling up the DagBag from /home/james/airflowa/lib/python3.8/site-packages/airflow/example_dags/tutorial_taskflow_api_etl_virtualenv.py
[2022-06-08 13:03:26,262] {processor.py:651} INFO - DAG(s) dict_keys(['tutorial_taskflow_api_etl_virtualenv']) retrieved from /home/james/airflowa/lib/python3.8/site-packages/airflow/example_dags/tutorial_taskflow_api_etl_virtualenv.py
[2022-06-08 13:03:26,320] {logging_mixin.py:115} INFO - [2022-06-08 13:03:26,320] {dag.py:2379} INFO - Sync 1 DAGs
[2022-06-08 13:03:26,339] {logging_mixin.py:115} INFO - [2022-06-08 13:03:26,339] {dag.py:2927} INFO - Setting next_dagrun for tutorial_taskflow_api_etl_virtualenv to None, run_after=None
[2022-06-08 13:03:26,358] {processor.py:161} INFO - Processing /home/james/airflowa/lib/python3.8/site-packages/airflow/example_dags/tutorial_taskflow_api_etl_virtualenv.py took 0.122 seconds
[2022-06-08 13:04:11,962] {processor.py:153} INFO - Started process (PID=126315) to work on /home/james/airflowa/lib/python3.8/site-packages/airflow/example_dags/tutorial_taskflow_api_etl_virtualenv.py
[2022-06-08 13:04:11,963] {processor.py:641} INFO - Processing file /home/james/airflowa/lib/python3.8/site-packages/airflow/example_dags/tutorial_taskflow_api_etl_virtualenv.py for tasks to queue
[2022-06-08 13:04:11,963] {logging_mixin.py:115} INFO - [2022-06-08 13:04:11,963] {dagbag.py:507} INFO - Filling up the DagBag from /home/james/airflowa/lib/python3.8/site-packages/airflow/example_dags/tutorial_taskflow_api_etl_virtualenv.py
[2022-06-08 13:04:11,980] {processor.py:651} INFO - DAG(s) dict_keys(['tutorial_taskflow_api_etl_virtualenv']) retrieved from /home/james/airflowa/lib/python3.8/site-packages/airflow/example_dags/tutorial_taskflow_api_etl_virtualenv.py
[2022-06-08 13:04:12,020] {logging_mixin.py:115} INFO - [2022-06-08 13:04:12,020] {dag.py:2379} INFO - Sync 1 DAGs
[2022-06-08 13:04:12,033] {logging_mixin.py:115} INFO - [2022-06-08 13:04:12,033] {dag.py:2927} INFO - Setting next_dagrun for tutorial_taskflow_api_etl_virtualenv to None, run_after=None
[2022-06-08 13:04:12,044] {processor.py:161} INFO - Processing /home/james/airflowa/lib/python3.8/site-packages/airflow/example_dags/tutorial_taskflow_api_etl_virtualenv.py took 0.085 seconds
[2022-06-08 13:04:51,964] {processor.py:153} INFO - Started process (PID=126460) to work on /home/james/airflowa/lib/python3.8/site-packages/airflow/example_dags/tutorial_taskflow_api_etl_virtualenv.py
[2022-06-08 13:04:51,965] {processor.py:641} INFO - Processing file /home/james/airflowa/lib/python3.8/site-packages/airflow/example_dags/tutorial_taskflow_api_etl_virtualenv.py for tasks to queue
[2022-06-08 13:04:51,965] {logging_mixin.py:115} INFO - [2022-06-08 13:04:51,965] {dagbag.py:507} INFO - Filling up the DagBag from /home/james/airflowa/lib/python3.8/site-packages/airflow/example_dags/tutorial_taskflow_api_etl_virtualenv.py
[2022-06-08 13:04:51,981] {processor.py:651} INFO - DAG(s) dict_keys(['tutorial_taskflow_api_etl_virtualenv']) retrieved from /home/james/airflowa/lib/python3.8/site-packages/airflow/example_dags/tutorial_taskflow_api_etl_virtualenv.py
[2022-06-08 13:04:51,994] {logging_mixin.py:115} INFO - [2022-06-08 13:04:51,994] {dag.py:2379} INFO - Sync 1 DAGs
[2022-06-08 13:04:52,009] {logging_mixin.py:115} INFO - [2022-06-08 13:04:52,009] {dag.py:2927} INFO - Setting next_dagrun for tutorial_taskflow_api_etl_virtualenv to None, run_after=None
[2022-06-08 13:04:52,020] {processor.py:161} INFO - Processing /home/james/airflowa/lib/python3.8/site-packages/airflow/example_dags/tutorial_taskflow_api_etl_virtualenv.py took 0.058 seconds
[2022-06-08 13:05:49,755] {processor.py:153} INFO - Started process (PID=126683) to work on /home/james/airflowa/lib/python3.8/site-packages/airflow/example_dags/tutorial_taskflow_api_etl_virtualenv.py
[2022-06-08 13:05:49,756] {processor.py:641} INFO - Processing file /home/james/airflowa/lib/python3.8/site-packages/airflow/example_dags/tutorial_taskflow_api_etl_virtualenv.py for tasks to queue
[2022-06-08 13:05:49,757] {logging_mixin.py:115} INFO - [2022-06-08 13:05:49,757] {dagbag.py:507} INFO - Filling up the DagBag from /home/james/airflowa/lib/python3.8/site-packages/airflow/example_dags/tutorial_taskflow_api_etl_virtualenv.py
[2022-06-08 13:05:49,773] {processor.py:651} INFO - DAG(s) dict_keys(['tutorial_taskflow_api_etl_virtualenv']) retrieved from /home/james/airflowa/lib/python3.8/site-packages/airflow/example_dags/tutorial_taskflow_api_etl_virtualenv.py
[2022-06-08 13:05:49,787] {logging_mixin.py:115} INFO - [2022-06-08 13:05:49,787] {dag.py:2379} INFO - Sync 1 DAGs
[2022-06-08 13:05:49,802] {logging_mixin.py:115} INFO - [2022-06-08 13:05:49,802] {dag.py:2927} INFO - Setting next_dagrun for tutorial_taskflow_api_etl_virtualenv to None, run_after=None
[2022-06-08 13:05:49,814] {processor.py:161} INFO - Processing /home/james/airflowa/lib/python3.8/site-packages/airflow/example_dags/tutorial_taskflow_api_etl_virtualenv.py took 0.062 seconds
[2022-06-08 13:06:46,443] {processor.py:153} INFO - Started process (PID=126967) to work on /home/james/airflowa/lib/python3.8/site-packages/airflow/example_dags/tutorial_taskflow_api_etl_virtualenv.py
[2022-06-08 13:06:46,443] {processor.py:641} INFO - Processing file /home/james/airflowa/lib/python3.8/site-packages/airflow/example_dags/tutorial_taskflow_api_etl_virtualenv.py for tasks to queue
[2022-06-08 13:06:46,444] {logging_mixin.py:115} INFO - [2022-06-08 13:06:46,443] {dagbag.py:507} INFO - Filling up the DagBag from /home/james/airflowa/lib/python3.8/site-packages/airflow/example_dags/tutorial_taskflow_api_etl_virtualenv.py
[2022-06-08 13:06:46,458] {processor.py:651} INFO - DAG(s) dict_keys(['tutorial_taskflow_api_etl_virtualenv']) retrieved from /home/james/airflowa/lib/python3.8/site-packages/airflow/example_dags/tutorial_taskflow_api_etl_virtualenv.py
[2022-06-08 13:06:46,495] {logging_mixin.py:115} INFO - [2022-06-08 13:06:46,495] {dag.py:2379} INFO - Sync 1 DAGs
[2022-06-08 13:06:46,508] {logging_mixin.py:115} INFO - [2022-06-08 13:06:46,508] {dag.py:2927} INFO - Setting next_dagrun for tutorial_taskflow_api_etl_virtualenv to None, run_after=None
[2022-06-08 13:06:46,519] {processor.py:161} INFO - Processing /home/james/airflowa/lib/python3.8/site-packages/airflow/example_dags/tutorial_taskflow_api_etl_virtualenv.py took 0.079 seconds
