[2022-06-08 09:17:20,542] {taskinstance.py:1159} INFO - Dependencies all met for <TaskInstance: spotify_dag.Whole_Spotify_ETL scheduled__2022-06-08T02:58:00+00:00 [queued]>
[2022-06-08 09:17:20,556] {taskinstance.py:1159} INFO - Dependencies all met for <TaskInstance: spotify_dag.Whole_Spotify_ETL scheduled__2022-06-08T02:58:00+00:00 [queued]>
[2022-06-08 09:17:20,556] {taskinstance.py:1356} INFO - 
--------------------------------------------------------------------------------
[2022-06-08 09:17:20,556] {taskinstance.py:1357} INFO - Starting attempt 1 of 2
[2022-06-08 09:17:20,557] {taskinstance.py:1358} INFO - 
--------------------------------------------------------------------------------
[2022-06-08 09:17:20,582] {taskinstance.py:1377} INFO - Executing <Task(PythonOperator): Whole_Spotify_ETL> on 2022-06-08 02:58:00+00:00
[2022-06-08 09:17:20,586] {standard_task_runner.py:52} INFO - Started process 29960 to run task
[2022-06-08 09:17:20,593] {standard_task_runner.py:79} INFO - Running: ['airflow', 'tasks', 'run', 'spotify_dag', 'Whole_Spotify_ETL', 'scheduled__2022-06-08T02:58:00+00:00', '--job-id', '184', '--raw', '--subdir', 'DAGS_FOLDER/spotify_dag.py', '--cfg-path', '/tmp/tmpzp3nvl7r', '--error-file', '/tmp/tmp_rr242hf']
[2022-06-08 09:17:20,594] {standard_task_runner.py:80} INFO - Job 184: Subtask Whole_Spotify_ETL
[2022-06-08 09:17:20,668] {task_command.py:370} INFO - Running <TaskInstance: spotify_dag.Whole_Spotify_ETL scheduled__2022-06-08T02:58:00+00:00 [running]> on host kubernetes-worker
[2022-06-08 09:17:20,748] {taskinstance.py:1569} INFO - Exporting the following env vars:
AIRFLOW_CTX_DAG_EMAIL=wabuyajames@gmail.com
AIRFLOW_CTX_DAG_OWNER=airflow
AIRFLOW_CTX_DAG_ID=spotify_dag
AIRFLOW_CTX_TASK_ID=Whole_Spotify_ETL
AIRFLOW_CTX_EXECUTION_DATE=2022-06-08T02:58:00+00:00
AIRFLOW_CTX_TRY_NUMBER=1
AIRFLOW_CTX_DAG_RUN_ID=scheduled__2022-06-08T02:58:00+00:00
[2022-06-08 09:17:20,750] {logging_mixin.py:115} INFO - Show Tasks:
[2022-06-08 09:17:20,750] {python.py:173} INFO - Done. Returned value was: None
[2022-06-08 09:17:20,762] {taskinstance.py:1395} INFO - Marking task as SUCCESS. dag_id=spotify_dag, task_id=Whole_Spotify_ETL, execution_date=20220608T025800, start_date=20220608T061720, end_date=20220608T061720
[2022-06-08 09:17:20,805] {local_task_job.py:156} INFO - Task exited with return code 0
[2022-06-08 09:17:20,855] {local_task_job.py:273} INFO - 0 downstream tasks scheduled from follow-on schedule check
