[2022-06-08 09:03:54,611] {processor.py:153} INFO - Started process (PID=23651) to work on /home/james/airflowa/lib/python3.8/site-packages/airflow/example_dags/subdags/subdag.py
[2022-06-08 09:03:54,611] {processor.py:641} INFO - Processing file /home/james/airflowa/lib/python3.8/site-packages/airflow/example_dags/subdags/subdag.py for tasks to queue
[2022-06-08 09:03:54,612] {logging_mixin.py:115} INFO - [2022-06-08 09:03:54,612] {dagbag.py:507} INFO - Filling up the DagBag from /home/james/airflowa/lib/python3.8/site-packages/airflow/example_dags/subdags/subdag.py
[2022-06-08 09:03:54,613] {processor.py:653} WARNING - No viable dags retrieved from /home/james/airflowa/lib/python3.8/site-packages/airflow/example_dags/subdags/subdag.py
[2022-06-08 09:03:54,621] {processor.py:161} INFO - Processing /home/james/airflowa/lib/python3.8/site-packages/airflow/example_dags/subdags/subdag.py took 0.012 seconds
[2022-06-08 09:04:28,597] {processor.py:153} INFO - Started process (PID=23877) to work on /home/james/airflowa/lib/python3.8/site-packages/airflow/example_dags/subdags/subdag.py
[2022-06-08 09:04:28,598] {processor.py:641} INFO - Processing file /home/james/airflowa/lib/python3.8/site-packages/airflow/example_dags/subdags/subdag.py for tasks to queue
[2022-06-08 09:04:28,599] {logging_mixin.py:115} INFO - [2022-06-08 09:04:28,599] {dagbag.py:507} INFO - Filling up the DagBag from /home/james/airflowa/lib/python3.8/site-packages/airflow/example_dags/subdags/subdag.py
[2022-06-08 09:04:28,600] {processor.py:653} WARNING - No viable dags retrieved from /home/james/airflowa/lib/python3.8/site-packages/airflow/example_dags/subdags/subdag.py
[2022-06-08 09:04:28,611] {processor.py:161} INFO - Processing /home/james/airflowa/lib/python3.8/site-packages/airflow/example_dags/subdags/subdag.py took 0.017 seconds
[2022-06-08 09:05:02,376] {processor.py:153} INFO - Started process (PID=24011) to work on /home/james/airflowa/lib/python3.8/site-packages/airflow/example_dags/subdags/subdag.py
[2022-06-08 09:05:02,377] {processor.py:641} INFO - Processing file /home/james/airflowa/lib/python3.8/site-packages/airflow/example_dags/subdags/subdag.py for tasks to queue
[2022-06-08 09:05:02,377] {logging_mixin.py:115} INFO - [2022-06-08 09:05:02,377] {dagbag.py:507} INFO - Filling up the DagBag from /home/james/airflowa/lib/python3.8/site-packages/airflow/example_dags/subdags/subdag.py
[2022-06-08 09:05:02,378] {processor.py:653} WARNING - No viable dags retrieved from /home/james/airflowa/lib/python3.8/site-packages/airflow/example_dags/subdags/subdag.py
[2022-06-08 09:05:02,386] {processor.py:161} INFO - Processing /home/james/airflowa/lib/python3.8/site-packages/airflow/example_dags/subdags/subdag.py took 0.012 seconds
[2022-06-08 09:05:50,079] {processor.py:153} INFO - Started process (PID=24493) to work on /home/james/airflowa/lib/python3.8/site-packages/airflow/example_dags/subdags/subdag.py
[2022-06-08 09:05:50,080] {processor.py:641} INFO - Processing file /home/james/airflowa/lib/python3.8/site-packages/airflow/example_dags/subdags/subdag.py for tasks to queue
[2022-06-08 09:05:50,080] {logging_mixin.py:115} INFO - [2022-06-08 09:05:50,080] {dagbag.py:507} INFO - Filling up the DagBag from /home/james/airflowa/lib/python3.8/site-packages/airflow/example_dags/subdags/subdag.py
[2022-06-08 09:05:50,081] {processor.py:653} WARNING - No viable dags retrieved from /home/james/airflowa/lib/python3.8/site-packages/airflow/example_dags/subdags/subdag.py
[2022-06-08 09:05:50,089] {processor.py:161} INFO - Processing /home/james/airflowa/lib/python3.8/site-packages/airflow/example_dags/subdags/subdag.py took 0.012 seconds
[2022-06-08 09:06:59,772] {processor.py:153} INFO - Started process (PID=25018) to work on /home/james/airflowa/lib/python3.8/site-packages/airflow/example_dags/subdags/subdag.py
[2022-06-08 09:06:59,772] {processor.py:641} INFO - Processing file /home/james/airflowa/lib/python3.8/site-packages/airflow/example_dags/subdags/subdag.py for tasks to queue
[2022-06-08 09:06:59,774] {logging_mixin.py:115} INFO - [2022-06-08 09:06:59,774] {dagbag.py:507} INFO - Filling up the DagBag from /home/james/airflowa/lib/python3.8/site-packages/airflow/example_dags/subdags/subdag.py
[2022-06-08 09:06:59,777] {processor.py:653} WARNING - No viable dags retrieved from /home/james/airflowa/lib/python3.8/site-packages/airflow/example_dags/subdags/subdag.py
[2022-06-08 09:06:59,791] {processor.py:161} INFO - Processing /home/james/airflowa/lib/python3.8/site-packages/airflow/example_dags/subdags/subdag.py took 0.023 seconds
[2022-06-08 09:08:35,980] {processor.py:153} INFO - Started process (PID=25587) to work on /home/james/airflowa/lib/python3.8/site-packages/airflow/example_dags/subdags/subdag.py
[2022-06-08 09:08:35,981] {processor.py:641} INFO - Processing file /home/james/airflowa/lib/python3.8/site-packages/airflow/example_dags/subdags/subdag.py for tasks to queue
[2022-06-08 09:08:35,982] {logging_mixin.py:115} INFO - [2022-06-08 09:08:35,982] {dagbag.py:507} INFO - Filling up the DagBag from /home/james/airflowa/lib/python3.8/site-packages/airflow/example_dags/subdags/subdag.py
[2022-06-08 09:08:35,984] {processor.py:653} WARNING - No viable dags retrieved from /home/james/airflowa/lib/python3.8/site-packages/airflow/example_dags/subdags/subdag.py
[2022-06-08 09:08:35,999] {processor.py:161} INFO - Processing /home/james/airflowa/lib/python3.8/site-packages/airflow/example_dags/subdags/subdag.py took 0.023 seconds
[2022-06-08 09:10:17,800] {processor.py:153} INFO - Started process (PID=26592) to work on /home/james/airflowa/lib/python3.8/site-packages/airflow/example_dags/subdags/subdag.py
[2022-06-08 09:10:17,801] {processor.py:641} INFO - Processing file /home/james/airflowa/lib/python3.8/site-packages/airflow/example_dags/subdags/subdag.py for tasks to queue
[2022-06-08 09:10:17,802] {logging_mixin.py:115} INFO - [2022-06-08 09:10:17,802] {dagbag.py:507} INFO - Filling up the DagBag from /home/james/airflowa/lib/python3.8/site-packages/airflow/example_dags/subdags/subdag.py
[2022-06-08 09:10:17,803] {processor.py:653} WARNING - No viable dags retrieved from /home/james/airflowa/lib/python3.8/site-packages/airflow/example_dags/subdags/subdag.py
[2022-06-08 09:10:17,817] {processor.py:161} INFO - Processing /home/james/airflowa/lib/python3.8/site-packages/airflow/example_dags/subdags/subdag.py took 0.021 seconds
[2022-06-08 09:11:19,548] {processor.py:153} INFO - Started process (PID=27088) to work on /home/james/airflowa/lib/python3.8/site-packages/airflow/example_dags/subdags/subdag.py
[2022-06-08 09:11:19,549] {processor.py:641} INFO - Processing file /home/james/airflowa/lib/python3.8/site-packages/airflow/example_dags/subdags/subdag.py for tasks to queue
[2022-06-08 09:11:19,551] {logging_mixin.py:115} INFO - [2022-06-08 09:11:19,550] {dagbag.py:507} INFO - Filling up the DagBag from /home/james/airflowa/lib/python3.8/site-packages/airflow/example_dags/subdags/subdag.py
[2022-06-08 09:11:19,553] {processor.py:653} WARNING - No viable dags retrieved from /home/james/airflowa/lib/python3.8/site-packages/airflow/example_dags/subdags/subdag.py
[2022-06-08 09:11:19,571] {processor.py:161} INFO - Processing /home/james/airflowa/lib/python3.8/site-packages/airflow/example_dags/subdags/subdag.py took 0.028 seconds
[2022-06-08 09:12:43,338] {processor.py:153} INFO - Started process (PID=27535) to work on /home/james/airflowa/lib/python3.8/site-packages/airflow/example_dags/subdags/subdag.py
[2022-06-08 09:12:43,340] {processor.py:641} INFO - Processing file /home/james/airflowa/lib/python3.8/site-packages/airflow/example_dags/subdags/subdag.py for tasks to queue
[2022-06-08 09:12:43,341] {logging_mixin.py:115} INFO - [2022-06-08 09:12:43,341] {dagbag.py:507} INFO - Filling up the DagBag from /home/james/airflowa/lib/python3.8/site-packages/airflow/example_dags/subdags/subdag.py
[2022-06-08 09:12:43,344] {processor.py:653} WARNING - No viable dags retrieved from /home/james/airflowa/lib/python3.8/site-packages/airflow/example_dags/subdags/subdag.py
[2022-06-08 09:12:43,373] {processor.py:161} INFO - Processing /home/james/airflowa/lib/python3.8/site-packages/airflow/example_dags/subdags/subdag.py took 0.042 seconds
[2022-06-08 09:14:31,831] {processor.py:153} INFO - Started process (PID=28166) to work on /home/james/airflowa/lib/python3.8/site-packages/airflow/example_dags/subdags/subdag.py
[2022-06-08 09:14:31,833] {processor.py:641} INFO - Processing file /home/james/airflowa/lib/python3.8/site-packages/airflow/example_dags/subdags/subdag.py for tasks to queue
[2022-06-08 09:14:31,835] {logging_mixin.py:115} INFO - [2022-06-08 09:14:31,834] {dagbag.py:507} INFO - Filling up the DagBag from /home/james/airflowa/lib/python3.8/site-packages/airflow/example_dags/subdags/subdag.py
[2022-06-08 09:14:31,839] {processor.py:653} WARNING - No viable dags retrieved from /home/james/airflowa/lib/python3.8/site-packages/airflow/example_dags/subdags/subdag.py
[2022-06-08 09:14:31,866] {processor.py:161} INFO - Processing /home/james/airflowa/lib/python3.8/site-packages/airflow/example_dags/subdags/subdag.py took 0.042 seconds
[2022-06-08 09:16:12,204] {processor.py:153} INFO - Started process (PID=29346) to work on /home/james/airflowa/lib/python3.8/site-packages/airflow/example_dags/subdags/subdag.py
[2022-06-08 09:16:12,204] {processor.py:641} INFO - Processing file /home/james/airflowa/lib/python3.8/site-packages/airflow/example_dags/subdags/subdag.py for tasks to queue
[2022-06-08 09:16:12,205] {logging_mixin.py:115} INFO - [2022-06-08 09:16:12,205] {dagbag.py:507} INFO - Filling up the DagBag from /home/james/airflowa/lib/python3.8/site-packages/airflow/example_dags/subdags/subdag.py
[2022-06-08 09:16:12,208] {processor.py:653} WARNING - No viable dags retrieved from /home/james/airflowa/lib/python3.8/site-packages/airflow/example_dags/subdags/subdag.py
[2022-06-08 09:16:12,226] {processor.py:161} INFO - Processing /home/james/airflowa/lib/python3.8/site-packages/airflow/example_dags/subdags/subdag.py took 0.027 seconds
[2022-06-08 09:17:59,225] {processor.py:153} INFO - Started process (PID=30523) to work on /home/james/airflowa/lib/python3.8/site-packages/airflow/example_dags/subdags/subdag.py
[2022-06-08 09:17:59,226] {processor.py:641} INFO - Processing file /home/james/airflowa/lib/python3.8/site-packages/airflow/example_dags/subdags/subdag.py for tasks to queue
[2022-06-08 09:17:59,227] {logging_mixin.py:115} INFO - [2022-06-08 09:17:59,227] {dagbag.py:507} INFO - Filling up the DagBag from /home/james/airflowa/lib/python3.8/site-packages/airflow/example_dags/subdags/subdag.py
[2022-06-08 09:17:59,229] {processor.py:653} WARNING - No viable dags retrieved from /home/james/airflowa/lib/python3.8/site-packages/airflow/example_dags/subdags/subdag.py
[2022-06-08 09:17:59,247] {processor.py:161} INFO - Processing /home/james/airflowa/lib/python3.8/site-packages/airflow/example_dags/subdags/subdag.py took 0.026 seconds
[2022-06-08 09:19:59,834] {processor.py:153} INFO - Started process (PID=31241) to work on /home/james/airflowa/lib/python3.8/site-packages/airflow/example_dags/subdags/subdag.py
[2022-06-08 09:19:59,835] {processor.py:641} INFO - Processing file /home/james/airflowa/lib/python3.8/site-packages/airflow/example_dags/subdags/subdag.py for tasks to queue
[2022-06-08 09:19:59,836] {logging_mixin.py:115} INFO - [2022-06-08 09:19:59,836] {dagbag.py:507} INFO - Filling up the DagBag from /home/james/airflowa/lib/python3.8/site-packages/airflow/example_dags/subdags/subdag.py
[2022-06-08 09:19:59,840] {processor.py:653} WARNING - No viable dags retrieved from /home/james/airflowa/lib/python3.8/site-packages/airflow/example_dags/subdags/subdag.py
[2022-06-08 09:19:59,868] {processor.py:161} INFO - Processing /home/james/airflowa/lib/python3.8/site-packages/airflow/example_dags/subdags/subdag.py took 0.040 seconds
[2022-06-08 09:22:09,224] {processor.py:153} INFO - Started process (PID=32864) to work on /home/james/airflowa/lib/python3.8/site-packages/airflow/example_dags/subdags/subdag.py
[2022-06-08 09:22:09,228] {processor.py:641} INFO - Processing file /home/james/airflowa/lib/python3.8/site-packages/airflow/example_dags/subdags/subdag.py for tasks to queue
[2022-06-08 09:22:09,230] {logging_mixin.py:115} INFO - [2022-06-08 09:22:09,230] {dagbag.py:507} INFO - Filling up the DagBag from /home/james/airflowa/lib/python3.8/site-packages/airflow/example_dags/subdags/subdag.py
[2022-06-08 09:22:09,233] {processor.py:653} WARNING - No viable dags retrieved from /home/james/airflowa/lib/python3.8/site-packages/airflow/example_dags/subdags/subdag.py
[2022-06-08 09:22:09,277] {processor.py:161} INFO - Processing /home/james/airflowa/lib/python3.8/site-packages/airflow/example_dags/subdags/subdag.py took 0.072 seconds
[2022-06-08 09:24:16,479] {processor.py:153} INFO - Started process (PID=33593) to work on /home/james/airflowa/lib/python3.8/site-packages/airflow/example_dags/subdags/subdag.py
[2022-06-08 09:24:16,480] {processor.py:641} INFO - Processing file /home/james/airflowa/lib/python3.8/site-packages/airflow/example_dags/subdags/subdag.py for tasks to queue
[2022-06-08 09:24:16,481] {logging_mixin.py:115} INFO - [2022-06-08 09:24:16,481] {dagbag.py:507} INFO - Filling up the DagBag from /home/james/airflowa/lib/python3.8/site-packages/airflow/example_dags/subdags/subdag.py
[2022-06-08 09:24:16,484] {processor.py:653} WARNING - No viable dags retrieved from /home/james/airflowa/lib/python3.8/site-packages/airflow/example_dags/subdags/subdag.py
[2022-06-08 09:24:16,507] {processor.py:161} INFO - Processing /home/james/airflowa/lib/python3.8/site-packages/airflow/example_dags/subdags/subdag.py took 0.036 seconds
[2022-06-08 09:26:31,989] {processor.py:153} INFO - Started process (PID=34446) to work on /home/james/airflowa/lib/python3.8/site-packages/airflow/example_dags/subdags/subdag.py
[2022-06-08 09:26:31,990] {processor.py:641} INFO - Processing file /home/james/airflowa/lib/python3.8/site-packages/airflow/example_dags/subdags/subdag.py for tasks to queue
[2022-06-08 09:26:31,991] {logging_mixin.py:115} INFO - [2022-06-08 09:26:31,991] {dagbag.py:507} INFO - Filling up the DagBag from /home/james/airflowa/lib/python3.8/site-packages/airflow/example_dags/subdags/subdag.py
[2022-06-08 09:26:31,992] {processor.py:653} WARNING - No viable dags retrieved from /home/james/airflowa/lib/python3.8/site-packages/airflow/example_dags/subdags/subdag.py
[2022-06-08 09:26:32,001] {processor.py:161} INFO - Processing /home/james/airflowa/lib/python3.8/site-packages/airflow/example_dags/subdags/subdag.py took 0.016 seconds
[2022-06-08 09:28:25,779] {processor.py:153} INFO - Started process (PID=34943) to work on /home/james/airflowa/lib/python3.8/site-packages/airflow/example_dags/subdags/subdag.py
[2022-06-08 09:28:25,781] {processor.py:641} INFO - Processing file /home/james/airflowa/lib/python3.8/site-packages/airflow/example_dags/subdags/subdag.py for tasks to queue
[2022-06-08 09:28:25,782] {logging_mixin.py:115} INFO - [2022-06-08 09:28:25,782] {dagbag.py:507} INFO - Filling up the DagBag from /home/james/airflowa/lib/python3.8/site-packages/airflow/example_dags/subdags/subdag.py
[2022-06-08 09:28:25,785] {processor.py:653} WARNING - No viable dags retrieved from /home/james/airflowa/lib/python3.8/site-packages/airflow/example_dags/subdags/subdag.py
[2022-06-08 09:28:25,819] {processor.py:161} INFO - Processing /home/james/airflowa/lib/python3.8/site-packages/airflow/example_dags/subdags/subdag.py took 0.048 seconds
[2022-06-08 11:27:37,961] {processor.py:153} INFO - Started process (PID=76532) to work on /home/james/airflowa/lib/python3.8/site-packages/airflow/example_dags/subdags/subdag.py
[2022-06-08 11:27:37,962] {processor.py:641} INFO - Processing file /home/james/airflowa/lib/python3.8/site-packages/airflow/example_dags/subdags/subdag.py for tasks to queue
[2022-06-08 11:27:37,962] {logging_mixin.py:115} INFO - [2022-06-08 11:27:37,962] {dagbag.py:507} INFO - Filling up the DagBag from /home/james/airflowa/lib/python3.8/site-packages/airflow/example_dags/subdags/subdag.py
[2022-06-08 11:27:37,963] {processor.py:653} WARNING - No viable dags retrieved from /home/james/airflowa/lib/python3.8/site-packages/airflow/example_dags/subdags/subdag.py
[2022-06-08 11:27:37,971] {processor.py:161} INFO - Processing /home/james/airflowa/lib/python3.8/site-packages/airflow/example_dags/subdags/subdag.py took 0.012 seconds
[2022-06-08 11:28:12,968] {processor.py:153} INFO - Started process (PID=76751) to work on /home/james/airflowa/lib/python3.8/site-packages/airflow/example_dags/subdags/subdag.py
[2022-06-08 11:28:12,970] {processor.py:641} INFO - Processing file /home/james/airflowa/lib/python3.8/site-packages/airflow/example_dags/subdags/subdag.py for tasks to queue
[2022-06-08 11:28:12,970] {logging_mixin.py:115} INFO - [2022-06-08 11:28:12,970] {dagbag.py:507} INFO - Filling up the DagBag from /home/james/airflowa/lib/python3.8/site-packages/airflow/example_dags/subdags/subdag.py
[2022-06-08 11:28:12,971] {processor.py:653} WARNING - No viable dags retrieved from /home/james/airflowa/lib/python3.8/site-packages/airflow/example_dags/subdags/subdag.py
[2022-06-08 11:28:12,981] {processor.py:161} INFO - Processing /home/james/airflowa/lib/python3.8/site-packages/airflow/example_dags/subdags/subdag.py took 0.016 seconds
[2022-06-08 11:28:50,246] {processor.py:153} INFO - Started process (PID=77010) to work on /home/james/airflowa/lib/python3.8/site-packages/airflow/example_dags/subdags/subdag.py
[2022-06-08 11:28:50,247] {processor.py:641} INFO - Processing file /home/james/airflowa/lib/python3.8/site-packages/airflow/example_dags/subdags/subdag.py for tasks to queue
[2022-06-08 11:28:50,247] {logging_mixin.py:115} INFO - [2022-06-08 11:28:50,247] {dagbag.py:507} INFO - Filling up the DagBag from /home/james/airflowa/lib/python3.8/site-packages/airflow/example_dags/subdags/subdag.py
[2022-06-08 11:28:50,248] {processor.py:653} WARNING - No viable dags retrieved from /home/james/airflowa/lib/python3.8/site-packages/airflow/example_dags/subdags/subdag.py
[2022-06-08 11:28:50,257] {processor.py:161} INFO - Processing /home/james/airflowa/lib/python3.8/site-packages/airflow/example_dags/subdags/subdag.py took 0.014 seconds
[2022-06-08 11:29:29,506] {processor.py:153} INFO - Started process (PID=77475) to work on /home/james/airflowa/lib/python3.8/site-packages/airflow/example_dags/subdags/subdag.py
[2022-06-08 11:29:29,507] {processor.py:641} INFO - Processing file /home/james/airflowa/lib/python3.8/site-packages/airflow/example_dags/subdags/subdag.py for tasks to queue
[2022-06-08 11:29:29,507] {logging_mixin.py:115} INFO - [2022-06-08 11:29:29,507] {dagbag.py:507} INFO - Filling up the DagBag from /home/james/airflowa/lib/python3.8/site-packages/airflow/example_dags/subdags/subdag.py
[2022-06-08 11:29:29,508] {processor.py:653} WARNING - No viable dags retrieved from /home/james/airflowa/lib/python3.8/site-packages/airflow/example_dags/subdags/subdag.py
[2022-06-08 11:29:29,518] {processor.py:161} INFO - Processing /home/james/airflowa/lib/python3.8/site-packages/airflow/example_dags/subdags/subdag.py took 0.015 seconds
[2022-06-08 11:31:12,451] {processor.py:153} INFO - Started process (PID=78389) to work on /home/james/airflowa/lib/python3.8/site-packages/airflow/example_dags/subdags/subdag.py
[2022-06-08 11:31:12,452] {processor.py:641} INFO - Processing file /home/james/airflowa/lib/python3.8/site-packages/airflow/example_dags/subdags/subdag.py for tasks to queue
[2022-06-08 11:31:12,453] {logging_mixin.py:115} INFO - [2022-06-08 11:31:12,453] {dagbag.py:507} INFO - Filling up the DagBag from /home/james/airflowa/lib/python3.8/site-packages/airflow/example_dags/subdags/subdag.py
[2022-06-08 11:31:12,455] {processor.py:653} WARNING - No viable dags retrieved from /home/james/airflowa/lib/python3.8/site-packages/airflow/example_dags/subdags/subdag.py
[2022-06-08 11:31:12,475] {processor.py:161} INFO - Processing /home/james/airflowa/lib/python3.8/site-packages/airflow/example_dags/subdags/subdag.py took 0.029 seconds
[2022-06-08 11:31:56,230] {processor.py:153} INFO - Started process (PID=78710) to work on /home/james/airflowa/lib/python3.8/site-packages/airflow/example_dags/subdags/subdag.py
[2022-06-08 11:31:56,231] {processor.py:641} INFO - Processing file /home/james/airflowa/lib/python3.8/site-packages/airflow/example_dags/subdags/subdag.py for tasks to queue
[2022-06-08 11:31:56,232] {logging_mixin.py:115} INFO - [2022-06-08 11:31:56,232] {dagbag.py:507} INFO - Filling up the DagBag from /home/james/airflowa/lib/python3.8/site-packages/airflow/example_dags/subdags/subdag.py
[2022-06-08 11:31:56,235] {processor.py:653} WARNING - No viable dags retrieved from /home/james/airflowa/lib/python3.8/site-packages/airflow/example_dags/subdags/subdag.py
[2022-06-08 11:31:56,255] {processor.py:161} INFO - Processing /home/james/airflowa/lib/python3.8/site-packages/airflow/example_dags/subdags/subdag.py took 0.031 seconds
[2022-06-08 11:32:43,752] {processor.py:153} INFO - Started process (PID=78980) to work on /home/james/airflowa/lib/python3.8/site-packages/airflow/example_dags/subdags/subdag.py
[2022-06-08 11:32:43,753] {processor.py:641} INFO - Processing file /home/james/airflowa/lib/python3.8/site-packages/airflow/example_dags/subdags/subdag.py for tasks to queue
[2022-06-08 11:32:43,753] {logging_mixin.py:115} INFO - [2022-06-08 11:32:43,753] {dagbag.py:507} INFO - Filling up the DagBag from /home/james/airflowa/lib/python3.8/site-packages/airflow/example_dags/subdags/subdag.py
[2022-06-08 11:32:43,755] {processor.py:653} WARNING - No viable dags retrieved from /home/james/airflowa/lib/python3.8/site-packages/airflow/example_dags/subdags/subdag.py
[2022-06-08 11:32:43,767] {processor.py:161} INFO - Processing /home/james/airflowa/lib/python3.8/site-packages/airflow/example_dags/subdags/subdag.py took 0.019 seconds
[2022-06-08 11:33:31,827] {processor.py:153} INFO - Started process (PID=79304) to work on /home/james/airflowa/lib/python3.8/site-packages/airflow/example_dags/subdags/subdag.py
[2022-06-08 11:33:31,828] {processor.py:641} INFO - Processing file /home/james/airflowa/lib/python3.8/site-packages/airflow/example_dags/subdags/subdag.py for tasks to queue
[2022-06-08 11:33:31,830] {logging_mixin.py:115} INFO - [2022-06-08 11:33:31,829] {dagbag.py:507} INFO - Filling up the DagBag from /home/james/airflowa/lib/python3.8/site-packages/airflow/example_dags/subdags/subdag.py
[2022-06-08 11:33:31,833] {processor.py:653} WARNING - No viable dags retrieved from /home/james/airflowa/lib/python3.8/site-packages/airflow/example_dags/subdags/subdag.py
[2022-06-08 11:33:31,854] {processor.py:161} INFO - Processing /home/james/airflowa/lib/python3.8/site-packages/airflow/example_dags/subdags/subdag.py took 0.031 seconds
[2022-06-08 11:34:22,150] {processor.py:153} INFO - Started process (PID=79744) to work on /home/james/airflowa/lib/python3.8/site-packages/airflow/example_dags/subdags/subdag.py
[2022-06-08 11:34:22,152] {processor.py:641} INFO - Processing file /home/james/airflowa/lib/python3.8/site-packages/airflow/example_dags/subdags/subdag.py for tasks to queue
[2022-06-08 11:34:22,152] {logging_mixin.py:115} INFO - [2022-06-08 11:34:22,152] {dagbag.py:507} INFO - Filling up the DagBag from /home/james/airflowa/lib/python3.8/site-packages/airflow/example_dags/subdags/subdag.py
[2022-06-08 11:34:22,155] {processor.py:653} WARNING - No viable dags retrieved from /home/james/airflowa/lib/python3.8/site-packages/airflow/example_dags/subdags/subdag.py
[2022-06-08 11:34:22,168] {processor.py:161} INFO - Processing /home/james/airflowa/lib/python3.8/site-packages/airflow/example_dags/subdags/subdag.py took 0.022 seconds
[2022-06-08 11:35:11,784] {processor.py:153} INFO - Started process (PID=80206) to work on /home/james/airflowa/lib/python3.8/site-packages/airflow/example_dags/subdags/subdag.py
[2022-06-08 11:35:11,785] {processor.py:641} INFO - Processing file /home/james/airflowa/lib/python3.8/site-packages/airflow/example_dags/subdags/subdag.py for tasks to queue
[2022-06-08 11:35:11,785] {logging_mixin.py:115} INFO - [2022-06-08 11:35:11,785] {dagbag.py:507} INFO - Filling up the DagBag from /home/james/airflowa/lib/python3.8/site-packages/airflow/example_dags/subdags/subdag.py
[2022-06-08 11:35:11,786] {processor.py:653} WARNING - No viable dags retrieved from /home/james/airflowa/lib/python3.8/site-packages/airflow/example_dags/subdags/subdag.py
[2022-06-08 11:35:11,795] {processor.py:161} INFO - Processing /home/james/airflowa/lib/python3.8/site-packages/airflow/example_dags/subdags/subdag.py took 0.014 seconds
[2022-06-08 12:19:34,487] {processor.py:153} INFO - Started process (PID=103074) to work on /home/james/airflowa/lib/python3.8/site-packages/airflow/example_dags/subdags/subdag.py
[2022-06-08 12:19:34,496] {processor.py:641} INFO - Processing file /home/james/airflowa/lib/python3.8/site-packages/airflow/example_dags/subdags/subdag.py for tasks to queue
[2022-06-08 12:19:34,497] {logging_mixin.py:115} INFO - [2022-06-08 12:19:34,496] {dagbag.py:507} INFO - Filling up the DagBag from /home/james/airflowa/lib/python3.8/site-packages/airflow/example_dags/subdags/subdag.py
[2022-06-08 12:19:34,510] {processor.py:653} WARNING - No viable dags retrieved from /home/james/airflowa/lib/python3.8/site-packages/airflow/example_dags/subdags/subdag.py
[2022-06-08 12:19:34,524] {processor.py:161} INFO - Processing /home/james/airflowa/lib/python3.8/site-packages/airflow/example_dags/subdags/subdag.py took 0.045 seconds
[2022-06-08 12:22:19,601] {processor.py:153} INFO - Started process (PID=104896) to work on /home/james/airflowa/lib/python3.8/site-packages/airflow/example_dags/subdags/subdag.py
[2022-06-08 12:22:19,602] {processor.py:641} INFO - Processing file /home/james/airflowa/lib/python3.8/site-packages/airflow/example_dags/subdags/subdag.py for tasks to queue
[2022-06-08 12:22:19,603] {logging_mixin.py:115} INFO - [2022-06-08 12:22:19,603] {dagbag.py:507} INFO - Filling up the DagBag from /home/james/airflowa/lib/python3.8/site-packages/airflow/example_dags/subdags/subdag.py
[2022-06-08 12:22:19,605] {processor.py:653} WARNING - No viable dags retrieved from /home/james/airflowa/lib/python3.8/site-packages/airflow/example_dags/subdags/subdag.py
[2022-06-08 12:22:19,620] {processor.py:161} INFO - Processing /home/james/airflowa/lib/python3.8/site-packages/airflow/example_dags/subdags/subdag.py took 0.023 seconds
[2022-06-08 12:23:05,894] {processor.py:153} INFO - Started process (PID=105237) to work on /home/james/airflowa/lib/python3.8/site-packages/airflow/example_dags/subdags/subdag.py
[2022-06-08 12:23:05,895] {processor.py:641} INFO - Processing file /home/james/airflowa/lib/python3.8/site-packages/airflow/example_dags/subdags/subdag.py for tasks to queue
[2022-06-08 12:23:05,896] {logging_mixin.py:115} INFO - [2022-06-08 12:23:05,896] {dagbag.py:507} INFO - Filling up the DagBag from /home/james/airflowa/lib/python3.8/site-packages/airflow/example_dags/subdags/subdag.py
[2022-06-08 12:23:05,898] {processor.py:653} WARNING - No viable dags retrieved from /home/james/airflowa/lib/python3.8/site-packages/airflow/example_dags/subdags/subdag.py
[2022-06-08 12:23:05,914] {processor.py:161} INFO - Processing /home/james/airflowa/lib/python3.8/site-packages/airflow/example_dags/subdags/subdag.py took 0.023 seconds
[2022-06-08 12:35:01,966] {processor.py:153} INFO - Started process (PID=111879) to work on /home/james/airflowa/lib/python3.8/site-packages/airflow/example_dags/subdags/subdag.py
[2022-06-08 12:35:01,968] {processor.py:641} INFO - Processing file /home/james/airflowa/lib/python3.8/site-packages/airflow/example_dags/subdags/subdag.py for tasks to queue
[2022-06-08 12:35:01,969] {logging_mixin.py:115} INFO - [2022-06-08 12:35:01,969] {dagbag.py:507} INFO - Filling up the DagBag from /home/james/airflowa/lib/python3.8/site-packages/airflow/example_dags/subdags/subdag.py
[2022-06-08 12:35:01,989] {processor.py:653} WARNING - No viable dags retrieved from /home/james/airflowa/lib/python3.8/site-packages/airflow/example_dags/subdags/subdag.py
[2022-06-08 12:35:02,052] {processor.py:161} INFO - Processing /home/james/airflowa/lib/python3.8/site-packages/airflow/example_dags/subdags/subdag.py took 0.099 seconds
[2022-06-08 12:38:40,388] {processor.py:153} INFO - Started process (PID=115248) to work on /home/james/airflowa/lib/python3.8/site-packages/airflow/example_dags/subdags/subdag.py
[2022-06-08 12:38:40,397] {processor.py:641} INFO - Processing file /home/james/airflowa/lib/python3.8/site-packages/airflow/example_dags/subdags/subdag.py for tasks to queue
[2022-06-08 12:38:40,413] {logging_mixin.py:115} INFO - [2022-06-08 12:38:40,412] {dagbag.py:507} INFO - Filling up the DagBag from /home/james/airflowa/lib/python3.8/site-packages/airflow/example_dags/subdags/subdag.py
[2022-06-08 12:38:40,430] {processor.py:653} WARNING - No viable dags retrieved from /home/james/airflowa/lib/python3.8/site-packages/airflow/example_dags/subdags/subdag.py
[2022-06-08 12:38:40,464] {processor.py:161} INFO - Processing /home/james/airflowa/lib/python3.8/site-packages/airflow/example_dags/subdags/subdag.py took 0.098 seconds
[2022-06-08 12:39:31,845] {processor.py:153} INFO - Started process (PID=115723) to work on /home/james/airflowa/lib/python3.8/site-packages/airflow/example_dags/subdags/subdag.py
[2022-06-08 12:39:31,846] {processor.py:641} INFO - Processing file /home/james/airflowa/lib/python3.8/site-packages/airflow/example_dags/subdags/subdag.py for tasks to queue
[2022-06-08 12:39:31,848] {logging_mixin.py:115} INFO - [2022-06-08 12:39:31,847] {dagbag.py:507} INFO - Filling up the DagBag from /home/james/airflowa/lib/python3.8/site-packages/airflow/example_dags/subdags/subdag.py
[2022-06-08 12:39:31,851] {processor.py:653} WARNING - No viable dags retrieved from /home/james/airflowa/lib/python3.8/site-packages/airflow/example_dags/subdags/subdag.py
[2022-06-08 12:39:31,873] {processor.py:161} INFO - Processing /home/james/airflowa/lib/python3.8/site-packages/airflow/example_dags/subdags/subdag.py took 0.033 seconds
[2022-06-08 12:40:21,913] {processor.py:153} INFO - Started process (PID=116441) to work on /home/james/airflowa/lib/python3.8/site-packages/airflow/example_dags/subdags/subdag.py
[2022-06-08 12:40:21,913] {processor.py:641} INFO - Processing file /home/james/airflowa/lib/python3.8/site-packages/airflow/example_dags/subdags/subdag.py for tasks to queue
[2022-06-08 12:40:21,914] {logging_mixin.py:115} INFO - [2022-06-08 12:40:21,914] {dagbag.py:507} INFO - Filling up the DagBag from /home/james/airflowa/lib/python3.8/site-packages/airflow/example_dags/subdags/subdag.py
[2022-06-08 12:40:21,915] {processor.py:653} WARNING - No viable dags retrieved from /home/james/airflowa/lib/python3.8/site-packages/airflow/example_dags/subdags/subdag.py
[2022-06-08 12:40:21,924] {processor.py:161} INFO - Processing /home/james/airflowa/lib/python3.8/site-packages/airflow/example_dags/subdags/subdag.py took 0.015 seconds
[2022-06-08 12:41:33,796] {processor.py:153} INFO - Started process (PID=116897) to work on /home/james/airflowa/lib/python3.8/site-packages/airflow/example_dags/subdags/subdag.py
[2022-06-08 12:41:33,797] {processor.py:641} INFO - Processing file /home/james/airflowa/lib/python3.8/site-packages/airflow/example_dags/subdags/subdag.py for tasks to queue
[2022-06-08 12:41:33,798] {logging_mixin.py:115} INFO - [2022-06-08 12:41:33,798] {dagbag.py:507} INFO - Filling up the DagBag from /home/james/airflowa/lib/python3.8/site-packages/airflow/example_dags/subdags/subdag.py
[2022-06-08 12:41:33,800] {processor.py:653} WARNING - No viable dags retrieved from /home/james/airflowa/lib/python3.8/site-packages/airflow/example_dags/subdags/subdag.py
[2022-06-08 12:41:33,816] {processor.py:161} INFO - Processing /home/james/airflowa/lib/python3.8/site-packages/airflow/example_dags/subdags/subdag.py took 0.026 seconds
[2022-06-08 12:44:49,701] {processor.py:153} INFO - Started process (PID=118027) to work on /home/james/airflowa/lib/python3.8/site-packages/airflow/example_dags/subdags/subdag.py
[2022-06-08 12:44:49,702] {processor.py:641} INFO - Processing file /home/james/airflowa/lib/python3.8/site-packages/airflow/example_dags/subdags/subdag.py for tasks to queue
[2022-06-08 12:44:49,703] {logging_mixin.py:115} INFO - [2022-06-08 12:44:49,702] {dagbag.py:507} INFO - Filling up the DagBag from /home/james/airflowa/lib/python3.8/site-packages/airflow/example_dags/subdags/subdag.py
[2022-06-08 12:44:49,704] {processor.py:653} WARNING - No viable dags retrieved from /home/james/airflowa/lib/python3.8/site-packages/airflow/example_dags/subdags/subdag.py
[2022-06-08 12:44:49,720] {processor.py:161} INFO - Processing /home/james/airflowa/lib/python3.8/site-packages/airflow/example_dags/subdags/subdag.py took 0.022 seconds
[2022-06-08 12:45:37,205] {processor.py:153} INFO - Started process (PID=118270) to work on /home/james/airflowa/lib/python3.8/site-packages/airflow/example_dags/subdags/subdag.py
[2022-06-08 12:45:37,205] {processor.py:641} INFO - Processing file /home/james/airflowa/lib/python3.8/site-packages/airflow/example_dags/subdags/subdag.py for tasks to queue
[2022-06-08 12:45:37,206] {logging_mixin.py:115} INFO - [2022-06-08 12:45:37,206] {dagbag.py:507} INFO - Filling up the DagBag from /home/james/airflowa/lib/python3.8/site-packages/airflow/example_dags/subdags/subdag.py
[2022-06-08 12:45:37,207] {processor.py:653} WARNING - No viable dags retrieved from /home/james/airflowa/lib/python3.8/site-packages/airflow/example_dags/subdags/subdag.py
[2022-06-08 12:45:37,218] {processor.py:161} INFO - Processing /home/james/airflowa/lib/python3.8/site-packages/airflow/example_dags/subdags/subdag.py took 0.015 seconds
[2022-06-08 12:46:57,507] {processor.py:153} INFO - Started process (PID=118975) to work on /home/james/airflowa/lib/python3.8/site-packages/airflow/example_dags/subdags/subdag.py
[2022-06-08 12:46:57,507] {processor.py:641} INFO - Processing file /home/james/airflowa/lib/python3.8/site-packages/airflow/example_dags/subdags/subdag.py for tasks to queue
[2022-06-08 12:46:57,508] {logging_mixin.py:115} INFO - [2022-06-08 12:46:57,508] {dagbag.py:507} INFO - Filling up the DagBag from /home/james/airflowa/lib/python3.8/site-packages/airflow/example_dags/subdags/subdag.py
[2022-06-08 12:46:57,509] {processor.py:653} WARNING - No viable dags retrieved from /home/james/airflowa/lib/python3.8/site-packages/airflow/example_dags/subdags/subdag.py
[2022-06-08 12:46:57,520] {processor.py:161} INFO - Processing /home/james/airflowa/lib/python3.8/site-packages/airflow/example_dags/subdags/subdag.py took 0.016 seconds
[2022-06-08 12:48:19,399] {processor.py:153} INFO - Started process (PID=119617) to work on /home/james/airflowa/lib/python3.8/site-packages/airflow/example_dags/subdags/subdag.py
[2022-06-08 12:48:19,400] {processor.py:641} INFO - Processing file /home/james/airflowa/lib/python3.8/site-packages/airflow/example_dags/subdags/subdag.py for tasks to queue
[2022-06-08 12:48:19,400] {logging_mixin.py:115} INFO - [2022-06-08 12:48:19,400] {dagbag.py:507} INFO - Filling up the DagBag from /home/james/airflowa/lib/python3.8/site-packages/airflow/example_dags/subdags/subdag.py
[2022-06-08 12:48:19,402] {processor.py:653} WARNING - No viable dags retrieved from /home/james/airflowa/lib/python3.8/site-packages/airflow/example_dags/subdags/subdag.py
[2022-06-08 12:48:19,410] {processor.py:161} INFO - Processing /home/james/airflowa/lib/python3.8/site-packages/airflow/example_dags/subdags/subdag.py took 0.014 seconds
[2022-06-08 12:49:09,570] {processor.py:153} INFO - Started process (PID=120122) to work on /home/james/airflowa/lib/python3.8/site-packages/airflow/example_dags/subdags/subdag.py
[2022-06-08 12:49:09,580] {processor.py:641} INFO - Processing file /home/james/airflowa/lib/python3.8/site-packages/airflow/example_dags/subdags/subdag.py for tasks to queue
[2022-06-08 12:49:09,581] {logging_mixin.py:115} INFO - [2022-06-08 12:49:09,581] {dagbag.py:507} INFO - Filling up the DagBag from /home/james/airflowa/lib/python3.8/site-packages/airflow/example_dags/subdags/subdag.py
[2022-06-08 12:49:09,585] {processor.py:653} WARNING - No viable dags retrieved from /home/james/airflowa/lib/python3.8/site-packages/airflow/example_dags/subdags/subdag.py
[2022-06-08 12:49:09,605] {processor.py:161} INFO - Processing /home/james/airflowa/lib/python3.8/site-packages/airflow/example_dags/subdags/subdag.py took 0.042 seconds
[2022-06-08 12:52:03,963] {processor.py:153} INFO - Started process (PID=121331) to work on /home/james/airflowa/lib/python3.8/site-packages/airflow/example_dags/subdags/subdag.py
[2022-06-08 12:52:03,964] {processor.py:641} INFO - Processing file /home/james/airflowa/lib/python3.8/site-packages/airflow/example_dags/subdags/subdag.py for tasks to queue
[2022-06-08 12:52:03,966] {logging_mixin.py:115} INFO - [2022-06-08 12:52:03,966] {dagbag.py:507} INFO - Filling up the DagBag from /home/james/airflowa/lib/python3.8/site-packages/airflow/example_dags/subdags/subdag.py
[2022-06-08 12:52:03,968] {processor.py:653} WARNING - No viable dags retrieved from /home/james/airflowa/lib/python3.8/site-packages/airflow/example_dags/subdags/subdag.py
[2022-06-08 12:52:03,989] {processor.py:161} INFO - Processing /home/james/airflowa/lib/python3.8/site-packages/airflow/example_dags/subdags/subdag.py took 0.031 seconds
[2022-06-08 12:53:07,593] {processor.py:153} INFO - Started process (PID=121719) to work on /home/james/airflowa/lib/python3.8/site-packages/airflow/example_dags/subdags/subdag.py
[2022-06-08 12:53:07,594] {processor.py:641} INFO - Processing file /home/james/airflowa/lib/python3.8/site-packages/airflow/example_dags/subdags/subdag.py for tasks to queue
[2022-06-08 12:53:07,595] {logging_mixin.py:115} INFO - [2022-06-08 12:53:07,595] {dagbag.py:507} INFO - Filling up the DagBag from /home/james/airflowa/lib/python3.8/site-packages/airflow/example_dags/subdags/subdag.py
[2022-06-08 12:53:07,598] {processor.py:653} WARNING - No viable dags retrieved from /home/james/airflowa/lib/python3.8/site-packages/airflow/example_dags/subdags/subdag.py
[2022-06-08 12:53:07,619] {processor.py:161} INFO - Processing /home/james/airflowa/lib/python3.8/site-packages/airflow/example_dags/subdags/subdag.py took 0.032 seconds
[2022-06-08 12:53:57,710] {processor.py:153} INFO - Started process (PID=122209) to work on /home/james/airflowa/lib/python3.8/site-packages/airflow/example_dags/subdags/subdag.py
[2022-06-08 12:53:57,712] {processor.py:641} INFO - Processing file /home/james/airflowa/lib/python3.8/site-packages/airflow/example_dags/subdags/subdag.py for tasks to queue
[2022-06-08 12:53:57,714] {logging_mixin.py:115} INFO - [2022-06-08 12:53:57,714] {dagbag.py:507} INFO - Filling up the DagBag from /home/james/airflowa/lib/python3.8/site-packages/airflow/example_dags/subdags/subdag.py
[2022-06-08 12:53:57,721] {processor.py:653} WARNING - No viable dags retrieved from /home/james/airflowa/lib/python3.8/site-packages/airflow/example_dags/subdags/subdag.py
[2022-06-08 12:53:57,744] {processor.py:161} INFO - Processing /home/james/airflowa/lib/python3.8/site-packages/airflow/example_dags/subdags/subdag.py took 0.043 seconds
[2022-06-08 12:55:41,125] {processor.py:153} INFO - Started process (PID=122776) to work on /home/james/airflowa/lib/python3.8/site-packages/airflow/example_dags/subdags/subdag.py
[2022-06-08 12:55:41,126] {processor.py:641} INFO - Processing file /home/james/airflowa/lib/python3.8/site-packages/airflow/example_dags/subdags/subdag.py for tasks to queue
[2022-06-08 12:55:41,128] {logging_mixin.py:115} INFO - [2022-06-08 12:55:41,128] {dagbag.py:507} INFO - Filling up the DagBag from /home/james/airflowa/lib/python3.8/site-packages/airflow/example_dags/subdags/subdag.py
[2022-06-08 12:55:41,131] {processor.py:653} WARNING - No viable dags retrieved from /home/james/airflowa/lib/python3.8/site-packages/airflow/example_dags/subdags/subdag.py
[2022-06-08 12:55:41,154] {processor.py:161} INFO - Processing /home/james/airflowa/lib/python3.8/site-packages/airflow/example_dags/subdags/subdag.py took 0.035 seconds
[2022-06-08 12:56:45,836] {processor.py:153} INFO - Started process (PID=123086) to work on /home/james/airflowa/lib/python3.8/site-packages/airflow/example_dags/subdags/subdag.py
[2022-06-08 12:56:45,837] {processor.py:641} INFO - Processing file /home/james/airflowa/lib/python3.8/site-packages/airflow/example_dags/subdags/subdag.py for tasks to queue
[2022-06-08 12:56:45,838] {logging_mixin.py:115} INFO - [2022-06-08 12:56:45,837] {dagbag.py:507} INFO - Filling up the DagBag from /home/james/airflowa/lib/python3.8/site-packages/airflow/example_dags/subdags/subdag.py
[2022-06-08 12:56:45,839] {processor.py:653} WARNING - No viable dags retrieved from /home/james/airflowa/lib/python3.8/site-packages/airflow/example_dags/subdags/subdag.py
[2022-06-08 12:56:45,849] {processor.py:161} INFO - Processing /home/james/airflowa/lib/python3.8/site-packages/airflow/example_dags/subdags/subdag.py took 0.015 seconds
[2022-06-08 12:58:09,754] {processor.py:153} INFO - Started process (PID=123528) to work on /home/james/airflowa/lib/python3.8/site-packages/airflow/example_dags/subdags/subdag.py
[2022-06-08 12:58:09,755] {processor.py:641} INFO - Processing file /home/james/airflowa/lib/python3.8/site-packages/airflow/example_dags/subdags/subdag.py for tasks to queue
[2022-06-08 12:58:09,756] {logging_mixin.py:115} INFO - [2022-06-08 12:58:09,756] {dagbag.py:507} INFO - Filling up the DagBag from /home/james/airflowa/lib/python3.8/site-packages/airflow/example_dags/subdags/subdag.py
[2022-06-08 12:58:09,757] {processor.py:653} WARNING - No viable dags retrieved from /home/james/airflowa/lib/python3.8/site-packages/airflow/example_dags/subdags/subdag.py
[2022-06-08 12:58:09,764] {processor.py:161} INFO - Processing /home/james/airflowa/lib/python3.8/site-packages/airflow/example_dags/subdags/subdag.py took 0.012 seconds
[2022-06-08 12:58:53,780] {processor.py:153} INFO - Started process (PID=123835) to work on /home/james/airflowa/lib/python3.8/site-packages/airflow/example_dags/subdags/subdag.py
[2022-06-08 12:58:53,781] {processor.py:641} INFO - Processing file /home/james/airflowa/lib/python3.8/site-packages/airflow/example_dags/subdags/subdag.py for tasks to queue
[2022-06-08 12:58:53,781] {logging_mixin.py:115} INFO - [2022-06-08 12:58:53,781] {dagbag.py:507} INFO - Filling up the DagBag from /home/james/airflowa/lib/python3.8/site-packages/airflow/example_dags/subdags/subdag.py
[2022-06-08 12:58:53,782] {processor.py:653} WARNING - No viable dags retrieved from /home/james/airflowa/lib/python3.8/site-packages/airflow/example_dags/subdags/subdag.py
[2022-06-08 12:58:53,790] {processor.py:161} INFO - Processing /home/james/airflowa/lib/python3.8/site-packages/airflow/example_dags/subdags/subdag.py took 0.013 seconds
[2022-06-08 12:59:35,371] {processor.py:153} INFO - Started process (PID=124083) to work on /home/james/airflowa/lib/python3.8/site-packages/airflow/example_dags/subdags/subdag.py
[2022-06-08 12:59:35,372] {processor.py:641} INFO - Processing file /home/james/airflowa/lib/python3.8/site-packages/airflow/example_dags/subdags/subdag.py for tasks to queue
[2022-06-08 12:59:35,373] {logging_mixin.py:115} INFO - [2022-06-08 12:59:35,372] {dagbag.py:507} INFO - Filling up the DagBag from /home/james/airflowa/lib/python3.8/site-packages/airflow/example_dags/subdags/subdag.py
[2022-06-08 12:59:35,374] {processor.py:653} WARNING - No viable dags retrieved from /home/james/airflowa/lib/python3.8/site-packages/airflow/example_dags/subdags/subdag.py
[2022-06-08 12:59:35,384] {processor.py:161} INFO - Processing /home/james/airflowa/lib/python3.8/site-packages/airflow/example_dags/subdags/subdag.py took 0.015 seconds
[2022-06-08 13:00:15,893] {processor.py:153} INFO - Started process (PID=124797) to work on /home/james/airflowa/lib/python3.8/site-packages/airflow/example_dags/subdags/subdag.py
[2022-06-08 13:00:15,893] {processor.py:641} INFO - Processing file /home/james/airflowa/lib/python3.8/site-packages/airflow/example_dags/subdags/subdag.py for tasks to queue
[2022-06-08 13:00:15,894] {logging_mixin.py:115} INFO - [2022-06-08 13:00:15,894] {dagbag.py:507} INFO - Filling up the DagBag from /home/james/airflowa/lib/python3.8/site-packages/airflow/example_dags/subdags/subdag.py
[2022-06-08 13:00:15,895] {processor.py:653} WARNING - No viable dags retrieved from /home/james/airflowa/lib/python3.8/site-packages/airflow/example_dags/subdags/subdag.py
[2022-06-08 13:00:15,903] {processor.py:161} INFO - Processing /home/james/airflowa/lib/python3.8/site-packages/airflow/example_dags/subdags/subdag.py took 0.013 seconds
[2022-06-08 13:00:59,659] {processor.py:153} INFO - Started process (PID=125045) to work on /home/james/airflowa/lib/python3.8/site-packages/airflow/example_dags/subdags/subdag.py
[2022-06-08 13:00:59,659] {processor.py:641} INFO - Processing file /home/james/airflowa/lib/python3.8/site-packages/airflow/example_dags/subdags/subdag.py for tasks to queue
[2022-06-08 13:00:59,660] {logging_mixin.py:115} INFO - [2022-06-08 13:00:59,660] {dagbag.py:507} INFO - Filling up the DagBag from /home/james/airflowa/lib/python3.8/site-packages/airflow/example_dags/subdags/subdag.py
[2022-06-08 13:00:59,661] {processor.py:653} WARNING - No viable dags retrieved from /home/james/airflowa/lib/python3.8/site-packages/airflow/example_dags/subdags/subdag.py
[2022-06-08 13:00:59,669] {processor.py:161} INFO - Processing /home/james/airflowa/lib/python3.8/site-packages/airflow/example_dags/subdags/subdag.py took 0.013 seconds
[2022-06-08 13:01:57,366] {processor.py:153} INFO - Started process (PID=125401) to work on /home/james/airflowa/lib/python3.8/site-packages/airflow/example_dags/subdags/subdag.py
[2022-06-08 13:01:57,367] {processor.py:641} INFO - Processing file /home/james/airflowa/lib/python3.8/site-packages/airflow/example_dags/subdags/subdag.py for tasks to queue
[2022-06-08 13:01:57,367] {logging_mixin.py:115} INFO - [2022-06-08 13:01:57,367] {dagbag.py:507} INFO - Filling up the DagBag from /home/james/airflowa/lib/python3.8/site-packages/airflow/example_dags/subdags/subdag.py
[2022-06-08 13:01:57,370] {processor.py:653} WARNING - No viable dags retrieved from /home/james/airflowa/lib/python3.8/site-packages/airflow/example_dags/subdags/subdag.py
[2022-06-08 13:01:57,391] {processor.py:161} INFO - Processing /home/james/airflowa/lib/python3.8/site-packages/airflow/example_dags/subdags/subdag.py took 0.031 seconds
[2022-06-08 13:02:56,634] {processor.py:153} INFO - Started process (PID=125700) to work on /home/james/airflowa/lib/python3.8/site-packages/airflow/example_dags/subdags/subdag.py
[2022-06-08 13:02:56,635] {processor.py:641} INFO - Processing file /home/james/airflowa/lib/python3.8/site-packages/airflow/example_dags/subdags/subdag.py for tasks to queue
[2022-06-08 13:02:56,635] {logging_mixin.py:115} INFO - [2022-06-08 13:02:56,635] {dagbag.py:507} INFO - Filling up the DagBag from /home/james/airflowa/lib/python3.8/site-packages/airflow/example_dags/subdags/subdag.py
[2022-06-08 13:02:56,637] {processor.py:653} WARNING - No viable dags retrieved from /home/james/airflowa/lib/python3.8/site-packages/airflow/example_dags/subdags/subdag.py
[2022-06-08 13:02:56,646] {processor.py:161} INFO - Processing /home/james/airflowa/lib/python3.8/site-packages/airflow/example_dags/subdags/subdag.py took 0.014 seconds
[2022-06-08 13:03:55,195] {processor.py:153} INFO - Started process (PID=126171) to work on /home/james/airflowa/lib/python3.8/site-packages/airflow/example_dags/subdags/subdag.py
[2022-06-08 13:03:55,196] {processor.py:641} INFO - Processing file /home/james/airflowa/lib/python3.8/site-packages/airflow/example_dags/subdags/subdag.py for tasks to queue
[2022-06-08 13:03:55,196] {logging_mixin.py:115} INFO - [2022-06-08 13:03:55,196] {dagbag.py:507} INFO - Filling up the DagBag from /home/james/airflowa/lib/python3.8/site-packages/airflow/example_dags/subdags/subdag.py
[2022-06-08 13:03:55,198] {processor.py:653} WARNING - No viable dags retrieved from /home/james/airflowa/lib/python3.8/site-packages/airflow/example_dags/subdags/subdag.py
[2022-06-08 13:03:55,206] {processor.py:161} INFO - Processing /home/james/airflowa/lib/python3.8/site-packages/airflow/example_dags/subdags/subdag.py took 0.013 seconds
[2022-06-08 13:04:33,138] {processor.py:153} INFO - Started process (PID=126385) to work on /home/james/airflowa/lib/python3.8/site-packages/airflow/example_dags/subdags/subdag.py
[2022-06-08 13:04:33,139] {processor.py:641} INFO - Processing file /home/james/airflowa/lib/python3.8/site-packages/airflow/example_dags/subdags/subdag.py for tasks to queue
[2022-06-08 13:04:33,139] {logging_mixin.py:115} INFO - [2022-06-08 13:04:33,139] {dagbag.py:507} INFO - Filling up the DagBag from /home/james/airflowa/lib/python3.8/site-packages/airflow/example_dags/subdags/subdag.py
[2022-06-08 13:04:33,140] {processor.py:653} WARNING - No viable dags retrieved from /home/james/airflowa/lib/python3.8/site-packages/airflow/example_dags/subdags/subdag.py
[2022-06-08 13:04:33,148] {processor.py:161} INFO - Processing /home/james/airflowa/lib/python3.8/site-packages/airflow/example_dags/subdags/subdag.py took 0.012 seconds
[2022-06-08 13:05:29,672] {processor.py:153} INFO - Started process (PID=126601) to work on /home/james/airflowa/lib/python3.8/site-packages/airflow/example_dags/subdags/subdag.py
[2022-06-08 13:05:29,673] {processor.py:641} INFO - Processing file /home/james/airflowa/lib/python3.8/site-packages/airflow/example_dags/subdags/subdag.py for tasks to queue
[2022-06-08 13:05:29,673] {logging_mixin.py:115} INFO - [2022-06-08 13:05:29,673] {dagbag.py:507} INFO - Filling up the DagBag from /home/james/airflowa/lib/python3.8/site-packages/airflow/example_dags/subdags/subdag.py
[2022-06-08 13:05:29,674] {processor.py:653} WARNING - No viable dags retrieved from /home/james/airflowa/lib/python3.8/site-packages/airflow/example_dags/subdags/subdag.py
[2022-06-08 13:05:29,684] {processor.py:161} INFO - Processing /home/james/airflowa/lib/python3.8/site-packages/airflow/example_dags/subdags/subdag.py took 0.014 seconds
[2022-06-08 13:06:12,148] {processor.py:153} INFO - Started process (PID=126836) to work on /home/james/airflowa/lib/python3.8/site-packages/airflow/example_dags/subdags/subdag.py
[2022-06-08 13:06:12,149] {processor.py:641} INFO - Processing file /home/james/airflowa/lib/python3.8/site-packages/airflow/example_dags/subdags/subdag.py for tasks to queue
[2022-06-08 13:06:12,150] {logging_mixin.py:115} INFO - [2022-06-08 13:06:12,149] {dagbag.py:507} INFO - Filling up the DagBag from /home/james/airflowa/lib/python3.8/site-packages/airflow/example_dags/subdags/subdag.py
[2022-06-08 13:06:12,151] {processor.py:653} WARNING - No viable dags retrieved from /home/james/airflowa/lib/python3.8/site-packages/airflow/example_dags/subdags/subdag.py
[2022-06-08 13:06:12,159] {processor.py:161} INFO - Processing /home/james/airflowa/lib/python3.8/site-packages/airflow/example_dags/subdags/subdag.py took 0.012 seconds
[2022-06-08 13:06:56,439] {processor.py:153} INFO - Started process (PID=127012) to work on /home/james/airflowa/lib/python3.8/site-packages/airflow/example_dags/subdags/subdag.py
[2022-06-08 13:06:56,440] {processor.py:641} INFO - Processing file /home/james/airflowa/lib/python3.8/site-packages/airflow/example_dags/subdags/subdag.py for tasks to queue
[2022-06-08 13:06:56,440] {logging_mixin.py:115} INFO - [2022-06-08 13:06:56,440] {dagbag.py:507} INFO - Filling up the DagBag from /home/james/airflowa/lib/python3.8/site-packages/airflow/example_dags/subdags/subdag.py
[2022-06-08 13:06:56,442] {processor.py:653} WARNING - No viable dags retrieved from /home/james/airflowa/lib/python3.8/site-packages/airflow/example_dags/subdags/subdag.py
[2022-06-08 13:06:56,450] {processor.py:161} INFO - Processing /home/james/airflowa/lib/python3.8/site-packages/airflow/example_dags/subdags/subdag.py took 0.013 seconds
