[2022-06-08 09:10:52,943] {taskinstance.py:1159} INFO - Dependencies all met for <TaskInstance: spotify_dag.Whole_Spotify_ETL scheduled__2022-06-08T01:48:00+00:00 [queued]>
[2022-06-08 09:10:52,953] {taskinstance.py:1159} INFO - Dependencies all met for <TaskInstance: spotify_dag.Whole_Spotify_ETL scheduled__2022-06-08T01:48:00+00:00 [queued]>
[2022-06-08 09:10:52,954] {taskinstance.py:1356} INFO - 
--------------------------------------------------------------------------------
[2022-06-08 09:10:52,954] {taskinstance.py:1357} INFO - Starting attempt 1 of 2
[2022-06-08 09:10:52,954] {taskinstance.py:1358} INFO - 
--------------------------------------------------------------------------------
[2022-06-08 09:10:52,970] {taskinstance.py:1377} INFO - Executing <Task(PythonOperator): Whole_Spotify_ETL> on 2022-06-08 01:48:00+00:00
[2022-06-08 09:10:52,973] {standard_task_runner.py:52} INFO - Started process 26971 to run task
[2022-06-08 09:10:52,977] {standard_task_runner.py:79} INFO - Running: ['airflow', 'tasks', 'run', 'spotify_dag', 'Whole_Spotify_ETL', 'scheduled__2022-06-08T01:48:00+00:00', '--job-id', '114', '--raw', '--subdir', 'DAGS_FOLDER/spotify_dag.py', '--cfg-path', '/tmp/tmpgor4hbsq', '--error-file', '/tmp/tmpjyrf5idi']
[2022-06-08 09:10:52,978] {standard_task_runner.py:80} INFO - Job 114: Subtask Whole_Spotify_ETL
[2022-06-08 09:10:53,042] {task_command.py:370} INFO - Running <TaskInstance: spotify_dag.Whole_Spotify_ETL scheduled__2022-06-08T01:48:00+00:00 [running]> on host kubernetes-worker
[2022-06-08 09:10:53,131] {taskinstance.py:1569} INFO - Exporting the following env vars:
AIRFLOW_CTX_DAG_EMAIL=wabuyajames@gmail.com
AIRFLOW_CTX_DAG_OWNER=airflow
AIRFLOW_CTX_DAG_ID=spotify_dag
AIRFLOW_CTX_TASK_ID=Whole_Spotify_ETL
AIRFLOW_CTX_EXECUTION_DATE=2022-06-08T01:48:00+00:00
AIRFLOW_CTX_TRY_NUMBER=1
AIRFLOW_CTX_DAG_RUN_ID=scheduled__2022-06-08T01:48:00+00:00
[2022-06-08 09:10:53,132] {logging_mixin.py:115} INFO - Show Tasks:
[2022-06-08 09:10:53,132] {python.py:173} INFO - Done. Returned value was: None
[2022-06-08 09:10:53,142] {taskinstance.py:1395} INFO - Marking task as SUCCESS. dag_id=spotify_dag, task_id=Whole_Spotify_ETL, execution_date=20220608T014800, start_date=20220608T061052, end_date=20220608T061053
[2022-06-08 09:10:53,188] {local_task_job.py:156} INFO - Task exited with return code 0
[2022-06-08 09:10:53,213] {local_task_job.py:273} INFO - 0 downstream tasks scheduled from follow-on schedule check
