[2022-06-08 09:13:27,986] {taskinstance.py:1159} INFO - Dependencies all met for <TaskInstance: spotify_dag.Whole_Spotify_ETL scheduled__2022-06-08T02:18:00+00:00 [queued]>
[2022-06-08 09:13:28,022] {taskinstance.py:1159} INFO - Dependencies all met for <TaskInstance: spotify_dag.Whole_Spotify_ETL scheduled__2022-06-08T02:18:00+00:00 [queued]>
[2022-06-08 09:13:28,022] {taskinstance.py:1356} INFO - 
--------------------------------------------------------------------------------
[2022-06-08 09:13:28,023] {taskinstance.py:1357} INFO - Starting attempt 1 of 2
[2022-06-08 09:13:28,023] {taskinstance.py:1358} INFO - 
--------------------------------------------------------------------------------
[2022-06-08 09:13:28,062] {taskinstance.py:1377} INFO - Executing <Task(PythonOperator): Whole_Spotify_ETL> on 2022-06-08 02:18:00+00:00
[2022-06-08 09:13:28,068] {standard_task_runner.py:52} INFO - Started process 27688 to run task
[2022-06-08 09:13:28,084] {standard_task_runner.py:79} INFO - Running: ['airflow', 'tasks', 'run', 'spotify_dag', 'Whole_Spotify_ETL', 'scheduled__2022-06-08T02:18:00+00:00', '--job-id', '144', '--raw', '--subdir', 'DAGS_FOLDER/spotify_dag.py', '--cfg-path', '/tmp/tmpf7fx3lsu', '--error-file', '/tmp/tmp8v3hlnjh']
[2022-06-08 09:13:28,085] {standard_task_runner.py:80} INFO - Job 144: Subtask Whole_Spotify_ETL
[2022-06-08 09:13:28,222] {task_command.py:370} INFO - Running <TaskInstance: spotify_dag.Whole_Spotify_ETL scheduled__2022-06-08T02:18:00+00:00 [running]> on host kubernetes-worker
[2022-06-08 09:13:28,442] {taskinstance.py:1569} INFO - Exporting the following env vars:
AIRFLOW_CTX_DAG_EMAIL=wabuyajames@gmail.com
AIRFLOW_CTX_DAG_OWNER=airflow
AIRFLOW_CTX_DAG_ID=spotify_dag
AIRFLOW_CTX_TASK_ID=Whole_Spotify_ETL
AIRFLOW_CTX_EXECUTION_DATE=2022-06-08T02:18:00+00:00
AIRFLOW_CTX_TRY_NUMBER=1
AIRFLOW_CTX_DAG_RUN_ID=scheduled__2022-06-08T02:18:00+00:00
[2022-06-08 09:13:28,444] {logging_mixin.py:115} INFO - Show Tasks:
[2022-06-08 09:13:28,444] {python.py:173} INFO - Done. Returned value was: None
[2022-06-08 09:13:28,470] {taskinstance.py:1395} INFO - Marking task as SUCCESS. dag_id=spotify_dag, task_id=Whole_Spotify_ETL, execution_date=20220608T021800, start_date=20220608T061327, end_date=20220608T061328
[2022-06-08 09:13:28,537] {local_task_job.py:156} INFO - Task exited with return code 0
[2022-06-08 09:13:28,620] {local_task_job.py:273} INFO - 0 downstream tasks scheduled from follow-on schedule check
