[2022-06-08 09:09:08,505] {taskinstance.py:1159} INFO - Dependencies all met for <TaskInstance: spotify_dag.Whole_Spotify_ETL scheduled__2022-06-08T01:21:00+00:00 [queued]>
[2022-06-08 09:09:08,512] {taskinstance.py:1159} INFO - Dependencies all met for <TaskInstance: spotify_dag.Whole_Spotify_ETL scheduled__2022-06-08T01:21:00+00:00 [queued]>
[2022-06-08 09:09:08,513] {taskinstance.py:1356} INFO - 
--------------------------------------------------------------------------------
[2022-06-08 09:09:08,513] {taskinstance.py:1357} INFO - Starting attempt 1 of 2
[2022-06-08 09:09:08,513] {taskinstance.py:1358} INFO - 
--------------------------------------------------------------------------------
[2022-06-08 09:09:08,528] {taskinstance.py:1377} INFO - Executing <Task(PythonOperator): Whole_Spotify_ETL> on 2022-06-08 01:21:00+00:00
[2022-06-08 09:09:08,530] {standard_task_runner.py:52} INFO - Started process 25813 to run task
[2022-06-08 09:09:08,534] {standard_task_runner.py:79} INFO - Running: ['airflow', 'tasks', 'run', 'spotify_dag', 'Whole_Spotify_ETL', 'scheduled__2022-06-08T01:21:00+00:00', '--job-id', '87', '--raw', '--subdir', 'DAGS_FOLDER/spotify_dag.py', '--cfg-path', '/tmp/tmp94dstg5a', '--error-file', '/tmp/tmp2wtkeajh']
[2022-06-08 09:09:08,535] {standard_task_runner.py:80} INFO - Job 87: Subtask Whole_Spotify_ETL
[2022-06-08 09:09:08,583] {task_command.py:370} INFO - Running <TaskInstance: spotify_dag.Whole_Spotify_ETL scheduled__2022-06-08T01:21:00+00:00 [running]> on host kubernetes-worker
[2022-06-08 09:09:08,650] {taskinstance.py:1569} INFO - Exporting the following env vars:
AIRFLOW_CTX_DAG_EMAIL=wabuyajames@gmail.com
AIRFLOW_CTX_DAG_OWNER=airflow
AIRFLOW_CTX_DAG_ID=spotify_dag
AIRFLOW_CTX_TASK_ID=Whole_Spotify_ETL
AIRFLOW_CTX_EXECUTION_DATE=2022-06-08T01:21:00+00:00
AIRFLOW_CTX_TRY_NUMBER=1
AIRFLOW_CTX_DAG_RUN_ID=scheduled__2022-06-08T01:21:00+00:00
[2022-06-08 09:09:08,651] {logging_mixin.py:115} INFO - Show Tasks:
[2022-06-08 09:09:08,651] {python.py:173} INFO - Done. Returned value was: None
[2022-06-08 09:09:08,663] {taskinstance.py:1395} INFO - Marking task as SUCCESS. dag_id=spotify_dag, task_id=Whole_Spotify_ETL, execution_date=20220608T012100, start_date=20220608T060908, end_date=20220608T060908
[2022-06-08 09:09:08,705] {local_task_job.py:156} INFO - Task exited with return code 0
[2022-06-08 09:09:08,730] {local_task_job.py:273} INFO - 0 downstream tasks scheduled from follow-on schedule check
