[2022-06-07 22:32:45,245] {processor.py:153} INFO - Started process (PID=62368) to work on /home/james/airflow/dags/spotify_dag.py
[2022-06-07 22:32:45,246] {processor.py:641} INFO - Processing file /home/james/airflow/dags/spotify_dag.py for tasks to queue
[2022-06-07 22:32:45,247] {logging_mixin.py:115} INFO - [2022-06-07 22:32:45,247] {dagbag.py:507} INFO - Filling up the DagBag from /home/james/airflow/dags/spotify_dag.py
[2022-06-07 22:32:45,259] {processor.py:651} INFO - DAG(s) dict_keys(['spotify_dag']) retrieved from /home/james/airflow/dags/spotify_dag.py
[2022-06-07 22:32:45,346] {logging_mixin.py:115} INFO - [2022-06-07 22:32:45,346] {manager.py:508} INFO - Created Permission View: can delete on DAG:spotify_dag
[2022-06-07 22:32:45,360] {logging_mixin.py:115} INFO - [2022-06-07 22:32:45,360] {manager.py:508} INFO - Created Permission View: can edit on DAG:spotify_dag
[2022-06-07 22:32:45,371] {logging_mixin.py:115} INFO - [2022-06-07 22:32:45,371] {manager.py:508} INFO - Created Permission View: can read on DAG:spotify_dag
[2022-06-07 22:32:45,371] {logging_mixin.py:115} INFO - [2022-06-07 22:32:45,371] {dag.py:2379} INFO - Sync 1 DAGs
[2022-06-07 22:32:45,382] {logging_mixin.py:115} INFO - [2022-06-07 22:32:45,382] {dag.py:2398} INFO - Creating ORM DAG for spotify_dag
[2022-06-07 22:32:45,398] {logging_mixin.py:115} INFO - [2022-06-07 22:32:45,398] {dag.py:2927} INFO - Setting next_dagrun for spotify_dag to 2022-06-07T00:00:00+00:00, run_after=2022-06-07T00:01:00+00:00
[2022-06-07 22:32:45,416] {processor.py:161} INFO - Processing /home/james/airflow/dags/spotify_dag.py took 0.173 seconds
[2022-06-07 22:33:24,326] {processor.py:153} INFO - Started process (PID=62657) to work on /home/james/airflow/dags/spotify_dag.py
[2022-06-07 22:33:24,328] {processor.py:641} INFO - Processing file /home/james/airflow/dags/spotify_dag.py for tasks to queue
[2022-06-07 22:33:24,329] {logging_mixin.py:115} INFO - [2022-06-07 22:33:24,329] {dagbag.py:507} INFO - Filling up the DagBag from /home/james/airflow/dags/spotify_dag.py
[2022-06-07 22:33:24,341] {processor.py:651} INFO - DAG(s) dict_keys(['spotify_dag']) retrieved from /home/james/airflow/dags/spotify_dag.py
[2022-06-07 22:33:24,373] {logging_mixin.py:115} INFO - [2022-06-07 22:33:24,373] {dag.py:2379} INFO - Sync 1 DAGs
[2022-06-07 22:33:24,404] {logging_mixin.py:115} INFO - [2022-06-07 22:33:24,404] {dag.py:2927} INFO - Setting next_dagrun for spotify_dag to 2022-06-07T00:00:00+00:00, run_after=2022-06-07T00:01:00+00:00
[2022-06-07 22:33:24,422] {processor.py:161} INFO - Processing /home/james/airflow/dags/spotify_dag.py took 0.102 seconds
[2022-06-07 22:33:35,296] {processor.py:153} INFO - Started process (PID=62716) to work on /home/james/airflow/dags/spotify_dag.py
[2022-06-07 22:33:35,297] {processor.py:641} INFO - Processing file /home/james/airflow/dags/spotify_dag.py for tasks to queue
[2022-06-07 22:33:35,298] {logging_mixin.py:115} INFO - [2022-06-07 22:33:35,298] {dagbag.py:507} INFO - Filling up the DagBag from /home/james/airflow/dags/spotify_dag.py
[2022-06-07 22:33:35,314] {processor.py:651} INFO - DAG(s) dict_keys(['spotify_dag']) retrieved from /home/james/airflow/dags/spotify_dag.py
[2022-06-07 22:33:35,349] {logging_mixin.py:115} INFO - [2022-06-07 22:33:35,349] {dag.py:2379} INFO - Sync 1 DAGs
[2022-06-07 22:33:35,389] {logging_mixin.py:115} INFO - [2022-06-07 22:33:35,388] {dag.py:2927} INFO - Setting next_dagrun for spotify_dag to 2022-06-07T00:00:00+00:00, run_after=2022-06-07T00:01:00+00:00
[2022-06-07 22:33:35,426] {processor.py:161} INFO - Processing /home/james/airflow/dags/spotify_dag.py took 0.136 seconds
[2022-06-07 22:33:46,458] {processor.py:153} INFO - Started process (PID=62751) to work on /home/james/airflow/dags/spotify_dag.py
[2022-06-07 22:33:46,459] {processor.py:641} INFO - Processing file /home/james/airflow/dags/spotify_dag.py for tasks to queue
[2022-06-07 22:33:46,460] {logging_mixin.py:115} INFO - [2022-06-07 22:33:46,460] {dagbag.py:507} INFO - Filling up the DagBag from /home/james/airflow/dags/spotify_dag.py
[2022-06-07 22:33:46,472] {processor.py:651} INFO - DAG(s) dict_keys(['spotify_dag']) retrieved from /home/james/airflow/dags/spotify_dag.py
[2022-06-07 22:33:46,498] {logging_mixin.py:115} INFO - [2022-06-07 22:33:46,498] {dag.py:2379} INFO - Sync 1 DAGs
[2022-06-07 22:33:46,522] {logging_mixin.py:115} INFO - [2022-06-07 22:33:46,522] {dag.py:2927} INFO - Setting next_dagrun for spotify_dag to 2022-06-07T00:00:00+00:00, run_after=2022-06-07T00:01:00+00:00
[2022-06-07 22:33:46,537] {processor.py:161} INFO - Processing /home/james/airflow/dags/spotify_dag.py took 0.083 seconds
[2022-06-07 22:33:58,560] {processor.py:153} INFO - Started process (PID=62789) to work on /home/james/airflow/dags/spotify_dag.py
[2022-06-07 22:33:58,560] {processor.py:641} INFO - Processing file /home/james/airflow/dags/spotify_dag.py for tasks to queue
[2022-06-07 22:33:58,561] {logging_mixin.py:115} INFO - [2022-06-07 22:33:58,561] {dagbag.py:507} INFO - Filling up the DagBag from /home/james/airflow/dags/spotify_dag.py
[2022-06-07 22:33:58,570] {processor.py:651} INFO - DAG(s) dict_keys(['spotify_dag']) retrieved from /home/james/airflow/dags/spotify_dag.py
[2022-06-07 22:33:58,592] {logging_mixin.py:115} INFO - [2022-06-07 22:33:58,592] {dag.py:2379} INFO - Sync 1 DAGs
[2022-06-07 22:33:58,618] {logging_mixin.py:115} INFO - [2022-06-07 22:33:58,618] {dag.py:2927} INFO - Setting next_dagrun for spotify_dag to 2022-06-07T00:00:00+00:00, run_after=2022-06-07T00:01:00+00:00
[2022-06-07 22:33:58,633] {processor.py:161} INFO - Processing /home/james/airflow/dags/spotify_dag.py took 0.077 seconds
[2022-06-07 22:34:07,889] {processor.py:153} INFO - Started process (PID=62828) to work on /home/james/airflow/dags/spotify_dag.py
[2022-06-07 22:34:07,890] {processor.py:641} INFO - Processing file /home/james/airflow/dags/spotify_dag.py for tasks to queue
[2022-06-07 22:34:07,891] {logging_mixin.py:115} INFO - [2022-06-07 22:34:07,891] {dagbag.py:507} INFO - Filling up the DagBag from /home/james/airflow/dags/spotify_dag.py
[2022-06-07 22:34:07,899] {processor.py:651} INFO - DAG(s) dict_keys(['spotify_dag']) retrieved from /home/james/airflow/dags/spotify_dag.py
[2022-06-07 22:34:07,917] {logging_mixin.py:115} INFO - [2022-06-07 22:34:07,917] {dag.py:2379} INFO - Sync 1 DAGs
[2022-06-07 22:34:07,940] {logging_mixin.py:115} INFO - [2022-06-07 22:34:07,940] {dag.py:2927} INFO - Setting next_dagrun for spotify_dag to 2022-06-07T00:00:00+00:00, run_after=2022-06-07T00:01:00+00:00
[2022-06-07 22:34:07,955] {processor.py:161} INFO - Processing /home/james/airflow/dags/spotify_dag.py took 0.069 seconds
[2022-06-07 22:34:16,179] {processor.py:153} INFO - Started process (PID=62874) to work on /home/james/airflow/dags/spotify_dag.py
[2022-06-07 22:34:16,180] {processor.py:641} INFO - Processing file /home/james/airflow/dags/spotify_dag.py for tasks to queue
[2022-06-07 22:34:16,180] {logging_mixin.py:115} INFO - [2022-06-07 22:34:16,180] {dagbag.py:507} INFO - Filling up the DagBag from /home/james/airflow/dags/spotify_dag.py
[2022-06-07 22:34:16,185] {processor.py:651} INFO - DAG(s) dict_keys(['spotify_dag']) retrieved from /home/james/airflow/dags/spotify_dag.py
[2022-06-07 22:34:16,197] {logging_mixin.py:115} INFO - [2022-06-07 22:34:16,197] {dag.py:2379} INFO - Sync 1 DAGs
[2022-06-07 22:34:16,213] {logging_mixin.py:115} INFO - [2022-06-07 22:34:16,213] {dag.py:2927} INFO - Setting next_dagrun for spotify_dag to 2022-06-07T00:00:00+00:00, run_after=2022-06-07T00:01:00+00:00
[2022-06-07 22:34:16,224] {processor.py:161} INFO - Processing /home/james/airflow/dags/spotify_dag.py took 0.047 seconds
[2022-06-07 22:34:25,332] {processor.py:153} INFO - Started process (PID=63054) to work on /home/james/airflow/dags/spotify_dag.py
[2022-06-07 22:34:25,333] {processor.py:641} INFO - Processing file /home/james/airflow/dags/spotify_dag.py for tasks to queue
[2022-06-07 22:34:25,333] {logging_mixin.py:115} INFO - [2022-06-07 22:34:25,333] {dagbag.py:507} INFO - Filling up the DagBag from /home/james/airflow/dags/spotify_dag.py
[2022-06-07 22:34:25,339] {processor.py:651} INFO - DAG(s) dict_keys(['spotify_dag']) retrieved from /home/james/airflow/dags/spotify_dag.py
[2022-06-07 22:34:25,352] {logging_mixin.py:115} INFO - [2022-06-07 22:34:25,351] {dag.py:2379} INFO - Sync 1 DAGs
[2022-06-07 22:34:25,367] {logging_mixin.py:115} INFO - [2022-06-07 22:34:25,367] {dag.py:2927} INFO - Setting next_dagrun for spotify_dag to 2022-06-07T00:00:00+00:00, run_after=2022-06-07T00:01:00+00:00
[2022-06-07 22:34:25,377] {processor.py:161} INFO - Processing /home/james/airflow/dags/spotify_dag.py took 0.048 seconds
[2022-06-07 22:34:34,451] {processor.py:153} INFO - Started process (PID=63149) to work on /home/james/airflow/dags/spotify_dag.py
[2022-06-07 22:34:34,452] {processor.py:641} INFO - Processing file /home/james/airflow/dags/spotify_dag.py for tasks to queue
[2022-06-07 22:34:34,453] {logging_mixin.py:115} INFO - [2022-06-07 22:34:34,452] {dagbag.py:507} INFO - Filling up the DagBag from /home/james/airflow/dags/spotify_dag.py
[2022-06-07 22:34:34,458] {processor.py:651} INFO - DAG(s) dict_keys(['spotify_dag']) retrieved from /home/james/airflow/dags/spotify_dag.py
[2022-06-07 22:34:34,470] {logging_mixin.py:115} INFO - [2022-06-07 22:34:34,470] {dag.py:2379} INFO - Sync 1 DAGs
[2022-06-07 22:34:34,487] {logging_mixin.py:115} INFO - [2022-06-07 22:34:34,487] {dag.py:2927} INFO - Setting next_dagrun for spotify_dag to 2022-06-07T00:00:00+00:00, run_after=2022-06-07T00:01:00+00:00
[2022-06-07 22:34:34,499] {processor.py:161} INFO - Processing /home/james/airflow/dags/spotify_dag.py took 0.050 seconds
[2022-06-07 22:34:45,847] {processor.py:153} INFO - Started process (PID=63224) to work on /home/james/airflow/dags/spotify_dag.py
[2022-06-07 22:34:45,848] {processor.py:641} INFO - Processing file /home/james/airflow/dags/spotify_dag.py for tasks to queue
[2022-06-07 22:34:45,848] {logging_mixin.py:115} INFO - [2022-06-07 22:34:45,848] {dagbag.py:507} INFO - Filling up the DagBag from /home/james/airflow/dags/spotify_dag.py
[2022-06-07 22:34:45,858] {processor.py:651} INFO - DAG(s) dict_keys(['spotify_dag']) retrieved from /home/james/airflow/dags/spotify_dag.py
[2022-06-07 22:34:45,876] {logging_mixin.py:115} INFO - [2022-06-07 22:34:45,876] {dag.py:2379} INFO - Sync 1 DAGs
[2022-06-07 22:34:45,900] {logging_mixin.py:115} INFO - [2022-06-07 22:34:45,900] {dag.py:2927} INFO - Setting next_dagrun for spotify_dag to 2022-06-07T00:00:00+00:00, run_after=2022-06-07T00:01:00+00:00
[2022-06-07 22:34:45,915] {processor.py:161} INFO - Processing /home/james/airflow/dags/spotify_dag.py took 0.070 seconds
[2022-06-07 22:34:56,346] {processor.py:153} INFO - Started process (PID=63270) to work on /home/james/airflow/dags/spotify_dag.py
[2022-06-07 22:34:56,347] {processor.py:641} INFO - Processing file /home/james/airflow/dags/spotify_dag.py for tasks to queue
[2022-06-07 22:34:56,347] {logging_mixin.py:115} INFO - [2022-06-07 22:34:56,347] {dagbag.py:507} INFO - Filling up the DagBag from /home/james/airflow/dags/spotify_dag.py
[2022-06-07 22:34:56,357] {processor.py:651} INFO - DAG(s) dict_keys(['spotify_dag']) retrieved from /home/james/airflow/dags/spotify_dag.py
[2022-06-07 22:34:56,381] {logging_mixin.py:115} INFO - [2022-06-07 22:34:56,381] {dag.py:2379} INFO - Sync 1 DAGs
[2022-06-07 22:34:56,404] {logging_mixin.py:115} INFO - [2022-06-07 22:34:56,404] {dag.py:2927} INFO - Setting next_dagrun for spotify_dag to 2022-06-07T00:00:00+00:00, run_after=2022-06-07T00:01:00+00:00
[2022-06-07 22:34:56,417] {processor.py:161} INFO - Processing /home/james/airflow/dags/spotify_dag.py took 0.075 seconds
[2022-06-07 22:35:04,327] {processor.py:153} INFO - Started process (PID=63293) to work on /home/james/airflow/dags/spotify_dag.py
[2022-06-07 22:35:04,328] {processor.py:641} INFO - Processing file /home/james/airflow/dags/spotify_dag.py for tasks to queue
[2022-06-07 22:35:04,329] {logging_mixin.py:115} INFO - [2022-06-07 22:35:04,329] {dagbag.py:507} INFO - Filling up the DagBag from /home/james/airflow/dags/spotify_dag.py
[2022-06-07 22:35:04,336] {processor.py:651} INFO - DAG(s) dict_keys(['spotify_dag']) retrieved from /home/james/airflow/dags/spotify_dag.py
[2022-06-07 22:35:04,353] {logging_mixin.py:115} INFO - [2022-06-07 22:35:04,353] {dag.py:2379} INFO - Sync 1 DAGs
[2022-06-07 22:35:04,375] {logging_mixin.py:115} INFO - [2022-06-07 22:35:04,374] {dag.py:2927} INFO - Setting next_dagrun for spotify_dag to 2022-06-07T00:00:00+00:00, run_after=2022-06-07T00:01:00+00:00
[2022-06-07 22:35:04,388] {processor.py:161} INFO - Processing /home/james/airflow/dags/spotify_dag.py took 0.064 seconds
[2022-06-07 22:35:13,063] {processor.py:153} INFO - Started process (PID=63331) to work on /home/james/airflow/dags/spotify_dag.py
[2022-06-07 22:35:13,064] {processor.py:641} INFO - Processing file /home/james/airflow/dags/spotify_dag.py for tasks to queue
[2022-06-07 22:35:13,065] {logging_mixin.py:115} INFO - [2022-06-07 22:35:13,065] {dagbag.py:507} INFO - Filling up the DagBag from /home/james/airflow/dags/spotify_dag.py
[2022-06-07 22:35:13,073] {processor.py:651} INFO - DAG(s) dict_keys(['spotify_dag']) retrieved from /home/james/airflow/dags/spotify_dag.py
[2022-06-07 22:35:13,095] {logging_mixin.py:115} INFO - [2022-06-07 22:35:13,095] {dag.py:2379} INFO - Sync 1 DAGs
[2022-06-07 22:35:13,117] {logging_mixin.py:115} INFO - [2022-06-07 22:35:13,117] {dag.py:2927} INFO - Setting next_dagrun for spotify_dag to 2022-06-07T00:00:00+00:00, run_after=2022-06-07T00:01:00+00:00
[2022-06-07 22:35:13,131] {processor.py:161} INFO - Processing /home/james/airflow/dags/spotify_dag.py took 0.073 seconds
[2022-06-07 22:35:21,069] {processor.py:153} INFO - Started process (PID=63358) to work on /home/james/airflow/dags/spotify_dag.py
[2022-06-07 22:35:21,069] {processor.py:641} INFO - Processing file /home/james/airflow/dags/spotify_dag.py for tasks to queue
[2022-06-07 22:35:21,070] {logging_mixin.py:115} INFO - [2022-06-07 22:35:21,070] {dagbag.py:507} INFO - Filling up the DagBag from /home/james/airflow/dags/spotify_dag.py
[2022-06-07 22:35:21,075] {processor.py:651} INFO - DAG(s) dict_keys(['spotify_dag']) retrieved from /home/james/airflow/dags/spotify_dag.py
[2022-06-07 22:35:21,088] {logging_mixin.py:115} INFO - [2022-06-07 22:35:21,088] {dag.py:2379} INFO - Sync 1 DAGs
[2022-06-07 22:35:21,103] {logging_mixin.py:115} INFO - [2022-06-07 22:35:21,102] {dag.py:2927} INFO - Setting next_dagrun for spotify_dag to 2022-06-07T00:00:00+00:00, run_after=2022-06-07T00:01:00+00:00
[2022-06-07 22:35:21,113] {processor.py:161} INFO - Processing /home/james/airflow/dags/spotify_dag.py took 0.047 seconds
[2022-06-07 22:35:28,086] {processor.py:153} INFO - Started process (PID=63436) to work on /home/james/airflow/dags/spotify_dag.py
[2022-06-07 22:35:28,087] {processor.py:641} INFO - Processing file /home/james/airflow/dags/spotify_dag.py for tasks to queue
[2022-06-07 22:35:28,087] {logging_mixin.py:115} INFO - [2022-06-07 22:35:28,087] {dagbag.py:507} INFO - Filling up the DagBag from /home/james/airflow/dags/spotify_dag.py
[2022-06-07 22:35:28,092] {processor.py:651} INFO - DAG(s) dict_keys(['spotify_dag']) retrieved from /home/james/airflow/dags/spotify_dag.py
[2022-06-07 22:35:28,104] {logging_mixin.py:115} INFO - [2022-06-07 22:35:28,104] {dag.py:2379} INFO - Sync 1 DAGs
[2022-06-07 22:35:28,121] {logging_mixin.py:115} INFO - [2022-06-07 22:35:28,121] {dag.py:2927} INFO - Setting next_dagrun for spotify_dag to 2022-06-07T00:00:00+00:00, run_after=2022-06-07T00:01:00+00:00
[2022-06-07 22:35:28,132] {processor.py:161} INFO - Processing /home/james/airflow/dags/spotify_dag.py took 0.048 seconds
[2022-06-07 22:35:36,531] {processor.py:153} INFO - Started process (PID=63480) to work on /home/james/airflow/dags/spotify_dag.py
[2022-06-07 22:35:36,532] {processor.py:641} INFO - Processing file /home/james/airflow/dags/spotify_dag.py for tasks to queue
[2022-06-07 22:35:36,533] {logging_mixin.py:115} INFO - [2022-06-07 22:35:36,533] {dagbag.py:507} INFO - Filling up the DagBag from /home/james/airflow/dags/spotify_dag.py
[2022-06-07 22:35:36,544] {processor.py:651} INFO - DAG(s) dict_keys(['spotify_dag']) retrieved from /home/james/airflow/dags/spotify_dag.py
[2022-06-07 22:35:36,572] {logging_mixin.py:115} INFO - [2022-06-07 22:35:36,572] {dag.py:2379} INFO - Sync 1 DAGs
[2022-06-07 22:35:36,606] {logging_mixin.py:115} INFO - [2022-06-07 22:35:36,606] {dag.py:2927} INFO - Setting next_dagrun for spotify_dag to 2022-06-07T00:00:00+00:00, run_after=2022-06-07T00:01:00+00:00
[2022-06-07 22:35:36,627] {processor.py:161} INFO - Processing /home/james/airflow/dags/spotify_dag.py took 0.100 seconds
[2022-06-07 22:35:45,482] {processor.py:153} INFO - Started process (PID=63513) to work on /home/james/airflow/dags/spotify_dag.py
[2022-06-07 22:35:45,482] {processor.py:641} INFO - Processing file /home/james/airflow/dags/spotify_dag.py for tasks to queue
[2022-06-07 22:35:45,483] {logging_mixin.py:115} INFO - [2022-06-07 22:35:45,483] {dagbag.py:507} INFO - Filling up the DagBag from /home/james/airflow/dags/spotify_dag.py
[2022-06-07 22:35:45,490] {processor.py:651} INFO - DAG(s) dict_keys(['spotify_dag']) retrieved from /home/james/airflow/dags/spotify_dag.py
[2022-06-07 22:35:45,510] {logging_mixin.py:115} INFO - [2022-06-07 22:35:45,510] {dag.py:2379} INFO - Sync 1 DAGs
[2022-06-07 22:35:45,527] {logging_mixin.py:115} INFO - [2022-06-07 22:35:45,527] {dag.py:2927} INFO - Setting next_dagrun for spotify_dag to 2022-06-07T00:00:00+00:00, run_after=2022-06-07T00:01:00+00:00
[2022-06-07 22:35:45,541] {processor.py:161} INFO - Processing /home/james/airflow/dags/spotify_dag.py took 0.063 seconds
[2022-06-07 22:35:53,263] {processor.py:153} INFO - Started process (PID=63532) to work on /home/james/airflow/dags/spotify_dag.py
[2022-06-07 22:35:53,264] {processor.py:641} INFO - Processing file /home/james/airflow/dags/spotify_dag.py for tasks to queue
[2022-06-07 22:35:53,264] {logging_mixin.py:115} INFO - [2022-06-07 22:35:53,264] {dagbag.py:507} INFO - Filling up the DagBag from /home/james/airflow/dags/spotify_dag.py
[2022-06-07 22:35:53,270] {processor.py:651} INFO - DAG(s) dict_keys(['spotify_dag']) retrieved from /home/james/airflow/dags/spotify_dag.py
[2022-06-07 22:35:53,286] {logging_mixin.py:115} INFO - [2022-06-07 22:35:53,286] {dag.py:2379} INFO - Sync 1 DAGs
[2022-06-07 22:35:53,304] {logging_mixin.py:115} INFO - [2022-06-07 22:35:53,304] {dag.py:2927} INFO - Setting next_dagrun for spotify_dag to 2022-06-07T00:00:00+00:00, run_after=2022-06-07T00:01:00+00:00
[2022-06-07 22:35:53,315] {processor.py:161} INFO - Processing /home/james/airflow/dags/spotify_dag.py took 0.054 seconds
[2022-06-07 22:36:00,946] {processor.py:153} INFO - Started process (PID=63578) to work on /home/james/airflow/dags/spotify_dag.py
[2022-06-07 22:36:00,948] {processor.py:641} INFO - Processing file /home/james/airflow/dags/spotify_dag.py for tasks to queue
[2022-06-07 22:36:00,949] {logging_mixin.py:115} INFO - [2022-06-07 22:36:00,949] {dagbag.py:507} INFO - Filling up the DagBag from /home/james/airflow/dags/spotify_dag.py
[2022-06-07 22:36:00,962] {processor.py:651} INFO - DAG(s) dict_keys(['spotify_dag']) retrieved from /home/james/airflow/dags/spotify_dag.py
[2022-06-07 22:36:00,996] {logging_mixin.py:115} INFO - [2022-06-07 22:36:00,996] {dag.py:2379} INFO - Sync 1 DAGs
[2022-06-07 22:36:01,056] {logging_mixin.py:115} INFO - [2022-06-07 22:36:01,055] {dag.py:2927} INFO - Setting next_dagrun for spotify_dag to 2022-06-07T00:00:00+00:00, run_after=2022-06-07T00:01:00+00:00
[2022-06-07 22:36:01,102] {processor.py:161} INFO - Processing /home/james/airflow/dags/spotify_dag.py took 0.162 seconds
[2022-06-07 22:36:08,795] {processor.py:153} INFO - Started process (PID=63616) to work on /home/james/airflow/dags/spotify_dag.py
[2022-06-07 22:36:08,796] {processor.py:641} INFO - Processing file /home/james/airflow/dags/spotify_dag.py for tasks to queue
[2022-06-07 22:36:08,797] {logging_mixin.py:115} INFO - [2022-06-07 22:36:08,797] {dagbag.py:507} INFO - Filling up the DagBag from /home/james/airflow/dags/spotify_dag.py
[2022-06-07 22:36:08,807] {processor.py:651} INFO - DAG(s) dict_keys(['spotify_dag']) retrieved from /home/james/airflow/dags/spotify_dag.py
[2022-06-07 22:36:08,830] {logging_mixin.py:115} INFO - [2022-06-07 22:36:08,830] {dag.py:2379} INFO - Sync 1 DAGs
[2022-06-07 22:36:08,858] {logging_mixin.py:115} INFO - [2022-06-07 22:36:08,857] {dag.py:2927} INFO - Setting next_dagrun for spotify_dag to 2022-06-07T00:00:00+00:00, run_after=2022-06-07T00:01:00+00:00
[2022-06-07 22:36:08,879] {processor.py:161} INFO - Processing /home/james/airflow/dags/spotify_dag.py took 0.087 seconds
[2022-06-07 22:36:17,774] {processor.py:153} INFO - Started process (PID=63649) to work on /home/james/airflow/dags/spotify_dag.py
[2022-06-07 22:36:17,774] {processor.py:641} INFO - Processing file /home/james/airflow/dags/spotify_dag.py for tasks to queue
[2022-06-07 22:36:17,775] {logging_mixin.py:115} INFO - [2022-06-07 22:36:17,775] {dagbag.py:507} INFO - Filling up the DagBag from /home/james/airflow/dags/spotify_dag.py
[2022-06-07 22:36:17,786] {processor.py:651} INFO - DAG(s) dict_keys(['spotify_dag']) retrieved from /home/james/airflow/dags/spotify_dag.py
[2022-06-07 22:36:17,808] {logging_mixin.py:115} INFO - [2022-06-07 22:36:17,808] {dag.py:2379} INFO - Sync 1 DAGs
[2022-06-07 22:36:17,838] {logging_mixin.py:115} INFO - [2022-06-07 22:36:17,838] {dag.py:2927} INFO - Setting next_dagrun for spotify_dag to 2022-06-07T00:00:00+00:00, run_after=2022-06-07T00:01:00+00:00
[2022-06-07 22:36:17,853] {processor.py:161} INFO - Processing /home/james/airflow/dags/spotify_dag.py took 0.083 seconds
[2022-06-07 22:36:28,663] {processor.py:153} INFO - Started process (PID=63691) to work on /home/james/airflow/dags/spotify_dag.py
[2022-06-07 22:36:28,664] {processor.py:641} INFO - Processing file /home/james/airflow/dags/spotify_dag.py for tasks to queue
[2022-06-07 22:36:28,665] {logging_mixin.py:115} INFO - [2022-06-07 22:36:28,665] {dagbag.py:507} INFO - Filling up the DagBag from /home/james/airflow/dags/spotify_dag.py
[2022-06-07 22:36:28,679] {processor.py:651} INFO - DAG(s) dict_keys(['spotify_dag']) retrieved from /home/james/airflow/dags/spotify_dag.py
[2022-06-07 22:36:28,710] {logging_mixin.py:115} INFO - [2022-06-07 22:36:28,709] {dag.py:2379} INFO - Sync 1 DAGs
[2022-06-07 22:36:28,744] {logging_mixin.py:115} INFO - [2022-06-07 22:36:28,744] {dag.py:2927} INFO - Setting next_dagrun for spotify_dag to 2022-06-07T00:00:00+00:00, run_after=2022-06-07T00:01:00+00:00
[2022-06-07 22:36:28,765] {processor.py:161} INFO - Processing /home/james/airflow/dags/spotify_dag.py took 0.107 seconds
[2022-06-07 22:36:37,631] {processor.py:153} INFO - Started process (PID=63741) to work on /home/james/airflow/dags/spotify_dag.py
[2022-06-07 22:36:37,632] {processor.py:641} INFO - Processing file /home/james/airflow/dags/spotify_dag.py for tasks to queue
[2022-06-07 22:36:37,633] {logging_mixin.py:115} INFO - [2022-06-07 22:36:37,633] {dagbag.py:507} INFO - Filling up the DagBag from /home/james/airflow/dags/spotify_dag.py
[2022-06-07 22:36:37,641] {processor.py:651} INFO - DAG(s) dict_keys(['spotify_dag']) retrieved from /home/james/airflow/dags/spotify_dag.py
[2022-06-07 22:36:37,661] {logging_mixin.py:115} INFO - [2022-06-07 22:36:37,661] {dag.py:2379} INFO - Sync 1 DAGs
[2022-06-07 22:36:37,684] {logging_mixin.py:115} INFO - [2022-06-07 22:36:37,684] {dag.py:2927} INFO - Setting next_dagrun for spotify_dag to 2022-06-07T00:00:00+00:00, run_after=2022-06-07T00:01:00+00:00
[2022-06-07 22:36:37,701] {processor.py:161} INFO - Processing /home/james/airflow/dags/spotify_dag.py took 0.073 seconds
[2022-06-07 22:36:45,537] {processor.py:153} INFO - Started process (PID=63773) to work on /home/james/airflow/dags/spotify_dag.py
[2022-06-07 22:36:45,538] {processor.py:641} INFO - Processing file /home/james/airflow/dags/spotify_dag.py for tasks to queue
[2022-06-07 22:36:45,539] {logging_mixin.py:115} INFO - [2022-06-07 22:36:45,538] {dagbag.py:507} INFO - Filling up the DagBag from /home/james/airflow/dags/spotify_dag.py
[2022-06-07 22:36:45,546] {processor.py:651} INFO - DAG(s) dict_keys(['spotify_dag']) retrieved from /home/james/airflow/dags/spotify_dag.py
[2022-06-07 22:36:45,565] {logging_mixin.py:115} INFO - [2022-06-07 22:36:45,565] {dag.py:2379} INFO - Sync 1 DAGs
[2022-06-07 22:36:45,589] {logging_mixin.py:115} INFO - [2022-06-07 22:36:45,589] {dag.py:2927} INFO - Setting next_dagrun for spotify_dag to 2022-06-07T00:00:00+00:00, run_after=2022-06-07T00:01:00+00:00
[2022-06-07 22:36:45,603] {processor.py:161} INFO - Processing /home/james/airflow/dags/spotify_dag.py took 0.069 seconds
[2022-06-07 22:36:52,966] {processor.py:153} INFO - Started process (PID=63783) to work on /home/james/airflow/dags/spotify_dag.py
[2022-06-07 22:36:52,967] {processor.py:641} INFO - Processing file /home/james/airflow/dags/spotify_dag.py for tasks to queue
[2022-06-07 22:36:52,967] {logging_mixin.py:115} INFO - [2022-06-07 22:36:52,967] {dagbag.py:507} INFO - Filling up the DagBag from /home/james/airflow/dags/spotify_dag.py
[2022-06-07 22:36:52,974] {processor.py:651} INFO - DAG(s) dict_keys(['spotify_dag']) retrieved from /home/james/airflow/dags/spotify_dag.py
[2022-06-07 22:36:52,987] {logging_mixin.py:115} INFO - [2022-06-07 22:36:52,987] {dag.py:2379} INFO - Sync 1 DAGs
[2022-06-07 22:36:53,006] {logging_mixin.py:115} INFO - [2022-06-07 22:36:53,006] {dag.py:2927} INFO - Setting next_dagrun for spotify_dag to 2022-06-07T00:00:00+00:00, run_after=2022-06-07T00:01:00+00:00
[2022-06-07 22:36:53,016] {processor.py:161} INFO - Processing /home/james/airflow/dags/spotify_dag.py took 0.052 seconds
[2022-06-07 22:36:59,838] {processor.py:153} INFO - Started process (PID=63825) to work on /home/james/airflow/dags/spotify_dag.py
[2022-06-07 22:36:59,838] {processor.py:641} INFO - Processing file /home/james/airflow/dags/spotify_dag.py for tasks to queue
[2022-06-07 22:36:59,839] {logging_mixin.py:115} INFO - [2022-06-07 22:36:59,839] {dagbag.py:507} INFO - Filling up the DagBag from /home/james/airflow/dags/spotify_dag.py
[2022-06-07 22:36:59,845] {processor.py:651} INFO - DAG(s) dict_keys(['spotify_dag']) retrieved from /home/james/airflow/dags/spotify_dag.py
[2022-06-07 22:36:59,860] {logging_mixin.py:115} INFO - [2022-06-07 22:36:59,860] {dag.py:2379} INFO - Sync 1 DAGs
[2022-06-07 22:36:59,879] {logging_mixin.py:115} INFO - [2022-06-07 22:36:59,879] {dag.py:2927} INFO - Setting next_dagrun for spotify_dag to 2022-06-07T00:00:00+00:00, run_after=2022-06-07T00:01:00+00:00
[2022-06-07 22:36:59,891] {processor.py:161} INFO - Processing /home/james/airflow/dags/spotify_dag.py took 0.057 seconds
[2022-06-07 22:37:07,277] {processor.py:153} INFO - Started process (PID=63914) to work on /home/james/airflow/dags/spotify_dag.py
[2022-06-07 22:37:07,278] {processor.py:641} INFO - Processing file /home/james/airflow/dags/spotify_dag.py for tasks to queue
[2022-06-07 22:37:07,278] {logging_mixin.py:115} INFO - [2022-06-07 22:37:07,278] {dagbag.py:507} INFO - Filling up the DagBag from /home/james/airflow/dags/spotify_dag.py
[2022-06-07 22:37:07,283] {processor.py:651} INFO - DAG(s) dict_keys(['spotify_dag']) retrieved from /home/james/airflow/dags/spotify_dag.py
[2022-06-07 22:37:07,299] {logging_mixin.py:115} INFO - [2022-06-07 22:37:07,299] {dag.py:2379} INFO - Sync 1 DAGs
[2022-06-07 22:37:07,325] {logging_mixin.py:115} INFO - [2022-06-07 22:37:07,325] {dag.py:2927} INFO - Setting next_dagrun for spotify_dag to 2022-06-07T00:00:00+00:00, run_after=2022-06-07T00:01:00+00:00
[2022-06-07 22:37:07,338] {processor.py:161} INFO - Processing /home/james/airflow/dags/spotify_dag.py took 0.064 seconds
[2022-06-07 22:37:14,695] {processor.py:153} INFO - Started process (PID=63931) to work on /home/james/airflow/dags/spotify_dag.py
[2022-06-07 22:37:14,695] {processor.py:641} INFO - Processing file /home/james/airflow/dags/spotify_dag.py for tasks to queue
[2022-06-07 22:37:14,696] {logging_mixin.py:115} INFO - [2022-06-07 22:37:14,696] {dagbag.py:507} INFO - Filling up the DagBag from /home/james/airflow/dags/spotify_dag.py
[2022-06-07 22:37:14,701] {processor.py:651} INFO - DAG(s) dict_keys(['spotify_dag']) retrieved from /home/james/airflow/dags/spotify_dag.py
[2022-06-07 22:37:14,714] {logging_mixin.py:115} INFO - [2022-06-07 22:37:14,714] {dag.py:2379} INFO - Sync 1 DAGs
[2022-06-07 22:37:14,728] {logging_mixin.py:115} INFO - [2022-06-07 22:37:14,728] {dag.py:2927} INFO - Setting next_dagrun for spotify_dag to 2022-06-07T00:00:00+00:00, run_after=2022-06-07T00:01:00+00:00
[2022-06-07 22:37:14,738] {processor.py:161} INFO - Processing /home/james/airflow/dags/spotify_dag.py took 0.046 seconds
[2022-06-07 22:37:21,576] {processor.py:153} INFO - Started process (PID=64013) to work on /home/james/airflow/dags/spotify_dag.py
[2022-06-07 22:37:21,576] {processor.py:641} INFO - Processing file /home/james/airflow/dags/spotify_dag.py for tasks to queue
[2022-06-07 22:37:21,577] {logging_mixin.py:115} INFO - [2022-06-07 22:37:21,577] {dagbag.py:507} INFO - Filling up the DagBag from /home/james/airflow/dags/spotify_dag.py
[2022-06-07 22:37:21,583] {processor.py:651} INFO - DAG(s) dict_keys(['spotify_dag']) retrieved from /home/james/airflow/dags/spotify_dag.py
[2022-06-07 22:37:21,597] {logging_mixin.py:115} INFO - [2022-06-07 22:37:21,597] {dag.py:2379} INFO - Sync 1 DAGs
[2022-06-07 22:37:21,613] {logging_mixin.py:115} INFO - [2022-06-07 22:37:21,613] {dag.py:2927} INFO - Setting next_dagrun for spotify_dag to 2022-06-07T00:00:00+00:00, run_after=2022-06-07T00:01:00+00:00
[2022-06-07 22:37:21,623] {processor.py:161} INFO - Processing /home/james/airflow/dags/spotify_dag.py took 0.050 seconds
[2022-06-07 22:37:29,003] {processor.py:153} INFO - Started process (PID=64097) to work on /home/james/airflow/dags/spotify_dag.py
[2022-06-07 22:37:29,004] {processor.py:641} INFO - Processing file /home/james/airflow/dags/spotify_dag.py for tasks to queue
[2022-06-07 22:37:29,004] {logging_mixin.py:115} INFO - [2022-06-07 22:37:29,004] {dagbag.py:507} INFO - Filling up the DagBag from /home/james/airflow/dags/spotify_dag.py
[2022-06-07 22:37:29,010] {processor.py:651} INFO - DAG(s) dict_keys(['spotify_dag']) retrieved from /home/james/airflow/dags/spotify_dag.py
[2022-06-07 22:37:29,022] {logging_mixin.py:115} INFO - [2022-06-07 22:37:29,022] {dag.py:2379} INFO - Sync 1 DAGs
[2022-06-07 22:37:29,037] {logging_mixin.py:115} INFO - [2022-06-07 22:37:29,037] {dag.py:2927} INFO - Setting next_dagrun for spotify_dag to 2022-06-07T00:00:00+00:00, run_after=2022-06-07T00:01:00+00:00
[2022-06-07 22:37:29,053] {processor.py:161} INFO - Processing /home/james/airflow/dags/spotify_dag.py took 0.052 seconds
[2022-06-07 22:37:35,791] {processor.py:153} INFO - Started process (PID=64187) to work on /home/james/airflow/dags/spotify_dag.py
[2022-06-07 22:37:35,791] {processor.py:641} INFO - Processing file /home/james/airflow/dags/spotify_dag.py for tasks to queue
[2022-06-07 22:37:35,792] {logging_mixin.py:115} INFO - [2022-06-07 22:37:35,791] {dagbag.py:507} INFO - Filling up the DagBag from /home/james/airflow/dags/spotify_dag.py
[2022-06-07 22:37:35,798] {processor.py:651} INFO - DAG(s) dict_keys(['spotify_dag']) retrieved from /home/james/airflow/dags/spotify_dag.py
[2022-06-07 22:37:35,811] {logging_mixin.py:115} INFO - [2022-06-07 22:37:35,811] {dag.py:2379} INFO - Sync 1 DAGs
[2022-06-07 22:37:35,825] {logging_mixin.py:115} INFO - [2022-06-07 22:37:35,825] {dag.py:2927} INFO - Setting next_dagrun for spotify_dag to 2022-06-07T00:00:00+00:00, run_after=2022-06-07T00:01:00+00:00
[2022-06-07 22:37:35,835] {processor.py:161} INFO - Processing /home/james/airflow/dags/spotify_dag.py took 0.047 seconds
[2022-06-07 22:37:44,364] {processor.py:153} INFO - Started process (PID=64197) to work on /home/james/airflow/dags/spotify_dag.py
[2022-06-07 22:37:44,364] {processor.py:641} INFO - Processing file /home/james/airflow/dags/spotify_dag.py for tasks to queue
[2022-06-07 22:37:44,365] {logging_mixin.py:115} INFO - [2022-06-07 22:37:44,365] {dagbag.py:507} INFO - Filling up the DagBag from /home/james/airflow/dags/spotify_dag.py
[2022-06-07 22:37:44,371] {processor.py:651} INFO - DAG(s) dict_keys(['spotify_dag']) retrieved from /home/james/airflow/dags/spotify_dag.py
[2022-06-07 22:37:44,384] {logging_mixin.py:115} INFO - [2022-06-07 22:37:44,384] {dag.py:2379} INFO - Sync 1 DAGs
[2022-06-07 22:37:44,399] {logging_mixin.py:115} INFO - [2022-06-07 22:37:44,398] {dag.py:2927} INFO - Setting next_dagrun for spotify_dag to 2022-06-07T00:00:00+00:00, run_after=2022-06-07T00:01:00+00:00
[2022-06-07 22:37:44,409] {processor.py:161} INFO - Processing /home/james/airflow/dags/spotify_dag.py took 0.048 seconds
[2022-06-07 22:37:52,387] {processor.py:153} INFO - Started process (PID=64243) to work on /home/james/airflow/dags/spotify_dag.py
[2022-06-07 22:37:52,388] {processor.py:641} INFO - Processing file /home/james/airflow/dags/spotify_dag.py for tasks to queue
[2022-06-07 22:37:52,389] {logging_mixin.py:115} INFO - [2022-06-07 22:37:52,389] {dagbag.py:507} INFO - Filling up the DagBag from /home/james/airflow/dags/spotify_dag.py
[2022-06-07 22:37:52,406] {processor.py:651} INFO - DAG(s) dict_keys(['spotify_dag']) retrieved from /home/james/airflow/dags/spotify_dag.py
[2022-06-07 22:37:52,492] {logging_mixin.py:115} INFO - [2022-06-07 22:37:52,491] {dag.py:2379} INFO - Sync 1 DAGs
[2022-06-07 22:37:52,538] {logging_mixin.py:115} INFO - [2022-06-07 22:37:52,537] {dag.py:2927} INFO - Setting next_dagrun for spotify_dag to 2022-06-07T00:00:00+00:00, run_after=2022-06-07T00:01:00+00:00
[2022-06-07 22:37:52,563] {processor.py:161} INFO - Processing /home/james/airflow/dags/spotify_dag.py took 0.181 seconds
[2022-06-07 22:38:00,419] {processor.py:153} INFO - Started process (PID=64300) to work on /home/james/airflow/dags/spotify_dag.py
[2022-06-07 22:38:00,419] {processor.py:641} INFO - Processing file /home/james/airflow/dags/spotify_dag.py for tasks to queue
[2022-06-07 22:38:00,420] {logging_mixin.py:115} INFO - [2022-06-07 22:38:00,420] {dagbag.py:507} INFO - Filling up the DagBag from /home/james/airflow/dags/spotify_dag.py
[2022-06-07 22:38:00,430] {processor.py:651} INFO - DAG(s) dict_keys(['spotify_dag']) retrieved from /home/james/airflow/dags/spotify_dag.py
[2022-06-07 22:38:00,453] {logging_mixin.py:115} INFO - [2022-06-07 22:38:00,453] {dag.py:2379} INFO - Sync 1 DAGs
[2022-06-07 22:38:00,478] {logging_mixin.py:115} INFO - [2022-06-07 22:38:00,478] {dag.py:2927} INFO - Setting next_dagrun for spotify_dag to 2022-06-07T00:00:00+00:00, run_after=2022-06-07T00:01:00+00:00
[2022-06-07 22:38:00,490] {processor.py:161} INFO - Processing /home/james/airflow/dags/spotify_dag.py took 0.075 seconds
[2022-06-07 22:38:08,969] {processor.py:153} INFO - Started process (PID=64350) to work on /home/james/airflow/dags/spotify_dag.py
[2022-06-07 22:38:08,970] {processor.py:641} INFO - Processing file /home/james/airflow/dags/spotify_dag.py for tasks to queue
[2022-06-07 22:38:08,971] {logging_mixin.py:115} INFO - [2022-06-07 22:38:08,971] {dagbag.py:507} INFO - Filling up the DagBag from /home/james/airflow/dags/spotify_dag.py
[2022-06-07 22:38:08,977] {processor.py:651} INFO - DAG(s) dict_keys(['spotify_dag']) retrieved from /home/james/airflow/dags/spotify_dag.py
[2022-06-07 22:38:08,991] {logging_mixin.py:115} INFO - [2022-06-07 22:38:08,991] {dag.py:2379} INFO - Sync 1 DAGs
[2022-06-07 22:38:09,006] {logging_mixin.py:115} INFO - [2022-06-07 22:38:09,006] {dag.py:2927} INFO - Setting next_dagrun for spotify_dag to 2022-06-07T00:00:00+00:00, run_after=2022-06-07T00:01:00+00:00
[2022-06-07 22:38:09,017] {processor.py:161} INFO - Processing /home/james/airflow/dags/spotify_dag.py took 0.051 seconds
[2022-06-07 22:38:16,376] {processor.py:153} INFO - Started process (PID=64389) to work on /home/james/airflow/dags/spotify_dag.py
[2022-06-07 22:38:16,377] {processor.py:641} INFO - Processing file /home/james/airflow/dags/spotify_dag.py for tasks to queue
[2022-06-07 22:38:16,377] {logging_mixin.py:115} INFO - [2022-06-07 22:38:16,377] {dagbag.py:507} INFO - Filling up the DagBag from /home/james/airflow/dags/spotify_dag.py
[2022-06-07 22:38:16,383] {processor.py:651} INFO - DAG(s) dict_keys(['spotify_dag']) retrieved from /home/james/airflow/dags/spotify_dag.py
[2022-06-07 22:38:16,395] {logging_mixin.py:115} INFO - [2022-06-07 22:38:16,395] {dag.py:2379} INFO - Sync 1 DAGs
[2022-06-07 22:38:16,410] {logging_mixin.py:115} INFO - [2022-06-07 22:38:16,409] {dag.py:2927} INFO - Setting next_dagrun for spotify_dag to 2022-06-07T00:00:00+00:00, run_after=2022-06-07T00:01:00+00:00
[2022-06-07 22:38:16,420] {processor.py:161} INFO - Processing /home/james/airflow/dags/spotify_dag.py took 0.045 seconds
[2022-06-07 22:38:24,345] {processor.py:153} INFO - Started process (PID=64408) to work on /home/james/airflow/dags/spotify_dag.py
[2022-06-07 22:38:24,346] {processor.py:641} INFO - Processing file /home/james/airflow/dags/spotify_dag.py for tasks to queue
[2022-06-07 22:38:24,346] {logging_mixin.py:115} INFO - [2022-06-07 22:38:24,346] {dagbag.py:507} INFO - Filling up the DagBag from /home/james/airflow/dags/spotify_dag.py
[2022-06-07 22:38:24,356] {processor.py:651} INFO - DAG(s) dict_keys(['spotify_dag']) retrieved from /home/james/airflow/dags/spotify_dag.py
[2022-06-07 22:38:24,376] {logging_mixin.py:115} INFO - [2022-06-07 22:38:24,376] {dag.py:2379} INFO - Sync 1 DAGs
[2022-06-07 22:38:24,395] {logging_mixin.py:115} INFO - [2022-06-07 22:38:24,395] {dag.py:2927} INFO - Setting next_dagrun for spotify_dag to 2022-06-07T00:00:00+00:00, run_after=2022-06-07T00:01:00+00:00
[2022-06-07 22:38:24,408] {processor.py:161} INFO - Processing /home/james/airflow/dags/spotify_dag.py took 0.066 seconds
[2022-06-07 22:38:32,081] {processor.py:153} INFO - Started process (PID=64457) to work on /home/james/airflow/dags/spotify_dag.py
[2022-06-07 22:38:32,082] {processor.py:641} INFO - Processing file /home/james/airflow/dags/spotify_dag.py for tasks to queue
[2022-06-07 22:38:32,082] {logging_mixin.py:115} INFO - [2022-06-07 22:38:32,082] {dagbag.py:507} INFO - Filling up the DagBag from /home/james/airflow/dags/spotify_dag.py
[2022-06-07 22:38:32,087] {processor.py:651} INFO - DAG(s) dict_keys(['spotify_dag']) retrieved from /home/james/airflow/dags/spotify_dag.py
[2022-06-07 22:38:32,103] {logging_mixin.py:115} INFO - [2022-06-07 22:38:32,103] {dag.py:2379} INFO - Sync 1 DAGs
[2022-06-07 22:38:32,118] {logging_mixin.py:115} INFO - [2022-06-07 22:38:32,117] {dag.py:2927} INFO - Setting next_dagrun for spotify_dag to 2022-06-07T00:00:00+00:00, run_after=2022-06-07T00:01:00+00:00
[2022-06-07 22:38:32,129] {processor.py:161} INFO - Processing /home/james/airflow/dags/spotify_dag.py took 0.050 seconds
[2022-06-07 22:38:39,776] {processor.py:153} INFO - Started process (PID=64497) to work on /home/james/airflow/dags/spotify_dag.py
[2022-06-07 22:38:39,777] {processor.py:641} INFO - Processing file /home/james/airflow/dags/spotify_dag.py for tasks to queue
[2022-06-07 22:38:39,777] {logging_mixin.py:115} INFO - [2022-06-07 22:38:39,777] {dagbag.py:507} INFO - Filling up the DagBag from /home/james/airflow/dags/spotify_dag.py
[2022-06-07 22:38:39,782] {processor.py:651} INFO - DAG(s) dict_keys(['spotify_dag']) retrieved from /home/james/airflow/dags/spotify_dag.py
[2022-06-07 22:38:39,795] {logging_mixin.py:115} INFO - [2022-06-07 22:38:39,795] {dag.py:2379} INFO - Sync 1 DAGs
[2022-06-07 22:38:39,810] {logging_mixin.py:115} INFO - [2022-06-07 22:38:39,810] {dag.py:2927} INFO - Setting next_dagrun for spotify_dag to 2022-06-07T00:00:00+00:00, run_after=2022-06-07T00:01:00+00:00
[2022-06-07 22:38:39,820] {processor.py:161} INFO - Processing /home/james/airflow/dags/spotify_dag.py took 0.046 seconds
[2022-06-07 22:38:46,162] {processor.py:153} INFO - Started process (PID=64530) to work on /home/james/airflow/dags/spotify_dag.py
[2022-06-07 22:38:46,162] {processor.py:641} INFO - Processing file /home/james/airflow/dags/spotify_dag.py for tasks to queue
[2022-06-07 22:38:46,163] {logging_mixin.py:115} INFO - [2022-06-07 22:38:46,163] {dagbag.py:507} INFO - Filling up the DagBag from /home/james/airflow/dags/spotify_dag.py
[2022-06-07 22:38:46,169] {processor.py:651} INFO - DAG(s) dict_keys(['spotify_dag']) retrieved from /home/james/airflow/dags/spotify_dag.py
[2022-06-07 22:38:46,183] {logging_mixin.py:115} INFO - [2022-06-07 22:38:46,183] {dag.py:2379} INFO - Sync 1 DAGs
[2022-06-07 22:38:46,197] {logging_mixin.py:115} INFO - [2022-06-07 22:38:46,197] {dag.py:2927} INFO - Setting next_dagrun for spotify_dag to 2022-06-07T00:00:00+00:00, run_after=2022-06-07T00:01:00+00:00
[2022-06-07 22:38:46,208] {processor.py:161} INFO - Processing /home/james/airflow/dags/spotify_dag.py took 0.048 seconds
[2022-06-07 22:38:53,042] {processor.py:153} INFO - Started process (PID=64552) to work on /home/james/airflow/dags/spotify_dag.py
[2022-06-07 22:38:53,042] {processor.py:641} INFO - Processing file /home/james/airflow/dags/spotify_dag.py for tasks to queue
[2022-06-07 22:38:53,042] {logging_mixin.py:115} INFO - [2022-06-07 22:38:53,042] {dagbag.py:507} INFO - Filling up the DagBag from /home/james/airflow/dags/spotify_dag.py
[2022-06-07 22:38:53,048] {processor.py:651} INFO - DAG(s) dict_keys(['spotify_dag']) retrieved from /home/james/airflow/dags/spotify_dag.py
[2022-06-07 22:38:53,062] {logging_mixin.py:115} INFO - [2022-06-07 22:38:53,062] {dag.py:2379} INFO - Sync 1 DAGs
[2022-06-07 22:38:53,077] {logging_mixin.py:115} INFO - [2022-06-07 22:38:53,077] {dag.py:2927} INFO - Setting next_dagrun for spotify_dag to 2022-06-07T00:00:00+00:00, run_after=2022-06-07T00:01:00+00:00
[2022-06-07 22:38:53,088] {processor.py:161} INFO - Processing /home/james/airflow/dags/spotify_dag.py took 0.049 seconds
[2022-06-07 22:39:00,466] {processor.py:153} INFO - Started process (PID=64593) to work on /home/james/airflow/dags/spotify_dag.py
[2022-06-07 22:39:00,467] {processor.py:641} INFO - Processing file /home/james/airflow/dags/spotify_dag.py for tasks to queue
[2022-06-07 22:39:00,468] {logging_mixin.py:115} INFO - [2022-06-07 22:39:00,467] {dagbag.py:507} INFO - Filling up the DagBag from /home/james/airflow/dags/spotify_dag.py
[2022-06-07 22:39:00,473] {processor.py:651} INFO - DAG(s) dict_keys(['spotify_dag']) retrieved from /home/james/airflow/dags/spotify_dag.py
[2022-06-07 22:39:00,487] {logging_mixin.py:115} INFO - [2022-06-07 22:39:00,487] {dag.py:2379} INFO - Sync 1 DAGs
[2022-06-07 22:39:00,502] {logging_mixin.py:115} INFO - [2022-06-07 22:39:00,502] {dag.py:2927} INFO - Setting next_dagrun for spotify_dag to 2022-06-07T00:00:00+00:00, run_after=2022-06-07T00:01:00+00:00
[2022-06-07 22:39:00,512] {processor.py:161} INFO - Processing /home/james/airflow/dags/spotify_dag.py took 0.048 seconds
[2022-06-07 22:39:07,785] {processor.py:153} INFO - Started process (PID=64641) to work on /home/james/airflow/dags/spotify_dag.py
[2022-06-07 22:39:07,785] {processor.py:641} INFO - Processing file /home/james/airflow/dags/spotify_dag.py for tasks to queue
[2022-06-07 22:39:07,786] {logging_mixin.py:115} INFO - [2022-06-07 22:39:07,786] {dagbag.py:507} INFO - Filling up the DagBag from /home/james/airflow/dags/spotify_dag.py
[2022-06-07 22:39:07,791] {processor.py:651} INFO - DAG(s) dict_keys(['spotify_dag']) retrieved from /home/james/airflow/dags/spotify_dag.py
[2022-06-07 22:39:07,804] {logging_mixin.py:115} INFO - [2022-06-07 22:39:07,803] {dag.py:2379} INFO - Sync 1 DAGs
[2022-06-07 22:39:07,819] {logging_mixin.py:115} INFO - [2022-06-07 22:39:07,818] {dag.py:2927} INFO - Setting next_dagrun for spotify_dag to 2022-06-07T00:00:00+00:00, run_after=2022-06-07T00:01:00+00:00
[2022-06-07 22:39:07,829] {processor.py:161} INFO - Processing /home/james/airflow/dags/spotify_dag.py took 0.046 seconds
[2022-06-07 22:39:17,056] {processor.py:153} INFO - Started process (PID=64677) to work on /home/james/airflow/dags/spotify_dag.py
[2022-06-07 22:39:17,057] {processor.py:641} INFO - Processing file /home/james/airflow/dags/spotify_dag.py for tasks to queue
[2022-06-07 22:39:17,057] {logging_mixin.py:115} INFO - [2022-06-07 22:39:17,057] {dagbag.py:507} INFO - Filling up the DagBag from /home/james/airflow/dags/spotify_dag.py
[2022-06-07 22:39:17,063] {processor.py:651} INFO - DAG(s) dict_keys(['spotify_dag']) retrieved from /home/james/airflow/dags/spotify_dag.py
[2022-06-07 22:39:17,075] {logging_mixin.py:115} INFO - [2022-06-07 22:39:17,075] {dag.py:2379} INFO - Sync 1 DAGs
[2022-06-07 22:39:17,091] {logging_mixin.py:115} INFO - [2022-06-07 22:39:17,091] {dag.py:2927} INFO - Setting next_dagrun for spotify_dag to 2022-06-07T00:00:00+00:00, run_after=2022-06-07T00:01:00+00:00
[2022-06-07 22:39:17,102] {processor.py:161} INFO - Processing /home/james/airflow/dags/spotify_dag.py took 0.048 seconds
[2022-06-07 22:39:25,073] {processor.py:153} INFO - Started process (PID=64796) to work on /home/james/airflow/dags/spotify_dag.py
[2022-06-07 22:39:25,074] {processor.py:641} INFO - Processing file /home/james/airflow/dags/spotify_dag.py for tasks to queue
[2022-06-07 22:39:25,075] {logging_mixin.py:115} INFO - [2022-06-07 22:39:25,075] {dagbag.py:507} INFO - Filling up the DagBag from /home/james/airflow/dags/spotify_dag.py
[2022-06-07 22:39:25,082] {processor.py:651} INFO - DAG(s) dict_keys(['spotify_dag']) retrieved from /home/james/airflow/dags/spotify_dag.py
[2022-06-07 22:39:25,095] {logging_mixin.py:115} INFO - [2022-06-07 22:39:25,094] {dag.py:2379} INFO - Sync 1 DAGs
[2022-06-07 22:39:25,113] {logging_mixin.py:115} INFO - [2022-06-07 22:39:25,112] {dag.py:2927} INFO - Setting next_dagrun for spotify_dag to 2022-06-07T00:00:00+00:00, run_after=2022-06-07T00:01:00+00:00
[2022-06-07 22:39:25,123] {processor.py:161} INFO - Processing /home/james/airflow/dags/spotify_dag.py took 0.052 seconds
[2022-06-07 22:39:34,071] {processor.py:153} INFO - Started process (PID=64936) to work on /home/james/airflow/dags/spotify_dag.py
[2022-06-07 22:39:34,072] {processor.py:641} INFO - Processing file /home/james/airflow/dags/spotify_dag.py for tasks to queue
[2022-06-07 22:39:34,073] {logging_mixin.py:115} INFO - [2022-06-07 22:39:34,073] {dagbag.py:507} INFO - Filling up the DagBag from /home/james/airflow/dags/spotify_dag.py
[2022-06-07 22:39:34,081] {processor.py:651} INFO - DAG(s) dict_keys(['spotify_dag']) retrieved from /home/james/airflow/dags/spotify_dag.py
[2022-06-07 22:39:34,101] {logging_mixin.py:115} INFO - [2022-06-07 22:39:34,101] {dag.py:2379} INFO - Sync 1 DAGs
[2022-06-07 22:39:34,119] {logging_mixin.py:115} INFO - [2022-06-07 22:39:34,119] {dag.py:2927} INFO - Setting next_dagrun for spotify_dag to 2022-06-07T00:00:00+00:00, run_after=2022-06-07T00:01:00+00:00
[2022-06-07 22:39:34,129] {processor.py:161} INFO - Processing /home/james/airflow/dags/spotify_dag.py took 0.061 seconds
[2022-06-07 22:39:41,649] {processor.py:153} INFO - Started process (PID=65049) to work on /home/james/airflow/dags/spotify_dag.py
[2022-06-07 22:39:41,650] {processor.py:641} INFO - Processing file /home/james/airflow/dags/spotify_dag.py for tasks to queue
[2022-06-07 22:39:41,650] {logging_mixin.py:115} INFO - [2022-06-07 22:39:41,650] {dagbag.py:507} INFO - Filling up the DagBag from /home/james/airflow/dags/spotify_dag.py
[2022-06-07 22:39:41,656] {processor.py:651} INFO - DAG(s) dict_keys(['spotify_dag']) retrieved from /home/james/airflow/dags/spotify_dag.py
[2022-06-07 22:39:41,669] {logging_mixin.py:115} INFO - [2022-06-07 22:39:41,669] {dag.py:2379} INFO - Sync 1 DAGs
[2022-06-07 22:39:41,684] {logging_mixin.py:115} INFO - [2022-06-07 22:39:41,684] {dag.py:2927} INFO - Setting next_dagrun for spotify_dag to 2022-06-07T00:00:00+00:00, run_after=2022-06-07T00:01:00+00:00
[2022-06-07 22:39:41,694] {processor.py:161} INFO - Processing /home/james/airflow/dags/spotify_dag.py took 0.047 seconds
[2022-06-07 22:39:49,079] {processor.py:153} INFO - Started process (PID=65100) to work on /home/james/airflow/dags/spotify_dag.py
[2022-06-07 22:39:49,079] {processor.py:641} INFO - Processing file /home/james/airflow/dags/spotify_dag.py for tasks to queue
[2022-06-07 22:39:49,080] {logging_mixin.py:115} INFO - [2022-06-07 22:39:49,080] {dagbag.py:507} INFO - Filling up the DagBag from /home/james/airflow/dags/spotify_dag.py
[2022-06-07 22:39:49,085] {processor.py:651} INFO - DAG(s) dict_keys(['spotify_dag']) retrieved from /home/james/airflow/dags/spotify_dag.py
[2022-06-07 22:39:49,098] {logging_mixin.py:115} INFO - [2022-06-07 22:39:49,098] {dag.py:2379} INFO - Sync 1 DAGs
[2022-06-07 22:39:49,113] {logging_mixin.py:115} INFO - [2022-06-07 22:39:49,113] {dag.py:2927} INFO - Setting next_dagrun for spotify_dag to 2022-06-07T00:00:00+00:00, run_after=2022-06-07T00:01:00+00:00
[2022-06-07 22:39:49,124] {processor.py:161} INFO - Processing /home/james/airflow/dags/spotify_dag.py took 0.047 seconds
[2022-06-07 22:39:55,972] {processor.py:153} INFO - Started process (PID=65109) to work on /home/james/airflow/dags/spotify_dag.py
[2022-06-07 22:39:55,973] {processor.py:641} INFO - Processing file /home/james/airflow/dags/spotify_dag.py for tasks to queue
[2022-06-07 22:39:55,973] {logging_mixin.py:115} INFO - [2022-06-07 22:39:55,973] {dagbag.py:507} INFO - Filling up the DagBag from /home/james/airflow/dags/spotify_dag.py
[2022-06-07 22:39:55,978] {processor.py:651} INFO - DAG(s) dict_keys(['spotify_dag']) retrieved from /home/james/airflow/dags/spotify_dag.py
[2022-06-07 22:39:55,991] {logging_mixin.py:115} INFO - [2022-06-07 22:39:55,991] {dag.py:2379} INFO - Sync 1 DAGs
[2022-06-07 22:39:56,006] {logging_mixin.py:115} INFO - [2022-06-07 22:39:56,006] {dag.py:2927} INFO - Setting next_dagrun for spotify_dag to 2022-06-07T00:00:00+00:00, run_after=2022-06-07T00:01:00+00:00
[2022-06-07 22:39:56,016] {processor.py:161} INFO - Processing /home/james/airflow/dags/spotify_dag.py took 0.046 seconds
[2022-06-07 22:40:02,106] {processor.py:153} INFO - Started process (PID=65570) to work on /home/james/airflow/dags/spotify_dag.py
[2022-06-07 22:40:02,107] {processor.py:641} INFO - Processing file /home/james/airflow/dags/spotify_dag.py for tasks to queue
[2022-06-07 22:40:02,107] {logging_mixin.py:115} INFO - [2022-06-07 22:40:02,107] {dagbag.py:507} INFO - Filling up the DagBag from /home/james/airflow/dags/spotify_dag.py
[2022-06-07 22:40:02,112] {processor.py:651} INFO - DAG(s) dict_keys(['spotify_dag']) retrieved from /home/james/airflow/dags/spotify_dag.py
[2022-06-07 22:40:02,126] {logging_mixin.py:115} INFO - [2022-06-07 22:40:02,126] {dag.py:2379} INFO - Sync 1 DAGs
[2022-06-07 22:40:02,141] {logging_mixin.py:115} INFO - [2022-06-07 22:40:02,141] {dag.py:2927} INFO - Setting next_dagrun for spotify_dag to 2022-06-07T00:00:00+00:00, run_after=2022-06-07T00:01:00+00:00
[2022-06-07 22:40:02,152] {processor.py:161} INFO - Processing /home/james/airflow/dags/spotify_dag.py took 0.048 seconds
[2022-06-07 22:40:09,668] {processor.py:153} INFO - Started process (PID=65608) to work on /home/james/airflow/dags/spotify_dag.py
[2022-06-07 22:40:09,668] {processor.py:641} INFO - Processing file /home/james/airflow/dags/spotify_dag.py for tasks to queue
[2022-06-07 22:40:09,669] {logging_mixin.py:115} INFO - [2022-06-07 22:40:09,669] {dagbag.py:507} INFO - Filling up the DagBag from /home/james/airflow/dags/spotify_dag.py
[2022-06-07 22:40:09,675] {processor.py:651} INFO - DAG(s) dict_keys(['spotify_dag']) retrieved from /home/james/airflow/dags/spotify_dag.py
[2022-06-07 22:40:09,687] {logging_mixin.py:115} INFO - [2022-06-07 22:40:09,687] {dag.py:2379} INFO - Sync 1 DAGs
[2022-06-07 22:40:09,706] {logging_mixin.py:115} INFO - [2022-06-07 22:40:09,706] {dag.py:2927} INFO - Setting next_dagrun for spotify_dag to 2022-06-07T00:00:00+00:00, run_after=2022-06-07T00:01:00+00:00
[2022-06-07 22:40:09,716] {processor.py:161} INFO - Processing /home/james/airflow/dags/spotify_dag.py took 0.052 seconds
[2022-06-07 22:40:18,837] {processor.py:153} INFO - Started process (PID=65650) to work on /home/james/airflow/dags/spotify_dag.py
[2022-06-07 22:40:18,838] {processor.py:641} INFO - Processing file /home/james/airflow/dags/spotify_dag.py for tasks to queue
[2022-06-07 22:40:18,839] {logging_mixin.py:115} INFO - [2022-06-07 22:40:18,839] {dagbag.py:507} INFO - Filling up the DagBag from /home/james/airflow/dags/spotify_dag.py
[2022-06-07 22:40:18,845] {processor.py:651} INFO - DAG(s) dict_keys(['spotify_dag']) retrieved from /home/james/airflow/dags/spotify_dag.py
[2022-06-07 22:40:18,858] {logging_mixin.py:115} INFO - [2022-06-07 22:40:18,858] {dag.py:2379} INFO - Sync 1 DAGs
[2022-06-07 22:40:18,877] {logging_mixin.py:115} INFO - [2022-06-07 22:40:18,876] {dag.py:2927} INFO - Setting next_dagrun for spotify_dag to 2022-06-07T00:00:00+00:00, run_after=2022-06-07T00:01:00+00:00
[2022-06-07 22:40:18,887] {processor.py:161} INFO - Processing /home/james/airflow/dags/spotify_dag.py took 0.054 seconds
[2022-06-07 22:40:27,991] {processor.py:153} INFO - Started process (PID=65688) to work on /home/james/airflow/dags/spotify_dag.py
[2022-06-07 22:40:27,992] {processor.py:641} INFO - Processing file /home/james/airflow/dags/spotify_dag.py for tasks to queue
[2022-06-07 22:40:27,992] {logging_mixin.py:115} INFO - [2022-06-07 22:40:27,992] {dagbag.py:507} INFO - Filling up the DagBag from /home/james/airflow/dags/spotify_dag.py
[2022-06-07 22:40:27,998] {processor.py:651} INFO - DAG(s) dict_keys(['spotify_dag']) retrieved from /home/james/airflow/dags/spotify_dag.py
[2022-06-07 22:40:28,012] {logging_mixin.py:115} INFO - [2022-06-07 22:40:28,012] {dag.py:2379} INFO - Sync 1 DAGs
[2022-06-07 22:40:28,026] {logging_mixin.py:115} INFO - [2022-06-07 22:40:28,026] {dag.py:2927} INFO - Setting next_dagrun for spotify_dag to 2022-06-07T00:00:00+00:00, run_after=2022-06-07T00:01:00+00:00
[2022-06-07 22:40:28,041] {processor.py:161} INFO - Processing /home/james/airflow/dags/spotify_dag.py took 0.052 seconds
[2022-06-07 22:40:35,126] {processor.py:153} INFO - Started process (PID=65708) to work on /home/james/airflow/dags/spotify_dag.py
[2022-06-07 22:40:35,126] {processor.py:641} INFO - Processing file /home/james/airflow/dags/spotify_dag.py for tasks to queue
[2022-06-07 22:40:35,127] {logging_mixin.py:115} INFO - [2022-06-07 22:40:35,127] {dagbag.py:507} INFO - Filling up the DagBag from /home/james/airflow/dags/spotify_dag.py
[2022-06-07 22:40:35,132] {processor.py:651} INFO - DAG(s) dict_keys(['spotify_dag']) retrieved from /home/james/airflow/dags/spotify_dag.py
[2022-06-07 22:40:35,145] {logging_mixin.py:115} INFO - [2022-06-07 22:40:35,145] {dag.py:2379} INFO - Sync 1 DAGs
[2022-06-07 22:40:35,160] {logging_mixin.py:115} INFO - [2022-06-07 22:40:35,160] {dag.py:2927} INFO - Setting next_dagrun for spotify_dag to 2022-06-07T00:00:00+00:00, run_after=2022-06-07T00:01:00+00:00
[2022-06-07 22:40:35,170] {processor.py:161} INFO - Processing /home/james/airflow/dags/spotify_dag.py took 0.046 seconds
[2022-06-07 22:40:42,768] {processor.py:153} INFO - Started process (PID=65739) to work on /home/james/airflow/dags/spotify_dag.py
[2022-06-07 22:40:42,769] {processor.py:641} INFO - Processing file /home/james/airflow/dags/spotify_dag.py for tasks to queue
[2022-06-07 22:40:42,769] {logging_mixin.py:115} INFO - [2022-06-07 22:40:42,769] {dagbag.py:507} INFO - Filling up the DagBag from /home/james/airflow/dags/spotify_dag.py
[2022-06-07 22:40:42,774] {processor.py:651} INFO - DAG(s) dict_keys(['spotify_dag']) retrieved from /home/james/airflow/dags/spotify_dag.py
[2022-06-07 22:40:42,787] {logging_mixin.py:115} INFO - [2022-06-07 22:40:42,787] {dag.py:2379} INFO - Sync 1 DAGs
[2022-06-07 22:40:42,804] {logging_mixin.py:115} INFO - [2022-06-07 22:40:42,804] {dag.py:2927} INFO - Setting next_dagrun for spotify_dag to 2022-06-07T00:00:00+00:00, run_after=2022-06-07T00:01:00+00:00
[2022-06-07 22:40:42,815] {processor.py:161} INFO - Processing /home/james/airflow/dags/spotify_dag.py took 0.049 seconds
[2022-06-07 22:40:51,336] {processor.py:153} INFO - Started process (PID=65773) to work on /home/james/airflow/dags/spotify_dag.py
[2022-06-07 22:40:51,337] {processor.py:641} INFO - Processing file /home/james/airflow/dags/spotify_dag.py for tasks to queue
[2022-06-07 22:40:51,337] {logging_mixin.py:115} INFO - [2022-06-07 22:40:51,337] {dagbag.py:507} INFO - Filling up the DagBag from /home/james/airflow/dags/spotify_dag.py
[2022-06-07 22:40:51,343] {processor.py:651} INFO - DAG(s) dict_keys(['spotify_dag']) retrieved from /home/james/airflow/dags/spotify_dag.py
[2022-06-07 22:40:51,355] {logging_mixin.py:115} INFO - [2022-06-07 22:40:51,355] {dag.py:2379} INFO - Sync 1 DAGs
[2022-06-07 22:40:51,371] {logging_mixin.py:115} INFO - [2022-06-07 22:40:51,371] {dag.py:2927} INFO - Setting next_dagrun for spotify_dag to 2022-06-07T00:00:00+00:00, run_after=2022-06-07T00:01:00+00:00
[2022-06-07 22:40:51,382] {processor.py:161} INFO - Processing /home/james/airflow/dags/spotify_dag.py took 0.048 seconds
[2022-06-07 22:40:58,871] {processor.py:153} INFO - Started process (PID=65802) to work on /home/james/airflow/dags/spotify_dag.py
[2022-06-07 22:40:58,873] {processor.py:641} INFO - Processing file /home/james/airflow/dags/spotify_dag.py for tasks to queue
[2022-06-07 22:40:58,873] {logging_mixin.py:115} INFO - [2022-06-07 22:40:58,873] {dagbag.py:507} INFO - Filling up the DagBag from /home/james/airflow/dags/spotify_dag.py
[2022-06-07 22:40:58,880] {processor.py:651} INFO - DAG(s) dict_keys(['spotify_dag']) retrieved from /home/james/airflow/dags/spotify_dag.py
[2022-06-07 22:40:58,893] {logging_mixin.py:115} INFO - [2022-06-07 22:40:58,893] {dag.py:2379} INFO - Sync 1 DAGs
[2022-06-07 22:40:58,908] {logging_mixin.py:115} INFO - [2022-06-07 22:40:58,908] {dag.py:2927} INFO - Setting next_dagrun for spotify_dag to 2022-06-07T00:00:00+00:00, run_after=2022-06-07T00:01:00+00:00
[2022-06-07 22:40:58,919] {processor.py:161} INFO - Processing /home/james/airflow/dags/spotify_dag.py took 0.050 seconds
[2022-06-07 22:41:05,409] {processor.py:153} INFO - Started process (PID=65837) to work on /home/james/airflow/dags/spotify_dag.py
[2022-06-07 22:41:05,410] {processor.py:641} INFO - Processing file /home/james/airflow/dags/spotify_dag.py for tasks to queue
[2022-06-07 22:41:05,410] {logging_mixin.py:115} INFO - [2022-06-07 22:41:05,410] {dagbag.py:507} INFO - Filling up the DagBag from /home/james/airflow/dags/spotify_dag.py
[2022-06-07 22:41:05,416] {processor.py:651} INFO - DAG(s) dict_keys(['spotify_dag']) retrieved from /home/james/airflow/dags/spotify_dag.py
[2022-06-07 22:41:05,429] {logging_mixin.py:115} INFO - [2022-06-07 22:41:05,429] {dag.py:2379} INFO - Sync 1 DAGs
[2022-06-07 22:41:05,447] {logging_mixin.py:115} INFO - [2022-06-07 22:41:05,447] {dag.py:2927} INFO - Setting next_dagrun for spotify_dag to 2022-06-07T00:00:00+00:00, run_after=2022-06-07T00:01:00+00:00
[2022-06-07 22:41:05,465] {processor.py:161} INFO - Processing /home/james/airflow/dags/spotify_dag.py took 0.059 seconds
[2022-06-07 22:41:13,077] {processor.py:153} INFO - Started process (PID=65873) to work on /home/james/airflow/dags/spotify_dag.py
[2022-06-07 22:41:13,078] {processor.py:641} INFO - Processing file /home/james/airflow/dags/spotify_dag.py for tasks to queue
[2022-06-07 22:41:13,078] {logging_mixin.py:115} INFO - [2022-06-07 22:41:13,078] {dagbag.py:507} INFO - Filling up the DagBag from /home/james/airflow/dags/spotify_dag.py
[2022-06-07 22:41:13,085] {processor.py:651} INFO - DAG(s) dict_keys(['spotify_dag']) retrieved from /home/james/airflow/dags/spotify_dag.py
[2022-06-07 22:41:13,100] {logging_mixin.py:115} INFO - [2022-06-07 22:41:13,100] {dag.py:2379} INFO - Sync 1 DAGs
[2022-06-07 22:41:13,117] {logging_mixin.py:115} INFO - [2022-06-07 22:41:13,117] {dag.py:2927} INFO - Setting next_dagrun for spotify_dag to 2022-06-07T00:00:00+00:00, run_after=2022-06-07T00:01:00+00:00
[2022-06-07 22:41:13,131] {processor.py:161} INFO - Processing /home/james/airflow/dags/spotify_dag.py took 0.057 seconds
[2022-06-07 22:41:21,698] {processor.py:153} INFO - Started process (PID=65923) to work on /home/james/airflow/dags/spotify_dag.py
[2022-06-07 22:41:21,699] {processor.py:641} INFO - Processing file /home/james/airflow/dags/spotify_dag.py for tasks to queue
[2022-06-07 22:41:21,700] {logging_mixin.py:115} INFO - [2022-06-07 22:41:21,700] {dagbag.py:507} INFO - Filling up the DagBag from /home/james/airflow/dags/spotify_dag.py
[2022-06-07 22:41:21,706] {processor.py:651} INFO - DAG(s) dict_keys(['spotify_dag']) retrieved from /home/james/airflow/dags/spotify_dag.py
[2022-06-07 22:41:21,720] {logging_mixin.py:115} INFO - [2022-06-07 22:41:21,720] {dag.py:2379} INFO - Sync 1 DAGs
[2022-06-07 22:41:21,739] {logging_mixin.py:115} INFO - [2022-06-07 22:41:21,738] {dag.py:2927} INFO - Setting next_dagrun for spotify_dag to 2022-06-07T00:00:00+00:00, run_after=2022-06-07T00:01:00+00:00
[2022-06-07 22:41:21,751] {processor.py:161} INFO - Processing /home/james/airflow/dags/spotify_dag.py took 0.056 seconds
[2022-06-07 22:41:29,880] {processor.py:153} INFO - Started process (PID=65998) to work on /home/james/airflow/dags/spotify_dag.py
[2022-06-07 22:41:29,880] {processor.py:641} INFO - Processing file /home/james/airflow/dags/spotify_dag.py for tasks to queue
[2022-06-07 22:41:29,881] {logging_mixin.py:115} INFO - [2022-06-07 22:41:29,880] {dagbag.py:507} INFO - Filling up the DagBag from /home/james/airflow/dags/spotify_dag.py
[2022-06-07 22:41:29,887] {processor.py:651} INFO - DAG(s) dict_keys(['spotify_dag']) retrieved from /home/james/airflow/dags/spotify_dag.py
[2022-06-07 22:41:29,901] {logging_mixin.py:115} INFO - [2022-06-07 22:41:29,901] {dag.py:2379} INFO - Sync 1 DAGs
[2022-06-07 22:41:29,920] {logging_mixin.py:115} INFO - [2022-06-07 22:41:29,919] {dag.py:2927} INFO - Setting next_dagrun for spotify_dag to 2022-06-07T00:00:00+00:00, run_after=2022-06-07T00:01:00+00:00
[2022-06-07 22:41:29,935] {processor.py:161} INFO - Processing /home/james/airflow/dags/spotify_dag.py took 0.057 seconds
[2022-06-07 22:41:37,975] {processor.py:153} INFO - Started process (PID=66059) to work on /home/james/airflow/dags/spotify_dag.py
[2022-06-07 22:41:37,976] {processor.py:641} INFO - Processing file /home/james/airflow/dags/spotify_dag.py for tasks to queue
[2022-06-07 22:41:37,976] {logging_mixin.py:115} INFO - [2022-06-07 22:41:37,976] {dagbag.py:507} INFO - Filling up the DagBag from /home/james/airflow/dags/spotify_dag.py
[2022-06-07 22:41:37,984] {processor.py:651} INFO - DAG(s) dict_keys(['spotify_dag']) retrieved from /home/james/airflow/dags/spotify_dag.py
[2022-06-07 22:41:37,999] {logging_mixin.py:115} INFO - [2022-06-07 22:41:37,999] {dag.py:2379} INFO - Sync 1 DAGs
[2022-06-07 22:41:38,017] {logging_mixin.py:115} INFO - [2022-06-07 22:41:38,017] {dag.py:2927} INFO - Setting next_dagrun for spotify_dag to 2022-06-07T00:00:00+00:00, run_after=2022-06-07T00:01:00+00:00
[2022-06-07 22:41:38,030] {processor.py:161} INFO - Processing /home/james/airflow/dags/spotify_dag.py took 0.057 seconds
[2022-06-07 22:41:47,119] {processor.py:153} INFO - Started process (PID=66097) to work on /home/james/airflow/dags/spotify_dag.py
[2022-06-07 22:41:47,120] {processor.py:641} INFO - Processing file /home/james/airflow/dags/spotify_dag.py for tasks to queue
[2022-06-07 22:41:47,120] {logging_mixin.py:115} INFO - [2022-06-07 22:41:47,120] {dagbag.py:507} INFO - Filling up the DagBag from /home/james/airflow/dags/spotify_dag.py
[2022-06-07 22:41:47,128] {processor.py:651} INFO - DAG(s) dict_keys(['spotify_dag']) retrieved from /home/james/airflow/dags/spotify_dag.py
[2022-06-07 22:41:47,149] {logging_mixin.py:115} INFO - [2022-06-07 22:41:47,148] {dag.py:2379} INFO - Sync 1 DAGs
[2022-06-07 22:41:47,171] {logging_mixin.py:115} INFO - [2022-06-07 22:41:47,171] {dag.py:2927} INFO - Setting next_dagrun for spotify_dag to 2022-06-07T00:00:00+00:00, run_after=2022-06-07T00:01:00+00:00
[2022-06-07 22:41:47,189] {processor.py:161} INFO - Processing /home/james/airflow/dags/spotify_dag.py took 0.075 seconds
[2022-06-07 22:41:54,996] {processor.py:153} INFO - Started process (PID=66165) to work on /home/james/airflow/dags/spotify_dag.py
[2022-06-07 22:41:54,997] {processor.py:641} INFO - Processing file /home/james/airflow/dags/spotify_dag.py for tasks to queue
[2022-06-07 22:41:54,998] {logging_mixin.py:115} INFO - [2022-06-07 22:41:54,998] {dagbag.py:507} INFO - Filling up the DagBag from /home/james/airflow/dags/spotify_dag.py
[2022-06-07 22:41:55,009] {processor.py:651} INFO - DAG(s) dict_keys(['spotify_dag']) retrieved from /home/james/airflow/dags/spotify_dag.py
[2022-06-07 22:41:55,036] {logging_mixin.py:115} INFO - [2022-06-07 22:41:55,036] {dag.py:2379} INFO - Sync 1 DAGs
[2022-06-07 22:41:55,081] {logging_mixin.py:115} INFO - [2022-06-07 22:41:55,081] {dag.py:2927} INFO - Setting next_dagrun for spotify_dag to 2022-06-07T00:00:00+00:00, run_after=2022-06-07T00:01:00+00:00
[2022-06-07 22:41:55,116] {processor.py:161} INFO - Processing /home/james/airflow/dags/spotify_dag.py took 0.124 seconds
[2022-06-07 22:42:03,823] {processor.py:153} INFO - Started process (PID=66210) to work on /home/james/airflow/dags/spotify_dag.py
[2022-06-07 22:42:03,824] {processor.py:641} INFO - Processing file /home/james/airflow/dags/spotify_dag.py for tasks to queue
[2022-06-07 22:42:03,824] {logging_mixin.py:115} INFO - [2022-06-07 22:42:03,824] {dagbag.py:507} INFO - Filling up the DagBag from /home/james/airflow/dags/spotify_dag.py
[2022-06-07 22:42:03,830] {processor.py:651} INFO - DAG(s) dict_keys(['spotify_dag']) retrieved from /home/james/airflow/dags/spotify_dag.py
[2022-06-07 22:42:03,844] {logging_mixin.py:115} INFO - [2022-06-07 22:42:03,844] {dag.py:2379} INFO - Sync 1 DAGs
[2022-06-07 22:42:03,862] {logging_mixin.py:115} INFO - [2022-06-07 22:42:03,862] {dag.py:2927} INFO - Setting next_dagrun for spotify_dag to 2022-06-07T00:00:00+00:00, run_after=2022-06-07T00:01:00+00:00
[2022-06-07 22:42:03,873] {processor.py:161} INFO - Processing /home/james/airflow/dags/spotify_dag.py took 0.054 seconds
[2022-06-07 22:42:12,527] {processor.py:153} INFO - Started process (PID=66246) to work on /home/james/airflow/dags/spotify_dag.py
[2022-06-07 22:42:12,527] {processor.py:641} INFO - Processing file /home/james/airflow/dags/spotify_dag.py for tasks to queue
[2022-06-07 22:42:12,528] {logging_mixin.py:115} INFO - [2022-06-07 22:42:12,528] {dagbag.py:507} INFO - Filling up the DagBag from /home/james/airflow/dags/spotify_dag.py
[2022-06-07 22:42:12,534] {processor.py:651} INFO - DAG(s) dict_keys(['spotify_dag']) retrieved from /home/james/airflow/dags/spotify_dag.py
[2022-06-07 22:42:12,548] {logging_mixin.py:115} INFO - [2022-06-07 22:42:12,548] {dag.py:2379} INFO - Sync 1 DAGs
[2022-06-07 22:42:12,564] {logging_mixin.py:115} INFO - [2022-06-07 22:42:12,564] {dag.py:2927} INFO - Setting next_dagrun for spotify_dag to 2022-06-07T00:00:00+00:00, run_after=2022-06-07T00:01:00+00:00
[2022-06-07 22:42:12,579] {processor.py:161} INFO - Processing /home/james/airflow/dags/spotify_dag.py took 0.055 seconds
