[2022-06-07 22:32:55,132] {processor.py:153} INFO - Started process (PID=62448) to work on /home/james/airflowa/lib/python3.8/site-packages/airflow/example_dags/example_xcom.py
[2022-06-07 22:32:55,133] {processor.py:641} INFO - Processing file /home/james/airflowa/lib/python3.8/site-packages/airflow/example_dags/example_xcom.py for tasks to queue
[2022-06-07 22:32:55,134] {logging_mixin.py:115} INFO - [2022-06-07 22:32:55,134] {dagbag.py:507} INFO - Filling up the DagBag from /home/james/airflowa/lib/python3.8/site-packages/airflow/example_dags/example_xcom.py
[2022-06-07 22:32:55,175] {processor.py:651} INFO - DAG(s) dict_keys(['example_xcom']) retrieved from /home/james/airflowa/lib/python3.8/site-packages/airflow/example_dags/example_xcom.py
[2022-06-07 22:32:55,275] {logging_mixin.py:115} INFO - [2022-06-07 22:32:55,275] {dag.py:2379} INFO - Sync 1 DAGs
[2022-06-07 22:32:55,355] {logging_mixin.py:115} INFO - [2022-06-07 22:32:55,355] {dag.py:2927} INFO - Setting next_dagrun for example_xcom to 2021-01-01T00:00:00+00:00, run_after=2021-01-01T00:00:00+00:00
[2022-06-07 22:32:55,452] {processor.py:161} INFO - Processing /home/james/airflowa/lib/python3.8/site-packages/airflow/example_dags/example_xcom.py took 0.325 seconds
[2022-06-07 22:33:36,003] {processor.py:153} INFO - Started process (PID=62717) to work on /home/james/airflowa/lib/python3.8/site-packages/airflow/example_dags/example_xcom.py
[2022-06-07 22:33:36,004] {processor.py:641} INFO - Processing file /home/james/airflowa/lib/python3.8/site-packages/airflow/example_dags/example_xcom.py for tasks to queue
[2022-06-07 22:33:36,006] {logging_mixin.py:115} INFO - [2022-06-07 22:33:36,006] {dagbag.py:507} INFO - Filling up the DagBag from /home/james/airflowa/lib/python3.8/site-packages/airflow/example_dags/example_xcom.py
[2022-06-07 22:33:36,070] {processor.py:651} INFO - DAG(s) dict_keys(['example_xcom']) retrieved from /home/james/airflowa/lib/python3.8/site-packages/airflow/example_dags/example_xcom.py
[2022-06-07 22:33:36,192] {logging_mixin.py:115} INFO - [2022-06-07 22:33:36,192] {dag.py:2379} INFO - Sync 1 DAGs
[2022-06-07 22:33:36,245] {logging_mixin.py:115} INFO - [2022-06-07 22:33:36,245] {dag.py:2927} INFO - Setting next_dagrun for example_xcom to 2021-01-01T00:00:00+00:00, run_after=2021-01-01T00:00:00+00:00
[2022-06-07 22:33:36,293] {processor.py:161} INFO - Processing /home/james/airflowa/lib/python3.8/site-packages/airflow/example_dags/example_xcom.py took 0.317 seconds
[2022-06-07 22:34:13,790] {processor.py:153} INFO - Started process (PID=62856) to work on /home/james/airflowa/lib/python3.8/site-packages/airflow/example_dags/example_xcom.py
[2022-06-07 22:34:13,790] {processor.py:641} INFO - Processing file /home/james/airflowa/lib/python3.8/site-packages/airflow/example_dags/example_xcom.py for tasks to queue
[2022-06-07 22:34:13,791] {logging_mixin.py:115} INFO - [2022-06-07 22:34:13,791] {dagbag.py:507} INFO - Filling up the DagBag from /home/james/airflowa/lib/python3.8/site-packages/airflow/example_dags/example_xcom.py
[2022-06-07 22:34:13,821] {processor.py:651} INFO - DAG(s) dict_keys(['example_xcom']) retrieved from /home/james/airflowa/lib/python3.8/site-packages/airflow/example_dags/example_xcom.py
[2022-06-07 22:34:13,839] {logging_mixin.py:115} INFO - [2022-06-07 22:34:13,839] {dag.py:2379} INFO - Sync 1 DAGs
[2022-06-07 22:34:13,864] {logging_mixin.py:115} INFO - [2022-06-07 22:34:13,864] {dag.py:2927} INFO - Setting next_dagrun for example_xcom to 2021-01-01T00:00:00+00:00, run_after=2021-01-01T00:00:00+00:00
[2022-06-07 22:34:13,885] {processor.py:161} INFO - Processing /home/james/airflowa/lib/python3.8/site-packages/airflow/example_dags/example_xcom.py took 0.098 seconds
[2022-06-07 22:34:51,212] {processor.py:153} INFO - Started process (PID=63241) to work on /home/james/airflowa/lib/python3.8/site-packages/airflow/example_dags/example_xcom.py
[2022-06-07 22:34:51,214] {processor.py:641} INFO - Processing file /home/james/airflowa/lib/python3.8/site-packages/airflow/example_dags/example_xcom.py for tasks to queue
[2022-06-07 22:34:51,215] {logging_mixin.py:115} INFO - [2022-06-07 22:34:51,215] {dagbag.py:507} INFO - Filling up the DagBag from /home/james/airflowa/lib/python3.8/site-packages/airflow/example_dags/example_xcom.py
[2022-06-07 22:34:51,293] {processor.py:651} INFO - DAG(s) dict_keys(['example_xcom']) retrieved from /home/james/airflowa/lib/python3.8/site-packages/airflow/example_dags/example_xcom.py
[2022-06-07 22:34:51,400] {logging_mixin.py:115} INFO - [2022-06-07 22:34:51,399] {dag.py:2379} INFO - Sync 1 DAGs
[2022-06-07 22:34:51,426] {logging_mixin.py:115} INFO - [2022-06-07 22:34:51,426] {dag.py:2927} INFO - Setting next_dagrun for example_xcom to 2021-01-01T00:00:00+00:00, run_after=2021-01-01T00:00:00+00:00
[2022-06-07 22:34:51,459] {processor.py:161} INFO - Processing /home/james/airflowa/lib/python3.8/site-packages/airflow/example_dags/example_xcom.py took 0.253 seconds
[2022-06-07 22:35:29,230] {processor.py:153} INFO - Started process (PID=63440) to work on /home/james/airflowa/lib/python3.8/site-packages/airflow/example_dags/example_xcom.py
[2022-06-07 22:35:29,231] {processor.py:641} INFO - Processing file /home/james/airflowa/lib/python3.8/site-packages/airflow/example_dags/example_xcom.py for tasks to queue
[2022-06-07 22:35:29,231] {logging_mixin.py:115} INFO - [2022-06-07 22:35:29,231] {dagbag.py:507} INFO - Filling up the DagBag from /home/james/airflowa/lib/python3.8/site-packages/airflow/example_dags/example_xcom.py
[2022-06-07 22:35:29,247] {processor.py:651} INFO - DAG(s) dict_keys(['example_xcom']) retrieved from /home/james/airflowa/lib/python3.8/site-packages/airflow/example_dags/example_xcom.py
[2022-06-07 22:35:29,259] {logging_mixin.py:115} INFO - [2022-06-07 22:35:29,259] {dag.py:2379} INFO - Sync 1 DAGs
[2022-06-07 22:35:29,277] {logging_mixin.py:115} INFO - [2022-06-07 22:35:29,277] {dag.py:2927} INFO - Setting next_dagrun for example_xcom to 2021-01-01T00:00:00+00:00, run_after=2021-01-01T00:00:00+00:00
[2022-06-07 22:35:29,288] {processor.py:161} INFO - Processing /home/james/airflowa/lib/python3.8/site-packages/airflow/example_dags/example_xcom.py took 0.060 seconds
[2022-06-07 22:36:05,020] {processor.py:153} INFO - Started process (PID=63590) to work on /home/james/airflowa/lib/python3.8/site-packages/airflow/example_dags/example_xcom.py
[2022-06-07 22:36:05,021] {processor.py:641} INFO - Processing file /home/james/airflowa/lib/python3.8/site-packages/airflow/example_dags/example_xcom.py for tasks to queue
[2022-06-07 22:36:05,021] {logging_mixin.py:115} INFO - [2022-06-07 22:36:05,021] {dagbag.py:507} INFO - Filling up the DagBag from /home/james/airflowa/lib/python3.8/site-packages/airflow/example_dags/example_xcom.py
[2022-06-07 22:36:05,050] {processor.py:651} INFO - DAG(s) dict_keys(['example_xcom']) retrieved from /home/james/airflowa/lib/python3.8/site-packages/airflow/example_dags/example_xcom.py
[2022-06-07 22:36:05,119] {logging_mixin.py:115} INFO - [2022-06-07 22:36:05,119] {dag.py:2379} INFO - Sync 1 DAGs
[2022-06-07 22:36:05,148] {logging_mixin.py:115} INFO - [2022-06-07 22:36:05,148] {dag.py:2927} INFO - Setting next_dagrun for example_xcom to 2021-01-01T00:00:00+00:00, run_after=2021-01-01T00:00:00+00:00
[2022-06-07 22:36:05,166] {processor.py:161} INFO - Processing /home/james/airflowa/lib/python3.8/site-packages/airflow/example_dags/example_xcom.py took 0.150 seconds
[2022-06-07 22:36:41,630] {processor.py:153} INFO - Started process (PID=63745) to work on /home/james/airflowa/lib/python3.8/site-packages/airflow/example_dags/example_xcom.py
[2022-06-07 22:36:41,631] {processor.py:641} INFO - Processing file /home/james/airflowa/lib/python3.8/site-packages/airflow/example_dags/example_xcom.py for tasks to queue
[2022-06-07 22:36:41,632] {logging_mixin.py:115} INFO - [2022-06-07 22:36:41,632] {dagbag.py:507} INFO - Filling up the DagBag from /home/james/airflowa/lib/python3.8/site-packages/airflow/example_dags/example_xcom.py
[2022-06-07 22:36:41,664] {processor.py:651} INFO - DAG(s) dict_keys(['example_xcom']) retrieved from /home/james/airflowa/lib/python3.8/site-packages/airflow/example_dags/example_xcom.py
[2022-06-07 22:36:41,722] {logging_mixin.py:115} INFO - [2022-06-07 22:36:41,721] {dag.py:2379} INFO - Sync 1 DAGs
[2022-06-07 22:36:41,745] {logging_mixin.py:115} INFO - [2022-06-07 22:36:41,745] {dag.py:2927} INFO - Setting next_dagrun for example_xcom to 2021-01-01T00:00:00+00:00, run_after=2021-01-01T00:00:00+00:00
[2022-06-07 22:36:41,762] {processor.py:161} INFO - Processing /home/james/airflowa/lib/python3.8/site-packages/airflow/example_dags/example_xcom.py took 0.137 seconds
[2022-06-07 22:37:18,361] {processor.py:153} INFO - Started process (PID=64005) to work on /home/james/airflowa/lib/python3.8/site-packages/airflow/example_dags/example_xcom.py
[2022-06-07 22:37:18,362] {processor.py:641} INFO - Processing file /home/james/airflowa/lib/python3.8/site-packages/airflow/example_dags/example_xcom.py for tasks to queue
[2022-06-07 22:37:18,362] {logging_mixin.py:115} INFO - [2022-06-07 22:37:18,362] {dagbag.py:507} INFO - Filling up the DagBag from /home/james/airflowa/lib/python3.8/site-packages/airflow/example_dags/example_xcom.py
[2022-06-07 22:37:18,377] {processor.py:651} INFO - DAG(s) dict_keys(['example_xcom']) retrieved from /home/james/airflowa/lib/python3.8/site-packages/airflow/example_dags/example_xcom.py
[2022-06-07 22:37:18,413] {logging_mixin.py:115} INFO - [2022-06-07 22:37:18,413] {dag.py:2379} INFO - Sync 1 DAGs
[2022-06-07 22:37:18,428] {logging_mixin.py:115} INFO - [2022-06-07 22:37:18,428] {dag.py:2927} INFO - Setting next_dagrun for example_xcom to 2021-01-01T00:00:00+00:00, run_after=2021-01-01T00:00:00+00:00
[2022-06-07 22:37:18,441] {processor.py:161} INFO - Processing /home/james/airflowa/lib/python3.8/site-packages/airflow/example_dags/example_xcom.py took 0.083 seconds
[2022-06-07 22:37:56,380] {processor.py:153} INFO - Started process (PID=64295) to work on /home/james/airflowa/lib/python3.8/site-packages/airflow/example_dags/example_xcom.py
[2022-06-07 22:37:56,381] {processor.py:641} INFO - Processing file /home/james/airflowa/lib/python3.8/site-packages/airflow/example_dags/example_xcom.py for tasks to queue
[2022-06-07 22:37:56,382] {logging_mixin.py:115} INFO - [2022-06-07 22:37:56,381] {dagbag.py:507} INFO - Filling up the DagBag from /home/james/airflowa/lib/python3.8/site-packages/airflow/example_dags/example_xcom.py
[2022-06-07 22:37:56,399] {processor.py:651} INFO - DAG(s) dict_keys(['example_xcom']) retrieved from /home/james/airflowa/lib/python3.8/site-packages/airflow/example_dags/example_xcom.py
[2022-06-07 22:37:56,411] {logging_mixin.py:115} INFO - [2022-06-07 22:37:56,411] {dag.py:2379} INFO - Sync 1 DAGs
[2022-06-07 22:37:56,426] {logging_mixin.py:115} INFO - [2022-06-07 22:37:56,426] {dag.py:2927} INFO - Setting next_dagrun for example_xcom to 2021-01-01T00:00:00+00:00, run_after=2021-01-01T00:00:00+00:00
[2022-06-07 22:37:56,439] {processor.py:161} INFO - Processing /home/james/airflowa/lib/python3.8/site-packages/airflow/example_dags/example_xcom.py took 0.061 seconds
[2022-06-07 22:38:35,229] {processor.py:153} INFO - Started process (PID=64463) to work on /home/james/airflowa/lib/python3.8/site-packages/airflow/example_dags/example_xcom.py
[2022-06-07 22:38:35,230] {processor.py:641} INFO - Processing file /home/james/airflowa/lib/python3.8/site-packages/airflow/example_dags/example_xcom.py for tasks to queue
[2022-06-07 22:38:35,230] {logging_mixin.py:115} INFO - [2022-06-07 22:38:35,230] {dagbag.py:507} INFO - Filling up the DagBag from /home/james/airflowa/lib/python3.8/site-packages/airflow/example_dags/example_xcom.py
[2022-06-07 22:38:35,245] {processor.py:651} INFO - DAG(s) dict_keys(['example_xcom']) retrieved from /home/james/airflowa/lib/python3.8/site-packages/airflow/example_dags/example_xcom.py
[2022-06-07 22:38:35,258] {logging_mixin.py:115} INFO - [2022-06-07 22:38:35,257] {dag.py:2379} INFO - Sync 1 DAGs
[2022-06-07 22:38:35,272] {logging_mixin.py:115} INFO - [2022-06-07 22:38:35,272] {dag.py:2927} INFO - Setting next_dagrun for example_xcom to 2021-01-01T00:00:00+00:00, run_after=2021-01-01T00:00:00+00:00
[2022-06-07 22:38:35,283] {processor.py:161} INFO - Processing /home/james/airflowa/lib/python3.8/site-packages/airflow/example_dags/example_xcom.py took 0.056 seconds
[2022-06-07 22:39:11,506] {processor.py:153} INFO - Started process (PID=64646) to work on /home/james/airflowa/lib/python3.8/site-packages/airflow/example_dags/example_xcom.py
[2022-06-07 22:39:11,506] {processor.py:641} INFO - Processing file /home/james/airflowa/lib/python3.8/site-packages/airflow/example_dags/example_xcom.py for tasks to queue
[2022-06-07 22:39:11,507] {logging_mixin.py:115} INFO - [2022-06-07 22:39:11,507] {dagbag.py:507} INFO - Filling up the DagBag from /home/james/airflowa/lib/python3.8/site-packages/airflow/example_dags/example_xcom.py
[2022-06-07 22:39:11,523] {processor.py:651} INFO - DAG(s) dict_keys(['example_xcom']) retrieved from /home/james/airflowa/lib/python3.8/site-packages/airflow/example_dags/example_xcom.py
[2022-06-07 22:39:11,537] {logging_mixin.py:115} INFO - [2022-06-07 22:39:11,537] {dag.py:2379} INFO - Sync 1 DAGs
[2022-06-07 22:39:11,551] {logging_mixin.py:115} INFO - [2022-06-07 22:39:11,551] {dag.py:2927} INFO - Setting next_dagrun for example_xcom to 2021-01-01T00:00:00+00:00, run_after=2021-01-01T00:00:00+00:00
[2022-06-07 22:39:11,562] {processor.py:161} INFO - Processing /home/james/airflowa/lib/python3.8/site-packages/airflow/example_dags/example_xcom.py took 0.059 seconds
[2022-06-07 22:39:44,510] {processor.py:153} INFO - Started process (PID=65055) to work on /home/james/airflowa/lib/python3.8/site-packages/airflow/example_dags/example_xcom.py
[2022-06-07 22:39:44,510] {processor.py:641} INFO - Processing file /home/james/airflowa/lib/python3.8/site-packages/airflow/example_dags/example_xcom.py for tasks to queue
[2022-06-07 22:39:44,511] {logging_mixin.py:115} INFO - [2022-06-07 22:39:44,511] {dagbag.py:507} INFO - Filling up the DagBag from /home/james/airflowa/lib/python3.8/site-packages/airflow/example_dags/example_xcom.py
[2022-06-07 22:39:44,526] {processor.py:651} INFO - DAG(s) dict_keys(['example_xcom']) retrieved from /home/james/airflowa/lib/python3.8/site-packages/airflow/example_dags/example_xcom.py
[2022-06-07 22:39:44,539] {logging_mixin.py:115} INFO - [2022-06-07 22:39:44,539] {dag.py:2379} INFO - Sync 1 DAGs
[2022-06-07 22:39:44,554] {logging_mixin.py:115} INFO - [2022-06-07 22:39:44,554] {dag.py:2927} INFO - Setting next_dagrun for example_xcom to 2021-01-01T00:00:00+00:00, run_after=2021-01-01T00:00:00+00:00
[2022-06-07 22:39:44,566] {processor.py:161} INFO - Processing /home/james/airflowa/lib/python3.8/site-packages/airflow/example_dags/example_xcom.py took 0.059 seconds
[2022-06-07 22:40:22,391] {processor.py:153} INFO - Started process (PID=65664) to work on /home/james/airflowa/lib/python3.8/site-packages/airflow/example_dags/example_xcom.py
[2022-06-07 22:40:22,392] {processor.py:641} INFO - Processing file /home/james/airflowa/lib/python3.8/site-packages/airflow/example_dags/example_xcom.py for tasks to queue
[2022-06-07 22:40:22,392] {logging_mixin.py:115} INFO - [2022-06-07 22:40:22,392] {dagbag.py:507} INFO - Filling up the DagBag from /home/james/airflowa/lib/python3.8/site-packages/airflow/example_dags/example_xcom.py
[2022-06-07 22:40:22,419] {processor.py:651} INFO - DAG(s) dict_keys(['example_xcom']) retrieved from /home/james/airflowa/lib/python3.8/site-packages/airflow/example_dags/example_xcom.py
[2022-06-07 22:40:22,483] {logging_mixin.py:115} INFO - [2022-06-07 22:40:22,483] {dag.py:2379} INFO - Sync 1 DAGs
[2022-06-07 22:40:22,500] {logging_mixin.py:115} INFO - [2022-06-07 22:40:22,500] {dag.py:2927} INFO - Setting next_dagrun for example_xcom to 2021-01-01T00:00:00+00:00, run_after=2021-01-01T00:00:00+00:00
[2022-06-07 22:40:22,511] {processor.py:161} INFO - Processing /home/james/airflowa/lib/python3.8/site-packages/airflow/example_dags/example_xcom.py took 0.124 seconds
[2022-06-07 22:41:01,363] {processor.py:153} INFO - Started process (PID=65831) to work on /home/james/airflowa/lib/python3.8/site-packages/airflow/example_dags/example_xcom.py
[2022-06-07 22:41:01,364] {processor.py:641} INFO - Processing file /home/james/airflowa/lib/python3.8/site-packages/airflow/example_dags/example_xcom.py for tasks to queue
[2022-06-07 22:41:01,365] {logging_mixin.py:115} INFO - [2022-06-07 22:41:01,365] {dagbag.py:507} INFO - Filling up the DagBag from /home/james/airflowa/lib/python3.8/site-packages/airflow/example_dags/example_xcom.py
[2022-06-07 22:41:01,393] {processor.py:651} INFO - DAG(s) dict_keys(['example_xcom']) retrieved from /home/james/airflowa/lib/python3.8/site-packages/airflow/example_dags/example_xcom.py
[2022-06-07 22:41:01,411] {logging_mixin.py:115} INFO - [2022-06-07 22:41:01,411] {dag.py:2379} INFO - Sync 1 DAGs
[2022-06-07 22:41:01,434] {logging_mixin.py:115} INFO - [2022-06-07 22:41:01,434] {dag.py:2927} INFO - Setting next_dagrun for example_xcom to 2021-01-01T00:00:00+00:00, run_after=2021-01-01T00:00:00+00:00
[2022-06-07 22:41:01,448] {processor.py:161} INFO - Processing /home/james/airflowa/lib/python3.8/site-packages/airflow/example_dags/example_xcom.py took 0.087 seconds
[2022-06-07 22:41:40,373] {processor.py:153} INFO - Started process (PID=66061) to work on /home/james/airflowa/lib/python3.8/site-packages/airflow/example_dags/example_xcom.py
[2022-06-07 22:41:40,373] {processor.py:641} INFO - Processing file /home/james/airflowa/lib/python3.8/site-packages/airflow/example_dags/example_xcom.py for tasks to queue
[2022-06-07 22:41:40,374] {logging_mixin.py:115} INFO - [2022-06-07 22:41:40,374] {dagbag.py:507} INFO - Filling up the DagBag from /home/james/airflowa/lib/python3.8/site-packages/airflow/example_dags/example_xcom.py
[2022-06-07 22:41:40,392] {processor.py:651} INFO - DAG(s) dict_keys(['example_xcom']) retrieved from /home/james/airflowa/lib/python3.8/site-packages/airflow/example_dags/example_xcom.py
[2022-06-07 22:41:40,438] {logging_mixin.py:115} INFO - [2022-06-07 22:41:40,438] {dag.py:2379} INFO - Sync 1 DAGs
[2022-06-07 22:41:40,458] {logging_mixin.py:115} INFO - [2022-06-07 22:41:40,458] {dag.py:2927} INFO - Setting next_dagrun for example_xcom to 2021-01-01T00:00:00+00:00, run_after=2021-01-01T00:00:00+00:00
[2022-06-07 22:41:40,472] {processor.py:161} INFO - Processing /home/james/airflowa/lib/python3.8/site-packages/airflow/example_dags/example_xcom.py took 0.101 seconds
[2022-06-07 22:42:14,123] {processor.py:153} INFO - Started process (PID=66248) to work on /home/james/airflowa/lib/python3.8/site-packages/airflow/example_dags/example_xcom.py
[2022-06-07 22:42:14,124] {processor.py:641} INFO - Processing file /home/james/airflowa/lib/python3.8/site-packages/airflow/example_dags/example_xcom.py for tasks to queue
[2022-06-07 22:42:14,124] {logging_mixin.py:115} INFO - [2022-06-07 22:42:14,124] {dagbag.py:507} INFO - Filling up the DagBag from /home/james/airflowa/lib/python3.8/site-packages/airflow/example_dags/example_xcom.py
[2022-06-07 22:42:14,141] {processor.py:651} INFO - DAG(s) dict_keys(['example_xcom']) retrieved from /home/james/airflowa/lib/python3.8/site-packages/airflow/example_dags/example_xcom.py
[2022-06-07 22:42:14,154] {logging_mixin.py:115} INFO - [2022-06-07 22:42:14,154] {dag.py:2379} INFO - Sync 1 DAGs
[2022-06-07 22:42:14,169] {logging_mixin.py:115} INFO - [2022-06-07 22:42:14,169] {dag.py:2927} INFO - Setting next_dagrun for example_xcom to 2021-01-01T00:00:00+00:00, run_after=2021-01-01T00:00:00+00:00
[2022-06-07 22:42:14,180] {processor.py:161} INFO - Processing /home/james/airflowa/lib/python3.8/site-packages/airflow/example_dags/example_xcom.py took 0.059 seconds
