[2022-06-07 22:33:23,055] {processor.py:153} INFO - Started process (PID=62642) to work on /home/james/airflowa/lib/python3.8/site-packages/airflow/example_dags/example_branch_datetime_operator.py
[2022-06-07 22:33:23,056] {processor.py:641} INFO - Processing file /home/james/airflowa/lib/python3.8/site-packages/airflow/example_dags/example_branch_datetime_operator.py for tasks to queue
[2022-06-07 22:33:23,056] {logging_mixin.py:115} INFO - [2022-06-07 22:33:23,056] {dagbag.py:507} INFO - Filling up the DagBag from /home/james/airflowa/lib/python3.8/site-packages/airflow/example_dags/example_branch_datetime_operator.py
[2022-06-07 22:33:23,070] {processor.py:651} INFO - DAG(s) dict_keys(['example_branch_datetime_operator_2']) retrieved from /home/james/airflowa/lib/python3.8/site-packages/airflow/example_dags/example_branch_datetime_operator.py
[2022-06-07 22:33:23,094] {logging_mixin.py:115} INFO - [2022-06-07 22:33:23,093] {dag.py:2379} INFO - Sync 1 DAGs
[2022-06-07 22:33:23,129] {logging_mixin.py:115} INFO - [2022-06-07 22:33:23,128] {dag.py:2927} INFO - Setting next_dagrun for example_branch_datetime_operator_2 to 2022-06-06T00:00:00+00:00, run_after=2022-06-07T00:00:00+00:00
[2022-06-07 22:33:23,179] {processor.py:161} INFO - Processing /home/james/airflowa/lib/python3.8/site-packages/airflow/example_dags/example_branch_datetime_operator.py took 0.129 seconds
[2022-06-07 22:34:06,745] {processor.py:153} INFO - Started process (PID=62827) to work on /home/james/airflowa/lib/python3.8/site-packages/airflow/example_dags/example_branch_datetime_operator.py
[2022-06-07 22:34:06,746] {processor.py:641} INFO - Processing file /home/james/airflowa/lib/python3.8/site-packages/airflow/example_dags/example_branch_datetime_operator.py for tasks to queue
[2022-06-07 22:34:06,746] {logging_mixin.py:115} INFO - [2022-06-07 22:34:06,746] {dagbag.py:507} INFO - Filling up the DagBag from /home/james/airflowa/lib/python3.8/site-packages/airflow/example_dags/example_branch_datetime_operator.py
[2022-06-07 22:34:06,756] {processor.py:651} INFO - DAG(s) dict_keys(['example_branch_datetime_operator_2']) retrieved from /home/james/airflowa/lib/python3.8/site-packages/airflow/example_dags/example_branch_datetime_operator.py
[2022-06-07 22:34:06,775] {logging_mixin.py:115} INFO - [2022-06-07 22:34:06,775] {dag.py:2379} INFO - Sync 1 DAGs
[2022-06-07 22:34:06,800] {logging_mixin.py:115} INFO - [2022-06-07 22:34:06,800] {dag.py:2927} INFO - Setting next_dagrun for example_branch_datetime_operator_2 to 2022-06-06T00:00:00+00:00, run_after=2022-06-07T00:00:00+00:00
[2022-06-07 22:34:06,815] {processor.py:161} INFO - Processing /home/james/airflowa/lib/python3.8/site-packages/airflow/example_dags/example_branch_datetime_operator.py took 0.073 seconds
[2022-06-07 22:34:55,196] {processor.py:153} INFO - Started process (PID=63269) to work on /home/james/airflowa/lib/python3.8/site-packages/airflow/example_dags/example_branch_datetime_operator.py
[2022-06-07 22:34:55,197] {processor.py:641} INFO - Processing file /home/james/airflowa/lib/python3.8/site-packages/airflow/example_dags/example_branch_datetime_operator.py for tasks to queue
[2022-06-07 22:34:55,197] {logging_mixin.py:115} INFO - [2022-06-07 22:34:55,197] {dagbag.py:507} INFO - Filling up the DagBag from /home/james/airflowa/lib/python3.8/site-packages/airflow/example_dags/example_branch_datetime_operator.py
[2022-06-07 22:34:55,204] {processor.py:651} INFO - DAG(s) dict_keys(['example_branch_datetime_operator_2']) retrieved from /home/james/airflowa/lib/python3.8/site-packages/airflow/example_dags/example_branch_datetime_operator.py
[2022-06-07 22:34:55,217] {logging_mixin.py:115} INFO - [2022-06-07 22:34:55,217] {dag.py:2379} INFO - Sync 1 DAGs
[2022-06-07 22:34:55,234] {logging_mixin.py:115} INFO - [2022-06-07 22:34:55,234] {dag.py:2927} INFO - Setting next_dagrun for example_branch_datetime_operator_2 to 2022-06-06T00:00:00+00:00, run_after=2022-06-07T00:00:00+00:00
[2022-06-07 22:34:55,245] {processor.py:161} INFO - Processing /home/james/airflowa/lib/python3.8/site-packages/airflow/example_dags/example_branch_datetime_operator.py took 0.052 seconds
[2022-06-07 22:35:35,858] {processor.py:153} INFO - Started process (PID=63476) to work on /home/james/airflowa/lib/python3.8/site-packages/airflow/example_dags/example_branch_datetime_operator.py
[2022-06-07 22:35:35,859] {processor.py:641} INFO - Processing file /home/james/airflowa/lib/python3.8/site-packages/airflow/example_dags/example_branch_datetime_operator.py for tasks to queue
[2022-06-07 22:35:35,860] {logging_mixin.py:115} INFO - [2022-06-07 22:35:35,860] {dagbag.py:507} INFO - Filling up the DagBag from /home/james/airflowa/lib/python3.8/site-packages/airflow/example_dags/example_branch_datetime_operator.py
[2022-06-07 22:35:35,871] {processor.py:651} INFO - DAG(s) dict_keys(['example_branch_datetime_operator_2']) retrieved from /home/james/airflowa/lib/python3.8/site-packages/airflow/example_dags/example_branch_datetime_operator.py
[2022-06-07 22:35:35,898] {logging_mixin.py:115} INFO - [2022-06-07 22:35:35,898] {dag.py:2379} INFO - Sync 1 DAGs
[2022-06-07 22:35:35,934] {logging_mixin.py:115} INFO - [2022-06-07 22:35:35,934] {dag.py:2927} INFO - Setting next_dagrun for example_branch_datetime_operator_2 to 2022-06-06T00:00:00+00:00, run_after=2022-06-07T00:00:00+00:00
[2022-06-07 22:35:35,957] {processor.py:161} INFO - Processing /home/james/airflowa/lib/python3.8/site-packages/airflow/example_dags/example_branch_datetime_operator.py took 0.104 seconds
[2022-06-07 22:36:16,896] {processor.py:153} INFO - Started process (PID=63648) to work on /home/james/airflowa/lib/python3.8/site-packages/airflow/example_dags/example_branch_datetime_operator.py
[2022-06-07 22:36:16,897] {processor.py:641} INFO - Processing file /home/james/airflowa/lib/python3.8/site-packages/airflow/example_dags/example_branch_datetime_operator.py for tasks to queue
[2022-06-07 22:36:16,897] {logging_mixin.py:115} INFO - [2022-06-07 22:36:16,897] {dagbag.py:507} INFO - Filling up the DagBag from /home/james/airflowa/lib/python3.8/site-packages/airflow/example_dags/example_branch_datetime_operator.py
[2022-06-07 22:36:16,909] {processor.py:651} INFO - DAG(s) dict_keys(['example_branch_datetime_operator_2']) retrieved from /home/james/airflowa/lib/python3.8/site-packages/airflow/example_dags/example_branch_datetime_operator.py
[2022-06-07 22:36:16,931] {logging_mixin.py:115} INFO - [2022-06-07 22:36:16,931] {dag.py:2379} INFO - Sync 1 DAGs
[2022-06-07 22:36:16,961] {logging_mixin.py:115} INFO - [2022-06-07 22:36:16,960] {dag.py:2927} INFO - Setting next_dagrun for example_branch_datetime_operator_2 to 2022-06-06T00:00:00+00:00, run_after=2022-06-07T00:00:00+00:00
[2022-06-07 22:36:16,977] {processor.py:161} INFO - Processing /home/james/airflowa/lib/python3.8/site-packages/airflow/example_dags/example_branch_datetime_operator.py took 0.086 seconds
[2022-06-07 22:36:59,481] {processor.py:153} INFO - Started process (PID=63824) to work on /home/james/airflowa/lib/python3.8/site-packages/airflow/example_dags/example_branch_datetime_operator.py
[2022-06-07 22:36:59,482] {processor.py:641} INFO - Processing file /home/james/airflowa/lib/python3.8/site-packages/airflow/example_dags/example_branch_datetime_operator.py for tasks to queue
[2022-06-07 22:36:59,483] {logging_mixin.py:115} INFO - [2022-06-07 22:36:59,483] {dagbag.py:507} INFO - Filling up the DagBag from /home/james/airflowa/lib/python3.8/site-packages/airflow/example_dags/example_branch_datetime_operator.py
[2022-06-07 22:36:59,504] {processor.py:651} INFO - DAG(s) dict_keys(['example_branch_datetime_operator_2']) retrieved from /home/james/airflowa/lib/python3.8/site-packages/airflow/example_dags/example_branch_datetime_operator.py
[2022-06-07 22:36:59,526] {logging_mixin.py:115} INFO - [2022-06-07 22:36:59,526] {dag.py:2379} INFO - Sync 1 DAGs
[2022-06-07 22:36:59,556] {logging_mixin.py:115} INFO - [2022-06-07 22:36:59,556] {dag.py:2927} INFO - Setting next_dagrun for example_branch_datetime_operator_2 to 2022-06-06T00:00:00+00:00, run_after=2022-06-07T00:00:00+00:00
[2022-06-07 22:36:59,578] {processor.py:161} INFO - Processing /home/james/airflowa/lib/python3.8/site-packages/airflow/example_dags/example_branch_datetime_operator.py took 0.100 seconds
[2022-06-07 22:37:43,224] {processor.py:153} INFO - Started process (PID=64194) to work on /home/james/airflowa/lib/python3.8/site-packages/airflow/example_dags/example_branch_datetime_operator.py
[2022-06-07 22:37:43,225] {processor.py:641} INFO - Processing file /home/james/airflowa/lib/python3.8/site-packages/airflow/example_dags/example_branch_datetime_operator.py for tasks to queue
[2022-06-07 22:37:43,225] {logging_mixin.py:115} INFO - [2022-06-07 22:37:43,225] {dagbag.py:507} INFO - Filling up the DagBag from /home/james/airflowa/lib/python3.8/site-packages/airflow/example_dags/example_branch_datetime_operator.py
[2022-06-07 22:37:43,232] {processor.py:651} INFO - DAG(s) dict_keys(['example_branch_datetime_operator_2']) retrieved from /home/james/airflowa/lib/python3.8/site-packages/airflow/example_dags/example_branch_datetime_operator.py
[2022-06-07 22:37:43,245] {logging_mixin.py:115} INFO - [2022-06-07 22:37:43,245] {dag.py:2379} INFO - Sync 1 DAGs
[2022-06-07 22:37:43,262] {logging_mixin.py:115} INFO - [2022-06-07 22:37:43,261] {dag.py:2927} INFO - Setting next_dagrun for example_branch_datetime_operator_2 to 2022-06-06T00:00:00+00:00, run_after=2022-06-07T00:00:00+00:00
[2022-06-07 22:37:43,273] {processor.py:161} INFO - Processing /home/james/airflowa/lib/python3.8/site-packages/airflow/example_dags/example_branch_datetime_operator.py took 0.052 seconds
[2022-06-07 22:38:23,227] {processor.py:153} INFO - Started process (PID=64404) to work on /home/james/airflowa/lib/python3.8/site-packages/airflow/example_dags/example_branch_datetime_operator.py
[2022-06-07 22:38:23,229] {processor.py:641} INFO - Processing file /home/james/airflowa/lib/python3.8/site-packages/airflow/example_dags/example_branch_datetime_operator.py for tasks to queue
[2022-06-07 22:38:23,232] {logging_mixin.py:115} INFO - [2022-06-07 22:38:23,232] {dagbag.py:507} INFO - Filling up the DagBag from /home/james/airflowa/lib/python3.8/site-packages/airflow/example_dags/example_branch_datetime_operator.py
[2022-06-07 22:38:23,249] {processor.py:651} INFO - DAG(s) dict_keys(['example_branch_datetime_operator_2']) retrieved from /home/james/airflowa/lib/python3.8/site-packages/airflow/example_dags/example_branch_datetime_operator.py
[2022-06-07 22:38:23,267] {logging_mixin.py:115} INFO - [2022-06-07 22:38:23,267] {dag.py:2379} INFO - Sync 1 DAGs
[2022-06-07 22:38:23,290] {logging_mixin.py:115} INFO - [2022-06-07 22:38:23,290] {dag.py:2927} INFO - Setting next_dagrun for example_branch_datetime_operator_2 to 2022-06-06T00:00:00+00:00, run_after=2022-06-07T00:00:00+00:00
[2022-06-07 22:38:23,304] {processor.py:161} INFO - Processing /home/james/airflowa/lib/python3.8/site-packages/airflow/example_dags/example_branch_datetime_operator.py took 0.087 seconds
[2022-06-07 22:39:06,646] {processor.py:153} INFO - Started process (PID=64632) to work on /home/james/airflowa/lib/python3.8/site-packages/airflow/example_dags/example_branch_datetime_operator.py
[2022-06-07 22:39:06,647] {processor.py:641} INFO - Processing file /home/james/airflowa/lib/python3.8/site-packages/airflow/example_dags/example_branch_datetime_operator.py for tasks to queue
[2022-06-07 22:39:06,647] {logging_mixin.py:115} INFO - [2022-06-07 22:39:06,647] {dagbag.py:507} INFO - Filling up the DagBag from /home/james/airflowa/lib/python3.8/site-packages/airflow/example_dags/example_branch_datetime_operator.py
[2022-06-07 22:39:06,656] {processor.py:651} INFO - DAG(s) dict_keys(['example_branch_datetime_operator_2']) retrieved from /home/james/airflowa/lib/python3.8/site-packages/airflow/example_dags/example_branch_datetime_operator.py
[2022-06-07 22:39:06,669] {logging_mixin.py:115} INFO - [2022-06-07 22:39:06,669] {dag.py:2379} INFO - Sync 1 DAGs
[2022-06-07 22:39:06,686] {logging_mixin.py:115} INFO - [2022-06-07 22:39:06,686] {dag.py:2927} INFO - Setting next_dagrun for example_branch_datetime_operator_2 to 2022-06-06T00:00:00+00:00, run_after=2022-06-07T00:00:00+00:00
[2022-06-07 22:39:06,696] {processor.py:161} INFO - Processing /home/james/airflowa/lib/python3.8/site-packages/airflow/example_dags/example_branch_datetime_operator.py took 0.052 seconds
[2022-06-07 22:39:47,941] {processor.py:153} INFO - Started process (PID=65089) to work on /home/james/airflowa/lib/python3.8/site-packages/airflow/example_dags/example_branch_datetime_operator.py
[2022-06-07 22:39:47,942] {processor.py:641} INFO - Processing file /home/james/airflowa/lib/python3.8/site-packages/airflow/example_dags/example_branch_datetime_operator.py for tasks to queue
[2022-06-07 22:39:47,942] {logging_mixin.py:115} INFO - [2022-06-07 22:39:47,942] {dagbag.py:507} INFO - Filling up the DagBag from /home/james/airflowa/lib/python3.8/site-packages/airflow/example_dags/example_branch_datetime_operator.py
[2022-06-07 22:39:47,950] {processor.py:651} INFO - DAG(s) dict_keys(['example_branch_datetime_operator_2']) retrieved from /home/james/airflowa/lib/python3.8/site-packages/airflow/example_dags/example_branch_datetime_operator.py
[2022-06-07 22:39:47,962] {logging_mixin.py:115} INFO - [2022-06-07 22:39:47,962] {dag.py:2379} INFO - Sync 1 DAGs
[2022-06-07 22:39:47,978] {logging_mixin.py:115} INFO - [2022-06-07 22:39:47,978] {dag.py:2927} INFO - Setting next_dagrun for example_branch_datetime_operator_2 to 2022-06-06T00:00:00+00:00, run_after=2022-06-07T00:00:00+00:00
[2022-06-07 22:39:47,989] {processor.py:161} INFO - Processing /home/james/airflowa/lib/python3.8/site-packages/airflow/example_dags/example_branch_datetime_operator.py took 0.050 seconds
[2022-06-07 22:40:26,855] {processor.py:153} INFO - Started process (PID=65687) to work on /home/james/airflowa/lib/python3.8/site-packages/airflow/example_dags/example_branch_datetime_operator.py
[2022-06-07 22:40:26,856] {processor.py:641} INFO - Processing file /home/james/airflowa/lib/python3.8/site-packages/airflow/example_dags/example_branch_datetime_operator.py for tasks to queue
[2022-06-07 22:40:26,856] {logging_mixin.py:115} INFO - [2022-06-07 22:40:26,856] {dagbag.py:507} INFO - Filling up the DagBag from /home/james/airflowa/lib/python3.8/site-packages/airflow/example_dags/example_branch_datetime_operator.py
[2022-06-07 22:40:26,863] {processor.py:651} INFO - DAG(s) dict_keys(['example_branch_datetime_operator_2']) retrieved from /home/james/airflowa/lib/python3.8/site-packages/airflow/example_dags/example_branch_datetime_operator.py
[2022-06-07 22:40:26,880] {logging_mixin.py:115} INFO - [2022-06-07 22:40:26,880] {dag.py:2379} INFO - Sync 1 DAGs
[2022-06-07 22:40:26,896] {logging_mixin.py:115} INFO - [2022-06-07 22:40:26,896] {dag.py:2927} INFO - Setting next_dagrun for example_branch_datetime_operator_2 to 2022-06-06T00:00:00+00:00, run_after=2022-06-07T00:00:00+00:00
[2022-06-07 22:40:26,908] {processor.py:161} INFO - Processing /home/james/airflowa/lib/python3.8/site-packages/airflow/example_dags/example_branch_datetime_operator.py took 0.055 seconds
[2022-06-07 22:41:05,214] {processor.py:153} INFO - Started process (PID=65836) to work on /home/james/airflowa/lib/python3.8/site-packages/airflow/example_dags/example_branch_datetime_operator.py
[2022-06-07 22:41:05,215] {processor.py:641} INFO - Processing file /home/james/airflowa/lib/python3.8/site-packages/airflow/example_dags/example_branch_datetime_operator.py for tasks to queue
[2022-06-07 22:41:05,215] {logging_mixin.py:115} INFO - [2022-06-07 22:41:05,215] {dagbag.py:507} INFO - Filling up the DagBag from /home/james/airflowa/lib/python3.8/site-packages/airflow/example_dags/example_branch_datetime_operator.py
[2022-06-07 22:41:05,223] {processor.py:651} INFO - DAG(s) dict_keys(['example_branch_datetime_operator_2']) retrieved from /home/james/airflowa/lib/python3.8/site-packages/airflow/example_dags/example_branch_datetime_operator.py
[2022-06-07 22:41:05,239] {logging_mixin.py:115} INFO - [2022-06-07 22:41:05,238] {dag.py:2379} INFO - Sync 1 DAGs
[2022-06-07 22:41:05,258] {logging_mixin.py:115} INFO - [2022-06-07 22:41:05,258] {dag.py:2927} INFO - Setting next_dagrun for example_branch_datetime_operator_2 to 2022-06-06T00:00:00+00:00, run_after=2022-06-07T00:00:00+00:00
[2022-06-07 22:41:05,270] {processor.py:161} INFO - Processing /home/james/airflowa/lib/python3.8/site-packages/airflow/example_dags/example_branch_datetime_operator.py took 0.059 seconds
[2022-06-07 22:41:45,979] {processor.py:153} INFO - Started process (PID=66080) to work on /home/james/airflowa/lib/python3.8/site-packages/airflow/example_dags/example_branch_datetime_operator.py
[2022-06-07 22:41:45,980] {processor.py:641} INFO - Processing file /home/james/airflowa/lib/python3.8/site-packages/airflow/example_dags/example_branch_datetime_operator.py for tasks to queue
[2022-06-07 22:41:45,980] {logging_mixin.py:115} INFO - [2022-06-07 22:41:45,980] {dagbag.py:507} INFO - Filling up the DagBag from /home/james/airflowa/lib/python3.8/site-packages/airflow/example_dags/example_branch_datetime_operator.py
[2022-06-07 22:41:45,988] {processor.py:651} INFO - DAG(s) dict_keys(['example_branch_datetime_operator_2']) retrieved from /home/james/airflowa/lib/python3.8/site-packages/airflow/example_dags/example_branch_datetime_operator.py
[2022-06-07 22:41:46,003] {logging_mixin.py:115} INFO - [2022-06-07 22:41:46,002] {dag.py:2379} INFO - Sync 1 DAGs
[2022-06-07 22:41:46,024] {logging_mixin.py:115} INFO - [2022-06-07 22:41:46,024] {dag.py:2927} INFO - Setting next_dagrun for example_branch_datetime_operator_2 to 2022-06-06T00:00:00+00:00, run_after=2022-06-07T00:00:00+00:00
[2022-06-07 22:41:46,037] {processor.py:161} INFO - Processing /home/james/airflowa/lib/python3.8/site-packages/airflow/example_dags/example_branch_datetime_operator.py took 0.061 seconds
