[2022-06-07 22:32:46,535] {processor.py:153} INFO - Started process (PID=62370) to work on /home/james/airflowa/lib/python3.8/site-packages/airflow/example_dags/example_trigger_controller_dag.py
[2022-06-07 22:32:46,536] {processor.py:641} INFO - Processing file /home/james/airflowa/lib/python3.8/site-packages/airflow/example_dags/example_trigger_controller_dag.py for tasks to queue
[2022-06-07 22:32:46,536] {logging_mixin.py:115} INFO - [2022-06-07 22:32:46,536] {dagbag.py:507} INFO - Filling up the DagBag from /home/james/airflowa/lib/python3.8/site-packages/airflow/example_dags/example_trigger_controller_dag.py
[2022-06-07 22:32:46,540] {processor.py:651} INFO - DAG(s) dict_keys(['example_trigger_controller_dag']) retrieved from /home/james/airflowa/lib/python3.8/site-packages/airflow/example_dags/example_trigger_controller_dag.py
[2022-06-07 22:32:46,561] {logging_mixin.py:115} INFO - [2022-06-07 22:32:46,561] {dag.py:2379} INFO - Sync 1 DAGs
[2022-06-07 22:32:46,587] {logging_mixin.py:115} INFO - [2022-06-07 22:32:46,587] {dag.py:2927} INFO - Setting next_dagrun for example_trigger_controller_dag to 2021-01-01T00:00:00+00:00, run_after=2021-01-01T00:00:00+00:00
[2022-06-07 22:32:46,603] {processor.py:161} INFO - Processing /home/james/airflowa/lib/python3.8/site-packages/airflow/example_dags/example_trigger_controller_dag.py took 0.071 seconds
[2022-06-07 22:33:25,601] {processor.py:153} INFO - Started process (PID=62662) to work on /home/james/airflowa/lib/python3.8/site-packages/airflow/example_dags/example_trigger_controller_dag.py
[2022-06-07 22:33:25,605] {processor.py:641} INFO - Processing file /home/james/airflowa/lib/python3.8/site-packages/airflow/example_dags/example_trigger_controller_dag.py for tasks to queue
[2022-06-07 22:33:25,606] {logging_mixin.py:115} INFO - [2022-06-07 22:33:25,606] {dagbag.py:507} INFO - Filling up the DagBag from /home/james/airflowa/lib/python3.8/site-packages/airflow/example_dags/example_trigger_controller_dag.py
[2022-06-07 22:33:25,618] {processor.py:651} INFO - DAG(s) dict_keys(['example_trigger_controller_dag']) retrieved from /home/james/airflowa/lib/python3.8/site-packages/airflow/example_dags/example_trigger_controller_dag.py
[2022-06-07 22:33:25,690] {logging_mixin.py:115} INFO - [2022-06-07 22:33:25,689] {dag.py:2379} INFO - Sync 1 DAGs
[2022-06-07 22:33:25,774] {logging_mixin.py:115} INFO - [2022-06-07 22:33:25,774] {dag.py:2927} INFO - Setting next_dagrun for example_trigger_controller_dag to 2021-01-01T00:00:00+00:00, run_after=2021-01-01T00:00:00+00:00
[2022-06-07 22:33:25,815] {processor.py:161} INFO - Processing /home/james/airflowa/lib/python3.8/site-packages/airflow/example_dags/example_trigger_controller_dag.py took 0.224 seconds
[2022-06-07 22:33:59,712] {processor.py:153} INFO - Started process (PID=62798) to work on /home/james/airflowa/lib/python3.8/site-packages/airflow/example_dags/example_trigger_controller_dag.py
[2022-06-07 22:33:59,713] {processor.py:641} INFO - Processing file /home/james/airflowa/lib/python3.8/site-packages/airflow/example_dags/example_trigger_controller_dag.py for tasks to queue
[2022-06-07 22:33:59,713] {logging_mixin.py:115} INFO - [2022-06-07 22:33:59,713] {dagbag.py:507} INFO - Filling up the DagBag from /home/james/airflowa/lib/python3.8/site-packages/airflow/example_dags/example_trigger_controller_dag.py
[2022-06-07 22:33:59,717] {processor.py:651} INFO - DAG(s) dict_keys(['example_trigger_controller_dag']) retrieved from /home/james/airflowa/lib/python3.8/site-packages/airflow/example_dags/example_trigger_controller_dag.py
[2022-06-07 22:33:59,738] {logging_mixin.py:115} INFO - [2022-06-07 22:33:59,738] {dag.py:2379} INFO - Sync 1 DAGs
[2022-06-07 22:33:59,764] {logging_mixin.py:115} INFO - [2022-06-07 22:33:59,764] {dag.py:2927} INFO - Setting next_dagrun for example_trigger_controller_dag to 2021-01-01T00:00:00+00:00, run_after=2021-01-01T00:00:00+00:00
[2022-06-07 22:33:59,785] {processor.py:161} INFO - Processing /home/james/airflowa/lib/python3.8/site-packages/airflow/example_dags/example_trigger_controller_dag.py took 0.076 seconds
[2022-06-07 22:34:35,598] {processor.py:153} INFO - Started process (PID=63166) to work on /home/james/airflowa/lib/python3.8/site-packages/airflow/example_dags/example_trigger_controller_dag.py
[2022-06-07 22:34:35,599] {processor.py:641} INFO - Processing file /home/james/airflowa/lib/python3.8/site-packages/airflow/example_dags/example_trigger_controller_dag.py for tasks to queue
[2022-06-07 22:34:35,599] {logging_mixin.py:115} INFO - [2022-06-07 22:34:35,599] {dagbag.py:507} INFO - Filling up the DagBag from /home/james/airflowa/lib/python3.8/site-packages/airflow/example_dags/example_trigger_controller_dag.py
[2022-06-07 22:34:35,602] {processor.py:651} INFO - DAG(s) dict_keys(['example_trigger_controller_dag']) retrieved from /home/james/airflowa/lib/python3.8/site-packages/airflow/example_dags/example_trigger_controller_dag.py
[2022-06-07 22:34:35,617] {logging_mixin.py:115} INFO - [2022-06-07 22:34:35,617] {dag.py:2379} INFO - Sync 1 DAGs
[2022-06-07 22:34:35,633] {logging_mixin.py:115} INFO - [2022-06-07 22:34:35,633] {dag.py:2927} INFO - Setting next_dagrun for example_trigger_controller_dag to 2021-01-01T00:00:00+00:00, run_after=2021-01-01T00:00:00+00:00
[2022-06-07 22:34:35,646] {processor.py:161} INFO - Processing /home/james/airflowa/lib/python3.8/site-packages/airflow/example_dags/example_trigger_controller_dag.py took 0.050 seconds
[2022-06-07 22:35:14,207] {processor.py:153} INFO - Started process (PID=63332) to work on /home/james/airflowa/lib/python3.8/site-packages/airflow/example_dags/example_trigger_controller_dag.py
[2022-06-07 22:35:14,207] {processor.py:641} INFO - Processing file /home/james/airflowa/lib/python3.8/site-packages/airflow/example_dags/example_trigger_controller_dag.py for tasks to queue
[2022-06-07 22:35:14,208] {logging_mixin.py:115} INFO - [2022-06-07 22:35:14,208] {dagbag.py:507} INFO - Filling up the DagBag from /home/james/airflowa/lib/python3.8/site-packages/airflow/example_dags/example_trigger_controller_dag.py
[2022-06-07 22:35:14,211] {processor.py:651} INFO - DAG(s) dict_keys(['example_trigger_controller_dag']) retrieved from /home/james/airflowa/lib/python3.8/site-packages/airflow/example_dags/example_trigger_controller_dag.py
[2022-06-07 22:35:14,224] {logging_mixin.py:115} INFO - [2022-06-07 22:35:14,224] {dag.py:2379} INFO - Sync 1 DAGs
[2022-06-07 22:35:14,240] {logging_mixin.py:115} INFO - [2022-06-07 22:35:14,240] {dag.py:2927} INFO - Setting next_dagrun for example_trigger_controller_dag to 2021-01-01T00:00:00+00:00, run_after=2021-01-01T00:00:00+00:00
[2022-06-07 22:35:14,251] {processor.py:161} INFO - Processing /home/james/airflowa/lib/python3.8/site-packages/airflow/example_dags/example_trigger_controller_dag.py took 0.047 seconds
[2022-06-07 22:35:46,629] {processor.py:153} INFO - Started process (PID=63514) to work on /home/james/airflowa/lib/python3.8/site-packages/airflow/example_dags/example_trigger_controller_dag.py
[2022-06-07 22:35:46,630] {processor.py:641} INFO - Processing file /home/james/airflowa/lib/python3.8/site-packages/airflow/example_dags/example_trigger_controller_dag.py for tasks to queue
[2022-06-07 22:35:46,630] {logging_mixin.py:115} INFO - [2022-06-07 22:35:46,630] {dagbag.py:507} INFO - Filling up the DagBag from /home/james/airflowa/lib/python3.8/site-packages/airflow/example_dags/example_trigger_controller_dag.py
[2022-06-07 22:35:46,632] {processor.py:651} INFO - DAG(s) dict_keys(['example_trigger_controller_dag']) retrieved from /home/james/airflowa/lib/python3.8/site-packages/airflow/example_dags/example_trigger_controller_dag.py
[2022-06-07 22:35:46,647] {logging_mixin.py:115} INFO - [2022-06-07 22:35:46,647] {dag.py:2379} INFO - Sync 1 DAGs
[2022-06-07 22:35:46,665] {logging_mixin.py:115} INFO - [2022-06-07 22:35:46,665] {dag.py:2927} INFO - Setting next_dagrun for example_trigger_controller_dag to 2021-01-01T00:00:00+00:00, run_after=2021-01-01T00:00:00+00:00
[2022-06-07 22:35:46,678] {processor.py:161} INFO - Processing /home/james/airflowa/lib/python3.8/site-packages/airflow/example_dags/example_trigger_controller_dag.py took 0.051 seconds
[2022-06-07 22:36:18,490] {processor.py:153} INFO - Started process (PID=63651) to work on /home/james/airflowa/lib/python3.8/site-packages/airflow/example_dags/example_trigger_controller_dag.py
[2022-06-07 22:36:18,491] {processor.py:641} INFO - Processing file /home/james/airflowa/lib/python3.8/site-packages/airflow/example_dags/example_trigger_controller_dag.py for tasks to queue
[2022-06-07 22:36:18,492] {logging_mixin.py:115} INFO - [2022-06-07 22:36:18,492] {dagbag.py:507} INFO - Filling up the DagBag from /home/james/airflowa/lib/python3.8/site-packages/airflow/example_dags/example_trigger_controller_dag.py
[2022-06-07 22:36:18,496] {processor.py:651} INFO - DAG(s) dict_keys(['example_trigger_controller_dag']) retrieved from /home/james/airflowa/lib/python3.8/site-packages/airflow/example_dags/example_trigger_controller_dag.py
[2022-06-07 22:36:18,521] {logging_mixin.py:115} INFO - [2022-06-07 22:36:18,521] {dag.py:2379} INFO - Sync 1 DAGs
[2022-06-07 22:36:18,547] {logging_mixin.py:115} INFO - [2022-06-07 22:36:18,547] {dag.py:2927} INFO - Setting next_dagrun for example_trigger_controller_dag to 2021-01-01T00:00:00+00:00, run_after=2021-01-01T00:00:00+00:00
[2022-06-07 22:36:18,565] {processor.py:161} INFO - Processing /home/james/airflowa/lib/python3.8/site-packages/airflow/example_dags/example_trigger_controller_dag.py took 0.078 seconds
[2022-06-07 22:36:54,105] {processor.py:153} INFO - Started process (PID=63797) to work on /home/james/airflowa/lib/python3.8/site-packages/airflow/example_dags/example_trigger_controller_dag.py
[2022-06-07 22:36:54,106] {processor.py:641} INFO - Processing file /home/james/airflowa/lib/python3.8/site-packages/airflow/example_dags/example_trigger_controller_dag.py for tasks to queue
[2022-06-07 22:36:54,106] {logging_mixin.py:115} INFO - [2022-06-07 22:36:54,106] {dagbag.py:507} INFO - Filling up the DagBag from /home/james/airflowa/lib/python3.8/site-packages/airflow/example_dags/example_trigger_controller_dag.py
[2022-06-07 22:36:54,109] {processor.py:651} INFO - DAG(s) dict_keys(['example_trigger_controller_dag']) retrieved from /home/james/airflowa/lib/python3.8/site-packages/airflow/example_dags/example_trigger_controller_dag.py
[2022-06-07 22:36:54,127] {logging_mixin.py:115} INFO - [2022-06-07 22:36:54,126] {dag.py:2379} INFO - Sync 1 DAGs
[2022-06-07 22:36:54,143] {logging_mixin.py:115} INFO - [2022-06-07 22:36:54,142] {dag.py:2927} INFO - Setting next_dagrun for example_trigger_controller_dag to 2021-01-01T00:00:00+00:00, run_after=2021-01-01T00:00:00+00:00
[2022-06-07 22:36:54,154] {processor.py:161} INFO - Processing /home/james/airflowa/lib/python3.8/site-packages/airflow/example_dags/example_trigger_controller_dag.py took 0.052 seconds
[2022-06-07 22:37:30,001] {processor.py:153} INFO - Started process (PID=64100) to work on /home/james/airflowa/lib/python3.8/site-packages/airflow/example_dags/example_trigger_controller_dag.py
[2022-06-07 22:37:30,001] {processor.py:641} INFO - Processing file /home/james/airflowa/lib/python3.8/site-packages/airflow/example_dags/example_trigger_controller_dag.py for tasks to queue
[2022-06-07 22:37:30,002] {logging_mixin.py:115} INFO - [2022-06-07 22:37:30,002] {dagbag.py:507} INFO - Filling up the DagBag from /home/james/airflowa/lib/python3.8/site-packages/airflow/example_dags/example_trigger_controller_dag.py
[2022-06-07 22:37:30,004] {processor.py:651} INFO - DAG(s) dict_keys(['example_trigger_controller_dag']) retrieved from /home/james/airflowa/lib/python3.8/site-packages/airflow/example_dags/example_trigger_controller_dag.py
[2022-06-07 22:37:30,018] {logging_mixin.py:115} INFO - [2022-06-07 22:37:30,018] {dag.py:2379} INFO - Sync 1 DAGs
[2022-06-07 22:37:30,033] {logging_mixin.py:115} INFO - [2022-06-07 22:37:30,033] {dag.py:2927} INFO - Setting next_dagrun for example_trigger_controller_dag to 2021-01-01T00:00:00+00:00, run_after=2021-01-01T00:00:00+00:00
[2022-06-07 22:37:30,045] {processor.py:161} INFO - Processing /home/james/airflowa/lib/python3.8/site-packages/airflow/example_dags/example_trigger_controller_dag.py took 0.048 seconds
[2022-06-07 22:38:01,529] {processor.py:153} INFO - Started process (PID=64302) to work on /home/james/airflowa/lib/python3.8/site-packages/airflow/example_dags/example_trigger_controller_dag.py
[2022-06-07 22:38:01,530] {processor.py:641} INFO - Processing file /home/james/airflowa/lib/python3.8/site-packages/airflow/example_dags/example_trigger_controller_dag.py for tasks to queue
[2022-06-07 22:38:01,530] {logging_mixin.py:115} INFO - [2022-06-07 22:38:01,530] {dagbag.py:507} INFO - Filling up the DagBag from /home/james/airflowa/lib/python3.8/site-packages/airflow/example_dags/example_trigger_controller_dag.py
[2022-06-07 22:38:01,533] {processor.py:651} INFO - DAG(s) dict_keys(['example_trigger_controller_dag']) retrieved from /home/james/airflowa/lib/python3.8/site-packages/airflow/example_dags/example_trigger_controller_dag.py
[2022-06-07 22:38:01,548] {logging_mixin.py:115} INFO - [2022-06-07 22:38:01,547] {dag.py:2379} INFO - Sync 1 DAGs
[2022-06-07 22:38:01,565] {logging_mixin.py:115} INFO - [2022-06-07 22:38:01,564] {dag.py:2927} INFO - Setting next_dagrun for example_trigger_controller_dag to 2021-01-01T00:00:00+00:00, run_after=2021-01-01T00:00:00+00:00
[2022-06-07 22:38:01,577] {processor.py:161} INFO - Processing /home/james/airflowa/lib/python3.8/site-packages/airflow/example_dags/example_trigger_controller_dag.py took 0.050 seconds
[2022-06-07 22:38:32,352] {processor.py:153} INFO - Started process (PID=64458) to work on /home/james/airflowa/lib/python3.8/site-packages/airflow/example_dags/example_trigger_controller_dag.py
[2022-06-07 22:38:32,353] {processor.py:641} INFO - Processing file /home/james/airflowa/lib/python3.8/site-packages/airflow/example_dags/example_trigger_controller_dag.py for tasks to queue
[2022-06-07 22:38:32,353] {logging_mixin.py:115} INFO - [2022-06-07 22:38:32,353] {dagbag.py:507} INFO - Filling up the DagBag from /home/james/airflowa/lib/python3.8/site-packages/airflow/example_dags/example_trigger_controller_dag.py
[2022-06-07 22:38:32,356] {processor.py:651} INFO - DAG(s) dict_keys(['example_trigger_controller_dag']) retrieved from /home/james/airflowa/lib/python3.8/site-packages/airflow/example_dags/example_trigger_controller_dag.py
[2022-06-07 22:38:32,369] {logging_mixin.py:115} INFO - [2022-06-07 22:38:32,369] {dag.py:2379} INFO - Sync 1 DAGs
[2022-06-07 22:38:32,385] {logging_mixin.py:115} INFO - [2022-06-07 22:38:32,385] {dag.py:2927} INFO - Setting next_dagrun for example_trigger_controller_dag to 2021-01-01T00:00:00+00:00, run_after=2021-01-01T00:00:00+00:00
[2022-06-07 22:38:32,395] {processor.py:161} INFO - Processing /home/james/airflowa/lib/python3.8/site-packages/airflow/example_dags/example_trigger_controller_dag.py took 0.045 seconds
[2022-06-07 22:39:08,477] {processor.py:153} INFO - Started process (PID=64642) to work on /home/james/airflowa/lib/python3.8/site-packages/airflow/example_dags/example_trigger_controller_dag.py
[2022-06-07 22:39:08,478] {processor.py:641} INFO - Processing file /home/james/airflowa/lib/python3.8/site-packages/airflow/example_dags/example_trigger_controller_dag.py for tasks to queue
[2022-06-07 22:39:08,479] {logging_mixin.py:115} INFO - [2022-06-07 22:39:08,479] {dagbag.py:507} INFO - Filling up the DagBag from /home/james/airflowa/lib/python3.8/site-packages/airflow/example_dags/example_trigger_controller_dag.py
[2022-06-07 22:39:08,481] {processor.py:651} INFO - DAG(s) dict_keys(['example_trigger_controller_dag']) retrieved from /home/james/airflowa/lib/python3.8/site-packages/airflow/example_dags/example_trigger_controller_dag.py
[2022-06-07 22:39:08,494] {logging_mixin.py:115} INFO - [2022-06-07 22:39:08,494] {dag.py:2379} INFO - Sync 1 DAGs
[2022-06-07 22:39:08,510] {logging_mixin.py:115} INFO - [2022-06-07 22:39:08,509] {dag.py:2927} INFO - Setting next_dagrun for example_trigger_controller_dag to 2021-01-01T00:00:00+00:00, run_after=2021-01-01T00:00:00+00:00
[2022-06-07 22:39:08,520] {processor.py:161} INFO - Processing /home/james/airflowa/lib/python3.8/site-packages/airflow/example_dags/example_trigger_controller_dag.py took 0.045 seconds
[2022-06-07 22:39:41,929] {processor.py:153} INFO - Started process (PID=65050) to work on /home/james/airflowa/lib/python3.8/site-packages/airflow/example_dags/example_trigger_controller_dag.py
[2022-06-07 22:39:41,929] {processor.py:641} INFO - Processing file /home/james/airflowa/lib/python3.8/site-packages/airflow/example_dags/example_trigger_controller_dag.py for tasks to queue
[2022-06-07 22:39:41,930] {logging_mixin.py:115} INFO - [2022-06-07 22:39:41,930] {dagbag.py:507} INFO - Filling up the DagBag from /home/james/airflowa/lib/python3.8/site-packages/airflow/example_dags/example_trigger_controller_dag.py
[2022-06-07 22:39:41,932] {processor.py:651} INFO - DAG(s) dict_keys(['example_trigger_controller_dag']) retrieved from /home/james/airflowa/lib/python3.8/site-packages/airflow/example_dags/example_trigger_controller_dag.py
[2022-06-07 22:39:41,946] {logging_mixin.py:115} INFO - [2022-06-07 22:39:41,946] {dag.py:2379} INFO - Sync 1 DAGs
[2022-06-07 22:39:41,961] {logging_mixin.py:115} INFO - [2022-06-07 22:39:41,961] {dag.py:2927} INFO - Setting next_dagrun for example_trigger_controller_dag to 2021-01-01T00:00:00+00:00, run_after=2021-01-01T00:00:00+00:00
[2022-06-07 22:39:41,973] {processor.py:161} INFO - Processing /home/james/airflowa/lib/python3.8/site-packages/airflow/example_dags/example_trigger_controller_dag.py took 0.046 seconds
[2022-06-07 22:40:19,967] {processor.py:153} INFO - Started process (PID=65659) to work on /home/james/airflowa/lib/python3.8/site-packages/airflow/example_dags/example_trigger_controller_dag.py
[2022-06-07 22:40:19,968] {processor.py:641} INFO - Processing file /home/james/airflowa/lib/python3.8/site-packages/airflow/example_dags/example_trigger_controller_dag.py for tasks to queue
[2022-06-07 22:40:19,969] {logging_mixin.py:115} INFO - [2022-06-07 22:40:19,969] {dagbag.py:507} INFO - Filling up the DagBag from /home/james/airflowa/lib/python3.8/site-packages/airflow/example_dags/example_trigger_controller_dag.py
[2022-06-07 22:40:19,971] {processor.py:651} INFO - DAG(s) dict_keys(['example_trigger_controller_dag']) retrieved from /home/james/airflowa/lib/python3.8/site-packages/airflow/example_dags/example_trigger_controller_dag.py
[2022-06-07 22:40:19,984] {logging_mixin.py:115} INFO - [2022-06-07 22:40:19,984] {dag.py:2379} INFO - Sync 1 DAGs
[2022-06-07 22:40:19,999] {logging_mixin.py:115} INFO - [2022-06-07 22:40:19,999] {dag.py:2927} INFO - Setting next_dagrun for example_trigger_controller_dag to 2021-01-01T00:00:00+00:00, run_after=2021-01-01T00:00:00+00:00
[2022-06-07 22:40:20,009] {processor.py:161} INFO - Processing /home/james/airflowa/lib/python3.8/site-packages/airflow/example_dags/example_trigger_controller_dag.py took 0.045 seconds
[2022-06-07 22:40:52,484] {processor.py:153} INFO - Started process (PID=65774) to work on /home/james/airflowa/lib/python3.8/site-packages/airflow/example_dags/example_trigger_controller_dag.py
[2022-06-07 22:40:52,485] {processor.py:641} INFO - Processing file /home/james/airflowa/lib/python3.8/site-packages/airflow/example_dags/example_trigger_controller_dag.py for tasks to queue
[2022-06-07 22:40:52,485] {logging_mixin.py:115} INFO - [2022-06-07 22:40:52,485] {dagbag.py:507} INFO - Filling up the DagBag from /home/james/airflowa/lib/python3.8/site-packages/airflow/example_dags/example_trigger_controller_dag.py
[2022-06-07 22:40:52,488] {processor.py:651} INFO - DAG(s) dict_keys(['example_trigger_controller_dag']) retrieved from /home/james/airflowa/lib/python3.8/site-packages/airflow/example_dags/example_trigger_controller_dag.py
[2022-06-07 22:40:52,501] {logging_mixin.py:115} INFO - [2022-06-07 22:40:52,501] {dag.py:2379} INFO - Sync 1 DAGs
[2022-06-07 22:40:52,515] {logging_mixin.py:115} INFO - [2022-06-07 22:40:52,515] {dag.py:2927} INFO - Setting next_dagrun for example_trigger_controller_dag to 2021-01-01T00:00:00+00:00, run_after=2021-01-01T00:00:00+00:00
[2022-06-07 22:40:52,526] {processor.py:161} INFO - Processing /home/james/airflowa/lib/python3.8/site-packages/airflow/example_dags/example_trigger_controller_dag.py took 0.045 seconds
[2022-06-07 22:41:31,018] {processor.py:153} INFO - Started process (PID=66006) to work on /home/james/airflowa/lib/python3.8/site-packages/airflow/example_dags/example_trigger_controller_dag.py
[2022-06-07 22:41:31,019] {processor.py:641} INFO - Processing file /home/james/airflowa/lib/python3.8/site-packages/airflow/example_dags/example_trigger_controller_dag.py for tasks to queue
[2022-06-07 22:41:31,020] {logging_mixin.py:115} INFO - [2022-06-07 22:41:31,020] {dagbag.py:507} INFO - Filling up the DagBag from /home/james/airflowa/lib/python3.8/site-packages/airflow/example_dags/example_trigger_controller_dag.py
[2022-06-07 22:41:31,025] {processor.py:651} INFO - DAG(s) dict_keys(['example_trigger_controller_dag']) retrieved from /home/james/airflowa/lib/python3.8/site-packages/airflow/example_dags/example_trigger_controller_dag.py
[2022-06-07 22:41:31,100] {logging_mixin.py:115} INFO - [2022-06-07 22:41:31,100] {dag.py:2379} INFO - Sync 1 DAGs
[2022-06-07 22:41:31,150] {logging_mixin.py:115} INFO - [2022-06-07 22:41:31,149] {dag.py:2927} INFO - Setting next_dagrun for example_trigger_controller_dag to 2021-01-01T00:00:00+00:00, run_after=2021-01-01T00:00:00+00:00
[2022-06-07 22:41:31,190] {processor.py:161} INFO - Processing /home/james/airflowa/lib/python3.8/site-packages/airflow/example_dags/example_trigger_controller_dag.py took 0.176 seconds
[2022-06-07 22:42:03,990] {processor.py:153} INFO - Started process (PID=66211) to work on /home/james/airflowa/lib/python3.8/site-packages/airflow/example_dags/example_trigger_controller_dag.py
[2022-06-07 22:42:03,990] {processor.py:641} INFO - Processing file /home/james/airflowa/lib/python3.8/site-packages/airflow/example_dags/example_trigger_controller_dag.py for tasks to queue
[2022-06-07 22:42:03,991] {logging_mixin.py:115} INFO - [2022-06-07 22:42:03,991] {dagbag.py:507} INFO - Filling up the DagBag from /home/james/airflowa/lib/python3.8/site-packages/airflow/example_dags/example_trigger_controller_dag.py
[2022-06-07 22:42:03,993] {processor.py:651} INFO - DAG(s) dict_keys(['example_trigger_controller_dag']) retrieved from /home/james/airflowa/lib/python3.8/site-packages/airflow/example_dags/example_trigger_controller_dag.py
[2022-06-07 22:42:04,006] {logging_mixin.py:115} INFO - [2022-06-07 22:42:04,006] {dag.py:2379} INFO - Sync 1 DAGs
[2022-06-07 22:42:04,021] {logging_mixin.py:115} INFO - [2022-06-07 22:42:04,021] {dag.py:2927} INFO - Setting next_dagrun for example_trigger_controller_dag to 2021-01-01T00:00:00+00:00, run_after=2021-01-01T00:00:00+00:00
[2022-06-07 22:42:04,031] {processor.py:161} INFO - Processing /home/james/airflowa/lib/python3.8/site-packages/airflow/example_dags/example_trigger_controller_dag.py took 0.044 seconds
