[2022-06-07 22:33:17,720] {processor.py:153} INFO - Started process (PID=62566) to work on /home/james/airflowa/lib/python3.8/site-packages/airflow/example_dags/example_branch_operator.py
[2022-06-07 22:33:17,721] {processor.py:641} INFO - Processing file /home/james/airflowa/lib/python3.8/site-packages/airflow/example_dags/example_branch_operator.py for tasks to queue
[2022-06-07 22:33:17,721] {logging_mixin.py:115} INFO - [2022-06-07 22:33:17,721] {dagbag.py:507} INFO - Filling up the DagBag from /home/james/airflowa/lib/python3.8/site-packages/airflow/example_dags/example_branch_operator.py
[2022-06-07 22:33:17,737] {processor.py:651} INFO - DAG(s) dict_keys(['example_branch_operator']) retrieved from /home/james/airflowa/lib/python3.8/site-packages/airflow/example_dags/example_branch_operator.py
[2022-06-07 22:33:17,763] {logging_mixin.py:115} INFO - [2022-06-07 22:33:17,763] {dag.py:2379} INFO - Sync 1 DAGs
[2022-06-07 22:33:17,791] {logging_mixin.py:115} INFO - [2022-06-07 22:33:17,791] {dag.py:2927} INFO - Setting next_dagrun for example_branch_operator to 2022-06-06T00:00:00+00:00, run_after=2022-06-07T00:00:00+00:00
[2022-06-07 22:33:17,808] {processor.py:161} INFO - Processing /home/james/airflowa/lib/python3.8/site-packages/airflow/example_dags/example_branch_operator.py took 0.092 seconds
[2022-06-07 22:34:03,411] {processor.py:153} INFO - Started process (PID=62803) to work on /home/james/airflowa/lib/python3.8/site-packages/airflow/example_dags/example_branch_operator.py
[2022-06-07 22:34:03,412] {processor.py:641} INFO - Processing file /home/james/airflowa/lib/python3.8/site-packages/airflow/example_dags/example_branch_operator.py for tasks to queue
[2022-06-07 22:34:03,413] {logging_mixin.py:115} INFO - [2022-06-07 22:34:03,413] {dagbag.py:507} INFO - Filling up the DagBag from /home/james/airflowa/lib/python3.8/site-packages/airflow/example_dags/example_branch_operator.py
[2022-06-07 22:34:03,427] {processor.py:651} INFO - DAG(s) dict_keys(['example_branch_operator']) retrieved from /home/james/airflowa/lib/python3.8/site-packages/airflow/example_dags/example_branch_operator.py
[2022-06-07 22:34:03,449] {logging_mixin.py:115} INFO - [2022-06-07 22:34:03,448] {dag.py:2379} INFO - Sync 1 DAGs
[2022-06-07 22:34:03,475] {logging_mixin.py:115} INFO - [2022-06-07 22:34:03,475] {dag.py:2927} INFO - Setting next_dagrun for example_branch_operator to 2022-06-06T00:00:00+00:00, run_after=2022-06-07T00:00:00+00:00
[2022-06-07 22:34:03,491] {processor.py:161} INFO - Processing /home/james/airflowa/lib/python3.8/site-packages/airflow/example_dags/example_branch_operator.py took 0.084 seconds
[2022-06-07 22:34:43,187] {processor.py:153} INFO - Started process (PID=63206) to work on /home/james/airflowa/lib/python3.8/site-packages/airflow/example_dags/example_branch_operator.py
[2022-06-07 22:34:43,189] {processor.py:641} INFO - Processing file /home/james/airflowa/lib/python3.8/site-packages/airflow/example_dags/example_branch_operator.py for tasks to queue
[2022-06-07 22:34:43,191] {logging_mixin.py:115} INFO - [2022-06-07 22:34:43,190] {dagbag.py:507} INFO - Filling up the DagBag from /home/james/airflowa/lib/python3.8/site-packages/airflow/example_dags/example_branch_operator.py
[2022-06-07 22:34:43,225] {processor.py:651} INFO - DAG(s) dict_keys(['example_branch_operator']) retrieved from /home/james/airflowa/lib/python3.8/site-packages/airflow/example_dags/example_branch_operator.py
[2022-06-07 22:34:43,304] {logging_mixin.py:115} INFO - [2022-06-07 22:34:43,303] {dag.py:2379} INFO - Sync 1 DAGs
[2022-06-07 22:34:43,385] {logging_mixin.py:115} INFO - [2022-06-07 22:34:43,385] {dag.py:2927} INFO - Setting next_dagrun for example_branch_operator to 2022-06-06T00:00:00+00:00, run_after=2022-06-07T00:00:00+00:00
[2022-06-07 22:34:43,438] {processor.py:161} INFO - Processing /home/james/airflowa/lib/python3.8/site-packages/airflow/example_dags/example_branch_operator.py took 0.255 seconds
[2022-06-07 22:35:26,217] {processor.py:153} INFO - Started process (PID=63434) to work on /home/james/airflowa/lib/python3.8/site-packages/airflow/example_dags/example_branch_operator.py
[2022-06-07 22:35:26,218] {processor.py:641} INFO - Processing file /home/james/airflowa/lib/python3.8/site-packages/airflow/example_dags/example_branch_operator.py for tasks to queue
[2022-06-07 22:35:26,218] {logging_mixin.py:115} INFO - [2022-06-07 22:35:26,218] {dagbag.py:507} INFO - Filling up the DagBag from /home/james/airflowa/lib/python3.8/site-packages/airflow/example_dags/example_branch_operator.py
[2022-06-07 22:35:26,227] {processor.py:651} INFO - DAG(s) dict_keys(['example_branch_operator']) retrieved from /home/james/airflowa/lib/python3.8/site-packages/airflow/example_dags/example_branch_operator.py
[2022-06-07 22:35:26,241] {logging_mixin.py:115} INFO - [2022-06-07 22:35:26,241] {dag.py:2379} INFO - Sync 1 DAGs
[2022-06-07 22:35:26,257] {logging_mixin.py:115} INFO - [2022-06-07 22:35:26,257] {dag.py:2927} INFO - Setting next_dagrun for example_branch_operator to 2022-06-06T00:00:00+00:00, run_after=2022-06-07T00:00:00+00:00
[2022-06-07 22:35:26,268] {processor.py:161} INFO - Processing /home/james/airflowa/lib/python3.8/site-packages/airflow/example_dags/example_branch_operator.py took 0.055 seconds
[2022-06-07 22:36:07,432] {processor.py:153} INFO - Started process (PID=63612) to work on /home/james/airflowa/lib/python3.8/site-packages/airflow/example_dags/example_branch_operator.py
[2022-06-07 22:36:07,432] {processor.py:641} INFO - Processing file /home/james/airflowa/lib/python3.8/site-packages/airflow/example_dags/example_branch_operator.py for tasks to queue
[2022-06-07 22:36:07,433] {logging_mixin.py:115} INFO - [2022-06-07 22:36:07,433] {dagbag.py:507} INFO - Filling up the DagBag from /home/james/airflowa/lib/python3.8/site-packages/airflow/example_dags/example_branch_operator.py
[2022-06-07 22:36:07,447] {processor.py:651} INFO - DAG(s) dict_keys(['example_branch_operator']) retrieved from /home/james/airflowa/lib/python3.8/site-packages/airflow/example_dags/example_branch_operator.py
[2022-06-07 22:36:07,478] {logging_mixin.py:115} INFO - [2022-06-07 22:36:07,478] {dag.py:2379} INFO - Sync 1 DAGs
[2022-06-07 22:36:07,518] {logging_mixin.py:115} INFO - [2022-06-07 22:36:07,518] {dag.py:2927} INFO - Setting next_dagrun for example_branch_operator to 2022-06-06T00:00:00+00:00, run_after=2022-06-07T00:00:00+00:00
[2022-06-07 22:36:07,536] {processor.py:161} INFO - Processing /home/james/airflowa/lib/python3.8/site-packages/airflow/example_dags/example_branch_operator.py took 0.109 seconds
[2022-06-07 22:36:49,539] {processor.py:153} INFO - Started process (PID=63780) to work on /home/james/airflowa/lib/python3.8/site-packages/airflow/example_dags/example_branch_operator.py
[2022-06-07 22:36:49,539] {processor.py:641} INFO - Processing file /home/james/airflowa/lib/python3.8/site-packages/airflow/example_dags/example_branch_operator.py for tasks to queue
[2022-06-07 22:36:49,540] {logging_mixin.py:115} INFO - [2022-06-07 22:36:49,540] {dagbag.py:507} INFO - Filling up the DagBag from /home/james/airflowa/lib/python3.8/site-packages/airflow/example_dags/example_branch_operator.py
[2022-06-07 22:36:49,553] {processor.py:651} INFO - DAG(s) dict_keys(['example_branch_operator']) retrieved from /home/james/airflowa/lib/python3.8/site-packages/airflow/example_dags/example_branch_operator.py
[2022-06-07 22:36:49,574] {logging_mixin.py:115} INFO - [2022-06-07 22:36:49,574] {dag.py:2379} INFO - Sync 1 DAGs
[2022-06-07 22:36:49,599] {logging_mixin.py:115} INFO - [2022-06-07 22:36:49,599] {dag.py:2927} INFO - Setting next_dagrun for example_branch_operator to 2022-06-06T00:00:00+00:00, run_after=2022-06-07T00:00:00+00:00
[2022-06-07 22:36:49,613] {processor.py:161} INFO - Processing /home/james/airflowa/lib/python3.8/site-packages/airflow/example_dags/example_branch_operator.py took 0.078 seconds
[2022-06-07 22:37:26,726] {processor.py:153} INFO - Started process (PID=64094) to work on /home/james/airflowa/lib/python3.8/site-packages/airflow/example_dags/example_branch_operator.py
[2022-06-07 22:37:26,726] {processor.py:641} INFO - Processing file /home/james/airflowa/lib/python3.8/site-packages/airflow/example_dags/example_branch_operator.py for tasks to queue
[2022-06-07 22:37:26,727] {logging_mixin.py:115} INFO - [2022-06-07 22:37:26,727] {dagbag.py:507} INFO - Filling up the DagBag from /home/james/airflowa/lib/python3.8/site-packages/airflow/example_dags/example_branch_operator.py
[2022-06-07 22:37:26,735] {processor.py:651} INFO - DAG(s) dict_keys(['example_branch_operator']) retrieved from /home/james/airflowa/lib/python3.8/site-packages/airflow/example_dags/example_branch_operator.py
[2022-06-07 22:37:26,749] {logging_mixin.py:115} INFO - [2022-06-07 22:37:26,748] {dag.py:2379} INFO - Sync 1 DAGs
[2022-06-07 22:37:26,765] {logging_mixin.py:115} INFO - [2022-06-07 22:37:26,765] {dag.py:2927} INFO - Setting next_dagrun for example_branch_operator to 2022-06-06T00:00:00+00:00, run_after=2022-06-07T00:00:00+00:00
[2022-06-07 22:37:26,775] {processor.py:161} INFO - Processing /home/james/airflowa/lib/python3.8/site-packages/airflow/example_dags/example_branch_operator.py took 0.052 seconds
[2022-06-07 22:38:06,679] {processor.py:153} INFO - Started process (PID=64347) to work on /home/james/airflowa/lib/python3.8/site-packages/airflow/example_dags/example_branch_operator.py
[2022-06-07 22:38:06,679] {processor.py:641} INFO - Processing file /home/james/airflowa/lib/python3.8/site-packages/airflow/example_dags/example_branch_operator.py for tasks to queue
[2022-06-07 22:38:06,680] {logging_mixin.py:115} INFO - [2022-06-07 22:38:06,680] {dagbag.py:507} INFO - Filling up the DagBag from /home/james/airflowa/lib/python3.8/site-packages/airflow/example_dags/example_branch_operator.py
[2022-06-07 22:38:06,688] {processor.py:651} INFO - DAG(s) dict_keys(['example_branch_operator']) retrieved from /home/james/airflowa/lib/python3.8/site-packages/airflow/example_dags/example_branch_operator.py
[2022-06-07 22:38:06,702] {logging_mixin.py:115} INFO - [2022-06-07 22:38:06,702] {dag.py:2379} INFO - Sync 1 DAGs
[2022-06-07 22:38:06,719] {logging_mixin.py:115} INFO - [2022-06-07 22:38:06,719] {dag.py:2927} INFO - Setting next_dagrun for example_branch_operator to 2022-06-06T00:00:00+00:00, run_after=2022-06-07T00:00:00+00:00
[2022-06-07 22:38:06,730] {processor.py:161} INFO - Processing /home/james/airflowa/lib/python3.8/site-packages/airflow/example_dags/example_branch_operator.py took 0.053 seconds
[2022-06-07 22:38:43,895] {processor.py:153} INFO - Started process (PID=64508) to work on /home/james/airflowa/lib/python3.8/site-packages/airflow/example_dags/example_branch_operator.py
[2022-06-07 22:38:43,896] {processor.py:641} INFO - Processing file /home/james/airflowa/lib/python3.8/site-packages/airflow/example_dags/example_branch_operator.py for tasks to queue
[2022-06-07 22:38:43,896] {logging_mixin.py:115} INFO - [2022-06-07 22:38:43,896] {dagbag.py:507} INFO - Filling up the DagBag from /home/james/airflowa/lib/python3.8/site-packages/airflow/example_dags/example_branch_operator.py
[2022-06-07 22:38:43,905] {processor.py:651} INFO - DAG(s) dict_keys(['example_branch_operator']) retrieved from /home/james/airflowa/lib/python3.8/site-packages/airflow/example_dags/example_branch_operator.py
[2022-06-07 22:38:43,918] {logging_mixin.py:115} INFO - [2022-06-07 22:38:43,918] {dag.py:2379} INFO - Sync 1 DAGs
[2022-06-07 22:38:43,934] {logging_mixin.py:115} INFO - [2022-06-07 22:38:43,934] {dag.py:2927} INFO - Setting next_dagrun for example_branch_operator to 2022-06-06T00:00:00+00:00, run_after=2022-06-07T00:00:00+00:00
[2022-06-07 22:38:43,944] {processor.py:161} INFO - Processing /home/james/airflowa/lib/python3.8/site-packages/airflow/example_dags/example_branch_operator.py took 0.052 seconds
[2022-06-07 22:39:22,784] {processor.py:153} INFO - Started process (PID=64765) to work on /home/james/airflowa/lib/python3.8/site-packages/airflow/example_dags/example_branch_operator.py
[2022-06-07 22:39:22,785] {processor.py:641} INFO - Processing file /home/james/airflowa/lib/python3.8/site-packages/airflow/example_dags/example_branch_operator.py for tasks to queue
[2022-06-07 22:39:22,785] {logging_mixin.py:115} INFO - [2022-06-07 22:39:22,785] {dagbag.py:507} INFO - Filling up the DagBag from /home/james/airflowa/lib/python3.8/site-packages/airflow/example_dags/example_branch_operator.py
[2022-06-07 22:39:22,796] {processor.py:651} INFO - DAG(s) dict_keys(['example_branch_operator']) retrieved from /home/james/airflowa/lib/python3.8/site-packages/airflow/example_dags/example_branch_operator.py
[2022-06-07 22:39:22,812] {logging_mixin.py:115} INFO - [2022-06-07 22:39:22,812] {dag.py:2379} INFO - Sync 1 DAGs
[2022-06-07 22:39:22,829] {logging_mixin.py:115} INFO - [2022-06-07 22:39:22,829] {dag.py:2927} INFO - Setting next_dagrun for example_branch_operator to 2022-06-06T00:00:00+00:00, run_after=2022-06-07T00:00:00+00:00
[2022-06-07 22:39:22,840] {processor.py:161} INFO - Processing /home/james/airflowa/lib/python3.8/site-packages/airflow/example_dags/example_branch_operator.py took 0.058 seconds
[2022-06-07 22:39:59,972] {processor.py:153} INFO - Started process (PID=65154) to work on /home/james/airflowa/lib/python3.8/site-packages/airflow/example_dags/example_branch_operator.py
[2022-06-07 22:39:59,972] {processor.py:641} INFO - Processing file /home/james/airflowa/lib/python3.8/site-packages/airflow/example_dags/example_branch_operator.py for tasks to queue
[2022-06-07 22:39:59,973] {logging_mixin.py:115} INFO - [2022-06-07 22:39:59,973] {dagbag.py:507} INFO - Filling up the DagBag from /home/james/airflowa/lib/python3.8/site-packages/airflow/example_dags/example_branch_operator.py
[2022-06-07 22:39:59,981] {processor.py:651} INFO - DAG(s) dict_keys(['example_branch_operator']) retrieved from /home/james/airflowa/lib/python3.8/site-packages/airflow/example_dags/example_branch_operator.py
[2022-06-07 22:39:59,998] {logging_mixin.py:115} INFO - [2022-06-07 22:39:59,998] {dag.py:2379} INFO - Sync 1 DAGs
[2022-06-07 22:40:00,016] {logging_mixin.py:115} INFO - [2022-06-07 22:40:00,016] {dag.py:2927} INFO - Setting next_dagrun for example_branch_operator to 2022-06-06T00:00:00+00:00, run_after=2022-06-07T00:00:00+00:00
[2022-06-07 22:40:00,027] {processor.py:161} INFO - Processing /home/james/airflowa/lib/python3.8/site-packages/airflow/example_dags/example_branch_operator.py took 0.058 seconds
[2022-06-07 22:40:41,149] {processor.py:153} INFO - Started process (PID=65737) to work on /home/james/airflowa/lib/python3.8/site-packages/airflow/example_dags/example_branch_operator.py
[2022-06-07 22:40:41,150] {processor.py:641} INFO - Processing file /home/james/airflowa/lib/python3.8/site-packages/airflow/example_dags/example_branch_operator.py for tasks to queue
[2022-06-07 22:40:41,150] {logging_mixin.py:115} INFO - [2022-06-07 22:40:41,150] {dagbag.py:507} INFO - Filling up the DagBag from /home/james/airflowa/lib/python3.8/site-packages/airflow/example_dags/example_branch_operator.py
[2022-06-07 22:40:41,159] {processor.py:651} INFO - DAG(s) dict_keys(['example_branch_operator']) retrieved from /home/james/airflowa/lib/python3.8/site-packages/airflow/example_dags/example_branch_operator.py
[2022-06-07 22:40:41,171] {logging_mixin.py:115} INFO - [2022-06-07 22:40:41,171] {dag.py:2379} INFO - Sync 1 DAGs
[2022-06-07 22:40:41,188] {logging_mixin.py:115} INFO - [2022-06-07 22:40:41,188] {dag.py:2927} INFO - Setting next_dagrun for example_branch_operator to 2022-06-06T00:00:00+00:00, run_after=2022-06-07T00:00:00+00:00
[2022-06-07 22:40:41,199] {processor.py:161} INFO - Processing /home/james/airflowa/lib/python3.8/site-packages/airflow/example_dags/example_branch_operator.py took 0.052 seconds
[2022-06-07 22:41:19,581] {processor.py:153} INFO - Started process (PID=65912) to work on /home/james/airflowa/lib/python3.8/site-packages/airflow/example_dags/example_branch_operator.py
[2022-06-07 22:41:19,581] {processor.py:641} INFO - Processing file /home/james/airflowa/lib/python3.8/site-packages/airflow/example_dags/example_branch_operator.py for tasks to queue
[2022-06-07 22:41:19,582] {logging_mixin.py:115} INFO - [2022-06-07 22:41:19,582] {dagbag.py:507} INFO - Filling up the DagBag from /home/james/airflowa/lib/python3.8/site-packages/airflow/example_dags/example_branch_operator.py
[2022-06-07 22:41:19,591] {processor.py:651} INFO - DAG(s) dict_keys(['example_branch_operator']) retrieved from /home/james/airflowa/lib/python3.8/site-packages/airflow/example_dags/example_branch_operator.py
[2022-06-07 22:41:19,607] {logging_mixin.py:115} INFO - [2022-06-07 22:41:19,606] {dag.py:2379} INFO - Sync 1 DAGs
[2022-06-07 22:41:19,625] {logging_mixin.py:115} INFO - [2022-06-07 22:41:19,625] {dag.py:2927} INFO - Setting next_dagrun for example_branch_operator to 2022-06-06T00:00:00+00:00, run_after=2022-06-07T00:00:00+00:00
[2022-06-07 22:41:19,637] {processor.py:161} INFO - Processing /home/james/airflowa/lib/python3.8/site-packages/airflow/example_dags/example_branch_operator.py took 0.059 seconds
[2022-06-07 22:42:02,093] {processor.py:153} INFO - Started process (PID=66208) to work on /home/james/airflowa/lib/python3.8/site-packages/airflow/example_dags/example_branch_operator.py
[2022-06-07 22:42:02,094] {processor.py:641} INFO - Processing file /home/james/airflowa/lib/python3.8/site-packages/airflow/example_dags/example_branch_operator.py for tasks to queue
[2022-06-07 22:42:02,094] {logging_mixin.py:115} INFO - [2022-06-07 22:42:02,094] {dagbag.py:507} INFO - Filling up the DagBag from /home/james/airflowa/lib/python3.8/site-packages/airflow/example_dags/example_branch_operator.py
[2022-06-07 22:42:02,103] {processor.py:651} INFO - DAG(s) dict_keys(['example_branch_operator']) retrieved from /home/james/airflowa/lib/python3.8/site-packages/airflow/example_dags/example_branch_operator.py
[2022-06-07 22:42:02,117] {logging_mixin.py:115} INFO - [2022-06-07 22:42:02,117] {dag.py:2379} INFO - Sync 1 DAGs
[2022-06-07 22:42:02,134] {logging_mixin.py:115} INFO - [2022-06-07 22:42:02,134] {dag.py:2927} INFO - Setting next_dagrun for example_branch_operator to 2022-06-06T00:00:00+00:00, run_after=2022-06-07T00:00:00+00:00
[2022-06-07 22:42:02,145] {processor.py:161} INFO - Processing /home/james/airflowa/lib/python3.8/site-packages/airflow/example_dags/example_branch_operator.py took 0.055 seconds
