[2022-06-07 22:32:53,737] {processor.py:153} INFO - Started process (PID=62393) to work on /home/james/airflowa/lib/python3.8/site-packages/airflow/example_dags/example_xcomargs.py
[2022-06-07 22:32:53,738] {processor.py:641} INFO - Processing file /home/james/airflowa/lib/python3.8/site-packages/airflow/example_dags/example_xcomargs.py for tasks to queue
[2022-06-07 22:32:53,739] {logging_mixin.py:115} INFO - [2022-06-07 22:32:53,739] {dagbag.py:507} INFO - Filling up the DagBag from /home/james/airflowa/lib/python3.8/site-packages/airflow/example_dags/example_xcomargs.py
[2022-06-07 22:32:53,781] {processor.py:651} INFO - DAG(s) dict_keys(['example_xcom_args', 'example_xcom_args_with_operators']) retrieved from /home/james/airflowa/lib/python3.8/site-packages/airflow/example_dags/example_xcomargs.py
[2022-06-07 22:32:53,892] {logging_mixin.py:115} INFO - [2022-06-07 22:32:53,892] {dag.py:2379} INFO - Sync 2 DAGs
[2022-06-07 22:32:53,926] {logging_mixin.py:115} INFO - [2022-06-07 22:32:53,926] {dag.py:2927} INFO - Setting next_dagrun for example_xcom_args to None, run_after=None
[2022-06-07 22:32:53,926] {logging_mixin.py:115} INFO - [2022-06-07 22:32:53,926] {dag.py:2927} INFO - Setting next_dagrun for example_xcom_args_with_operators to None, run_after=None
[2022-06-07 22:32:53,952] {processor.py:161} INFO - Processing /home/james/airflowa/lib/python3.8/site-packages/airflow/example_dags/example_xcomargs.py took 0.220 seconds
[2022-06-07 22:33:33,868] {processor.py:153} INFO - Started process (PID=62699) to work on /home/james/airflowa/lib/python3.8/site-packages/airflow/example_dags/example_xcomargs.py
[2022-06-07 22:33:33,877] {processor.py:641} INFO - Processing file /home/james/airflowa/lib/python3.8/site-packages/airflow/example_dags/example_xcomargs.py for tasks to queue
[2022-06-07 22:33:33,878] {logging_mixin.py:115} INFO - [2022-06-07 22:33:33,878] {dagbag.py:507} INFO - Filling up the DagBag from /home/james/airflowa/lib/python3.8/site-packages/airflow/example_dags/example_xcomargs.py
[2022-06-07 22:33:33,925] {processor.py:651} INFO - DAG(s) dict_keys(['example_xcom_args', 'example_xcom_args_with_operators']) retrieved from /home/james/airflowa/lib/python3.8/site-packages/airflow/example_dags/example_xcomargs.py
[2022-06-07 22:33:34,029] {logging_mixin.py:115} INFO - [2022-06-07 22:33:34,029] {dag.py:2379} INFO - Sync 2 DAGs
[2022-06-07 22:33:34,067] {logging_mixin.py:115} INFO - [2022-06-07 22:33:34,066] {dag.py:2927} INFO - Setting next_dagrun for example_xcom_args to None, run_after=None
[2022-06-07 22:33:34,067] {logging_mixin.py:115} INFO - [2022-06-07 22:33:34,067] {dag.py:2927} INFO - Setting next_dagrun for example_xcom_args_with_operators to None, run_after=None
[2022-06-07 22:33:34,093] {processor.py:161} INFO - Processing /home/james/airflowa/lib/python3.8/site-packages/airflow/example_dags/example_xcomargs.py took 0.237 seconds
[2022-06-07 22:34:12,447] {processor.py:153} INFO - Started process (PID=62855) to work on /home/james/airflowa/lib/python3.8/site-packages/airflow/example_dags/example_xcomargs.py
[2022-06-07 22:34:12,448] {processor.py:641} INFO - Processing file /home/james/airflowa/lib/python3.8/site-packages/airflow/example_dags/example_xcomargs.py for tasks to queue
[2022-06-07 22:34:12,449] {logging_mixin.py:115} INFO - [2022-06-07 22:34:12,449] {dagbag.py:507} INFO - Filling up the DagBag from /home/james/airflowa/lib/python3.8/site-packages/airflow/example_dags/example_xcomargs.py
[2022-06-07 22:34:12,479] {processor.py:651} INFO - DAG(s) dict_keys(['example_xcom_args', 'example_xcom_args_with_operators']) retrieved from /home/james/airflowa/lib/python3.8/site-packages/airflow/example_dags/example_xcomargs.py
[2022-06-07 22:34:12,589] {logging_mixin.py:115} INFO - [2022-06-07 22:34:12,588] {dag.py:2379} INFO - Sync 2 DAGs
[2022-06-07 22:34:12,632] {logging_mixin.py:115} INFO - [2022-06-07 22:34:12,632] {dag.py:2927} INFO - Setting next_dagrun for example_xcom_args to None, run_after=None
[2022-06-07 22:34:12,632] {logging_mixin.py:115} INFO - [2022-06-07 22:34:12,632] {dag.py:2927} INFO - Setting next_dagrun for example_xcom_args_with_operators to None, run_after=None
[2022-06-07 22:34:12,690] {processor.py:161} INFO - Processing /home/james/airflowa/lib/python3.8/site-packages/airflow/example_dags/example_xcomargs.py took 0.247 seconds
[2022-06-07 22:34:49,848] {processor.py:153} INFO - Started process (PID=63232) to work on /home/james/airflowa/lib/python3.8/site-packages/airflow/example_dags/example_xcomargs.py
[2022-06-07 22:34:49,849] {processor.py:641} INFO - Processing file /home/james/airflowa/lib/python3.8/site-packages/airflow/example_dags/example_xcomargs.py for tasks to queue
[2022-06-07 22:34:49,850] {logging_mixin.py:115} INFO - [2022-06-07 22:34:49,850] {dagbag.py:507} INFO - Filling up the DagBag from /home/james/airflowa/lib/python3.8/site-packages/airflow/example_dags/example_xcomargs.py
[2022-06-07 22:34:49,890] {processor.py:651} INFO - DAG(s) dict_keys(['example_xcom_args', 'example_xcom_args_with_operators']) retrieved from /home/james/airflowa/lib/python3.8/site-packages/airflow/example_dags/example_xcomargs.py
[2022-06-07 22:34:49,997] {logging_mixin.py:115} INFO - [2022-06-07 22:34:49,996] {dag.py:2379} INFO - Sync 2 DAGs
[2022-06-07 22:34:50,027] {logging_mixin.py:115} INFO - [2022-06-07 22:34:50,026] {dag.py:2927} INFO - Setting next_dagrun for example_xcom_args to None, run_after=None
[2022-06-07 22:34:50,027] {logging_mixin.py:115} INFO - [2022-06-07 22:34:50,027] {dag.py:2927} INFO - Setting next_dagrun for example_xcom_args_with_operators to None, run_after=None
[2022-06-07 22:34:50,046] {processor.py:161} INFO - Processing /home/james/airflowa/lib/python3.8/site-packages/airflow/example_dags/example_xcomargs.py took 0.202 seconds
[2022-06-07 22:35:25,624] {processor.py:153} INFO - Started process (PID=63433) to work on /home/james/airflowa/lib/python3.8/site-packages/airflow/example_dags/example_xcomargs.py
[2022-06-07 22:35:25,625] {processor.py:641} INFO - Processing file /home/james/airflowa/lib/python3.8/site-packages/airflow/example_dags/example_xcomargs.py for tasks to queue
[2022-06-07 22:35:25,625] {logging_mixin.py:115} INFO - [2022-06-07 22:35:25,625] {dagbag.py:507} INFO - Filling up the DagBag from /home/james/airflowa/lib/python3.8/site-packages/airflow/example_dags/example_xcomargs.py
[2022-06-07 22:35:25,641] {processor.py:651} INFO - DAG(s) dict_keys(['example_xcom_args', 'example_xcom_args_with_operators']) retrieved from /home/james/airflowa/lib/python3.8/site-packages/airflow/example_dags/example_xcomargs.py
[2022-06-07 22:35:25,656] {logging_mixin.py:115} INFO - [2022-06-07 22:35:25,655] {dag.py:2379} INFO - Sync 2 DAGs
[2022-06-07 22:35:25,670] {logging_mixin.py:115} INFO - [2022-06-07 22:35:25,670] {dag.py:2927} INFO - Setting next_dagrun for example_xcom_args to None, run_after=None
[2022-06-07 22:35:25,670] {logging_mixin.py:115} INFO - [2022-06-07 22:35:25,670] {dag.py:2927} INFO - Setting next_dagrun for example_xcom_args_with_operators to None, run_after=None
[2022-06-07 22:35:25,682] {processor.py:161} INFO - Processing /home/james/airflowa/lib/python3.8/site-packages/airflow/example_dags/example_xcomargs.py took 0.060 seconds
[2022-06-07 22:36:03,777] {processor.py:153} INFO - Started process (PID=63589) to work on /home/james/airflowa/lib/python3.8/site-packages/airflow/example_dags/example_xcomargs.py
[2022-06-07 22:36:03,778] {processor.py:641} INFO - Processing file /home/james/airflowa/lib/python3.8/site-packages/airflow/example_dags/example_xcomargs.py for tasks to queue
[2022-06-07 22:36:03,779] {logging_mixin.py:115} INFO - [2022-06-07 22:36:03,778] {dagbag.py:507} INFO - Filling up the DagBag from /home/james/airflowa/lib/python3.8/site-packages/airflow/example_dags/example_xcomargs.py
[2022-06-07 22:36:03,809] {processor.py:651} INFO - DAG(s) dict_keys(['example_xcom_args', 'example_xcom_args_with_operators']) retrieved from /home/james/airflowa/lib/python3.8/site-packages/airflow/example_dags/example_xcomargs.py
[2022-06-07 22:36:03,903] {logging_mixin.py:115} INFO - [2022-06-07 22:36:03,903] {dag.py:2379} INFO - Sync 2 DAGs
[2022-06-07 22:36:03,931] {logging_mixin.py:115} INFO - [2022-06-07 22:36:03,930] {dag.py:2927} INFO - Setting next_dagrun for example_xcom_args to None, run_after=None
[2022-06-07 22:36:03,931] {logging_mixin.py:115} INFO - [2022-06-07 22:36:03,931] {dag.py:2927} INFO - Setting next_dagrun for example_xcom_args_with_operators to None, run_after=None
[2022-06-07 22:36:03,950] {processor.py:161} INFO - Processing /home/james/airflowa/lib/python3.8/site-packages/airflow/example_dags/example_xcomargs.py took 0.176 seconds
[2022-06-07 22:36:40,387] {processor.py:153} INFO - Started process (PID=63744) to work on /home/james/airflowa/lib/python3.8/site-packages/airflow/example_dags/example_xcomargs.py
[2022-06-07 22:36:40,388] {processor.py:641} INFO - Processing file /home/james/airflowa/lib/python3.8/site-packages/airflow/example_dags/example_xcomargs.py for tasks to queue
[2022-06-07 22:36:40,388] {logging_mixin.py:115} INFO - [2022-06-07 22:36:40,388] {dagbag.py:507} INFO - Filling up the DagBag from /home/james/airflowa/lib/python3.8/site-packages/airflow/example_dags/example_xcomargs.py
[2022-06-07 22:36:40,413] {processor.py:651} INFO - DAG(s) dict_keys(['example_xcom_args', 'example_xcom_args_with_operators']) retrieved from /home/james/airflowa/lib/python3.8/site-packages/airflow/example_dags/example_xcomargs.py
[2022-06-07 22:36:40,475] {logging_mixin.py:115} INFO - [2022-06-07 22:36:40,475] {dag.py:2379} INFO - Sync 2 DAGs
[2022-06-07 22:36:40,501] {logging_mixin.py:115} INFO - [2022-06-07 22:36:40,500] {dag.py:2927} INFO - Setting next_dagrun for example_xcom_args to None, run_after=None
[2022-06-07 22:36:40,501] {logging_mixin.py:115} INFO - [2022-06-07 22:36:40,501] {dag.py:2927} INFO - Setting next_dagrun for example_xcom_args_with_operators to None, run_after=None
[2022-06-07 22:36:40,518] {processor.py:161} INFO - Processing /home/james/airflowa/lib/python3.8/site-packages/airflow/example_dags/example_xcomargs.py took 0.134 seconds
[2022-06-07 22:37:17,566] {processor.py:153} INFO - Started process (PID=64004) to work on /home/james/airflowa/lib/python3.8/site-packages/airflow/example_dags/example_xcomargs.py
[2022-06-07 22:37:17,566] {processor.py:641} INFO - Processing file /home/james/airflowa/lib/python3.8/site-packages/airflow/example_dags/example_xcomargs.py for tasks to queue
[2022-06-07 22:37:17,567] {logging_mixin.py:115} INFO - [2022-06-07 22:37:17,567] {dagbag.py:507} INFO - Filling up the DagBag from /home/james/airflowa/lib/python3.8/site-packages/airflow/example_dags/example_xcomargs.py
[2022-06-07 22:37:17,584] {processor.py:651} INFO - DAG(s) dict_keys(['example_xcom_args', 'example_xcom_args_with_operators']) retrieved from /home/james/airflowa/lib/python3.8/site-packages/airflow/example_dags/example_xcomargs.py
[2022-06-07 22:37:17,622] {logging_mixin.py:115} INFO - [2022-06-07 22:37:17,622] {dag.py:2379} INFO - Sync 2 DAGs
[2022-06-07 22:37:17,637] {logging_mixin.py:115} INFO - [2022-06-07 22:37:17,637] {dag.py:2927} INFO - Setting next_dagrun for example_xcom_args to None, run_after=None
[2022-06-07 22:37:17,637] {logging_mixin.py:115} INFO - [2022-06-07 22:37:17,637] {dag.py:2927} INFO - Setting next_dagrun for example_xcom_args_with_operators to None, run_after=None
[2022-06-07 22:37:17,649] {processor.py:161} INFO - Processing /home/james/airflowa/lib/python3.8/site-packages/airflow/example_dags/example_xcomargs.py took 0.086 seconds
[2022-06-07 22:37:56,041] {processor.py:153} INFO - Started process (PID=64293) to work on /home/james/airflowa/lib/python3.8/site-packages/airflow/example_dags/example_xcomargs.py
[2022-06-07 22:37:56,041] {processor.py:641} INFO - Processing file /home/james/airflowa/lib/python3.8/site-packages/airflow/example_dags/example_xcomargs.py for tasks to queue
[2022-06-07 22:37:56,042] {logging_mixin.py:115} INFO - [2022-06-07 22:37:56,042] {dagbag.py:507} INFO - Filling up the DagBag from /home/james/airflowa/lib/python3.8/site-packages/airflow/example_dags/example_xcomargs.py
[2022-06-07 22:37:56,058] {processor.py:651} INFO - DAG(s) dict_keys(['example_xcom_args', 'example_xcom_args_with_operators']) retrieved from /home/james/airflowa/lib/python3.8/site-packages/airflow/example_dags/example_xcomargs.py
[2022-06-07 22:37:56,101] {logging_mixin.py:115} INFO - [2022-06-07 22:37:56,101] {dag.py:2379} INFO - Sync 2 DAGs
[2022-06-07 22:37:56,117] {logging_mixin.py:115} INFO - [2022-06-07 22:37:56,117] {dag.py:2927} INFO - Setting next_dagrun for example_xcom_args to None, run_after=None
[2022-06-07 22:37:56,117] {logging_mixin.py:115} INFO - [2022-06-07 22:37:56,117] {dag.py:2927} INFO - Setting next_dagrun for example_xcom_args_with_operators to None, run_after=None
[2022-06-07 22:37:56,130] {processor.py:161} INFO - Processing /home/james/airflowa/lib/python3.8/site-packages/airflow/example_dags/example_xcomargs.py took 0.093 seconds
[2022-06-07 22:38:34,086] {processor.py:153} INFO - Started process (PID=64462) to work on /home/james/airflowa/lib/python3.8/site-packages/airflow/example_dags/example_xcomargs.py
[2022-06-07 22:38:34,087] {processor.py:641} INFO - Processing file /home/james/airflowa/lib/python3.8/site-packages/airflow/example_dags/example_xcomargs.py for tasks to queue
[2022-06-07 22:38:34,087] {logging_mixin.py:115} INFO - [2022-06-07 22:38:34,087] {dagbag.py:507} INFO - Filling up the DagBag from /home/james/airflowa/lib/python3.8/site-packages/airflow/example_dags/example_xcomargs.py
[2022-06-07 22:38:34,105] {processor.py:651} INFO - DAG(s) dict_keys(['example_xcom_args', 'example_xcom_args_with_operators']) retrieved from /home/james/airflowa/lib/python3.8/site-packages/airflow/example_dags/example_xcomargs.py
[2022-06-07 22:38:34,119] {logging_mixin.py:115} INFO - [2022-06-07 22:38:34,119] {dag.py:2379} INFO - Sync 2 DAGs
[2022-06-07 22:38:34,133] {logging_mixin.py:115} INFO - [2022-06-07 22:38:34,133] {dag.py:2927} INFO - Setting next_dagrun for example_xcom_args to None, run_after=None
[2022-06-07 22:38:34,134] {logging_mixin.py:115} INFO - [2022-06-07 22:38:34,134] {dag.py:2927} INFO - Setting next_dagrun for example_xcom_args_with_operators to None, run_after=None
[2022-06-07 22:38:34,148] {processor.py:161} INFO - Processing /home/james/airflowa/lib/python3.8/site-packages/airflow/example_dags/example_xcomargs.py took 0.064 seconds
[2022-06-07 22:39:10,761] {processor.py:153} INFO - Started process (PID=64645) to work on /home/james/airflowa/lib/python3.8/site-packages/airflow/example_dags/example_xcomargs.py
[2022-06-07 22:39:10,762] {processor.py:641} INFO - Processing file /home/james/airflowa/lib/python3.8/site-packages/airflow/example_dags/example_xcomargs.py for tasks to queue
[2022-06-07 22:39:10,762] {logging_mixin.py:115} INFO - [2022-06-07 22:39:10,762] {dagbag.py:507} INFO - Filling up the DagBag from /home/james/airflowa/lib/python3.8/site-packages/airflow/example_dags/example_xcomargs.py
[2022-06-07 22:39:10,778] {processor.py:651} INFO - DAG(s) dict_keys(['example_xcom_args', 'example_xcom_args_with_operators']) retrieved from /home/james/airflowa/lib/python3.8/site-packages/airflow/example_dags/example_xcomargs.py
[2022-06-07 22:39:10,792] {logging_mixin.py:115} INFO - [2022-06-07 22:39:10,792] {dag.py:2379} INFO - Sync 2 DAGs
[2022-06-07 22:39:10,806] {logging_mixin.py:115} INFO - [2022-06-07 22:39:10,806] {dag.py:2927} INFO - Setting next_dagrun for example_xcom_args to None, run_after=None
[2022-06-07 22:39:10,807] {logging_mixin.py:115} INFO - [2022-06-07 22:39:10,807] {dag.py:2927} INFO - Setting next_dagrun for example_xcom_args_with_operators to None, run_after=None
[2022-06-07 22:39:10,818] {processor.py:161} INFO - Processing /home/james/airflowa/lib/python3.8/site-packages/airflow/example_dags/example_xcomargs.py took 0.061 seconds
[2022-06-07 22:39:44,210] {processor.py:153} INFO - Started process (PID=65054) to work on /home/james/airflowa/lib/python3.8/site-packages/airflow/example_dags/example_xcomargs.py
[2022-06-07 22:39:44,210] {processor.py:641} INFO - Processing file /home/james/airflowa/lib/python3.8/site-packages/airflow/example_dags/example_xcomargs.py for tasks to queue
[2022-06-07 22:39:44,211] {logging_mixin.py:115} INFO - [2022-06-07 22:39:44,210] {dagbag.py:507} INFO - Filling up the DagBag from /home/james/airflowa/lib/python3.8/site-packages/airflow/example_dags/example_xcomargs.py
[2022-06-07 22:39:44,227] {processor.py:651} INFO - DAG(s) dict_keys(['example_xcom_args', 'example_xcom_args_with_operators']) retrieved from /home/james/airflowa/lib/python3.8/site-packages/airflow/example_dags/example_xcomargs.py
[2022-06-07 22:39:44,242] {logging_mixin.py:115} INFO - [2022-06-07 22:39:44,242] {dag.py:2379} INFO - Sync 2 DAGs
[2022-06-07 22:39:44,256] {logging_mixin.py:115} INFO - [2022-06-07 22:39:44,256] {dag.py:2927} INFO - Setting next_dagrun for example_xcom_args to None, run_after=None
[2022-06-07 22:39:44,256] {logging_mixin.py:115} INFO - [2022-06-07 22:39:44,256] {dag.py:2927} INFO - Setting next_dagrun for example_xcom_args_with_operators to None, run_after=None
[2022-06-07 22:39:44,267] {processor.py:161} INFO - Processing /home/james/airflowa/lib/python3.8/site-packages/airflow/example_dags/example_xcomargs.py took 0.060 seconds
[2022-06-07 22:40:21,708] {processor.py:153} INFO - Started process (PID=65663) to work on /home/james/airflowa/lib/python3.8/site-packages/airflow/example_dags/example_xcomargs.py
[2022-06-07 22:40:21,709] {processor.py:641} INFO - Processing file /home/james/airflowa/lib/python3.8/site-packages/airflow/example_dags/example_xcomargs.py for tasks to queue
[2022-06-07 22:40:21,709] {logging_mixin.py:115} INFO - [2022-06-07 22:40:21,709] {dagbag.py:507} INFO - Filling up the DagBag from /home/james/airflowa/lib/python3.8/site-packages/airflow/example_dags/example_xcomargs.py
[2022-06-07 22:40:21,728] {processor.py:651} INFO - DAG(s) dict_keys(['example_xcom_args', 'example_xcom_args_with_operators']) retrieved from /home/james/airflowa/lib/python3.8/site-packages/airflow/example_dags/example_xcomargs.py
[2022-06-07 22:40:21,765] {logging_mixin.py:115} INFO - [2022-06-07 22:40:21,765] {dag.py:2379} INFO - Sync 2 DAGs
[2022-06-07 22:40:21,785] {logging_mixin.py:115} INFO - [2022-06-07 22:40:21,785] {dag.py:2927} INFO - Setting next_dagrun for example_xcom_args to None, run_after=None
[2022-06-07 22:40:21,785] {logging_mixin.py:115} INFO - [2022-06-07 22:40:21,785] {dag.py:2927} INFO - Setting next_dagrun for example_xcom_args_with_operators to None, run_after=None
[2022-06-07 22:40:21,797] {processor.py:161} INFO - Processing /home/james/airflowa/lib/python3.8/site-packages/airflow/example_dags/example_xcomargs.py took 0.091 seconds
[2022-06-07 22:41:00,046] {processor.py:153} INFO - Started process (PID=65821) to work on /home/james/airflowa/lib/python3.8/site-packages/airflow/example_dags/example_xcomargs.py
[2022-06-07 22:41:00,047] {processor.py:641} INFO - Processing file /home/james/airflowa/lib/python3.8/site-packages/airflow/example_dags/example_xcomargs.py for tasks to queue
[2022-06-07 22:41:00,047] {logging_mixin.py:115} INFO - [2022-06-07 22:41:00,047] {dagbag.py:507} INFO - Filling up the DagBag from /home/james/airflowa/lib/python3.8/site-packages/airflow/example_dags/example_xcomargs.py
[2022-06-07 22:41:00,102] {processor.py:651} INFO - DAG(s) dict_keys(['example_xcom_args', 'example_xcom_args_with_operators']) retrieved from /home/james/airflowa/lib/python3.8/site-packages/airflow/example_dags/example_xcomargs.py
[2022-06-07 22:41:00,184] {logging_mixin.py:115} INFO - [2022-06-07 22:41:00,184] {dag.py:2379} INFO - Sync 2 DAGs
[2022-06-07 22:41:00,215] {logging_mixin.py:115} INFO - [2022-06-07 22:41:00,215] {dag.py:2927} INFO - Setting next_dagrun for example_xcom_args to None, run_after=None
[2022-06-07 22:41:00,216] {logging_mixin.py:115} INFO - [2022-06-07 22:41:00,216] {dag.py:2927} INFO - Setting next_dagrun for example_xcom_args_with_operators to None, run_after=None
[2022-06-07 22:41:00,247] {processor.py:161} INFO - Processing /home/james/airflowa/lib/python3.8/site-packages/airflow/example_dags/example_xcomargs.py took 0.205 seconds
[2022-06-07 22:41:39,139] {processor.py:153} INFO - Started process (PID=66060) to work on /home/james/airflowa/lib/python3.8/site-packages/airflow/example_dags/example_xcomargs.py
[2022-06-07 22:41:39,139] {processor.py:641} INFO - Processing file /home/james/airflowa/lib/python3.8/site-packages/airflow/example_dags/example_xcomargs.py for tasks to queue
[2022-06-07 22:41:39,140] {logging_mixin.py:115} INFO - [2022-06-07 22:41:39,140] {dagbag.py:507} INFO - Filling up the DagBag from /home/james/airflowa/lib/python3.8/site-packages/airflow/example_dags/example_xcomargs.py
[2022-06-07 22:41:39,162] {processor.py:651} INFO - DAG(s) dict_keys(['example_xcom_args', 'example_xcom_args_with_operators']) retrieved from /home/james/airflowa/lib/python3.8/site-packages/airflow/example_dags/example_xcomargs.py
[2022-06-07 22:41:39,210] {logging_mixin.py:115} INFO - [2022-06-07 22:41:39,210] {dag.py:2379} INFO - Sync 2 DAGs
[2022-06-07 22:41:39,229] {logging_mixin.py:115} INFO - [2022-06-07 22:41:39,229] {dag.py:2927} INFO - Setting next_dagrun for example_xcom_args to None, run_after=None
[2022-06-07 22:41:39,229] {logging_mixin.py:115} INFO - [2022-06-07 22:41:39,229] {dag.py:2927} INFO - Setting next_dagrun for example_xcom_args_with_operators to None, run_after=None
[2022-06-07 22:41:39,242] {processor.py:161} INFO - Processing /home/james/airflowa/lib/python3.8/site-packages/airflow/example_dags/example_xcomargs.py took 0.106 seconds
[2022-06-07 22:42:13,665] {processor.py:153} INFO - Started process (PID=66247) to work on /home/james/airflowa/lib/python3.8/site-packages/airflow/example_dags/example_xcomargs.py
[2022-06-07 22:42:13,666] {processor.py:641} INFO - Processing file /home/james/airflowa/lib/python3.8/site-packages/airflow/example_dags/example_xcomargs.py for tasks to queue
[2022-06-07 22:42:13,666] {logging_mixin.py:115} INFO - [2022-06-07 22:42:13,666] {dagbag.py:507} INFO - Filling up the DagBag from /home/james/airflowa/lib/python3.8/site-packages/airflow/example_dags/example_xcomargs.py
[2022-06-07 22:42:13,683] {processor.py:651} INFO - DAG(s) dict_keys(['example_xcom_args', 'example_xcom_args_with_operators']) retrieved from /home/james/airflowa/lib/python3.8/site-packages/airflow/example_dags/example_xcomargs.py
[2022-06-07 22:42:13,698] {logging_mixin.py:115} INFO - [2022-06-07 22:42:13,698] {dag.py:2379} INFO - Sync 2 DAGs
[2022-06-07 22:42:13,713] {logging_mixin.py:115} INFO - [2022-06-07 22:42:13,713] {dag.py:2927} INFO - Setting next_dagrun for example_xcom_args to None, run_after=None
[2022-06-07 22:42:13,713] {logging_mixin.py:115} INFO - [2022-06-07 22:42:13,713] {dag.py:2927} INFO - Setting next_dagrun for example_xcom_args_with_operators to None, run_after=None
[2022-06-07 22:42:13,724] {processor.py:161} INFO - Processing /home/james/airflowa/lib/python3.8/site-packages/airflow/example_dags/example_xcomargs.py took 0.062 seconds
