[2022-06-07 22:33:10,715] {processor.py:153} INFO - Started process (PID=62542) to work on /home/james/airflowa/lib/python3.8/site-packages/airflow/example_dags/example_latest_only.py
[2022-06-07 22:33:10,716] {processor.py:641} INFO - Processing file /home/james/airflowa/lib/python3.8/site-packages/airflow/example_dags/example_latest_only.py for tasks to queue
[2022-06-07 22:33:10,717] {logging_mixin.py:115} INFO - [2022-06-07 22:33:10,717] {dagbag.py:507} INFO - Filling up the DagBag from /home/james/airflowa/lib/python3.8/site-packages/airflow/example_dags/example_latest_only.py
[2022-06-07 22:33:10,724] {processor.py:651} INFO - DAG(s) dict_keys(['latest_only']) retrieved from /home/james/airflowa/lib/python3.8/site-packages/airflow/example_dags/example_latest_only.py
[2022-06-07 22:33:10,748] {logging_mixin.py:115} INFO - [2022-06-07 22:33:10,748] {dag.py:2379} INFO - Sync 1 DAGs
[2022-06-07 22:33:10,775] {logging_mixin.py:115} INFO - [2022-06-07 22:33:10,775] {dag.py:2927} INFO - Setting next_dagrun for latest_only to 2022-06-07T15:33:10.775267+00:00, run_after=2022-06-07T19:33:10.775267+00:00
[2022-06-07 22:33:10,798] {processor.py:161} INFO - Processing /home/james/airflowa/lib/python3.8/site-packages/airflow/example_dags/example_latest_only.py took 0.088 seconds
[2022-06-07 22:33:52,841] {processor.py:153} INFO - Started process (PID=62767) to work on /home/james/airflowa/lib/python3.8/site-packages/airflow/example_dags/example_latest_only.py
[2022-06-07 22:33:52,842] {processor.py:641} INFO - Processing file /home/james/airflowa/lib/python3.8/site-packages/airflow/example_dags/example_latest_only.py for tasks to queue
[2022-06-07 22:33:52,843] {logging_mixin.py:115} INFO - [2022-06-07 22:33:52,842] {dagbag.py:507} INFO - Filling up the DagBag from /home/james/airflowa/lib/python3.8/site-packages/airflow/example_dags/example_latest_only.py
[2022-06-07 22:33:52,850] {processor.py:651} INFO - DAG(s) dict_keys(['latest_only']) retrieved from /home/james/airflowa/lib/python3.8/site-packages/airflow/example_dags/example_latest_only.py
[2022-06-07 22:33:52,874] {logging_mixin.py:115} INFO - [2022-06-07 22:33:52,874] {dag.py:2379} INFO - Sync 1 DAGs
[2022-06-07 22:33:52,898] {logging_mixin.py:115} INFO - [2022-06-07 22:33:52,898] {dag.py:2927} INFO - Setting next_dagrun for latest_only to 2022-06-07T15:33:52.898317+00:00, run_after=2022-06-07T19:33:52.898317+00:00
[2022-06-07 22:33:52,914] {processor.py:161} INFO - Processing /home/james/airflowa/lib/python3.8/site-packages/airflow/example_dags/example_latest_only.py took 0.076 seconds
[2022-06-07 22:34:31,318] {processor.py:153} INFO - Started process (PID=63145) to work on /home/james/airflowa/lib/python3.8/site-packages/airflow/example_dags/example_latest_only.py
[2022-06-07 22:34:31,319] {processor.py:641} INFO - Processing file /home/james/airflowa/lib/python3.8/site-packages/airflow/example_dags/example_latest_only.py for tasks to queue
[2022-06-07 22:34:31,319] {logging_mixin.py:115} INFO - [2022-06-07 22:34:31,319] {dagbag.py:507} INFO - Filling up the DagBag from /home/james/airflowa/lib/python3.8/site-packages/airflow/example_dags/example_latest_only.py
[2022-06-07 22:34:31,325] {processor.py:651} INFO - DAG(s) dict_keys(['latest_only']) retrieved from /home/james/airflowa/lib/python3.8/site-packages/airflow/example_dags/example_latest_only.py
[2022-06-07 22:34:31,343] {logging_mixin.py:115} INFO - [2022-06-07 22:34:31,343] {dag.py:2379} INFO - Sync 1 DAGs
[2022-06-07 22:34:31,362] {logging_mixin.py:115} INFO - [2022-06-07 22:34:31,362] {dag.py:2927} INFO - Setting next_dagrun for latest_only to 2022-06-07T15:34:31.362247+00:00, run_after=2022-06-07T19:34:31.362247+00:00
[2022-06-07 22:34:31,375] {processor.py:161} INFO - Processing /home/james/airflowa/lib/python3.8/site-packages/airflow/example_dags/example_latest_only.py took 0.060 seconds
[2022-06-07 22:35:10,082] {processor.py:153} INFO - Started process (PID=63321) to work on /home/james/airflowa/lib/python3.8/site-packages/airflow/example_dags/example_latest_only.py
[2022-06-07 22:35:10,083] {processor.py:641} INFO - Processing file /home/james/airflowa/lib/python3.8/site-packages/airflow/example_dags/example_latest_only.py for tasks to queue
[2022-06-07 22:35:10,083] {logging_mixin.py:115} INFO - [2022-06-07 22:35:10,083] {dagbag.py:507} INFO - Filling up the DagBag from /home/james/airflowa/lib/python3.8/site-packages/airflow/example_dags/example_latest_only.py
[2022-06-07 22:35:10,088] {processor.py:651} INFO - DAG(s) dict_keys(['latest_only']) retrieved from /home/james/airflowa/lib/python3.8/site-packages/airflow/example_dags/example_latest_only.py
[2022-06-07 22:35:10,101] {logging_mixin.py:115} INFO - [2022-06-07 22:35:10,101] {dag.py:2379} INFO - Sync 1 DAGs
[2022-06-07 22:35:10,117] {logging_mixin.py:115} INFO - [2022-06-07 22:35:10,117] {dag.py:2927} INFO - Setting next_dagrun for latest_only to 2022-06-07T15:35:10.117147+00:00, run_after=2022-06-07T19:35:10.117147+00:00
[2022-06-07 22:35:10,128] {processor.py:161} INFO - Processing /home/james/airflowa/lib/python3.8/site-packages/airflow/example_dags/example_latest_only.py took 0.050 seconds
[2022-06-07 22:35:50,761] {processor.py:153} INFO - Started process (PID=63521) to work on /home/james/airflowa/lib/python3.8/site-packages/airflow/example_dags/example_latest_only.py
[2022-06-07 22:35:50,761] {processor.py:641} INFO - Processing file /home/james/airflowa/lib/python3.8/site-packages/airflow/example_dags/example_latest_only.py for tasks to queue
[2022-06-07 22:35:50,762] {logging_mixin.py:115} INFO - [2022-06-07 22:35:50,762] {dagbag.py:507} INFO - Filling up the DagBag from /home/james/airflowa/lib/python3.8/site-packages/airflow/example_dags/example_latest_only.py
[2022-06-07 22:35:50,769] {processor.py:651} INFO - DAG(s) dict_keys(['latest_only']) retrieved from /home/james/airflowa/lib/python3.8/site-packages/airflow/example_dags/example_latest_only.py
[2022-06-07 22:35:50,789] {logging_mixin.py:115} INFO - [2022-06-07 22:35:50,789] {dag.py:2379} INFO - Sync 1 DAGs
[2022-06-07 22:35:50,815] {logging_mixin.py:115} INFO - [2022-06-07 22:35:50,815] {dag.py:2927} INFO - Setting next_dagrun for latest_only to 2022-06-07T15:35:50.815339+00:00, run_after=2022-06-07T19:35:50.815339+00:00
[2022-06-07 22:35:50,832] {processor.py:161} INFO - Processing /home/james/airflowa/lib/python3.8/site-packages/airflow/example_dags/example_latest_only.py took 0.074 seconds
[2022-06-07 22:36:32,625] {processor.py:153} INFO - Started process (PID=63712) to work on /home/james/airflowa/lib/python3.8/site-packages/airflow/example_dags/example_latest_only.py
[2022-06-07 22:36:32,626] {processor.py:641} INFO - Processing file /home/james/airflowa/lib/python3.8/site-packages/airflow/example_dags/example_latest_only.py for tasks to queue
[2022-06-07 22:36:32,626] {logging_mixin.py:115} INFO - [2022-06-07 22:36:32,626] {dagbag.py:507} INFO - Filling up the DagBag from /home/james/airflowa/lib/python3.8/site-packages/airflow/example_dags/example_latest_only.py
[2022-06-07 22:36:32,633] {processor.py:651} INFO - DAG(s) dict_keys(['latest_only']) retrieved from /home/james/airflowa/lib/python3.8/site-packages/airflow/example_dags/example_latest_only.py
[2022-06-07 22:36:32,653] {logging_mixin.py:115} INFO - [2022-06-07 22:36:32,652] {dag.py:2379} INFO - Sync 1 DAGs
[2022-06-07 22:36:32,677] {logging_mixin.py:115} INFO - [2022-06-07 22:36:32,677] {dag.py:2927} INFO - Setting next_dagrun for latest_only to 2022-06-07T15:36:32.676980+00:00, run_after=2022-06-07T19:36:32.676980+00:00
[2022-06-07 22:36:32,693] {processor.py:161} INFO - Processing /home/james/airflowa/lib/python3.8/site-packages/airflow/example_dags/example_latest_only.py took 0.072 seconds
[2022-06-07 22:37:09,719] {processor.py:153} INFO - Started process (PID=63917) to work on /home/james/airflowa/lib/python3.8/site-packages/airflow/example_dags/example_latest_only.py
[2022-06-07 22:37:09,719] {processor.py:641} INFO - Processing file /home/james/airflowa/lib/python3.8/site-packages/airflow/example_dags/example_latest_only.py for tasks to queue
[2022-06-07 22:37:09,720] {logging_mixin.py:115} INFO - [2022-06-07 22:37:09,719] {dagbag.py:507} INFO - Filling up the DagBag from /home/james/airflowa/lib/python3.8/site-packages/airflow/example_dags/example_latest_only.py
[2022-06-07 22:37:09,724] {processor.py:651} INFO - DAG(s) dict_keys(['latest_only']) retrieved from /home/james/airflowa/lib/python3.8/site-packages/airflow/example_dags/example_latest_only.py
[2022-06-07 22:37:09,737] {logging_mixin.py:115} INFO - [2022-06-07 22:37:09,737] {dag.py:2379} INFO - Sync 1 DAGs
[2022-06-07 22:37:09,752] {logging_mixin.py:115} INFO - [2022-06-07 22:37:09,751] {dag.py:2927} INFO - Setting next_dagrun for latest_only to 2022-06-07T15:37:09.751715+00:00, run_after=2022-06-07T19:37:09.751715+00:00
[2022-06-07 22:37:09,762] {processor.py:161} INFO - Processing /home/james/airflowa/lib/python3.8/site-packages/airflow/example_dags/example_latest_only.py took 0.046 seconds
[2022-06-07 22:37:48,379] {processor.py:153} INFO - Started process (PID=64232) to work on /home/james/airflowa/lib/python3.8/site-packages/airflow/example_dags/example_latest_only.py
[2022-06-07 22:37:48,380] {processor.py:641} INFO - Processing file /home/james/airflowa/lib/python3.8/site-packages/airflow/example_dags/example_latest_only.py for tasks to queue
[2022-06-07 22:37:48,380] {logging_mixin.py:115} INFO - [2022-06-07 22:37:48,380] {dagbag.py:507} INFO - Filling up the DagBag from /home/james/airflowa/lib/python3.8/site-packages/airflow/example_dags/example_latest_only.py
[2022-06-07 22:37:48,386] {processor.py:651} INFO - DAG(s) dict_keys(['latest_only']) retrieved from /home/james/airflowa/lib/python3.8/site-packages/airflow/example_dags/example_latest_only.py
[2022-06-07 22:37:48,401] {logging_mixin.py:115} INFO - [2022-06-07 22:37:48,401] {dag.py:2379} INFO - Sync 1 DAGs
[2022-06-07 22:37:48,416] {logging_mixin.py:115} INFO - [2022-06-07 22:37:48,416] {dag.py:2927} INFO - Setting next_dagrun for latest_only to 2022-06-07T15:37:48.416557+00:00, run_after=2022-06-07T19:37:48.416557+00:00
[2022-06-07 22:37:48,427] {processor.py:161} INFO - Processing /home/james/airflowa/lib/python3.8/site-packages/airflow/example_dags/example_latest_only.py took 0.051 seconds
[2022-06-07 22:38:27,206] {processor.py:153} INFO - Started process (PID=64441) to work on /home/james/airflowa/lib/python3.8/site-packages/airflow/example_dags/example_latest_only.py
[2022-06-07 22:38:27,207] {processor.py:641} INFO - Processing file /home/james/airflowa/lib/python3.8/site-packages/airflow/example_dags/example_latest_only.py for tasks to queue
[2022-06-07 22:38:27,207] {logging_mixin.py:115} INFO - [2022-06-07 22:38:27,207] {dagbag.py:507} INFO - Filling up the DagBag from /home/james/airflowa/lib/python3.8/site-packages/airflow/example_dags/example_latest_only.py
[2022-06-07 22:38:27,214] {processor.py:651} INFO - DAG(s) dict_keys(['latest_only']) retrieved from /home/james/airflowa/lib/python3.8/site-packages/airflow/example_dags/example_latest_only.py
[2022-06-07 22:38:27,233] {logging_mixin.py:115} INFO - [2022-06-07 22:38:27,233] {dag.py:2379} INFO - Sync 1 DAGs
[2022-06-07 22:38:27,253] {logging_mixin.py:115} INFO - [2022-06-07 22:38:27,253] {dag.py:2927} INFO - Setting next_dagrun for latest_only to 2022-06-07T15:38:27.252912+00:00, run_after=2022-06-07T19:38:27.252912+00:00
[2022-06-07 22:38:27,266] {processor.py:161} INFO - Processing /home/james/airflowa/lib/python3.8/site-packages/airflow/example_dags/example_latest_only.py took 0.062 seconds
[2022-06-07 22:39:03,332] {processor.py:153} INFO - Started process (PID=64599) to work on /home/james/airflowa/lib/python3.8/site-packages/airflow/example_dags/example_latest_only.py
[2022-06-07 22:39:03,333] {processor.py:641} INFO - Processing file /home/james/airflowa/lib/python3.8/site-packages/airflow/example_dags/example_latest_only.py for tasks to queue
[2022-06-07 22:39:03,334] {logging_mixin.py:115} INFO - [2022-06-07 22:39:03,333] {dagbag.py:507} INFO - Filling up the DagBag from /home/james/airflowa/lib/python3.8/site-packages/airflow/example_dags/example_latest_only.py
[2022-06-07 22:39:03,338] {processor.py:651} INFO - DAG(s) dict_keys(['latest_only']) retrieved from /home/james/airflowa/lib/python3.8/site-packages/airflow/example_dags/example_latest_only.py
[2022-06-07 22:39:03,352] {logging_mixin.py:115} INFO - [2022-06-07 22:39:03,352] {dag.py:2379} INFO - Sync 1 DAGs
[2022-06-07 22:39:03,372] {logging_mixin.py:115} INFO - [2022-06-07 22:39:03,372] {dag.py:2927} INFO - Setting next_dagrun for latest_only to 2022-06-07T15:39:03.372202+00:00, run_after=2022-06-07T19:39:03.372202+00:00
[2022-06-07 22:39:03,383] {processor.py:161} INFO - Processing /home/james/airflowa/lib/python3.8/site-packages/airflow/example_dags/example_latest_only.py took 0.055 seconds
[2022-06-07 22:39:39,362] {processor.py:153} INFO - Started process (PID=64976) to work on /home/james/airflowa/lib/python3.8/site-packages/airflow/example_dags/example_latest_only.py
[2022-06-07 22:39:39,362] {processor.py:641} INFO - Processing file /home/james/airflowa/lib/python3.8/site-packages/airflow/example_dags/example_latest_only.py for tasks to queue
[2022-06-07 22:39:39,363] {logging_mixin.py:115} INFO - [2022-06-07 22:39:39,363] {dagbag.py:507} INFO - Filling up the DagBag from /home/james/airflowa/lib/python3.8/site-packages/airflow/example_dags/example_latest_only.py
[2022-06-07 22:39:39,367] {processor.py:651} INFO - DAG(s) dict_keys(['latest_only']) retrieved from /home/james/airflowa/lib/python3.8/site-packages/airflow/example_dags/example_latest_only.py
[2022-06-07 22:39:39,380] {logging_mixin.py:115} INFO - [2022-06-07 22:39:39,379] {dag.py:2379} INFO - Sync 1 DAGs
[2022-06-07 22:39:39,394] {logging_mixin.py:115} INFO - [2022-06-07 22:39:39,394] {dag.py:2927} INFO - Setting next_dagrun for latest_only to 2022-06-07T15:39:39.394282+00:00, run_after=2022-06-07T19:39:39.394282+00:00
[2022-06-07 22:39:39,405] {processor.py:161} INFO - Processing /home/james/airflowa/lib/python3.8/site-packages/airflow/example_dags/example_latest_only.py took 0.045 seconds
[2022-06-07 22:40:16,564] {processor.py:153} INFO - Started process (PID=65646) to work on /home/james/airflowa/lib/python3.8/site-packages/airflow/example_dags/example_latest_only.py
[2022-06-07 22:40:16,565] {processor.py:641} INFO - Processing file /home/james/airflowa/lib/python3.8/site-packages/airflow/example_dags/example_latest_only.py for tasks to queue
[2022-06-07 22:40:16,565] {logging_mixin.py:115} INFO - [2022-06-07 22:40:16,565] {dagbag.py:507} INFO - Filling up the DagBag from /home/james/airflowa/lib/python3.8/site-packages/airflow/example_dags/example_latest_only.py
[2022-06-07 22:40:16,569] {processor.py:651} INFO - DAG(s) dict_keys(['latest_only']) retrieved from /home/james/airflowa/lib/python3.8/site-packages/airflow/example_dags/example_latest_only.py
[2022-06-07 22:40:16,582] {logging_mixin.py:115} INFO - [2022-06-07 22:40:16,582] {dag.py:2379} INFO - Sync 1 DAGs
[2022-06-07 22:40:16,597] {logging_mixin.py:115} INFO - [2022-06-07 22:40:16,597] {dag.py:2927} INFO - Setting next_dagrun for latest_only to 2022-06-07T15:40:16.597292+00:00, run_after=2022-06-07T19:40:16.597292+00:00
[2022-06-07 22:40:16,608] {processor.py:161} INFO - Processing /home/james/airflowa/lib/python3.8/site-packages/airflow/example_dags/example_latest_only.py took 0.047 seconds
[2022-06-07 22:40:56,481] {processor.py:153} INFO - Started process (PID=65800) to work on /home/james/airflowa/lib/python3.8/site-packages/airflow/example_dags/example_latest_only.py
[2022-06-07 22:40:56,482] {processor.py:641} INFO - Processing file /home/james/airflowa/lib/python3.8/site-packages/airflow/example_dags/example_latest_only.py for tasks to queue
[2022-06-07 22:40:56,482] {logging_mixin.py:115} INFO - [2022-06-07 22:40:56,482] {dagbag.py:507} INFO - Filling up the DagBag from /home/james/airflowa/lib/python3.8/site-packages/airflow/example_dags/example_latest_only.py
[2022-06-07 22:40:56,487] {processor.py:651} INFO - DAG(s) dict_keys(['latest_only']) retrieved from /home/james/airflowa/lib/python3.8/site-packages/airflow/example_dags/example_latest_only.py
[2022-06-07 22:40:56,500] {logging_mixin.py:115} INFO - [2022-06-07 22:40:56,500] {dag.py:2379} INFO - Sync 1 DAGs
[2022-06-07 22:40:56,515] {logging_mixin.py:115} INFO - [2022-06-07 22:40:56,515] {dag.py:2927} INFO - Setting next_dagrun for latest_only to 2022-06-07T15:40:56.515008+00:00, run_after=2022-06-07T19:40:56.515008+00:00
[2022-06-07 22:40:56,526] {processor.py:161} INFO - Processing /home/james/airflowa/lib/python3.8/site-packages/airflow/example_dags/example_latest_only.py took 0.047 seconds
[2022-06-07 22:41:35,696] {processor.py:153} INFO - Started process (PID=66040) to work on /home/james/airflowa/lib/python3.8/site-packages/airflow/example_dags/example_latest_only.py
[2022-06-07 22:41:35,697] {processor.py:641} INFO - Processing file /home/james/airflowa/lib/python3.8/site-packages/airflow/example_dags/example_latest_only.py for tasks to queue
[2022-06-07 22:41:35,698] {logging_mixin.py:115} INFO - [2022-06-07 22:41:35,697] {dagbag.py:507} INFO - Filling up the DagBag from /home/james/airflowa/lib/python3.8/site-packages/airflow/example_dags/example_latest_only.py
[2022-06-07 22:41:35,705] {processor.py:651} INFO - DAG(s) dict_keys(['latest_only']) retrieved from /home/james/airflowa/lib/python3.8/site-packages/airflow/example_dags/example_latest_only.py
[2022-06-07 22:41:35,726] {logging_mixin.py:115} INFO - [2022-06-07 22:41:35,726] {dag.py:2379} INFO - Sync 1 DAGs
[2022-06-07 22:41:35,750] {logging_mixin.py:115} INFO - [2022-06-07 22:41:35,750] {dag.py:2927} INFO - Setting next_dagrun for latest_only to 2022-06-07T15:41:35.749768+00:00, run_after=2022-06-07T19:41:35.749768+00:00
[2022-06-07 22:41:35,772] {processor.py:161} INFO - Processing /home/james/airflowa/lib/python3.8/site-packages/airflow/example_dags/example_latest_only.py took 0.079 seconds
