[2022-06-07 22:33:15,449] {processor.py:153} INFO - Started process (PID=62564) to work on /home/james/airflowa/lib/python3.8/site-packages/airflow/example_dags/example_subdag_operator.py
[2022-06-07 22:33:15,449] {processor.py:641} INFO - Processing file /home/james/airflowa/lib/python3.8/site-packages/airflow/example_dags/example_subdag_operator.py for tasks to queue
[2022-06-07 22:33:15,450] {logging_mixin.py:115} INFO - [2022-06-07 22:33:15,450] {dagbag.py:507} INFO - Filling up the DagBag from /home/james/airflowa/lib/python3.8/site-packages/airflow/example_dags/example_subdag_operator.py
[2022-06-07 22:33:15,481] {processor.py:651} INFO - DAG(s) dict_keys(['example_subdag_operator.section-1', 'example_subdag_operator.section-2', 'example_subdag_operator']) retrieved from /home/james/airflowa/lib/python3.8/site-packages/airflow/example_dags/example_subdag_operator.py
[2022-06-07 22:33:15,517] {logging_mixin.py:115} INFO - [2022-06-07 22:33:15,517] {dag.py:2379} INFO - Sync 3 DAGs
[2022-06-07 22:33:15,554] {logging_mixin.py:115} INFO - [2022-06-07 22:33:15,554] {dag.py:2927} INFO - Setting next_dagrun for example_subdag_operator to 2022-01-01T00:00:00+00:00, run_after=2022-01-01T00:00:00+00:00
[2022-06-07 22:33:15,555] {logging_mixin.py:115} INFO - [2022-06-07 22:33:15,555] {dag.py:2927} INFO - Setting next_dagrun for example_subdag_operator.section-1 to None, run_after=None
[2022-06-07 22:33:15,556] {logging_mixin.py:115} INFO - [2022-06-07 22:33:15,555] {dag.py:2927} INFO - Setting next_dagrun for example_subdag_operator.section-2 to None, run_after=None
[2022-06-07 22:33:15,566] {logging_mixin.py:115} INFO - [2022-06-07 22:33:15,566] {dag.py:2379} INFO - Sync 2 DAGs
[2022-06-07 22:33:15,575] {logging_mixin.py:115} INFO - [2022-06-07 22:33:15,575] {dag.py:2927} INFO - Setting next_dagrun for example_subdag_operator.section-1 to None, run_after=None
[2022-06-07 22:33:15,576] {logging_mixin.py:115} INFO - [2022-06-07 22:33:15,576] {dag.py:2927} INFO - Setting next_dagrun for example_subdag_operator.section-2 to None, run_after=None
[2022-06-07 22:33:15,592] {processor.py:161} INFO - Processing /home/james/airflowa/lib/python3.8/site-packages/airflow/example_dags/example_subdag_operator.py took 0.146 seconds
[2022-06-07 22:33:57,745] {processor.py:153} INFO - Started process (PID=62788) to work on /home/james/airflowa/lib/python3.8/site-packages/airflow/example_dags/example_subdag_operator.py
[2022-06-07 22:33:57,746] {processor.py:641} INFO - Processing file /home/james/airflowa/lib/python3.8/site-packages/airflow/example_dags/example_subdag_operator.py for tasks to queue
[2022-06-07 22:33:57,747] {logging_mixin.py:115} INFO - [2022-06-07 22:33:57,747] {dagbag.py:507} INFO - Filling up the DagBag from /home/james/airflowa/lib/python3.8/site-packages/airflow/example_dags/example_subdag_operator.py
[2022-06-07 22:33:57,773] {processor.py:651} INFO - DAG(s) dict_keys(['example_subdag_operator.section-1', 'example_subdag_operator.section-2', 'example_subdag_operator']) retrieved from /home/james/airflowa/lib/python3.8/site-packages/airflow/example_dags/example_subdag_operator.py
[2022-06-07 22:33:57,798] {logging_mixin.py:115} INFO - [2022-06-07 22:33:57,798] {dag.py:2379} INFO - Sync 3 DAGs
[2022-06-07 22:33:57,822] {logging_mixin.py:115} INFO - [2022-06-07 22:33:57,822] {dag.py:2927} INFO - Setting next_dagrun for example_subdag_operator to 2022-01-01T00:00:00+00:00, run_after=2022-01-01T00:00:00+00:00
[2022-06-07 22:33:57,822] {logging_mixin.py:115} INFO - [2022-06-07 22:33:57,822] {dag.py:2927} INFO - Setting next_dagrun for example_subdag_operator.section-1 to None, run_after=None
[2022-06-07 22:33:57,823] {logging_mixin.py:115} INFO - [2022-06-07 22:33:57,823] {dag.py:2927} INFO - Setting next_dagrun for example_subdag_operator.section-2 to None, run_after=None
[2022-06-07 22:33:57,831] {logging_mixin.py:115} INFO - [2022-06-07 22:33:57,831] {dag.py:2379} INFO - Sync 2 DAGs
[2022-06-07 22:33:57,839] {logging_mixin.py:115} INFO - [2022-06-07 22:33:57,839] {dag.py:2927} INFO - Setting next_dagrun for example_subdag_operator.section-1 to None, run_after=None
[2022-06-07 22:33:57,840] {logging_mixin.py:115} INFO - [2022-06-07 22:33:57,840] {dag.py:2927} INFO - Setting next_dagrun for example_subdag_operator.section-2 to None, run_after=None
[2022-06-07 22:33:57,853] {processor.py:161} INFO - Processing /home/james/airflowa/lib/python3.8/site-packages/airflow/example_dags/example_subdag_operator.py took 0.111 seconds
[2022-06-07 22:34:40,617] {processor.py:153} INFO - Started process (PID=63189) to work on /home/james/airflowa/lib/python3.8/site-packages/airflow/example_dags/example_subdag_operator.py
[2022-06-07 22:34:40,618] {processor.py:641} INFO - Processing file /home/james/airflowa/lib/python3.8/site-packages/airflow/example_dags/example_subdag_operator.py for tasks to queue
[2022-06-07 22:34:40,619] {logging_mixin.py:115} INFO - [2022-06-07 22:34:40,618] {dagbag.py:507} INFO - Filling up the DagBag from /home/james/airflowa/lib/python3.8/site-packages/airflow/example_dags/example_subdag_operator.py
[2022-06-07 22:34:40,651] {processor.py:651} INFO - DAG(s) dict_keys(['example_subdag_operator.section-1', 'example_subdag_operator.section-2', 'example_subdag_operator']) retrieved from /home/james/airflowa/lib/python3.8/site-packages/airflow/example_dags/example_subdag_operator.py
[2022-06-07 22:34:40,681] {logging_mixin.py:115} INFO - [2022-06-07 22:34:40,680] {dag.py:2379} INFO - Sync 3 DAGs
[2022-06-07 22:34:40,707] {logging_mixin.py:115} INFO - [2022-06-07 22:34:40,707] {dag.py:2927} INFO - Setting next_dagrun for example_subdag_operator to 2022-01-01T00:00:00+00:00, run_after=2022-01-01T00:00:00+00:00
[2022-06-07 22:34:40,707] {logging_mixin.py:115} INFO - [2022-06-07 22:34:40,707] {dag.py:2927} INFO - Setting next_dagrun for example_subdag_operator.section-1 to None, run_after=None
[2022-06-07 22:34:40,708] {logging_mixin.py:115} INFO - [2022-06-07 22:34:40,707] {dag.py:2927} INFO - Setting next_dagrun for example_subdag_operator.section-2 to None, run_after=None
[2022-06-07 22:34:40,716] {logging_mixin.py:115} INFO - [2022-06-07 22:34:40,716] {dag.py:2379} INFO - Sync 2 DAGs
[2022-06-07 22:34:40,722] {logging_mixin.py:115} INFO - [2022-06-07 22:34:40,721] {dag.py:2927} INFO - Setting next_dagrun for example_subdag_operator.section-1 to None, run_after=None
[2022-06-07 22:34:40,722] {logging_mixin.py:115} INFO - [2022-06-07 22:34:40,722] {dag.py:2927} INFO - Setting next_dagrun for example_subdag_operator.section-2 to None, run_after=None
[2022-06-07 22:34:40,736] {processor.py:161} INFO - Processing /home/james/airflowa/lib/python3.8/site-packages/airflow/example_dags/example_subdag_operator.py took 0.122 seconds
[2022-06-07 22:35:19,087] {processor.py:153} INFO - Started process (PID=63355) to work on /home/james/airflowa/lib/python3.8/site-packages/airflow/example_dags/example_subdag_operator.py
[2022-06-07 22:35:19,088] {processor.py:641} INFO - Processing file /home/james/airflowa/lib/python3.8/site-packages/airflow/example_dags/example_subdag_operator.py for tasks to queue
[2022-06-07 22:35:19,089] {logging_mixin.py:115} INFO - [2022-06-07 22:35:19,088] {dagbag.py:507} INFO - Filling up the DagBag from /home/james/airflowa/lib/python3.8/site-packages/airflow/example_dags/example_subdag_operator.py
[2022-06-07 22:35:19,106] {processor.py:651} INFO - DAG(s) dict_keys(['example_subdag_operator.section-1', 'example_subdag_operator.section-2', 'example_subdag_operator']) retrieved from /home/james/airflowa/lib/python3.8/site-packages/airflow/example_dags/example_subdag_operator.py
[2022-06-07 22:35:19,125] {logging_mixin.py:115} INFO - [2022-06-07 22:35:19,125] {dag.py:2379} INFO - Sync 3 DAGs
[2022-06-07 22:35:19,139] {logging_mixin.py:115} INFO - [2022-06-07 22:35:19,139] {dag.py:2927} INFO - Setting next_dagrun for example_subdag_operator to 2022-01-01T00:00:00+00:00, run_after=2022-01-01T00:00:00+00:00
[2022-06-07 22:35:19,140] {logging_mixin.py:115} INFO - [2022-06-07 22:35:19,140] {dag.py:2927} INFO - Setting next_dagrun for example_subdag_operator.section-1 to None, run_after=None
[2022-06-07 22:35:19,140] {logging_mixin.py:115} INFO - [2022-06-07 22:35:19,140] {dag.py:2927} INFO - Setting next_dagrun for example_subdag_operator.section-2 to None, run_after=None
[2022-06-07 22:35:19,144] {logging_mixin.py:115} INFO - [2022-06-07 22:35:19,144] {dag.py:2379} INFO - Sync 2 DAGs
[2022-06-07 22:35:19,147] {logging_mixin.py:115} INFO - [2022-06-07 22:35:19,147] {dag.py:2927} INFO - Setting next_dagrun for example_subdag_operator.section-1 to None, run_after=None
[2022-06-07 22:35:19,148] {logging_mixin.py:115} INFO - [2022-06-07 22:35:19,148] {dag.py:2927} INFO - Setting next_dagrun for example_subdag_operator.section-2 to None, run_after=None
[2022-06-07 22:35:19,155] {processor.py:161} INFO - Processing /home/james/airflowa/lib/python3.8/site-packages/airflow/example_dags/example_subdag_operator.py took 0.072 seconds
[2022-06-07 22:35:58,540] {processor.py:153} INFO - Started process (PID=63575) to work on /home/james/airflowa/lib/python3.8/site-packages/airflow/example_dags/example_subdag_operator.py
[2022-06-07 22:35:58,541] {processor.py:641} INFO - Processing file /home/james/airflowa/lib/python3.8/site-packages/airflow/example_dags/example_subdag_operator.py for tasks to queue
[2022-06-07 22:35:58,542] {logging_mixin.py:115} INFO - [2022-06-07 22:35:58,542] {dagbag.py:507} INFO - Filling up the DagBag from /home/james/airflowa/lib/python3.8/site-packages/airflow/example_dags/example_subdag_operator.py
[2022-06-07 22:35:58,576] {processor.py:651} INFO - DAG(s) dict_keys(['example_subdag_operator.section-1', 'example_subdag_operator.section-2', 'example_subdag_operator']) retrieved from /home/james/airflowa/lib/python3.8/site-packages/airflow/example_dags/example_subdag_operator.py
[2022-06-07 22:35:58,610] {logging_mixin.py:115} INFO - [2022-06-07 22:35:58,610] {dag.py:2379} INFO - Sync 3 DAGs
[2022-06-07 22:35:58,638] {logging_mixin.py:115} INFO - [2022-06-07 22:35:58,637] {dag.py:2927} INFO - Setting next_dagrun for example_subdag_operator to 2022-01-01T00:00:00+00:00, run_after=2022-01-01T00:00:00+00:00
[2022-06-07 22:35:58,638] {logging_mixin.py:115} INFO - [2022-06-07 22:35:58,638] {dag.py:2927} INFO - Setting next_dagrun for example_subdag_operator.section-1 to None, run_after=None
[2022-06-07 22:35:58,638] {logging_mixin.py:115} INFO - [2022-06-07 22:35:58,638] {dag.py:2927} INFO - Setting next_dagrun for example_subdag_operator.section-2 to None, run_after=None
[2022-06-07 22:35:58,650] {logging_mixin.py:115} INFO - [2022-06-07 22:35:58,650] {dag.py:2379} INFO - Sync 2 DAGs
[2022-06-07 22:35:58,658] {logging_mixin.py:115} INFO - [2022-06-07 22:35:58,658] {dag.py:2927} INFO - Setting next_dagrun for example_subdag_operator.section-1 to None, run_after=None
[2022-06-07 22:35:58,659] {logging_mixin.py:115} INFO - [2022-06-07 22:35:58,659] {dag.py:2927} INFO - Setting next_dagrun for example_subdag_operator.section-2 to None, run_after=None
[2022-06-07 22:35:58,673] {processor.py:161} INFO - Processing /home/james/airflowa/lib/python3.8/site-packages/airflow/example_dags/example_subdag_operator.py took 0.138 seconds
[2022-06-07 22:36:44,014] {processor.py:153} INFO - Started process (PID=63755) to work on /home/james/airflowa/lib/python3.8/site-packages/airflow/example_dags/example_subdag_operator.py
[2022-06-07 22:36:44,015] {processor.py:641} INFO - Processing file /home/james/airflowa/lib/python3.8/site-packages/airflow/example_dags/example_subdag_operator.py for tasks to queue
[2022-06-07 22:36:44,016] {logging_mixin.py:115} INFO - [2022-06-07 22:36:44,015] {dagbag.py:507} INFO - Filling up the DagBag from /home/james/airflowa/lib/python3.8/site-packages/airflow/example_dags/example_subdag_operator.py
[2022-06-07 22:36:44,044] {processor.py:651} INFO - DAG(s) dict_keys(['example_subdag_operator.section-1', 'example_subdag_operator.section-2', 'example_subdag_operator']) retrieved from /home/james/airflowa/lib/python3.8/site-packages/airflow/example_dags/example_subdag_operator.py
[2022-06-07 22:36:44,070] {logging_mixin.py:115} INFO - [2022-06-07 22:36:44,070] {dag.py:2379} INFO - Sync 3 DAGs
[2022-06-07 22:36:44,093] {logging_mixin.py:115} INFO - [2022-06-07 22:36:44,092] {dag.py:2927} INFO - Setting next_dagrun for example_subdag_operator to 2022-01-01T00:00:00+00:00, run_after=2022-01-01T00:00:00+00:00
[2022-06-07 22:36:44,093] {logging_mixin.py:115} INFO - [2022-06-07 22:36:44,093] {dag.py:2927} INFO - Setting next_dagrun for example_subdag_operator.section-1 to None, run_after=None
[2022-06-07 22:36:44,093] {logging_mixin.py:115} INFO - [2022-06-07 22:36:44,093] {dag.py:2927} INFO - Setting next_dagrun for example_subdag_operator.section-2 to None, run_after=None
[2022-06-07 22:36:44,100] {logging_mixin.py:115} INFO - [2022-06-07 22:36:44,100] {dag.py:2379} INFO - Sync 2 DAGs
[2022-06-07 22:36:44,106] {logging_mixin.py:115} INFO - [2022-06-07 22:36:44,106] {dag.py:2927} INFO - Setting next_dagrun for example_subdag_operator.section-1 to None, run_after=None
[2022-06-07 22:36:44,106] {logging_mixin.py:115} INFO - [2022-06-07 22:36:44,106] {dag.py:2927} INFO - Setting next_dagrun for example_subdag_operator.section-2 to None, run_after=None
[2022-06-07 22:36:44,116] {processor.py:161} INFO - Processing /home/james/airflowa/lib/python3.8/site-packages/airflow/example_dags/example_subdag_operator.py took 0.106 seconds
[2022-06-07 22:37:19,857] {processor.py:153} INFO - Started process (PID=64010) to work on /home/james/airflowa/lib/python3.8/site-packages/airflow/example_dags/example_subdag_operator.py
[2022-06-07 22:37:19,858] {processor.py:641} INFO - Processing file /home/james/airflowa/lib/python3.8/site-packages/airflow/example_dags/example_subdag_operator.py for tasks to queue
[2022-06-07 22:37:19,858] {logging_mixin.py:115} INFO - [2022-06-07 22:37:19,858] {dagbag.py:507} INFO - Filling up the DagBag from /home/james/airflowa/lib/python3.8/site-packages/airflow/example_dags/example_subdag_operator.py
[2022-06-07 22:37:19,877] {processor.py:651} INFO - DAG(s) dict_keys(['example_subdag_operator.section-1', 'example_subdag_operator.section-2', 'example_subdag_operator']) retrieved from /home/james/airflowa/lib/python3.8/site-packages/airflow/example_dags/example_subdag_operator.py
[2022-06-07 22:37:19,892] {logging_mixin.py:115} INFO - [2022-06-07 22:37:19,892] {dag.py:2379} INFO - Sync 3 DAGs
[2022-06-07 22:37:19,906] {logging_mixin.py:115} INFO - [2022-06-07 22:37:19,906] {dag.py:2927} INFO - Setting next_dagrun for example_subdag_operator to 2022-01-01T00:00:00+00:00, run_after=2022-01-01T00:00:00+00:00
[2022-06-07 22:37:19,906] {logging_mixin.py:115} INFO - [2022-06-07 22:37:19,906] {dag.py:2927} INFO - Setting next_dagrun for example_subdag_operator.section-1 to None, run_after=None
[2022-06-07 22:37:19,906] {logging_mixin.py:115} INFO - [2022-06-07 22:37:19,906] {dag.py:2927} INFO - Setting next_dagrun for example_subdag_operator.section-2 to None, run_after=None
[2022-06-07 22:37:19,911] {logging_mixin.py:115} INFO - [2022-06-07 22:37:19,911] {dag.py:2379} INFO - Sync 2 DAGs
[2022-06-07 22:37:19,915] {logging_mixin.py:115} INFO - [2022-06-07 22:37:19,915] {dag.py:2927} INFO - Setting next_dagrun for example_subdag_operator.section-1 to None, run_after=None
[2022-06-07 22:37:19,915] {logging_mixin.py:115} INFO - [2022-06-07 22:37:19,915] {dag.py:2927} INFO - Setting next_dagrun for example_subdag_operator.section-2 to None, run_after=None
[2022-06-07 22:37:19,922] {processor.py:161} INFO - Processing /home/james/airflowa/lib/python3.8/site-packages/airflow/example_dags/example_subdag_operator.py took 0.067 seconds
[2022-06-07 22:37:58,682] {processor.py:153} INFO - Started process (PID=64298) to work on /home/james/airflowa/lib/python3.8/site-packages/airflow/example_dags/example_subdag_operator.py
[2022-06-07 22:37:58,683] {processor.py:641} INFO - Processing file /home/james/airflowa/lib/python3.8/site-packages/airflow/example_dags/example_subdag_operator.py for tasks to queue
[2022-06-07 22:37:58,685] {logging_mixin.py:115} INFO - [2022-06-07 22:37:58,684] {dagbag.py:507} INFO - Filling up the DagBag from /home/james/airflowa/lib/python3.8/site-packages/airflow/example_dags/example_subdag_operator.py
[2022-06-07 22:37:58,711] {processor.py:651} INFO - DAG(s) dict_keys(['example_subdag_operator.section-1', 'example_subdag_operator.section-2', 'example_subdag_operator']) retrieved from /home/james/airflowa/lib/python3.8/site-packages/airflow/example_dags/example_subdag_operator.py
[2022-06-07 22:37:58,738] {logging_mixin.py:115} INFO - [2022-06-07 22:37:58,738] {dag.py:2379} INFO - Sync 3 DAGs
[2022-06-07 22:37:58,765] {logging_mixin.py:115} INFO - [2022-06-07 22:37:58,765] {dag.py:2927} INFO - Setting next_dagrun for example_subdag_operator to 2022-01-01T00:00:00+00:00, run_after=2022-01-01T00:00:00+00:00
[2022-06-07 22:37:58,766] {logging_mixin.py:115} INFO - [2022-06-07 22:37:58,766] {dag.py:2927} INFO - Setting next_dagrun for example_subdag_operator.section-1 to None, run_after=None
[2022-06-07 22:37:58,766] {logging_mixin.py:115} INFO - [2022-06-07 22:37:58,766] {dag.py:2927} INFO - Setting next_dagrun for example_subdag_operator.section-2 to None, run_after=None
[2022-06-07 22:37:58,774] {logging_mixin.py:115} INFO - [2022-06-07 22:37:58,774] {dag.py:2379} INFO - Sync 2 DAGs
[2022-06-07 22:37:58,780] {logging_mixin.py:115} INFO - [2022-06-07 22:37:58,780] {dag.py:2927} INFO - Setting next_dagrun for example_subdag_operator.section-1 to None, run_after=None
[2022-06-07 22:37:58,780] {logging_mixin.py:115} INFO - [2022-06-07 22:37:58,780] {dag.py:2927} INFO - Setting next_dagrun for example_subdag_operator.section-2 to None, run_after=None
[2022-06-07 22:37:58,793] {processor.py:161} INFO - Processing /home/james/airflowa/lib/python3.8/site-packages/airflow/example_dags/example_subdag_operator.py took 0.113 seconds
[2022-06-07 22:38:37,493] {processor.py:153} INFO - Started process (PID=64495) to work on /home/james/airflowa/lib/python3.8/site-packages/airflow/example_dags/example_subdag_operator.py
[2022-06-07 22:38:37,493] {processor.py:641} INFO - Processing file /home/james/airflowa/lib/python3.8/site-packages/airflow/example_dags/example_subdag_operator.py for tasks to queue
[2022-06-07 22:38:37,494] {logging_mixin.py:115} INFO - [2022-06-07 22:38:37,494] {dagbag.py:507} INFO - Filling up the DagBag from /home/james/airflowa/lib/python3.8/site-packages/airflow/example_dags/example_subdag_operator.py
[2022-06-07 22:38:37,512] {processor.py:651} INFO - DAG(s) dict_keys(['example_subdag_operator.section-1', 'example_subdag_operator.section-2', 'example_subdag_operator']) retrieved from /home/james/airflowa/lib/python3.8/site-packages/airflow/example_dags/example_subdag_operator.py
[2022-06-07 22:38:37,528] {logging_mixin.py:115} INFO - [2022-06-07 22:38:37,528] {dag.py:2379} INFO - Sync 3 DAGs
[2022-06-07 22:38:37,542] {logging_mixin.py:115} INFO - [2022-06-07 22:38:37,542] {dag.py:2927} INFO - Setting next_dagrun for example_subdag_operator to 2022-01-01T00:00:00+00:00, run_after=2022-01-01T00:00:00+00:00
[2022-06-07 22:38:37,543] {logging_mixin.py:115} INFO - [2022-06-07 22:38:37,543] {dag.py:2927} INFO - Setting next_dagrun for example_subdag_operator.section-1 to None, run_after=None
[2022-06-07 22:38:37,543] {logging_mixin.py:115} INFO - [2022-06-07 22:38:37,543] {dag.py:2927} INFO - Setting next_dagrun for example_subdag_operator.section-2 to None, run_after=None
[2022-06-07 22:38:37,547] {logging_mixin.py:115} INFO - [2022-06-07 22:38:37,547] {dag.py:2379} INFO - Sync 2 DAGs
[2022-06-07 22:38:37,550] {logging_mixin.py:115} INFO - [2022-06-07 22:38:37,550] {dag.py:2927} INFO - Setting next_dagrun for example_subdag_operator.section-1 to None, run_after=None
[2022-06-07 22:38:37,551] {logging_mixin.py:115} INFO - [2022-06-07 22:38:37,551] {dag.py:2927} INFO - Setting next_dagrun for example_subdag_operator.section-2 to None, run_after=None
[2022-06-07 22:38:37,560] {processor.py:161} INFO - Processing /home/james/airflowa/lib/python3.8/site-packages/airflow/example_dags/example_subdag_operator.py took 0.070 seconds
[2022-06-07 22:39:15,911] {processor.py:153} INFO - Started process (PID=64652) to work on /home/james/airflowa/lib/python3.8/site-packages/airflow/example_dags/example_subdag_operator.py
[2022-06-07 22:39:15,912] {processor.py:641} INFO - Processing file /home/james/airflowa/lib/python3.8/site-packages/airflow/example_dags/example_subdag_operator.py for tasks to queue
[2022-06-07 22:39:15,912] {logging_mixin.py:115} INFO - [2022-06-07 22:39:15,912] {dagbag.py:507} INFO - Filling up the DagBag from /home/james/airflowa/lib/python3.8/site-packages/airflow/example_dags/example_subdag_operator.py
[2022-06-07 22:39:15,930] {processor.py:651} INFO - DAG(s) dict_keys(['example_subdag_operator.section-1', 'example_subdag_operator.section-2', 'example_subdag_operator']) retrieved from /home/james/airflowa/lib/python3.8/site-packages/airflow/example_dags/example_subdag_operator.py
[2022-06-07 22:39:15,944] {logging_mixin.py:115} INFO - [2022-06-07 22:39:15,944] {dag.py:2379} INFO - Sync 3 DAGs
[2022-06-07 22:39:15,959] {logging_mixin.py:115} INFO - [2022-06-07 22:39:15,959] {dag.py:2927} INFO - Setting next_dagrun for example_subdag_operator to 2022-01-01T00:00:00+00:00, run_after=2022-01-01T00:00:00+00:00
[2022-06-07 22:39:15,959] {logging_mixin.py:115} INFO - [2022-06-07 22:39:15,959] {dag.py:2927} INFO - Setting next_dagrun for example_subdag_operator.section-1 to None, run_after=None
[2022-06-07 22:39:15,960] {logging_mixin.py:115} INFO - [2022-06-07 22:39:15,960] {dag.py:2927} INFO - Setting next_dagrun for example_subdag_operator.section-2 to None, run_after=None
[2022-06-07 22:39:15,965] {logging_mixin.py:115} INFO - [2022-06-07 22:39:15,965] {dag.py:2379} INFO - Sync 2 DAGs
[2022-06-07 22:39:15,971] {logging_mixin.py:115} INFO - [2022-06-07 22:39:15,971] {dag.py:2927} INFO - Setting next_dagrun for example_subdag_operator.section-1 to None, run_after=None
[2022-06-07 22:39:15,971] {logging_mixin.py:115} INFO - [2022-06-07 22:39:15,971] {dag.py:2927} INFO - Setting next_dagrun for example_subdag_operator.section-2 to None, run_after=None
[2022-06-07 22:39:15,979] {processor.py:161} INFO - Processing /home/james/airflowa/lib/python3.8/site-packages/airflow/example_dags/example_subdag_operator.py took 0.070 seconds
[2022-06-07 22:39:54,822] {processor.py:153} INFO - Started process (PID=65108) to work on /home/james/airflowa/lib/python3.8/site-packages/airflow/example_dags/example_subdag_operator.py
[2022-06-07 22:39:54,822] {processor.py:641} INFO - Processing file /home/james/airflowa/lib/python3.8/site-packages/airflow/example_dags/example_subdag_operator.py for tasks to queue
[2022-06-07 22:39:54,823] {logging_mixin.py:115} INFO - [2022-06-07 22:39:54,822] {dagbag.py:507} INFO - Filling up the DagBag from /home/james/airflowa/lib/python3.8/site-packages/airflow/example_dags/example_subdag_operator.py
[2022-06-07 22:39:54,840] {processor.py:651} INFO - DAG(s) dict_keys(['example_subdag_operator.section-1', 'example_subdag_operator.section-2', 'example_subdag_operator']) retrieved from /home/james/airflowa/lib/python3.8/site-packages/airflow/example_dags/example_subdag_operator.py
[2022-06-07 22:39:54,855] {logging_mixin.py:115} INFO - [2022-06-07 22:39:54,855] {dag.py:2379} INFO - Sync 3 DAGs
[2022-06-07 22:39:54,871] {logging_mixin.py:115} INFO - [2022-06-07 22:39:54,871] {dag.py:2927} INFO - Setting next_dagrun for example_subdag_operator to 2022-01-01T00:00:00+00:00, run_after=2022-01-01T00:00:00+00:00
[2022-06-07 22:39:54,871] {logging_mixin.py:115} INFO - [2022-06-07 22:39:54,871] {dag.py:2927} INFO - Setting next_dagrun for example_subdag_operator.section-1 to None, run_after=None
[2022-06-07 22:39:54,872] {logging_mixin.py:115} INFO - [2022-06-07 22:39:54,872] {dag.py:2927} INFO - Setting next_dagrun for example_subdag_operator.section-2 to None, run_after=None
[2022-06-07 22:39:54,878] {logging_mixin.py:115} INFO - [2022-06-07 22:39:54,878] {dag.py:2379} INFO - Sync 2 DAGs
[2022-06-07 22:39:54,881] {logging_mixin.py:115} INFO - [2022-06-07 22:39:54,881] {dag.py:2927} INFO - Setting next_dagrun for example_subdag_operator.section-1 to None, run_after=None
[2022-06-07 22:39:54,881] {logging_mixin.py:115} INFO - [2022-06-07 22:39:54,881] {dag.py:2927} INFO - Setting next_dagrun for example_subdag_operator.section-2 to None, run_after=None
[2022-06-07 22:39:54,889] {processor.py:161} INFO - Processing /home/james/airflowa/lib/python3.8/site-packages/airflow/example_dags/example_subdag_operator.py took 0.070 seconds
[2022-06-07 22:40:34,906] {processor.py:153} INFO - Started process (PID=65707) to work on /home/james/airflowa/lib/python3.8/site-packages/airflow/example_dags/example_subdag_operator.py
[2022-06-07 22:40:34,906] {processor.py:641} INFO - Processing file /home/james/airflowa/lib/python3.8/site-packages/airflow/example_dags/example_subdag_operator.py for tasks to queue
[2022-06-07 22:40:34,907] {logging_mixin.py:115} INFO - [2022-06-07 22:40:34,907] {dagbag.py:507} INFO - Filling up the DagBag from /home/james/airflowa/lib/python3.8/site-packages/airflow/example_dags/example_subdag_operator.py
[2022-06-07 22:40:34,926] {processor.py:651} INFO - DAG(s) dict_keys(['example_subdag_operator.section-1', 'example_subdag_operator.section-2', 'example_subdag_operator']) retrieved from /home/james/airflowa/lib/python3.8/site-packages/airflow/example_dags/example_subdag_operator.py
[2022-06-07 22:40:34,942] {logging_mixin.py:115} INFO - [2022-06-07 22:40:34,942] {dag.py:2379} INFO - Sync 3 DAGs
[2022-06-07 22:40:34,956] {logging_mixin.py:115} INFO - [2022-06-07 22:40:34,956] {dag.py:2927} INFO - Setting next_dagrun for example_subdag_operator to 2022-01-01T00:00:00+00:00, run_after=2022-01-01T00:00:00+00:00
[2022-06-07 22:40:34,957] {logging_mixin.py:115} INFO - [2022-06-07 22:40:34,957] {dag.py:2927} INFO - Setting next_dagrun for example_subdag_operator.section-1 to None, run_after=None
[2022-06-07 22:40:34,957] {logging_mixin.py:115} INFO - [2022-06-07 22:40:34,957] {dag.py:2927} INFO - Setting next_dagrun for example_subdag_operator.section-2 to None, run_after=None
[2022-06-07 22:40:34,962] {logging_mixin.py:115} INFO - [2022-06-07 22:40:34,962] {dag.py:2379} INFO - Sync 2 DAGs
[2022-06-07 22:40:34,965] {logging_mixin.py:115} INFO - [2022-06-07 22:40:34,965] {dag.py:2927} INFO - Setting next_dagrun for example_subdag_operator.section-1 to None, run_after=None
[2022-06-07 22:40:34,965] {logging_mixin.py:115} INFO - [2022-06-07 22:40:34,965] {dag.py:2927} INFO - Setting next_dagrun for example_subdag_operator.section-2 to None, run_after=None
[2022-06-07 22:40:34,973] {processor.py:161} INFO - Processing /home/james/airflowa/lib/python3.8/site-packages/airflow/example_dags/example_subdag_operator.py took 0.069 seconds
[2022-06-07 22:41:11,963] {processor.py:153} INFO - Started process (PID=65872) to work on /home/james/airflowa/lib/python3.8/site-packages/airflow/example_dags/example_subdag_operator.py
[2022-06-07 22:41:11,963] {processor.py:641} INFO - Processing file /home/james/airflowa/lib/python3.8/site-packages/airflow/example_dags/example_subdag_operator.py for tasks to queue
[2022-06-07 22:41:11,964] {logging_mixin.py:115} INFO - [2022-06-07 22:41:11,964] {dagbag.py:507} INFO - Filling up the DagBag from /home/james/airflowa/lib/python3.8/site-packages/airflow/example_dags/example_subdag_operator.py
[2022-06-07 22:41:11,995] {processor.py:651} INFO - DAG(s) dict_keys(['example_subdag_operator.section-1', 'example_subdag_operator.section-2', 'example_subdag_operator']) retrieved from /home/james/airflowa/lib/python3.8/site-packages/airflow/example_dags/example_subdag_operator.py
[2022-06-07 22:41:12,015] {logging_mixin.py:115} INFO - [2022-06-07 22:41:12,015] {dag.py:2379} INFO - Sync 3 DAGs
[2022-06-07 22:41:12,033] {logging_mixin.py:115} INFO - [2022-06-07 22:41:12,033] {dag.py:2927} INFO - Setting next_dagrun for example_subdag_operator to 2022-01-01T00:00:00+00:00, run_after=2022-01-01T00:00:00+00:00
[2022-06-07 22:41:12,033] {logging_mixin.py:115} INFO - [2022-06-07 22:41:12,033] {dag.py:2927} INFO - Setting next_dagrun for example_subdag_operator.section-1 to None, run_after=None
[2022-06-07 22:41:12,033] {logging_mixin.py:115} INFO - [2022-06-07 22:41:12,033] {dag.py:2927} INFO - Setting next_dagrun for example_subdag_operator.section-2 to None, run_after=None
[2022-06-07 22:41:12,040] {logging_mixin.py:115} INFO - [2022-06-07 22:41:12,040] {dag.py:2379} INFO - Sync 2 DAGs
[2022-06-07 22:41:12,045] {logging_mixin.py:115} INFO - [2022-06-07 22:41:12,045] {dag.py:2927} INFO - Setting next_dagrun for example_subdag_operator.section-1 to None, run_after=None
[2022-06-07 22:41:12,045] {logging_mixin.py:115} INFO - [2022-06-07 22:41:12,045] {dag.py:2927} INFO - Setting next_dagrun for example_subdag_operator.section-2 to None, run_after=None
[2022-06-07 22:41:12,056] {processor.py:161} INFO - Processing /home/james/airflowa/lib/python3.8/site-packages/airflow/example_dags/example_subdag_operator.py took 0.097 seconds
[2022-06-07 22:41:53,848] {processor.py:153} INFO - Started process (PID=66156) to work on /home/james/airflowa/lib/python3.8/site-packages/airflow/example_dags/example_subdag_operator.py
[2022-06-07 22:41:53,849] {processor.py:641} INFO - Processing file /home/james/airflowa/lib/python3.8/site-packages/airflow/example_dags/example_subdag_operator.py for tasks to queue
[2022-06-07 22:41:53,850] {logging_mixin.py:115} INFO - [2022-06-07 22:41:53,849] {dagbag.py:507} INFO - Filling up the DagBag from /home/james/airflowa/lib/python3.8/site-packages/airflow/example_dags/example_subdag_operator.py
[2022-06-07 22:41:53,869] {processor.py:651} INFO - DAG(s) dict_keys(['example_subdag_operator.section-1', 'example_subdag_operator.section-2', 'example_subdag_operator']) retrieved from /home/james/airflowa/lib/python3.8/site-packages/airflow/example_dags/example_subdag_operator.py
[2022-06-07 22:41:53,887] {logging_mixin.py:115} INFO - [2022-06-07 22:41:53,887] {dag.py:2379} INFO - Sync 3 DAGs
[2022-06-07 22:41:53,903] {logging_mixin.py:115} INFO - [2022-06-07 22:41:53,903] {dag.py:2927} INFO - Setting next_dagrun for example_subdag_operator to 2022-01-01T00:00:00+00:00, run_after=2022-01-01T00:00:00+00:00
[2022-06-07 22:41:53,903] {logging_mixin.py:115} INFO - [2022-06-07 22:41:53,903] {dag.py:2927} INFO - Setting next_dagrun for example_subdag_operator.section-1 to None, run_after=None
[2022-06-07 22:41:53,903] {logging_mixin.py:115} INFO - [2022-06-07 22:41:53,903] {dag.py:2927} INFO - Setting next_dagrun for example_subdag_operator.section-2 to None, run_after=None
[2022-06-07 22:41:53,908] {logging_mixin.py:115} INFO - [2022-06-07 22:41:53,908] {dag.py:2379} INFO - Sync 2 DAGs
[2022-06-07 22:41:53,912] {logging_mixin.py:115} INFO - [2022-06-07 22:41:53,912] {dag.py:2927} INFO - Setting next_dagrun for example_subdag_operator.section-1 to None, run_after=None
[2022-06-07 22:41:53,912] {logging_mixin.py:115} INFO - [2022-06-07 22:41:53,912] {dag.py:2927} INFO - Setting next_dagrun for example_subdag_operator.section-2 to None, run_after=None
[2022-06-07 22:41:53,920] {processor.py:161} INFO - Processing /home/james/airflowa/lib/python3.8/site-packages/airflow/example_dags/example_subdag_operator.py took 0.074 seconds
