[2022-06-07 22:32:49,964] {processor.py:153} INFO - Started process (PID=62384) to work on /home/james/airflowa/lib/python3.8/site-packages/airflow/example_dags/example_trigger_target_dag.py
[2022-06-07 22:32:49,964] {processor.py:641} INFO - Processing file /home/james/airflowa/lib/python3.8/site-packages/airflow/example_dags/example_trigger_target_dag.py for tasks to queue
[2022-06-07 22:32:49,965] {logging_mixin.py:115} INFO - [2022-06-07 22:32:49,965] {dagbag.py:507} INFO - Filling up the DagBag from /home/james/airflowa/lib/python3.8/site-packages/airflow/example_dags/example_trigger_target_dag.py
[2022-06-07 22:32:49,991] {processor.py:651} INFO - DAG(s) dict_keys(['example_trigger_target_dag']) retrieved from /home/james/airflowa/lib/python3.8/site-packages/airflow/example_dags/example_trigger_target_dag.py
[2022-06-07 22:32:50,013] {logging_mixin.py:115} INFO - [2022-06-07 22:32:50,013] {dag.py:2379} INFO - Sync 1 DAGs
[2022-06-07 22:32:50,041] {logging_mixin.py:115} INFO - [2022-06-07 22:32:50,041] {dag.py:2927} INFO - Setting next_dagrun for example_trigger_target_dag to None, run_after=None
[2022-06-07 22:32:50,059] {processor.py:161} INFO - Processing /home/james/airflowa/lib/python3.8/site-packages/airflow/example_dags/example_trigger_target_dag.py took 0.099 seconds
[2022-06-07 22:33:29,620] {processor.py:153} INFO - Started process (PID=62681) to work on /home/james/airflowa/lib/python3.8/site-packages/airflow/example_dags/example_trigger_target_dag.py
[2022-06-07 22:33:29,621] {processor.py:641} INFO - Processing file /home/james/airflowa/lib/python3.8/site-packages/airflow/example_dags/example_trigger_target_dag.py for tasks to queue
[2022-06-07 22:33:29,622] {logging_mixin.py:115} INFO - [2022-06-07 22:33:29,621] {dagbag.py:507} INFO - Filling up the DagBag from /home/james/airflowa/lib/python3.8/site-packages/airflow/example_dags/example_trigger_target_dag.py
[2022-06-07 22:33:29,649] {processor.py:651} INFO - DAG(s) dict_keys(['example_trigger_target_dag']) retrieved from /home/james/airflowa/lib/python3.8/site-packages/airflow/example_dags/example_trigger_target_dag.py
[2022-06-07 22:33:29,670] {logging_mixin.py:115} INFO - [2022-06-07 22:33:29,669] {dag.py:2379} INFO - Sync 1 DAGs
[2022-06-07 22:33:29,695] {logging_mixin.py:115} INFO - [2022-06-07 22:33:29,695] {dag.py:2927} INFO - Setting next_dagrun for example_trigger_target_dag to None, run_after=None
[2022-06-07 22:33:29,710] {processor.py:161} INFO - Processing /home/james/airflowa/lib/python3.8/site-packages/airflow/example_dags/example_trigger_target_dag.py took 0.095 seconds
[2022-06-07 22:34:08,869] {processor.py:153} INFO - Started process (PID=62829) to work on /home/james/airflowa/lib/python3.8/site-packages/airflow/example_dags/example_trigger_target_dag.py
[2022-06-07 22:34:08,869] {processor.py:641} INFO - Processing file /home/james/airflowa/lib/python3.8/site-packages/airflow/example_dags/example_trigger_target_dag.py for tasks to queue
[2022-06-07 22:34:08,870] {logging_mixin.py:115} INFO - [2022-06-07 22:34:08,870] {dagbag.py:507} INFO - Filling up the DagBag from /home/james/airflowa/lib/python3.8/site-packages/airflow/example_dags/example_trigger_target_dag.py
[2022-06-07 22:34:08,888] {processor.py:651} INFO - DAG(s) dict_keys(['example_trigger_target_dag']) retrieved from /home/james/airflowa/lib/python3.8/site-packages/airflow/example_dags/example_trigger_target_dag.py
[2022-06-07 22:34:08,901] {logging_mixin.py:115} INFO - [2022-06-07 22:34:08,900] {dag.py:2379} INFO - Sync 1 DAGs
[2022-06-07 22:34:08,916] {logging_mixin.py:115} INFO - [2022-06-07 22:34:08,916] {dag.py:2927} INFO - Setting next_dagrun for example_trigger_target_dag to None, run_after=None
[2022-06-07 22:34:08,928] {processor.py:161} INFO - Processing /home/james/airflowa/lib/python3.8/site-packages/airflow/example_dags/example_trigger_target_dag.py took 0.063 seconds
[2022-06-07 22:34:46,489] {processor.py:153} INFO - Started process (PID=63226) to work on /home/james/airflowa/lib/python3.8/site-packages/airflow/example_dags/example_trigger_target_dag.py
[2022-06-07 22:34:46,490] {processor.py:641} INFO - Processing file /home/james/airflowa/lib/python3.8/site-packages/airflow/example_dags/example_trigger_target_dag.py for tasks to queue
[2022-06-07 22:34:46,492] {logging_mixin.py:115} INFO - [2022-06-07 22:34:46,492] {dagbag.py:507} INFO - Filling up the DagBag from /home/james/airflowa/lib/python3.8/site-packages/airflow/example_dags/example_trigger_target_dag.py
[2022-06-07 22:34:46,549] {processor.py:651} INFO - DAG(s) dict_keys(['example_trigger_target_dag']) retrieved from /home/james/airflowa/lib/python3.8/site-packages/airflow/example_dags/example_trigger_target_dag.py
[2022-06-07 22:34:46,589] {logging_mixin.py:115} INFO - [2022-06-07 22:34:46,589] {dag.py:2379} INFO - Sync 1 DAGs
[2022-06-07 22:34:46,639] {logging_mixin.py:115} INFO - [2022-06-07 22:34:46,639] {dag.py:2927} INFO - Setting next_dagrun for example_trigger_target_dag to None, run_after=None
[2022-06-07 22:34:46,686] {processor.py:161} INFO - Processing /home/james/airflowa/lib/python3.8/site-packages/airflow/example_dags/example_trigger_target_dag.py took 0.204 seconds
[2022-06-07 22:35:22,216] {processor.py:153} INFO - Started process (PID=63392) to work on /home/james/airflowa/lib/python3.8/site-packages/airflow/example_dags/example_trigger_target_dag.py
[2022-06-07 22:35:22,217] {processor.py:641} INFO - Processing file /home/james/airflowa/lib/python3.8/site-packages/airflow/example_dags/example_trigger_target_dag.py for tasks to queue
[2022-06-07 22:35:22,217] {logging_mixin.py:115} INFO - [2022-06-07 22:35:22,217] {dagbag.py:507} INFO - Filling up the DagBag from /home/james/airflowa/lib/python3.8/site-packages/airflow/example_dags/example_trigger_target_dag.py
[2022-06-07 22:35:22,231] {processor.py:651} INFO - DAG(s) dict_keys(['example_trigger_target_dag']) retrieved from /home/james/airflowa/lib/python3.8/site-packages/airflow/example_dags/example_trigger_target_dag.py
[2022-06-07 22:35:22,245] {logging_mixin.py:115} INFO - [2022-06-07 22:35:22,245] {dag.py:2379} INFO - Sync 1 DAGs
[2022-06-07 22:35:22,270] {logging_mixin.py:115} INFO - [2022-06-07 22:35:22,270] {dag.py:2927} INFO - Setting next_dagrun for example_trigger_target_dag to None, run_after=None
[2022-06-07 22:35:22,283] {processor.py:161} INFO - Processing /home/james/airflowa/lib/python3.8/site-packages/airflow/example_dags/example_trigger_target_dag.py took 0.070 seconds
[2022-06-07 22:35:55,566] {processor.py:153} INFO - Started process (PID=63571) to work on /home/james/airflowa/lib/python3.8/site-packages/airflow/example_dags/example_trigger_target_dag.py
[2022-06-07 22:35:55,567] {processor.py:641} INFO - Processing file /home/james/airflowa/lib/python3.8/site-packages/airflow/example_dags/example_trigger_target_dag.py for tasks to queue
[2022-06-07 22:35:55,568] {logging_mixin.py:115} INFO - [2022-06-07 22:35:55,568] {dagbag.py:507} INFO - Filling up the DagBag from /home/james/airflowa/lib/python3.8/site-packages/airflow/example_dags/example_trigger_target_dag.py
[2022-06-07 22:35:55,616] {processor.py:651} INFO - DAG(s) dict_keys(['example_trigger_target_dag']) retrieved from /home/james/airflowa/lib/python3.8/site-packages/airflow/example_dags/example_trigger_target_dag.py
[2022-06-07 22:35:55,646] {logging_mixin.py:115} INFO - [2022-06-07 22:35:55,646] {dag.py:2379} INFO - Sync 1 DAGs
[2022-06-07 22:35:55,706] {logging_mixin.py:115} INFO - [2022-06-07 22:35:55,706] {dag.py:2927} INFO - Setting next_dagrun for example_trigger_target_dag to None, run_after=None
[2022-06-07 22:35:55,731] {processor.py:161} INFO - Processing /home/james/airflowa/lib/python3.8/site-packages/airflow/example_dags/example_trigger_target_dag.py took 0.170 seconds
[2022-06-07 22:36:29,096] {processor.py:153} INFO - Started process (PID=63696) to work on /home/james/airflowa/lib/python3.8/site-packages/airflow/example_dags/example_trigger_target_dag.py
[2022-06-07 22:36:29,097] {processor.py:641} INFO - Processing file /home/james/airflowa/lib/python3.8/site-packages/airflow/example_dags/example_trigger_target_dag.py for tasks to queue
[2022-06-07 22:36:29,098] {logging_mixin.py:115} INFO - [2022-06-07 22:36:29,098] {dagbag.py:507} INFO - Filling up the DagBag from /home/james/airflowa/lib/python3.8/site-packages/airflow/example_dags/example_trigger_target_dag.py
[2022-06-07 22:36:29,126] {processor.py:651} INFO - DAG(s) dict_keys(['example_trigger_target_dag']) retrieved from /home/james/airflowa/lib/python3.8/site-packages/airflow/example_dags/example_trigger_target_dag.py
[2022-06-07 22:36:29,147] {logging_mixin.py:115} INFO - [2022-06-07 22:36:29,147] {dag.py:2379} INFO - Sync 1 DAGs
[2022-06-07 22:36:29,177] {logging_mixin.py:115} INFO - [2022-06-07 22:36:29,177] {dag.py:2927} INFO - Setting next_dagrun for example_trigger_target_dag to None, run_after=None
[2022-06-07 22:36:29,197] {processor.py:161} INFO - Processing /home/james/airflowa/lib/python3.8/site-packages/airflow/example_dags/example_trigger_target_dag.py took 0.105 seconds
[2022-06-07 22:37:02,131] {processor.py:153} INFO - Started process (PID=63828) to work on /home/james/airflowa/lib/python3.8/site-packages/airflow/example_dags/example_trigger_target_dag.py
[2022-06-07 22:37:02,132] {processor.py:641} INFO - Processing file /home/james/airflowa/lib/python3.8/site-packages/airflow/example_dags/example_trigger_target_dag.py for tasks to queue
[2022-06-07 22:37:02,133] {logging_mixin.py:115} INFO - [2022-06-07 22:37:02,133] {dagbag.py:507} INFO - Filling up the DagBag from /home/james/airflowa/lib/python3.8/site-packages/airflow/example_dags/example_trigger_target_dag.py
[2022-06-07 22:37:02,145] {processor.py:651} INFO - DAG(s) dict_keys(['example_trigger_target_dag']) retrieved from /home/james/airflowa/lib/python3.8/site-packages/airflow/example_dags/example_trigger_target_dag.py
[2022-06-07 22:37:02,158] {logging_mixin.py:115} INFO - [2022-06-07 22:37:02,158] {dag.py:2379} INFO - Sync 1 DAGs
[2022-06-07 22:37:02,174] {logging_mixin.py:115} INFO - [2022-06-07 22:37:02,174] {dag.py:2927} INFO - Setting next_dagrun for example_trigger_target_dag to None, run_after=None
[2022-06-07 22:37:02,190] {processor.py:161} INFO - Processing /home/james/airflowa/lib/python3.8/site-packages/airflow/example_dags/example_trigger_target_dag.py took 0.061 seconds
[2022-06-07 22:37:38,084] {processor.py:153} INFO - Started process (PID=64189) to work on /home/james/airflowa/lib/python3.8/site-packages/airflow/example_dags/example_trigger_target_dag.py
[2022-06-07 22:37:38,085] {processor.py:641} INFO - Processing file /home/james/airflowa/lib/python3.8/site-packages/airflow/example_dags/example_trigger_target_dag.py for tasks to queue
[2022-06-07 22:37:38,085] {logging_mixin.py:115} INFO - [2022-06-07 22:37:38,085] {dagbag.py:507} INFO - Filling up the DagBag from /home/james/airflowa/lib/python3.8/site-packages/airflow/example_dags/example_trigger_target_dag.py
[2022-06-07 22:37:38,103] {processor.py:651} INFO - DAG(s) dict_keys(['example_trigger_target_dag']) retrieved from /home/james/airflowa/lib/python3.8/site-packages/airflow/example_dags/example_trigger_target_dag.py
[2022-06-07 22:37:38,115] {logging_mixin.py:115} INFO - [2022-06-07 22:37:38,115] {dag.py:2379} INFO - Sync 1 DAGs
[2022-06-07 22:37:38,130] {logging_mixin.py:115} INFO - [2022-06-07 22:37:38,130] {dag.py:2927} INFO - Setting next_dagrun for example_trigger_target_dag to None, run_after=None
[2022-06-07 22:37:38,141] {processor.py:161} INFO - Processing /home/james/airflowa/lib/python3.8/site-packages/airflow/example_dags/example_trigger_target_dag.py took 0.060 seconds
[2022-06-07 22:38:11,694] {processor.py:153} INFO - Started process (PID=64353) to work on /home/james/airflowa/lib/python3.8/site-packages/airflow/example_dags/example_trigger_target_dag.py
[2022-06-07 22:38:11,694] {processor.py:641} INFO - Processing file /home/james/airflowa/lib/python3.8/site-packages/airflow/example_dags/example_trigger_target_dag.py for tasks to queue
[2022-06-07 22:38:11,695] {logging_mixin.py:115} INFO - [2022-06-07 22:38:11,695] {dagbag.py:507} INFO - Filling up the DagBag from /home/james/airflowa/lib/python3.8/site-packages/airflow/example_dags/example_trigger_target_dag.py
[2022-06-07 22:38:11,708] {processor.py:651} INFO - DAG(s) dict_keys(['example_trigger_target_dag']) retrieved from /home/james/airflowa/lib/python3.8/site-packages/airflow/example_dags/example_trigger_target_dag.py
[2022-06-07 22:38:11,720] {logging_mixin.py:115} INFO - [2022-06-07 22:38:11,720] {dag.py:2379} INFO - Sync 1 DAGs
[2022-06-07 22:38:11,735] {logging_mixin.py:115} INFO - [2022-06-07 22:38:11,735] {dag.py:2927} INFO - Setting next_dagrun for example_trigger_target_dag to None, run_after=None
[2022-06-07 22:38:11,747] {processor.py:161} INFO - Processing /home/james/airflowa/lib/python3.8/site-packages/airflow/example_dags/example_trigger_target_dag.py took 0.056 seconds
[2022-06-07 22:38:49,047] {processor.py:153} INFO - Started process (PID=64544) to work on /home/james/airflowa/lib/python3.8/site-packages/airflow/example_dags/example_trigger_target_dag.py
[2022-06-07 22:38:49,047] {processor.py:641} INFO - Processing file /home/james/airflowa/lib/python3.8/site-packages/airflow/example_dags/example_trigger_target_dag.py for tasks to queue
[2022-06-07 22:38:49,048] {logging_mixin.py:115} INFO - [2022-06-07 22:38:49,048] {dagbag.py:507} INFO - Filling up the DagBag from /home/james/airflowa/lib/python3.8/site-packages/airflow/example_dags/example_trigger_target_dag.py
[2022-06-07 22:38:49,061] {processor.py:651} INFO - DAG(s) dict_keys(['example_trigger_target_dag']) retrieved from /home/james/airflowa/lib/python3.8/site-packages/airflow/example_dags/example_trigger_target_dag.py
[2022-06-07 22:38:49,074] {logging_mixin.py:115} INFO - [2022-06-07 22:38:49,074] {dag.py:2379} INFO - Sync 1 DAGs
[2022-06-07 22:38:49,089] {logging_mixin.py:115} INFO - [2022-06-07 22:38:49,089] {dag.py:2927} INFO - Setting next_dagrun for example_trigger_target_dag to None, run_after=None
[2022-06-07 22:38:49,100] {processor.py:161} INFO - Processing /home/james/airflowa/lib/python3.8/site-packages/airflow/example_dags/example_trigger_target_dag.py took 0.056 seconds
[2022-06-07 22:39:28,484] {processor.py:153} INFO - Started process (PID=64847) to work on /home/james/airflowa/lib/python3.8/site-packages/airflow/example_dags/example_trigger_target_dag.py
[2022-06-07 22:39:28,484] {processor.py:641} INFO - Processing file /home/james/airflowa/lib/python3.8/site-packages/airflow/example_dags/example_trigger_target_dag.py for tasks to queue
[2022-06-07 22:39:28,485] {logging_mixin.py:115} INFO - [2022-06-07 22:39:28,484] {dagbag.py:507} INFO - Filling up the DagBag from /home/james/airflowa/lib/python3.8/site-packages/airflow/example_dags/example_trigger_target_dag.py
[2022-06-07 22:39:28,498] {processor.py:651} INFO - DAG(s) dict_keys(['example_trigger_target_dag']) retrieved from /home/james/airflowa/lib/python3.8/site-packages/airflow/example_dags/example_trigger_target_dag.py
[2022-06-07 22:39:28,511] {logging_mixin.py:115} INFO - [2022-06-07 22:39:28,511] {dag.py:2379} INFO - Sync 1 DAGs
[2022-06-07 22:39:28,526] {logging_mixin.py:115} INFO - [2022-06-07 22:39:28,526] {dag.py:2927} INFO - Setting next_dagrun for example_trigger_target_dag to None, run_after=None
[2022-06-07 22:39:28,536] {processor.py:161} INFO - Processing /home/james/airflowa/lib/python3.8/site-packages/airflow/example_dags/example_trigger_target_dag.py took 0.055 seconds
[2022-06-07 22:40:04,826] {processor.py:153} INFO - Started process (PID=65573) to work on /home/james/airflowa/lib/python3.8/site-packages/airflow/example_dags/example_trigger_target_dag.py
[2022-06-07 22:40:04,826] {processor.py:641} INFO - Processing file /home/james/airflowa/lib/python3.8/site-packages/airflow/example_dags/example_trigger_target_dag.py for tasks to queue
[2022-06-07 22:40:04,827] {logging_mixin.py:115} INFO - [2022-06-07 22:40:04,827] {dagbag.py:507} INFO - Filling up the DagBag from /home/james/airflowa/lib/python3.8/site-packages/airflow/example_dags/example_trigger_target_dag.py
[2022-06-07 22:40:04,840] {processor.py:651} INFO - DAG(s) dict_keys(['example_trigger_target_dag']) retrieved from /home/james/airflowa/lib/python3.8/site-packages/airflow/example_dags/example_trigger_target_dag.py
[2022-06-07 22:40:04,853] {logging_mixin.py:115} INFO - [2022-06-07 22:40:04,853] {dag.py:2379} INFO - Sync 1 DAGs
[2022-06-07 22:40:04,869] {logging_mixin.py:115} INFO - [2022-06-07 22:40:04,869] {dag.py:2927} INFO - Setting next_dagrun for example_trigger_target_dag to None, run_after=None
[2022-06-07 22:40:04,882] {processor.py:161} INFO - Processing /home/james/airflowa/lib/python3.8/site-packages/airflow/example_dags/example_trigger_target_dag.py took 0.058 seconds
[2022-06-07 22:40:38,286] {processor.py:153} INFO - Started process (PID=65727) to work on /home/james/airflowa/lib/python3.8/site-packages/airflow/example_dags/example_trigger_target_dag.py
[2022-06-07 22:40:38,286] {processor.py:641} INFO - Processing file /home/james/airflowa/lib/python3.8/site-packages/airflow/example_dags/example_trigger_target_dag.py for tasks to queue
[2022-06-07 22:40:38,287] {logging_mixin.py:115} INFO - [2022-06-07 22:40:38,286] {dagbag.py:507} INFO - Filling up the DagBag from /home/james/airflowa/lib/python3.8/site-packages/airflow/example_dags/example_trigger_target_dag.py
[2022-06-07 22:40:38,303] {processor.py:651} INFO - DAG(s) dict_keys(['example_trigger_target_dag']) retrieved from /home/james/airflowa/lib/python3.8/site-packages/airflow/example_dags/example_trigger_target_dag.py
[2022-06-07 22:40:38,316] {logging_mixin.py:115} INFO - [2022-06-07 22:40:38,316] {dag.py:2379} INFO - Sync 1 DAGs
[2022-06-07 22:40:38,333] {logging_mixin.py:115} INFO - [2022-06-07 22:40:38,333] {dag.py:2927} INFO - Setting next_dagrun for example_trigger_target_dag to None, run_after=None
[2022-06-07 22:40:38,344] {processor.py:161} INFO - Processing /home/james/airflowa/lib/python3.8/site-packages/airflow/example_dags/example_trigger_target_dag.py took 0.060 seconds
[2022-06-07 22:41:16,516] {processor.py:153} INFO - Started process (PID=65883) to work on /home/james/airflowa/lib/python3.8/site-packages/airflow/example_dags/example_trigger_target_dag.py
[2022-06-07 22:41:16,516] {processor.py:641} INFO - Processing file /home/james/airflowa/lib/python3.8/site-packages/airflow/example_dags/example_trigger_target_dag.py for tasks to queue
[2022-06-07 22:41:16,517] {logging_mixin.py:115} INFO - [2022-06-07 22:41:16,517] {dagbag.py:507} INFO - Filling up the DagBag from /home/james/airflowa/lib/python3.8/site-packages/airflow/example_dags/example_trigger_target_dag.py
[2022-06-07 22:41:16,592] {processor.py:651} INFO - DAG(s) dict_keys(['example_trigger_target_dag']) retrieved from /home/james/airflowa/lib/python3.8/site-packages/airflow/example_dags/example_trigger_target_dag.py
[2022-06-07 22:41:16,636] {logging_mixin.py:115} INFO - [2022-06-07 22:41:16,636] {dag.py:2379} INFO - Sync 1 DAGs
[2022-06-07 22:41:16,663] {logging_mixin.py:115} INFO - [2022-06-07 22:41:16,663] {dag.py:2927} INFO - Setting next_dagrun for example_trigger_target_dag to None, run_after=None
[2022-06-07 22:41:16,677] {processor.py:161} INFO - Processing /home/james/airflowa/lib/python3.8/site-packages/airflow/example_dags/example_trigger_target_dag.py took 0.166 seconds
[2022-06-07 22:41:50,549] {processor.py:153} INFO - Started process (PID=66114) to work on /home/james/airflowa/lib/python3.8/site-packages/airflow/example_dags/example_trigger_target_dag.py
[2022-06-07 22:41:50,549] {processor.py:641} INFO - Processing file /home/james/airflowa/lib/python3.8/site-packages/airflow/example_dags/example_trigger_target_dag.py for tasks to queue
[2022-06-07 22:41:50,550] {logging_mixin.py:115} INFO - [2022-06-07 22:41:50,550] {dagbag.py:507} INFO - Filling up the DagBag from /home/james/airflowa/lib/python3.8/site-packages/airflow/example_dags/example_trigger_target_dag.py
[2022-06-07 22:41:50,565] {processor.py:651} INFO - DAG(s) dict_keys(['example_trigger_target_dag']) retrieved from /home/james/airflowa/lib/python3.8/site-packages/airflow/example_dags/example_trigger_target_dag.py
[2022-06-07 22:41:50,580] {logging_mixin.py:115} INFO - [2022-06-07 22:41:50,580] {dag.py:2379} INFO - Sync 1 DAGs
[2022-06-07 22:41:50,596] {logging_mixin.py:115} INFO - [2022-06-07 22:41:50,596] {dag.py:2927} INFO - Setting next_dagrun for example_trigger_target_dag to None, run_after=None
[2022-06-07 22:41:50,607] {processor.py:161} INFO - Processing /home/james/airflowa/lib/python3.8/site-packages/airflow/example_dags/example_trigger_target_dag.py took 0.062 seconds
