[2022-06-07 22:33:00,182] {processor.py:153} INFO - Started process (PID=62498) to work on /home/james/airflowa/lib/python3.8/site-packages/airflow/example_dags/example_task_group_decorator.py
[2022-06-07 22:33:00,182] {processor.py:641} INFO - Processing file /home/james/airflowa/lib/python3.8/site-packages/airflow/example_dags/example_task_group_decorator.py for tasks to queue
[2022-06-07 22:33:00,183] {logging_mixin.py:115} INFO - [2022-06-07 22:33:00,183] {dagbag.py:507} INFO - Filling up the DagBag from /home/james/airflowa/lib/python3.8/site-packages/airflow/example_dags/example_task_group_decorator.py
[2022-06-07 22:33:00,219] {processor.py:651} INFO - DAG(s) dict_keys(['example_task_group_decorator']) retrieved from /home/james/airflowa/lib/python3.8/site-packages/airflow/example_dags/example_task_group_decorator.py
[2022-06-07 22:33:00,306] {logging_mixin.py:115} INFO - [2022-06-07 22:33:00,306] {dag.py:2379} INFO - Sync 1 DAGs
[2022-06-07 22:33:00,330] {logging_mixin.py:115} INFO - [2022-06-07 22:33:00,330] {dag.py:2927} INFO - Setting next_dagrun for example_task_group_decorator to 2022-06-06T19:33:00.329819+00:00, run_after=2022-06-07T19:33:00.329819+00:00
[2022-06-07 22:33:00,351] {processor.py:161} INFO - Processing /home/james/airflowa/lib/python3.8/site-packages/airflow/example_dags/example_task_group_decorator.py took 0.173 seconds
[2022-06-07 22:33:41,532] {processor.py:153} INFO - Started process (PID=62730) to work on /home/james/airflowa/lib/python3.8/site-packages/airflow/example_dags/example_task_group_decorator.py
[2022-06-07 22:33:41,533] {processor.py:641} INFO - Processing file /home/james/airflowa/lib/python3.8/site-packages/airflow/example_dags/example_task_group_decorator.py for tasks to queue
[2022-06-07 22:33:41,533] {logging_mixin.py:115} INFO - [2022-06-07 22:33:41,533] {dagbag.py:507} INFO - Filling up the DagBag from /home/james/airflowa/lib/python3.8/site-packages/airflow/example_dags/example_task_group_decorator.py
[2022-06-07 22:33:41,581] {processor.py:651} INFO - DAG(s) dict_keys(['example_task_group_decorator']) retrieved from /home/james/airflowa/lib/python3.8/site-packages/airflow/example_dags/example_task_group_decorator.py
[2022-06-07 22:33:41,644] {logging_mixin.py:115} INFO - [2022-06-07 22:33:41,644] {dag.py:2379} INFO - Sync 1 DAGs
[2022-06-07 22:33:41,668] {logging_mixin.py:115} INFO - [2022-06-07 22:33:41,668] {dag.py:2927} INFO - Setting next_dagrun for example_task_group_decorator to 2022-06-06T19:33:41.667840+00:00, run_after=2022-06-07T19:33:41.667840+00:00
[2022-06-07 22:33:41,685] {processor.py:161} INFO - Processing /home/james/airflowa/lib/python3.8/site-packages/airflow/example_dags/example_task_group_decorator.py took 0.157 seconds
[2022-06-07 22:34:20,180] {processor.py:153} INFO - Started process (PID=63030) to work on /home/james/airflowa/lib/python3.8/site-packages/airflow/example_dags/example_task_group_decorator.py
[2022-06-07 22:34:20,181] {processor.py:641} INFO - Processing file /home/james/airflowa/lib/python3.8/site-packages/airflow/example_dags/example_task_group_decorator.py for tasks to queue
[2022-06-07 22:34:20,182] {logging_mixin.py:115} INFO - [2022-06-07 22:34:20,182] {dagbag.py:507} INFO - Filling up the DagBag from /home/james/airflowa/lib/python3.8/site-packages/airflow/example_dags/example_task_group_decorator.py
[2022-06-07 22:34:20,214] {processor.py:651} INFO - DAG(s) dict_keys(['example_task_group_decorator']) retrieved from /home/james/airflowa/lib/python3.8/site-packages/airflow/example_dags/example_task_group_decorator.py
[2022-06-07 22:34:20,258] {logging_mixin.py:115} INFO - [2022-06-07 22:34:20,258] {dag.py:2379} INFO - Sync 1 DAGs
[2022-06-07 22:34:20,275] {logging_mixin.py:115} INFO - [2022-06-07 22:34:20,274] {dag.py:2927} INFO - Setting next_dagrun for example_task_group_decorator to 2022-06-06T19:34:20.274766+00:00, run_after=2022-06-07T19:34:20.274766+00:00
[2022-06-07 22:34:20,288] {processor.py:161} INFO - Processing /home/james/airflowa/lib/python3.8/site-packages/airflow/example_dags/example_task_group_decorator.py took 0.111 seconds
[2022-06-07 22:35:00,083] {processor.py:153} INFO - Started process (PID=63277) to work on /home/james/airflowa/lib/python3.8/site-packages/airflow/example_dags/example_task_group_decorator.py
[2022-06-07 22:35:00,084] {processor.py:641} INFO - Processing file /home/james/airflowa/lib/python3.8/site-packages/airflow/example_dags/example_task_group_decorator.py for tasks to queue
[2022-06-07 22:35:00,085] {logging_mixin.py:115} INFO - [2022-06-07 22:35:00,085] {dagbag.py:507} INFO - Filling up the DagBag from /home/james/airflowa/lib/python3.8/site-packages/airflow/example_dags/example_task_group_decorator.py
[2022-06-07 22:35:00,125] {processor.py:651} INFO - DAG(s) dict_keys(['example_task_group_decorator']) retrieved from /home/james/airflowa/lib/python3.8/site-packages/airflow/example_dags/example_task_group_decorator.py
[2022-06-07 22:35:00,197] {logging_mixin.py:115} INFO - [2022-06-07 22:35:00,197] {dag.py:2379} INFO - Sync 1 DAGs
[2022-06-07 22:35:00,221] {logging_mixin.py:115} INFO - [2022-06-07 22:35:00,220] {dag.py:2927} INFO - Setting next_dagrun for example_task_group_decorator to 2022-06-06T19:35:00.220543+00:00, run_after=2022-06-07T19:35:00.220543+00:00
[2022-06-07 22:35:00,238] {processor.py:161} INFO - Processing /home/james/airflowa/lib/python3.8/site-packages/airflow/example_dags/example_task_group_decorator.py took 0.158 seconds
[2022-06-07 22:35:38,233] {processor.py:153} INFO - Started process (PID=63482) to work on /home/james/airflowa/lib/python3.8/site-packages/airflow/example_dags/example_task_group_decorator.py
[2022-06-07 22:35:38,233] {processor.py:641} INFO - Processing file /home/james/airflowa/lib/python3.8/site-packages/airflow/example_dags/example_task_group_decorator.py for tasks to queue
[2022-06-07 22:35:38,234] {logging_mixin.py:115} INFO - [2022-06-07 22:35:38,234] {dagbag.py:507} INFO - Filling up the DagBag from /home/james/airflowa/lib/python3.8/site-packages/airflow/example_dags/example_task_group_decorator.py
[2022-06-07 22:35:38,260] {processor.py:651} INFO - DAG(s) dict_keys(['example_task_group_decorator']) retrieved from /home/james/airflowa/lib/python3.8/site-packages/airflow/example_dags/example_task_group_decorator.py
[2022-06-07 22:35:38,277] {logging_mixin.py:115} INFO - [2022-06-07 22:35:38,277] {dag.py:2379} INFO - Sync 1 DAGs
[2022-06-07 22:35:38,294] {logging_mixin.py:115} INFO - [2022-06-07 22:35:38,294] {dag.py:2927} INFO - Setting next_dagrun for example_task_group_decorator to 2022-06-06T19:35:38.293844+00:00, run_after=2022-06-07T19:35:38.293844+00:00
[2022-06-07 22:35:38,307] {processor.py:161} INFO - Processing /home/james/airflowa/lib/python3.8/site-packages/airflow/example_dags/example_task_group_decorator.py took 0.077 seconds
[2022-06-07 22:36:13,050] {processor.py:153} INFO - Started process (PID=63628) to work on /home/james/airflowa/lib/python3.8/site-packages/airflow/example_dags/example_task_group_decorator.py
[2022-06-07 22:36:13,052] {processor.py:641} INFO - Processing file /home/james/airflowa/lib/python3.8/site-packages/airflow/example_dags/example_task_group_decorator.py for tasks to queue
[2022-06-07 22:36:13,053] {logging_mixin.py:115} INFO - [2022-06-07 22:36:13,053] {dagbag.py:507} INFO - Filling up the DagBag from /home/james/airflowa/lib/python3.8/site-packages/airflow/example_dags/example_task_group_decorator.py
[2022-06-07 22:36:13,121] {processor.py:651} INFO - DAG(s) dict_keys(['example_task_group_decorator']) retrieved from /home/james/airflowa/lib/python3.8/site-packages/airflow/example_dags/example_task_group_decorator.py
[2022-06-07 22:36:13,246] {logging_mixin.py:115} INFO - [2022-06-07 22:36:13,246] {dag.py:2379} INFO - Sync 1 DAGs
[2022-06-07 22:36:13,292] {logging_mixin.py:115} INFO - [2022-06-07 22:36:13,292] {dag.py:2927} INFO - Setting next_dagrun for example_task_group_decorator to 2022-06-06T19:36:13.291526+00:00, run_after=2022-06-07T19:36:13.291526+00:00
[2022-06-07 22:36:13,332] {processor.py:161} INFO - Processing /home/james/airflowa/lib/python3.8/site-packages/airflow/example_dags/example_task_group_decorator.py took 0.290 seconds
[2022-06-07 22:36:49,226] {processor.py:153} INFO - Started process (PID=63779) to work on /home/james/airflowa/lib/python3.8/site-packages/airflow/example_dags/example_task_group_decorator.py
[2022-06-07 22:36:49,227] {processor.py:641} INFO - Processing file /home/james/airflowa/lib/python3.8/site-packages/airflow/example_dags/example_task_group_decorator.py for tasks to queue
[2022-06-07 22:36:49,228] {logging_mixin.py:115} INFO - [2022-06-07 22:36:49,228] {dagbag.py:507} INFO - Filling up the DagBag from /home/james/airflowa/lib/python3.8/site-packages/airflow/example_dags/example_task_group_decorator.py
[2022-06-07 22:36:49,263] {processor.py:651} INFO - DAG(s) dict_keys(['example_task_group_decorator']) retrieved from /home/james/airflowa/lib/python3.8/site-packages/airflow/example_dags/example_task_group_decorator.py
[2022-06-07 22:36:49,324] {logging_mixin.py:115} INFO - [2022-06-07 22:36:49,323] {dag.py:2379} INFO - Sync 1 DAGs
[2022-06-07 22:36:49,346] {logging_mixin.py:115} INFO - [2022-06-07 22:36:49,346] {dag.py:2927} INFO - Setting next_dagrun for example_task_group_decorator to 2022-06-06T19:36:49.346425+00:00, run_after=2022-06-07T19:36:49.346425+00:00
[2022-06-07 22:36:49,363] {processor.py:161} INFO - Processing /home/james/airflowa/lib/python3.8/site-packages/airflow/example_dags/example_task_group_decorator.py took 0.140 seconds
[2022-06-07 22:37:25,579] {processor.py:153} INFO - Started process (PID=64078) to work on /home/james/airflowa/lib/python3.8/site-packages/airflow/example_dags/example_task_group_decorator.py
[2022-06-07 22:37:25,580] {processor.py:641} INFO - Processing file /home/james/airflowa/lib/python3.8/site-packages/airflow/example_dags/example_task_group_decorator.py for tasks to queue
[2022-06-07 22:37:25,580] {logging_mixin.py:115} INFO - [2022-06-07 22:37:25,580] {dagbag.py:507} INFO - Filling up the DagBag from /home/james/airflowa/lib/python3.8/site-packages/airflow/example_dags/example_task_group_decorator.py
[2022-06-07 22:37:25,607] {processor.py:651} INFO - DAG(s) dict_keys(['example_task_group_decorator']) retrieved from /home/james/airflowa/lib/python3.8/site-packages/airflow/example_dags/example_task_group_decorator.py
[2022-06-07 22:37:25,622] {logging_mixin.py:115} INFO - [2022-06-07 22:37:25,622] {dag.py:2379} INFO - Sync 1 DAGs
[2022-06-07 22:37:25,637] {logging_mixin.py:115} INFO - [2022-06-07 22:37:25,637] {dag.py:2927} INFO - Setting next_dagrun for example_task_group_decorator to 2022-06-06T19:37:25.636802+00:00, run_after=2022-06-07T19:37:25.636802+00:00
[2022-06-07 22:37:25,647] {processor.py:161} INFO - Processing /home/james/airflowa/lib/python3.8/site-packages/airflow/example_dags/example_task_group_decorator.py took 0.072 seconds
[2022-06-07 22:38:06,097] {processor.py:153} INFO - Started process (PID=64341) to work on /home/james/airflowa/lib/python3.8/site-packages/airflow/example_dags/example_task_group_decorator.py
[2022-06-07 22:38:06,098] {processor.py:641} INFO - Processing file /home/james/airflowa/lib/python3.8/site-packages/airflow/example_dags/example_task_group_decorator.py for tasks to queue
[2022-06-07 22:38:06,099] {logging_mixin.py:115} INFO - [2022-06-07 22:38:06,099] {dagbag.py:507} INFO - Filling up the DagBag from /home/james/airflowa/lib/python3.8/site-packages/airflow/example_dags/example_task_group_decorator.py
[2022-06-07 22:38:06,155] {processor.py:651} INFO - DAG(s) dict_keys(['example_task_group_decorator']) retrieved from /home/james/airflowa/lib/python3.8/site-packages/airflow/example_dags/example_task_group_decorator.py
[2022-06-07 22:38:06,186] {logging_mixin.py:115} INFO - [2022-06-07 22:38:06,185] {dag.py:2379} INFO - Sync 1 DAGs
[2022-06-07 22:38:06,222] {logging_mixin.py:115} INFO - [2022-06-07 22:38:06,221] {dag.py:2927} INFO - Setting next_dagrun for example_task_group_decorator to 2022-06-06T19:38:06.221532+00:00, run_after=2022-06-07T19:38:06.221532+00:00
[2022-06-07 22:38:06,248] {processor.py:161} INFO - Processing /home/james/airflowa/lib/python3.8/site-packages/airflow/example_dags/example_task_group_decorator.py took 0.155 seconds
[2022-06-07 22:38:42,648] {processor.py:153} INFO - Started process (PID=64505) to work on /home/james/airflowa/lib/python3.8/site-packages/airflow/example_dags/example_task_group_decorator.py
[2022-06-07 22:38:42,656] {processor.py:641} INFO - Processing file /home/james/airflowa/lib/python3.8/site-packages/airflow/example_dags/example_task_group_decorator.py for tasks to queue
[2022-06-07 22:38:42,656] {logging_mixin.py:115} INFO - [2022-06-07 22:38:42,656] {dagbag.py:507} INFO - Filling up the DagBag from /home/james/airflowa/lib/python3.8/site-packages/airflow/example_dags/example_task_group_decorator.py
[2022-06-07 22:38:42,700] {processor.py:651} INFO - DAG(s) dict_keys(['example_task_group_decorator']) retrieved from /home/james/airflowa/lib/python3.8/site-packages/airflow/example_dags/example_task_group_decorator.py
[2022-06-07 22:38:42,731] {logging_mixin.py:115} INFO - [2022-06-07 22:38:42,731] {dag.py:2379} INFO - Sync 1 DAGs
[2022-06-07 22:38:42,762] {logging_mixin.py:115} INFO - [2022-06-07 22:38:42,762] {dag.py:2927} INFO - Setting next_dagrun for example_task_group_decorator to 2022-06-06T19:38:42.762225+00:00, run_after=2022-06-07T19:38:42.762225+00:00
[2022-06-07 22:38:42,777] {processor.py:161} INFO - Processing /home/james/airflowa/lib/python3.8/site-packages/airflow/example_dags/example_task_group_decorator.py took 0.133 seconds
[2022-06-07 22:39:20,651] {processor.py:153} INFO - Started process (PID=64763) to work on /home/james/airflowa/lib/python3.8/site-packages/airflow/example_dags/example_task_group_decorator.py
[2022-06-07 22:39:20,652] {processor.py:641} INFO - Processing file /home/james/airflowa/lib/python3.8/site-packages/airflow/example_dags/example_task_group_decorator.py for tasks to queue
[2022-06-07 22:39:20,652] {logging_mixin.py:115} INFO - [2022-06-07 22:39:20,652] {dagbag.py:507} INFO - Filling up the DagBag from /home/james/airflowa/lib/python3.8/site-packages/airflow/example_dags/example_task_group_decorator.py
[2022-06-07 22:39:20,675] {processor.py:651} INFO - DAG(s) dict_keys(['example_task_group_decorator']) retrieved from /home/james/airflowa/lib/python3.8/site-packages/airflow/example_dags/example_task_group_decorator.py
[2022-06-07 22:39:20,689] {logging_mixin.py:115} INFO - [2022-06-07 22:39:20,689] {dag.py:2379} INFO - Sync 1 DAGs
[2022-06-07 22:39:20,705] {logging_mixin.py:115} INFO - [2022-06-07 22:39:20,705] {dag.py:2927} INFO - Setting next_dagrun for example_task_group_decorator to 2022-06-06T19:39:20.705070+00:00, run_after=2022-06-07T19:39:20.705070+00:00
[2022-06-07 22:39:20,720] {processor.py:161} INFO - Processing /home/james/airflowa/lib/python3.8/site-packages/airflow/example_dags/example_task_group_decorator.py took 0.071 seconds
[2022-06-07 22:39:58,242] {processor.py:153} INFO - Started process (PID=65143) to work on /home/james/airflowa/lib/python3.8/site-packages/airflow/example_dags/example_task_group_decorator.py
[2022-06-07 22:39:58,243] {processor.py:641} INFO - Processing file /home/james/airflowa/lib/python3.8/site-packages/airflow/example_dags/example_task_group_decorator.py for tasks to queue
[2022-06-07 22:39:58,243] {logging_mixin.py:115} INFO - [2022-06-07 22:39:58,243] {dagbag.py:507} INFO - Filling up the DagBag from /home/james/airflowa/lib/python3.8/site-packages/airflow/example_dags/example_task_group_decorator.py
[2022-06-07 22:39:58,266] {processor.py:651} INFO - DAG(s) dict_keys(['example_task_group_decorator']) retrieved from /home/james/airflowa/lib/python3.8/site-packages/airflow/example_dags/example_task_group_decorator.py
[2022-06-07 22:39:58,304] {logging_mixin.py:115} INFO - [2022-06-07 22:39:58,304] {dag.py:2379} INFO - Sync 1 DAGs
[2022-06-07 22:39:58,318] {logging_mixin.py:115} INFO - [2022-06-07 22:39:58,318] {dag.py:2927} INFO - Setting next_dagrun for example_task_group_decorator to 2022-06-06T19:39:58.318420+00:00, run_after=2022-06-07T19:39:58.318420+00:00
[2022-06-07 22:39:58,331] {processor.py:161} INFO - Processing /home/james/airflowa/lib/python3.8/site-packages/airflow/example_dags/example_task_group_decorator.py took 0.092 seconds
[2022-06-07 22:40:39,421] {processor.py:153} INFO - Started process (PID=65728) to work on /home/james/airflowa/lib/python3.8/site-packages/airflow/example_dags/example_task_group_decorator.py
[2022-06-07 22:40:39,422] {processor.py:641} INFO - Processing file /home/james/airflowa/lib/python3.8/site-packages/airflow/example_dags/example_task_group_decorator.py for tasks to queue
[2022-06-07 22:40:39,422] {logging_mixin.py:115} INFO - [2022-06-07 22:40:39,422] {dagbag.py:507} INFO - Filling up the DagBag from /home/james/airflowa/lib/python3.8/site-packages/airflow/example_dags/example_task_group_decorator.py
[2022-06-07 22:40:39,444] {processor.py:651} INFO - DAG(s) dict_keys(['example_task_group_decorator']) retrieved from /home/james/airflowa/lib/python3.8/site-packages/airflow/example_dags/example_task_group_decorator.py
[2022-06-07 22:40:39,458] {logging_mixin.py:115} INFO - [2022-06-07 22:40:39,458] {dag.py:2379} INFO - Sync 1 DAGs
[2022-06-07 22:40:39,473] {logging_mixin.py:115} INFO - [2022-06-07 22:40:39,473] {dag.py:2927} INFO - Setting next_dagrun for example_task_group_decorator to 2022-06-06T19:40:39.473093+00:00, run_after=2022-06-07T19:40:39.473093+00:00
[2022-06-07 22:40:39,484] {processor.py:161} INFO - Processing /home/james/airflowa/lib/python3.8/site-packages/airflow/example_dags/example_task_group_decorator.py took 0.065 seconds
[2022-06-07 22:41:17,201] {processor.py:153} INFO - Started process (PID=65907) to work on /home/james/airflowa/lib/python3.8/site-packages/airflow/example_dags/example_task_group_decorator.py
[2022-06-07 22:41:17,204] {processor.py:641} INFO - Processing file /home/james/airflowa/lib/python3.8/site-packages/airflow/example_dags/example_task_group_decorator.py for tasks to queue
[2022-06-07 22:41:17,204] {logging_mixin.py:115} INFO - [2022-06-07 22:41:17,204] {dagbag.py:507} INFO - Filling up the DagBag from /home/james/airflowa/lib/python3.8/site-packages/airflow/example_dags/example_task_group_decorator.py
[2022-06-07 22:41:17,233] {processor.py:651} INFO - DAG(s) dict_keys(['example_task_group_decorator']) retrieved from /home/james/airflowa/lib/python3.8/site-packages/airflow/example_dags/example_task_group_decorator.py
[2022-06-07 22:41:17,295] {logging_mixin.py:115} INFO - [2022-06-07 22:41:17,295] {dag.py:2379} INFO - Sync 1 DAGs
[2022-06-07 22:41:17,314] {logging_mixin.py:115} INFO - [2022-06-07 22:41:17,314] {dag.py:2927} INFO - Setting next_dagrun for example_task_group_decorator to 2022-06-06T19:41:17.314438+00:00, run_after=2022-06-07T19:41:17.314438+00:00
[2022-06-07 22:41:17,333] {processor.py:161} INFO - Processing /home/james/airflowa/lib/python3.8/site-packages/airflow/example_dags/example_task_group_decorator.py took 0.135 seconds
[2022-06-07 22:41:57,549] {processor.py:153} INFO - Started process (PID=66195) to work on /home/james/airflowa/lib/python3.8/site-packages/airflow/example_dags/example_task_group_decorator.py
[2022-06-07 22:41:57,549] {processor.py:641} INFO - Processing file /home/james/airflowa/lib/python3.8/site-packages/airflow/example_dags/example_task_group_decorator.py for tasks to queue
[2022-06-07 22:41:57,550] {logging_mixin.py:115} INFO - [2022-06-07 22:41:57,550] {dagbag.py:507} INFO - Filling up the DagBag from /home/james/airflowa/lib/python3.8/site-packages/airflow/example_dags/example_task_group_decorator.py
[2022-06-07 22:41:57,607] {processor.py:651} INFO - DAG(s) dict_keys(['example_task_group_decorator']) retrieved from /home/james/airflowa/lib/python3.8/site-packages/airflow/example_dags/example_task_group_decorator.py
[2022-06-07 22:41:57,704] {logging_mixin.py:115} INFO - [2022-06-07 22:41:57,704] {dag.py:2379} INFO - Sync 1 DAGs
[2022-06-07 22:41:57,735] {logging_mixin.py:115} INFO - [2022-06-07 22:41:57,735] {dag.py:2927} INFO - Setting next_dagrun for example_task_group_decorator to 2022-06-06T19:41:57.735118+00:00, run_after=2022-06-07T19:41:57.735118+00:00
[2022-06-07 22:41:57,754] {processor.py:161} INFO - Processing /home/james/airflowa/lib/python3.8/site-packages/airflow/example_dags/example_task_group_decorator.py took 0.208 seconds
