[2022-06-07 22:33:07,173] {processor.py:153} INFO - Started process (PID=62530) to work on /home/james/airflowa/lib/python3.8/site-packages/airflow/example_dags/example_sla_dag.py
[2022-06-07 22:33:07,174] {processor.py:641} INFO - Processing file /home/james/airflowa/lib/python3.8/site-packages/airflow/example_dags/example_sla_dag.py for tasks to queue
[2022-06-07 22:33:07,175] {logging_mixin.py:115} INFO - [2022-06-07 22:33:07,175] {dagbag.py:507} INFO - Filling up the DagBag from /home/james/airflowa/lib/python3.8/site-packages/airflow/example_dags/example_sla_dag.py
[2022-06-07 22:33:07,200] {processor.py:651} INFO - DAG(s) dict_keys(['example_sla_dag']) retrieved from /home/james/airflowa/lib/python3.8/site-packages/airflow/example_dags/example_sla_dag.py
[2022-06-07 22:33:07,220] {logging_mixin.py:115} INFO - [2022-06-07 22:33:07,219] {dag.py:2379} INFO - Sync 1 DAGs
[2022-06-07 22:33:07,254] {logging_mixin.py:115} INFO - [2022-06-07 22:33:07,254] {dag.py:2927} INFO - Setting next_dagrun for example_sla_dag to 2022-06-07T19:30:00+00:00, run_after=2022-06-07T19:32:00+00:00
[2022-06-07 22:33:07,270] {processor.py:161} INFO - Processing /home/james/airflowa/lib/python3.8/site-packages/airflow/example_dags/example_sla_dag.py took 0.100 seconds
[2022-06-07 22:33:49,311] {processor.py:153} INFO - Started process (PID=62763) to work on /home/james/airflowa/lib/python3.8/site-packages/airflow/example_dags/example_sla_dag.py
[2022-06-07 22:33:49,311] {processor.py:641} INFO - Processing file /home/james/airflowa/lib/python3.8/site-packages/airflow/example_dags/example_sla_dag.py for tasks to queue
[2022-06-07 22:33:49,312] {logging_mixin.py:115} INFO - [2022-06-07 22:33:49,312] {dagbag.py:507} INFO - Filling up the DagBag from /home/james/airflowa/lib/python3.8/site-packages/airflow/example_dags/example_sla_dag.py
[2022-06-07 22:33:49,340] {processor.py:651} INFO - DAG(s) dict_keys(['example_sla_dag']) retrieved from /home/james/airflowa/lib/python3.8/site-packages/airflow/example_dags/example_sla_dag.py
[2022-06-07 22:33:49,365] {logging_mixin.py:115} INFO - [2022-06-07 22:33:49,365] {dag.py:2379} INFO - Sync 1 DAGs
[2022-06-07 22:33:49,398] {logging_mixin.py:115} INFO - [2022-06-07 22:33:49,398] {dag.py:2927} INFO - Setting next_dagrun for example_sla_dag to 2022-06-07T19:30:00+00:00, run_after=2022-06-07T19:32:00+00:00
[2022-06-07 22:33:49,413] {processor.py:161} INFO - Processing /home/james/airflowa/lib/python3.8/site-packages/airflow/example_dags/example_sla_dag.py took 0.107 seconds
[2022-06-07 22:34:28,171] {processor.py:153} INFO - Started process (PID=63130) to work on /home/james/airflowa/lib/python3.8/site-packages/airflow/example_dags/example_sla_dag.py
[2022-06-07 22:34:28,172] {processor.py:641} INFO - Processing file /home/james/airflowa/lib/python3.8/site-packages/airflow/example_dags/example_sla_dag.py for tasks to queue
[2022-06-07 22:34:28,173] {logging_mixin.py:115} INFO - [2022-06-07 22:34:28,173] {dagbag.py:507} INFO - Filling up the DagBag from /home/james/airflowa/lib/python3.8/site-packages/airflow/example_dags/example_sla_dag.py
[2022-06-07 22:34:28,196] {processor.py:651} INFO - DAG(s) dict_keys(['example_sla_dag']) retrieved from /home/james/airflowa/lib/python3.8/site-packages/airflow/example_dags/example_sla_dag.py
[2022-06-07 22:34:28,213] {logging_mixin.py:115} INFO - [2022-06-07 22:34:28,213] {dag.py:2379} INFO - Sync 1 DAGs
[2022-06-07 22:34:28,234] {logging_mixin.py:115} INFO - [2022-06-07 22:34:28,234] {dag.py:2927} INFO - Setting next_dagrun for example_sla_dag to 2022-06-07T19:32:00+00:00, run_after=2022-06-07T19:34:00+00:00
[2022-06-07 22:34:28,248] {processor.py:161} INFO - Processing /home/james/airflowa/lib/python3.8/site-packages/airflow/example_dags/example_sla_dag.py took 0.080 seconds
[2022-06-07 22:35:06,768] {processor.py:153} INFO - Started process (PID=63318) to work on /home/james/airflowa/lib/python3.8/site-packages/airflow/example_dags/example_sla_dag.py
[2022-06-07 22:35:06,769] {processor.py:641} INFO - Processing file /home/james/airflowa/lib/python3.8/site-packages/airflow/example_dags/example_sla_dag.py for tasks to queue
[2022-06-07 22:35:06,769] {logging_mixin.py:115} INFO - [2022-06-07 22:35:06,769] {dagbag.py:507} INFO - Filling up the DagBag from /home/james/airflowa/lib/python3.8/site-packages/airflow/example_dags/example_sla_dag.py
[2022-06-07 22:35:06,791] {processor.py:651} INFO - DAG(s) dict_keys(['example_sla_dag']) retrieved from /home/james/airflowa/lib/python3.8/site-packages/airflow/example_dags/example_sla_dag.py
[2022-06-07 22:35:06,809] {logging_mixin.py:115} INFO - [2022-06-07 22:35:06,809] {dag.py:2379} INFO - Sync 1 DAGs
[2022-06-07 22:35:06,837] {logging_mixin.py:115} INFO - [2022-06-07 22:35:06,837] {dag.py:2927} INFO - Setting next_dagrun for example_sla_dag to 2022-06-07T19:32:00+00:00, run_after=2022-06-07T19:34:00+00:00
[2022-06-07 22:35:06,851] {processor.py:161} INFO - Processing /home/james/airflowa/lib/python3.8/site-packages/airflow/example_dags/example_sla_dag.py took 0.087 seconds
[2022-06-07 22:35:47,360] {processor.py:153} INFO - Started process (PID=63516) to work on /home/james/airflowa/lib/python3.8/site-packages/airflow/example_dags/example_sla_dag.py
[2022-06-07 22:35:47,360] {processor.py:641} INFO - Processing file /home/james/airflowa/lib/python3.8/site-packages/airflow/example_dags/example_sla_dag.py for tasks to queue
[2022-06-07 22:35:47,361] {logging_mixin.py:115} INFO - [2022-06-07 22:35:47,360] {dagbag.py:507} INFO - Filling up the DagBag from /home/james/airflowa/lib/python3.8/site-packages/airflow/example_dags/example_sla_dag.py
[2022-06-07 22:35:47,378] {processor.py:651} INFO - DAG(s) dict_keys(['example_sla_dag']) retrieved from /home/james/airflowa/lib/python3.8/site-packages/airflow/example_dags/example_sla_dag.py
[2022-06-07 22:35:47,393] {logging_mixin.py:115} INFO - [2022-06-07 22:35:47,392] {dag.py:2379} INFO - Sync 1 DAGs
[2022-06-07 22:35:47,413] {logging_mixin.py:115} INFO - [2022-06-07 22:35:47,413] {dag.py:2927} INFO - Setting next_dagrun for example_sla_dag to 2022-06-07T19:32:00+00:00, run_after=2022-06-07T19:34:00+00:00
[2022-06-07 22:35:47,426] {processor.py:161} INFO - Processing /home/james/airflowa/lib/python3.8/site-packages/airflow/example_dags/example_sla_dag.py took 0.069 seconds
[2022-06-07 22:36:27,416] {processor.py:153} INFO - Started process (PID=63687) to work on /home/james/airflowa/lib/python3.8/site-packages/airflow/example_dags/example_sla_dag.py
[2022-06-07 22:36:27,417] {processor.py:641} INFO - Processing file /home/james/airflowa/lib/python3.8/site-packages/airflow/example_dags/example_sla_dag.py for tasks to queue
[2022-06-07 22:36:27,417] {logging_mixin.py:115} INFO - [2022-06-07 22:36:27,417] {dagbag.py:507} INFO - Filling up the DagBag from /home/james/airflowa/lib/python3.8/site-packages/airflow/example_dags/example_sla_dag.py
[2022-06-07 22:36:27,444] {processor.py:651} INFO - DAG(s) dict_keys(['example_sla_dag']) retrieved from /home/james/airflowa/lib/python3.8/site-packages/airflow/example_dags/example_sla_dag.py
[2022-06-07 22:36:27,466] {logging_mixin.py:115} INFO - [2022-06-07 22:36:27,466] {dag.py:2379} INFO - Sync 1 DAGs
[2022-06-07 22:36:27,500] {logging_mixin.py:115} INFO - [2022-06-07 22:36:27,500] {dag.py:2927} INFO - Setting next_dagrun for example_sla_dag to 2022-06-07T19:34:00+00:00, run_after=2022-06-07T19:36:00+00:00
[2022-06-07 22:36:27,518] {processor.py:161} INFO - Processing /home/james/airflowa/lib/python3.8/site-packages/airflow/example_dags/example_sla_dag.py took 0.106 seconds
[2022-06-07 22:37:06,139] {processor.py:153} INFO - Started process (PID=63913) to work on /home/james/airflowa/lib/python3.8/site-packages/airflow/example_dags/example_sla_dag.py
[2022-06-07 22:37:06,140] {processor.py:641} INFO - Processing file /home/james/airflowa/lib/python3.8/site-packages/airflow/example_dags/example_sla_dag.py for tasks to queue
[2022-06-07 22:37:06,140] {logging_mixin.py:115} INFO - [2022-06-07 22:37:06,140] {dagbag.py:507} INFO - Filling up the DagBag from /home/james/airflowa/lib/python3.8/site-packages/airflow/example_dags/example_sla_dag.py
[2022-06-07 22:37:06,155] {processor.py:651} INFO - DAG(s) dict_keys(['example_sla_dag']) retrieved from /home/james/airflowa/lib/python3.8/site-packages/airflow/example_dags/example_sla_dag.py
[2022-06-07 22:37:06,168] {logging_mixin.py:115} INFO - [2022-06-07 22:37:06,168] {dag.py:2379} INFO - Sync 1 DAGs
[2022-06-07 22:37:06,186] {logging_mixin.py:115} INFO - [2022-06-07 22:37:06,186] {dag.py:2927} INFO - Setting next_dagrun for example_sla_dag to 2022-06-07T19:34:00+00:00, run_after=2022-06-07T19:36:00+00:00
[2022-06-07 22:37:06,197] {processor.py:161} INFO - Processing /home/james/airflowa/lib/python3.8/site-packages/airflow/example_dags/example_sla_dag.py took 0.060 seconds
[2022-06-07 22:37:45,205] {processor.py:153} INFO - Started process (PID=64198) to work on /home/james/airflowa/lib/python3.8/site-packages/airflow/example_dags/example_sla_dag.py
[2022-06-07 22:37:45,206] {processor.py:641} INFO - Processing file /home/james/airflowa/lib/python3.8/site-packages/airflow/example_dags/example_sla_dag.py for tasks to queue
[2022-06-07 22:37:45,206] {logging_mixin.py:115} INFO - [2022-06-07 22:37:45,206] {dagbag.py:507} INFO - Filling up the DagBag from /home/james/airflowa/lib/python3.8/site-packages/airflow/example_dags/example_sla_dag.py
[2022-06-07 22:37:45,221] {processor.py:651} INFO - DAG(s) dict_keys(['example_sla_dag']) retrieved from /home/james/airflowa/lib/python3.8/site-packages/airflow/example_dags/example_sla_dag.py
[2022-06-07 22:37:45,232] {logging_mixin.py:115} INFO - [2022-06-07 22:37:45,231] {dag.py:2379} INFO - Sync 1 DAGs
[2022-06-07 22:37:45,255] {logging_mixin.py:115} INFO - [2022-06-07 22:37:45,255] {dag.py:2927} INFO - Setting next_dagrun for example_sla_dag to 2022-06-07T19:34:00+00:00, run_after=2022-06-07T19:36:00+00:00
[2022-06-07 22:37:45,277] {processor.py:161} INFO - Processing /home/james/airflowa/lib/python3.8/site-packages/airflow/example_dags/example_sla_dag.py took 0.074 seconds
[2022-06-07 22:38:20,090] {processor.py:153} INFO - Started process (PID=64400) to work on /home/james/airflowa/lib/python3.8/site-packages/airflow/example_dags/example_sla_dag.py
[2022-06-07 22:38:20,090] {processor.py:641} INFO - Processing file /home/james/airflowa/lib/python3.8/site-packages/airflow/example_dags/example_sla_dag.py for tasks to queue
[2022-06-07 22:38:20,091] {logging_mixin.py:115} INFO - [2022-06-07 22:38:20,091] {dagbag.py:507} INFO - Filling up the DagBag from /home/james/airflowa/lib/python3.8/site-packages/airflow/example_dags/example_sla_dag.py
[2022-06-07 22:38:20,106] {processor.py:651} INFO - DAG(s) dict_keys(['example_sla_dag']) retrieved from /home/james/airflowa/lib/python3.8/site-packages/airflow/example_dags/example_sla_dag.py
[2022-06-07 22:38:20,118] {logging_mixin.py:115} INFO - [2022-06-07 22:38:20,118] {dag.py:2379} INFO - Sync 1 DAGs
[2022-06-07 22:38:20,136] {logging_mixin.py:115} INFO - [2022-06-07 22:38:20,136] {dag.py:2927} INFO - Setting next_dagrun for example_sla_dag to 2022-06-07T19:36:00+00:00, run_after=2022-06-07T19:38:00+00:00
[2022-06-07 22:38:20,146] {processor.py:161} INFO - Processing /home/james/airflowa/lib/python3.8/site-packages/airflow/example_dags/example_sla_dag.py took 0.059 seconds
[2022-06-07 22:38:57,596] {processor.py:153} INFO - Started process (PID=64590) to work on /home/james/airflowa/lib/python3.8/site-packages/airflow/example_dags/example_sla_dag.py
[2022-06-07 22:38:57,597] {processor.py:641} INFO - Processing file /home/james/airflowa/lib/python3.8/site-packages/airflow/example_dags/example_sla_dag.py for tasks to queue
[2022-06-07 22:38:57,597] {logging_mixin.py:115} INFO - [2022-06-07 22:38:57,597] {dagbag.py:507} INFO - Filling up the DagBag from /home/james/airflowa/lib/python3.8/site-packages/airflow/example_dags/example_sla_dag.py
[2022-06-07 22:38:57,613] {processor.py:651} INFO - DAG(s) dict_keys(['example_sla_dag']) retrieved from /home/james/airflowa/lib/python3.8/site-packages/airflow/example_dags/example_sla_dag.py
[2022-06-07 22:38:57,625] {logging_mixin.py:115} INFO - [2022-06-07 22:38:57,625] {dag.py:2379} INFO - Sync 1 DAGs
[2022-06-07 22:38:57,645] {logging_mixin.py:115} INFO - [2022-06-07 22:38:57,645] {dag.py:2927} INFO - Setting next_dagrun for example_sla_dag to 2022-06-07T19:36:00+00:00, run_after=2022-06-07T19:38:00+00:00
[2022-06-07 22:38:57,656] {processor.py:161} INFO - Processing /home/james/airflowa/lib/python3.8/site-packages/airflow/example_dags/example_sla_dag.py took 0.062 seconds
[2022-06-07 22:39:36,921] {processor.py:153} INFO - Started process (PID=64964) to work on /home/james/airflowa/lib/python3.8/site-packages/airflow/example_dags/example_sla_dag.py
[2022-06-07 22:39:36,922] {processor.py:641} INFO - Processing file /home/james/airflowa/lib/python3.8/site-packages/airflow/example_dags/example_sla_dag.py for tasks to queue
[2022-06-07 22:39:36,923] {logging_mixin.py:115} INFO - [2022-06-07 22:39:36,922] {dagbag.py:507} INFO - Filling up the DagBag from /home/james/airflowa/lib/python3.8/site-packages/airflow/example_dags/example_sla_dag.py
[2022-06-07 22:39:36,939] {processor.py:651} INFO - DAG(s) dict_keys(['example_sla_dag']) retrieved from /home/james/airflowa/lib/python3.8/site-packages/airflow/example_dags/example_sla_dag.py
[2022-06-07 22:39:36,954] {logging_mixin.py:115} INFO - [2022-06-07 22:39:36,954] {dag.py:2379} INFO - Sync 1 DAGs
[2022-06-07 22:39:36,971] {logging_mixin.py:115} INFO - [2022-06-07 22:39:36,971] {dag.py:2927} INFO - Setting next_dagrun for example_sla_dag to 2022-06-07T19:36:00+00:00, run_after=2022-06-07T19:38:00+00:00
[2022-06-07 22:39:36,981] {processor.py:161} INFO - Processing /home/james/airflowa/lib/python3.8/site-packages/airflow/example_dags/example_sla_dag.py took 0.062 seconds
[2022-06-07 22:40:13,390] {processor.py:153} INFO - Started process (PID=65627) to work on /home/james/airflowa/lib/python3.8/site-packages/airflow/example_dags/example_sla_dag.py
[2022-06-07 22:40:13,390] {processor.py:641} INFO - Processing file /home/james/airflowa/lib/python3.8/site-packages/airflow/example_dags/example_sla_dag.py for tasks to queue
[2022-06-07 22:40:13,391] {logging_mixin.py:115} INFO - [2022-06-07 22:40:13,391] {dagbag.py:507} INFO - Filling up the DagBag from /home/james/airflowa/lib/python3.8/site-packages/airflow/example_dags/example_sla_dag.py
[2022-06-07 22:40:13,408] {processor.py:651} INFO - DAG(s) dict_keys(['example_sla_dag']) retrieved from /home/james/airflowa/lib/python3.8/site-packages/airflow/example_dags/example_sla_dag.py
[2022-06-07 22:40:13,421] {logging_mixin.py:115} INFO - [2022-06-07 22:40:13,421] {dag.py:2379} INFO - Sync 1 DAGs
[2022-06-07 22:40:13,439] {logging_mixin.py:115} INFO - [2022-06-07 22:40:13,439] {dag.py:2927} INFO - Setting next_dagrun for example_sla_dag to 2022-06-07T19:38:00+00:00, run_after=2022-06-07T19:40:00+00:00
[2022-06-07 22:40:13,450] {processor.py:161} INFO - Processing /home/james/airflowa/lib/python3.8/site-packages/airflow/example_dags/example_sla_dag.py took 0.064 seconds
[2022-06-07 22:40:54,050] {processor.py:153} INFO - Started process (PID=65776) to work on /home/james/airflowa/lib/python3.8/site-packages/airflow/example_dags/example_sla_dag.py
[2022-06-07 22:40:54,051] {processor.py:641} INFO - Processing file /home/james/airflowa/lib/python3.8/site-packages/airflow/example_dags/example_sla_dag.py for tasks to queue
[2022-06-07 22:40:54,051] {logging_mixin.py:115} INFO - [2022-06-07 22:40:54,051] {dagbag.py:507} INFO - Filling up the DagBag from /home/james/airflowa/lib/python3.8/site-packages/airflow/example_dags/example_sla_dag.py
[2022-06-07 22:40:54,066] {processor.py:651} INFO - DAG(s) dict_keys(['example_sla_dag']) retrieved from /home/james/airflowa/lib/python3.8/site-packages/airflow/example_dags/example_sla_dag.py
[2022-06-07 22:40:54,078] {logging_mixin.py:115} INFO - [2022-06-07 22:40:54,078] {dag.py:2379} INFO - Sync 1 DAGs
[2022-06-07 22:40:54,096] {logging_mixin.py:115} INFO - [2022-06-07 22:40:54,096] {dag.py:2927} INFO - Setting next_dagrun for example_sla_dag to 2022-06-07T19:38:00+00:00, run_after=2022-06-07T19:40:00+00:00
[2022-06-07 22:40:54,106] {processor.py:161} INFO - Processing /home/james/airflowa/lib/python3.8/site-packages/airflow/example_dags/example_sla_dag.py took 0.058 seconds
[2022-06-07 22:41:32,745] {processor.py:153} INFO - Started process (PID=66032) to work on /home/james/airflowa/lib/python3.8/site-packages/airflow/example_dags/example_sla_dag.py
[2022-06-07 22:41:32,746] {processor.py:641} INFO - Processing file /home/james/airflowa/lib/python3.8/site-packages/airflow/example_dags/example_sla_dag.py for tasks to queue
[2022-06-07 22:41:32,747] {logging_mixin.py:115} INFO - [2022-06-07 22:41:32,747] {dagbag.py:507} INFO - Filling up the DagBag from /home/james/airflowa/lib/python3.8/site-packages/airflow/example_dags/example_sla_dag.py
[2022-06-07 22:41:32,778] {processor.py:651} INFO - DAG(s) dict_keys(['example_sla_dag']) retrieved from /home/james/airflowa/lib/python3.8/site-packages/airflow/example_dags/example_sla_dag.py
[2022-06-07 22:41:32,803] {logging_mixin.py:115} INFO - [2022-06-07 22:41:32,802] {dag.py:2379} INFO - Sync 1 DAGs
[2022-06-07 22:41:32,845] {logging_mixin.py:115} INFO - [2022-06-07 22:41:32,845] {dag.py:2927} INFO - Setting next_dagrun for example_sla_dag to 2022-06-07T19:38:00+00:00, run_after=2022-06-07T19:40:00+00:00
[2022-06-07 22:41:32,885] {processor.py:161} INFO - Processing /home/james/airflowa/lib/python3.8/site-packages/airflow/example_dags/example_sla_dag.py took 0.144 seconds
[2022-06-07 22:42:10,125] {processor.py:153} INFO - Started process (PID=66237) to work on /home/james/airflowa/lib/python3.8/site-packages/airflow/example_dags/example_sla_dag.py
[2022-06-07 22:42:10,125] {processor.py:641} INFO - Processing file /home/james/airflowa/lib/python3.8/site-packages/airflow/example_dags/example_sla_dag.py for tasks to queue
[2022-06-07 22:42:10,125] {logging_mixin.py:115} INFO - [2022-06-07 22:42:10,125] {dagbag.py:507} INFO - Filling up the DagBag from /home/james/airflowa/lib/python3.8/site-packages/airflow/example_dags/example_sla_dag.py
[2022-06-07 22:42:10,140] {processor.py:651} INFO - DAG(s) dict_keys(['example_sla_dag']) retrieved from /home/james/airflowa/lib/python3.8/site-packages/airflow/example_dags/example_sla_dag.py
[2022-06-07 22:42:10,152] {logging_mixin.py:115} INFO - [2022-06-07 22:42:10,152] {dag.py:2379} INFO - Sync 1 DAGs
[2022-06-07 22:42:10,170] {logging_mixin.py:115} INFO - [2022-06-07 22:42:10,169] {dag.py:2927} INFO - Setting next_dagrun for example_sla_dag to 2022-06-07T19:40:00+00:00, run_after=2022-06-07T19:42:00+00:00
[2022-06-07 22:42:10,179] {processor.py:161} INFO - Processing /home/james/airflowa/lib/python3.8/site-packages/airflow/example_dags/example_sla_dag.py took 0.057 seconds
