[2022-06-07 22:33:05,533] {processor.py:153} INFO - Started process (PID=62525) to work on /home/james/airflowa/lib/python3.8/site-packages/airflow/example_dags/example_short_circuit_operator.py
[2022-06-07 22:33:05,534] {processor.py:641} INFO - Processing file /home/james/airflowa/lib/python3.8/site-packages/airflow/example_dags/example_short_circuit_operator.py for tasks to queue
[2022-06-07 22:33:05,534] {logging_mixin.py:115} INFO - [2022-06-07 22:33:05,534] {dagbag.py:507} INFO - Filling up the DagBag from /home/james/airflowa/lib/python3.8/site-packages/airflow/example_dags/example_short_circuit_operator.py
[2022-06-07 22:33:05,547] {processor.py:651} INFO - DAG(s) dict_keys(['example_short_circuit_operator']) retrieved from /home/james/airflowa/lib/python3.8/site-packages/airflow/example_dags/example_short_circuit_operator.py
[2022-06-07 22:33:05,569] {logging_mixin.py:115} INFO - [2022-06-07 22:33:05,569] {dag.py:2379} INFO - Sync 1 DAGs
[2022-06-07 22:33:05,594] {logging_mixin.py:115} INFO - [2022-06-07 22:33:05,593] {dag.py:2927} INFO - Setting next_dagrun for example_short_circuit_operator to 2022-06-06T19:33:05.593663+00:00, run_after=2022-06-07T19:33:05.593663+00:00
[2022-06-07 22:33:05,609] {processor.py:161} INFO - Processing /home/james/airflowa/lib/python3.8/site-packages/airflow/example_dags/example_short_circuit_operator.py took 0.079 seconds
[2022-06-07 22:33:47,603] {processor.py:153} INFO - Started process (PID=62752) to work on /home/james/airflowa/lib/python3.8/site-packages/airflow/example_dags/example_short_circuit_operator.py
[2022-06-07 22:33:47,603] {processor.py:641} INFO - Processing file /home/james/airflowa/lib/python3.8/site-packages/airflow/example_dags/example_short_circuit_operator.py for tasks to queue
[2022-06-07 22:33:47,604] {logging_mixin.py:115} INFO - [2022-06-07 22:33:47,604] {dagbag.py:507} INFO - Filling up the DagBag from /home/james/airflowa/lib/python3.8/site-packages/airflow/example_dags/example_short_circuit_operator.py
[2022-06-07 22:33:47,616] {processor.py:651} INFO - DAG(s) dict_keys(['example_short_circuit_operator']) retrieved from /home/james/airflowa/lib/python3.8/site-packages/airflow/example_dags/example_short_circuit_operator.py
[2022-06-07 22:33:47,638] {logging_mixin.py:115} INFO - [2022-06-07 22:33:47,638] {dag.py:2379} INFO - Sync 1 DAGs
[2022-06-07 22:33:47,662] {logging_mixin.py:115} INFO - [2022-06-07 22:33:47,662] {dag.py:2927} INFO - Setting next_dagrun for example_short_circuit_operator to 2022-06-06T19:33:47.661972+00:00, run_after=2022-06-07T19:33:47.661972+00:00
[2022-06-07 22:33:47,677] {processor.py:161} INFO - Processing /home/james/airflowa/lib/python3.8/site-packages/airflow/example_dags/example_short_circuit_operator.py took 0.078 seconds
[2022-06-07 22:34:26,472] {processor.py:153} INFO - Started process (PID=63056) to work on /home/james/airflowa/lib/python3.8/site-packages/airflow/example_dags/example_short_circuit_operator.py
[2022-06-07 22:34:26,473] {processor.py:641} INFO - Processing file /home/james/airflowa/lib/python3.8/site-packages/airflow/example_dags/example_short_circuit_operator.py for tasks to queue
[2022-06-07 22:34:26,474] {logging_mixin.py:115} INFO - [2022-06-07 22:34:26,474] {dagbag.py:507} INFO - Filling up the DagBag from /home/james/airflowa/lib/python3.8/site-packages/airflow/example_dags/example_short_circuit_operator.py
[2022-06-07 22:34:26,483] {processor.py:651} INFO - DAG(s) dict_keys(['example_short_circuit_operator']) retrieved from /home/james/airflowa/lib/python3.8/site-packages/airflow/example_dags/example_short_circuit_operator.py
[2022-06-07 22:34:26,500] {logging_mixin.py:115} INFO - [2022-06-07 22:34:26,499] {dag.py:2379} INFO - Sync 1 DAGs
[2022-06-07 22:34:26,516] {logging_mixin.py:115} INFO - [2022-06-07 22:34:26,516] {dag.py:2927} INFO - Setting next_dagrun for example_short_circuit_operator to 2022-06-06T19:34:26.516146+00:00, run_after=2022-06-07T19:34:26.516146+00:00
[2022-06-07 22:34:26,528] {processor.py:161} INFO - Processing /home/james/airflowa/lib/python3.8/site-packages/airflow/example_dags/example_short_circuit_operator.py took 0.060 seconds
[2022-06-07 22:35:05,462] {processor.py:153} INFO - Started process (PID=63310) to work on /home/james/airflowa/lib/python3.8/site-packages/airflow/example_dags/example_short_circuit_operator.py
[2022-06-07 22:35:05,463] {processor.py:641} INFO - Processing file /home/james/airflowa/lib/python3.8/site-packages/airflow/example_dags/example_short_circuit_operator.py for tasks to queue
[2022-06-07 22:35:05,464] {logging_mixin.py:115} INFO - [2022-06-07 22:35:05,464] {dagbag.py:507} INFO - Filling up the DagBag from /home/james/airflowa/lib/python3.8/site-packages/airflow/example_dags/example_short_circuit_operator.py
[2022-06-07 22:35:05,471] {processor.py:651} INFO - DAG(s) dict_keys(['example_short_circuit_operator']) retrieved from /home/james/airflowa/lib/python3.8/site-packages/airflow/example_dags/example_short_circuit_operator.py
[2022-06-07 22:35:05,485] {logging_mixin.py:115} INFO - [2022-06-07 22:35:05,485] {dag.py:2379} INFO - Sync 1 DAGs
[2022-06-07 22:35:05,501] {logging_mixin.py:115} INFO - [2022-06-07 22:35:05,501] {dag.py:2927} INFO - Setting next_dagrun for example_short_circuit_operator to 2022-06-06T19:35:05.501361+00:00, run_after=2022-06-07T19:35:05.501361+00:00
[2022-06-07 22:35:05,518] {processor.py:161} INFO - Processing /home/james/airflowa/lib/python3.8/site-packages/airflow/example_dags/example_short_circuit_operator.py took 0.058 seconds
[2022-06-07 22:35:42,967] {processor.py:153} INFO - Started process (PID=63495) to work on /home/james/airflowa/lib/python3.8/site-packages/airflow/example_dags/example_short_circuit_operator.py
[2022-06-07 22:35:42,967] {processor.py:641} INFO - Processing file /home/james/airflowa/lib/python3.8/site-packages/airflow/example_dags/example_short_circuit_operator.py for tasks to queue
[2022-06-07 22:35:42,968] {logging_mixin.py:115} INFO - [2022-06-07 22:35:42,968] {dagbag.py:507} INFO - Filling up the DagBag from /home/james/airflowa/lib/python3.8/site-packages/airflow/example_dags/example_short_circuit_operator.py
[2022-06-07 22:35:42,982] {processor.py:651} INFO - DAG(s) dict_keys(['example_short_circuit_operator']) retrieved from /home/james/airflowa/lib/python3.8/site-packages/airflow/example_dags/example_short_circuit_operator.py
[2022-06-07 22:35:43,006] {logging_mixin.py:115} INFO - [2022-06-07 22:35:43,006] {dag.py:2379} INFO - Sync 1 DAGs
[2022-06-07 22:35:43,044] {logging_mixin.py:115} INFO - [2022-06-07 22:35:43,044] {dag.py:2927} INFO - Setting next_dagrun for example_short_circuit_operator to 2022-06-06T19:35:43.043007+00:00, run_after=2022-06-07T19:35:43.043007+00:00
[2022-06-07 22:35:43,066] {processor.py:161} INFO - Processing /home/james/airflowa/lib/python3.8/site-packages/airflow/example_dags/example_short_circuit_operator.py took 0.103 seconds
[2022-06-07 22:36:24,923] {processor.py:153} INFO - Started process (PID=63669) to work on /home/james/airflowa/lib/python3.8/site-packages/airflow/example_dags/example_short_circuit_operator.py
[2022-06-07 22:36:24,924] {processor.py:641} INFO - Processing file /home/james/airflowa/lib/python3.8/site-packages/airflow/example_dags/example_short_circuit_operator.py for tasks to queue
[2022-06-07 22:36:24,925] {logging_mixin.py:115} INFO - [2022-06-07 22:36:24,925] {dagbag.py:507} INFO - Filling up the DagBag from /home/james/airflowa/lib/python3.8/site-packages/airflow/example_dags/example_short_circuit_operator.py
[2022-06-07 22:36:24,937] {processor.py:651} INFO - DAG(s) dict_keys(['example_short_circuit_operator']) retrieved from /home/james/airflowa/lib/python3.8/site-packages/airflow/example_dags/example_short_circuit_operator.py
[2022-06-07 22:36:24,966] {logging_mixin.py:115} INFO - [2022-06-07 22:36:24,966] {dag.py:2379} INFO - Sync 1 DAGs
[2022-06-07 22:36:24,998] {logging_mixin.py:115} INFO - [2022-06-07 22:36:24,998] {dag.py:2927} INFO - Setting next_dagrun for example_short_circuit_operator to 2022-06-06T19:36:24.997761+00:00, run_after=2022-06-07T19:36:24.997761+00:00
[2022-06-07 22:36:25,019] {processor.py:161} INFO - Processing /home/james/airflowa/lib/python3.8/site-packages/airflow/example_dags/example_short_circuit_operator.py took 0.099 seconds
[2022-06-07 22:37:04,361] {processor.py:153} INFO - Started process (PID=63872) to work on /home/james/airflowa/lib/python3.8/site-packages/airflow/example_dags/example_short_circuit_operator.py
[2022-06-07 22:37:04,362] {processor.py:641} INFO - Processing file /home/james/airflowa/lib/python3.8/site-packages/airflow/example_dags/example_short_circuit_operator.py for tasks to queue
[2022-06-07 22:37:04,362] {logging_mixin.py:115} INFO - [2022-06-07 22:37:04,362] {dagbag.py:507} INFO - Filling up the DagBag from /home/james/airflowa/lib/python3.8/site-packages/airflow/example_dags/example_short_circuit_operator.py
[2022-06-07 22:37:04,373] {processor.py:651} INFO - DAG(s) dict_keys(['example_short_circuit_operator']) retrieved from /home/james/airflowa/lib/python3.8/site-packages/airflow/example_dags/example_short_circuit_operator.py
[2022-06-07 22:37:04,390] {logging_mixin.py:115} INFO - [2022-06-07 22:37:04,390] {dag.py:2379} INFO - Sync 1 DAGs
[2022-06-07 22:37:04,407] {logging_mixin.py:115} INFO - [2022-06-07 22:37:04,407] {dag.py:2927} INFO - Setting next_dagrun for example_short_circuit_operator to 2022-06-06T19:37:04.407051+00:00, run_after=2022-06-07T19:37:04.407051+00:00
[2022-06-07 22:37:04,423] {processor.py:161} INFO - Processing /home/james/airflowa/lib/python3.8/site-packages/airflow/example_dags/example_short_circuit_operator.py took 0.064 seconds
[2022-06-07 22:37:40,142] {processor.py:153} INFO - Started process (PID=64191) to work on /home/james/airflowa/lib/python3.8/site-packages/airflow/example_dags/example_short_circuit_operator.py
[2022-06-07 22:37:40,143] {processor.py:641} INFO - Processing file /home/james/airflowa/lib/python3.8/site-packages/airflow/example_dags/example_short_circuit_operator.py for tasks to queue
[2022-06-07 22:37:40,143] {logging_mixin.py:115} INFO - [2022-06-07 22:37:40,143] {dagbag.py:507} INFO - Filling up the DagBag from /home/james/airflowa/lib/python3.8/site-packages/airflow/example_dags/example_short_circuit_operator.py
[2022-06-07 22:37:40,150] {processor.py:651} INFO - DAG(s) dict_keys(['example_short_circuit_operator']) retrieved from /home/james/airflowa/lib/python3.8/site-packages/airflow/example_dags/example_short_circuit_operator.py
[2022-06-07 22:37:40,165] {logging_mixin.py:115} INFO - [2022-06-07 22:37:40,165] {dag.py:2379} INFO - Sync 1 DAGs
[2022-06-07 22:37:40,180] {logging_mixin.py:115} INFO - [2022-06-07 22:37:40,180] {dag.py:2927} INFO - Setting next_dagrun for example_short_circuit_operator to 2022-06-06T19:37:40.180145+00:00, run_after=2022-06-07T19:37:40.180145+00:00
[2022-06-07 22:37:40,192] {processor.py:161} INFO - Processing /home/james/airflowa/lib/python3.8/site-packages/airflow/example_dags/example_short_circuit_operator.py took 0.052 seconds
[2022-06-07 22:38:18,124] {processor.py:153} INFO - Started process (PID=64395) to work on /home/james/airflowa/lib/python3.8/site-packages/airflow/example_dags/example_short_circuit_operator.py
[2022-06-07 22:38:18,125] {processor.py:641} INFO - Processing file /home/james/airflowa/lib/python3.8/site-packages/airflow/example_dags/example_short_circuit_operator.py for tasks to queue
[2022-06-07 22:38:18,125] {logging_mixin.py:115} INFO - [2022-06-07 22:38:18,125] {dagbag.py:507} INFO - Filling up the DagBag from /home/james/airflowa/lib/python3.8/site-packages/airflow/example_dags/example_short_circuit_operator.py
[2022-06-07 22:38:18,133] {processor.py:651} INFO - DAG(s) dict_keys(['example_short_circuit_operator']) retrieved from /home/james/airflowa/lib/python3.8/site-packages/airflow/example_dags/example_short_circuit_operator.py
[2022-06-07 22:38:18,147] {logging_mixin.py:115} INFO - [2022-06-07 22:38:18,147] {dag.py:2379} INFO - Sync 1 DAGs
[2022-06-07 22:38:18,162] {logging_mixin.py:115} INFO - [2022-06-07 22:38:18,162] {dag.py:2927} INFO - Setting next_dagrun for example_short_circuit_operator to 2022-06-06T19:38:18.161999+00:00, run_after=2022-06-07T19:38:18.161999+00:00
[2022-06-07 22:38:18,173] {processor.py:161} INFO - Processing /home/james/airflowa/lib/python3.8/site-packages/airflow/example_dags/example_short_circuit_operator.py took 0.051 seconds
[2022-06-07 22:38:55,321] {processor.py:153} INFO - Started process (PID=64561) to work on /home/james/airflowa/lib/python3.8/site-packages/airflow/example_dags/example_short_circuit_operator.py
[2022-06-07 22:38:55,321] {processor.py:641} INFO - Processing file /home/james/airflowa/lib/python3.8/site-packages/airflow/example_dags/example_short_circuit_operator.py for tasks to queue
[2022-06-07 22:38:55,322] {logging_mixin.py:115} INFO - [2022-06-07 22:38:55,322] {dagbag.py:507} INFO - Filling up the DagBag from /home/james/airflowa/lib/python3.8/site-packages/airflow/example_dags/example_short_circuit_operator.py
[2022-06-07 22:38:55,332] {processor.py:651} INFO - DAG(s) dict_keys(['example_short_circuit_operator']) retrieved from /home/james/airflowa/lib/python3.8/site-packages/airflow/example_dags/example_short_circuit_operator.py
[2022-06-07 22:38:55,348] {logging_mixin.py:115} INFO - [2022-06-07 22:38:55,348] {dag.py:2379} INFO - Sync 1 DAGs
[2022-06-07 22:38:55,363] {logging_mixin.py:115} INFO - [2022-06-07 22:38:55,363] {dag.py:2927} INFO - Setting next_dagrun for example_short_circuit_operator to 2022-06-06T19:38:55.363601+00:00, run_after=2022-06-07T19:38:55.363601+00:00
[2022-06-07 22:38:55,374] {processor.py:161} INFO - Processing /home/james/airflowa/lib/python3.8/site-packages/airflow/example_dags/example_short_circuit_operator.py took 0.056 seconds
[2022-06-07 22:39:34,651] {processor.py:153} INFO - Started process (PID=64939) to work on /home/james/airflowa/lib/python3.8/site-packages/airflow/example_dags/example_short_circuit_operator.py
[2022-06-07 22:39:34,652] {processor.py:641} INFO - Processing file /home/james/airflowa/lib/python3.8/site-packages/airflow/example_dags/example_short_circuit_operator.py for tasks to queue
[2022-06-07 22:39:34,652] {logging_mixin.py:115} INFO - [2022-06-07 22:39:34,652] {dagbag.py:507} INFO - Filling up the DagBag from /home/james/airflowa/lib/python3.8/site-packages/airflow/example_dags/example_short_circuit_operator.py
[2022-06-07 22:39:34,661] {processor.py:651} INFO - DAG(s) dict_keys(['example_short_circuit_operator']) retrieved from /home/james/airflowa/lib/python3.8/site-packages/airflow/example_dags/example_short_circuit_operator.py
[2022-06-07 22:39:34,674] {logging_mixin.py:115} INFO - [2022-06-07 22:39:34,674] {dag.py:2379} INFO - Sync 1 DAGs
[2022-06-07 22:39:34,689] {logging_mixin.py:115} INFO - [2022-06-07 22:39:34,689] {dag.py:2927} INFO - Setting next_dagrun for example_short_circuit_operator to 2022-06-06T19:39:34.689400+00:00, run_after=2022-06-07T19:39:34.689400+00:00
[2022-06-07 22:39:34,701] {processor.py:161} INFO - Processing /home/james/airflowa/lib/python3.8/site-packages/airflow/example_dags/example_short_circuit_operator.py took 0.051 seconds
[2022-06-07 22:40:11,417] {processor.py:153} INFO - Started process (PID=65624) to work on /home/james/airflowa/lib/python3.8/site-packages/airflow/example_dags/example_short_circuit_operator.py
[2022-06-07 22:40:11,418] {processor.py:641} INFO - Processing file /home/james/airflowa/lib/python3.8/site-packages/airflow/example_dags/example_short_circuit_operator.py for tasks to queue
[2022-06-07 22:40:11,418] {logging_mixin.py:115} INFO - [2022-06-07 22:40:11,418] {dagbag.py:507} INFO - Filling up the DagBag from /home/james/airflowa/lib/python3.8/site-packages/airflow/example_dags/example_short_circuit_operator.py
[2022-06-07 22:40:11,425] {processor.py:651} INFO - DAG(s) dict_keys(['example_short_circuit_operator']) retrieved from /home/james/airflowa/lib/python3.8/site-packages/airflow/example_dags/example_short_circuit_operator.py
[2022-06-07 22:40:11,439] {logging_mixin.py:115} INFO - [2022-06-07 22:40:11,439] {dag.py:2379} INFO - Sync 1 DAGs
[2022-06-07 22:40:11,454] {logging_mixin.py:115} INFO - [2022-06-07 22:40:11,454] {dag.py:2927} INFO - Setting next_dagrun for example_short_circuit_operator to 2022-06-06T19:40:11.454179+00:00, run_after=2022-06-07T19:40:11.454179+00:00
[2022-06-07 22:40:11,465] {processor.py:161} INFO - Processing /home/james/airflowa/lib/python3.8/site-packages/airflow/example_dags/example_short_circuit_operator.py took 0.050 seconds
[2022-06-07 22:40:49,612] {processor.py:153} INFO - Started process (PID=65763) to work on /home/james/airflowa/lib/python3.8/site-packages/airflow/example_dags/example_short_circuit_operator.py
[2022-06-07 22:40:49,613] {processor.py:641} INFO - Processing file /home/james/airflowa/lib/python3.8/site-packages/airflow/example_dags/example_short_circuit_operator.py for tasks to queue
[2022-06-07 22:40:49,613] {logging_mixin.py:115} INFO - [2022-06-07 22:40:49,613] {dagbag.py:507} INFO - Filling up the DagBag from /home/james/airflowa/lib/python3.8/site-packages/airflow/example_dags/example_short_circuit_operator.py
[2022-06-07 22:40:49,621] {processor.py:651} INFO - DAG(s) dict_keys(['example_short_circuit_operator']) retrieved from /home/james/airflowa/lib/python3.8/site-packages/airflow/example_dags/example_short_circuit_operator.py
[2022-06-07 22:40:49,635] {logging_mixin.py:115} INFO - [2022-06-07 22:40:49,635] {dag.py:2379} INFO - Sync 1 DAGs
[2022-06-07 22:40:49,651] {logging_mixin.py:115} INFO - [2022-06-07 22:40:49,651] {dag.py:2927} INFO - Setting next_dagrun for example_short_circuit_operator to 2022-06-06T19:40:49.651140+00:00, run_after=2022-06-07T19:40:49.651140+00:00
[2022-06-07 22:40:49,665] {processor.py:161} INFO - Processing /home/james/airflowa/lib/python3.8/site-packages/airflow/example_dags/example_short_circuit_operator.py took 0.056 seconds
[2022-06-07 22:41:27,596] {processor.py:153} INFO - Started process (PID=65993) to work on /home/james/airflowa/lib/python3.8/site-packages/airflow/example_dags/example_short_circuit_operator.py
[2022-06-07 22:41:27,596] {processor.py:641} INFO - Processing file /home/james/airflowa/lib/python3.8/site-packages/airflow/example_dags/example_short_circuit_operator.py for tasks to queue
[2022-06-07 22:41:27,597] {logging_mixin.py:115} INFO - [2022-06-07 22:41:27,597] {dagbag.py:507} INFO - Filling up the DagBag from /home/james/airflowa/lib/python3.8/site-packages/airflow/example_dags/example_short_circuit_operator.py
[2022-06-07 22:41:27,605] {processor.py:651} INFO - DAG(s) dict_keys(['example_short_circuit_operator']) retrieved from /home/james/airflowa/lib/python3.8/site-packages/airflow/example_dags/example_short_circuit_operator.py
[2022-06-07 22:41:27,621] {logging_mixin.py:115} INFO - [2022-06-07 22:41:27,621] {dag.py:2379} INFO - Sync 1 DAGs
[2022-06-07 22:41:27,638] {logging_mixin.py:115} INFO - [2022-06-07 22:41:27,638] {dag.py:2927} INFO - Setting next_dagrun for example_short_circuit_operator to 2022-06-06T19:41:27.638572+00:00, run_after=2022-06-07T19:41:27.638572+00:00
[2022-06-07 22:41:27,650] {processor.py:161} INFO - Processing /home/james/airflowa/lib/python3.8/site-packages/airflow/example_dags/example_short_circuit_operator.py took 0.057 seconds
[2022-06-07 22:42:08,263] {processor.py:153} INFO - Started process (PID=66235) to work on /home/james/airflowa/lib/python3.8/site-packages/airflow/example_dags/example_short_circuit_operator.py
[2022-06-07 22:42:08,264] {processor.py:641} INFO - Processing file /home/james/airflowa/lib/python3.8/site-packages/airflow/example_dags/example_short_circuit_operator.py for tasks to queue
[2022-06-07 22:42:08,264] {logging_mixin.py:115} INFO - [2022-06-07 22:42:08,264] {dagbag.py:507} INFO - Filling up the DagBag from /home/james/airflowa/lib/python3.8/site-packages/airflow/example_dags/example_short_circuit_operator.py
[2022-06-07 22:42:08,272] {processor.py:651} INFO - DAG(s) dict_keys(['example_short_circuit_operator']) retrieved from /home/james/airflowa/lib/python3.8/site-packages/airflow/example_dags/example_short_circuit_operator.py
[2022-06-07 22:42:08,290] {logging_mixin.py:115} INFO - [2022-06-07 22:42:08,290] {dag.py:2379} INFO - Sync 1 DAGs
[2022-06-07 22:42:08,307] {logging_mixin.py:115} INFO - [2022-06-07 22:42:08,307] {dag.py:2927} INFO - Setting next_dagrun for example_short_circuit_operator to 2022-06-06T19:42:08.307166+00:00, run_after=2022-06-07T19:42:08.307166+00:00
[2022-06-07 22:42:08,321] {processor.py:161} INFO - Processing /home/james/airflowa/lib/python3.8/site-packages/airflow/example_dags/example_short_circuit_operator.py took 0.060 seconds
