[2022-06-07 22:32:58,900] {processor.py:153} INFO - Started process (PID=62484) to work on /home/james/airflowa/lib/python3.8/site-packages/airflow/example_dags/example_time_delta_sensor_async.py
[2022-06-07 22:32:58,900] {processor.py:641} INFO - Processing file /home/james/airflowa/lib/python3.8/site-packages/airflow/example_dags/example_time_delta_sensor_async.py for tasks to queue
[2022-06-07 22:32:58,901] {logging_mixin.py:115} INFO - [2022-06-07 22:32:58,901] {dagbag.py:507} INFO - Filling up the DagBag from /home/james/airflowa/lib/python3.8/site-packages/airflow/example_dags/example_time_delta_sensor_async.py
[2022-06-07 22:32:58,909] {processor.py:651} INFO - DAG(s) dict_keys(['example_time_delta_sensor_async']) retrieved from /home/james/airflowa/lib/python3.8/site-packages/airflow/example_dags/example_time_delta_sensor_async.py
[2022-06-07 22:32:58,939] {logging_mixin.py:115} INFO - [2022-06-07 22:32:58,939] {dag.py:2379} INFO - Sync 1 DAGs
[2022-06-07 22:32:58,965] {logging_mixin.py:115} INFO - [2022-06-07 22:32:58,965] {dag.py:2927} INFO - Setting next_dagrun for example_time_delta_sensor_async to None, run_after=None
[2022-06-07 22:32:58,981] {processor.py:161} INFO - Processing /home/james/airflowa/lib/python3.8/site-packages/airflow/example_dags/example_time_delta_sensor_async.py took 0.084 seconds
[2022-06-07 22:33:39,063] {processor.py:153} INFO - Started process (PID=62728) to work on /home/james/airflowa/lib/python3.8/site-packages/airflow/example_dags/example_time_delta_sensor_async.py
[2022-06-07 22:33:39,064] {processor.py:641} INFO - Processing file /home/james/airflowa/lib/python3.8/site-packages/airflow/example_dags/example_time_delta_sensor_async.py for tasks to queue
[2022-06-07 22:33:39,065] {logging_mixin.py:115} INFO - [2022-06-07 22:33:39,065] {dagbag.py:507} INFO - Filling up the DagBag from /home/james/airflowa/lib/python3.8/site-packages/airflow/example_dags/example_time_delta_sensor_async.py
[2022-06-07 22:33:39,084] {processor.py:651} INFO - DAG(s) dict_keys(['example_time_delta_sensor_async']) retrieved from /home/james/airflowa/lib/python3.8/site-packages/airflow/example_dags/example_time_delta_sensor_async.py
[2022-06-07 22:33:39,160] {logging_mixin.py:115} INFO - [2022-06-07 22:33:39,159] {dag.py:2379} INFO - Sync 1 DAGs
[2022-06-07 22:33:39,201] {logging_mixin.py:115} INFO - [2022-06-07 22:33:39,201] {dag.py:2927} INFO - Setting next_dagrun for example_time_delta_sensor_async to None, run_after=None
[2022-06-07 22:33:39,232] {processor.py:161} INFO - Processing /home/james/airflowa/lib/python3.8/site-packages/airflow/example_dags/example_time_delta_sensor_async.py took 0.183 seconds
[2022-06-07 22:34:18,030] {processor.py:153} INFO - Started process (PID=62945) to work on /home/james/airflowa/lib/python3.8/site-packages/airflow/example_dags/example_time_delta_sensor_async.py
[2022-06-07 22:34:18,030] {processor.py:641} INFO - Processing file /home/james/airflowa/lib/python3.8/site-packages/airflow/example_dags/example_time_delta_sensor_async.py for tasks to queue
[2022-06-07 22:34:18,031] {logging_mixin.py:115} INFO - [2022-06-07 22:34:18,031] {dagbag.py:507} INFO - Filling up the DagBag from /home/james/airflowa/lib/python3.8/site-packages/airflow/example_dags/example_time_delta_sensor_async.py
[2022-06-07 22:34:18,035] {processor.py:651} INFO - DAG(s) dict_keys(['example_time_delta_sensor_async']) retrieved from /home/james/airflowa/lib/python3.8/site-packages/airflow/example_dags/example_time_delta_sensor_async.py
[2022-06-07 22:34:18,062] {logging_mixin.py:115} INFO - [2022-06-07 22:34:18,061] {dag.py:2379} INFO - Sync 1 DAGs
[2022-06-07 22:34:18,085] {logging_mixin.py:115} INFO - [2022-06-07 22:34:18,084] {dag.py:2927} INFO - Setting next_dagrun for example_time_delta_sensor_async to None, run_after=None
[2022-06-07 22:34:18,099] {processor.py:161} INFO - Processing /home/james/airflowa/lib/python3.8/site-packages/airflow/example_dags/example_time_delta_sensor_async.py took 0.071 seconds
[2022-06-07 22:34:57,658] {processor.py:153} INFO - Started process (PID=63272) to work on /home/james/airflowa/lib/python3.8/site-packages/airflow/example_dags/example_time_delta_sensor_async.py
[2022-06-07 22:34:57,658] {processor.py:641} INFO - Processing file /home/james/airflowa/lib/python3.8/site-packages/airflow/example_dags/example_time_delta_sensor_async.py for tasks to queue
[2022-06-07 22:34:57,659] {logging_mixin.py:115} INFO - [2022-06-07 22:34:57,659] {dagbag.py:507} INFO - Filling up the DagBag from /home/james/airflowa/lib/python3.8/site-packages/airflow/example_dags/example_time_delta_sensor_async.py
[2022-06-07 22:34:57,664] {processor.py:651} INFO - DAG(s) dict_keys(['example_time_delta_sensor_async']) retrieved from /home/james/airflowa/lib/python3.8/site-packages/airflow/example_dags/example_time_delta_sensor_async.py
[2022-06-07 22:34:57,693] {logging_mixin.py:115} INFO - [2022-06-07 22:34:57,693] {dag.py:2379} INFO - Sync 1 DAGs
[2022-06-07 22:34:57,709] {logging_mixin.py:115} INFO - [2022-06-07 22:34:57,709] {dag.py:2927} INFO - Setting next_dagrun for example_time_delta_sensor_async to None, run_after=None
[2022-06-07 22:34:57,720] {processor.py:161} INFO - Processing /home/james/airflowa/lib/python3.8/site-packages/airflow/example_dags/example_time_delta_sensor_async.py took 0.066 seconds
[2022-06-07 22:35:32,221] {processor.py:153} INFO - Started process (PID=63455) to work on /home/james/airflowa/lib/python3.8/site-packages/airflow/example_dags/example_time_delta_sensor_async.py
[2022-06-07 22:35:32,222] {processor.py:641} INFO - Processing file /home/james/airflowa/lib/python3.8/site-packages/airflow/example_dags/example_time_delta_sensor_async.py for tasks to queue
[2022-06-07 22:35:32,223] {logging_mixin.py:115} INFO - [2022-06-07 22:35:32,222] {dagbag.py:507} INFO - Filling up the DagBag from /home/james/airflowa/lib/python3.8/site-packages/airflow/example_dags/example_time_delta_sensor_async.py
[2022-06-07 22:35:32,228] {processor.py:651} INFO - DAG(s) dict_keys(['example_time_delta_sensor_async']) retrieved from /home/james/airflowa/lib/python3.8/site-packages/airflow/example_dags/example_time_delta_sensor_async.py
[2022-06-07 22:35:32,249] {logging_mixin.py:115} INFO - [2022-06-07 22:35:32,249] {dag.py:2379} INFO - Sync 1 DAGs
[2022-06-07 22:35:32,267] {logging_mixin.py:115} INFO - [2022-06-07 22:35:32,267] {dag.py:2927} INFO - Setting next_dagrun for example_time_delta_sensor_async to None, run_after=None
[2022-06-07 22:35:32,279] {processor.py:161} INFO - Processing /home/james/airflowa/lib/python3.8/site-packages/airflow/example_dags/example_time_delta_sensor_async.py took 0.061 seconds
[2022-06-07 22:36:11,095] {processor.py:153} INFO - Started process (PID=63619) to work on /home/james/airflowa/lib/python3.8/site-packages/airflow/example_dags/example_time_delta_sensor_async.py
[2022-06-07 22:36:11,096] {processor.py:641} INFO - Processing file /home/james/airflowa/lib/python3.8/site-packages/airflow/example_dags/example_time_delta_sensor_async.py for tasks to queue
[2022-06-07 22:36:11,097] {logging_mixin.py:115} INFO - [2022-06-07 22:36:11,097] {dagbag.py:507} INFO - Filling up the DagBag from /home/james/airflowa/lib/python3.8/site-packages/airflow/example_dags/example_time_delta_sensor_async.py
[2022-06-07 22:36:11,105] {processor.py:651} INFO - DAG(s) dict_keys(['example_time_delta_sensor_async']) retrieved from /home/james/airflowa/lib/python3.8/site-packages/airflow/example_dags/example_time_delta_sensor_async.py
[2022-06-07 22:36:11,138] {logging_mixin.py:115} INFO - [2022-06-07 22:36:11,138] {dag.py:2379} INFO - Sync 1 DAGs
[2022-06-07 22:36:11,166] {logging_mixin.py:115} INFO - [2022-06-07 22:36:11,166] {dag.py:2927} INFO - Setting next_dagrun for example_time_delta_sensor_async to None, run_after=None
[2022-06-07 22:36:11,185] {processor.py:161} INFO - Processing /home/james/airflowa/lib/python3.8/site-packages/airflow/example_dags/example_time_delta_sensor_async.py took 0.094 seconds
[2022-06-07 22:36:47,821] {processor.py:153} INFO - Started process (PID=63775) to work on /home/james/airflowa/lib/python3.8/site-packages/airflow/example_dags/example_time_delta_sensor_async.py
[2022-06-07 22:36:47,822] {processor.py:641} INFO - Processing file /home/james/airflowa/lib/python3.8/site-packages/airflow/example_dags/example_time_delta_sensor_async.py for tasks to queue
[2022-06-07 22:36:47,822] {logging_mixin.py:115} INFO - [2022-06-07 22:36:47,822] {dagbag.py:507} INFO - Filling up the DagBag from /home/james/airflowa/lib/python3.8/site-packages/airflow/example_dags/example_time_delta_sensor_async.py
[2022-06-07 22:36:47,831] {processor.py:651} INFO - DAG(s) dict_keys(['example_time_delta_sensor_async']) retrieved from /home/james/airflowa/lib/python3.8/site-packages/airflow/example_dags/example_time_delta_sensor_async.py
[2022-06-07 22:36:47,860] {logging_mixin.py:115} INFO - [2022-06-07 22:36:47,859] {dag.py:2379} INFO - Sync 1 DAGs
[2022-06-07 22:36:47,886] {logging_mixin.py:115} INFO - [2022-06-07 22:36:47,886] {dag.py:2927} INFO - Setting next_dagrun for example_time_delta_sensor_async to None, run_after=None
[2022-06-07 22:36:47,905] {processor.py:161} INFO - Processing /home/james/airflowa/lib/python3.8/site-packages/airflow/example_dags/example_time_delta_sensor_async.py took 0.088 seconds
[2022-06-07 22:37:23,846] {processor.py:153} INFO - Started process (PID=64053) to work on /home/james/airflowa/lib/python3.8/site-packages/airflow/example_dags/example_time_delta_sensor_async.py
[2022-06-07 22:37:23,847] {processor.py:641} INFO - Processing file /home/james/airflowa/lib/python3.8/site-packages/airflow/example_dags/example_time_delta_sensor_async.py for tasks to queue
[2022-06-07 22:37:23,847] {logging_mixin.py:115} INFO - [2022-06-07 22:37:23,847] {dagbag.py:507} INFO - Filling up the DagBag from /home/james/airflowa/lib/python3.8/site-packages/airflow/example_dags/example_time_delta_sensor_async.py
[2022-06-07 22:37:23,854] {processor.py:651} INFO - DAG(s) dict_keys(['example_time_delta_sensor_async']) retrieved from /home/james/airflowa/lib/python3.8/site-packages/airflow/example_dags/example_time_delta_sensor_async.py
[2022-06-07 22:37:23,873] {logging_mixin.py:115} INFO - [2022-06-07 22:37:23,873] {dag.py:2379} INFO - Sync 1 DAGs
[2022-06-07 22:37:23,889] {logging_mixin.py:115} INFO - [2022-06-07 22:37:23,889] {dag.py:2927} INFO - Setting next_dagrun for example_time_delta_sensor_async to None, run_after=None
[2022-06-07 22:37:23,903] {processor.py:161} INFO - Processing /home/james/airflowa/lib/python3.8/site-packages/airflow/example_dags/example_time_delta_sensor_async.py took 0.059 seconds
[2022-06-07 22:38:03,795] {processor.py:153} INFO - Started process (PID=64306) to work on /home/james/airflowa/lib/python3.8/site-packages/airflow/example_dags/example_time_delta_sensor_async.py
[2022-06-07 22:38:03,795] {processor.py:641} INFO - Processing file /home/james/airflowa/lib/python3.8/site-packages/airflow/example_dags/example_time_delta_sensor_async.py for tasks to queue
[2022-06-07 22:38:03,796] {logging_mixin.py:115} INFO - [2022-06-07 22:38:03,796] {dagbag.py:507} INFO - Filling up the DagBag from /home/james/airflowa/lib/python3.8/site-packages/airflow/example_dags/example_time_delta_sensor_async.py
[2022-06-07 22:38:03,801] {processor.py:651} INFO - DAG(s) dict_keys(['example_time_delta_sensor_async']) retrieved from /home/james/airflowa/lib/python3.8/site-packages/airflow/example_dags/example_time_delta_sensor_async.py
[2022-06-07 22:38:03,820] {logging_mixin.py:115} INFO - [2022-06-07 22:38:03,820] {dag.py:2379} INFO - Sync 1 DAGs
[2022-06-07 22:38:03,841] {logging_mixin.py:115} INFO - [2022-06-07 22:38:03,840] {dag.py:2927} INFO - Setting next_dagrun for example_time_delta_sensor_async to None, run_after=None
[2022-06-07 22:38:03,854] {processor.py:161} INFO - Processing /home/james/airflowa/lib/python3.8/site-packages/airflow/example_dags/example_time_delta_sensor_async.py took 0.062 seconds
[2022-06-07 22:38:41,082] {processor.py:153} INFO - Started process (PID=64499) to work on /home/james/airflowa/lib/python3.8/site-packages/airflow/example_dags/example_time_delta_sensor_async.py
[2022-06-07 22:38:41,083] {processor.py:641} INFO - Processing file /home/james/airflowa/lib/python3.8/site-packages/airflow/example_dags/example_time_delta_sensor_async.py for tasks to queue
[2022-06-07 22:38:41,083] {logging_mixin.py:115} INFO - [2022-06-07 22:38:41,083] {dagbag.py:507} INFO - Filling up the DagBag from /home/james/airflowa/lib/python3.8/site-packages/airflow/example_dags/example_time_delta_sensor_async.py
[2022-06-07 22:38:41,088] {processor.py:651} INFO - DAG(s) dict_keys(['example_time_delta_sensor_async']) retrieved from /home/james/airflowa/lib/python3.8/site-packages/airflow/example_dags/example_time_delta_sensor_async.py
[2022-06-07 22:38:41,110] {logging_mixin.py:115} INFO - [2022-06-07 22:38:41,110] {dag.py:2379} INFO - Sync 1 DAGs
[2022-06-07 22:38:41,125] {logging_mixin.py:115} INFO - [2022-06-07 22:38:41,125] {dag.py:2927} INFO - Setting next_dagrun for example_time_delta_sensor_async to None, run_after=None
[2022-06-07 22:38:41,136] {processor.py:161} INFO - Processing /home/james/airflowa/lib/python3.8/site-packages/airflow/example_dags/example_time_delta_sensor_async.py took 0.057 seconds
[2022-06-07 22:39:18,766] {processor.py:153} INFO - Started process (PID=64689) to work on /home/james/airflowa/lib/python3.8/site-packages/airflow/example_dags/example_time_delta_sensor_async.py
[2022-06-07 22:39:18,767] {processor.py:641} INFO - Processing file /home/james/airflowa/lib/python3.8/site-packages/airflow/example_dags/example_time_delta_sensor_async.py for tasks to queue
[2022-06-07 22:39:18,767] {logging_mixin.py:115} INFO - [2022-06-07 22:39:18,767] {dagbag.py:507} INFO - Filling up the DagBag from /home/james/airflowa/lib/python3.8/site-packages/airflow/example_dags/example_time_delta_sensor_async.py
[2022-06-07 22:39:18,773] {processor.py:651} INFO - DAG(s) dict_keys(['example_time_delta_sensor_async']) retrieved from /home/james/airflowa/lib/python3.8/site-packages/airflow/example_dags/example_time_delta_sensor_async.py
[2022-06-07 22:39:18,794] {logging_mixin.py:115} INFO - [2022-06-07 22:39:18,794] {dag.py:2379} INFO - Sync 1 DAGs
[2022-06-07 22:39:18,808] {logging_mixin.py:115} INFO - [2022-06-07 22:39:18,808] {dag.py:2927} INFO - Setting next_dagrun for example_time_delta_sensor_async to None, run_after=None
[2022-06-07 22:39:18,819] {processor.py:161} INFO - Processing /home/james/airflowa/lib/python3.8/site-packages/airflow/example_dags/example_time_delta_sensor_async.py took 0.055 seconds
[2022-06-07 22:39:51,962] {processor.py:153} INFO - Started process (PID=65103) to work on /home/james/airflowa/lib/python3.8/site-packages/airflow/example_dags/example_time_delta_sensor_async.py
[2022-06-07 22:39:51,963] {processor.py:641} INFO - Processing file /home/james/airflowa/lib/python3.8/site-packages/airflow/example_dags/example_time_delta_sensor_async.py for tasks to queue
[2022-06-07 22:39:51,963] {logging_mixin.py:115} INFO - [2022-06-07 22:39:51,963] {dagbag.py:507} INFO - Filling up the DagBag from /home/james/airflowa/lib/python3.8/site-packages/airflow/example_dags/example_time_delta_sensor_async.py
[2022-06-07 22:39:51,967] {processor.py:651} INFO - DAG(s) dict_keys(['example_time_delta_sensor_async']) retrieved from /home/james/airflowa/lib/python3.8/site-packages/airflow/example_dags/example_time_delta_sensor_async.py
[2022-06-07 22:39:51,987] {logging_mixin.py:115} INFO - [2022-06-07 22:39:51,987] {dag.py:2379} INFO - Sync 1 DAGs
[2022-06-07 22:39:52,004] {logging_mixin.py:115} INFO - [2022-06-07 22:39:52,003] {dag.py:2927} INFO - Setting next_dagrun for example_time_delta_sensor_async to None, run_after=None
[2022-06-07 22:39:52,015] {processor.py:161} INFO - Processing /home/james/airflowa/lib/python3.8/site-packages/airflow/example_dags/example_time_delta_sensor_async.py took 0.056 seconds
[2022-06-07 22:40:30,854] {processor.py:153} INFO - Started process (PID=65703) to work on /home/james/airflowa/lib/python3.8/site-packages/airflow/example_dags/example_time_delta_sensor_async.py
[2022-06-07 22:40:30,854] {processor.py:641} INFO - Processing file /home/james/airflowa/lib/python3.8/site-packages/airflow/example_dags/example_time_delta_sensor_async.py for tasks to queue
[2022-06-07 22:40:30,855] {logging_mixin.py:115} INFO - [2022-06-07 22:40:30,855] {dagbag.py:507} INFO - Filling up the DagBag from /home/james/airflowa/lib/python3.8/site-packages/airflow/example_dags/example_time_delta_sensor_async.py
[2022-06-07 22:40:30,859] {processor.py:651} INFO - DAG(s) dict_keys(['example_time_delta_sensor_async']) retrieved from /home/james/airflowa/lib/python3.8/site-packages/airflow/example_dags/example_time_delta_sensor_async.py
[2022-06-07 22:40:30,881] {logging_mixin.py:115} INFO - [2022-06-07 22:40:30,881] {dag.py:2379} INFO - Sync 1 DAGs
[2022-06-07 22:40:30,895] {logging_mixin.py:115} INFO - [2022-06-07 22:40:30,895] {dag.py:2927} INFO - Setting next_dagrun for example_time_delta_sensor_async to None, run_after=None
[2022-06-07 22:40:30,906] {processor.py:161} INFO - Processing /home/james/airflowa/lib/python3.8/site-packages/airflow/example_dags/example_time_delta_sensor_async.py took 0.055 seconds
[2022-06-07 22:41:07,959] {processor.py:153} INFO - Started process (PID=65861) to work on /home/james/airflowa/lib/python3.8/site-packages/airflow/example_dags/example_time_delta_sensor_async.py
[2022-06-07 22:41:07,960] {processor.py:641} INFO - Processing file /home/james/airflowa/lib/python3.8/site-packages/airflow/example_dags/example_time_delta_sensor_async.py for tasks to queue
[2022-06-07 22:41:07,961] {logging_mixin.py:115} INFO - [2022-06-07 22:41:07,961] {dagbag.py:507} INFO - Filling up the DagBag from /home/james/airflowa/lib/python3.8/site-packages/airflow/example_dags/example_time_delta_sensor_async.py
[2022-06-07 22:41:07,967] {processor.py:651} INFO - DAG(s) dict_keys(['example_time_delta_sensor_async']) retrieved from /home/james/airflowa/lib/python3.8/site-packages/airflow/example_dags/example_time_delta_sensor_async.py
[2022-06-07 22:41:07,998] {logging_mixin.py:115} INFO - [2022-06-07 22:41:07,998] {dag.py:2379} INFO - Sync 1 DAGs
[2022-06-07 22:41:08,016] {logging_mixin.py:115} INFO - [2022-06-07 22:41:08,016] {dag.py:2927} INFO - Setting next_dagrun for example_time_delta_sensor_async to None, run_after=None
[2022-06-07 22:41:08,029] {processor.py:161} INFO - Processing /home/james/airflowa/lib/python3.8/site-packages/airflow/example_dags/example_time_delta_sensor_async.py took 0.073 seconds
[2022-06-07 22:41:50,837] {processor.py:153} INFO - Started process (PID=66115) to work on /home/james/airflowa/lib/python3.8/site-packages/airflow/example_dags/example_time_delta_sensor_async.py
[2022-06-07 22:41:50,838] {processor.py:641} INFO - Processing file /home/james/airflowa/lib/python3.8/site-packages/airflow/example_dags/example_time_delta_sensor_async.py for tasks to queue
[2022-06-07 22:41:50,838] {logging_mixin.py:115} INFO - [2022-06-07 22:41:50,838] {dagbag.py:507} INFO - Filling up the DagBag from /home/james/airflowa/lib/python3.8/site-packages/airflow/example_dags/example_time_delta_sensor_async.py
[2022-06-07 22:41:50,844] {processor.py:651} INFO - DAG(s) dict_keys(['example_time_delta_sensor_async']) retrieved from /home/james/airflowa/lib/python3.8/site-packages/airflow/example_dags/example_time_delta_sensor_async.py
[2022-06-07 22:41:50,863] {logging_mixin.py:115} INFO - [2022-06-07 22:41:50,863] {dag.py:2379} INFO - Sync 1 DAGs
[2022-06-07 22:41:50,885] {logging_mixin.py:115} INFO - [2022-06-07 22:41:50,885] {dag.py:2927} INFO - Setting next_dagrun for example_time_delta_sensor_async to None, run_after=None
[2022-06-07 22:41:50,897] {processor.py:161} INFO - Processing /home/james/airflowa/lib/python3.8/site-packages/airflow/example_dags/example_time_delta_sensor_async.py took 0.062 seconds
