[2022-06-07 22:33:08,426] {processor.py:153} INFO - Started process (PID=62540) to work on /home/james/airflowa/lib/python3.8/site-packages/airflow/example_dags/example_task_group.py
[2022-06-07 22:33:08,427] {processor.py:641} INFO - Processing file /home/james/airflowa/lib/python3.8/site-packages/airflow/example_dags/example_task_group.py for tasks to queue
[2022-06-07 22:33:08,427] {logging_mixin.py:115} INFO - [2022-06-07 22:33:08,427] {dagbag.py:507} INFO - Filling up the DagBag from /home/james/airflowa/lib/python3.8/site-packages/airflow/example_dags/example_task_group.py
[2022-06-07 22:33:08,437] {processor.py:651} INFO - DAG(s) dict_keys(['example_task_group']) retrieved from /home/james/airflowa/lib/python3.8/site-packages/airflow/example_dags/example_task_group.py
[2022-06-07 22:33:08,460] {logging_mixin.py:115} INFO - [2022-06-07 22:33:08,459] {dag.py:2379} INFO - Sync 1 DAGs
[2022-06-07 22:33:08,487] {logging_mixin.py:115} INFO - [2022-06-07 22:33:08,487] {dag.py:2927} INFO - Setting next_dagrun for example_task_group to 2022-06-06T19:33:08.486690+00:00, run_after=2022-06-07T19:33:08.486690+00:00
[2022-06-07 22:33:08,508] {processor.py:161} INFO - Processing /home/james/airflowa/lib/python3.8/site-packages/airflow/example_dags/example_task_group.py took 0.086 seconds
[2022-06-07 22:33:50,550] {processor.py:153} INFO - Started process (PID=62765) to work on /home/james/airflowa/lib/python3.8/site-packages/airflow/example_dags/example_task_group.py
[2022-06-07 22:33:50,551] {processor.py:641} INFO - Processing file /home/james/airflowa/lib/python3.8/site-packages/airflow/example_dags/example_task_group.py for tasks to queue
[2022-06-07 22:33:50,551] {logging_mixin.py:115} INFO - [2022-06-07 22:33:50,551] {dagbag.py:507} INFO - Filling up the DagBag from /home/james/airflowa/lib/python3.8/site-packages/airflow/example_dags/example_task_group.py
[2022-06-07 22:33:50,561] {processor.py:651} INFO - DAG(s) dict_keys(['example_task_group']) retrieved from /home/james/airflowa/lib/python3.8/site-packages/airflow/example_dags/example_task_group.py
[2022-06-07 22:33:50,582] {logging_mixin.py:115} INFO - [2022-06-07 22:33:50,582] {dag.py:2379} INFO - Sync 1 DAGs
[2022-06-07 22:33:50,606] {logging_mixin.py:115} INFO - [2022-06-07 22:33:50,606] {dag.py:2927} INFO - Setting next_dagrun for example_task_group to 2022-06-06T19:33:50.605803+00:00, run_after=2022-06-07T19:33:50.605803+00:00
[2022-06-07 22:33:50,621] {processor.py:161} INFO - Processing /home/james/airflowa/lib/python3.8/site-packages/airflow/example_dags/example_task_group.py took 0.074 seconds
[2022-06-07 22:34:29,306] {processor.py:153} INFO - Started process (PID=63134) to work on /home/james/airflowa/lib/python3.8/site-packages/airflow/example_dags/example_task_group.py
[2022-06-07 22:34:29,306] {processor.py:641} INFO - Processing file /home/james/airflowa/lib/python3.8/site-packages/airflow/example_dags/example_task_group.py for tasks to queue
[2022-06-07 22:34:29,307] {logging_mixin.py:115} INFO - [2022-06-07 22:34:29,307] {dagbag.py:507} INFO - Filling up the DagBag from /home/james/airflowa/lib/python3.8/site-packages/airflow/example_dags/example_task_group.py
[2022-06-07 22:34:29,314] {processor.py:651} INFO - DAG(s) dict_keys(['example_task_group']) retrieved from /home/james/airflowa/lib/python3.8/site-packages/airflow/example_dags/example_task_group.py
[2022-06-07 22:34:29,329] {logging_mixin.py:115} INFO - [2022-06-07 22:34:29,329] {dag.py:2379} INFO - Sync 1 DAGs
[2022-06-07 22:34:29,346] {logging_mixin.py:115} INFO - [2022-06-07 22:34:29,345] {dag.py:2927} INFO - Setting next_dagrun for example_task_group to 2022-06-06T19:34:29.345653+00:00, run_after=2022-06-07T19:34:29.345653+00:00
[2022-06-07 22:34:29,357] {processor.py:161} INFO - Processing /home/james/airflowa/lib/python3.8/site-packages/airflow/example_dags/example_task_group.py took 0.055 seconds
[2022-06-07 22:35:07,796] {processor.py:153} INFO - Started process (PID=63319) to work on /home/james/airflowa/lib/python3.8/site-packages/airflow/example_dags/example_task_group.py
[2022-06-07 22:35:07,797] {processor.py:641} INFO - Processing file /home/james/airflowa/lib/python3.8/site-packages/airflow/example_dags/example_task_group.py for tasks to queue
[2022-06-07 22:35:07,798] {logging_mixin.py:115} INFO - [2022-06-07 22:35:07,798] {dagbag.py:507} INFO - Filling up the DagBag from /home/james/airflowa/lib/python3.8/site-packages/airflow/example_dags/example_task_group.py
[2022-06-07 22:35:07,806] {processor.py:651} INFO - DAG(s) dict_keys(['example_task_group']) retrieved from /home/james/airflowa/lib/python3.8/site-packages/airflow/example_dags/example_task_group.py
[2022-06-07 22:35:07,823] {logging_mixin.py:115} INFO - [2022-06-07 22:35:07,823] {dag.py:2379} INFO - Sync 1 DAGs
[2022-06-07 22:35:07,842] {logging_mixin.py:115} INFO - [2022-06-07 22:35:07,842] {dag.py:2927} INFO - Setting next_dagrun for example_task_group to 2022-06-06T19:35:07.842251+00:00, run_after=2022-06-07T19:35:07.842251+00:00
[2022-06-07 22:35:07,856] {processor.py:161} INFO - Processing /home/james/airflowa/lib/python3.8/site-packages/airflow/example_dags/example_task_group.py took 0.063 seconds
[2022-06-07 22:35:48,374] {processor.py:153} INFO - Started process (PID=63517) to work on /home/james/airflowa/lib/python3.8/site-packages/airflow/example_dags/example_task_group.py
[2022-06-07 22:35:48,375] {processor.py:641} INFO - Processing file /home/james/airflowa/lib/python3.8/site-packages/airflow/example_dags/example_task_group.py for tasks to queue
[2022-06-07 22:35:48,376] {logging_mixin.py:115} INFO - [2022-06-07 22:35:48,376] {dagbag.py:507} INFO - Filling up the DagBag from /home/james/airflowa/lib/python3.8/site-packages/airflow/example_dags/example_task_group.py
[2022-06-07 22:35:48,390] {processor.py:651} INFO - DAG(s) dict_keys(['example_task_group']) retrieved from /home/james/airflowa/lib/python3.8/site-packages/airflow/example_dags/example_task_group.py
[2022-06-07 22:35:48,416] {logging_mixin.py:115} INFO - [2022-06-07 22:35:48,415] {dag.py:2379} INFO - Sync 1 DAGs
[2022-06-07 22:35:48,450] {logging_mixin.py:115} INFO - [2022-06-07 22:35:48,449] {dag.py:2927} INFO - Setting next_dagrun for example_task_group to 2022-06-06T19:35:48.449350+00:00, run_after=2022-06-07T19:35:48.449350+00:00
[2022-06-07 22:35:48,477] {processor.py:161} INFO - Processing /home/james/airflowa/lib/python3.8/site-packages/airflow/example_dags/example_task_group.py took 0.107 seconds
[2022-06-07 22:36:30,342] {processor.py:153} INFO - Started process (PID=63697) to work on /home/james/airflowa/lib/python3.8/site-packages/airflow/example_dags/example_task_group.py
[2022-06-07 22:36:30,343] {processor.py:641} INFO - Processing file /home/james/airflowa/lib/python3.8/site-packages/airflow/example_dags/example_task_group.py for tasks to queue
[2022-06-07 22:36:30,343] {logging_mixin.py:115} INFO - [2022-06-07 22:36:30,343] {dagbag.py:507} INFO - Filling up the DagBag from /home/james/airflowa/lib/python3.8/site-packages/airflow/example_dags/example_task_group.py
[2022-06-07 22:36:30,352] {processor.py:651} INFO - DAG(s) dict_keys(['example_task_group']) retrieved from /home/james/airflowa/lib/python3.8/site-packages/airflow/example_dags/example_task_group.py
[2022-06-07 22:36:30,373] {logging_mixin.py:115} INFO - [2022-06-07 22:36:30,373] {dag.py:2379} INFO - Sync 1 DAGs
[2022-06-07 22:36:30,396] {logging_mixin.py:115} INFO - [2022-06-07 22:36:30,396] {dag.py:2927} INFO - Setting next_dagrun for example_task_group to 2022-06-06T19:36:30.396038+00:00, run_after=2022-06-07T19:36:30.396038+00:00
[2022-06-07 22:36:30,411] {processor.py:161} INFO - Processing /home/james/airflowa/lib/python3.8/site-packages/airflow/example_dags/example_task_group.py took 0.073 seconds
[2022-06-07 22:37:08,409] {processor.py:153} INFO - Started process (PID=63915) to work on /home/james/airflowa/lib/python3.8/site-packages/airflow/example_dags/example_task_group.py
[2022-06-07 22:37:08,410] {processor.py:641} INFO - Processing file /home/james/airflowa/lib/python3.8/site-packages/airflow/example_dags/example_task_group.py for tasks to queue
[2022-06-07 22:37:08,411] {logging_mixin.py:115} INFO - [2022-06-07 22:37:08,410] {dagbag.py:507} INFO - Filling up the DagBag from /home/james/airflowa/lib/python3.8/site-packages/airflow/example_dags/example_task_group.py
[2022-06-07 22:37:08,417] {processor.py:651} INFO - DAG(s) dict_keys(['example_task_group']) retrieved from /home/james/airflowa/lib/python3.8/site-packages/airflow/example_dags/example_task_group.py
[2022-06-07 22:37:08,431] {logging_mixin.py:115} INFO - [2022-06-07 22:37:08,431] {dag.py:2379} INFO - Sync 1 DAGs
[2022-06-07 22:37:08,445] {logging_mixin.py:115} INFO - [2022-06-07 22:37:08,445] {dag.py:2927} INFO - Setting next_dagrun for example_task_group to 2022-06-06T19:37:08.445586+00:00, run_after=2022-06-07T19:37:08.445586+00:00
[2022-06-07 22:37:08,457] {processor.py:161} INFO - Processing /home/james/airflowa/lib/python3.8/site-packages/airflow/example_dags/example_task_group.py took 0.050 seconds
[2022-06-07 22:37:46,086] {processor.py:153} INFO - Started process (PID=64229) to work on /home/james/airflowa/lib/python3.8/site-packages/airflow/example_dags/example_task_group.py
[2022-06-07 22:37:46,086] {processor.py:641} INFO - Processing file /home/james/airflowa/lib/python3.8/site-packages/airflow/example_dags/example_task_group.py for tasks to queue
[2022-06-07 22:37:46,086] {logging_mixin.py:115} INFO - [2022-06-07 22:37:46,086] {dagbag.py:507} INFO - Filling up the DagBag from /home/james/airflowa/lib/python3.8/site-packages/airflow/example_dags/example_task_group.py
[2022-06-07 22:37:46,092] {processor.py:651} INFO - DAG(s) dict_keys(['example_task_group']) retrieved from /home/james/airflowa/lib/python3.8/site-packages/airflow/example_dags/example_task_group.py
[2022-06-07 22:37:46,107] {logging_mixin.py:115} INFO - [2022-06-07 22:37:46,107] {dag.py:2379} INFO - Sync 1 DAGs
[2022-06-07 22:37:46,121] {logging_mixin.py:115} INFO - [2022-06-07 22:37:46,121] {dag.py:2927} INFO - Setting next_dagrun for example_task_group to 2022-06-06T19:37:46.121272+00:00, run_after=2022-06-07T19:37:46.121272+00:00
[2022-06-07 22:37:46,132] {processor.py:161} INFO - Processing /home/james/airflowa/lib/python3.8/site-packages/airflow/example_dags/example_task_group.py took 0.048 seconds
[2022-06-07 22:38:20,699] {processor.py:153} INFO - Started process (PID=64402) to work on /home/james/airflowa/lib/python3.8/site-packages/airflow/example_dags/example_task_group.py
[2022-06-07 22:38:20,701] {processor.py:641} INFO - Processing file /home/james/airflowa/lib/python3.8/site-packages/airflow/example_dags/example_task_group.py for tasks to queue
[2022-06-07 22:38:20,702] {logging_mixin.py:115} INFO - [2022-06-07 22:38:20,702] {dagbag.py:507} INFO - Filling up the DagBag from /home/james/airflowa/lib/python3.8/site-packages/airflow/example_dags/example_task_group.py
[2022-06-07 22:38:20,725] {processor.py:651} INFO - DAG(s) dict_keys(['example_task_group']) retrieved from /home/james/airflowa/lib/python3.8/site-packages/airflow/example_dags/example_task_group.py
[2022-06-07 22:38:20,755] {logging_mixin.py:115} INFO - [2022-06-07 22:38:20,755] {dag.py:2379} INFO - Sync 1 DAGs
[2022-06-07 22:38:20,784] {logging_mixin.py:115} INFO - [2022-06-07 22:38:20,784] {dag.py:2927} INFO - Setting next_dagrun for example_task_group to 2022-06-06T19:38:20.784404+00:00, run_after=2022-06-07T19:38:20.784404+00:00
[2022-06-07 22:38:20,802] {processor.py:161} INFO - Processing /home/james/airflowa/lib/python3.8/site-packages/airflow/example_dags/example_task_group.py took 0.107 seconds
[2022-06-07 22:38:58,185] {processor.py:153} INFO - Started process (PID=64591) to work on /home/james/airflowa/lib/python3.8/site-packages/airflow/example_dags/example_task_group.py
[2022-06-07 22:38:58,186] {processor.py:641} INFO - Processing file /home/james/airflowa/lib/python3.8/site-packages/airflow/example_dags/example_task_group.py for tasks to queue
[2022-06-07 22:38:58,187] {logging_mixin.py:115} INFO - [2022-06-07 22:38:58,186] {dagbag.py:507} INFO - Filling up the DagBag from /home/james/airflowa/lib/python3.8/site-packages/airflow/example_dags/example_task_group.py
[2022-06-07 22:38:58,192] {processor.py:651} INFO - DAG(s) dict_keys(['example_task_group']) retrieved from /home/james/airflowa/lib/python3.8/site-packages/airflow/example_dags/example_task_group.py
[2022-06-07 22:38:58,207] {logging_mixin.py:115} INFO - [2022-06-07 22:38:58,207] {dag.py:2379} INFO - Sync 1 DAGs
[2022-06-07 22:38:58,222] {logging_mixin.py:115} INFO - [2022-06-07 22:38:58,222] {dag.py:2927} INFO - Setting next_dagrun for example_task_group to 2022-06-06T19:38:58.222470+00:00, run_after=2022-06-07T19:38:58.222470+00:00
[2022-06-07 22:38:58,234] {processor.py:161} INFO - Processing /home/james/airflowa/lib/python3.8/site-packages/airflow/example_dags/example_task_group.py took 0.051 seconds
[2022-06-07 22:39:38,060] {processor.py:153} INFO - Started process (PID=64972) to work on /home/james/airflowa/lib/python3.8/site-packages/airflow/example_dags/example_task_group.py
[2022-06-07 22:39:38,061] {processor.py:641} INFO - Processing file /home/james/airflowa/lib/python3.8/site-packages/airflow/example_dags/example_task_group.py for tasks to queue
[2022-06-07 22:39:38,061] {logging_mixin.py:115} INFO - [2022-06-07 22:39:38,061] {dagbag.py:507} INFO - Filling up the DagBag from /home/james/airflowa/lib/python3.8/site-packages/airflow/example_dags/example_task_group.py
[2022-06-07 22:39:38,068] {processor.py:651} INFO - DAG(s) dict_keys(['example_task_group']) retrieved from /home/james/airflowa/lib/python3.8/site-packages/airflow/example_dags/example_task_group.py
[2022-06-07 22:39:38,089] {logging_mixin.py:115} INFO - [2022-06-07 22:39:38,089] {dag.py:2379} INFO - Sync 1 DAGs
[2022-06-07 22:39:38,113] {logging_mixin.py:115} INFO - [2022-06-07 22:39:38,113] {dag.py:2927} INFO - Setting next_dagrun for example_task_group to 2022-06-06T19:39:38.112816+00:00, run_after=2022-06-07T19:39:38.112816+00:00
[2022-06-07 22:39:38,136] {processor.py:161} INFO - Processing /home/james/airflowa/lib/python3.8/site-packages/airflow/example_dags/example_task_group.py took 0.080 seconds
[2022-06-07 22:40:14,524] {processor.py:153} INFO - Started process (PID=65628) to work on /home/james/airflowa/lib/python3.8/site-packages/airflow/example_dags/example_task_group.py
[2022-06-07 22:40:14,524] {processor.py:641} INFO - Processing file /home/james/airflowa/lib/python3.8/site-packages/airflow/example_dags/example_task_group.py for tasks to queue
[2022-06-07 22:40:14,525] {logging_mixin.py:115} INFO - [2022-06-07 22:40:14,525] {dagbag.py:507} INFO - Filling up the DagBag from /home/james/airflowa/lib/python3.8/site-packages/airflow/example_dags/example_task_group.py
[2022-06-07 22:40:14,530] {processor.py:651} INFO - DAG(s) dict_keys(['example_task_group']) retrieved from /home/james/airflowa/lib/python3.8/site-packages/airflow/example_dags/example_task_group.py
[2022-06-07 22:40:14,544] {logging_mixin.py:115} INFO - [2022-06-07 22:40:14,544] {dag.py:2379} INFO - Sync 1 DAGs
[2022-06-07 22:40:14,559] {logging_mixin.py:115} INFO - [2022-06-07 22:40:14,559] {dag.py:2927} INFO - Setting next_dagrun for example_task_group to 2022-06-06T19:40:14.559172+00:00, run_after=2022-06-07T19:40:14.559172+00:00
[2022-06-07 22:40:14,570] {processor.py:161} INFO - Processing /home/james/airflowa/lib/python3.8/site-packages/airflow/example_dags/example_task_group.py took 0.048 seconds
[2022-06-07 22:40:55,187] {processor.py:153} INFO - Started process (PID=65777) to work on /home/james/airflowa/lib/python3.8/site-packages/airflow/example_dags/example_task_group.py
[2022-06-07 22:40:55,188] {processor.py:641} INFO - Processing file /home/james/airflowa/lib/python3.8/site-packages/airflow/example_dags/example_task_group.py for tasks to queue
[2022-06-07 22:40:55,188] {logging_mixin.py:115} INFO - [2022-06-07 22:40:55,188] {dagbag.py:507} INFO - Filling up the DagBag from /home/james/airflowa/lib/python3.8/site-packages/airflow/example_dags/example_task_group.py
[2022-06-07 22:40:55,193] {processor.py:651} INFO - DAG(s) dict_keys(['example_task_group']) retrieved from /home/james/airflowa/lib/python3.8/site-packages/airflow/example_dags/example_task_group.py
[2022-06-07 22:40:55,207] {logging_mixin.py:115} INFO - [2022-06-07 22:40:55,207] {dag.py:2379} INFO - Sync 1 DAGs
[2022-06-07 22:40:55,223] {logging_mixin.py:115} INFO - [2022-06-07 22:40:55,223] {dag.py:2927} INFO - Setting next_dagrun for example_task_group to 2022-06-06T19:40:55.223247+00:00, run_after=2022-06-07T19:40:55.223247+00:00
[2022-06-07 22:40:55,234] {processor.py:161} INFO - Processing /home/james/airflowa/lib/python3.8/site-packages/airflow/example_dags/example_task_group.py took 0.050 seconds
[2022-06-07 22:41:33,471] {processor.py:153} INFO - Started process (PID=66037) to work on /home/james/airflowa/lib/python3.8/site-packages/airflow/example_dags/example_task_group.py
[2022-06-07 22:41:33,472] {processor.py:641} INFO - Processing file /home/james/airflowa/lib/python3.8/site-packages/airflow/example_dags/example_task_group.py for tasks to queue
[2022-06-07 22:41:33,472] {logging_mixin.py:115} INFO - [2022-06-07 22:41:33,472] {dagbag.py:507} INFO - Filling up the DagBag from /home/james/airflowa/lib/python3.8/site-packages/airflow/example_dags/example_task_group.py
[2022-06-07 22:41:33,492] {processor.py:651} INFO - DAG(s) dict_keys(['example_task_group']) retrieved from /home/james/airflowa/lib/python3.8/site-packages/airflow/example_dags/example_task_group.py
[2022-06-07 22:41:33,534] {logging_mixin.py:115} INFO - [2022-06-07 22:41:33,534] {dag.py:2379} INFO - Sync 1 DAGs
[2022-06-07 22:41:33,580] {logging_mixin.py:115} INFO - [2022-06-07 22:41:33,579] {dag.py:2927} INFO - Setting next_dagrun for example_task_group to 2022-06-06T19:41:33.579070+00:00, run_after=2022-06-07T19:41:33.579070+00:00
[2022-06-07 22:41:33,610] {processor.py:161} INFO - Processing /home/james/airflowa/lib/python3.8/site-packages/airflow/example_dags/example_task_group.py took 0.146 seconds
[2022-06-07 22:42:11,277] {processor.py:153} INFO - Started process (PID=66238) to work on /home/james/airflowa/lib/python3.8/site-packages/airflow/example_dags/example_task_group.py
[2022-06-07 22:42:11,277] {processor.py:641} INFO - Processing file /home/james/airflowa/lib/python3.8/site-packages/airflow/example_dags/example_task_group.py for tasks to queue
[2022-06-07 22:42:11,278] {logging_mixin.py:115} INFO - [2022-06-07 22:42:11,278] {dagbag.py:507} INFO - Filling up the DagBag from /home/james/airflowa/lib/python3.8/site-packages/airflow/example_dags/example_task_group.py
[2022-06-07 22:42:11,297] {processor.py:651} INFO - DAG(s) dict_keys(['example_task_group']) retrieved from /home/james/airflowa/lib/python3.8/site-packages/airflow/example_dags/example_task_group.py
[2022-06-07 22:42:11,352] {logging_mixin.py:115} INFO - [2022-06-07 22:42:11,352] {dag.py:2379} INFO - Sync 1 DAGs
[2022-06-07 22:42:11,410] {logging_mixin.py:115} INFO - [2022-06-07 22:42:11,410] {dag.py:2927} INFO - Setting next_dagrun for example_task_group to 2022-06-06T19:42:11.410225+00:00, run_after=2022-06-07T19:42:11.410225+00:00
[2022-06-07 22:42:11,440] {processor.py:161} INFO - Processing /home/james/airflowa/lib/python3.8/site-packages/airflow/example_dags/example_task_group.py took 0.173 seconds
