[2022-06-07 22:33:14,859] {processor.py:153} INFO - Started process (PID=62563) to work on /home/james/airflowa/lib/python3.8/site-packages/airflow/example_dags/example_python_operator.py
[2022-06-07 22:33:14,860] {processor.py:641} INFO - Processing file /home/james/airflowa/lib/python3.8/site-packages/airflow/example_dags/example_python_operator.py for tasks to queue
[2022-06-07 22:33:14,860] {logging_mixin.py:115} INFO - [2022-06-07 22:33:14,860] {dagbag.py:507} INFO - Filling up the DagBag from /home/james/airflowa/lib/python3.8/site-packages/airflow/example_dags/example_python_operator.py
[2022-06-07 22:33:14,901] {processor.py:651} INFO - DAG(s) dict_keys(['example_python_operator']) retrieved from /home/james/airflowa/lib/python3.8/site-packages/airflow/example_dags/example_python_operator.py
[2022-06-07 22:33:14,932] {logging_mixin.py:115} INFO - [2022-06-07 22:33:14,932] {dag.py:2379} INFO - Sync 1 DAGs
[2022-06-07 22:33:14,969] {logging_mixin.py:115} INFO - [2022-06-07 22:33:14,969] {dag.py:2927} INFO - Setting next_dagrun for example_python_operator to None, run_after=None
[2022-06-07 22:33:14,992] {processor.py:161} INFO - Processing /home/james/airflowa/lib/python3.8/site-packages/airflow/example_dags/example_python_operator.py took 0.137 seconds
[2022-06-07 22:33:56,603] {processor.py:153} INFO - Started process (PID=62787) to work on /home/james/airflowa/lib/python3.8/site-packages/airflow/example_dags/example_python_operator.py
[2022-06-07 22:33:56,603] {processor.py:641} INFO - Processing file /home/james/airflowa/lib/python3.8/site-packages/airflow/example_dags/example_python_operator.py for tasks to queue
[2022-06-07 22:33:56,604] {logging_mixin.py:115} INFO - [2022-06-07 22:33:56,604] {dagbag.py:507} INFO - Filling up the DagBag from /home/james/airflowa/lib/python3.8/site-packages/airflow/example_dags/example_python_operator.py
[2022-06-07 22:33:56,629] {processor.py:651} INFO - DAG(s) dict_keys(['example_python_operator']) retrieved from /home/james/airflowa/lib/python3.8/site-packages/airflow/example_dags/example_python_operator.py
[2022-06-07 22:33:56,649] {logging_mixin.py:115} INFO - [2022-06-07 22:33:56,649] {dag.py:2379} INFO - Sync 1 DAGs
[2022-06-07 22:33:56,673] {logging_mixin.py:115} INFO - [2022-06-07 22:33:56,673] {dag.py:2927} INFO - Setting next_dagrun for example_python_operator to None, run_after=None
[2022-06-07 22:33:56,688] {processor.py:161} INFO - Processing /home/james/airflowa/lib/python3.8/site-packages/airflow/example_dags/example_python_operator.py took 0.089 seconds
[2022-06-07 22:34:39,465] {processor.py:153} INFO - Started process (PID=63174) to work on /home/james/airflowa/lib/python3.8/site-packages/airflow/example_dags/example_python_operator.py
[2022-06-07 22:34:39,466] {processor.py:641} INFO - Processing file /home/james/airflowa/lib/python3.8/site-packages/airflow/example_dags/example_python_operator.py for tasks to queue
[2022-06-07 22:34:39,466] {logging_mixin.py:115} INFO - [2022-06-07 22:34:39,466] {dagbag.py:507} INFO - Filling up the DagBag from /home/james/airflowa/lib/python3.8/site-packages/airflow/example_dags/example_python_operator.py
[2022-06-07 22:34:39,484] {processor.py:651} INFO - DAG(s) dict_keys(['example_python_operator']) retrieved from /home/james/airflowa/lib/python3.8/site-packages/airflow/example_dags/example_python_operator.py
[2022-06-07 22:34:39,496] {logging_mixin.py:115} INFO - [2022-06-07 22:34:39,496] {dag.py:2379} INFO - Sync 1 DAGs
[2022-06-07 22:34:39,511] {logging_mixin.py:115} INFO - [2022-06-07 22:34:39,511] {dag.py:2927} INFO - Setting next_dagrun for example_python_operator to None, run_after=None
[2022-06-07 22:34:39,522] {processor.py:161} INFO - Processing /home/james/airflowa/lib/python3.8/site-packages/airflow/example_dags/example_python_operator.py took 0.059 seconds
[2022-06-07 22:35:17,938] {processor.py:153} INFO - Started process (PID=63352) to work on /home/james/airflowa/lib/python3.8/site-packages/airflow/example_dags/example_python_operator.py
[2022-06-07 22:35:17,939] {processor.py:641} INFO - Processing file /home/james/airflowa/lib/python3.8/site-packages/airflow/example_dags/example_python_operator.py for tasks to queue
[2022-06-07 22:35:17,939] {logging_mixin.py:115} INFO - [2022-06-07 22:35:17,939] {dagbag.py:507} INFO - Filling up the DagBag from /home/james/airflowa/lib/python3.8/site-packages/airflow/example_dags/example_python_operator.py
[2022-06-07 22:35:17,956] {processor.py:651} INFO - DAG(s) dict_keys(['example_python_operator']) retrieved from /home/james/airflowa/lib/python3.8/site-packages/airflow/example_dags/example_python_operator.py
[2022-06-07 22:35:17,969] {logging_mixin.py:115} INFO - [2022-06-07 22:35:17,968] {dag.py:2379} INFO - Sync 1 DAGs
[2022-06-07 22:35:17,983] {logging_mixin.py:115} INFO - [2022-06-07 22:35:17,983] {dag.py:2927} INFO - Setting next_dagrun for example_python_operator to None, run_after=None
[2022-06-07 22:35:17,994] {processor.py:161} INFO - Processing /home/james/airflowa/lib/python3.8/site-packages/airflow/example_dags/example_python_operator.py took 0.059 seconds
[2022-06-07 22:35:57,263] {processor.py:153} INFO - Started process (PID=63574) to work on /home/james/airflowa/lib/python3.8/site-packages/airflow/example_dags/example_python_operator.py
[2022-06-07 22:35:57,264] {processor.py:641} INFO - Processing file /home/james/airflowa/lib/python3.8/site-packages/airflow/example_dags/example_python_operator.py for tasks to queue
[2022-06-07 22:35:57,266] {logging_mixin.py:115} INFO - [2022-06-07 22:35:57,266] {dagbag.py:507} INFO - Filling up the DagBag from /home/james/airflowa/lib/python3.8/site-packages/airflow/example_dags/example_python_operator.py
[2022-06-07 22:35:57,296] {processor.py:651} INFO - DAG(s) dict_keys(['example_python_operator']) retrieved from /home/james/airflowa/lib/python3.8/site-packages/airflow/example_dags/example_python_operator.py
[2022-06-07 22:35:57,323] {logging_mixin.py:115} INFO - [2022-06-07 22:35:57,323] {dag.py:2379} INFO - Sync 1 DAGs
[2022-06-07 22:35:57,356] {logging_mixin.py:115} INFO - [2022-06-07 22:35:57,356] {dag.py:2927} INFO - Setting next_dagrun for example_python_operator to None, run_after=None
[2022-06-07 22:35:57,379] {processor.py:161} INFO - Processing /home/james/airflowa/lib/python3.8/site-packages/airflow/example_dags/example_python_operator.py took 0.120 seconds
[2022-06-07 22:36:36,391] {processor.py:153} INFO - Started process (PID=63740) to work on /home/james/airflowa/lib/python3.8/site-packages/airflow/example_dags/example_python_operator.py
[2022-06-07 22:36:36,392] {processor.py:641} INFO - Processing file /home/james/airflowa/lib/python3.8/site-packages/airflow/example_dags/example_python_operator.py for tasks to queue
[2022-06-07 22:36:36,393] {logging_mixin.py:115} INFO - [2022-06-07 22:36:36,392] {dagbag.py:507} INFO - Filling up the DagBag from /home/james/airflowa/lib/python3.8/site-packages/airflow/example_dags/example_python_operator.py
[2022-06-07 22:36:36,417] {processor.py:651} INFO - DAG(s) dict_keys(['example_python_operator']) retrieved from /home/james/airflowa/lib/python3.8/site-packages/airflow/example_dags/example_python_operator.py
[2022-06-07 22:36:36,437] {logging_mixin.py:115} INFO - [2022-06-07 22:36:36,437] {dag.py:2379} INFO - Sync 1 DAGs
[2022-06-07 22:36:36,471] {logging_mixin.py:115} INFO - [2022-06-07 22:36:36,471] {dag.py:2927} INFO - Setting next_dagrun for example_python_operator to None, run_after=None
[2022-06-07 22:36:36,491] {processor.py:161} INFO - Processing /home/james/airflowa/lib/python3.8/site-packages/airflow/example_dags/example_python_operator.py took 0.103 seconds
[2022-06-07 22:37:13,552] {processor.py:153} INFO - Started process (PID=63922) to work on /home/james/airflowa/lib/python3.8/site-packages/airflow/example_dags/example_python_operator.py
[2022-06-07 22:37:13,552] {processor.py:641} INFO - Processing file /home/james/airflowa/lib/python3.8/site-packages/airflow/example_dags/example_python_operator.py for tasks to queue
[2022-06-07 22:37:13,553] {logging_mixin.py:115} INFO - [2022-06-07 22:37:13,553] {dagbag.py:507} INFO - Filling up the DagBag from /home/james/airflowa/lib/python3.8/site-packages/airflow/example_dags/example_python_operator.py
[2022-06-07 22:37:13,569] {processor.py:651} INFO - DAG(s) dict_keys(['example_python_operator']) retrieved from /home/james/airflowa/lib/python3.8/site-packages/airflow/example_dags/example_python_operator.py
[2022-06-07 22:37:13,582] {logging_mixin.py:115} INFO - [2022-06-07 22:37:13,581] {dag.py:2379} INFO - Sync 1 DAGs
[2022-06-07 22:37:13,596] {logging_mixin.py:115} INFO - [2022-06-07 22:37:13,596] {dag.py:2927} INFO - Setting next_dagrun for example_python_operator to None, run_after=None
[2022-06-07 22:37:13,607] {processor.py:161} INFO - Processing /home/james/airflowa/lib/python3.8/site-packages/airflow/example_dags/example_python_operator.py took 0.057 seconds
[2022-06-07 22:37:51,236] {processor.py:153} INFO - Started process (PID=64238) to work on /home/james/airflowa/lib/python3.8/site-packages/airflow/example_dags/example_python_operator.py
[2022-06-07 22:37:51,237] {processor.py:641} INFO - Processing file /home/james/airflowa/lib/python3.8/site-packages/airflow/example_dags/example_python_operator.py for tasks to queue
[2022-06-07 22:37:51,237] {logging_mixin.py:115} INFO - [2022-06-07 22:37:51,237] {dagbag.py:507} INFO - Filling up the DagBag from /home/james/airflowa/lib/python3.8/site-packages/airflow/example_dags/example_python_operator.py
[2022-06-07 22:37:51,253] {processor.py:651} INFO - DAG(s) dict_keys(['example_python_operator']) retrieved from /home/james/airflowa/lib/python3.8/site-packages/airflow/example_dags/example_python_operator.py
[2022-06-07 22:37:51,266] {logging_mixin.py:115} INFO - [2022-06-07 22:37:51,265] {dag.py:2379} INFO - Sync 1 DAGs
[2022-06-07 22:37:51,280] {logging_mixin.py:115} INFO - [2022-06-07 22:37:51,280] {dag.py:2927} INFO - Setting next_dagrun for example_python_operator to None, run_after=None
[2022-06-07 22:37:51,290] {processor.py:161} INFO - Processing /home/james/airflowa/lib/python3.8/site-packages/airflow/example_dags/example_python_operator.py took 0.057 seconds
[2022-06-07 22:38:30,941] {processor.py:153} INFO - Started process (PID=64455) to work on /home/james/airflowa/lib/python3.8/site-packages/airflow/example_dags/example_python_operator.py
[2022-06-07 22:38:30,942] {processor.py:641} INFO - Processing file /home/james/airflowa/lib/python3.8/site-packages/airflow/example_dags/example_python_operator.py for tasks to queue
[2022-06-07 22:38:30,943] {logging_mixin.py:115} INFO - [2022-06-07 22:38:30,942] {dagbag.py:507} INFO - Filling up the DagBag from /home/james/airflowa/lib/python3.8/site-packages/airflow/example_dags/example_python_operator.py
[2022-06-07 22:38:30,966] {processor.py:651} INFO - DAG(s) dict_keys(['example_python_operator']) retrieved from /home/james/airflowa/lib/python3.8/site-packages/airflow/example_dags/example_python_operator.py
[2022-06-07 22:38:30,979] {logging_mixin.py:115} INFO - [2022-06-07 22:38:30,979] {dag.py:2379} INFO - Sync 1 DAGs
[2022-06-07 22:38:30,995] {logging_mixin.py:115} INFO - [2022-06-07 22:38:30,995] {dag.py:2927} INFO - Setting next_dagrun for example_python_operator to None, run_after=None
[2022-06-07 22:38:31,006] {processor.py:161} INFO - Processing /home/james/airflowa/lib/python3.8/site-packages/airflow/example_dags/example_python_operator.py took 0.067 seconds
[2022-06-07 22:39:14,767] {processor.py:153} INFO - Started process (PID=64651) to work on /home/james/airflowa/lib/python3.8/site-packages/airflow/example_dags/example_python_operator.py
[2022-06-07 22:39:14,767] {processor.py:641} INFO - Processing file /home/james/airflowa/lib/python3.8/site-packages/airflow/example_dags/example_python_operator.py for tasks to queue
[2022-06-07 22:39:14,767] {logging_mixin.py:115} INFO - [2022-06-07 22:39:14,767] {dagbag.py:507} INFO - Filling up the DagBag from /home/james/airflowa/lib/python3.8/site-packages/airflow/example_dags/example_python_operator.py
[2022-06-07 22:39:14,784] {processor.py:651} INFO - DAG(s) dict_keys(['example_python_operator']) retrieved from /home/james/airflowa/lib/python3.8/site-packages/airflow/example_dags/example_python_operator.py
[2022-06-07 22:39:14,796] {logging_mixin.py:115} INFO - [2022-06-07 22:39:14,796] {dag.py:2379} INFO - Sync 1 DAGs
[2022-06-07 22:39:14,811] {logging_mixin.py:115} INFO - [2022-06-07 22:39:14,811] {dag.py:2927} INFO - Setting next_dagrun for example_python_operator to None, run_after=None
[2022-06-07 22:39:14,822] {processor.py:161} INFO - Processing /home/james/airflowa/lib/python3.8/site-packages/airflow/example_dags/example_python_operator.py took 0.058 seconds
[2022-06-07 22:39:54,242] {processor.py:153} INFO - Started process (PID=65107) to work on /home/james/airflowa/lib/python3.8/site-packages/airflow/example_dags/example_python_operator.py
[2022-06-07 22:39:54,242] {processor.py:641} INFO - Processing file /home/james/airflowa/lib/python3.8/site-packages/airflow/example_dags/example_python_operator.py for tasks to queue
[2022-06-07 22:39:54,243] {logging_mixin.py:115} INFO - [2022-06-07 22:39:54,242] {dagbag.py:507} INFO - Filling up the DagBag from /home/james/airflowa/lib/python3.8/site-packages/airflow/example_dags/example_python_operator.py
[2022-06-07 22:39:54,258] {processor.py:651} INFO - DAG(s) dict_keys(['example_python_operator']) retrieved from /home/james/airflowa/lib/python3.8/site-packages/airflow/example_dags/example_python_operator.py
[2022-06-07 22:39:54,271] {logging_mixin.py:115} INFO - [2022-06-07 22:39:54,271] {dag.py:2379} INFO - Sync 1 DAGs
[2022-06-07 22:39:54,286] {logging_mixin.py:115} INFO - [2022-06-07 22:39:54,286] {dag.py:2927} INFO - Setting next_dagrun for example_python_operator to None, run_after=None
[2022-06-07 22:39:54,296] {processor.py:161} INFO - Processing /home/james/airflowa/lib/python3.8/site-packages/airflow/example_dags/example_python_operator.py took 0.057 seconds
[2022-06-07 22:40:33,770] {processor.py:153} INFO - Started process (PID=65706) to work on /home/james/airflowa/lib/python3.8/site-packages/airflow/example_dags/example_python_operator.py
[2022-06-07 22:40:33,770] {processor.py:641} INFO - Processing file /home/james/airflowa/lib/python3.8/site-packages/airflow/example_dags/example_python_operator.py for tasks to queue
[2022-06-07 22:40:33,771] {logging_mixin.py:115} INFO - [2022-06-07 22:40:33,771] {dagbag.py:507} INFO - Filling up the DagBag from /home/james/airflowa/lib/python3.8/site-packages/airflow/example_dags/example_python_operator.py
[2022-06-07 22:40:33,786] {processor.py:651} INFO - DAG(s) dict_keys(['example_python_operator']) retrieved from /home/james/airflowa/lib/python3.8/site-packages/airflow/example_dags/example_python_operator.py
[2022-06-07 22:40:33,800] {logging_mixin.py:115} INFO - [2022-06-07 22:40:33,800] {dag.py:2379} INFO - Sync 1 DAGs
[2022-06-07 22:40:33,814] {logging_mixin.py:115} INFO - [2022-06-07 22:40:33,814] {dag.py:2927} INFO - Setting next_dagrun for example_python_operator to None, run_after=None
[2022-06-07 22:40:33,824] {processor.py:161} INFO - Processing /home/james/airflowa/lib/python3.8/site-packages/airflow/example_dags/example_python_operator.py took 0.058 seconds
[2022-06-07 22:41:11,378] {processor.py:153} INFO - Started process (PID=65871) to work on /home/james/airflowa/lib/python3.8/site-packages/airflow/example_dags/example_python_operator.py
[2022-06-07 22:41:11,379] {processor.py:641} INFO - Processing file /home/james/airflowa/lib/python3.8/site-packages/airflow/example_dags/example_python_operator.py for tasks to queue
[2022-06-07 22:41:11,379] {logging_mixin.py:115} INFO - [2022-06-07 22:41:11,379] {dagbag.py:507} INFO - Filling up the DagBag from /home/james/airflowa/lib/python3.8/site-packages/airflow/example_dags/example_python_operator.py
[2022-06-07 22:41:11,402] {processor.py:651} INFO - DAG(s) dict_keys(['example_python_operator']) retrieved from /home/james/airflowa/lib/python3.8/site-packages/airflow/example_dags/example_python_operator.py
[2022-06-07 22:41:11,423] {logging_mixin.py:115} INFO - [2022-06-07 22:41:11,423] {dag.py:2379} INFO - Sync 1 DAGs
[2022-06-07 22:41:11,449] {logging_mixin.py:115} INFO - [2022-06-07 22:41:11,448] {dag.py:2927} INFO - Setting next_dagrun for example_python_operator to None, run_after=None
[2022-06-07 22:41:11,466] {processor.py:161} INFO - Processing /home/james/airflowa/lib/python3.8/site-packages/airflow/example_dags/example_python_operator.py took 0.091 seconds
[2022-06-07 22:41:53,405] {processor.py:153} INFO - Started process (PID=66143) to work on /home/james/airflowa/lib/python3.8/site-packages/airflow/example_dags/example_python_operator.py
[2022-06-07 22:41:53,406] {processor.py:641} INFO - Processing file /home/james/airflowa/lib/python3.8/site-packages/airflow/example_dags/example_python_operator.py for tasks to queue
[2022-06-07 22:41:53,406] {logging_mixin.py:115} INFO - [2022-06-07 22:41:53,406] {dagbag.py:507} INFO - Filling up the DagBag from /home/james/airflowa/lib/python3.8/site-packages/airflow/example_dags/example_python_operator.py
[2022-06-07 22:41:53,424] {processor.py:651} INFO - DAG(s) dict_keys(['example_python_operator']) retrieved from /home/james/airflowa/lib/python3.8/site-packages/airflow/example_dags/example_python_operator.py
[2022-06-07 22:41:53,439] {logging_mixin.py:115} INFO - [2022-06-07 22:41:53,439] {dag.py:2379} INFO - Sync 1 DAGs
[2022-06-07 22:41:53,456] {logging_mixin.py:115} INFO - [2022-06-07 22:41:53,456] {dag.py:2927} INFO - Setting next_dagrun for example_python_operator to None, run_after=None
[2022-06-07 22:41:53,469] {processor.py:161} INFO - Processing /home/james/airflowa/lib/python3.8/site-packages/airflow/example_dags/example_python_operator.py took 0.065 seconds
