[2022-06-07 22:33:09,573] {processor.py:153} INFO - Started process (PID=62541) to work on /home/james/airflowa/lib/python3.8/site-packages/airflow/example_dags/example_kubernetes_executor.py
[2022-06-07 22:33:09,574] {processor.py:641} INFO - Processing file /home/james/airflowa/lib/python3.8/site-packages/airflow/example_dags/example_kubernetes_executor.py for tasks to queue
[2022-06-07 22:33:09,575] {logging_mixin.py:115} INFO - [2022-06-07 22:33:09,575] {dagbag.py:507} INFO - Filling up the DagBag from /home/james/airflowa/lib/python3.8/site-packages/airflow/example_dags/example_kubernetes_executor.py
[2022-06-07 22:33:09,604] {logging_mixin.py:115} INFO - [2022-06-07 22:33:09,604] {example_kubernetes_executor.py:39} WARNING - The example_kubernetes_executor example DAG requires the kubernetes provider. Please install it with: pip install apache-airflow[cncf.kubernetes]
[2022-06-07 22:33:09,605] {processor.py:653} WARNING - No viable dags retrieved from /home/james/airflowa/lib/python3.8/site-packages/airflow/example_dags/example_kubernetes_executor.py
[2022-06-07 22:33:09,622] {processor.py:161} INFO - Processing /home/james/airflowa/lib/python3.8/site-packages/airflow/example_dags/example_kubernetes_executor.py took 0.054 seconds
[2022-06-07 22:33:51,702] {processor.py:153} INFO - Started process (PID=62766) to work on /home/james/airflowa/lib/python3.8/site-packages/airflow/example_dags/example_kubernetes_executor.py
[2022-06-07 22:33:51,703] {processor.py:641} INFO - Processing file /home/james/airflowa/lib/python3.8/site-packages/airflow/example_dags/example_kubernetes_executor.py for tasks to queue
[2022-06-07 22:33:51,704] {logging_mixin.py:115} INFO - [2022-06-07 22:33:51,704] {dagbag.py:507} INFO - Filling up the DagBag from /home/james/airflowa/lib/python3.8/site-packages/airflow/example_dags/example_kubernetes_executor.py
[2022-06-07 22:33:51,725] {logging_mixin.py:115} INFO - [2022-06-07 22:33:51,725] {example_kubernetes_executor.py:39} WARNING - The example_kubernetes_executor example DAG requires the kubernetes provider. Please install it with: pip install apache-airflow[cncf.kubernetes]
[2022-06-07 22:33:51,726] {processor.py:653} WARNING - No viable dags retrieved from /home/james/airflowa/lib/python3.8/site-packages/airflow/example_dags/example_kubernetes_executor.py
[2022-06-07 22:33:51,740] {processor.py:161} INFO - Processing /home/james/airflowa/lib/python3.8/site-packages/airflow/example_dags/example_kubernetes_executor.py took 0.042 seconds
[2022-06-07 22:34:30,453] {processor.py:153} INFO - Started process (PID=63142) to work on /home/james/airflowa/lib/python3.8/site-packages/airflow/example_dags/example_kubernetes_executor.py
[2022-06-07 22:34:30,454] {processor.py:641} INFO - Processing file /home/james/airflowa/lib/python3.8/site-packages/airflow/example_dags/example_kubernetes_executor.py for tasks to queue
[2022-06-07 22:34:30,455] {logging_mixin.py:115} INFO - [2022-06-07 22:34:30,455] {dagbag.py:507} INFO - Filling up the DagBag from /home/james/airflowa/lib/python3.8/site-packages/airflow/example_dags/example_kubernetes_executor.py
[2022-06-07 22:34:30,471] {logging_mixin.py:115} INFO - [2022-06-07 22:34:30,471] {example_kubernetes_executor.py:39} WARNING - The example_kubernetes_executor example DAG requires the kubernetes provider. Please install it with: pip install apache-airflow[cncf.kubernetes]
[2022-06-07 22:34:30,472] {processor.py:653} WARNING - No viable dags retrieved from /home/james/airflowa/lib/python3.8/site-packages/airflow/example_dags/example_kubernetes_executor.py
[2022-06-07 22:34:30,483] {processor.py:161} INFO - Processing /home/james/airflowa/lib/python3.8/site-packages/airflow/example_dags/example_kubernetes_executor.py took 0.033 seconds
[2022-06-07 22:35:08,941] {processor.py:153} INFO - Started process (PID=63320) to work on /home/james/airflowa/lib/python3.8/site-packages/airflow/example_dags/example_kubernetes_executor.py
[2022-06-07 22:35:08,942] {processor.py:641} INFO - Processing file /home/james/airflowa/lib/python3.8/site-packages/airflow/example_dags/example_kubernetes_executor.py for tasks to queue
[2022-06-07 22:35:08,943] {logging_mixin.py:115} INFO - [2022-06-07 22:35:08,943] {dagbag.py:507} INFO - Filling up the DagBag from /home/james/airflowa/lib/python3.8/site-packages/airflow/example_dags/example_kubernetes_executor.py
[2022-06-07 22:35:08,957] {logging_mixin.py:115} INFO - [2022-06-07 22:35:08,957] {example_kubernetes_executor.py:39} WARNING - The example_kubernetes_executor example DAG requires the kubernetes provider. Please install it with: pip install apache-airflow[cncf.kubernetes]
[2022-06-07 22:35:08,958] {processor.py:653} WARNING - No viable dags retrieved from /home/james/airflowa/lib/python3.8/site-packages/airflow/example_dags/example_kubernetes_executor.py
[2022-06-07 22:35:08,966] {processor.py:161} INFO - Processing /home/james/airflowa/lib/python3.8/site-packages/airflow/example_dags/example_kubernetes_executor.py took 0.028 seconds
[2022-06-07 22:35:49,628] {processor.py:153} INFO - Started process (PID=63520) to work on /home/james/airflowa/lib/python3.8/site-packages/airflow/example_dags/example_kubernetes_executor.py
[2022-06-07 22:35:49,629] {processor.py:641} INFO - Processing file /home/james/airflowa/lib/python3.8/site-packages/airflow/example_dags/example_kubernetes_executor.py for tasks to queue
[2022-06-07 22:35:49,630] {logging_mixin.py:115} INFO - [2022-06-07 22:35:49,630] {dagbag.py:507} INFO - Filling up the DagBag from /home/james/airflowa/lib/python3.8/site-packages/airflow/example_dags/example_kubernetes_executor.py
[2022-06-07 22:35:49,645] {logging_mixin.py:115} INFO - [2022-06-07 22:35:49,645] {example_kubernetes_executor.py:39} WARNING - The example_kubernetes_executor example DAG requires the kubernetes provider. Please install it with: pip install apache-airflow[cncf.kubernetes]
[2022-06-07 22:35:49,646] {processor.py:653} WARNING - No viable dags retrieved from /home/james/airflowa/lib/python3.8/site-packages/airflow/example_dags/example_kubernetes_executor.py
[2022-06-07 22:35:49,655] {processor.py:161} INFO - Processing /home/james/airflowa/lib/python3.8/site-packages/airflow/example_dags/example_kubernetes_executor.py took 0.030 seconds
[2022-06-07 22:36:31,486] {processor.py:153} INFO - Started process (PID=63711) to work on /home/james/airflowa/lib/python3.8/site-packages/airflow/example_dags/example_kubernetes_executor.py
[2022-06-07 22:36:31,486] {processor.py:641} INFO - Processing file /home/james/airflowa/lib/python3.8/site-packages/airflow/example_dags/example_kubernetes_executor.py for tasks to queue
[2022-06-07 22:36:31,487] {logging_mixin.py:115} INFO - [2022-06-07 22:36:31,487] {dagbag.py:507} INFO - Filling up the DagBag from /home/james/airflowa/lib/python3.8/site-packages/airflow/example_dags/example_kubernetes_executor.py
[2022-06-07 22:36:31,506] {logging_mixin.py:115} INFO - [2022-06-07 22:36:31,506] {example_kubernetes_executor.py:39} WARNING - The example_kubernetes_executor example DAG requires the kubernetes provider. Please install it with: pip install apache-airflow[cncf.kubernetes]
[2022-06-07 22:36:31,506] {processor.py:653} WARNING - No viable dags retrieved from /home/james/airflowa/lib/python3.8/site-packages/airflow/example_dags/example_kubernetes_executor.py
[2022-06-07 22:36:31,518] {processor.py:161} INFO - Processing /home/james/airflowa/lib/python3.8/site-packages/airflow/example_dags/example_kubernetes_executor.py took 0.036 seconds
[2022-06-07 22:37:09,545] {processor.py:153} INFO - Started process (PID=63916) to work on /home/james/airflowa/lib/python3.8/site-packages/airflow/example_dags/example_kubernetes_executor.py
[2022-06-07 22:37:09,545] {processor.py:641} INFO - Processing file /home/james/airflowa/lib/python3.8/site-packages/airflow/example_dags/example_kubernetes_executor.py for tasks to queue
[2022-06-07 22:37:09,546] {logging_mixin.py:115} INFO - [2022-06-07 22:37:09,546] {dagbag.py:507} INFO - Filling up the DagBag from /home/james/airflowa/lib/python3.8/site-packages/airflow/example_dags/example_kubernetes_executor.py
[2022-06-07 22:37:09,558] {logging_mixin.py:115} INFO - [2022-06-07 22:37:09,558] {example_kubernetes_executor.py:39} WARNING - The example_kubernetes_executor example DAG requires the kubernetes provider. Please install it with: pip install apache-airflow[cncf.kubernetes]
[2022-06-07 22:37:09,559] {processor.py:653} WARNING - No viable dags retrieved from /home/james/airflowa/lib/python3.8/site-packages/airflow/example_dags/example_kubernetes_executor.py
[2022-06-07 22:37:09,567] {processor.py:161} INFO - Processing /home/james/airflowa/lib/python3.8/site-packages/airflow/example_dags/example_kubernetes_executor.py took 0.026 seconds
[2022-06-07 22:37:47,242] {processor.py:153} INFO - Started process (PID=64230) to work on /home/james/airflowa/lib/python3.8/site-packages/airflow/example_dags/example_kubernetes_executor.py
[2022-06-07 22:37:47,243] {processor.py:641} INFO - Processing file /home/james/airflowa/lib/python3.8/site-packages/airflow/example_dags/example_kubernetes_executor.py for tasks to queue
[2022-06-07 22:37:47,243] {logging_mixin.py:115} INFO - [2022-06-07 22:37:47,243] {dagbag.py:507} INFO - Filling up the DagBag from /home/james/airflowa/lib/python3.8/site-packages/airflow/example_dags/example_kubernetes_executor.py
[2022-06-07 22:37:47,254] {logging_mixin.py:115} INFO - [2022-06-07 22:37:47,254] {example_kubernetes_executor.py:39} WARNING - The example_kubernetes_executor example DAG requires the kubernetes provider. Please install it with: pip install apache-airflow[cncf.kubernetes]
[2022-06-07 22:37:47,255] {processor.py:653} WARNING - No viable dags retrieved from /home/james/airflowa/lib/python3.8/site-packages/airflow/example_dags/example_kubernetes_executor.py
[2022-06-07 22:37:47,261] {processor.py:161} INFO - Processing /home/james/airflowa/lib/python3.8/site-packages/airflow/example_dags/example_kubernetes_executor.py took 0.021 seconds
[2022-06-07 22:38:26,616] {processor.py:153} INFO - Started process (PID=64440) to work on /home/james/airflowa/lib/python3.8/site-packages/airflow/example_dags/example_kubernetes_executor.py
[2022-06-07 22:38:26,617] {processor.py:641} INFO - Processing file /home/james/airflowa/lib/python3.8/site-packages/airflow/example_dags/example_kubernetes_executor.py for tasks to queue
[2022-06-07 22:38:26,618] {logging_mixin.py:115} INFO - [2022-06-07 22:38:26,618] {dagbag.py:507} INFO - Filling up the DagBag from /home/james/airflowa/lib/python3.8/site-packages/airflow/example_dags/example_kubernetes_executor.py
[2022-06-07 22:38:26,641] {logging_mixin.py:115} INFO - [2022-06-07 22:38:26,640] {example_kubernetes_executor.py:39} WARNING - The example_kubernetes_executor example DAG requires the kubernetes provider. Please install it with: pip install apache-airflow[cncf.kubernetes]
[2022-06-07 22:38:26,641] {processor.py:653} WARNING - No viable dags retrieved from /home/james/airflowa/lib/python3.8/site-packages/airflow/example_dags/example_kubernetes_executor.py
[2022-06-07 22:38:26,654] {processor.py:161} INFO - Processing /home/james/airflowa/lib/python3.8/site-packages/airflow/example_dags/example_kubernetes_executor.py took 0.042 seconds
[2022-06-07 22:39:02,505] {processor.py:153} INFO - Started process (PID=64596) to work on /home/james/airflowa/lib/python3.8/site-packages/airflow/example_dags/example_kubernetes_executor.py
[2022-06-07 22:39:02,506] {processor.py:641} INFO - Processing file /home/james/airflowa/lib/python3.8/site-packages/airflow/example_dags/example_kubernetes_executor.py for tasks to queue
[2022-06-07 22:39:02,506] {logging_mixin.py:115} INFO - [2022-06-07 22:39:02,506] {dagbag.py:507} INFO - Filling up the DagBag from /home/james/airflowa/lib/python3.8/site-packages/airflow/example_dags/example_kubernetes_executor.py
[2022-06-07 22:39:02,519] {logging_mixin.py:115} INFO - [2022-06-07 22:39:02,519] {example_kubernetes_executor.py:39} WARNING - The example_kubernetes_executor example DAG requires the kubernetes provider. Please install it with: pip install apache-airflow[cncf.kubernetes]
[2022-06-07 22:39:02,519] {processor.py:653} WARNING - No viable dags retrieved from /home/james/airflowa/lib/python3.8/site-packages/airflow/example_dags/example_kubernetes_executor.py
[2022-06-07 22:39:02,526] {processor.py:161} INFO - Processing /home/james/airflowa/lib/python3.8/site-packages/airflow/example_dags/example_kubernetes_executor.py took 0.024 seconds
[2022-06-07 22:39:39,195] {processor.py:153} INFO - Started process (PID=64975) to work on /home/james/airflowa/lib/python3.8/site-packages/airflow/example_dags/example_kubernetes_executor.py
[2022-06-07 22:39:39,196] {processor.py:641} INFO - Processing file /home/james/airflowa/lib/python3.8/site-packages/airflow/example_dags/example_kubernetes_executor.py for tasks to queue
[2022-06-07 22:39:39,196] {logging_mixin.py:115} INFO - [2022-06-07 22:39:39,196] {dagbag.py:507} INFO - Filling up the DagBag from /home/james/airflowa/lib/python3.8/site-packages/airflow/example_dags/example_kubernetes_executor.py
[2022-06-07 22:39:39,211] {logging_mixin.py:115} INFO - [2022-06-07 22:39:39,211] {example_kubernetes_executor.py:39} WARNING - The example_kubernetes_executor example DAG requires the kubernetes provider. Please install it with: pip install apache-airflow[cncf.kubernetes]
[2022-06-07 22:39:39,211] {processor.py:653} WARNING - No viable dags retrieved from /home/james/airflowa/lib/python3.8/site-packages/airflow/example_dags/example_kubernetes_executor.py
[2022-06-07 22:39:39,220] {processor.py:161} INFO - Processing /home/james/airflowa/lib/python3.8/site-packages/airflow/example_dags/example_kubernetes_executor.py took 0.026 seconds
[2022-06-07 22:40:15,414] {processor.py:153} INFO - Started process (PID=65629) to work on /home/james/airflowa/lib/python3.8/site-packages/airflow/example_dags/example_kubernetes_executor.py
[2022-06-07 22:40:15,415] {processor.py:641} INFO - Processing file /home/james/airflowa/lib/python3.8/site-packages/airflow/example_dags/example_kubernetes_executor.py for tasks to queue
[2022-06-07 22:40:15,415] {logging_mixin.py:115} INFO - [2022-06-07 22:40:15,415] {dagbag.py:507} INFO - Filling up the DagBag from /home/james/airflowa/lib/python3.8/site-packages/airflow/example_dags/example_kubernetes_executor.py
[2022-06-07 22:40:15,427] {logging_mixin.py:115} INFO - [2022-06-07 22:40:15,426] {example_kubernetes_executor.py:39} WARNING - The example_kubernetes_executor example DAG requires the kubernetes provider. Please install it with: pip install apache-airflow[cncf.kubernetes]
[2022-06-07 22:40:15,427] {processor.py:653} WARNING - No viable dags retrieved from /home/james/airflowa/lib/python3.8/site-packages/airflow/example_dags/example_kubernetes_executor.py
[2022-06-07 22:40:15,435] {processor.py:161} INFO - Processing /home/james/airflowa/lib/python3.8/site-packages/airflow/example_dags/example_kubernetes_executor.py took 0.023 seconds
[2022-06-07 22:40:56,325] {processor.py:153} INFO - Started process (PID=65783) to work on /home/james/airflowa/lib/python3.8/site-packages/airflow/example_dags/example_kubernetes_executor.py
[2022-06-07 22:40:56,326] {processor.py:641} INFO - Processing file /home/james/airflowa/lib/python3.8/site-packages/airflow/example_dags/example_kubernetes_executor.py for tasks to queue
[2022-06-07 22:40:56,327] {logging_mixin.py:115} INFO - [2022-06-07 22:40:56,326] {dagbag.py:507} INFO - Filling up the DagBag from /home/james/airflowa/lib/python3.8/site-packages/airflow/example_dags/example_kubernetes_executor.py
[2022-06-07 22:40:56,339] {logging_mixin.py:115} INFO - [2022-06-07 22:40:56,339] {example_kubernetes_executor.py:39} WARNING - The example_kubernetes_executor example DAG requires the kubernetes provider. Please install it with: pip install apache-airflow[cncf.kubernetes]
[2022-06-07 22:40:56,339] {processor.py:653} WARNING - No viable dags retrieved from /home/james/airflowa/lib/python3.8/site-packages/airflow/example_dags/example_kubernetes_executor.py
[2022-06-07 22:40:56,347] {processor.py:161} INFO - Processing /home/james/airflowa/lib/python3.8/site-packages/airflow/example_dags/example_kubernetes_executor.py took 0.025 seconds
[2022-06-07 22:41:34,726] {processor.py:153} INFO - Started process (PID=66039) to work on /home/james/airflowa/lib/python3.8/site-packages/airflow/example_dags/example_kubernetes_executor.py
[2022-06-07 22:41:34,727] {processor.py:641} INFO - Processing file /home/james/airflowa/lib/python3.8/site-packages/airflow/example_dags/example_kubernetes_executor.py for tasks to queue
[2022-06-07 22:41:34,730] {logging_mixin.py:115} INFO - [2022-06-07 22:41:34,730] {dagbag.py:507} INFO - Filling up the DagBag from /home/james/airflowa/lib/python3.8/site-packages/airflow/example_dags/example_kubernetes_executor.py
[2022-06-07 22:41:34,772] {logging_mixin.py:115} INFO - [2022-06-07 22:41:34,771] {example_kubernetes_executor.py:39} WARNING - The example_kubernetes_executor example DAG requires the kubernetes provider. Please install it with: pip install apache-airflow[cncf.kubernetes]
[2022-06-07 22:41:34,772] {processor.py:653} WARNING - No viable dags retrieved from /home/james/airflowa/lib/python3.8/site-packages/airflow/example_dags/example_kubernetes_executor.py
[2022-06-07 22:41:34,792] {processor.py:161} INFO - Processing /home/james/airflowa/lib/python3.8/site-packages/airflow/example_dags/example_kubernetes_executor.py took 0.076 seconds
