[2022-06-07 22:33:03,134] {processor.py:153} INFO - Started process (PID=62503) to work on /home/james/airflowa/lib/python3.8/site-packages/airflow/example_dags/example_latest_only_with_trigger.py
[2022-06-07 22:33:03,135] {processor.py:641} INFO - Processing file /home/james/airflowa/lib/python3.8/site-packages/airflow/example_dags/example_latest_only_with_trigger.py for tasks to queue
[2022-06-07 22:33:03,136] {logging_mixin.py:115} INFO - [2022-06-07 22:33:03,136] {dagbag.py:507} INFO - Filling up the DagBag from /home/james/airflowa/lib/python3.8/site-packages/airflow/example_dags/example_latest_only_with_trigger.py
[2022-06-07 22:33:03,148] {processor.py:651} INFO - DAG(s) dict_keys(['latest_only_with_trigger']) retrieved from /home/james/airflowa/lib/python3.8/site-packages/airflow/example_dags/example_latest_only_with_trigger.py
[2022-06-07 22:33:03,177] {logging_mixin.py:115} INFO - [2022-06-07 22:33:03,176] {dag.py:2379} INFO - Sync 1 DAGs
[2022-06-07 22:33:03,201] {logging_mixin.py:115} INFO - [2022-06-07 22:33:03,201] {dag.py:2927} INFO - Setting next_dagrun for latest_only_with_trigger to 2022-06-07T15:33:03.200987+00:00, run_after=2022-06-07T19:33:03.200987+00:00
[2022-06-07 22:33:03,218] {processor.py:161} INFO - Processing /home/james/airflowa/lib/python3.8/site-packages/airflow/example_dags/example_latest_only_with_trigger.py took 0.089 seconds
[2022-06-07 22:33:45,297] {processor.py:153} INFO - Started process (PID=62749) to work on /home/james/airflowa/lib/python3.8/site-packages/airflow/example_dags/example_latest_only_with_trigger.py
[2022-06-07 22:33:45,297] {processor.py:641} INFO - Processing file /home/james/airflowa/lib/python3.8/site-packages/airflow/example_dags/example_latest_only_with_trigger.py for tasks to queue
[2022-06-07 22:33:45,298] {logging_mixin.py:115} INFO - [2022-06-07 22:33:45,298] {dagbag.py:507} INFO - Filling up the DagBag from /home/james/airflowa/lib/python3.8/site-packages/airflow/example_dags/example_latest_only_with_trigger.py
[2022-06-07 22:33:45,305] {processor.py:651} INFO - DAG(s) dict_keys(['latest_only_with_trigger']) retrieved from /home/james/airflowa/lib/python3.8/site-packages/airflow/example_dags/example_latest_only_with_trigger.py
[2022-06-07 22:33:45,324] {logging_mixin.py:115} INFO - [2022-06-07 22:33:45,324] {dag.py:2379} INFO - Sync 1 DAGs
[2022-06-07 22:33:45,351] {logging_mixin.py:115} INFO - [2022-06-07 22:33:45,351] {dag.py:2927} INFO - Setting next_dagrun for latest_only_with_trigger to 2022-06-07T15:33:45.351257+00:00, run_after=2022-06-07T19:33:45.351257+00:00
[2022-06-07 22:33:45,368] {processor.py:161} INFO - Processing /home/james/airflowa/lib/python3.8/site-packages/airflow/example_dags/example_latest_only_with_trigger.py took 0.075 seconds
[2022-06-07 22:34:23,793] {processor.py:153} INFO - Started process (PID=63033) to work on /home/james/airflowa/lib/python3.8/site-packages/airflow/example_dags/example_latest_only_with_trigger.py
[2022-06-07 22:34:23,794] {processor.py:641} INFO - Processing file /home/james/airflowa/lib/python3.8/site-packages/airflow/example_dags/example_latest_only_with_trigger.py for tasks to queue
[2022-06-07 22:34:23,794] {logging_mixin.py:115} INFO - [2022-06-07 22:34:23,794] {dagbag.py:507} INFO - Filling up the DagBag from /home/james/airflowa/lib/python3.8/site-packages/airflow/example_dags/example_latest_only_with_trigger.py
[2022-06-07 22:34:23,799] {processor.py:651} INFO - DAG(s) dict_keys(['latest_only_with_trigger']) retrieved from /home/james/airflowa/lib/python3.8/site-packages/airflow/example_dags/example_latest_only_with_trigger.py
[2022-06-07 22:34:23,813] {logging_mixin.py:115} INFO - [2022-06-07 22:34:23,813] {dag.py:2379} INFO - Sync 1 DAGs
[2022-06-07 22:34:23,827] {logging_mixin.py:115} INFO - [2022-06-07 22:34:23,827] {dag.py:2927} INFO - Setting next_dagrun for latest_only_with_trigger to 2022-06-07T15:34:23.827582+00:00, run_after=2022-06-07T19:34:23.827582+00:00
[2022-06-07 22:34:23,839] {processor.py:161} INFO - Processing /home/james/airflowa/lib/python3.8/site-packages/airflow/example_dags/example_latest_only_with_trigger.py took 0.048 seconds
[2022-06-07 22:35:02,026] {processor.py:153} INFO - Started process (PID=63291) to work on /home/james/airflowa/lib/python3.8/site-packages/airflow/example_dags/example_latest_only_with_trigger.py
[2022-06-07 22:35:02,027] {processor.py:641} INFO - Processing file /home/james/airflowa/lib/python3.8/site-packages/airflow/example_dags/example_latest_only_with_trigger.py for tasks to queue
[2022-06-07 22:35:02,028] {logging_mixin.py:115} INFO - [2022-06-07 22:35:02,028] {dagbag.py:507} INFO - Filling up the DagBag from /home/james/airflowa/lib/python3.8/site-packages/airflow/example_dags/example_latest_only_with_trigger.py
[2022-06-07 22:35:02,036] {processor.py:651} INFO - DAG(s) dict_keys(['latest_only_with_trigger']) retrieved from /home/james/airflowa/lib/python3.8/site-packages/airflow/example_dags/example_latest_only_with_trigger.py
[2022-06-07 22:35:02,057] {logging_mixin.py:115} INFO - [2022-06-07 22:35:02,057] {dag.py:2379} INFO - Sync 1 DAGs
[2022-06-07 22:35:02,084] {logging_mixin.py:115} INFO - [2022-06-07 22:35:02,084] {dag.py:2927} INFO - Setting next_dagrun for latest_only_with_trigger to 2022-06-07T15:35:02.083822+00:00, run_after=2022-06-07T19:35:02.083822+00:00
[2022-06-07 22:35:02,100] {processor.py:161} INFO - Processing /home/james/airflowa/lib/python3.8/site-packages/airflow/example_dags/example_latest_only_with_trigger.py took 0.077 seconds
[2022-06-07 22:35:41,656] {processor.py:153} INFO - Started process (PID=63485) to work on /home/james/airflowa/lib/python3.8/site-packages/airflow/example_dags/example_latest_only_with_trigger.py
[2022-06-07 22:35:41,657] {processor.py:641} INFO - Processing file /home/james/airflowa/lib/python3.8/site-packages/airflow/example_dags/example_latest_only_with_trigger.py for tasks to queue
[2022-06-07 22:35:41,658] {logging_mixin.py:115} INFO - [2022-06-07 22:35:41,658] {dagbag.py:507} INFO - Filling up the DagBag from /home/james/airflowa/lib/python3.8/site-packages/airflow/example_dags/example_latest_only_with_trigger.py
[2022-06-07 22:35:41,666] {processor.py:651} INFO - DAG(s) dict_keys(['latest_only_with_trigger']) retrieved from /home/james/airflowa/lib/python3.8/site-packages/airflow/example_dags/example_latest_only_with_trigger.py
[2022-06-07 22:35:41,690] {logging_mixin.py:115} INFO - [2022-06-07 22:35:41,690] {dag.py:2379} INFO - Sync 1 DAGs
[2022-06-07 22:35:41,718] {logging_mixin.py:115} INFO - [2022-06-07 22:35:41,718] {dag.py:2927} INFO - Setting next_dagrun for latest_only_with_trigger to 2022-06-07T15:35:41.717934+00:00, run_after=2022-06-07T19:35:41.717934+00:00
[2022-06-07 22:35:41,738] {processor.py:161} INFO - Processing /home/james/airflowa/lib/python3.8/site-packages/airflow/example_dags/example_latest_only_with_trigger.py took 0.086 seconds
[2022-06-07 22:36:22,592] {processor.py:153} INFO - Started process (PID=63658) to work on /home/james/airflowa/lib/python3.8/site-packages/airflow/example_dags/example_latest_only_with_trigger.py
[2022-06-07 22:36:22,593] {processor.py:641} INFO - Processing file /home/james/airflowa/lib/python3.8/site-packages/airflow/example_dags/example_latest_only_with_trigger.py for tasks to queue
[2022-06-07 22:36:22,594] {logging_mixin.py:115} INFO - [2022-06-07 22:36:22,594] {dagbag.py:507} INFO - Filling up the DagBag from /home/james/airflowa/lib/python3.8/site-packages/airflow/example_dags/example_latest_only_with_trigger.py
[2022-06-07 22:36:22,603] {processor.py:651} INFO - DAG(s) dict_keys(['latest_only_with_trigger']) retrieved from /home/james/airflowa/lib/python3.8/site-packages/airflow/example_dags/example_latest_only_with_trigger.py
[2022-06-07 22:36:22,625] {logging_mixin.py:115} INFO - [2022-06-07 22:36:22,625] {dag.py:2379} INFO - Sync 1 DAGs
[2022-06-07 22:36:22,653] {logging_mixin.py:115} INFO - [2022-06-07 22:36:22,653] {dag.py:2927} INFO - Setting next_dagrun for latest_only_with_trigger to 2022-06-07T15:36:22.652877+00:00, run_after=2022-06-07T19:36:22.652877+00:00
[2022-06-07 22:36:22,671] {processor.py:161} INFO - Processing /home/james/airflowa/lib/python3.8/site-packages/airflow/example_dags/example_latest_only_with_trigger.py took 0.084 seconds
[2022-06-07 22:36:58,104] {processor.py:153} INFO - Started process (PID=63817) to work on /home/james/airflowa/lib/python3.8/site-packages/airflow/example_dags/example_latest_only_with_trigger.py
[2022-06-07 22:36:58,104] {processor.py:641} INFO - Processing file /home/james/airflowa/lib/python3.8/site-packages/airflow/example_dags/example_latest_only_with_trigger.py for tasks to queue
[2022-06-07 22:36:58,105] {logging_mixin.py:115} INFO - [2022-06-07 22:36:58,104] {dagbag.py:507} INFO - Filling up the DagBag from /home/james/airflowa/lib/python3.8/site-packages/airflow/example_dags/example_latest_only_with_trigger.py
[2022-06-07 22:36:58,109] {processor.py:651} INFO - DAG(s) dict_keys(['latest_only_with_trigger']) retrieved from /home/james/airflowa/lib/python3.8/site-packages/airflow/example_dags/example_latest_only_with_trigger.py
[2022-06-07 22:36:58,123] {logging_mixin.py:115} INFO - [2022-06-07 22:36:58,123] {dag.py:2379} INFO - Sync 1 DAGs
[2022-06-07 22:36:58,138] {logging_mixin.py:115} INFO - [2022-06-07 22:36:58,138] {dag.py:2927} INFO - Setting next_dagrun for latest_only_with_trigger to 2022-06-07T15:36:58.138334+00:00, run_after=2022-06-07T19:36:58.138334+00:00
[2022-06-07 22:36:58,150] {processor.py:161} INFO - Processing /home/james/airflowa/lib/python3.8/site-packages/airflow/example_dags/example_latest_only_with_trigger.py took 0.049 seconds
[2022-06-07 22:37:33,513] {processor.py:153} INFO - Started process (PID=64154) to work on /home/james/airflowa/lib/python3.8/site-packages/airflow/example_dags/example_latest_only_with_trigger.py
[2022-06-07 22:37:33,514] {processor.py:641} INFO - Processing file /home/james/airflowa/lib/python3.8/site-packages/airflow/example_dags/example_latest_only_with_trigger.py for tasks to queue
[2022-06-07 22:37:33,514] {logging_mixin.py:115} INFO - [2022-06-07 22:37:33,514] {dagbag.py:507} INFO - Filling up the DagBag from /home/james/airflowa/lib/python3.8/site-packages/airflow/example_dags/example_latest_only_with_trigger.py
[2022-06-07 22:37:33,519] {processor.py:651} INFO - DAG(s) dict_keys(['latest_only_with_trigger']) retrieved from /home/james/airflowa/lib/python3.8/site-packages/airflow/example_dags/example_latest_only_with_trigger.py
[2022-06-07 22:37:33,534] {logging_mixin.py:115} INFO - [2022-06-07 22:37:33,534] {dag.py:2379} INFO - Sync 1 DAGs
[2022-06-07 22:37:33,549] {logging_mixin.py:115} INFO - [2022-06-07 22:37:33,549] {dag.py:2927} INFO - Setting next_dagrun for latest_only_with_trigger to 2022-06-07T15:37:33.548882+00:00, run_after=2022-06-07T19:37:33.548882+00:00
[2022-06-07 22:37:33,561] {processor.py:161} INFO - Processing /home/james/airflowa/lib/python3.8/site-packages/airflow/example_dags/example_latest_only_with_trigger.py took 0.051 seconds
[2022-06-07 22:38:14,105] {processor.py:153} INFO - Started process (PID=64359) to work on /home/james/airflowa/lib/python3.8/site-packages/airflow/example_dags/example_latest_only_with_trigger.py
[2022-06-07 22:38:14,106] {processor.py:641} INFO - Processing file /home/james/airflowa/lib/python3.8/site-packages/airflow/example_dags/example_latest_only_with_trigger.py for tasks to queue
[2022-06-07 22:38:14,106] {logging_mixin.py:115} INFO - [2022-06-07 22:38:14,106] {dagbag.py:507} INFO - Filling up the DagBag from /home/james/airflowa/lib/python3.8/site-packages/airflow/example_dags/example_latest_only_with_trigger.py
[2022-06-07 22:38:14,111] {processor.py:651} INFO - DAG(s) dict_keys(['latest_only_with_trigger']) retrieved from /home/james/airflowa/lib/python3.8/site-packages/airflow/example_dags/example_latest_only_with_trigger.py
[2022-06-07 22:38:14,125] {logging_mixin.py:115} INFO - [2022-06-07 22:38:14,125] {dag.py:2379} INFO - Sync 1 DAGs
[2022-06-07 22:38:14,140] {logging_mixin.py:115} INFO - [2022-06-07 22:38:14,140] {dag.py:2927} INFO - Setting next_dagrun for latest_only_with_trigger to 2022-06-07T15:38:14.140364+00:00, run_after=2022-06-07T19:38:14.140364+00:00
[2022-06-07 22:38:14,152] {processor.py:161} INFO - Processing /home/james/airflowa/lib/python3.8/site-packages/airflow/example_dags/example_latest_only_with_trigger.py took 0.049 seconds
[2022-06-07 22:38:51,222] {processor.py:153} INFO - Started process (PID=64550) to work on /home/james/airflowa/lib/python3.8/site-packages/airflow/example_dags/example_latest_only_with_trigger.py
[2022-06-07 22:38:51,223] {processor.py:641} INFO - Processing file /home/james/airflowa/lib/python3.8/site-packages/airflow/example_dags/example_latest_only_with_trigger.py for tasks to queue
[2022-06-07 22:38:51,223] {logging_mixin.py:115} INFO - [2022-06-07 22:38:51,223] {dagbag.py:507} INFO - Filling up the DagBag from /home/james/airflowa/lib/python3.8/site-packages/airflow/example_dags/example_latest_only_with_trigger.py
[2022-06-07 22:38:51,229] {processor.py:651} INFO - DAG(s) dict_keys(['latest_only_with_trigger']) retrieved from /home/james/airflowa/lib/python3.8/site-packages/airflow/example_dags/example_latest_only_with_trigger.py
[2022-06-07 22:38:51,242] {logging_mixin.py:115} INFO - [2022-06-07 22:38:51,242] {dag.py:2379} INFO - Sync 1 DAGs
[2022-06-07 22:38:51,257] {logging_mixin.py:115} INFO - [2022-06-07 22:38:51,257] {dag.py:2927} INFO - Setting next_dagrun for latest_only_with_trigger to 2022-06-07T15:38:51.257087+00:00, run_after=2022-06-07T19:38:51.257087+00:00
[2022-06-07 22:38:51,268] {processor.py:161} INFO - Processing /home/james/airflowa/lib/python3.8/site-packages/airflow/example_dags/example_latest_only_with_trigger.py took 0.048 seconds
[2022-06-07 22:39:31,349] {processor.py:153} INFO - Started process (PID=64931) to work on /home/james/airflowa/lib/python3.8/site-packages/airflow/example_dags/example_latest_only_with_trigger.py
[2022-06-07 22:39:31,350] {processor.py:641} INFO - Processing file /home/james/airflowa/lib/python3.8/site-packages/airflow/example_dags/example_latest_only_with_trigger.py for tasks to queue
[2022-06-07 22:39:31,350] {logging_mixin.py:115} INFO - [2022-06-07 22:39:31,350] {dagbag.py:507} INFO - Filling up the DagBag from /home/james/airflowa/lib/python3.8/site-packages/airflow/example_dags/example_latest_only_with_trigger.py
[2022-06-07 22:39:31,355] {processor.py:651} INFO - DAG(s) dict_keys(['latest_only_with_trigger']) retrieved from /home/james/airflowa/lib/python3.8/site-packages/airflow/example_dags/example_latest_only_with_trigger.py
[2022-06-07 22:39:31,370] {logging_mixin.py:115} INFO - [2022-06-07 22:39:31,370] {dag.py:2379} INFO - Sync 1 DAGs
[2022-06-07 22:39:31,385] {logging_mixin.py:115} INFO - [2022-06-07 22:39:31,385] {dag.py:2927} INFO - Setting next_dagrun for latest_only_with_trigger to 2022-06-07T15:39:31.385119+00:00, run_after=2022-06-07T19:39:31.385119+00:00
[2022-06-07 22:39:31,396] {processor.py:161} INFO - Processing /home/james/airflowa/lib/python3.8/site-packages/airflow/example_dags/example_latest_only_with_trigger.py took 0.049 seconds
[2022-06-07 22:40:07,401] {processor.py:153} INFO - Started process (PID=65598) to work on /home/james/airflowa/lib/python3.8/site-packages/airflow/example_dags/example_latest_only_with_trigger.py
[2022-06-07 22:40:07,402] {processor.py:641} INFO - Processing file /home/james/airflowa/lib/python3.8/site-packages/airflow/example_dags/example_latest_only_with_trigger.py for tasks to queue
[2022-06-07 22:40:07,402] {logging_mixin.py:115} INFO - [2022-06-07 22:40:07,402] {dagbag.py:507} INFO - Filling up the DagBag from /home/james/airflowa/lib/python3.8/site-packages/airflow/example_dags/example_latest_only_with_trigger.py
[2022-06-07 22:40:07,407] {processor.py:651} INFO - DAG(s) dict_keys(['latest_only_with_trigger']) retrieved from /home/james/airflowa/lib/python3.8/site-packages/airflow/example_dags/example_latest_only_with_trigger.py
[2022-06-07 22:40:07,420] {logging_mixin.py:115} INFO - [2022-06-07 22:40:07,420] {dag.py:2379} INFO - Sync 1 DAGs
[2022-06-07 22:40:07,436] {logging_mixin.py:115} INFO - [2022-06-07 22:40:07,435] {dag.py:2927} INFO - Setting next_dagrun for latest_only_with_trigger to 2022-06-07T15:40:07.435661+00:00, run_after=2022-06-07T19:40:07.435661+00:00
[2022-06-07 22:40:07,446] {processor.py:161} INFO - Processing /home/james/airflowa/lib/python3.8/site-packages/airflow/example_dags/example_latest_only_with_trigger.py took 0.048 seconds
[2022-06-07 22:40:47,334] {processor.py:153} INFO - Started process (PID=65759) to work on /home/james/airflowa/lib/python3.8/site-packages/airflow/example_dags/example_latest_only_with_trigger.py
[2022-06-07 22:40:47,334] {processor.py:641} INFO - Processing file /home/james/airflowa/lib/python3.8/site-packages/airflow/example_dags/example_latest_only_with_trigger.py for tasks to queue
[2022-06-07 22:40:47,335] {logging_mixin.py:115} INFO - [2022-06-07 22:40:47,335] {dagbag.py:507} INFO - Filling up the DagBag from /home/james/airflowa/lib/python3.8/site-packages/airflow/example_dags/example_latest_only_with_trigger.py
[2022-06-07 22:40:47,339] {processor.py:651} INFO - DAG(s) dict_keys(['latest_only_with_trigger']) retrieved from /home/james/airflowa/lib/python3.8/site-packages/airflow/example_dags/example_latest_only_with_trigger.py
[2022-06-07 22:40:47,352] {logging_mixin.py:115} INFO - [2022-06-07 22:40:47,352] {dag.py:2379} INFO - Sync 1 DAGs
[2022-06-07 22:40:47,367] {logging_mixin.py:115} INFO - [2022-06-07 22:40:47,367] {dag.py:2927} INFO - Setting next_dagrun for latest_only_with_trigger to 2022-06-07T15:40:47.367361+00:00, run_after=2022-06-07T19:40:47.367361+00:00
[2022-06-07 22:40:47,378] {processor.py:161} INFO - Processing /home/james/airflowa/lib/python3.8/site-packages/airflow/example_dags/example_latest_only_with_trigger.py took 0.047 seconds
[2022-06-07 22:41:25,595] {processor.py:153} INFO - Started process (PID=65930) to work on /home/james/airflowa/lib/python3.8/site-packages/airflow/example_dags/example_latest_only_with_trigger.py
[2022-06-07 22:41:25,596] {processor.py:641} INFO - Processing file /home/james/airflowa/lib/python3.8/site-packages/airflow/example_dags/example_latest_only_with_trigger.py for tasks to queue
[2022-06-07 22:41:25,596] {logging_mixin.py:115} INFO - [2022-06-07 22:41:25,596] {dagbag.py:507} INFO - Filling up the DagBag from /home/james/airflowa/lib/python3.8/site-packages/airflow/example_dags/example_latest_only_with_trigger.py
[2022-06-07 22:41:25,602] {processor.py:651} INFO - DAG(s) dict_keys(['latest_only_with_trigger']) retrieved from /home/james/airflowa/lib/python3.8/site-packages/airflow/example_dags/example_latest_only_with_trigger.py
[2022-06-07 22:41:25,617] {logging_mixin.py:115} INFO - [2022-06-07 22:41:25,617] {dag.py:2379} INFO - Sync 1 DAGs
[2022-06-07 22:41:25,633] {logging_mixin.py:115} INFO - [2022-06-07 22:41:25,633] {dag.py:2927} INFO - Setting next_dagrun for latest_only_with_trigger to 2022-06-07T15:41:25.633084+00:00, run_after=2022-06-07T19:41:25.633084+00:00
[2022-06-07 22:41:25,645] {processor.py:161} INFO - Processing /home/james/airflowa/lib/python3.8/site-packages/airflow/example_dags/example_latest_only_with_trigger.py took 0.052 seconds
[2022-06-07 22:42:05,988] {processor.py:153} INFO - Started process (PID=66213) to work on /home/james/airflowa/lib/python3.8/site-packages/airflow/example_dags/example_latest_only_with_trigger.py
[2022-06-07 22:42:05,989] {processor.py:641} INFO - Processing file /home/james/airflowa/lib/python3.8/site-packages/airflow/example_dags/example_latest_only_with_trigger.py for tasks to queue
[2022-06-07 22:42:05,990] {logging_mixin.py:115} INFO - [2022-06-07 22:42:05,989] {dagbag.py:507} INFO - Filling up the DagBag from /home/james/airflowa/lib/python3.8/site-packages/airflow/example_dags/example_latest_only_with_trigger.py
[2022-06-07 22:42:05,995] {processor.py:651} INFO - DAG(s) dict_keys(['latest_only_with_trigger']) retrieved from /home/james/airflowa/lib/python3.8/site-packages/airflow/example_dags/example_latest_only_with_trigger.py
[2022-06-07 22:42:06,011] {logging_mixin.py:115} INFO - [2022-06-07 22:42:06,010] {dag.py:2379} INFO - Sync 1 DAGs
[2022-06-07 22:42:06,026] {logging_mixin.py:115} INFO - [2022-06-07 22:42:06,026] {dag.py:2927} INFO - Setting next_dagrun for latest_only_with_trigger to 2022-06-07T15:42:06.025862+00:00, run_after=2022-06-07T19:42:06.025862+00:00
[2022-06-07 22:42:06,036] {processor.py:161} INFO - Processing /home/james/airflowa/lib/python3.8/site-packages/airflow/example_dags/example_latest_only_with_trigger.py took 0.051 seconds
