[2022-06-07 22:33:12,461] {processor.py:153} INFO - Started process (PID=62545) to work on /home/james/airflowa/lib/python3.8/site-packages/airflow/example_dags/example_complex.py
[2022-06-07 22:33:12,462] {processor.py:641} INFO - Processing file /home/james/airflowa/lib/python3.8/site-packages/airflow/example_dags/example_complex.py for tasks to queue
[2022-06-07 22:33:12,463] {logging_mixin.py:115} INFO - [2022-06-07 22:33:12,462] {dagbag.py:507} INFO - Filling up the DagBag from /home/james/airflowa/lib/python3.8/site-packages/airflow/example_dags/example_complex.py
[2022-06-07 22:33:12,481] {processor.py:651} INFO - DAG(s) dict_keys(['example_complex']) retrieved from /home/james/airflowa/lib/python3.8/site-packages/airflow/example_dags/example_complex.py
[2022-06-07 22:33:12,512] {logging_mixin.py:115} INFO - [2022-06-07 22:33:12,512] {dag.py:2379} INFO - Sync 1 DAGs
[2022-06-07 22:33:12,545] {logging_mixin.py:115} INFO - [2022-06-07 22:33:12,545] {dag.py:2927} INFO - Setting next_dagrun for example_complex to None, run_after=None
[2022-06-07 22:33:12,565] {processor.py:161} INFO - Processing /home/james/airflowa/lib/python3.8/site-packages/airflow/example_dags/example_complex.py took 0.111 seconds
[2022-06-07 22:33:54,557] {processor.py:153} INFO - Started process (PID=62785) to work on /home/james/airflowa/lib/python3.8/site-packages/airflow/example_dags/example_complex.py
[2022-06-07 22:33:54,558] {processor.py:641} INFO - Processing file /home/james/airflowa/lib/python3.8/site-packages/airflow/example_dags/example_complex.py for tasks to queue
[2022-06-07 22:33:54,559] {logging_mixin.py:115} INFO - [2022-06-07 22:33:54,559] {dagbag.py:507} INFO - Filling up the DagBag from /home/james/airflowa/lib/python3.8/site-packages/airflow/example_dags/example_complex.py
[2022-06-07 22:33:54,576] {processor.py:651} INFO - DAG(s) dict_keys(['example_complex']) retrieved from /home/james/airflowa/lib/python3.8/site-packages/airflow/example_dags/example_complex.py
[2022-06-07 22:33:54,604] {logging_mixin.py:115} INFO - [2022-06-07 22:33:54,603] {dag.py:2379} INFO - Sync 1 DAGs
[2022-06-07 22:33:54,628] {logging_mixin.py:115} INFO - [2022-06-07 22:33:54,628] {dag.py:2927} INFO - Setting next_dagrun for example_complex to None, run_after=None
[2022-06-07 22:33:54,646] {processor.py:161} INFO - Processing /home/james/airflowa/lib/python3.8/site-packages/airflow/example_dags/example_complex.py took 0.092 seconds
[2022-06-07 22:34:33,604] {processor.py:153} INFO - Started process (PID=63148) to work on /home/james/airflowa/lib/python3.8/site-packages/airflow/example_dags/example_complex.py
[2022-06-07 22:34:33,605] {processor.py:641} INFO - Processing file /home/james/airflowa/lib/python3.8/site-packages/airflow/example_dags/example_complex.py for tasks to queue
[2022-06-07 22:34:33,605] {logging_mixin.py:115} INFO - [2022-06-07 22:34:33,605] {dagbag.py:507} INFO - Filling up the DagBag from /home/james/airflowa/lib/python3.8/site-packages/airflow/example_dags/example_complex.py
[2022-06-07 22:34:33,615] {processor.py:651} INFO - DAG(s) dict_keys(['example_complex']) retrieved from /home/james/airflowa/lib/python3.8/site-packages/airflow/example_dags/example_complex.py
[2022-06-07 22:34:33,631] {logging_mixin.py:115} INFO - [2022-06-07 22:34:33,631] {dag.py:2379} INFO - Sync 1 DAGs
[2022-06-07 22:34:33,647] {logging_mixin.py:115} INFO - [2022-06-07 22:34:33,647] {dag.py:2927} INFO - Setting next_dagrun for example_complex to None, run_after=None
[2022-06-07 22:34:33,660] {processor.py:161} INFO - Processing /home/james/airflowa/lib/python3.8/site-packages/airflow/example_dags/example_complex.py took 0.057 seconds
[2022-06-07 22:35:11,923] {processor.py:153} INFO - Started process (PID=63330) to work on /home/james/airflowa/lib/python3.8/site-packages/airflow/example_dags/example_complex.py
[2022-06-07 22:35:11,924] {processor.py:641} INFO - Processing file /home/james/airflowa/lib/python3.8/site-packages/airflow/example_dags/example_complex.py for tasks to queue
[2022-06-07 22:35:11,924] {logging_mixin.py:115} INFO - [2022-06-07 22:35:11,924] {dagbag.py:507} INFO - Filling up the DagBag from /home/james/airflowa/lib/python3.8/site-packages/airflow/example_dags/example_complex.py
[2022-06-07 22:35:11,945] {processor.py:651} INFO - DAG(s) dict_keys(['example_complex']) retrieved from /home/james/airflowa/lib/python3.8/site-packages/airflow/example_dags/example_complex.py
[2022-06-07 22:35:11,972] {logging_mixin.py:115} INFO - [2022-06-07 22:35:11,971] {dag.py:2379} INFO - Sync 1 DAGs
[2022-06-07 22:35:11,994] {logging_mixin.py:115} INFO - [2022-06-07 22:35:11,994] {dag.py:2927} INFO - Setting next_dagrun for example_complex to None, run_after=None
[2022-06-07 22:35:12,009] {processor.py:161} INFO - Processing /home/james/airflowa/lib/python3.8/site-packages/airflow/example_dags/example_complex.py took 0.090 seconds
[2022-06-07 22:35:52,109] {processor.py:153} INFO - Started process (PID=63523) to work on /home/james/airflowa/lib/python3.8/site-packages/airflow/example_dags/example_complex.py
[2022-06-07 22:35:52,110] {processor.py:641} INFO - Processing file /home/james/airflowa/lib/python3.8/site-packages/airflow/example_dags/example_complex.py for tasks to queue
[2022-06-07 22:35:52,110] {logging_mixin.py:115} INFO - [2022-06-07 22:35:52,110] {dagbag.py:507} INFO - Filling up the DagBag from /home/james/airflowa/lib/python3.8/site-packages/airflow/example_dags/example_complex.py
[2022-06-07 22:35:52,124] {processor.py:651} INFO - DAG(s) dict_keys(['example_complex']) retrieved from /home/james/airflowa/lib/python3.8/site-packages/airflow/example_dags/example_complex.py
[2022-06-07 22:35:52,146] {logging_mixin.py:115} INFO - [2022-06-07 22:35:52,146] {dag.py:2379} INFO - Sync 1 DAGs
[2022-06-07 22:35:52,162] {logging_mixin.py:115} INFO - [2022-06-07 22:35:52,162] {dag.py:2927} INFO - Setting next_dagrun for example_complex to None, run_after=None
[2022-06-07 22:35:52,174] {processor.py:161} INFO - Processing /home/james/airflowa/lib/python3.8/site-packages/airflow/example_dags/example_complex.py took 0.067 seconds
[2022-06-07 22:36:34,081] {processor.py:153} INFO - Started process (PID=63722) to work on /home/james/airflowa/lib/python3.8/site-packages/airflow/example_dags/example_complex.py
[2022-06-07 22:36:34,082] {processor.py:641} INFO - Processing file /home/james/airflowa/lib/python3.8/site-packages/airflow/example_dags/example_complex.py for tasks to queue
[2022-06-07 22:36:34,083] {logging_mixin.py:115} INFO - [2022-06-07 22:36:34,083] {dagbag.py:507} INFO - Filling up the DagBag from /home/james/airflowa/lib/python3.8/site-packages/airflow/example_dags/example_complex.py
[2022-06-07 22:36:34,099] {processor.py:651} INFO - DAG(s) dict_keys(['example_complex']) retrieved from /home/james/airflowa/lib/python3.8/site-packages/airflow/example_dags/example_complex.py
[2022-06-07 22:36:34,128] {logging_mixin.py:115} INFO - [2022-06-07 22:36:34,128] {dag.py:2379} INFO - Sync 1 DAGs
[2022-06-07 22:36:34,153] {logging_mixin.py:115} INFO - [2022-06-07 22:36:34,153] {dag.py:2927} INFO - Setting next_dagrun for example_complex to None, run_after=None
[2022-06-07 22:36:34,168] {processor.py:161} INFO - Processing /home/james/airflowa/lib/python3.8/site-packages/airflow/example_dags/example_complex.py took 0.091 seconds
[2022-06-07 22:37:11,286] {processor.py:153} INFO - Started process (PID=63920) to work on /home/james/airflowa/lib/python3.8/site-packages/airflow/example_dags/example_complex.py
[2022-06-07 22:37:11,286] {processor.py:641} INFO - Processing file /home/james/airflowa/lib/python3.8/site-packages/airflow/example_dags/example_complex.py for tasks to queue
[2022-06-07 22:37:11,287] {logging_mixin.py:115} INFO - [2022-06-07 22:37:11,286] {dagbag.py:507} INFO - Filling up the DagBag from /home/james/airflowa/lib/python3.8/site-packages/airflow/example_dags/example_complex.py
[2022-06-07 22:37:11,297] {processor.py:651} INFO - DAG(s) dict_keys(['example_complex']) retrieved from /home/james/airflowa/lib/python3.8/site-packages/airflow/example_dags/example_complex.py
[2022-06-07 22:37:11,313] {logging_mixin.py:115} INFO - [2022-06-07 22:37:11,313] {dag.py:2379} INFO - Sync 1 DAGs
[2022-06-07 22:37:11,328] {logging_mixin.py:115} INFO - [2022-06-07 22:37:11,328] {dag.py:2927} INFO - Setting next_dagrun for example_complex to None, run_after=None
[2022-06-07 22:37:11,339] {processor.py:161} INFO - Processing /home/james/airflowa/lib/python3.8/site-packages/airflow/example_dags/example_complex.py took 0.058 seconds
[2022-06-07 22:37:49,793] {processor.py:153} INFO - Started process (PID=64236) to work on /home/james/airflowa/lib/python3.8/site-packages/airflow/example_dags/example_complex.py
[2022-06-07 22:37:49,794] {processor.py:641} INFO - Processing file /home/james/airflowa/lib/python3.8/site-packages/airflow/example_dags/example_complex.py for tasks to queue
[2022-06-07 22:37:49,794] {logging_mixin.py:115} INFO - [2022-06-07 22:37:49,794] {dagbag.py:507} INFO - Filling up the DagBag from /home/james/airflowa/lib/python3.8/site-packages/airflow/example_dags/example_complex.py
[2022-06-07 22:37:49,805] {processor.py:651} INFO - DAG(s) dict_keys(['example_complex']) retrieved from /home/james/airflowa/lib/python3.8/site-packages/airflow/example_dags/example_complex.py
[2022-06-07 22:37:49,820] {logging_mixin.py:115} INFO - [2022-06-07 22:37:49,820] {dag.py:2379} INFO - Sync 1 DAGs
[2022-06-07 22:37:49,835] {logging_mixin.py:115} INFO - [2022-06-07 22:37:49,835] {dag.py:2927} INFO - Setting next_dagrun for example_complex to None, run_after=None
[2022-06-07 22:37:49,846] {processor.py:161} INFO - Processing /home/james/airflowa/lib/python3.8/site-packages/airflow/example_dags/example_complex.py took 0.055 seconds
[2022-06-07 22:38:29,490] {processor.py:153} INFO - Started process (PID=64449) to work on /home/james/airflowa/lib/python3.8/site-packages/airflow/example_dags/example_complex.py
[2022-06-07 22:38:29,490] {processor.py:641} INFO - Processing file /home/james/airflowa/lib/python3.8/site-packages/airflow/example_dags/example_complex.py for tasks to queue
[2022-06-07 22:38:29,490] {logging_mixin.py:115} INFO - [2022-06-07 22:38:29,490] {dagbag.py:507} INFO - Filling up the DagBag from /home/james/airflowa/lib/python3.8/site-packages/airflow/example_dags/example_complex.py
[2022-06-07 22:38:29,501] {processor.py:651} INFO - DAG(s) dict_keys(['example_complex']) retrieved from /home/james/airflowa/lib/python3.8/site-packages/airflow/example_dags/example_complex.py
[2022-06-07 22:38:29,518] {logging_mixin.py:115} INFO - [2022-06-07 22:38:29,518] {dag.py:2379} INFO - Sync 1 DAGs
[2022-06-07 22:38:29,534] {logging_mixin.py:115} INFO - [2022-06-07 22:38:29,534] {dag.py:2927} INFO - Setting next_dagrun for example_complex to None, run_after=None
[2022-06-07 22:38:29,545] {processor.py:161} INFO - Processing /home/james/airflowa/lib/python3.8/site-packages/airflow/example_dags/example_complex.py took 0.058 seconds
[2022-06-07 22:39:05,513] {processor.py:153} INFO - Started process (PID=64607) to work on /home/james/airflowa/lib/python3.8/site-packages/airflow/example_dags/example_complex.py
[2022-06-07 22:39:05,513] {processor.py:641} INFO - Processing file /home/james/airflowa/lib/python3.8/site-packages/airflow/example_dags/example_complex.py for tasks to queue
[2022-06-07 22:39:05,514] {logging_mixin.py:115} INFO - [2022-06-07 22:39:05,514] {dagbag.py:507} INFO - Filling up the DagBag from /home/james/airflowa/lib/python3.8/site-packages/airflow/example_dags/example_complex.py
[2022-06-07 22:39:05,525] {processor.py:651} INFO - DAG(s) dict_keys(['example_complex']) retrieved from /home/james/airflowa/lib/python3.8/site-packages/airflow/example_dags/example_complex.py
[2022-06-07 22:39:05,541] {logging_mixin.py:115} INFO - [2022-06-07 22:39:05,541] {dag.py:2379} INFO - Sync 1 DAGs
[2022-06-07 22:39:05,556] {logging_mixin.py:115} INFO - [2022-06-07 22:39:05,556] {dag.py:2927} INFO - Setting next_dagrun for example_complex to None, run_after=None
[2022-06-07 22:39:05,568] {processor.py:161} INFO - Processing /home/james/airflowa/lib/python3.8/site-packages/airflow/example_dags/example_complex.py took 0.058 seconds
[2022-06-07 22:39:46,795] {processor.py:153} INFO - Started process (PID=65088) to work on /home/james/airflowa/lib/python3.8/site-packages/airflow/example_dags/example_complex.py
[2022-06-07 22:39:46,795] {processor.py:641} INFO - Processing file /home/james/airflowa/lib/python3.8/site-packages/airflow/example_dags/example_complex.py for tasks to queue
[2022-06-07 22:39:46,796] {logging_mixin.py:115} INFO - [2022-06-07 22:39:46,796] {dagbag.py:507} INFO - Filling up the DagBag from /home/james/airflowa/lib/python3.8/site-packages/airflow/example_dags/example_complex.py
[2022-06-07 22:39:46,806] {processor.py:651} INFO - DAG(s) dict_keys(['example_complex']) retrieved from /home/james/airflowa/lib/python3.8/site-packages/airflow/example_dags/example_complex.py
[2022-06-07 22:39:46,822] {logging_mixin.py:115} INFO - [2022-06-07 22:39:46,822] {dag.py:2379} INFO - Sync 1 DAGs
[2022-06-07 22:39:46,836] {logging_mixin.py:115} INFO - [2022-06-07 22:39:46,836] {dag.py:2927} INFO - Setting next_dagrun for example_complex to None, run_after=None
[2022-06-07 22:39:46,848] {processor.py:161} INFO - Processing /home/james/airflowa/lib/python3.8/site-packages/airflow/example_dags/example_complex.py took 0.055 seconds
[2022-06-07 22:40:24,760] {processor.py:153} INFO - Started process (PID=65666) to work on /home/james/airflowa/lib/python3.8/site-packages/airflow/example_dags/example_complex.py
[2022-06-07 22:40:24,760] {processor.py:641} INFO - Processing file /home/james/airflowa/lib/python3.8/site-packages/airflow/example_dags/example_complex.py for tasks to queue
[2022-06-07 22:40:24,761] {logging_mixin.py:115} INFO - [2022-06-07 22:40:24,761] {dagbag.py:507} INFO - Filling up the DagBag from /home/james/airflowa/lib/python3.8/site-packages/airflow/example_dags/example_complex.py
[2022-06-07 22:40:24,772] {processor.py:651} INFO - DAG(s) dict_keys(['example_complex']) retrieved from /home/james/airflowa/lib/python3.8/site-packages/airflow/example_dags/example_complex.py
[2022-06-07 22:40:24,789] {logging_mixin.py:115} INFO - [2022-06-07 22:40:24,788] {dag.py:2379} INFO - Sync 1 DAGs
[2022-06-07 22:40:24,804] {logging_mixin.py:115} INFO - [2022-06-07 22:40:24,804] {dag.py:2927} INFO - Setting next_dagrun for example_complex to None, run_after=None
[2022-06-07 22:40:24,815] {processor.py:161} INFO - Processing /home/james/airflowa/lib/python3.8/site-packages/airflow/example_dags/example_complex.py took 0.058 seconds
[2022-06-07 22:41:02,810] {processor.py:153} INFO - Started process (PID=65833) to work on /home/james/airflowa/lib/python3.8/site-packages/airflow/example_dags/example_complex.py
[2022-06-07 22:41:02,810] {processor.py:641} INFO - Processing file /home/james/airflowa/lib/python3.8/site-packages/airflow/example_dags/example_complex.py for tasks to queue
[2022-06-07 22:41:02,811] {logging_mixin.py:115} INFO - [2022-06-07 22:41:02,811] {dagbag.py:507} INFO - Filling up the DagBag from /home/james/airflowa/lib/python3.8/site-packages/airflow/example_dags/example_complex.py
[2022-06-07 22:41:02,834] {processor.py:651} INFO - DAG(s) dict_keys(['example_complex']) retrieved from /home/james/airflowa/lib/python3.8/site-packages/airflow/example_dags/example_complex.py
[2022-06-07 22:41:02,868] {logging_mixin.py:115} INFO - [2022-06-07 22:41:02,867] {dag.py:2379} INFO - Sync 1 DAGs
[2022-06-07 22:41:02,906] {logging_mixin.py:115} INFO - [2022-06-07 22:41:02,906] {dag.py:2927} INFO - Setting next_dagrun for example_complex to None, run_after=None
[2022-06-07 22:41:02,922] {processor.py:161} INFO - Processing /home/james/airflowa/lib/python3.8/site-packages/airflow/example_dags/example_complex.py took 0.115 seconds
[2022-06-07 22:41:43,713] {processor.py:153} INFO - Started process (PID=66075) to work on /home/james/airflowa/lib/python3.8/site-packages/airflow/example_dags/example_complex.py
[2022-06-07 22:41:43,714] {processor.py:641} INFO - Processing file /home/james/airflowa/lib/python3.8/site-packages/airflow/example_dags/example_complex.py for tasks to queue
[2022-06-07 22:41:43,714] {logging_mixin.py:115} INFO - [2022-06-07 22:41:43,714] {dagbag.py:507} INFO - Filling up the DagBag from /home/james/airflowa/lib/python3.8/site-packages/airflow/example_dags/example_complex.py
[2022-06-07 22:41:43,725] {processor.py:651} INFO - DAG(s) dict_keys(['example_complex']) retrieved from /home/james/airflowa/lib/python3.8/site-packages/airflow/example_dags/example_complex.py
[2022-06-07 22:41:43,741] {logging_mixin.py:115} INFO - [2022-06-07 22:41:43,741] {dag.py:2379} INFO - Sync 1 DAGs
[2022-06-07 22:41:43,756] {logging_mixin.py:115} INFO - [2022-06-07 22:41:43,756] {dag.py:2927} INFO - Setting next_dagrun for example_complex to None, run_after=None
[2022-06-07 22:41:43,766] {processor.py:161} INFO - Processing /home/james/airflowa/lib/python3.8/site-packages/airflow/example_dags/example_complex.py took 0.055 seconds
