[2022-06-07 22:33:20,229] {processor.py:153} INFO - Started process (PID=62619) to work on /home/james/airflowa/lib/python3.8/site-packages/airflow/example_dags/example_branch_labels.py
[2022-06-07 22:33:20,230] {processor.py:641} INFO - Processing file /home/james/airflowa/lib/python3.8/site-packages/airflow/example_dags/example_branch_labels.py for tasks to queue
[2022-06-07 22:33:20,231] {logging_mixin.py:115} INFO - [2022-06-07 22:33:20,231] {dagbag.py:507} INFO - Filling up the DagBag from /home/james/airflowa/lib/python3.8/site-packages/airflow/example_dags/example_branch_labels.py
[2022-06-07 22:33:20,254] {processor.py:651} INFO - DAG(s) dict_keys(['example_branch_labels']) retrieved from /home/james/airflowa/lib/python3.8/site-packages/airflow/example_dags/example_branch_labels.py
[2022-06-07 22:33:20,294] {logging_mixin.py:115} INFO - [2022-06-07 22:33:20,294] {dag.py:2379} INFO - Sync 1 DAGs
[2022-06-07 22:33:20,384] {logging_mixin.py:115} INFO - [2022-06-07 22:33:20,384] {dag.py:2927} INFO - Setting next_dagrun for example_branch_labels to 2022-06-06T00:00:00+00:00, run_after=2022-06-07T00:00:00+00:00
[2022-06-07 22:33:20,436] {processor.py:161} INFO - Processing /home/james/airflowa/lib/python3.8/site-packages/airflow/example_dags/example_branch_labels.py took 0.212 seconds
[2022-06-07 22:34:04,874] {processor.py:153} INFO - Started process (PID=62821) to work on /home/james/airflowa/lib/python3.8/site-packages/airflow/example_dags/example_branch_labels.py
[2022-06-07 22:34:04,875] {processor.py:641} INFO - Processing file /home/james/airflowa/lib/python3.8/site-packages/airflow/example_dags/example_branch_labels.py for tasks to queue
[2022-06-07 22:34:04,875] {logging_mixin.py:115} INFO - [2022-06-07 22:34:04,875] {dagbag.py:507} INFO - Filling up the DagBag from /home/james/airflowa/lib/python3.8/site-packages/airflow/example_dags/example_branch_labels.py
[2022-06-07 22:34:04,885] {processor.py:651} INFO - DAG(s) dict_keys(['example_branch_labels']) retrieved from /home/james/airflowa/lib/python3.8/site-packages/airflow/example_dags/example_branch_labels.py
[2022-06-07 22:34:04,905] {logging_mixin.py:115} INFO - [2022-06-07 22:34:04,905] {dag.py:2379} INFO - Sync 1 DAGs
[2022-06-07 22:34:04,931] {logging_mixin.py:115} INFO - [2022-06-07 22:34:04,931] {dag.py:2927} INFO - Setting next_dagrun for example_branch_labels to 2022-06-06T00:00:00+00:00, run_after=2022-06-07T00:00:00+00:00
[2022-06-07 22:34:04,948] {processor.py:161} INFO - Processing /home/james/airflowa/lib/python3.8/site-packages/airflow/example_dags/example_branch_labels.py took 0.078 seconds
[2022-06-07 22:34:53,683] {processor.py:153} INFO - Started process (PID=63249) to work on /home/james/airflowa/lib/python3.8/site-packages/airflow/example_dags/example_branch_labels.py
[2022-06-07 22:34:53,684] {processor.py:641} INFO - Processing file /home/james/airflowa/lib/python3.8/site-packages/airflow/example_dags/example_branch_labels.py for tasks to queue
[2022-06-07 22:34:53,685] {logging_mixin.py:115} INFO - [2022-06-07 22:34:53,684] {dagbag.py:507} INFO - Filling up the DagBag from /home/james/airflowa/lib/python3.8/site-packages/airflow/example_dags/example_branch_labels.py
[2022-06-07 22:34:53,695] {processor.py:651} INFO - DAG(s) dict_keys(['example_branch_labels']) retrieved from /home/james/airflowa/lib/python3.8/site-packages/airflow/example_dags/example_branch_labels.py
[2022-06-07 22:34:53,718] {logging_mixin.py:115} INFO - [2022-06-07 22:34:53,718] {dag.py:2379} INFO - Sync 1 DAGs
[2022-06-07 22:34:53,748] {logging_mixin.py:115} INFO - [2022-06-07 22:34:53,747] {dag.py:2927} INFO - Setting next_dagrun for example_branch_labels to 2022-06-06T00:00:00+00:00, run_after=2022-06-07T00:00:00+00:00
[2022-06-07 22:34:53,781] {processor.py:161} INFO - Processing /home/james/airflowa/lib/python3.8/site-packages/airflow/example_dags/example_branch_labels.py took 0.102 seconds
[2022-06-07 22:35:33,362] {processor.py:153} INFO - Started process (PID=63458) to work on /home/james/airflowa/lib/python3.8/site-packages/airflow/example_dags/example_branch_labels.py
[2022-06-07 22:35:33,363] {processor.py:641} INFO - Processing file /home/james/airflowa/lib/python3.8/site-packages/airflow/example_dags/example_branch_labels.py for tasks to queue
[2022-06-07 22:35:33,363] {logging_mixin.py:115} INFO - [2022-06-07 22:35:33,363] {dagbag.py:507} INFO - Filling up the DagBag from /home/james/airflowa/lib/python3.8/site-packages/airflow/example_dags/example_branch_labels.py
[2022-06-07 22:35:33,373] {processor.py:651} INFO - DAG(s) dict_keys(['example_branch_labels']) retrieved from /home/james/airflowa/lib/python3.8/site-packages/airflow/example_dags/example_branch_labels.py
[2022-06-07 22:35:33,400] {logging_mixin.py:115} INFO - [2022-06-07 22:35:33,399] {dag.py:2379} INFO - Sync 1 DAGs
[2022-06-07 22:35:33,464] {logging_mixin.py:115} INFO - [2022-06-07 22:35:33,464] {dag.py:2927} INFO - Setting next_dagrun for example_branch_labels to 2022-06-06T00:00:00+00:00, run_after=2022-06-07T00:00:00+00:00
[2022-06-07 22:35:33,485] {processor.py:161} INFO - Processing /home/james/airflowa/lib/python3.8/site-packages/airflow/example_dags/example_branch_labels.py took 0.127 seconds
[2022-06-07 22:36:14,491] {processor.py:153} INFO - Started process (PID=63630) to work on /home/james/airflowa/lib/python3.8/site-packages/airflow/example_dags/example_branch_labels.py
[2022-06-07 22:36:14,491] {processor.py:641} INFO - Processing file /home/james/airflowa/lib/python3.8/site-packages/airflow/example_dags/example_branch_labels.py for tasks to queue
[2022-06-07 22:36:14,492] {logging_mixin.py:115} INFO - [2022-06-07 22:36:14,492] {dagbag.py:507} INFO - Filling up the DagBag from /home/james/airflowa/lib/python3.8/site-packages/airflow/example_dags/example_branch_labels.py
[2022-06-07 22:36:14,502] {processor.py:651} INFO - DAG(s) dict_keys(['example_branch_labels']) retrieved from /home/james/airflowa/lib/python3.8/site-packages/airflow/example_dags/example_branch_labels.py
[2022-06-07 22:36:14,526] {logging_mixin.py:115} INFO - [2022-06-07 22:36:14,525] {dag.py:2379} INFO - Sync 1 DAGs
[2022-06-07 22:36:14,553] {logging_mixin.py:115} INFO - [2022-06-07 22:36:14,553] {dag.py:2927} INFO - Setting next_dagrun for example_branch_labels to 2022-06-06T00:00:00+00:00, run_after=2022-06-07T00:00:00+00:00
[2022-06-07 22:36:14,569] {processor.py:161} INFO - Processing /home/james/airflowa/lib/python3.8/site-packages/airflow/example_dags/example_branch_labels.py took 0.083 seconds
[2022-06-07 22:36:51,827] {processor.py:153} INFO - Started process (PID=63782) to work on /home/james/airflowa/lib/python3.8/site-packages/airflow/example_dags/example_branch_labels.py
[2022-06-07 22:36:51,828] {processor.py:641} INFO - Processing file /home/james/airflowa/lib/python3.8/site-packages/airflow/example_dags/example_branch_labels.py for tasks to queue
[2022-06-07 22:36:51,828] {logging_mixin.py:115} INFO - [2022-06-07 22:36:51,828] {dagbag.py:507} INFO - Filling up the DagBag from /home/james/airflowa/lib/python3.8/site-packages/airflow/example_dags/example_branch_labels.py
[2022-06-07 22:36:51,833] {processor.py:651} INFO - DAG(s) dict_keys(['example_branch_labels']) retrieved from /home/james/airflowa/lib/python3.8/site-packages/airflow/example_dags/example_branch_labels.py
[2022-06-07 22:36:51,846] {logging_mixin.py:115} INFO - [2022-06-07 22:36:51,846] {dag.py:2379} INFO - Sync 1 DAGs
[2022-06-07 22:36:51,862] {logging_mixin.py:115} INFO - [2022-06-07 22:36:51,862] {dag.py:2927} INFO - Setting next_dagrun for example_branch_labels to 2022-06-06T00:00:00+00:00, run_after=2022-06-07T00:00:00+00:00
[2022-06-07 22:36:51,874] {processor.py:161} INFO - Processing /home/james/airflowa/lib/python3.8/site-packages/airflow/example_dags/example_branch_labels.py took 0.050 seconds
[2022-06-07 22:37:34,657] {processor.py:153} INFO - Started process (PID=64157) to work on /home/james/airflowa/lib/python3.8/site-packages/airflow/example_dags/example_branch_labels.py
[2022-06-07 22:37:34,658] {processor.py:641} INFO - Processing file /home/james/airflowa/lib/python3.8/site-packages/airflow/example_dags/example_branch_labels.py for tasks to queue
[2022-06-07 22:37:34,658] {logging_mixin.py:115} INFO - [2022-06-07 22:37:34,658] {dagbag.py:507} INFO - Filling up the DagBag from /home/james/airflowa/lib/python3.8/site-packages/airflow/example_dags/example_branch_labels.py
[2022-06-07 22:37:34,663] {processor.py:651} INFO - DAG(s) dict_keys(['example_branch_labels']) retrieved from /home/james/airflowa/lib/python3.8/site-packages/airflow/example_dags/example_branch_labels.py
[2022-06-07 22:37:34,677] {logging_mixin.py:115} INFO - [2022-06-07 22:37:34,677] {dag.py:2379} INFO - Sync 1 DAGs
[2022-06-07 22:37:34,694] {logging_mixin.py:115} INFO - [2022-06-07 22:37:34,694] {dag.py:2927} INFO - Setting next_dagrun for example_branch_labels to 2022-06-06T00:00:00+00:00, run_after=2022-06-07T00:00:00+00:00
[2022-06-07 22:37:34,704] {processor.py:161} INFO - Processing /home/james/airflowa/lib/python3.8/site-packages/airflow/example_dags/example_branch_labels.py took 0.051 seconds
[2022-06-07 22:38:15,242] {processor.py:153} INFO - Started process (PID=64360) to work on /home/james/airflowa/lib/python3.8/site-packages/airflow/example_dags/example_branch_labels.py
[2022-06-07 22:38:15,242] {processor.py:641} INFO - Processing file /home/james/airflowa/lib/python3.8/site-packages/airflow/example_dags/example_branch_labels.py for tasks to queue
[2022-06-07 22:38:15,243] {logging_mixin.py:115} INFO - [2022-06-07 22:38:15,243] {dagbag.py:507} INFO - Filling up the DagBag from /home/james/airflowa/lib/python3.8/site-packages/airflow/example_dags/example_branch_labels.py
[2022-06-07 22:38:15,248] {processor.py:651} INFO - DAG(s) dict_keys(['example_branch_labels']) retrieved from /home/james/airflowa/lib/python3.8/site-packages/airflow/example_dags/example_branch_labels.py
[2022-06-07 22:38:15,261] {logging_mixin.py:115} INFO - [2022-06-07 22:38:15,261] {dag.py:2379} INFO - Sync 1 DAGs
[2022-06-07 22:38:15,277] {logging_mixin.py:115} INFO - [2022-06-07 22:38:15,276] {dag.py:2927} INFO - Setting next_dagrun for example_branch_labels to 2022-06-06T00:00:00+00:00, run_after=2022-06-07T00:00:00+00:00
[2022-06-07 22:38:15,287] {processor.py:161} INFO - Processing /home/james/airflowa/lib/python3.8/site-packages/airflow/example_dags/example_branch_labels.py took 0.047 seconds
[2022-06-07 22:38:52,363] {processor.py:153} INFO - Started process (PID=64551) to work on /home/james/airflowa/lib/python3.8/site-packages/airflow/example_dags/example_branch_labels.py
[2022-06-07 22:38:52,363] {processor.py:641} INFO - Processing file /home/james/airflowa/lib/python3.8/site-packages/airflow/example_dags/example_branch_labels.py for tasks to queue
[2022-06-07 22:38:52,364] {logging_mixin.py:115} INFO - [2022-06-07 22:38:52,364] {dagbag.py:507} INFO - Filling up the DagBag from /home/james/airflowa/lib/python3.8/site-packages/airflow/example_dags/example_branch_labels.py
[2022-06-07 22:38:52,368] {processor.py:651} INFO - DAG(s) dict_keys(['example_branch_labels']) retrieved from /home/james/airflowa/lib/python3.8/site-packages/airflow/example_dags/example_branch_labels.py
[2022-06-07 22:38:52,381] {logging_mixin.py:115} INFO - [2022-06-07 22:38:52,381] {dag.py:2379} INFO - Sync 1 DAGs
[2022-06-07 22:38:52,397] {logging_mixin.py:115} INFO - [2022-06-07 22:38:52,397] {dag.py:2927} INFO - Setting next_dagrun for example_branch_labels to 2022-06-06T00:00:00+00:00, run_after=2022-06-07T00:00:00+00:00
[2022-06-07 22:38:52,408] {processor.py:161} INFO - Processing /home/james/airflowa/lib/python3.8/site-packages/airflow/example_dags/example_branch_labels.py took 0.047 seconds
[2022-06-07 22:39:32,929] {processor.py:153} INFO - Started process (PID=64933) to work on /home/james/airflowa/lib/python3.8/site-packages/airflow/example_dags/example_branch_labels.py
[2022-06-07 22:39:32,930] {processor.py:641} INFO - Processing file /home/james/airflowa/lib/python3.8/site-packages/airflow/example_dags/example_branch_labels.py for tasks to queue
[2022-06-07 22:39:32,930] {logging_mixin.py:115} INFO - [2022-06-07 22:39:32,930] {dagbag.py:507} INFO - Filling up the DagBag from /home/james/airflowa/lib/python3.8/site-packages/airflow/example_dags/example_branch_labels.py
[2022-06-07 22:39:32,935] {processor.py:651} INFO - DAG(s) dict_keys(['example_branch_labels']) retrieved from /home/james/airflowa/lib/python3.8/site-packages/airflow/example_dags/example_branch_labels.py
[2022-06-07 22:39:32,951] {logging_mixin.py:115} INFO - [2022-06-07 22:39:32,951] {dag.py:2379} INFO - Sync 1 DAGs
[2022-06-07 22:39:32,967] {logging_mixin.py:115} INFO - [2022-06-07 22:39:32,967] {dag.py:2927} INFO - Setting next_dagrun for example_branch_labels to 2022-06-06T00:00:00+00:00, run_after=2022-06-07T00:00:00+00:00
[2022-06-07 22:39:32,978] {processor.py:161} INFO - Processing /home/james/airflowa/lib/python3.8/site-packages/airflow/example_dags/example_branch_labels.py took 0.052 seconds
[2022-06-07 22:40:17,698] {processor.py:153} INFO - Started process (PID=65647) to work on /home/james/airflowa/lib/python3.8/site-packages/airflow/example_dags/example_branch_labels.py
[2022-06-07 22:40:17,698] {processor.py:641} INFO - Processing file /home/james/airflowa/lib/python3.8/site-packages/airflow/example_dags/example_branch_labels.py for tasks to queue
[2022-06-07 22:40:17,699] {logging_mixin.py:115} INFO - [2022-06-07 22:40:17,699] {dagbag.py:507} INFO - Filling up the DagBag from /home/james/airflowa/lib/python3.8/site-packages/airflow/example_dags/example_branch_labels.py
[2022-06-07 22:40:17,703] {processor.py:651} INFO - DAG(s) dict_keys(['example_branch_labels']) retrieved from /home/james/airflowa/lib/python3.8/site-packages/airflow/example_dags/example_branch_labels.py
[2022-06-07 22:40:17,719] {logging_mixin.py:115} INFO - [2022-06-07 22:40:17,719] {dag.py:2379} INFO - Sync 1 DAGs
[2022-06-07 22:40:17,738] {logging_mixin.py:115} INFO - [2022-06-07 22:40:17,738] {dag.py:2927} INFO - Setting next_dagrun for example_branch_labels to 2022-06-06T00:00:00+00:00, run_after=2022-06-07T00:00:00+00:00
[2022-06-07 22:40:17,750] {processor.py:161} INFO - Processing /home/james/airflowa/lib/python3.8/site-packages/airflow/example_dags/example_branch_labels.py took 0.055 seconds
[2022-06-07 22:40:57,635] {processor.py:153} INFO - Started process (PID=65801) to work on /home/james/airflowa/lib/python3.8/site-packages/airflow/example_dags/example_branch_labels.py
[2022-06-07 22:40:57,636] {processor.py:641} INFO - Processing file /home/james/airflowa/lib/python3.8/site-packages/airflow/example_dags/example_branch_labels.py for tasks to queue
[2022-06-07 22:40:57,637] {logging_mixin.py:115} INFO - [2022-06-07 22:40:57,637] {dagbag.py:507} INFO - Filling up the DagBag from /home/james/airflowa/lib/python3.8/site-packages/airflow/example_dags/example_branch_labels.py
[2022-06-07 22:40:57,645] {processor.py:651} INFO - DAG(s) dict_keys(['example_branch_labels']) retrieved from /home/james/airflowa/lib/python3.8/site-packages/airflow/example_dags/example_branch_labels.py
[2022-06-07 22:40:57,673] {logging_mixin.py:115} INFO - [2022-06-07 22:40:57,673] {dag.py:2379} INFO - Sync 1 DAGs
[2022-06-07 22:40:57,707] {logging_mixin.py:115} INFO - [2022-06-07 22:40:57,707] {dag.py:2927} INFO - Setting next_dagrun for example_branch_labels to 2022-06-06T00:00:00+00:00, run_after=2022-06-07T00:00:00+00:00
[2022-06-07 22:40:57,734] {processor.py:161} INFO - Processing /home/james/airflowa/lib/python3.8/site-packages/airflow/example_dags/example_branch_labels.py took 0.101 seconds
[2022-06-07 22:41:36,838] {processor.py:153} INFO - Started process (PID=66058) to work on /home/james/airflowa/lib/python3.8/site-packages/airflow/example_dags/example_branch_labels.py
[2022-06-07 22:41:36,839] {processor.py:641} INFO - Processing file /home/james/airflowa/lib/python3.8/site-packages/airflow/example_dags/example_branch_labels.py for tasks to queue
[2022-06-07 22:41:36,839] {logging_mixin.py:115} INFO - [2022-06-07 22:41:36,839] {dagbag.py:507} INFO - Filling up the DagBag from /home/james/airflowa/lib/python3.8/site-packages/airflow/example_dags/example_branch_labels.py
[2022-06-07 22:41:36,845] {processor.py:651} INFO - DAG(s) dict_keys(['example_branch_labels']) retrieved from /home/james/airflowa/lib/python3.8/site-packages/airflow/example_dags/example_branch_labels.py
[2022-06-07 22:41:36,864] {logging_mixin.py:115} INFO - [2022-06-07 22:41:36,864] {dag.py:2379} INFO - Sync 1 DAGs
[2022-06-07 22:41:36,897] {logging_mixin.py:115} INFO - [2022-06-07 22:41:36,897] {dag.py:2927} INFO - Setting next_dagrun for example_branch_labels to 2022-06-06T00:00:00+00:00, run_after=2022-06-07T00:00:00+00:00
[2022-06-07 22:41:36,917] {processor.py:161} INFO - Processing /home/james/airflowa/lib/python3.8/site-packages/airflow/example_dags/example_branch_labels.py took 0.082 seconds
