[2022-06-07 22:33:00,038] {processor.py:153} INFO - Started process (PID=62497) to work on /home/james/airflowa/lib/python3.8/site-packages/airflow/example_dags/example_local_kubernetes_executor.py
[2022-06-07 22:33:00,039] {processor.py:641} INFO - Processing file /home/james/airflowa/lib/python3.8/site-packages/airflow/example_dags/example_local_kubernetes_executor.py for tasks to queue
[2022-06-07 22:33:00,040] {logging_mixin.py:115} INFO - [2022-06-07 22:33:00,040] {dagbag.py:507} INFO - Filling up the DagBag from /home/james/airflowa/lib/python3.8/site-packages/airflow/example_dags/example_local_kubernetes_executor.py
[2022-06-07 22:33:00,060] {logging_mixin.py:115} INFO - [2022-06-07 22:33:00,059] {example_local_kubernetes_executor.py:37} WARNING - Could not import DAGs in example_local_kubernetes_executor.py
Traceback (most recent call last):
  File "/home/james/airflowa/lib/python3.8/site-packages/airflow/example_dags/example_local_kubernetes_executor.py", line 35, in <module>
    from kubernetes.client import models as k8s
ModuleNotFoundError: No module named 'kubernetes'
[2022-06-07 22:33:00,060] {logging_mixin.py:115} INFO - [2022-06-07 22:33:00,060] {example_local_kubernetes_executor.py:38} WARNING - Install Kubernetes dependencies with: pip install apache-airflow[cncf.kubernetes]
[2022-06-07 22:33:00,061] {processor.py:653} WARNING - No viable dags retrieved from /home/james/airflowa/lib/python3.8/site-packages/airflow/example_dags/example_local_kubernetes_executor.py
[2022-06-07 22:33:00,073] {processor.py:161} INFO - Processing /home/james/airflowa/lib/python3.8/site-packages/airflow/example_dags/example_local_kubernetes_executor.py took 0.040 seconds
[2022-06-07 22:33:40,387] {processor.py:153} INFO - Started process (PID=62729) to work on /home/james/airflowa/lib/python3.8/site-packages/airflow/example_dags/example_local_kubernetes_executor.py
[2022-06-07 22:33:40,388] {processor.py:641} INFO - Processing file /home/james/airflowa/lib/python3.8/site-packages/airflow/example_dags/example_local_kubernetes_executor.py for tasks to queue
[2022-06-07 22:33:40,389] {logging_mixin.py:115} INFO - [2022-06-07 22:33:40,389] {dagbag.py:507} INFO - Filling up the DagBag from /home/james/airflowa/lib/python3.8/site-packages/airflow/example_dags/example_local_kubernetes_executor.py
[2022-06-07 22:33:40,409] {logging_mixin.py:115} INFO - [2022-06-07 22:33:40,408] {example_local_kubernetes_executor.py:37} WARNING - Could not import DAGs in example_local_kubernetes_executor.py
Traceback (most recent call last):
  File "/home/james/airflowa/lib/python3.8/site-packages/airflow/example_dags/example_local_kubernetes_executor.py", line 35, in <module>
    from kubernetes.client import models as k8s
ModuleNotFoundError: No module named 'kubernetes'
[2022-06-07 22:33:40,409] {logging_mixin.py:115} INFO - [2022-06-07 22:33:40,409] {example_local_kubernetes_executor.py:38} WARNING - Install Kubernetes dependencies with: pip install apache-airflow[cncf.kubernetes]
[2022-06-07 22:33:40,409] {processor.py:653} WARNING - No viable dags retrieved from /home/james/airflowa/lib/python3.8/site-packages/airflow/example_dags/example_local_kubernetes_executor.py
[2022-06-07 22:33:40,422] {processor.py:161} INFO - Processing /home/james/airflowa/lib/python3.8/site-packages/airflow/example_dags/example_local_kubernetes_executor.py took 0.039 seconds
[2022-06-07 22:34:19,037] {processor.py:153} INFO - Started process (PID=63021) to work on /home/james/airflowa/lib/python3.8/site-packages/airflow/example_dags/example_local_kubernetes_executor.py
[2022-06-07 22:34:19,038] {processor.py:641} INFO - Processing file /home/james/airflowa/lib/python3.8/site-packages/airflow/example_dags/example_local_kubernetes_executor.py for tasks to queue
[2022-06-07 22:34:19,039] {logging_mixin.py:115} INFO - [2022-06-07 22:34:19,039] {dagbag.py:507} INFO - Filling up the DagBag from /home/james/airflowa/lib/python3.8/site-packages/airflow/example_dags/example_local_kubernetes_executor.py
[2022-06-07 22:34:19,052] {logging_mixin.py:115} INFO - [2022-06-07 22:34:19,052] {example_local_kubernetes_executor.py:37} WARNING - Could not import DAGs in example_local_kubernetes_executor.py
Traceback (most recent call last):
  File "/home/james/airflowa/lib/python3.8/site-packages/airflow/example_dags/example_local_kubernetes_executor.py", line 35, in <module>
    from kubernetes.client import models as k8s
ModuleNotFoundError: No module named 'kubernetes'
[2022-06-07 22:34:19,053] {logging_mixin.py:115} INFO - [2022-06-07 22:34:19,053] {example_local_kubernetes_executor.py:38} WARNING - Install Kubernetes dependencies with: pip install apache-airflow[cncf.kubernetes]
[2022-06-07 22:34:19,053] {processor.py:653} WARNING - No viable dags retrieved from /home/james/airflowa/lib/python3.8/site-packages/airflow/example_dags/example_local_kubernetes_executor.py
[2022-06-07 22:34:19,062] {processor.py:161} INFO - Processing /home/james/airflowa/lib/python3.8/site-packages/airflow/example_dags/example_local_kubernetes_executor.py took 0.027 seconds
[2022-06-07 22:34:58,808] {processor.py:153} INFO - Started process (PID=63273) to work on /home/james/airflowa/lib/python3.8/site-packages/airflow/example_dags/example_local_kubernetes_executor.py
[2022-06-07 22:34:58,809] {processor.py:641} INFO - Processing file /home/james/airflowa/lib/python3.8/site-packages/airflow/example_dags/example_local_kubernetes_executor.py for tasks to queue
[2022-06-07 22:34:58,810] {logging_mixin.py:115} INFO - [2022-06-07 22:34:58,810] {dagbag.py:507} INFO - Filling up the DagBag from /home/james/airflowa/lib/python3.8/site-packages/airflow/example_dags/example_local_kubernetes_executor.py
[2022-06-07 22:34:58,839] {logging_mixin.py:115} INFO - [2022-06-07 22:34:58,838] {example_local_kubernetes_executor.py:37} WARNING - Could not import DAGs in example_local_kubernetes_executor.py
Traceback (most recent call last):
  File "/home/james/airflowa/lib/python3.8/site-packages/airflow/example_dags/example_local_kubernetes_executor.py", line 35, in <module>
    from kubernetes.client import models as k8s
ModuleNotFoundError: No module named 'kubernetes'
[2022-06-07 22:34:58,839] {logging_mixin.py:115} INFO - [2022-06-07 22:34:58,839] {example_local_kubernetes_executor.py:38} WARNING - Install Kubernetes dependencies with: pip install apache-airflow[cncf.kubernetes]
[2022-06-07 22:34:58,840] {processor.py:653} WARNING - No viable dags retrieved from /home/james/airflowa/lib/python3.8/site-packages/airflow/example_dags/example_local_kubernetes_executor.py
[2022-06-07 22:34:58,898] {processor.py:161} INFO - Processing /home/james/airflowa/lib/python3.8/site-packages/airflow/example_dags/example_local_kubernetes_executor.py took 0.095 seconds
[2022-06-07 22:35:37,801] {processor.py:153} INFO - Started process (PID=63481) to work on /home/james/airflowa/lib/python3.8/site-packages/airflow/example_dags/example_local_kubernetes_executor.py
[2022-06-07 22:35:37,802] {processor.py:641} INFO - Processing file /home/james/airflowa/lib/python3.8/site-packages/airflow/example_dags/example_local_kubernetes_executor.py for tasks to queue
[2022-06-07 22:35:37,802] {logging_mixin.py:115} INFO - [2022-06-07 22:35:37,802] {dagbag.py:507} INFO - Filling up the DagBag from /home/james/airflowa/lib/python3.8/site-packages/airflow/example_dags/example_local_kubernetes_executor.py
[2022-06-07 22:35:37,819] {logging_mixin.py:115} INFO - [2022-06-07 22:35:37,818] {example_local_kubernetes_executor.py:37} WARNING - Could not import DAGs in example_local_kubernetes_executor.py
Traceback (most recent call last):
  File "/home/james/airflowa/lib/python3.8/site-packages/airflow/example_dags/example_local_kubernetes_executor.py", line 35, in <module>
    from kubernetes.client import models as k8s
ModuleNotFoundError: No module named 'kubernetes'
[2022-06-07 22:35:37,819] {logging_mixin.py:115} INFO - [2022-06-07 22:35:37,819] {example_local_kubernetes_executor.py:38} WARNING - Install Kubernetes dependencies with: pip install apache-airflow[cncf.kubernetes]
[2022-06-07 22:35:37,819] {processor.py:653} WARNING - No viable dags retrieved from /home/james/airflowa/lib/python3.8/site-packages/airflow/example_dags/example_local_kubernetes_executor.py
[2022-06-07 22:35:37,828] {processor.py:161} INFO - Processing /home/james/airflowa/lib/python3.8/site-packages/airflow/example_dags/example_local_kubernetes_executor.py took 0.029 seconds
[2022-06-07 22:36:12,267] {processor.py:153} INFO - Started process (PID=63620) to work on /home/james/airflowa/lib/python3.8/site-packages/airflow/example_dags/example_local_kubernetes_executor.py
[2022-06-07 22:36:12,271] {processor.py:641} INFO - Processing file /home/james/airflowa/lib/python3.8/site-packages/airflow/example_dags/example_local_kubernetes_executor.py for tasks to queue
[2022-06-07 22:36:12,272] {logging_mixin.py:115} INFO - [2022-06-07 22:36:12,272] {dagbag.py:507} INFO - Filling up the DagBag from /home/james/airflowa/lib/python3.8/site-packages/airflow/example_dags/example_local_kubernetes_executor.py
[2022-06-07 22:36:12,335] {logging_mixin.py:115} INFO - [2022-06-07 22:36:12,331] {example_local_kubernetes_executor.py:37} WARNING - Could not import DAGs in example_local_kubernetes_executor.py
Traceback (most recent call last):
  File "/home/james/airflowa/lib/python3.8/site-packages/airflow/example_dags/example_local_kubernetes_executor.py", line 35, in <module>
    from kubernetes.client import models as k8s
ModuleNotFoundError: No module named 'kubernetes'
[2022-06-07 22:36:12,336] {logging_mixin.py:115} INFO - [2022-06-07 22:36:12,335] {example_local_kubernetes_executor.py:38} WARNING - Install Kubernetes dependencies with: pip install apache-airflow[cncf.kubernetes]
[2022-06-07 22:36:12,336] {processor.py:653} WARNING - No viable dags retrieved from /home/james/airflowa/lib/python3.8/site-packages/airflow/example_dags/example_local_kubernetes_executor.py
[2022-06-07 22:36:12,375] {processor.py:161} INFO - Processing /home/james/airflowa/lib/python3.8/site-packages/airflow/example_dags/example_local_kubernetes_executor.py took 0.123 seconds
[2022-06-07 22:36:48,085] {processor.py:153} INFO - Started process (PID=63776) to work on /home/james/airflowa/lib/python3.8/site-packages/airflow/example_dags/example_local_kubernetes_executor.py
[2022-06-07 22:36:48,086] {processor.py:641} INFO - Processing file /home/james/airflowa/lib/python3.8/site-packages/airflow/example_dags/example_local_kubernetes_executor.py for tasks to queue
[2022-06-07 22:36:48,086] {logging_mixin.py:115} INFO - [2022-06-07 22:36:48,086] {dagbag.py:507} INFO - Filling up the DagBag from /home/james/airflowa/lib/python3.8/site-packages/airflow/example_dags/example_local_kubernetes_executor.py
[2022-06-07 22:36:48,105] {logging_mixin.py:115} INFO - [2022-06-07 22:36:48,105] {example_local_kubernetes_executor.py:37} WARNING - Could not import DAGs in example_local_kubernetes_executor.py
Traceback (most recent call last):
  File "/home/james/airflowa/lib/python3.8/site-packages/airflow/example_dags/example_local_kubernetes_executor.py", line 35, in <module>
    from kubernetes.client import models as k8s
ModuleNotFoundError: No module named 'kubernetes'
[2022-06-07 22:36:48,105] {logging_mixin.py:115} INFO - [2022-06-07 22:36:48,105] {example_local_kubernetes_executor.py:38} WARNING - Install Kubernetes dependencies with: pip install apache-airflow[cncf.kubernetes]
[2022-06-07 22:36:48,105] {processor.py:653} WARNING - No viable dags retrieved from /home/james/airflowa/lib/python3.8/site-packages/airflow/example_dags/example_local_kubernetes_executor.py
[2022-06-07 22:36:48,118] {processor.py:161} INFO - Processing /home/james/airflowa/lib/python3.8/site-packages/airflow/example_dags/example_local_kubernetes_executor.py took 0.038 seconds
[2022-06-07 22:37:24,983] {processor.py:153} INFO - Started process (PID=64074) to work on /home/james/airflowa/lib/python3.8/site-packages/airflow/example_dags/example_local_kubernetes_executor.py
[2022-06-07 22:37:24,984] {processor.py:641} INFO - Processing file /home/james/airflowa/lib/python3.8/site-packages/airflow/example_dags/example_local_kubernetes_executor.py for tasks to queue
[2022-06-07 22:37:24,984] {logging_mixin.py:115} INFO - [2022-06-07 22:37:24,984] {dagbag.py:507} INFO - Filling up the DagBag from /home/james/airflowa/lib/python3.8/site-packages/airflow/example_dags/example_local_kubernetes_executor.py
[2022-06-07 22:37:24,996] {logging_mixin.py:115} INFO - [2022-06-07 22:37:24,996] {example_local_kubernetes_executor.py:37} WARNING - Could not import DAGs in example_local_kubernetes_executor.py
Traceback (most recent call last):
  File "/home/james/airflowa/lib/python3.8/site-packages/airflow/example_dags/example_local_kubernetes_executor.py", line 35, in <module>
    from kubernetes.client import models as k8s
ModuleNotFoundError: No module named 'kubernetes'
[2022-06-07 22:37:24,996] {logging_mixin.py:115} INFO - [2022-06-07 22:37:24,996] {example_local_kubernetes_executor.py:38} WARNING - Install Kubernetes dependencies with: pip install apache-airflow[cncf.kubernetes]
[2022-06-07 22:37:24,997] {processor.py:653} WARNING - No viable dags retrieved from /home/james/airflowa/lib/python3.8/site-packages/airflow/example_dags/example_local_kubernetes_executor.py
[2022-06-07 22:37:25,005] {processor.py:161} INFO - Processing /home/james/airflowa/lib/python3.8/site-packages/airflow/example_dags/example_local_kubernetes_executor.py took 0.025 seconds
[2022-06-07 22:38:04,945] {processor.py:153} INFO - Started process (PID=64311) to work on /home/james/airflowa/lib/python3.8/site-packages/airflow/example_dags/example_local_kubernetes_executor.py
[2022-06-07 22:38:04,946] {processor.py:641} INFO - Processing file /home/james/airflowa/lib/python3.8/site-packages/airflow/example_dags/example_local_kubernetes_executor.py for tasks to queue
[2022-06-07 22:38:04,946] {logging_mixin.py:115} INFO - [2022-06-07 22:38:04,946] {dagbag.py:507} INFO - Filling up the DagBag from /home/james/airflowa/lib/python3.8/site-packages/airflow/example_dags/example_local_kubernetes_executor.py
[2022-06-07 22:38:04,960] {logging_mixin.py:115} INFO - [2022-06-07 22:38:04,960] {example_local_kubernetes_executor.py:37} WARNING - Could not import DAGs in example_local_kubernetes_executor.py
Traceback (most recent call last):
  File "/home/james/airflowa/lib/python3.8/site-packages/airflow/example_dags/example_local_kubernetes_executor.py", line 35, in <module>
    from kubernetes.client import models as k8s
ModuleNotFoundError: No module named 'kubernetes'
[2022-06-07 22:38:04,961] {logging_mixin.py:115} INFO - [2022-06-07 22:38:04,961] {example_local_kubernetes_executor.py:38} WARNING - Install Kubernetes dependencies with: pip install apache-airflow[cncf.kubernetes]
[2022-06-07 22:38:04,961] {processor.py:653} WARNING - No viable dags retrieved from /home/james/airflowa/lib/python3.8/site-packages/airflow/example_dags/example_local_kubernetes_executor.py
[2022-06-07 22:38:04,971] {processor.py:161} INFO - Processing /home/james/airflowa/lib/python3.8/site-packages/airflow/example_dags/example_local_kubernetes_executor.py took 0.028 seconds
[2022-06-07 22:38:42,222] {processor.py:153} INFO - Started process (PID=64504) to work on /home/james/airflowa/lib/python3.8/site-packages/airflow/example_dags/example_local_kubernetes_executor.py
[2022-06-07 22:38:42,223] {processor.py:641} INFO - Processing file /home/james/airflowa/lib/python3.8/site-packages/airflow/example_dags/example_local_kubernetes_executor.py for tasks to queue
[2022-06-07 22:38:42,223] {logging_mixin.py:115} INFO - [2022-06-07 22:38:42,223] {dagbag.py:507} INFO - Filling up the DagBag from /home/james/airflowa/lib/python3.8/site-packages/airflow/example_dags/example_local_kubernetes_executor.py
[2022-06-07 22:38:42,237] {logging_mixin.py:115} INFO - [2022-06-07 22:38:42,236] {example_local_kubernetes_executor.py:37} WARNING - Could not import DAGs in example_local_kubernetes_executor.py
Traceback (most recent call last):
  File "/home/james/airflowa/lib/python3.8/site-packages/airflow/example_dags/example_local_kubernetes_executor.py", line 35, in <module>
    from kubernetes.client import models as k8s
ModuleNotFoundError: No module named 'kubernetes'
[2022-06-07 22:38:42,237] {logging_mixin.py:115} INFO - [2022-06-07 22:38:42,237] {example_local_kubernetes_executor.py:38} WARNING - Install Kubernetes dependencies with: pip install apache-airflow[cncf.kubernetes]
[2022-06-07 22:38:42,237] {processor.py:653} WARNING - No viable dags retrieved from /home/james/airflowa/lib/python3.8/site-packages/airflow/example_dags/example_local_kubernetes_executor.py
[2022-06-07 22:38:42,246] {processor.py:161} INFO - Processing /home/james/airflowa/lib/python3.8/site-packages/airflow/example_dags/example_local_kubernetes_executor.py took 0.026 seconds
[2022-06-07 22:39:19,513] {processor.py:153} INFO - Started process (PID=64761) to work on /home/james/airflowa/lib/python3.8/site-packages/airflow/example_dags/example_local_kubernetes_executor.py
[2022-06-07 22:39:19,514] {processor.py:641} INFO - Processing file /home/james/airflowa/lib/python3.8/site-packages/airflow/example_dags/example_local_kubernetes_executor.py for tasks to queue
[2022-06-07 22:39:19,514] {logging_mixin.py:115} INFO - [2022-06-07 22:39:19,514] {dagbag.py:507} INFO - Filling up the DagBag from /home/james/airflowa/lib/python3.8/site-packages/airflow/example_dags/example_local_kubernetes_executor.py
[2022-06-07 22:39:19,526] {logging_mixin.py:115} INFO - [2022-06-07 22:39:19,526] {example_local_kubernetes_executor.py:37} WARNING - Could not import DAGs in example_local_kubernetes_executor.py
Traceback (most recent call last):
  File "/home/james/airflowa/lib/python3.8/site-packages/airflow/example_dags/example_local_kubernetes_executor.py", line 35, in <module>
    from kubernetes.client import models as k8s
ModuleNotFoundError: No module named 'kubernetes'
[2022-06-07 22:39:19,526] {logging_mixin.py:115} INFO - [2022-06-07 22:39:19,526] {example_local_kubernetes_executor.py:38} WARNING - Install Kubernetes dependencies with: pip install apache-airflow[cncf.kubernetes]
[2022-06-07 22:39:19,526] {processor.py:653} WARNING - No viable dags retrieved from /home/james/airflowa/lib/python3.8/site-packages/airflow/example_dags/example_local_kubernetes_executor.py
[2022-06-07 22:39:19,536] {processor.py:161} INFO - Processing /home/james/airflowa/lib/python3.8/site-packages/airflow/example_dags/example_local_kubernetes_executor.py took 0.027 seconds
[2022-06-07 22:39:57,109] {processor.py:153} INFO - Started process (PID=65142) to work on /home/james/airflowa/lib/python3.8/site-packages/airflow/example_dags/example_local_kubernetes_executor.py
[2022-06-07 22:39:57,110] {processor.py:641} INFO - Processing file /home/james/airflowa/lib/python3.8/site-packages/airflow/example_dags/example_local_kubernetes_executor.py for tasks to queue
[2022-06-07 22:39:57,110] {logging_mixin.py:115} INFO - [2022-06-07 22:39:57,110] {dagbag.py:507} INFO - Filling up the DagBag from /home/james/airflowa/lib/python3.8/site-packages/airflow/example_dags/example_local_kubernetes_executor.py
[2022-06-07 22:39:57,124] {logging_mixin.py:115} INFO - [2022-06-07 22:39:57,123] {example_local_kubernetes_executor.py:37} WARNING - Could not import DAGs in example_local_kubernetes_executor.py
Traceback (most recent call last):
  File "/home/james/airflowa/lib/python3.8/site-packages/airflow/example_dags/example_local_kubernetes_executor.py", line 35, in <module>
    from kubernetes.client import models as k8s
ModuleNotFoundError: No module named 'kubernetes'
[2022-06-07 22:39:57,124] {logging_mixin.py:115} INFO - [2022-06-07 22:39:57,124] {example_local_kubernetes_executor.py:38} WARNING - Install Kubernetes dependencies with: pip install apache-airflow[cncf.kubernetes]
[2022-06-07 22:39:57,124] {processor.py:653} WARNING - No viable dags retrieved from /home/james/airflowa/lib/python3.8/site-packages/airflow/example_dags/example_local_kubernetes_executor.py
[2022-06-07 22:39:57,132] {processor.py:161} INFO - Processing /home/james/airflowa/lib/python3.8/site-packages/airflow/example_dags/example_local_kubernetes_executor.py took 0.025 seconds
[2022-06-07 22:40:32,000] {processor.py:153} INFO - Started process (PID=65704) to work on /home/james/airflowa/lib/python3.8/site-packages/airflow/example_dags/example_local_kubernetes_executor.py
[2022-06-07 22:40:32,001] {processor.py:641} INFO - Processing file /home/james/airflowa/lib/python3.8/site-packages/airflow/example_dags/example_local_kubernetes_executor.py for tasks to queue
[2022-06-07 22:40:32,002] {logging_mixin.py:115} INFO - [2022-06-07 22:40:32,002] {dagbag.py:507} INFO - Filling up the DagBag from /home/james/airflowa/lib/python3.8/site-packages/airflow/example_dags/example_local_kubernetes_executor.py
[2022-06-07 22:40:32,015] {logging_mixin.py:115} INFO - [2022-06-07 22:40:32,015] {example_local_kubernetes_executor.py:37} WARNING - Could not import DAGs in example_local_kubernetes_executor.py
Traceback (most recent call last):
  File "/home/james/airflowa/lib/python3.8/site-packages/airflow/example_dags/example_local_kubernetes_executor.py", line 35, in <module>
    from kubernetes.client import models as k8s
ModuleNotFoundError: No module named 'kubernetes'
[2022-06-07 22:40:32,015] {logging_mixin.py:115} INFO - [2022-06-07 22:40:32,015] {example_local_kubernetes_executor.py:38} WARNING - Install Kubernetes dependencies with: pip install apache-airflow[cncf.kubernetes]
[2022-06-07 22:40:32,016] {processor.py:653} WARNING - No viable dags retrieved from /home/james/airflowa/lib/python3.8/site-packages/airflow/example_dags/example_local_kubernetes_executor.py
[2022-06-07 22:40:32,024] {processor.py:161} INFO - Processing /home/james/airflowa/lib/python3.8/site-packages/airflow/example_dags/example_local_kubernetes_executor.py took 0.027 seconds
[2022-06-07 22:41:09,103] {processor.py:153} INFO - Started process (PID=65862) to work on /home/james/airflowa/lib/python3.8/site-packages/airflow/example_dags/example_local_kubernetes_executor.py
[2022-06-07 22:41:09,104] {processor.py:641} INFO - Processing file /home/james/airflowa/lib/python3.8/site-packages/airflow/example_dags/example_local_kubernetes_executor.py for tasks to queue
[2022-06-07 22:41:09,105] {logging_mixin.py:115} INFO - [2022-06-07 22:41:09,105] {dagbag.py:507} INFO - Filling up the DagBag from /home/james/airflowa/lib/python3.8/site-packages/airflow/example_dags/example_local_kubernetes_executor.py
[2022-06-07 22:41:09,126] {logging_mixin.py:115} INFO - [2022-06-07 22:41:09,126] {example_local_kubernetes_executor.py:37} WARNING - Could not import DAGs in example_local_kubernetes_executor.py
Traceback (most recent call last):
  File "/home/james/airflowa/lib/python3.8/site-packages/airflow/example_dags/example_local_kubernetes_executor.py", line 35, in <module>
    from kubernetes.client import models as k8s
ModuleNotFoundError: No module named 'kubernetes'
[2022-06-07 22:41:09,127] {logging_mixin.py:115} INFO - [2022-06-07 22:41:09,127] {example_local_kubernetes_executor.py:38} WARNING - Install Kubernetes dependencies with: pip install apache-airflow[cncf.kubernetes]
[2022-06-07 22:41:09,127] {processor.py:653} WARNING - No viable dags retrieved from /home/james/airflowa/lib/python3.8/site-packages/airflow/example_dags/example_local_kubernetes_executor.py
[2022-06-07 22:41:09,141] {processor.py:161} INFO - Processing /home/james/airflowa/lib/python3.8/site-packages/airflow/example_dags/example_local_kubernetes_executor.py took 0.041 seconds
[2022-06-07 22:41:51,981] {processor.py:153} INFO - Started process (PID=66140) to work on /home/james/airflowa/lib/python3.8/site-packages/airflow/example_dags/example_local_kubernetes_executor.py
[2022-06-07 22:41:51,982] {processor.py:641} INFO - Processing file /home/james/airflowa/lib/python3.8/site-packages/airflow/example_dags/example_local_kubernetes_executor.py for tasks to queue
[2022-06-07 22:41:51,982] {logging_mixin.py:115} INFO - [2022-06-07 22:41:51,982] {dagbag.py:507} INFO - Filling up the DagBag from /home/james/airflowa/lib/python3.8/site-packages/airflow/example_dags/example_local_kubernetes_executor.py
[2022-06-07 22:41:51,998] {logging_mixin.py:115} INFO - [2022-06-07 22:41:51,997] {example_local_kubernetes_executor.py:37} WARNING - Could not import DAGs in example_local_kubernetes_executor.py
Traceback (most recent call last):
  File "/home/james/airflowa/lib/python3.8/site-packages/airflow/example_dags/example_local_kubernetes_executor.py", line 35, in <module>
    from kubernetes.client import models as k8s
ModuleNotFoundError: No module named 'kubernetes'
[2022-06-07 22:41:51,998] {logging_mixin.py:115} INFO - [2022-06-07 22:41:51,998] {example_local_kubernetes_executor.py:38} WARNING - Install Kubernetes dependencies with: pip install apache-airflow[cncf.kubernetes]
[2022-06-07 22:41:51,998] {processor.py:653} WARNING - No viable dags retrieved from /home/james/airflowa/lib/python3.8/site-packages/airflow/example_dags/example_local_kubernetes_executor.py
[2022-06-07 22:41:52,008] {processor.py:161} INFO - Processing /home/james/airflowa/lib/python3.8/site-packages/airflow/example_dags/example_local_kubernetes_executor.py took 0.030 seconds
