[2022-06-07 22:33:11,177] {processor.py:153} INFO - Started process (PID=62543) to work on /home/james/airflowa/lib/python3.8/site-packages/airflow/example_dags/example_nested_branch_dag.py
[2022-06-07 22:33:11,178] {processor.py:641} INFO - Processing file /home/james/airflowa/lib/python3.8/site-packages/airflow/example_dags/example_nested_branch_dag.py for tasks to queue
[2022-06-07 22:33:11,178] {logging_mixin.py:115} INFO - [2022-06-07 22:33:11,178] {dagbag.py:507} INFO - Filling up the DagBag from /home/james/airflowa/lib/python3.8/site-packages/airflow/example_dags/example_nested_branch_dag.py
[2022-06-07 22:33:11,195] {processor.py:651} INFO - DAG(s) dict_keys(['example_nested_branch_dag']) retrieved from /home/james/airflowa/lib/python3.8/site-packages/airflow/example_dags/example_nested_branch_dag.py
[2022-06-07 22:33:11,230] {logging_mixin.py:115} INFO - [2022-06-07 22:33:11,229] {dag.py:2379} INFO - Sync 1 DAGs
[2022-06-07 22:33:11,275] {logging_mixin.py:115} INFO - [2022-06-07 22:33:11,275] {dag.py:2927} INFO - Setting next_dagrun for example_nested_branch_dag to 2022-06-06T00:00:00+00:00, run_after=2022-06-07T00:00:00+00:00
[2022-06-07 22:33:11,299] {processor.py:161} INFO - Processing /home/james/airflowa/lib/python3.8/site-packages/airflow/example_dags/example_nested_branch_dag.py took 0.128 seconds
[2022-06-07 22:33:53,311] {processor.py:153} INFO - Started process (PID=62768) to work on /home/james/airflowa/lib/python3.8/site-packages/airflow/example_dags/example_nested_branch_dag.py
[2022-06-07 22:33:53,311] {processor.py:641} INFO - Processing file /home/james/airflowa/lib/python3.8/site-packages/airflow/example_dags/example_nested_branch_dag.py for tasks to queue
[2022-06-07 22:33:53,312] {logging_mixin.py:115} INFO - [2022-06-07 22:33:53,312] {dagbag.py:507} INFO - Filling up the DagBag from /home/james/airflowa/lib/python3.8/site-packages/airflow/example_dags/example_nested_branch_dag.py
[2022-06-07 22:33:53,327] {processor.py:651} INFO - DAG(s) dict_keys(['example_nested_branch_dag']) retrieved from /home/james/airflowa/lib/python3.8/site-packages/airflow/example_dags/example_nested_branch_dag.py
[2022-06-07 22:33:53,350] {logging_mixin.py:115} INFO - [2022-06-07 22:33:53,350] {dag.py:2379} INFO - Sync 1 DAGs
[2022-06-07 22:33:53,382] {logging_mixin.py:115} INFO - [2022-06-07 22:33:53,382] {dag.py:2927} INFO - Setting next_dagrun for example_nested_branch_dag to 2022-06-06T00:00:00+00:00, run_after=2022-06-07T00:00:00+00:00
[2022-06-07 22:33:53,400] {processor.py:161} INFO - Processing /home/james/airflowa/lib/python3.8/site-packages/airflow/example_dags/example_nested_branch_dag.py took 0.093 seconds
[2022-06-07 22:34:32,462] {processor.py:153} INFO - Started process (PID=63146) to work on /home/james/airflowa/lib/python3.8/site-packages/airflow/example_dags/example_nested_branch_dag.py
[2022-06-07 22:34:32,463] {processor.py:641} INFO - Processing file /home/james/airflowa/lib/python3.8/site-packages/airflow/example_dags/example_nested_branch_dag.py for tasks to queue
[2022-06-07 22:34:32,463] {logging_mixin.py:115} INFO - [2022-06-07 22:34:32,463] {dagbag.py:507} INFO - Filling up the DagBag from /home/james/airflowa/lib/python3.8/site-packages/airflow/example_dags/example_nested_branch_dag.py
[2022-06-07 22:34:32,471] {processor.py:651} INFO - DAG(s) dict_keys(['example_nested_branch_dag']) retrieved from /home/james/airflowa/lib/python3.8/site-packages/airflow/example_dags/example_nested_branch_dag.py
[2022-06-07 22:34:32,486] {logging_mixin.py:115} INFO - [2022-06-07 22:34:32,486] {dag.py:2379} INFO - Sync 1 DAGs
[2022-06-07 22:34:32,504] {logging_mixin.py:115} INFO - [2022-06-07 22:34:32,504] {dag.py:2927} INFO - Setting next_dagrun for example_nested_branch_dag to 2022-06-06T00:00:00+00:00, run_after=2022-06-07T00:00:00+00:00
[2022-06-07 22:34:32,516] {processor.py:161} INFO - Processing /home/james/airflowa/lib/python3.8/site-packages/airflow/example_dags/example_nested_branch_dag.py took 0.056 seconds
[2022-06-07 22:35:10,770] {processor.py:153} INFO - Started process (PID=63322) to work on /home/james/airflowa/lib/python3.8/site-packages/airflow/example_dags/example_nested_branch_dag.py
[2022-06-07 22:35:10,770] {processor.py:641} INFO - Processing file /home/james/airflowa/lib/python3.8/site-packages/airflow/example_dags/example_nested_branch_dag.py for tasks to queue
[2022-06-07 22:35:10,771] {logging_mixin.py:115} INFO - [2022-06-07 22:35:10,771] {dagbag.py:507} INFO - Filling up the DagBag from /home/james/airflowa/lib/python3.8/site-packages/airflow/example_dags/example_nested_branch_dag.py
[2022-06-07 22:35:10,779] {processor.py:651} INFO - DAG(s) dict_keys(['example_nested_branch_dag']) retrieved from /home/james/airflowa/lib/python3.8/site-packages/airflow/example_dags/example_nested_branch_dag.py
[2022-06-07 22:35:10,792] {logging_mixin.py:115} INFO - [2022-06-07 22:35:10,792] {dag.py:2379} INFO - Sync 1 DAGs
[2022-06-07 22:35:10,809] {logging_mixin.py:115} INFO - [2022-06-07 22:35:10,809] {dag.py:2927} INFO - Setting next_dagrun for example_nested_branch_dag to 2022-06-06T00:00:00+00:00, run_after=2022-06-07T00:00:00+00:00
[2022-06-07 22:35:10,820] {processor.py:161} INFO - Processing /home/james/airflowa/lib/python3.8/site-packages/airflow/example_dags/example_nested_branch_dag.py took 0.054 seconds
[2022-06-07 22:35:51,903] {processor.py:153} INFO - Started process (PID=63522) to work on /home/james/airflowa/lib/python3.8/site-packages/airflow/example_dags/example_nested_branch_dag.py
[2022-06-07 22:35:51,904] {processor.py:641} INFO - Processing file /home/james/airflowa/lib/python3.8/site-packages/airflow/example_dags/example_nested_branch_dag.py for tasks to queue
[2022-06-07 22:35:51,904] {logging_mixin.py:115} INFO - [2022-06-07 22:35:51,904] {dagbag.py:507} INFO - Filling up the DagBag from /home/james/airflowa/lib/python3.8/site-packages/airflow/example_dags/example_nested_branch_dag.py
[2022-06-07 22:35:51,913] {processor.py:651} INFO - DAG(s) dict_keys(['example_nested_branch_dag']) retrieved from /home/james/airflowa/lib/python3.8/site-packages/airflow/example_dags/example_nested_branch_dag.py
[2022-06-07 22:35:51,929] {logging_mixin.py:115} INFO - [2022-06-07 22:35:51,929] {dag.py:2379} INFO - Sync 1 DAGs
[2022-06-07 22:35:51,947] {logging_mixin.py:115} INFO - [2022-06-07 22:35:51,947] {dag.py:2927} INFO - Setting next_dagrun for example_nested_branch_dag to 2022-06-06T00:00:00+00:00, run_after=2022-06-07T00:00:00+00:00
[2022-06-07 22:35:51,959] {processor.py:161} INFO - Processing /home/james/airflowa/lib/python3.8/site-packages/airflow/example_dags/example_nested_branch_dag.py took 0.059 seconds
[2022-06-07 22:36:32,933] {processor.py:153} INFO - Started process (PID=63713) to work on /home/james/airflowa/lib/python3.8/site-packages/airflow/example_dags/example_nested_branch_dag.py
[2022-06-07 22:36:32,934] {processor.py:641} INFO - Processing file /home/james/airflowa/lib/python3.8/site-packages/airflow/example_dags/example_nested_branch_dag.py for tasks to queue
[2022-06-07 22:36:32,935] {logging_mixin.py:115} INFO - [2022-06-07 22:36:32,934] {dagbag.py:507} INFO - Filling up the DagBag from /home/james/airflowa/lib/python3.8/site-packages/airflow/example_dags/example_nested_branch_dag.py
[2022-06-07 22:36:32,948] {processor.py:651} INFO - DAG(s) dict_keys(['example_nested_branch_dag']) retrieved from /home/james/airflowa/lib/python3.8/site-packages/airflow/example_dags/example_nested_branch_dag.py
[2022-06-07 22:36:32,970] {logging_mixin.py:115} INFO - [2022-06-07 22:36:32,970] {dag.py:2379} INFO - Sync 1 DAGs
[2022-06-07 22:36:32,997] {logging_mixin.py:115} INFO - [2022-06-07 22:36:32,997] {dag.py:2927} INFO - Setting next_dagrun for example_nested_branch_dag to 2022-06-06T00:00:00+00:00, run_after=2022-06-07T00:00:00+00:00
[2022-06-07 22:36:33,012] {processor.py:161} INFO - Processing /home/james/airflowa/lib/python3.8/site-packages/airflow/example_dags/example_nested_branch_dag.py took 0.082 seconds
[2022-06-07 22:37:10,137] {processor.py:153} INFO - Started process (PID=63918) to work on /home/james/airflowa/lib/python3.8/site-packages/airflow/example_dags/example_nested_branch_dag.py
[2022-06-07 22:37:10,138] {processor.py:641} INFO - Processing file /home/james/airflowa/lib/python3.8/site-packages/airflow/example_dags/example_nested_branch_dag.py for tasks to queue
[2022-06-07 22:37:10,138] {logging_mixin.py:115} INFO - [2022-06-07 22:37:10,138] {dagbag.py:507} INFO - Filling up the DagBag from /home/james/airflowa/lib/python3.8/site-packages/airflow/example_dags/example_nested_branch_dag.py
[2022-06-07 22:37:10,146] {processor.py:651} INFO - DAG(s) dict_keys(['example_nested_branch_dag']) retrieved from /home/james/airflowa/lib/python3.8/site-packages/airflow/example_dags/example_nested_branch_dag.py
[2022-06-07 22:37:10,159] {logging_mixin.py:115} INFO - [2022-06-07 22:37:10,159] {dag.py:2379} INFO - Sync 1 DAGs
[2022-06-07 22:37:10,176] {logging_mixin.py:115} INFO - [2022-06-07 22:37:10,176] {dag.py:2927} INFO - Setting next_dagrun for example_nested_branch_dag to 2022-06-06T00:00:00+00:00, run_after=2022-06-07T00:00:00+00:00
[2022-06-07 22:37:10,187] {processor.py:161} INFO - Processing /home/james/airflowa/lib/python3.8/site-packages/airflow/example_dags/example_nested_branch_dag.py took 0.052 seconds
[2022-06-07 22:37:48,653] {processor.py:153} INFO - Started process (PID=64233) to work on /home/james/airflowa/lib/python3.8/site-packages/airflow/example_dags/example_nested_branch_dag.py
[2022-06-07 22:37:48,654] {processor.py:641} INFO - Processing file /home/james/airflowa/lib/python3.8/site-packages/airflow/example_dags/example_nested_branch_dag.py for tasks to queue
[2022-06-07 22:37:48,654] {logging_mixin.py:115} INFO - [2022-06-07 22:37:48,654] {dagbag.py:507} INFO - Filling up the DagBag from /home/james/airflowa/lib/python3.8/site-packages/airflow/example_dags/example_nested_branch_dag.py
[2022-06-07 22:37:48,663] {processor.py:651} INFO - DAG(s) dict_keys(['example_nested_branch_dag']) retrieved from /home/james/airflowa/lib/python3.8/site-packages/airflow/example_dags/example_nested_branch_dag.py
[2022-06-07 22:37:48,679] {logging_mixin.py:115} INFO - [2022-06-07 22:37:48,678] {dag.py:2379} INFO - Sync 1 DAGs
[2022-06-07 22:37:48,695] {logging_mixin.py:115} INFO - [2022-06-07 22:37:48,694] {dag.py:2927} INFO - Setting next_dagrun for example_nested_branch_dag to 2022-06-06T00:00:00+00:00, run_after=2022-06-07T00:00:00+00:00
[2022-06-07 22:37:48,705] {processor.py:161} INFO - Processing /home/james/airflowa/lib/python3.8/site-packages/airflow/example_dags/example_nested_branch_dag.py took 0.054 seconds
[2022-06-07 22:38:28,356] {processor.py:153} INFO - Started process (PID=64445) to work on /home/james/airflowa/lib/python3.8/site-packages/airflow/example_dags/example_nested_branch_dag.py
[2022-06-07 22:38:28,357] {processor.py:641} INFO - Processing file /home/james/airflowa/lib/python3.8/site-packages/airflow/example_dags/example_nested_branch_dag.py for tasks to queue
[2022-06-07 22:38:28,358] {logging_mixin.py:115} INFO - [2022-06-07 22:38:28,357] {dagbag.py:507} INFO - Filling up the DagBag from /home/james/airflowa/lib/python3.8/site-packages/airflow/example_dags/example_nested_branch_dag.py
[2022-06-07 22:38:28,369] {processor.py:651} INFO - DAG(s) dict_keys(['example_nested_branch_dag']) retrieved from /home/james/airflowa/lib/python3.8/site-packages/airflow/example_dags/example_nested_branch_dag.py
[2022-06-07 22:38:28,390] {logging_mixin.py:115} INFO - [2022-06-07 22:38:28,390] {dag.py:2379} INFO - Sync 1 DAGs
[2022-06-07 22:38:28,417] {logging_mixin.py:115} INFO - [2022-06-07 22:38:28,417] {dag.py:2927} INFO - Setting next_dagrun for example_nested_branch_dag to 2022-06-06T00:00:00+00:00, run_after=2022-06-07T00:00:00+00:00
[2022-06-07 22:38:28,436] {processor.py:161} INFO - Processing /home/james/airflowa/lib/python3.8/site-packages/airflow/example_dags/example_nested_branch_dag.py took 0.083 seconds
[2022-06-07 22:39:04,368] {processor.py:153} INFO - Started process (PID=64602) to work on /home/james/airflowa/lib/python3.8/site-packages/airflow/example_dags/example_nested_branch_dag.py
[2022-06-07 22:39:04,368] {processor.py:641} INFO - Processing file /home/james/airflowa/lib/python3.8/site-packages/airflow/example_dags/example_nested_branch_dag.py for tasks to queue
[2022-06-07 22:39:04,369] {logging_mixin.py:115} INFO - [2022-06-07 22:39:04,369] {dagbag.py:507} INFO - Filling up the DagBag from /home/james/airflowa/lib/python3.8/site-packages/airflow/example_dags/example_nested_branch_dag.py
[2022-06-07 22:39:04,377] {processor.py:651} INFO - DAG(s) dict_keys(['example_nested_branch_dag']) retrieved from /home/james/airflowa/lib/python3.8/site-packages/airflow/example_dags/example_nested_branch_dag.py
[2022-06-07 22:39:04,390] {logging_mixin.py:115} INFO - [2022-06-07 22:39:04,390] {dag.py:2379} INFO - Sync 1 DAGs
[2022-06-07 22:39:04,406] {logging_mixin.py:115} INFO - [2022-06-07 22:39:04,406] {dag.py:2927} INFO - Setting next_dagrun for example_nested_branch_dag to 2022-06-06T00:00:00+00:00, run_after=2022-06-07T00:00:00+00:00
[2022-06-07 22:39:04,417] {processor.py:161} INFO - Processing /home/james/airflowa/lib/python3.8/site-packages/airflow/example_dags/example_nested_branch_dag.py took 0.052 seconds
[2022-06-07 22:39:45,661] {processor.py:153} INFO - Started process (PID=65069) to work on /home/james/airflowa/lib/python3.8/site-packages/airflow/example_dags/example_nested_branch_dag.py
[2022-06-07 22:39:45,661] {processor.py:641} INFO - Processing file /home/james/airflowa/lib/python3.8/site-packages/airflow/example_dags/example_nested_branch_dag.py for tasks to queue
[2022-06-07 22:39:45,662] {logging_mixin.py:115} INFO - [2022-06-07 22:39:45,662] {dagbag.py:507} INFO - Filling up the DagBag from /home/james/airflowa/lib/python3.8/site-packages/airflow/example_dags/example_nested_branch_dag.py
[2022-06-07 22:39:45,670] {processor.py:651} INFO - DAG(s) dict_keys(['example_nested_branch_dag']) retrieved from /home/james/airflowa/lib/python3.8/site-packages/airflow/example_dags/example_nested_branch_dag.py
[2022-06-07 22:39:45,683] {logging_mixin.py:115} INFO - [2022-06-07 22:39:45,683] {dag.py:2379} INFO - Sync 1 DAGs
[2022-06-07 22:39:45,699] {logging_mixin.py:115} INFO - [2022-06-07 22:39:45,699] {dag.py:2927} INFO - Setting next_dagrun for example_nested_branch_dag to 2022-06-06T00:00:00+00:00, run_after=2022-06-07T00:00:00+00:00
[2022-06-07 22:39:45,710] {processor.py:161} INFO - Processing /home/james/airflowa/lib/python3.8/site-packages/airflow/example_dags/example_nested_branch_dag.py took 0.052 seconds
[2022-06-07 22:40:23,623] {processor.py:153} INFO - Started process (PID=65665) to work on /home/james/airflowa/lib/python3.8/site-packages/airflow/example_dags/example_nested_branch_dag.py
[2022-06-07 22:40:23,623] {processor.py:641} INFO - Processing file /home/james/airflowa/lib/python3.8/site-packages/airflow/example_dags/example_nested_branch_dag.py for tasks to queue
[2022-06-07 22:40:23,624] {logging_mixin.py:115} INFO - [2022-06-07 22:40:23,624] {dagbag.py:507} INFO - Filling up the DagBag from /home/james/airflowa/lib/python3.8/site-packages/airflow/example_dags/example_nested_branch_dag.py
[2022-06-07 22:40:23,632] {processor.py:651} INFO - DAG(s) dict_keys(['example_nested_branch_dag']) retrieved from /home/james/airflowa/lib/python3.8/site-packages/airflow/example_dags/example_nested_branch_dag.py
[2022-06-07 22:40:23,645] {logging_mixin.py:115} INFO - [2022-06-07 22:40:23,644] {dag.py:2379} INFO - Sync 1 DAGs
[2022-06-07 22:40:23,661] {logging_mixin.py:115} INFO - [2022-06-07 22:40:23,661] {dag.py:2927} INFO - Setting next_dagrun for example_nested_branch_dag to 2022-06-06T00:00:00+00:00, run_after=2022-06-07T00:00:00+00:00
[2022-06-07 22:40:23,672] {processor.py:161} INFO - Processing /home/james/airflowa/lib/python3.8/site-packages/airflow/example_dags/example_nested_branch_dag.py took 0.051 seconds
[2022-06-07 22:41:01,629] {processor.py:153} INFO - Started process (PID=65832) to work on /home/james/airflowa/lib/python3.8/site-packages/airflow/example_dags/example_nested_branch_dag.py
[2022-06-07 22:41:01,630] {processor.py:641} INFO - Processing file /home/james/airflowa/lib/python3.8/site-packages/airflow/example_dags/example_nested_branch_dag.py for tasks to queue
[2022-06-07 22:41:01,631] {logging_mixin.py:115} INFO - [2022-06-07 22:41:01,631] {dagbag.py:507} INFO - Filling up the DagBag from /home/james/airflowa/lib/python3.8/site-packages/airflow/example_dags/example_nested_branch_dag.py
[2022-06-07 22:41:01,647] {processor.py:651} INFO - DAG(s) dict_keys(['example_nested_branch_dag']) retrieved from /home/james/airflowa/lib/python3.8/site-packages/airflow/example_dags/example_nested_branch_dag.py
[2022-06-07 22:41:01,672] {logging_mixin.py:115} INFO - [2022-06-07 22:41:01,672] {dag.py:2379} INFO - Sync 1 DAGs
[2022-06-07 22:41:01,703] {logging_mixin.py:115} INFO - [2022-06-07 22:41:01,703] {dag.py:2927} INFO - Setting next_dagrun for example_nested_branch_dag to 2022-06-06T00:00:00+00:00, run_after=2022-06-07T00:00:00+00:00
[2022-06-07 22:41:01,726] {processor.py:161} INFO - Processing /home/james/airflowa/lib/python3.8/site-packages/airflow/example_dags/example_nested_branch_dag.py took 0.101 seconds
[2022-06-07 22:41:43,137] {processor.py:153} INFO - Started process (PID=66074) to work on /home/james/airflowa/lib/python3.8/site-packages/airflow/example_dags/example_nested_branch_dag.py
[2022-06-07 22:41:43,138] {processor.py:641} INFO - Processing file /home/james/airflowa/lib/python3.8/site-packages/airflow/example_dags/example_nested_branch_dag.py for tasks to queue
[2022-06-07 22:41:43,138] {logging_mixin.py:115} INFO - [2022-06-07 22:41:43,138] {dagbag.py:507} INFO - Filling up the DagBag from /home/james/airflowa/lib/python3.8/site-packages/airflow/example_dags/example_nested_branch_dag.py
[2022-06-07 22:41:43,147] {processor.py:651} INFO - DAG(s) dict_keys(['example_nested_branch_dag']) retrieved from /home/james/airflowa/lib/python3.8/site-packages/airflow/example_dags/example_nested_branch_dag.py
[2022-06-07 22:41:43,160] {logging_mixin.py:115} INFO - [2022-06-07 22:41:43,160] {dag.py:2379} INFO - Sync 1 DAGs
[2022-06-07 22:41:43,177] {logging_mixin.py:115} INFO - [2022-06-07 22:41:43,177] {dag.py:2927} INFO - Setting next_dagrun for example_nested_branch_dag to 2022-06-06T00:00:00+00:00, run_after=2022-06-07T00:00:00+00:00
[2022-06-07 22:41:43,188] {processor.py:161} INFO - Processing /home/james/airflowa/lib/python3.8/site-packages/airflow/example_dags/example_nested_branch_dag.py took 0.053 seconds
