[2022-06-07 22:32:51,227] {processor.py:153} INFO - Started process (PID=62390) to work on /home/james/airflowa/lib/python3.8/site-packages/airflow/example_dags/tutorial_taskflow_api_etl_virtualenv.py
[2022-06-07 22:32:51,228] {processor.py:641} INFO - Processing file /home/james/airflowa/lib/python3.8/site-packages/airflow/example_dags/tutorial_taskflow_api_etl_virtualenv.py for tasks to queue
[2022-06-07 22:32:51,229] {logging_mixin.py:115} INFO - [2022-06-07 22:32:51,229] {dagbag.py:507} INFO - Filling up the DagBag from /home/james/airflowa/lib/python3.8/site-packages/airflow/example_dags/tutorial_taskflow_api_etl_virtualenv.py
[2022-06-07 22:32:51,256] {processor.py:651} INFO - DAG(s) dict_keys(['tutorial_taskflow_api_etl_virtualenv']) retrieved from /home/james/airflowa/lib/python3.8/site-packages/airflow/example_dags/tutorial_taskflow_api_etl_virtualenv.py
[2022-06-07 22:32:51,321] {logging_mixin.py:115} INFO - [2022-06-07 22:32:51,320] {dag.py:2379} INFO - Sync 1 DAGs
[2022-06-07 22:32:51,344] {logging_mixin.py:115} INFO - [2022-06-07 22:32:51,344] {dag.py:2927} INFO - Setting next_dagrun for tutorial_taskflow_api_etl_virtualenv to None, run_after=None
[2022-06-07 22:32:51,369] {processor.py:161} INFO - Processing /home/james/airflowa/lib/python3.8/site-packages/airflow/example_dags/tutorial_taskflow_api_etl_virtualenv.py took 0.145 seconds
[2022-06-07 22:33:30,727] {processor.py:153} INFO - Started process (PID=62682) to work on /home/james/airflowa/lib/python3.8/site-packages/airflow/example_dags/tutorial_taskflow_api_etl_virtualenv.py
[2022-06-07 22:33:30,727] {processor.py:641} INFO - Processing file /home/james/airflowa/lib/python3.8/site-packages/airflow/example_dags/tutorial_taskflow_api_etl_virtualenv.py for tasks to queue
[2022-06-07 22:33:30,728] {logging_mixin.py:115} INFO - [2022-06-07 22:33:30,728] {dagbag.py:507} INFO - Filling up the DagBag from /home/james/airflowa/lib/python3.8/site-packages/airflow/example_dags/tutorial_taskflow_api_etl_virtualenv.py
[2022-06-07 22:33:30,750] {processor.py:651} INFO - DAG(s) dict_keys(['tutorial_taskflow_api_etl_virtualenv']) retrieved from /home/james/airflowa/lib/python3.8/site-packages/airflow/example_dags/tutorial_taskflow_api_etl_virtualenv.py
[2022-06-07 22:33:30,808] {logging_mixin.py:115} INFO - [2022-06-07 22:33:30,808] {dag.py:2379} INFO - Sync 1 DAGs
[2022-06-07 22:33:30,835] {logging_mixin.py:115} INFO - [2022-06-07 22:33:30,835] {dag.py:2927} INFO - Setting next_dagrun for tutorial_taskflow_api_etl_virtualenv to None, run_after=None
[2022-06-07 22:33:30,866] {processor.py:161} INFO - Processing /home/james/airflowa/lib/python3.8/site-packages/airflow/example_dags/tutorial_taskflow_api_etl_virtualenv.py took 0.143 seconds
[2022-06-07 22:34:10,019] {processor.py:153} INFO - Started process (PID=62837) to work on /home/james/airflowa/lib/python3.8/site-packages/airflow/example_dags/tutorial_taskflow_api_etl_virtualenv.py
[2022-06-07 22:34:10,019] {processor.py:641} INFO - Processing file /home/james/airflowa/lib/python3.8/site-packages/airflow/example_dags/tutorial_taskflow_api_etl_virtualenv.py for tasks to queue
[2022-06-07 22:34:10,020] {logging_mixin.py:115} INFO - [2022-06-07 22:34:10,020] {dagbag.py:507} INFO - Filling up the DagBag from /home/james/airflowa/lib/python3.8/site-packages/airflow/example_dags/tutorial_taskflow_api_etl_virtualenv.py
[2022-06-07 22:34:10,036] {processor.py:651} INFO - DAG(s) dict_keys(['tutorial_taskflow_api_etl_virtualenv']) retrieved from /home/james/airflowa/lib/python3.8/site-packages/airflow/example_dags/tutorial_taskflow_api_etl_virtualenv.py
[2022-06-07 22:34:10,052] {logging_mixin.py:115} INFO - [2022-06-07 22:34:10,052] {dag.py:2379} INFO - Sync 1 DAGs
[2022-06-07 22:34:10,078] {logging_mixin.py:115} INFO - [2022-06-07 22:34:10,078] {dag.py:2927} INFO - Setting next_dagrun for tutorial_taskflow_api_etl_virtualenv to None, run_after=None
[2022-06-07 22:34:10,095] {processor.py:161} INFO - Processing /home/james/airflowa/lib/python3.8/site-packages/airflow/example_dags/tutorial_taskflow_api_etl_virtualenv.py took 0.079 seconds
[2022-06-07 22:34:47,311] {processor.py:153} INFO - Started process (PID=63227) to work on /home/james/airflowa/lib/python3.8/site-packages/airflow/example_dags/tutorial_taskflow_api_etl_virtualenv.py
[2022-06-07 22:34:47,313] {processor.py:641} INFO - Processing file /home/james/airflowa/lib/python3.8/site-packages/airflow/example_dags/tutorial_taskflow_api_etl_virtualenv.py for tasks to queue
[2022-06-07 22:34:47,314] {logging_mixin.py:115} INFO - [2022-06-07 22:34:47,313] {dagbag.py:507} INFO - Filling up the DagBag from /home/james/airflowa/lib/python3.8/site-packages/airflow/example_dags/tutorial_taskflow_api_etl_virtualenv.py
[2022-06-07 22:34:47,357] {processor.py:651} INFO - DAG(s) dict_keys(['tutorial_taskflow_api_etl_virtualenv']) retrieved from /home/james/airflowa/lib/python3.8/site-packages/airflow/example_dags/tutorial_taskflow_api_etl_virtualenv.py
[2022-06-07 22:34:47,447] {logging_mixin.py:115} INFO - [2022-06-07 22:34:47,447] {dag.py:2379} INFO - Sync 1 DAGs
[2022-06-07 22:34:47,484] {logging_mixin.py:115} INFO - [2022-06-07 22:34:47,484] {dag.py:2927} INFO - Setting next_dagrun for tutorial_taskflow_api_etl_virtualenv to None, run_after=None
[2022-06-07 22:34:47,512] {processor.py:161} INFO - Processing /home/james/airflowa/lib/python3.8/site-packages/airflow/example_dags/tutorial_taskflow_api_etl_virtualenv.py took 0.204 seconds
[2022-06-07 22:35:23,350] {processor.py:153} INFO - Started process (PID=63413) to work on /home/james/airflowa/lib/python3.8/site-packages/airflow/example_dags/tutorial_taskflow_api_etl_virtualenv.py
[2022-06-07 22:35:23,350] {processor.py:641} INFO - Processing file /home/james/airflowa/lib/python3.8/site-packages/airflow/example_dags/tutorial_taskflow_api_etl_virtualenv.py for tasks to queue
[2022-06-07 22:35:23,351] {logging_mixin.py:115} INFO - [2022-06-07 22:35:23,351] {dagbag.py:507} INFO - Filling up the DagBag from /home/james/airflowa/lib/python3.8/site-packages/airflow/example_dags/tutorial_taskflow_api_etl_virtualenv.py
[2022-06-07 22:35:23,366] {processor.py:651} INFO - DAG(s) dict_keys(['tutorial_taskflow_api_etl_virtualenv']) retrieved from /home/james/airflowa/lib/python3.8/site-packages/airflow/example_dags/tutorial_taskflow_api_etl_virtualenv.py
[2022-06-07 22:35:23,389] {logging_mixin.py:115} INFO - [2022-06-07 22:35:23,389] {dag.py:2379} INFO - Sync 1 DAGs
[2022-06-07 22:35:23,413] {logging_mixin.py:115} INFO - [2022-06-07 22:35:23,413] {dag.py:2927} INFO - Setting next_dagrun for tutorial_taskflow_api_etl_virtualenv to None, run_after=None
[2022-06-07 22:35:23,423] {processor.py:161} INFO - Processing /home/james/airflowa/lib/python3.8/site-packages/airflow/example_dags/tutorial_taskflow_api_etl_virtualenv.py took 0.076 seconds
[2022-06-07 22:36:02,225] {processor.py:153} INFO - Started process (PID=63579) to work on /home/james/airflowa/lib/python3.8/site-packages/airflow/example_dags/tutorial_taskflow_api_etl_virtualenv.py
[2022-06-07 22:36:02,226] {processor.py:641} INFO - Processing file /home/james/airflowa/lib/python3.8/site-packages/airflow/example_dags/tutorial_taskflow_api_etl_virtualenv.py for tasks to queue
[2022-06-07 22:36:02,226] {logging_mixin.py:115} INFO - [2022-06-07 22:36:02,226] {dagbag.py:507} INFO - Filling up the DagBag from /home/james/airflowa/lib/python3.8/site-packages/airflow/example_dags/tutorial_taskflow_api_etl_virtualenv.py
[2022-06-07 22:36:02,253] {processor.py:651} INFO - DAG(s) dict_keys(['tutorial_taskflow_api_etl_virtualenv']) retrieved from /home/james/airflowa/lib/python3.8/site-packages/airflow/example_dags/tutorial_taskflow_api_etl_virtualenv.py
[2022-06-07 22:36:02,278] {logging_mixin.py:115} INFO - [2022-06-07 22:36:02,278] {dag.py:2379} INFO - Sync 1 DAGs
[2022-06-07 22:36:02,307] {logging_mixin.py:115} INFO - [2022-06-07 22:36:02,307] {dag.py:2927} INFO - Setting next_dagrun for tutorial_taskflow_api_etl_virtualenv to None, run_after=None
[2022-06-07 22:36:02,322] {processor.py:161} INFO - Processing /home/james/airflowa/lib/python3.8/site-packages/airflow/example_dags/tutorial_taskflow_api_etl_virtualenv.py took 0.101 seconds
[2022-06-07 22:36:38,773] {processor.py:153} INFO - Started process (PID=63742) to work on /home/james/airflowa/lib/python3.8/site-packages/airflow/example_dags/tutorial_taskflow_api_etl_virtualenv.py
[2022-06-07 22:36:38,774] {processor.py:641} INFO - Processing file /home/james/airflowa/lib/python3.8/site-packages/airflow/example_dags/tutorial_taskflow_api_etl_virtualenv.py for tasks to queue
[2022-06-07 22:36:38,774] {logging_mixin.py:115} INFO - [2022-06-07 22:36:38,774] {dagbag.py:507} INFO - Filling up the DagBag from /home/james/airflowa/lib/python3.8/site-packages/airflow/example_dags/tutorial_taskflow_api_etl_virtualenv.py
[2022-06-07 22:36:38,797] {processor.py:651} INFO - DAG(s) dict_keys(['tutorial_taskflow_api_etl_virtualenv']) retrieved from /home/james/airflowa/lib/python3.8/site-packages/airflow/example_dags/tutorial_taskflow_api_etl_virtualenv.py
[2022-06-07 22:36:38,815] {logging_mixin.py:115} INFO - [2022-06-07 22:36:38,815] {dag.py:2379} INFO - Sync 1 DAGs
[2022-06-07 22:36:38,838] {logging_mixin.py:115} INFO - [2022-06-07 22:36:38,838] {dag.py:2927} INFO - Setting next_dagrun for tutorial_taskflow_api_etl_virtualenv to None, run_after=None
[2022-06-07 22:36:38,854] {processor.py:161} INFO - Processing /home/james/airflowa/lib/python3.8/site-packages/airflow/example_dags/tutorial_taskflow_api_etl_virtualenv.py took 0.084 seconds
[2022-06-07 22:37:15,283] {processor.py:153} INFO - Started process (PID=63933) to work on /home/james/airflowa/lib/python3.8/site-packages/airflow/example_dags/tutorial_taskflow_api_etl_virtualenv.py
[2022-06-07 22:37:15,283] {processor.py:641} INFO - Processing file /home/james/airflowa/lib/python3.8/site-packages/airflow/example_dags/tutorial_taskflow_api_etl_virtualenv.py for tasks to queue
[2022-06-07 22:37:15,284] {logging_mixin.py:115} INFO - [2022-06-07 22:37:15,284] {dagbag.py:507} INFO - Filling up the DagBag from /home/james/airflowa/lib/python3.8/site-packages/airflow/example_dags/tutorial_taskflow_api_etl_virtualenv.py
[2022-06-07 22:37:15,298] {processor.py:651} INFO - DAG(s) dict_keys(['tutorial_taskflow_api_etl_virtualenv']) retrieved from /home/james/airflowa/lib/python3.8/site-packages/airflow/example_dags/tutorial_taskflow_api_etl_virtualenv.py
[2022-06-07 22:37:15,336] {logging_mixin.py:115} INFO - [2022-06-07 22:37:15,336] {dag.py:2379} INFO - Sync 1 DAGs
[2022-06-07 22:37:15,350] {logging_mixin.py:115} INFO - [2022-06-07 22:37:15,350] {dag.py:2927} INFO - Setting next_dagrun for tutorial_taskflow_api_etl_virtualenv to None, run_after=None
[2022-06-07 22:37:15,364] {processor.py:161} INFO - Processing /home/james/airflowa/lib/python3.8/site-packages/airflow/example_dags/tutorial_taskflow_api_etl_virtualenv.py took 0.084 seconds
[2022-06-07 22:37:53,642] {processor.py:153} INFO - Started process (PID=64260) to work on /home/james/airflowa/lib/python3.8/site-packages/airflow/example_dags/tutorial_taskflow_api_etl_virtualenv.py
[2022-06-07 22:37:53,643] {processor.py:641} INFO - Processing file /home/james/airflowa/lib/python3.8/site-packages/airflow/example_dags/tutorial_taskflow_api_etl_virtualenv.py for tasks to queue
[2022-06-07 22:37:53,644] {logging_mixin.py:115} INFO - [2022-06-07 22:37:53,644] {dagbag.py:507} INFO - Filling up the DagBag from /home/james/airflowa/lib/python3.8/site-packages/airflow/example_dags/tutorial_taskflow_api_etl_virtualenv.py
[2022-06-07 22:37:53,671] {processor.py:651} INFO - DAG(s) dict_keys(['tutorial_taskflow_api_etl_virtualenv']) retrieved from /home/james/airflowa/lib/python3.8/site-packages/airflow/example_dags/tutorial_taskflow_api_etl_virtualenv.py
[2022-06-07 22:37:53,756] {logging_mixin.py:115} INFO - [2022-06-07 22:37:53,755] {dag.py:2379} INFO - Sync 1 DAGs
[2022-06-07 22:37:53,779] {logging_mixin.py:115} INFO - [2022-06-07 22:37:53,779] {dag.py:2927} INFO - Setting next_dagrun for tutorial_taskflow_api_etl_virtualenv to None, run_after=None
[2022-06-07 22:37:53,805] {processor.py:161} INFO - Processing /home/james/airflowa/lib/python3.8/site-packages/airflow/example_dags/tutorial_taskflow_api_etl_virtualenv.py took 0.167 seconds
[2022-06-07 22:38:25,483] {processor.py:153} INFO - Started process (PID=64411) to work on /home/james/airflowa/lib/python3.8/site-packages/airflow/example_dags/tutorial_taskflow_api_etl_virtualenv.py
[2022-06-07 22:38:25,483] {processor.py:641} INFO - Processing file /home/james/airflowa/lib/python3.8/site-packages/airflow/example_dags/tutorial_taskflow_api_etl_virtualenv.py for tasks to queue
[2022-06-07 22:38:25,484] {logging_mixin.py:115} INFO - [2022-06-07 22:38:25,484] {dagbag.py:507} INFO - Filling up the DagBag from /home/james/airflowa/lib/python3.8/site-packages/airflow/example_dags/tutorial_taskflow_api_etl_virtualenv.py
[2022-06-07 22:38:25,505] {processor.py:651} INFO - DAG(s) dict_keys(['tutorial_taskflow_api_etl_virtualenv']) retrieved from /home/james/airflowa/lib/python3.8/site-packages/airflow/example_dags/tutorial_taskflow_api_etl_virtualenv.py
[2022-06-07 22:38:25,520] {logging_mixin.py:115} INFO - [2022-06-07 22:38:25,520] {dag.py:2379} INFO - Sync 1 DAGs
[2022-06-07 22:38:25,537] {logging_mixin.py:115} INFO - [2022-06-07 22:38:25,537] {dag.py:2927} INFO - Setting next_dagrun for tutorial_taskflow_api_etl_virtualenv to None, run_after=None
[2022-06-07 22:38:25,552] {processor.py:161} INFO - Processing /home/james/airflowa/lib/python3.8/site-packages/airflow/example_dags/tutorial_taskflow_api_etl_virtualenv.py took 0.073 seconds
[2022-06-07 22:39:01,362] {processor.py:153} INFO - Started process (PID=64595) to work on /home/james/airflowa/lib/python3.8/site-packages/airflow/example_dags/tutorial_taskflow_api_etl_virtualenv.py
[2022-06-07 22:39:01,362] {processor.py:641} INFO - Processing file /home/james/airflowa/lib/python3.8/site-packages/airflow/example_dags/tutorial_taskflow_api_etl_virtualenv.py for tasks to queue
[2022-06-07 22:39:01,363] {logging_mixin.py:115} INFO - [2022-06-07 22:39:01,363] {dagbag.py:507} INFO - Filling up the DagBag from /home/james/airflowa/lib/python3.8/site-packages/airflow/example_dags/tutorial_taskflow_api_etl_virtualenv.py
[2022-06-07 22:39:01,377] {processor.py:651} INFO - DAG(s) dict_keys(['tutorial_taskflow_api_etl_virtualenv']) retrieved from /home/james/airflowa/lib/python3.8/site-packages/airflow/example_dags/tutorial_taskflow_api_etl_virtualenv.py
[2022-06-07 22:39:01,389] {logging_mixin.py:115} INFO - [2022-06-07 22:39:01,389] {dag.py:2379} INFO - Sync 1 DAGs
[2022-06-07 22:39:01,404] {logging_mixin.py:115} INFO - [2022-06-07 22:39:01,404] {dag.py:2927} INFO - Setting next_dagrun for tutorial_taskflow_api_etl_virtualenv to None, run_after=None
[2022-06-07 22:39:01,414] {processor.py:161} INFO - Processing /home/james/airflowa/lib/python3.8/site-packages/airflow/example_dags/tutorial_taskflow_api_etl_virtualenv.py took 0.055 seconds
[2022-06-07 22:39:34,215] {processor.py:153} INFO - Started process (PID=64937) to work on /home/james/airflowa/lib/python3.8/site-packages/airflow/example_dags/tutorial_taskflow_api_etl_virtualenv.py
[2022-06-07 22:39:34,216] {processor.py:641} INFO - Processing file /home/james/airflowa/lib/python3.8/site-packages/airflow/example_dags/tutorial_taskflow_api_etl_virtualenv.py for tasks to queue
[2022-06-07 22:39:34,217] {logging_mixin.py:115} INFO - [2022-06-07 22:39:34,217] {dagbag.py:507} INFO - Filling up the DagBag from /home/james/airflowa/lib/python3.8/site-packages/airflow/example_dags/tutorial_taskflow_api_etl_virtualenv.py
[2022-06-07 22:39:34,231] {processor.py:651} INFO - DAG(s) dict_keys(['tutorial_taskflow_api_etl_virtualenv']) retrieved from /home/james/airflowa/lib/python3.8/site-packages/airflow/example_dags/tutorial_taskflow_api_etl_virtualenv.py
[2022-06-07 22:39:34,268] {logging_mixin.py:115} INFO - [2022-06-07 22:39:34,268] {dag.py:2379} INFO - Sync 1 DAGs
[2022-06-07 22:39:34,282] {logging_mixin.py:115} INFO - [2022-06-07 22:39:34,282] {dag.py:2927} INFO - Setting next_dagrun for tutorial_taskflow_api_etl_virtualenv to None, run_after=None
[2022-06-07 22:39:34,294] {processor.py:161} INFO - Processing /home/james/airflowa/lib/python3.8/site-packages/airflow/example_dags/tutorial_taskflow_api_etl_virtualenv.py took 0.082 seconds
[2022-06-07 22:40:10,269] {processor.py:153} INFO - Started process (PID=65609) to work on /home/james/airflowa/lib/python3.8/site-packages/airflow/example_dags/tutorial_taskflow_api_etl_virtualenv.py
[2022-06-07 22:40:10,269] {processor.py:641} INFO - Processing file /home/james/airflowa/lib/python3.8/site-packages/airflow/example_dags/tutorial_taskflow_api_etl_virtualenv.py for tasks to queue
[2022-06-07 22:40:10,270] {logging_mixin.py:115} INFO - [2022-06-07 22:40:10,270] {dagbag.py:507} INFO - Filling up the DagBag from /home/james/airflowa/lib/python3.8/site-packages/airflow/example_dags/tutorial_taskflow_api_etl_virtualenv.py
[2022-06-07 22:40:10,286] {processor.py:651} INFO - DAG(s) dict_keys(['tutorial_taskflow_api_etl_virtualenv']) retrieved from /home/james/airflowa/lib/python3.8/site-packages/airflow/example_dags/tutorial_taskflow_api_etl_virtualenv.py
[2022-06-07 22:40:10,298] {logging_mixin.py:115} INFO - [2022-06-07 22:40:10,298] {dag.py:2379} INFO - Sync 1 DAGs
[2022-06-07 22:40:10,312] {logging_mixin.py:115} INFO - [2022-06-07 22:40:10,312] {dag.py:2927} INFO - Setting next_dagrun for tutorial_taskflow_api_etl_virtualenv to None, run_after=None
[2022-06-07 22:40:10,323] {processor.py:161} INFO - Processing /home/james/airflowa/lib/python3.8/site-packages/airflow/example_dags/tutorial_taskflow_api_etl_virtualenv.py took 0.058 seconds
[2022-06-07 22:40:43,911] {processor.py:153} INFO - Started process (PID=65740) to work on /home/james/airflowa/lib/python3.8/site-packages/airflow/example_dags/tutorial_taskflow_api_etl_virtualenv.py
[2022-06-07 22:40:43,911] {processor.py:641} INFO - Processing file /home/james/airflowa/lib/python3.8/site-packages/airflow/example_dags/tutorial_taskflow_api_etl_virtualenv.py for tasks to queue
[2022-06-07 22:40:43,912] {logging_mixin.py:115} INFO - [2022-06-07 22:40:43,912] {dagbag.py:507} INFO - Filling up the DagBag from /home/james/airflowa/lib/python3.8/site-packages/airflow/example_dags/tutorial_taskflow_api_etl_virtualenv.py
[2022-06-07 22:40:43,933] {processor.py:651} INFO - DAG(s) dict_keys(['tutorial_taskflow_api_etl_virtualenv']) retrieved from /home/james/airflowa/lib/python3.8/site-packages/airflow/example_dags/tutorial_taskflow_api_etl_virtualenv.py
[2022-06-07 22:40:43,969] {logging_mixin.py:115} INFO - [2022-06-07 22:40:43,969] {dag.py:2379} INFO - Sync 1 DAGs
[2022-06-07 22:40:43,985] {logging_mixin.py:115} INFO - [2022-06-07 22:40:43,985] {dag.py:2927} INFO - Setting next_dagrun for tutorial_taskflow_api_etl_virtualenv to None, run_after=None
[2022-06-07 22:40:43,997] {processor.py:161} INFO - Processing /home/james/airflowa/lib/python3.8/site-packages/airflow/example_dags/tutorial_taskflow_api_etl_virtualenv.py took 0.088 seconds
[2022-06-07 22:41:22,448] {processor.py:153} INFO - Started process (PID=65924) to work on /home/james/airflowa/lib/python3.8/site-packages/airflow/example_dags/tutorial_taskflow_api_etl_virtualenv.py
[2022-06-07 22:41:22,448] {processor.py:641} INFO - Processing file /home/james/airflowa/lib/python3.8/site-packages/airflow/example_dags/tutorial_taskflow_api_etl_virtualenv.py for tasks to queue
[2022-06-07 22:41:22,449] {logging_mixin.py:115} INFO - [2022-06-07 22:41:22,449] {dagbag.py:507} INFO - Filling up the DagBag from /home/james/airflowa/lib/python3.8/site-packages/airflow/example_dags/tutorial_taskflow_api_etl_virtualenv.py
[2022-06-07 22:41:22,465] {processor.py:651} INFO - DAG(s) dict_keys(['tutorial_taskflow_api_etl_virtualenv']) retrieved from /home/james/airflowa/lib/python3.8/site-packages/airflow/example_dags/tutorial_taskflow_api_etl_virtualenv.py
[2022-06-07 22:41:22,508] {logging_mixin.py:115} INFO - [2022-06-07 22:41:22,508] {dag.py:2379} INFO - Sync 1 DAGs
[2022-06-07 22:41:22,525] {logging_mixin.py:115} INFO - [2022-06-07 22:41:22,525] {dag.py:2927} INFO - Setting next_dagrun for tutorial_taskflow_api_etl_virtualenv to None, run_after=None
[2022-06-07 22:41:22,538] {processor.py:161} INFO - Processing /home/james/airflowa/lib/python3.8/site-packages/airflow/example_dags/tutorial_taskflow_api_etl_virtualenv.py took 0.092 seconds
[2022-06-07 22:41:56,273] {processor.py:153} INFO - Started process (PID=66166) to work on /home/james/airflowa/lib/python3.8/site-packages/airflow/example_dags/tutorial_taskflow_api_etl_virtualenv.py
[2022-06-07 22:41:56,274] {processor.py:641} INFO - Processing file /home/james/airflowa/lib/python3.8/site-packages/airflow/example_dags/tutorial_taskflow_api_etl_virtualenv.py for tasks to queue
[2022-06-07 22:41:56,275] {logging_mixin.py:115} INFO - [2022-06-07 22:41:56,275] {dagbag.py:507} INFO - Filling up the DagBag from /home/james/airflowa/lib/python3.8/site-packages/airflow/example_dags/tutorial_taskflow_api_etl_virtualenv.py
[2022-06-07 22:41:56,306] {processor.py:651} INFO - DAG(s) dict_keys(['tutorial_taskflow_api_etl_virtualenv']) retrieved from /home/james/airflowa/lib/python3.8/site-packages/airflow/example_dags/tutorial_taskflow_api_etl_virtualenv.py
[2022-06-07 22:41:56,324] {logging_mixin.py:115} INFO - [2022-06-07 22:41:56,324] {dag.py:2379} INFO - Sync 1 DAGs
[2022-06-07 22:41:56,353] {logging_mixin.py:115} INFO - [2022-06-07 22:41:56,353] {dag.py:2927} INFO - Setting next_dagrun for tutorial_taskflow_api_etl_virtualenv to None, run_after=None
[2022-06-07 22:41:56,369] {processor.py:161} INFO - Processing /home/james/airflowa/lib/python3.8/site-packages/airflow/example_dags/tutorial_taskflow_api_etl_virtualenv.py took 0.100 seconds
