[2022-06-07 22:32:47,681] {processor.py:153} INFO - Started process (PID=62380) to work on /home/james/airflowa/lib/python3.8/site-packages/airflow/example_dags/tutorial.py
[2022-06-07 22:32:47,682] {processor.py:641} INFO - Processing file /home/james/airflowa/lib/python3.8/site-packages/airflow/example_dags/tutorial.py for tasks to queue
[2022-06-07 22:32:47,682] {logging_mixin.py:115} INFO - [2022-06-07 22:32:47,682] {dagbag.py:507} INFO - Filling up the DagBag from /home/james/airflowa/lib/python3.8/site-packages/airflow/example_dags/tutorial.py
[2022-06-07 22:32:47,692] {processor.py:651} INFO - DAG(s) dict_keys(['tutorial']) retrieved from /home/james/airflowa/lib/python3.8/site-packages/airflow/example_dags/tutorial.py
[2022-06-07 22:32:47,722] {logging_mixin.py:115} INFO - [2022-06-07 22:32:47,721] {dag.py:2379} INFO - Sync 1 DAGs
[2022-06-07 22:32:47,747] {logging_mixin.py:115} INFO - [2022-06-07 22:32:47,747] {dag.py:2927} INFO - Setting next_dagrun for tutorial to 2022-06-06T19:32:47.746756+00:00, run_after=2022-06-07T19:32:47.746756+00:00
[2022-06-07 22:32:47,764] {processor.py:161} INFO - Processing /home/james/airflowa/lib/python3.8/site-packages/airflow/example_dags/tutorial.py took 0.087 seconds
[2022-06-07 22:33:26,954] {processor.py:153} INFO - Started process (PID=62668) to work on /home/james/airflowa/lib/python3.8/site-packages/airflow/example_dags/tutorial.py
[2022-06-07 22:33:26,957] {processor.py:641} INFO - Processing file /home/james/airflowa/lib/python3.8/site-packages/airflow/example_dags/tutorial.py for tasks to queue
[2022-06-07 22:33:26,958] {logging_mixin.py:115} INFO - [2022-06-07 22:33:26,958] {dagbag.py:507} INFO - Filling up the DagBag from /home/james/airflowa/lib/python3.8/site-packages/airflow/example_dags/tutorial.py
[2022-06-07 22:33:26,966] {processor.py:651} INFO - DAG(s) dict_keys(['tutorial']) retrieved from /home/james/airflowa/lib/python3.8/site-packages/airflow/example_dags/tutorial.py
[2022-06-07 22:33:26,996] {logging_mixin.py:115} INFO - [2022-06-07 22:33:26,996] {dag.py:2379} INFO - Sync 1 DAGs
[2022-06-07 22:33:27,032] {logging_mixin.py:115} INFO - [2022-06-07 22:33:27,031] {dag.py:2927} INFO - Setting next_dagrun for tutorial to 2022-06-06T19:33:27.031188+00:00, run_after=2022-06-07T19:33:27.031188+00:00
[2022-06-07 22:33:27,076] {processor.py:161} INFO - Processing /home/james/airflowa/lib/python3.8/site-packages/airflow/example_dags/tutorial.py took 0.129 seconds
[2022-06-07 22:34:00,857] {processor.py:153} INFO - Started process (PID=62800) to work on /home/james/airflowa/lib/python3.8/site-packages/airflow/example_dags/tutorial.py
[2022-06-07 22:34:00,857] {processor.py:641} INFO - Processing file /home/james/airflowa/lib/python3.8/site-packages/airflow/example_dags/tutorial.py for tasks to queue
[2022-06-07 22:34:00,858] {logging_mixin.py:115} INFO - [2022-06-07 22:34:00,858] {dagbag.py:507} INFO - Filling up the DagBag from /home/james/airflowa/lib/python3.8/site-packages/airflow/example_dags/tutorial.py
[2022-06-07 22:34:00,865] {processor.py:651} INFO - DAG(s) dict_keys(['tutorial']) retrieved from /home/james/airflowa/lib/python3.8/site-packages/airflow/example_dags/tutorial.py
[2022-06-07 22:34:00,890] {logging_mixin.py:115} INFO - [2022-06-07 22:34:00,890] {dag.py:2379} INFO - Sync 1 DAGs
[2022-06-07 22:34:00,913] {logging_mixin.py:115} INFO - [2022-06-07 22:34:00,913] {dag.py:2927} INFO - Setting next_dagrun for tutorial to 2022-06-06T19:34:00.913256+00:00, run_after=2022-06-07T19:34:00.913256+00:00
[2022-06-07 22:34:00,929] {processor.py:161} INFO - Processing /home/james/airflowa/lib/python3.8/site-packages/airflow/example_dags/tutorial.py took 0.076 seconds
[2022-06-07 22:34:36,735] {processor.py:153} INFO - Started process (PID=63170) to work on /home/james/airflowa/lib/python3.8/site-packages/airflow/example_dags/tutorial.py
[2022-06-07 22:34:36,736] {processor.py:641} INFO - Processing file /home/james/airflowa/lib/python3.8/site-packages/airflow/example_dags/tutorial.py for tasks to queue
[2022-06-07 22:34:36,736] {logging_mixin.py:115} INFO - [2022-06-07 22:34:36,736] {dagbag.py:507} INFO - Filling up the DagBag from /home/james/airflowa/lib/python3.8/site-packages/airflow/example_dags/tutorial.py
[2022-06-07 22:34:36,741] {processor.py:651} INFO - DAG(s) dict_keys(['tutorial']) retrieved from /home/james/airflowa/lib/python3.8/site-packages/airflow/example_dags/tutorial.py
[2022-06-07 22:34:36,756] {logging_mixin.py:115} INFO - [2022-06-07 22:34:36,756] {dag.py:2379} INFO - Sync 1 DAGs
[2022-06-07 22:34:36,772] {logging_mixin.py:115} INFO - [2022-06-07 22:34:36,772] {dag.py:2927} INFO - Setting next_dagrun for tutorial to 2022-06-06T19:34:36.772609+00:00, run_after=2022-06-07T19:34:36.772609+00:00
[2022-06-07 22:34:36,784] {processor.py:161} INFO - Processing /home/james/airflowa/lib/python3.8/site-packages/airflow/example_dags/tutorial.py took 0.051 seconds
[2022-06-07 22:35:15,339] {processor.py:153} INFO - Started process (PID=63349) to work on /home/james/airflowa/lib/python3.8/site-packages/airflow/example_dags/tutorial.py
[2022-06-07 22:35:15,340] {processor.py:641} INFO - Processing file /home/james/airflowa/lib/python3.8/site-packages/airflow/example_dags/tutorial.py for tasks to queue
[2022-06-07 22:35:15,341] {logging_mixin.py:115} INFO - [2022-06-07 22:35:15,341] {dagbag.py:507} INFO - Filling up the DagBag from /home/james/airflowa/lib/python3.8/site-packages/airflow/example_dags/tutorial.py
[2022-06-07 22:35:15,346] {processor.py:651} INFO - DAG(s) dict_keys(['tutorial']) retrieved from /home/james/airflowa/lib/python3.8/site-packages/airflow/example_dags/tutorial.py
[2022-06-07 22:35:15,361] {logging_mixin.py:115} INFO - [2022-06-07 22:35:15,361] {dag.py:2379} INFO - Sync 1 DAGs
[2022-06-07 22:35:15,377] {logging_mixin.py:115} INFO - [2022-06-07 22:35:15,377] {dag.py:2927} INFO - Setting next_dagrun for tutorial to 2022-06-06T19:35:15.377295+00:00, run_after=2022-06-07T19:35:15.377295+00:00
[2022-06-07 22:35:15,391] {processor.py:161} INFO - Processing /home/james/airflowa/lib/python3.8/site-packages/airflow/example_dags/tutorial.py took 0.054 seconds
[2022-06-07 22:35:46,962] {processor.py:153} INFO - Started process (PID=63515) to work on /home/james/airflowa/lib/python3.8/site-packages/airflow/example_dags/tutorial.py
[2022-06-07 22:35:46,963] {processor.py:641} INFO - Processing file /home/james/airflowa/lib/python3.8/site-packages/airflow/example_dags/tutorial.py for tasks to queue
[2022-06-07 22:35:46,963] {logging_mixin.py:115} INFO - [2022-06-07 22:35:46,963] {dagbag.py:507} INFO - Filling up the DagBag from /home/james/airflowa/lib/python3.8/site-packages/airflow/example_dags/tutorial.py
[2022-06-07 22:35:46,970] {processor.py:651} INFO - DAG(s) dict_keys(['tutorial']) retrieved from /home/james/airflowa/lib/python3.8/site-packages/airflow/example_dags/tutorial.py
[2022-06-07 22:35:46,986] {logging_mixin.py:115} INFO - [2022-06-07 22:35:46,986] {dag.py:2379} INFO - Sync 1 DAGs
[2022-06-07 22:35:47,006] {logging_mixin.py:115} INFO - [2022-06-07 22:35:47,006] {dag.py:2927} INFO - Setting next_dagrun for tutorial to 2022-06-06T19:35:47.005824+00:00, run_after=2022-06-07T19:35:47.005824+00:00
[2022-06-07 22:35:47,019] {processor.py:161} INFO - Processing /home/james/airflowa/lib/python3.8/site-packages/airflow/example_dags/tutorial.py took 0.060 seconds
[2022-06-07 22:36:18,943] {processor.py:153} INFO - Started process (PID=63654) to work on /home/james/airflowa/lib/python3.8/site-packages/airflow/example_dags/tutorial.py
[2022-06-07 22:36:18,945] {processor.py:641} INFO - Processing file /home/james/airflowa/lib/python3.8/site-packages/airflow/example_dags/tutorial.py for tasks to queue
[2022-06-07 22:36:18,946] {logging_mixin.py:115} INFO - [2022-06-07 22:36:18,946] {dagbag.py:507} INFO - Filling up the DagBag from /home/james/airflowa/lib/python3.8/site-packages/airflow/example_dags/tutorial.py
[2022-06-07 22:36:18,954] {processor.py:651} INFO - DAG(s) dict_keys(['tutorial']) retrieved from /home/james/airflowa/lib/python3.8/site-packages/airflow/example_dags/tutorial.py
[2022-06-07 22:36:18,976] {logging_mixin.py:115} INFO - [2022-06-07 22:36:18,976] {dag.py:2379} INFO - Sync 1 DAGs
[2022-06-07 22:36:19,003] {logging_mixin.py:115} INFO - [2022-06-07 22:36:19,003] {dag.py:2927} INFO - Setting next_dagrun for tutorial to 2022-06-06T19:36:19.003257+00:00, run_after=2022-06-07T19:36:19.003257+00:00
[2022-06-07 22:36:19,020] {processor.py:161} INFO - Processing /home/james/airflowa/lib/python3.8/site-packages/airflow/example_dags/tutorial.py took 0.081 seconds
[2022-06-07 22:36:54,690] {processor.py:153} INFO - Started process (PID=63798) to work on /home/james/airflowa/lib/python3.8/site-packages/airflow/example_dags/tutorial.py
[2022-06-07 22:36:54,690] {processor.py:641} INFO - Processing file /home/james/airflowa/lib/python3.8/site-packages/airflow/example_dags/tutorial.py for tasks to queue
[2022-06-07 22:36:54,691] {logging_mixin.py:115} INFO - [2022-06-07 22:36:54,691] {dagbag.py:507} INFO - Filling up the DagBag from /home/james/airflowa/lib/python3.8/site-packages/airflow/example_dags/tutorial.py
[2022-06-07 22:36:54,696] {processor.py:651} INFO - DAG(s) dict_keys(['tutorial']) retrieved from /home/james/airflowa/lib/python3.8/site-packages/airflow/example_dags/tutorial.py
[2022-06-07 22:36:54,711] {logging_mixin.py:115} INFO - [2022-06-07 22:36:54,711] {dag.py:2379} INFO - Sync 1 DAGs
[2022-06-07 22:36:54,727] {logging_mixin.py:115} INFO - [2022-06-07 22:36:54,727] {dag.py:2927} INFO - Setting next_dagrun for tutorial to 2022-06-06T19:36:54.727156+00:00, run_after=2022-06-07T19:36:54.727156+00:00
[2022-06-07 22:36:54,739] {processor.py:161} INFO - Processing /home/james/airflowa/lib/python3.8/site-packages/airflow/example_dags/tutorial.py took 0.053 seconds
[2022-06-07 22:37:30,726] {processor.py:153} INFO - Started process (PID=64149) to work on /home/james/airflowa/lib/python3.8/site-packages/airflow/example_dags/tutorial.py
[2022-06-07 22:37:30,727] {processor.py:641} INFO - Processing file /home/james/airflowa/lib/python3.8/site-packages/airflow/example_dags/tutorial.py for tasks to queue
[2022-06-07 22:37:30,727] {logging_mixin.py:115} INFO - [2022-06-07 22:37:30,727] {dagbag.py:507} INFO - Filling up the DagBag from /home/james/airflowa/lib/python3.8/site-packages/airflow/example_dags/tutorial.py
[2022-06-07 22:37:30,732] {processor.py:651} INFO - DAG(s) dict_keys(['tutorial']) retrieved from /home/james/airflowa/lib/python3.8/site-packages/airflow/example_dags/tutorial.py
[2022-06-07 22:37:30,744] {logging_mixin.py:115} INFO - [2022-06-07 22:37:30,744] {dag.py:2379} INFO - Sync 1 DAGs
[2022-06-07 22:37:30,759] {logging_mixin.py:115} INFO - [2022-06-07 22:37:30,759] {dag.py:2927} INFO - Setting next_dagrun for tutorial to 2022-06-06T19:37:30.758860+00:00, run_after=2022-06-07T19:37:30.758860+00:00
[2022-06-07 22:37:30,770] {processor.py:161} INFO - Processing /home/james/airflowa/lib/python3.8/site-packages/airflow/example_dags/tutorial.py took 0.047 seconds
[2022-06-07 22:38:10,111] {processor.py:153} INFO - Started process (PID=64351) to work on /home/james/airflowa/lib/python3.8/site-packages/airflow/example_dags/tutorial.py
[2022-06-07 22:38:10,111] {processor.py:641} INFO - Processing file /home/james/airflowa/lib/python3.8/site-packages/airflow/example_dags/tutorial.py for tasks to queue
[2022-06-07 22:38:10,112] {logging_mixin.py:115} INFO - [2022-06-07 22:38:10,112] {dagbag.py:507} INFO - Filling up the DagBag from /home/james/airflowa/lib/python3.8/site-packages/airflow/example_dags/tutorial.py
[2022-06-07 22:38:10,117] {processor.py:651} INFO - DAG(s) dict_keys(['tutorial']) retrieved from /home/james/airflowa/lib/python3.8/site-packages/airflow/example_dags/tutorial.py
[2022-06-07 22:38:10,130] {logging_mixin.py:115} INFO - [2022-06-07 22:38:10,130] {dag.py:2379} INFO - Sync 1 DAGs
[2022-06-07 22:38:10,146] {logging_mixin.py:115} INFO - [2022-06-07 22:38:10,146] {dag.py:2927} INFO - Setting next_dagrun for tutorial to 2022-06-06T19:38:10.146626+00:00, run_after=2022-06-07T19:38:10.146626+00:00
[2022-06-07 22:38:10,157] {processor.py:161} INFO - Processing /home/james/airflowa/lib/python3.8/site-packages/airflow/example_dags/tutorial.py took 0.049 seconds
[2022-06-07 22:38:47,304] {processor.py:153} INFO - Started process (PID=64538) to work on /home/james/airflowa/lib/python3.8/site-packages/airflow/example_dags/tutorial.py
[2022-06-07 22:38:47,305] {processor.py:641} INFO - Processing file /home/james/airflowa/lib/python3.8/site-packages/airflow/example_dags/tutorial.py for tasks to queue
[2022-06-07 22:38:47,305] {logging_mixin.py:115} INFO - [2022-06-07 22:38:47,305] {dagbag.py:507} INFO - Filling up the DagBag from /home/james/airflowa/lib/python3.8/site-packages/airflow/example_dags/tutorial.py
[2022-06-07 22:38:47,311] {processor.py:651} INFO - DAG(s) dict_keys(['tutorial']) retrieved from /home/james/airflowa/lib/python3.8/site-packages/airflow/example_dags/tutorial.py
[2022-06-07 22:38:47,323] {logging_mixin.py:115} INFO - [2022-06-07 22:38:47,323] {dag.py:2379} INFO - Sync 1 DAGs
[2022-06-07 22:38:47,338] {logging_mixin.py:115} INFO - [2022-06-07 22:38:47,337] {dag.py:2927} INFO - Setting next_dagrun for tutorial to 2022-06-06T19:38:47.337733+00:00, run_after=2022-06-07T19:38:47.337733+00:00
[2022-06-07 22:38:47,349] {processor.py:161} INFO - Processing /home/james/airflowa/lib/python3.8/site-packages/airflow/example_dags/tutorial.py took 0.047 seconds
[2022-06-07 22:39:26,215] {processor.py:153} INFO - Started process (PID=64838) to work on /home/james/airflowa/lib/python3.8/site-packages/airflow/example_dags/tutorial.py
[2022-06-07 22:39:26,216] {processor.py:641} INFO - Processing file /home/james/airflowa/lib/python3.8/site-packages/airflow/example_dags/tutorial.py for tasks to queue
[2022-06-07 22:39:26,216] {logging_mixin.py:115} INFO - [2022-06-07 22:39:26,216] {dagbag.py:507} INFO - Filling up the DagBag from /home/james/airflowa/lib/python3.8/site-packages/airflow/example_dags/tutorial.py
[2022-06-07 22:39:26,221] {processor.py:651} INFO - DAG(s) dict_keys(['tutorial']) retrieved from /home/james/airflowa/lib/python3.8/site-packages/airflow/example_dags/tutorial.py
[2022-06-07 22:39:26,234] {logging_mixin.py:115} INFO - [2022-06-07 22:39:26,234] {dag.py:2379} INFO - Sync 1 DAGs
[2022-06-07 22:39:26,248] {logging_mixin.py:115} INFO - [2022-06-07 22:39:26,248] {dag.py:2927} INFO - Setting next_dagrun for tutorial to 2022-06-06T19:39:26.248608+00:00, run_after=2022-06-07T19:39:26.248608+00:00
[2022-06-07 22:39:26,259] {processor.py:161} INFO - Processing /home/james/airflowa/lib/python3.8/site-packages/airflow/example_dags/tutorial.py took 0.048 seconds
[2022-06-07 22:40:03,249] {processor.py:153} INFO - Started process (PID=65571) to work on /home/james/airflowa/lib/python3.8/site-packages/airflow/example_dags/tutorial.py
[2022-06-07 22:40:03,250] {processor.py:641} INFO - Processing file /home/james/airflowa/lib/python3.8/site-packages/airflow/example_dags/tutorial.py for tasks to queue
[2022-06-07 22:40:03,250] {logging_mixin.py:115} INFO - [2022-06-07 22:40:03,250] {dagbag.py:507} INFO - Filling up the DagBag from /home/james/airflowa/lib/python3.8/site-packages/airflow/example_dags/tutorial.py
[2022-06-07 22:40:03,255] {processor.py:651} INFO - DAG(s) dict_keys(['tutorial']) retrieved from /home/james/airflowa/lib/python3.8/site-packages/airflow/example_dags/tutorial.py
[2022-06-07 22:40:03,268] {logging_mixin.py:115} INFO - [2022-06-07 22:40:03,268] {dag.py:2379} INFO - Sync 1 DAGs
[2022-06-07 22:40:03,290] {logging_mixin.py:115} INFO - [2022-06-07 22:40:03,290] {dag.py:2927} INFO - Setting next_dagrun for tutorial to 2022-06-06T19:40:03.289794+00:00, run_after=2022-06-07T19:40:03.289794+00:00
[2022-06-07 22:40:03,301] {processor.py:161} INFO - Processing /home/james/airflowa/lib/python3.8/site-packages/airflow/example_dags/tutorial.py took 0.057 seconds
[2022-06-07 22:40:35,998] {processor.py:153} INFO - Started process (PID=65709) to work on /home/james/airflowa/lib/python3.8/site-packages/airflow/example_dags/tutorial.py
[2022-06-07 22:40:35,998] {processor.py:641} INFO - Processing file /home/james/airflowa/lib/python3.8/site-packages/airflow/example_dags/tutorial.py for tasks to queue
[2022-06-07 22:40:35,999] {logging_mixin.py:115} INFO - [2022-06-07 22:40:35,998] {dagbag.py:507} INFO - Filling up the DagBag from /home/james/airflowa/lib/python3.8/site-packages/airflow/example_dags/tutorial.py
[2022-06-07 22:40:36,004] {processor.py:651} INFO - DAG(s) dict_keys(['tutorial']) retrieved from /home/james/airflowa/lib/python3.8/site-packages/airflow/example_dags/tutorial.py
[2022-06-07 22:40:36,017] {logging_mixin.py:115} INFO - [2022-06-07 22:40:36,017] {dag.py:2379} INFO - Sync 1 DAGs
[2022-06-07 22:40:36,034] {logging_mixin.py:115} INFO - [2022-06-07 22:40:36,034] {dag.py:2927} INFO - Setting next_dagrun for tutorial to 2022-06-06T19:40:36.034109+00:00, run_after=2022-06-07T19:40:36.034109+00:00
[2022-06-07 22:40:36,046] {processor.py:161} INFO - Processing /home/james/airflowa/lib/python3.8/site-packages/airflow/example_dags/tutorial.py took 0.050 seconds
[2022-06-07 22:41:14,216] {processor.py:153} INFO - Started process (PID=65874) to work on /home/james/airflowa/lib/python3.8/site-packages/airflow/example_dags/tutorial.py
[2022-06-07 22:41:14,216] {processor.py:641} INFO - Processing file /home/james/airflowa/lib/python3.8/site-packages/airflow/example_dags/tutorial.py for tasks to queue
[2022-06-07 22:41:14,217] {logging_mixin.py:115} INFO - [2022-06-07 22:41:14,217] {dagbag.py:507} INFO - Filling up the DagBag from /home/james/airflowa/lib/python3.8/site-packages/airflow/example_dags/tutorial.py
[2022-06-07 22:41:14,222] {processor.py:651} INFO - DAG(s) dict_keys(['tutorial']) retrieved from /home/james/airflowa/lib/python3.8/site-packages/airflow/example_dags/tutorial.py
[2022-06-07 22:41:14,239] {logging_mixin.py:115} INFO - [2022-06-07 22:41:14,239] {dag.py:2379} INFO - Sync 1 DAGs
[2022-06-07 22:41:14,259] {logging_mixin.py:115} INFO - [2022-06-07 22:41:14,259] {dag.py:2927} INFO - Setting next_dagrun for tutorial to 2022-06-06T19:41:14.259067+00:00, run_after=2022-06-07T19:41:14.259067+00:00
[2022-06-07 22:41:14,272] {processor.py:161} INFO - Processing /home/james/airflowa/lib/python3.8/site-packages/airflow/example_dags/tutorial.py took 0.058 seconds
[2022-06-07 22:41:48,257] {processor.py:153} INFO - Started process (PID=66098) to work on /home/james/airflowa/lib/python3.8/site-packages/airflow/example_dags/tutorial.py
[2022-06-07 22:41:48,257] {processor.py:641} INFO - Processing file /home/james/airflowa/lib/python3.8/site-packages/airflow/example_dags/tutorial.py for tasks to queue
[2022-06-07 22:41:48,258] {logging_mixin.py:115} INFO - [2022-06-07 22:41:48,258] {dagbag.py:507} INFO - Filling up the DagBag from /home/james/airflowa/lib/python3.8/site-packages/airflow/example_dags/tutorial.py
[2022-06-07 22:41:48,263] {processor.py:651} INFO - DAG(s) dict_keys(['tutorial']) retrieved from /home/james/airflowa/lib/python3.8/site-packages/airflow/example_dags/tutorial.py
[2022-06-07 22:41:48,277] {logging_mixin.py:115} INFO - [2022-06-07 22:41:48,277] {dag.py:2379} INFO - Sync 1 DAGs
[2022-06-07 22:41:48,296] {logging_mixin.py:115} INFO - [2022-06-07 22:41:48,296] {dag.py:2927} INFO - Setting next_dagrun for tutorial to 2022-06-06T19:41:48.295937+00:00, run_after=2022-06-07T19:41:48.295937+00:00
[2022-06-07 22:41:48,307] {processor.py:161} INFO - Processing /home/james/airflowa/lib/python3.8/site-packages/airflow/example_dags/tutorial.py took 0.053 seconds
