[2022-06-08 09:14:18,198] {taskinstance.py:1159} INFO - Dependencies all met for <TaskInstance: spotify_dag.Whole_Spotify_ETL scheduled__2022-06-08T02:26:00+00:00 [queued]>
[2022-06-08 09:14:18,213] {taskinstance.py:1159} INFO - Dependencies all met for <TaskInstance: spotify_dag.Whole_Spotify_ETL scheduled__2022-06-08T02:26:00+00:00 [queued]>
[2022-06-08 09:14:18,214] {taskinstance.py:1356} INFO - 
--------------------------------------------------------------------------------
[2022-06-08 09:14:18,214] {taskinstance.py:1357} INFO - Starting attempt 1 of 2
[2022-06-08 09:14:18,214] {taskinstance.py:1358} INFO - 
--------------------------------------------------------------------------------
[2022-06-08 09:14:18,241] {taskinstance.py:1377} INFO - Executing <Task(PythonOperator): Whole_Spotify_ETL> on 2022-06-08 02:26:00+00:00
[2022-06-08 09:14:18,246] {standard_task_runner.py:52} INFO - Started process 28102 to run task
[2022-06-08 09:14:18,253] {standard_task_runner.py:79} INFO - Running: ['airflow', 'tasks', 'run', 'spotify_dag', 'Whole_Spotify_ETL', 'scheduled__2022-06-08T02:26:00+00:00', '--job-id', '152', '--raw', '--subdir', 'DAGS_FOLDER/spotify_dag.py', '--cfg-path', '/tmp/tmpxrliz21o', '--error-file', '/tmp/tmp6kkgbb_7']
[2022-06-08 09:14:18,254] {standard_task_runner.py:80} INFO - Job 152: Subtask Whole_Spotify_ETL
[2022-06-08 09:14:18,333] {task_command.py:370} INFO - Running <TaskInstance: spotify_dag.Whole_Spotify_ETL scheduled__2022-06-08T02:26:00+00:00 [running]> on host kubernetes-worker
[2022-06-08 09:14:18,480] {taskinstance.py:1569} INFO - Exporting the following env vars:
AIRFLOW_CTX_DAG_EMAIL=wabuyajames@gmail.com
AIRFLOW_CTX_DAG_OWNER=airflow
AIRFLOW_CTX_DAG_ID=spotify_dag
AIRFLOW_CTX_TASK_ID=Whole_Spotify_ETL
AIRFLOW_CTX_EXECUTION_DATE=2022-06-08T02:26:00+00:00
AIRFLOW_CTX_TRY_NUMBER=1
AIRFLOW_CTX_DAG_RUN_ID=scheduled__2022-06-08T02:26:00+00:00
[2022-06-08 09:14:18,482] {logging_mixin.py:115} INFO - Show Tasks:
[2022-06-08 09:14:18,482] {python.py:173} INFO - Done. Returned value was: None
[2022-06-08 09:14:18,496] {taskinstance.py:1395} INFO - Marking task as SUCCESS. dag_id=spotify_dag, task_id=Whole_Spotify_ETL, execution_date=20220608T022600, start_date=20220608T061418, end_date=20220608T061418
[2022-06-08 09:14:18,545] {local_task_job.py:156} INFO - Task exited with return code 0
[2022-06-08 09:14:18,581] {local_task_job.py:273} INFO - 0 downstream tasks scheduled from follow-on schedule check
